This file contains any messages produced by compilers while
running configure, to aid debugging if configure makes a mistake.

It was created by tcl configure 8.6, which was
generated by GNU Autoconf 2.59.  Invocation command line was

  $ ./configure --prefix=/tools

## --------- ##
## Platform. ##
## --------- ##

hostname = ip-172-31-5-17
uname -m = x86_64
uname -r = 4.15.0-1021-aws
uname -s = Linux
uname -v = #21-Ubuntu SMP Tue Aug 28 10:23:07 UTC 2018

/usr/bin/uname -p = unknown
/bin/uname -X     = unknown

/bin/arch              = unknown
/usr/bin/arch -k       = unknown
/usr/convex/getsysinfo = unknown
hostinfo               = unknown
/bin/machine           = unknown
/usr/bin/oslevel       = unknown
/bin/universe          = unknown

PATH: /tools/bin
PATH: /bin
PATH: /usr/bin


## ----------- ##
## Core tests. ##
## ----------- ##

configure:1385: checking whether to use symlinks for manpages
configure:1394: result: no
configure:1397: checking whether to compress the manpages
configure:1412: result: no
configure:1426: checking whether to add a package name suffix for the manpages
configure:1439: result: no
configure:1501: checking for gcc
configure:1517: found /tools/bin/gcc
configure:1527: result: gcc
configure:1771: checking for C compiler version
configure:1774: gcc --version </dev/null >&5
gcc (GCC) 8.2.0
Copyright (C) 2018 Free Software Foundation, Inc.
This is free software; see the source for copying conditions.  There is NO
warranty; not even for MERCHANTABILITY or FITNESS FOR A PARTICULAR PURPOSE.

configure:1777: $? = 0
configure:1779: gcc -v </dev/null >&5
Using built-in specs.
COLLECT_GCC=gcc
COLLECT_LTO_WRAPPER=/mnt/lfs/tools/bin/../libexec/gcc/x86_64-pc-linux-gnu/8.2.0/lto-wrapper
Target: x86_64-pc-linux-gnu
Configured with: ../configure --prefix=/tools --with-local-prefix=/tools --with-native-system-header-dir=/tools/include --enable-languages=c,c++ --disable-libstdcxx-pch --disable-multilib --disable-bootstrap --disable-libgomp
Thread model: posix
gcc version 8.2.0 (GCC) 
configure:1782: $? = 0
configure:1784: gcc -V </dev/null >&5
gcc: error: unrecognized command line option '-V'
gcc: fatal error: no input files
compilation terminated.
configure:1787: $? = 1
configure:1810: checking for C compiler default output file name
configure:1813: gcc    conftest.c  >&5
configure:1816: $? = 0
configure:1862: result: a.out
configure:1867: checking whether the C compiler works
configure:1873: ./a.out
configure:1876: $? = 0
configure:1893: result: yes
configure:1900: checking whether we are cross compiling
configure:1902: result: no
configure:1905: checking for suffix of executables
configure:1907: gcc -o conftest    conftest.c  >&5
configure:1910: $? = 0
configure:1935: result: 
configure:1941: checking for suffix of object files
configure:1962: gcc -c   conftest.c >&5
configure:1965: $? = 0
configure:1987: result: o
configure:1991: checking whether we are using the GNU C compiler
configure:2015: gcc -c   conftest.c >&5
configure:2021: $? = 0
configure:2025: test -z 
			 || test ! -s conftest.err
configure:2028: $? = 0
configure:2031: test -s conftest.o
configure:2034: $? = 0
configure:2047: result: yes
configure:2053: checking whether gcc accepts -g
configure:2074: gcc -c -g  conftest.c >&5
configure:2080: $? = 0
configure:2084: test -z 
			 || test ! -s conftest.err
configure:2087: $? = 0
configure:2090: test -s conftest.o
configure:2093: $? = 0
configure:2104: result: yes
configure:2121: checking for gcc option to accept ANSI C
configure:2191: gcc  -c   conftest.c >&5
configure:2197: $? = 0
configure:2201: test -z 
			 || test ! -s conftest.err
configure:2204: $? = 0
configure:2207: test -s conftest.o
configure:2210: $? = 0
configure:2228: result: none needed
configure:2246: gcc -c   conftest.c >&5
conftest.c:2:3: error: unknown type name 'choke'
   choke me
   ^~~~~
conftest.c:2:3: error: expected '=', ',', ';', 'asm' or '__attribute__' at end of input
configure:2252: $? = 1
configure: failed program was:
| #ifndef __cplusplus
|   choke me
| #endif
configure:2386: checking for inline
configure:2407: gcc -c   conftest.c >&5
configure:2413: $? = 0
configure:2417: test -z 
			 || test ! -s conftest.err
configure:2420: $? = 0
configure:2423: test -s conftest.o
configure:2426: $? = 0
configure:2438: result: inline
configure:2472: checking how to run the C preprocessor
configure:2507: gcc -E  conftest.c
configure:2513: $? = 0
configure:2545: gcc -E  conftest.c
conftest.c:9:10: fatal error: ac_nonexistent.h: No such file or directory
 #include <ac_nonexistent.h>
          ^~~~~~~~~~~~~~~~~~
compilation terminated.
configure:2551: $? = 1
configure: failed program was:
| /* confdefs.h.  */
| 
| #define PACKAGE_NAME "tcl"
| #define PACKAGE_TARNAME "tcl"
| #define PACKAGE_VERSION "8.6"
| #define PACKAGE_STRING "tcl 8.6"
| #define PACKAGE_BUGREPORT ""
| /* end confdefs.h.  */
| #include <ac_nonexistent.h>
configure:2590: result: gcc -E
configure:2614: gcc -E  conftest.c
configure:2620: $? = 0
configure:2652: gcc -E  conftest.c
conftest.c:9:10: fatal error: ac_nonexistent.h: No such file or directory
 #include <ac_nonexistent.h>
          ^~~~~~~~~~~~~~~~~~
compilation terminated.
configure:2658: $? = 1
configure: failed program was:
| /* confdefs.h.  */
| 
| #define PACKAGE_NAME "tcl"
| #define PACKAGE_TARNAME "tcl"
| #define PACKAGE_VERSION "8.6"
| #define PACKAGE_STRING "tcl 8.6"
| #define PACKAGE_BUGREPORT ""
| /* end confdefs.h.  */
| #include <ac_nonexistent.h>
configure:2702: checking for egrep
configure:2712: result: grep -E
configure:2717: checking for ANSI C header files
configure:2742: gcc -c   conftest.c >&5
configure:2748: $? = 0
configure:2752: test -z 
			 || test ! -s conftest.err
configure:2755: $? = 0
configure:2758: test -s conftest.o
configure:2761: $? = 0
configure:2850: gcc -o conftest    conftest.c  >&5
conftest.c: In function 'main':
conftest.c:26:7: warning: implicit declaration of function 'exit' [-Wimplicit-function-declaration]
       exit(2);
       ^~~~
conftest.c:26:7: warning: incompatible implicit declaration of built-in function 'exit'
conftest.c:26:7: note: include '<stdlib.h>' or provide a declaration of 'exit'
conftest.c:10:1:
+#include <stdlib.h>
 #if ((' ' & 0x0FF) == 0x020)
conftest.c:26:7:
       exit(2);
       ^~~~
conftest.c:27:3: warning: incompatible implicit declaration of built-in function 'exit'
   exit (0);
   ^~~~
conftest.c:27:3: note: include '<stdlib.h>' or provide a declaration of 'exit'
configure:2853: $? = 0
configure:2855: ./conftest
configure:2858: $? = 0
configure:2873: result: yes
configure:2897: checking for sys/types.h
configure:2913: gcc -c   conftest.c >&5
configure:2919: $? = 0
configure:2923: test -z 
			 || test ! -s conftest.err
configure:2926: $? = 0
configure:2929: test -s conftest.o
configure:2932: $? = 0
configure:2943: result: yes
configure:2897: checking for sys/stat.h
configure:2913: gcc -c   conftest.c >&5
configure:2919: $? = 0
configure:2923: test -z 
			 || test ! -s conftest.err
configure:2926: $? = 0
configure:2929: test -s conftest.o
configure:2932: $? = 0
configure:2943: result: yes
configure:2897: checking for stdlib.h
configure:2913: gcc -c   conftest.c >&5
configure:2919: $? = 0
configure:2923: test -z 
			 || test ! -s conftest.err
configure:2926: $? = 0
configure:2929: test -s conftest.o
configure:2932: $? = 0
configure:2943: result: yes
configure:2897: checking for string.h
configure:2913: gcc -c   conftest.c >&5
configure:2919: $? = 0
configure:2923: test -z 
			 || test ! -s conftest.err
configure:2926: $? = 0
configure:2929: test -s conftest.o
configure:2932: $? = 0
configure:2943: result: yes
configure:2897: checking for memory.h
configure:2913: gcc -c   conftest.c >&5
configure:2919: $? = 0
configure:2923: test -z 
			 || test ! -s conftest.err
configure:2926: $? = 0
configure:2929: test -s conftest.o
configure:2932: $? = 0
configure:2943: result: yes
configure:2897: checking for strings.h
configure:2913: gcc -c   conftest.c >&5
configure:2919: $? = 0
configure:2923: test -z 
			 || test ! -s conftest.err
configure:2926: $? = 0
configure:2929: test -s conftest.o
configure:2932: $? = 0
configure:2943: result: yes
configure:2897: checking for inttypes.h
configure:2913: gcc -c   conftest.c >&5
configure:2919: $? = 0
configure:2923: test -z 
			 || test ! -s conftest.err
configure:2926: $? = 0
configure:2929: test -s conftest.o
configure:2932: $? = 0
configure:2943: result: yes
configure:2897: checking for stdint.h
configure:2913: gcc -c   conftest.c >&5
configure:2919: $? = 0
configure:2923: test -z 
			 || test ! -s conftest.err
configure:2926: $? = 0
configure:2929: test -s conftest.o
configure:2932: $? = 0
configure:2943: result: yes
configure:2897: checking for unistd.h
configure:2913: gcc -c   conftest.c >&5
configure:2919: $? = 0
configure:2923: test -z 
			 || test ! -s conftest.err
configure:2926: $? = 0
configure:2929: test -s conftest.o
configure:2932: $? = 0
configure:2943: result: yes
configure:2956: checking dirent.h
configure:2997: gcc -o conftest    conftest.c  >&5
configure:3003: $? = 0
configure:3007: test -z 
			 || test ! -s conftest.err
configure:3010: $? = 0
configure:3013: test -s conftest
configure:3016: $? = 0
configure:3028: result: yes
configure:3049: checking float.h usability
configure:3061: gcc -c   conftest.c >&5
configure:3067: $? = 0
configure:3071: test -z 
			 || test ! -s conftest.err
configure:3074: $? = 0
configure:3077: test -s conftest.o
configure:3080: $? = 0
configure:3090: result: yes
configure:3094: checking float.h presence
configure:3104: gcc -E  conftest.c
configure:3110: $? = 0
configure:3130: result: yes
configure:3165: checking for float.h
configure:3172: result: yes
configure:3197: checking values.h usability
configure:3209: gcc -c   conftest.c >&5
configure:3215: $? = 0
configure:3219: test -z 
			 || test ! -s conftest.err
configure:3222: $? = 0
configure:3225: test -s conftest.o
configure:3228: $? = 0
configure:3238: result: yes
configure:3242: checking values.h presence
configure:3252: gcc -E  conftest.c
configure:3258: $? = 0
configure:3278: result: yes
configure:3313: checking for values.h
configure:3320: result: yes
configure:3336: checking for stdlib.h
configure:3341: result: yes
configure:3538: checking for string.h
configure:3543: result: yes
configure:3737: checking sys/wait.h usability
configure:3749: gcc -c   conftest.c >&5
configure:3755: $? = 0
configure:3759: test -z 
			 || test ! -s conftest.err
configure:3762: $? = 0
configure:3765: test -s conftest.o
configure:3768: $? = 0
configure:3778: result: yes
configure:3782: checking sys/wait.h presence
configure:3792: gcc -E  conftest.c
configure:3798: $? = 0
configure:3818: result: yes
configure:3853: checking for sys/wait.h
configure:3860: result: yes
configure:3885: checking dlfcn.h usability
configure:3897: gcc -c   conftest.c >&5
configure:3903: $? = 0
configure:3907: test -z 
			 || test ! -s conftest.err
configure:3910: $? = 0
configure:3913: test -s conftest.o
configure:3916: $? = 0
configure:3926: result: yes
configure:3930: checking dlfcn.h presence
configure:3940: gcc -E  conftest.c
configure:3946: $? = 0
configure:3966: result: yes
configure:4001: checking for dlfcn.h
configure:4008: result: yes
configure:4039: checking sys/param.h usability
configure:4051: gcc -c   conftest.c >&5
configure:4057: $? = 0
configure:4061: test -z 
			 || test ! -s conftest.err
configure:4064: $? = 0
configure:4067: test -s conftest.o
configure:4070: $? = 0
configure:4080: result: yes
configure:4084: checking sys/param.h presence
configure:4094: gcc -E  conftest.c
configure:4100: $? = 0
configure:4120: result: yes
configure:4155: checking for sys/param.h
configure:4162: result: yes
configure:4189: checking if the compiler understands -pipe
configure:4212: gcc -c  -pipe  conftest.c >&5
configure:4218: $? = 0
configure:4222: test -z 
			 || test ! -s conftest.err
configure:4225: $? = 0
configure:4228: test -s conftest.o
configure:4231: $? = 0
configure:4243: result: yes
configure:4293: checking for pthread_mutex_init in -lpthread
configure:4323: gcc -o conftest  -pipe   conftest.c -lpthread   >&5
configure:4329: $? = 0
configure:4333: test -z 
			 || test ! -s conftest.err
configure:4336: $? = 0
configure:4339: test -s conftest
configure:4342: $? = 0
configure:4355: result: yes
configure:4682: checking for pthread_attr_setstacksize
configure:4739: gcc -o conftest  -pipe   conftest.c   -lpthread >&5
configure:4745: $? = 0
configure:4749: test -z 
			 || test ! -s conftest.err
configure:4752: $? = 0
configure:4755: test -s conftest
configure:4758: $? = 0
configure:4770: result: yes
configure:4682: checking for pthread_atfork
configure:4739: gcc -o conftest  -pipe   conftest.c   -lpthread >&5
configure:4745: $? = 0
configure:4749: test -z 
			 || test ! -s conftest.err
configure:4752: $? = 0
configure:4755: test -s conftest
configure:4758: $? = 0
configure:4770: result: yes
configure:4785: checking for building with threads
configure:4797: result: yes
configure:4847: checking for sin
configure:4904: gcc -o conftest  -pipe   conftest.c  >&5
conftest.c:51:6: warning: conflicting types for built-in function 'sin' [-Wbuiltin-declaration-mismatch]
 char sin ();
      ^~~
/mnt/lfs/tools/bin/../lib/gcc/x86_64-pc-linux-gnu/8.2.0/../../../../x86_64-pc-linux-gnu/bin/ld: /tmp/ccqCXAdF.o: in function `main':
conftest.c:(.text+0xd): undefined reference to `sin'
/mnt/lfs/tools/bin/../lib/gcc/x86_64-pc-linux-gnu/8.2.0/../../../../x86_64-pc-linux-gnu/bin/ld: /tmp/ccqCXAdF.o:(.data+0x0): undefined reference to `sin'
collect2: error: ld returned 1 exit status
configure:4910: $? = 1
configure: failed program was:
| /* confdefs.h.  */
| 
| #define PACKAGE_NAME "tcl"
| #define PACKAGE_TARNAME "tcl"
| #define PACKAGE_VERSION "8.6"
| #define PACKAGE_STRING "tcl 8.6"
| #define PACKAGE_BUGREPORT ""
| #define STDC_HEADERS 1
| #define HAVE_SYS_TYPES_H 1
| #define HAVE_SYS_STAT_H 1
| #define HAVE_STDLIB_H 1
| #define HAVE_STRING_H 1
| #define HAVE_MEMORY_H 1
| #define HAVE_STRINGS_H 1
| #define HAVE_INTTYPES_H 1
| #define HAVE_STDINT_H 1
| #define HAVE_UNISTD_H 1
| #define HAVE_SYS_PARAM_H 1
| #define USE_THREAD_ALLOC 1
| #define _REENTRANT 1
| #define _THREAD_SAFE 1
| #define HAVE_PTHREAD_ATTR_SETSTACKSIZE 1
| #define HAVE_PTHREAD_ATFORK 1
| #define TCL_THREADS 1
| #define TCL_CFGVAL_ENCODING "iso8859-1"
| /* end confdefs.h.  */
| /* Define sin to an innocuous variant, in case <limits.h> declares sin.
|    For example, HP-UX 11i <limits.h> declares gettimeofday.  */
| #define sin innocuous_sin
| 
| /* System header to define __stub macros and hopefully few prototypes,
|     which can conflict with char sin (); below.
|     Prefer <limits.h> to <assert.h> if __STDC__ is defined, since
|     <limits.h> exists even on freestanding compilers.  */
| 
| #ifdef __STDC__
| # include <limits.h>
| #else
| # include <assert.h>
| #endif
| 
| #undef sin
| 
| /* Override any gcc2 internal prototype to avoid an error.  */
| #ifdef __cplusplus
| extern "C"
| {
| #endif
| /* We use char because int might match the return type of a gcc2
|    builtin and then its argument prototype would still apply.  */
| char sin ();
| /* The GNU C library defines this for functions which it implements
|     to always fail with ENOSYS.  Some functions are actually named
|     something starting with __ and the normal name is an alias.  */
| #if defined (__stub_sin) || defined (__stub___sin)
| choke me
| #else
| char (*f) () = sin;
| #endif
| #ifdef __cplusplus
| }
| #endif
| 
| int
| main ()
| {
| return f != sin;
|   ;
|   return 0;
| }
configure:4935: result: no
configure:4943: checking for main in -lieee
configure:4967: gcc -o conftest  -pipe   conftest.c -lieee   >&5
/mnt/lfs/tools/bin/../lib/gcc/x86_64-pc-linux-gnu/8.2.0/../../../../x86_64-pc-linux-gnu/bin/ld: cannot find -lieee
collect2: error: ld returned 1 exit status
configure:4973: $? = 1
configure: failed program was:
| /* confdefs.h.  */
| 
| #define PACKAGE_NAME "tcl"
| #define PACKAGE_TARNAME "tcl"
| #define PACKAGE_VERSION "8.6"
| #define PACKAGE_STRING "tcl 8.6"
| #define PACKAGE_BUGREPORT ""
| #define STDC_HEADERS 1
| #define HAVE_SYS_TYPES_H 1
| #define HAVE_SYS_STAT_H 1
| #define HAVE_STDLIB_H 1
| #define HAVE_STRING_H 1
| #define HAVE_MEMORY_H 1
| #define HAVE_STRINGS_H 1
| #define HAVE_INTTYPES_H 1
| #define HAVE_STDINT_H 1
| #define HAVE_UNISTD_H 1
| #define HAVE_SYS_PARAM_H 1
| #define USE_THREAD_ALLOC 1
| #define _REENTRANT 1
| #define _THREAD_SAFE 1
| #define HAVE_PTHREAD_ATTR_SETSTACKSIZE 1
| #define HAVE_PTHREAD_ATFORK 1
| #define TCL_THREADS 1
| #define TCL_CFGVAL_ENCODING "iso8859-1"
| /* end confdefs.h.  */
| 
| 
| int
| main ()
| {
| main ();
|   ;
|   return 0;
| }
configure:4999: result: no
configure:5011: checking for main in -linet
configure:5035: gcc -o conftest  -pipe   conftest.c -linet   >&5
/mnt/lfs/tools/bin/../lib/gcc/x86_64-pc-linux-gnu/8.2.0/../../../../x86_64-pc-linux-gnu/bin/ld: cannot find -linet
collect2: error: ld returned 1 exit status
configure:5041: $? = 1
configure: failed program was:
| /* confdefs.h.  */
| 
| #define PACKAGE_NAME "tcl"
| #define PACKAGE_TARNAME "tcl"
| #define PACKAGE_VERSION "8.6"
| #define PACKAGE_STRING "tcl 8.6"
| #define PACKAGE_BUGREPORT ""
| #define STDC_HEADERS 1
| #define HAVE_SYS_TYPES_H 1
| #define HAVE_SYS_STAT_H 1
| #define HAVE_STDLIB_H 1
| #define HAVE_STRING_H 1
| #define HAVE_MEMORY_H 1
| #define HAVE_STRINGS_H 1
| #define HAVE_INTTYPES_H 1
| #define HAVE_STDINT_H 1
| #define HAVE_UNISTD_H 1
| #define HAVE_SYS_PARAM_H 1
| #define USE_THREAD_ALLOC 1
| #define _REENTRANT 1
| #define _THREAD_SAFE 1
| #define HAVE_PTHREAD_ATTR_SETSTACKSIZE 1
| #define HAVE_PTHREAD_ATFORK 1
| #define TCL_THREADS 1
| #define TCL_CFGVAL_ENCODING "iso8859-1"
| /* end confdefs.h.  */
| 
| 
| int
| main ()
| {
| main ();
|   ;
|   return 0;
| }
configure:5067: result: no
configure:5083: checking net/errno.h usability
configure:5095: gcc -c  -pipe  conftest.c >&5
conftest.c:61:10: fatal error: net/errno.h: No such file or directory
 #include <net/errno.h>
          ^~~~~~~~~~~~~
compilation terminated.
configure:5101: $? = 1
configure: failed program was:
| /* confdefs.h.  */
| 
| #define PACKAGE_NAME "tcl"
| #define PACKAGE_TARNAME "tcl"
| #define PACKAGE_VERSION "8.6"
| #define PACKAGE_STRING "tcl 8.6"
| #define PACKAGE_BUGREPORT ""
| #define STDC_HEADERS 1
| #define HAVE_SYS_TYPES_H 1
| #define HAVE_SYS_STAT_H 1
| #define HAVE_STDLIB_H 1
| #define HAVE_STRING_H 1
| #define HAVE_MEMORY_H 1
| #define HAVE_STRINGS_H 1
| #define HAVE_INTTYPES_H 1
| #define HAVE_STDINT_H 1
| #define HAVE_UNISTD_H 1
| #define HAVE_SYS_PARAM_H 1
| #define USE_THREAD_ALLOC 1
| #define _REENTRANT 1
| #define _THREAD_SAFE 1
| #define HAVE_PTHREAD_ATTR_SETSTACKSIZE 1
| #define HAVE_PTHREAD_ATFORK 1
| #define TCL_THREADS 1
| #define TCL_CFGVAL_ENCODING "iso8859-1"
| /* end confdefs.h.  */
| #include <stdio.h>
| #if HAVE_SYS_TYPES_H
| # include <sys/types.h>
| #endif
| #if HAVE_SYS_STAT_H
| # include <sys/stat.h>
| #endif
| #if STDC_HEADERS
| # include <stdlib.h>
| # include <stddef.h>
| #else
| # if HAVE_STDLIB_H
| #  include <stdlib.h>
| # endif
| #endif
| #if HAVE_STRING_H
| # if !STDC_HEADERS && HAVE_MEMORY_H
| #  include <memory.h>
| # endif
| # include <string.h>
| #endif
| #if HAVE_STRINGS_H
| # include <strings.h>
| #endif
| #if HAVE_INTTYPES_H
| # include <inttypes.h>
| #else
| # if HAVE_STDINT_H
| #  include <stdint.h>
| # endif
| #endif
| #if HAVE_UNISTD_H
| # include <unistd.h>
| #endif
| #include <net/errno.h>
configure:5124: result: no
configure:5128: checking net/errno.h presence
configure:5138: gcc -E  conftest.c
conftest.c:27:10: fatal error: net/errno.h: No such file or directory
 #include <net/errno.h>
          ^~~~~~~~~~~~~
compilation terminated.
configure:5144: $? = 1
configure: failed program was:
| /* confdefs.h.  */
| 
| #define PACKAGE_NAME "tcl"
| #define PACKAGE_TARNAME "tcl"
| #define PACKAGE_VERSION "8.6"
| #define PACKAGE_STRING "tcl 8.6"
| #define PACKAGE_BUGREPORT ""
| #define STDC_HEADERS 1
| #define HAVE_SYS_TYPES_H 1
| #define HAVE_SYS_STAT_H 1
| #define HAVE_STDLIB_H 1
| #define HAVE_STRING_H 1
| #define HAVE_MEMORY_H 1
| #define HAVE_STRINGS_H 1
| #define HAVE_INTTYPES_H 1
| #define HAVE_STDINT_H 1
| #define HAVE_UNISTD_H 1
| #define HAVE_SYS_PARAM_H 1
| #define USE_THREAD_ALLOC 1
| #define _REENTRANT 1
| #define _THREAD_SAFE 1
| #define HAVE_PTHREAD_ATTR_SETSTACKSIZE 1
| #define HAVE_PTHREAD_ATFORK 1
| #define TCL_THREADS 1
| #define TCL_CFGVAL_ENCODING "iso8859-1"
| /* end confdefs.h.  */
| #include <net/errno.h>
configure:5164: result: no
configure:5199: checking for net/errno.h
configure:5206: result: no
configure:5240: checking for connect
configure:5297: gcc -o conftest  -pipe   conftest.c  >&5
configure:5303: $? = 0
configure:5307: test -z 
			 || test ! -s conftest.err
configure:5310: $? = 0
configure:5313: test -s conftest
configure:5316: $? = 0
configure:5328: result: yes
configure:5603: checking for gethostbyname
configure:5660: gcc -o conftest  -pipe   conftest.c  >&5
configure:5666: $? = 0
configure:5670: test -z 
			 || test ! -s conftest.err
configure:5673: $? = 0
configure:5676: test -s conftest
configure:5679: $? = 0
configure:5691: result: yes
configure:5772: checking how to build libraries
configure:5790: result: shared
configure:5812: checking for tclsh
configure:5841: result: No tclsh found on PATH
configure:5865: checking zlib.h usability
configure:5877: gcc -c  -pipe  conftest.c >&5
conftest.c:61:10: fatal error: zlib.h: No such file or directory
 #include <zlib.h>
          ^~~~~~~~
compilation terminated.
configure:5883: $? = 1
configure: failed program was:
| /* confdefs.h.  */
| 
| #define PACKAGE_NAME "tcl"
| #define PACKAGE_TARNAME "tcl"
| #define PACKAGE_VERSION "8.6"
| #define PACKAGE_STRING "tcl 8.6"
| #define PACKAGE_BUGREPORT ""
| #define STDC_HEADERS 1
| #define HAVE_SYS_TYPES_H 1
| #define HAVE_SYS_STAT_H 1
| #define HAVE_STDLIB_H 1
| #define HAVE_STRING_H 1
| #define HAVE_MEMORY_H 1
| #define HAVE_STRINGS_H 1
| #define HAVE_INTTYPES_H 1
| #define HAVE_STDINT_H 1
| #define HAVE_UNISTD_H 1
| #define HAVE_SYS_PARAM_H 1
| #define USE_THREAD_ALLOC 1
| #define _REENTRANT 1
| #define _THREAD_SAFE 1
| #define HAVE_PTHREAD_ATTR_SETSTACKSIZE 1
| #define HAVE_PTHREAD_ATFORK 1
| #define TCL_THREADS 1
| #define TCL_CFGVAL_ENCODING "iso8859-1"
| /* end confdefs.h.  */
| #include <stdio.h>
| #if HAVE_SYS_TYPES_H
| # include <sys/types.h>
| #endif
| #if HAVE_SYS_STAT_H
| # include <sys/stat.h>
| #endif
| #if STDC_HEADERS
| # include <stdlib.h>
| # include <stddef.h>
| #else
| # if HAVE_STDLIB_H
| #  include <stdlib.h>
| # endif
| #endif
| #if HAVE_STRING_H
| # if !STDC_HEADERS && HAVE_MEMORY_H
| #  include <memory.h>
| # endif
| # include <string.h>
| #endif
| #if HAVE_STRINGS_H
| # include <strings.h>
| #endif
| #if HAVE_INTTYPES_H
| # include <inttypes.h>
| #else
| # if HAVE_STDINT_H
| #  include <stdint.h>
| # endif
| #endif
| #if HAVE_UNISTD_H
| # include <unistd.h>
| #endif
| #include <zlib.h>
configure:5906: result: no
configure:5910: checking zlib.h presence
configure:5920: gcc -E  conftest.c
conftest.c:27:10: fatal error: zlib.h: No such file or directory
 #include <zlib.h>
          ^~~~~~~~
compilation terminated.
configure:5926: $? = 1
configure: failed program was:
| /* confdefs.h.  */
| 
| #define PACKAGE_NAME "tcl"
| #define PACKAGE_TARNAME "tcl"
| #define PACKAGE_VERSION "8.6"
| #define PACKAGE_STRING "tcl 8.6"
| #define PACKAGE_BUGREPORT ""
| #define STDC_HEADERS 1
| #define HAVE_SYS_TYPES_H 1
| #define HAVE_SYS_STAT_H 1
| #define HAVE_STDLIB_H 1
| #define HAVE_STRING_H 1
| #define HAVE_MEMORY_H 1
| #define HAVE_STRINGS_H 1
| #define HAVE_INTTYPES_H 1
| #define HAVE_STDINT_H 1
| #define HAVE_UNISTD_H 1
| #define HAVE_SYS_PARAM_H 1
| #define USE_THREAD_ALLOC 1
| #define _REENTRANT 1
| #define _THREAD_SAFE 1
| #define HAVE_PTHREAD_ATTR_SETSTACKSIZE 1
| #define HAVE_PTHREAD_ATFORK 1
| #define TCL_THREADS 1
| #define TCL_CFGVAL_ENCODING "iso8859-1"
| /* end confdefs.h.  */
| #include <zlib.h>
configure:5946: result: no
configure:5981: checking for zlib.h
configure:5988: result: no
configure:6261: checking for ranlib
configure:6277: found /tools/bin/ranlib
configure:6288: result: ranlib
configure:6304: checking if 64bit support is requested
configure:6313: result: no
configure:6318: checking if 64bit Sparc VIS support is requested
configure:6327: result: no
configure:6338: checking if compiler supports visibility "hidden"
configure:6363: gcc -o conftest  -pipe -Werror   conftest.c  -lpthread >&5
configure:6369: $? = 0
configure:6373: test -z 
			 || test ! -s conftest.err
configure:6376: $? = 0
configure:6379: test -s conftest
configure:6382: $? = 0
configure:6395: result: yes
configure:6415: checking if rpath support is requested
configure:6424: result: yes
configure:6431: checking system version
configure:6459: result: Linux-4.15.0-1021-aws
configure:6467: checking for dlopen in -ldl
configure:6497: gcc -o conftest  -pipe   conftest.c -ldl   -lpthread >&5
configure:6503: $? = 0
configure:6507: test -z 
			 || test ! -s conftest.err
configure:6510: $? = 0
configure:6513: test -s conftest
configure:6516: $? = 0
configure:6529: result: yes
configure:6610: checking for ar
configure:6626: found /tools/bin/ar
configure:6636: result: ar
configure:8879: checking for cast to union support
configure:8903: gcc -c  -pipe  conftest.c >&5
configure:8909: $? = 0
configure:8913: test -z 
			 || test ! -s conftest.err
configure:8916: $? = 0
configure:8919: test -s conftest.o
configure:8922: $? = 0
configure:8934: result: yes
configure:8986: checking for build with symbols
configure:9005: result: no
configure:9071: checking for required early compiler flags
configure:9094: gcc -c  -pipe  conftest.c >&5
configure:9100: $? = 0
configure:9104: test -z 
			 || test ! -s conftest.err
configure:9107: $? = 0
configure:9110: test -s conftest.o
configure:9113: $? = 0
configure:9199: gcc -c  -pipe  conftest.c >&5
conftest.c: In function 'main':
conftest.c:40:15: error: storage size of 'buf' isn't known
 struct stat64 buf; int i = stat64("/", &buf);
               ^~~
conftest.c:40:28: warning: implicit declaration of function 'stat64'; did you mean 'stat'? [-Wimplicit-function-declaration]
 struct stat64 buf; int i = stat64("/", &buf);
                            ^~~~~~
                            stat
configure:9205: $? = 1
configure: failed program was:
| /* confdefs.h.  */
| 
| #define PACKAGE_NAME "tcl"
| #define PACKAGE_TARNAME "tcl"
| #define PACKAGE_VERSION "8.6"
| #define PACKAGE_STRING "tcl 8.6"
| #define PACKAGE_BUGREPORT ""
| #define STDC_HEADERS 1
| #define HAVE_SYS_TYPES_H 1
| #define HAVE_SYS_STAT_H 1
| #define HAVE_STDLIB_H 1
| #define HAVE_STRING_H 1
| #define HAVE_MEMORY_H 1
| #define HAVE_STRINGS_H 1
| #define HAVE_INTTYPES_H 1
| #define HAVE_STDINT_H 1
| #define HAVE_UNISTD_H 1
| #define HAVE_SYS_PARAM_H 1
| #define USE_THREAD_ALLOC 1
| #define _REENTRANT 1
| #define _THREAD_SAFE 1
| #define HAVE_PTHREAD_ATTR_SETSTACKSIZE 1
| #define HAVE_PTHREAD_ATFORK 1
| #define TCL_THREADS 1
| #define TCL_CFGVAL_ENCODING "iso8859-1"
| #define HAVE_ZLIB 1
| #define MODULE_SCOPE extern __attribute__((__visibility__("hidden")))
| #define HAVE_HIDDEN 1
| #define HAVE_CAST_TO_UNION 1
| #define TCL_SHLIB_EXT ".so"
| #define NDEBUG 1
| #define TCL_CFG_OPTIMIZED 1
| #define TCL_TOMMATH 1
| #define MP_PREC 4
| /* end confdefs.h.  */
| #include <sys/stat.h>
| int
| main ()
| {
| struct stat64 buf; int i = stat64("/", &buf);
|   ;
|   return 0;
| }
configure:9242: gcc -c  -pipe  conftest.c >&5
configure:9248: $? = 0
configure:9252: test -z 
			 || test ! -s conftest.err
configure:9255: $? = 0
configure:9258: test -s conftest.o
configure:9261: $? = 0
configure:9304: gcc -c  -pipe  conftest.c >&5
conftest.c: In function 'main':
conftest.c:41:19: error: 'open64' undeclared (first use in this function)
 char *p = (char *)open64;
                   ^~~~~~
conftest.c:41:19: note: each undeclared identifier is reported only once for each function it appears in
configure:9310: $? = 1
configure: failed program was:
| /* confdefs.h.  */
| 
| #define PACKAGE_NAME "tcl"
| #define PACKAGE_TARNAME "tcl"
| #define PACKAGE_VERSION "8.6"
| #define PACKAGE_STRING "tcl 8.6"
| #define PACKAGE_BUGREPORT ""
| #define STDC_HEADERS 1
| #define HAVE_SYS_TYPES_H 1
| #define HAVE_SYS_STAT_H 1
| #define HAVE_STDLIB_H 1
| #define HAVE_STRING_H 1
| #define HAVE_MEMORY_H 1
| #define HAVE_STRINGS_H 1
| #define HAVE_INTTYPES_H 1
| #define HAVE_STDINT_H 1
| #define HAVE_UNISTD_H 1
| #define HAVE_SYS_PARAM_H 1
| #define USE_THREAD_ALLOC 1
| #define _REENTRANT 1
| #define _THREAD_SAFE 1
| #define HAVE_PTHREAD_ATTR_SETSTACKSIZE 1
| #define HAVE_PTHREAD_ATFORK 1
| #define TCL_THREADS 1
| #define TCL_CFGVAL_ENCODING "iso8859-1"
| #define HAVE_ZLIB 1
| #define MODULE_SCOPE extern __attribute__((__visibility__("hidden")))
| #define HAVE_HIDDEN 1
| #define HAVE_CAST_TO_UNION 1
| #define TCL_SHLIB_EXT ".so"
| #define NDEBUG 1
| #define TCL_CFG_OPTIMIZED 1
| #define TCL_TOMMATH 1
| #define MP_PREC 4
| #define _LARGEFILE64_SOURCE 1
| /* end confdefs.h.  */
| #include <sys/stat.h>
| int
| main ()
| {
| char *p = (char *)open64;
|   ;
|   return 0;
| }
configure:9347: gcc -c  -pipe  conftest.c >&5
conftest.c: In function 'main':
conftest.c:42:19: error: 'open64' undeclared (first use in this function)
 char *p = (char *)open64;
                   ^~~~~~
conftest.c:42:19: note: each undeclared identifier is reported only once for each function it appears in
configure:9353: $? = 1
configure: failed program was:
| /* confdefs.h.  */
| 
| #define PACKAGE_NAME "tcl"
| #define PACKAGE_TARNAME "tcl"
| #define PACKAGE_VERSION "8.6"
| #define PACKAGE_STRING "tcl 8.6"
| #define PACKAGE_BUGREPORT ""
| #define STDC_HEADERS 1
| #define HAVE_SYS_TYPES_H 1
| #define HAVE_SYS_STAT_H 1
| #define HAVE_STDLIB_H 1
| #define HAVE_STRING_H 1
| #define HAVE_MEMORY_H 1
| #define HAVE_STRINGS_H 1
| #define HAVE_INTTYPES_H 1
| #define HAVE_STDINT_H 1
| #define HAVE_UNISTD_H 1
| #define HAVE_SYS_PARAM_H 1
| #define USE_THREAD_ALLOC 1
| #define _REENTRANT 1
| #define _THREAD_SAFE 1
| #define HAVE_PTHREAD_ATTR_SETSTACKSIZE 1
| #define HAVE_PTHREAD_ATFORK 1
| #define TCL_THREADS 1
| #define TCL_CFGVAL_ENCODING "iso8859-1"
| #define HAVE_ZLIB 1
| #define MODULE_SCOPE extern __attribute__((__visibility__("hidden")))
| #define HAVE_HIDDEN 1
| #define HAVE_CAST_TO_UNION 1
| #define TCL_SHLIB_EXT ".so"
| #define NDEBUG 1
| #define TCL_CFG_OPTIMIZED 1
| #define TCL_TOMMATH 1
| #define MP_PREC 4
| #define _LARGEFILE64_SOURCE 1
| /* end confdefs.h.  */
| #define _LARGEFILE_SOURCE64 1
| #include <sys/stat.h>
| int
| main ()
| {
| char *p = (char *)open64;
|   ;
|   return 0;
| }
configure:9393: result:  _LARGEFILE64_SOURCE
configure:9399: checking for 64-bit integer type
configure:9423: gcc -c  -pipe  conftest.c >&5
conftest.c: In function 'main':
conftest.c:41:1: error: unknown type name '__int64'; did you mean '__int128'?
 __int64 value = (__int64) 0;
 ^~~~~~~
 __int128
conftest.c:41:18: error: '__int64' undeclared (first use in this function); did you mean '__int128'?
 __int64 value = (__int64) 0;
                  ^~~~~~~
                  __int128
conftest.c:41:18: note: each undeclared identifier is reported only once for each function it appears in
conftest.c:41:27: error: expected ',' or ';' before numeric constant
 __int64 value = (__int64) 0;
                           ^
configure:9429: $? = 1
configure: failed program was:
| /* confdefs.h.  */
| 
| #define PACKAGE_NAME "tcl"
| #define PACKAGE_TARNAME "tcl"
| #define PACKAGE_VERSION "8.6"
| #define PACKAGE_STRING "tcl 8.6"
| #define PACKAGE_BUGREPORT ""
| #define STDC_HEADERS 1
| #define HAVE_SYS_TYPES_H 1
| #define HAVE_SYS_STAT_H 1
| #define HAVE_STDLIB_H 1
| #define HAVE_STRING_H 1
| #define HAVE_MEMORY_H 1
| #define HAVE_STRINGS_H 1
| #define HAVE_INTTYPES_H 1
| #define HAVE_STDINT_H 1
| #define HAVE_UNISTD_H 1
| #define HAVE_SYS_PARAM_H 1
| #define USE_THREAD_ALLOC 1
| #define _REENTRANT 1
| #define _THREAD_SAFE 1
| #define HAVE_PTHREAD_ATTR_SETSTACKSIZE 1
| #define HAVE_PTHREAD_ATFORK 1
| #define TCL_THREADS 1
| #define TCL_CFGVAL_ENCODING "iso8859-1"
| #define HAVE_ZLIB 1
| #define MODULE_SCOPE extern __attribute__((__visibility__("hidden")))
| #define HAVE_HIDDEN 1
| #define HAVE_CAST_TO_UNION 1
| #define TCL_SHLIB_EXT ".so"
| #define NDEBUG 1
| #define TCL_CFG_OPTIMIZED 1
| #define TCL_TOMMATH 1
| #define MP_PREC 4
| #define _LARGEFILE64_SOURCE 1
| /* end confdefs.h.  */
| 
| int
| main ()
| {
| __int64 value = (__int64) 0;
|   ;
|   return 0;
| }
configure:9473: gcc -c  -pipe  conftest.c >&5
conftest.c: In function 'main':
conftest.c:42:21: error: duplicate case value
             case 1: case (sizeof(long long)==sizeof(long)): ;
                     ^~~~
conftest.c:42:13: note: previously used here
             case 1: case (sizeof(long long)==sizeof(long)): ;
             ^~~~
configure:9479: $? = 1
configure: failed program was:
| /* confdefs.h.  */
| 
| #define PACKAGE_NAME "tcl"
| #define PACKAGE_TARNAME "tcl"
| #define PACKAGE_VERSION "8.6"
| #define PACKAGE_STRING "tcl 8.6"
| #define PACKAGE_BUGREPORT ""
| #define STDC_HEADERS 1
| #define HAVE_SYS_TYPES_H 1
| #define HAVE_SYS_STAT_H 1
| #define HAVE_STDLIB_H 1
| #define HAVE_STRING_H 1
| #define HAVE_MEMORY_H 1
| #define HAVE_STRINGS_H 1
| #define HAVE_INTTYPES_H 1
| #define HAVE_STDINT_H 1
| #define HAVE_UNISTD_H 1
| #define HAVE_SYS_PARAM_H 1
| #define USE_THREAD_ALLOC 1
| #define _REENTRANT 1
| #define _THREAD_SAFE 1
| #define HAVE_PTHREAD_ATTR_SETSTACKSIZE 1
| #define HAVE_PTHREAD_ATFORK 1
| #define TCL_THREADS 1
| #define TCL_CFGVAL_ENCODING "iso8859-1"
| #define HAVE_ZLIB 1
| #define MODULE_SCOPE extern __attribute__((__visibility__("hidden")))
| #define HAVE_HIDDEN 1
| #define HAVE_CAST_TO_UNION 1
| #define TCL_SHLIB_EXT ".so"
| #define NDEBUG 1
| #define TCL_CFG_OPTIMIZED 1
| #define TCL_TOMMATH 1
| #define MP_PREC 4
| #define _LARGEFILE64_SOURCE 1
| /* end confdefs.h.  */
| 
| int
| main ()
| {
| switch (0) {
|             case 1: case (sizeof(long long)==sizeof(long)): ;
|         }
|   ;
|   return 0;
| }
configure:9509: result: using long
configure:9826: checking whether byte ordering is bigendian
configure:9853: gcc -c  -pipe  conftest.c >&5
configure:9859: $? = 0
configure:9863: test -z 
			 || test ! -s conftest.err
configure:9866: $? = 0
configure:9869: test -s conftest.o
configure:9872: $? = 0
configure:9896: gcc -c  -pipe  conftest.c >&5
conftest.c: In function 'main':
conftest.c:45:2: error: unknown type name 'not'; did you mean 'ino_t'?
  not big endian
  ^~~
  ino_t
conftest.c:45:10: error: expected '=', ',', ';', 'asm' or '__attribute__' before 'endian'
  not big endian
          ^~~~~~
configure:9902: $? = 1
configure: failed program was:
| /* confdefs.h.  */
| 
| #define PACKAGE_NAME "tcl"
| #define PACKAGE_TARNAME "tcl"
| #define PACKAGE_VERSION "8.6"
| #define PACKAGE_STRING "tcl 8.6"
| #define PACKAGE_BUGREPORT ""
| #define STDC_HEADERS 1
| #define HAVE_SYS_TYPES_H 1
| #define HAVE_SYS_STAT_H 1
| #define HAVE_STDLIB_H 1
| #define HAVE_STRING_H 1
| #define HAVE_MEMORY_H 1
| #define HAVE_STRINGS_H 1
| #define HAVE_INTTYPES_H 1
| #define HAVE_STDINT_H 1
| #define HAVE_UNISTD_H 1
| #define HAVE_SYS_PARAM_H 1
| #define USE_THREAD_ALLOC 1
| #define _REENTRANT 1
| #define _THREAD_SAFE 1
| #define HAVE_PTHREAD_ATTR_SETSTACKSIZE 1
| #define HAVE_PTHREAD_ATFORK 1
| #define TCL_THREADS 1
| #define TCL_CFGVAL_ENCODING "iso8859-1"
| #define HAVE_ZLIB 1
| #define MODULE_SCOPE extern __attribute__((__visibility__("hidden")))
| #define HAVE_HIDDEN 1
| #define HAVE_CAST_TO_UNION 1
| #define TCL_SHLIB_EXT ".so"
| #define NDEBUG 1
| #define TCL_CFG_OPTIMIZED 1
| #define TCL_TOMMATH 1
| #define MP_PREC 4
| #define _LARGEFILE64_SOURCE 1
| #define TCL_WIDE_INT_IS_LONG 1
| /* end confdefs.h.  */
| #include <sys/types.h>
| #include <sys/param.h>
| 
| int
| main ()
| {
| #if BYTE_ORDER != BIG_ENDIAN
|  not big endian
| #endif
| 
|   ;
|   return 0;
| }
configure:10037: result: no
configure:10067: checking for getcwd
configure:10124: gcc -o conftest  -pipe   -Wl,--export-dynamic  conftest.c  -lpthread >&5
configure:10130: $? = 0
configure:10134: test -z 
			 || test ! -s conftest.err
configure:10137: $? = 0
configure:10140: test -s conftest
configure:10143: $? = 0
configure:10155: result: yes
configure:10181: checking for mkstemp
configure:10238: gcc -o conftest  -pipe   -Wl,--export-dynamic  conftest.c  -lpthread >&5
configure:10244: $? = 0
configure:10248: test -z 
			 || test ! -s conftest.err
configure:10251: $? = 0
configure:10254: test -s conftest
configure:10257: $? = 0
configure:10269: result: yes
configure:10181: checking for opendir
configure:10238: gcc -o conftest  -pipe   -Wl,--export-dynamic  conftest.c  -lpthread >&5
configure:10244: $? = 0
configure:10248: test -z 
			 || test ! -s conftest.err
configure:10251: $? = 0
configure:10254: test -s conftest
configure:10257: $? = 0
configure:10269: result: yes
configure:10181: checking for strtol
configure:10238: gcc -o conftest  -pipe   -Wl,--export-dynamic  conftest.c  -lpthread >&5
configure:10244: $? = 0
configure:10248: test -z 
			 || test ! -s conftest.err
configure:10251: $? = 0
configure:10254: test -s conftest
configure:10257: $? = 0
configure:10269: result: yes
configure:10181: checking for waitpid
configure:10238: gcc -o conftest  -pipe   -Wl,--export-dynamic  conftest.c  -lpthread >&5
configure:10244: $? = 0
configure:10248: test -z 
			 || test ! -s conftest.err
configure:10251: $? = 0
configure:10254: test -s conftest
configure:10257: $? = 0
configure:10269: result: yes
configure:10289: checking for strerror
configure:10346: gcc -o conftest  -pipe   -Wl,--export-dynamic  conftest.c  -lpthread >&5
configure:10352: $? = 0
configure:10356: test -z 
			 || test ! -s conftest.err
configure:10359: $? = 0
configure:10362: test -s conftest
configure:10365: $? = 0
configure:10377: result: yes
configure:10389: checking for getwd
configure:10446: gcc -o conftest  -pipe   -Wl,--export-dynamic  conftest.c  -lpthread >&5
/mnt/lfs/tools/bin/../lib/gcc/x86_64-pc-linux-gnu/8.2.0/../../../../x86_64-pc-linux-gnu/bin/ld: /tmp/ccumpN5y.o: in function `main':
conftest.c:(.text+0xd): warning: the `getwd' function is dangerous and should not be used.
configure:10452: $? = 0
configure:10456: test -z 
			 || test ! -s conftest.err
configure:10459: $? = 0
configure:10462: test -s conftest
configure:10465: $? = 0
configure:10477: result: yes
configure:10489: checking for wait3
configure:10546: gcc -o conftest  -pipe   -Wl,--export-dynamic  conftest.c  -lpthread >&5
configure:10552: $? = 0
configure:10556: test -z 
			 || test ! -s conftest.err
configure:10559: $? = 0
configure:10562: test -s conftest
configure:10565: $? = 0
configure:10577: result: yes
configure:10589: checking for uname
configure:10646: gcc -o conftest  -pipe   -Wl,--export-dynamic  conftest.c  -lpthread >&5
configure:10652: $? = 0
configure:10656: test -z 
			 || test ! -s conftest.err
configure:10659: $? = 0
configure:10662: test -s conftest
configure:10665: $? = 0
configure:10677: result: yes
configure:10696: checking for realpath
configure:10753: gcc -o conftest  -pipe   -Wl,--export-dynamic  conftest.c  -lpthread >&5
configure:10759: $? = 0
configure:10763: test -z 
			 || test ! -s conftest.err
configure:10766: $? = 0
configure:10769: test -s conftest
configure:10772: $? = 0
configure:10784: result: yes
configure:10806: checking for getnameinfo
configure:10863: gcc -o conftest  -pipe   -Wl,--export-dynamic  conftest.c  -lpthread >&5
configure:10869: $? = 0
configure:10873: test -z 
			 || test ! -s conftest.err
configure:10876: $? = 0
configure:10879: test -s conftest
configure:10882: $? = 0
configure:10894: result: yes
configure:10806: checking for getaddrinfo
configure:10863: gcc -o conftest  -pipe   -Wl,--export-dynamic  conftest.c  -lpthread >&5
configure:10869: $? = 0
configure:10873: test -z 
			 || test ! -s conftest.err
configure:10876: $? = 0
configure:10879: test -s conftest
configure:10882: $? = 0
configure:10894: result: yes
configure:10806: checking for freeaddrinfo
configure:10863: gcc -o conftest  -pipe   -Wl,--export-dynamic  conftest.c  -lpthread >&5
configure:10869: $? = 0
configure:10873: test -z 
			 || test ! -s conftest.err
configure:10876: $? = 0
configure:10879: test -s conftest
configure:10882: $? = 0
configure:10894: result: yes
configure:10806: checking for gai_strerror
configure:10863: gcc -o conftest  -pipe   -Wl,--export-dynamic  conftest.c  -lpthread >&5
configure:10869: $? = 0
configure:10873: test -z 
			 || test ! -s conftest.err
configure:10876: $? = 0
configure:10879: test -s conftest
configure:10882: $? = 0
configure:10894: result: yes
configure:10906: checking for struct addrinfo
configure:10936: gcc -c  -pipe  conftest.c >&5
configure:10942: $? = 0
configure:10946: test -z 
			 || test ! -s conftest.err
configure:10949: $? = 0
configure:10952: test -s conftest.o
configure:10955: $? = 0
configure:10966: result: yes
configure:10978: checking for struct in6_addr
configure:11008: gcc -c  -pipe  conftest.c >&5
configure:11014: $? = 0
configure:11018: test -z 
			 || test ! -s conftest.err
configure:11021: $? = 0
configure:11024: test -s conftest.o
configure:11027: $? = 0
configure:11038: result: yes
configure:11050: checking for struct sockaddr_in6
configure:11080: gcc -c  -pipe  conftest.c >&5
configure:11086: $? = 0
configure:11090: test -z 
			 || test ! -s conftest.err
configure:11093: $? = 0
configure:11096: test -s conftest.o
configure:11099: $? = 0
configure:11110: result: yes
configure:11122: checking for struct sockaddr_storage
configure:11152: gcc -c  -pipe  conftest.c >&5
configure:11158: $? = 0
configure:11162: test -z 
			 || test ! -s conftest.err
configure:11165: $? = 0
configure:11168: test -s conftest.o
configure:11171: $? = 0
configure:11182: result: yes
configure:11308: checking for getpwuid_r
configure:11365: gcc -o conftest  -pipe   -Wl,--export-dynamic  conftest.c  -lpthread >&5
configure:11371: $? = 0
configure:11375: test -z 
			 || test ! -s conftest.err
configure:11378: $? = 0
configure:11381: test -s conftest
configure:11384: $? = 0
configure:11396: result: yes
configure:11400: checking for getpwuid_r with 5 args
configure:11432: gcc -c  -pipe  conftest.c >&5
configure:11438: $? = 0
configure:11442: test -z 
			 || test ! -s conftest.err
configure:11445: $? = 0
configure:11448: test -s conftest.o
configure:11451: $? = 0
configure:11462: result: yes
configure:11555: checking for getpwnam_r
configure:11612: gcc -o conftest  -pipe   -Wl,--export-dynamic  conftest.c  -lpthread >&5
configure:11618: $? = 0
configure:11622: test -z 
			 || test ! -s conftest.err
configure:11625: $? = 0
configure:11628: test -s conftest
configure:11631: $? = 0
configure:11643: result: yes
configure:11647: checking for getpwnam_r with 5 args
configure:11679: gcc -c  -pipe  conftest.c >&5
configure:11685: $? = 0
configure:11689: test -z 
			 || test ! -s conftest.err
configure:11692: $? = 0
configure:11695: test -s conftest.o
configure:11698: $? = 0
configure:11709: result: yes
configure:11802: checking for getgrgid_r
configure:11859: gcc -o conftest  -pipe   -Wl,--export-dynamic  conftest.c  -lpthread >&5
configure:11865: $? = 0
configure:11869: test -z 
			 || test ! -s conftest.err
configure:11872: $? = 0
configure:11875: test -s conftest
configure:11878: $? = 0
configure:11890: result: yes
configure:11894: checking for getgrgid_r with 5 args
configure:11926: gcc -c  -pipe  conftest.c >&5
configure:11932: $? = 0
configure:11936: test -z 
			 || test ! -s conftest.err
configure:11939: $? = 0
configure:11942: test -s conftest.o
configure:11945: $? = 0
configure:11956: result: yes
configure:12049: checking for getgrnam_r
configure:12106: gcc -o conftest  -pipe   -Wl,--export-dynamic  conftest.c  -lpthread >&5
configure:12112: $? = 0
configure:12116: test -z 
			 || test ! -s conftest.err
configure:12119: $? = 0
configure:12122: test -s conftest
configure:12125: $? = 0
configure:12137: result: yes
configure:12141: checking for getgrnam_r with 5 args
configure:12173: gcc -c  -pipe  conftest.c >&5
configure:12179: $? = 0
configure:12183: test -z 
			 || test ! -s conftest.err
configure:12186: $? = 0
configure:12189: test -s conftest.o
configure:12192: $? = 0
configure:12203: result: yes
configure:12329: checking for gethostbyname_r
configure:12386: gcc -o conftest  -pipe   -Wl,--export-dynamic  conftest.c  -lpthread >&5
configure:12392: $? = 0
configure:12396: test -z 
			 || test ! -s conftest.err
configure:12399: $? = 0
configure:12402: test -s conftest
configure:12405: $? = 0
configure:12417: result: yes
configure:12421: checking for gethostbyname_r with 6 args
configure:12453: gcc -c  -pipe  conftest.c >&5
configure:12459: $? = 0
configure:12463: test -z 
			 || test ! -s conftest.err
configure:12466: $? = 0
configure:12469: test -s conftest.o
configure:12472: $? = 0
configure:12483: result: yes
configure:12647: checking for gethostbyaddr_r
configure:12704: gcc -o conftest  -pipe   -Wl,--export-dynamic  conftest.c  -lpthread >&5
configure:12710: $? = 0
configure:12714: test -z 
			 || test ! -s conftest.err
configure:12717: $? = 0
configure:12720: test -s conftest
configure:12723: $? = 0
configure:12735: result: yes
configure:12739: checking for gethostbyaddr_r with 7 args
configure:12774: gcc -c  -pipe  conftest.c >&5
conftest.c: In function 'main':
conftest.c:77:11: warning: passing argument 7 of 'gethostbyaddr_r' from incompatible pointer type [-Wincompatible-pointer-types]
           &h_errnop);
           ^~~~~~~~~
In file included from conftest.c:62:
/tools/include/netdb.h:174:36: note: expected 'struct hostent ** restrict' but argument is of type 'int *'
        struct hostent **__restrict __result,
        ~~~~~~~~~~~~~~~~~~~~~~~~~~~~^~~~~~~~
conftest.c:76:9: error: too few arguments to function 'gethostbyaddr_r'
  (void) gethostbyaddr_r(addr, length, type, result, buffer, buflen,
         ^~~~~~~~~~~~~~~
In file included from conftest.c:62:
/tools/include/netdb.h:170:12: note: declared here
 extern int gethostbyaddr_r (const void *__restrict __addr, __socklen_t __len,
            ^~~~~~~~~~~~~~~
configure:12780: $? = 1
configure: failed program was:
| /* confdefs.h.  */
| 
| #define PACKAGE_NAME "tcl"
| #define PACKAGE_TARNAME "tcl"
| #define PACKAGE_VERSION "8.6"
| #define PACKAGE_STRING "tcl 8.6"
| #define PACKAGE_BUGREPORT ""
| #define STDC_HEADERS 1
| #define HAVE_SYS_TYPES_H 1
| #define HAVE_SYS_STAT_H 1
| #define HAVE_STDLIB_H 1
| #define HAVE_STRING_H 1
| #define HAVE_MEMORY_H 1
| #define HAVE_STRINGS_H 1
| #define HAVE_INTTYPES_H 1
| #define HAVE_STDINT_H 1
| #define HAVE_UNISTD_H 1
| #define HAVE_SYS_PARAM_H 1
| #define USE_THREAD_ALLOC 1
| #define _REENTRANT 1
| #define _THREAD_SAFE 1
| #define HAVE_PTHREAD_ATTR_SETSTACKSIZE 1
| #define HAVE_PTHREAD_ATFORK 1
| #define TCL_THREADS 1
| #define TCL_CFGVAL_ENCODING "iso8859-1"
| #define HAVE_ZLIB 1
| #define MODULE_SCOPE extern __attribute__((__visibility__("hidden")))
| #define HAVE_HIDDEN 1
| #define HAVE_CAST_TO_UNION 1
| #define TCL_SHLIB_EXT ".so"
| #define NDEBUG 1
| #define TCL_CFG_OPTIMIZED 1
| #define TCL_TOMMATH 1
| #define MP_PREC 4
| #define _LARGEFILE64_SOURCE 1
| #define TCL_WIDE_INT_IS_LONG 1
| #define HAVE_GETCWD 1
| #define HAVE_MKSTEMP 1
| #define HAVE_OPENDIR 1
| #define HAVE_STRTOL 1
| #define HAVE_WAITPID 1
| #define HAVE_GETNAMEINFO 1
| #define HAVE_GETADDRINFO 1
| #define HAVE_FREEADDRINFO 1
| #define HAVE_GAI_STRERROR 1
| #define HAVE_STRUCT_ADDRINFO 1
| #define HAVE_STRUCT_IN6_ADDR 1
| #define HAVE_STRUCT_SOCKADDR_IN6 1
| #define HAVE_STRUCT_SOCKADDR_STORAGE 1
| #define HAVE_GETPWUID_R_5 1
| #define HAVE_GETPWUID_R 1
| #define HAVE_GETPWNAM_R_5 1
| #define HAVE_GETPWNAM_R 1
| #define HAVE_GETGRGID_R_5 1
| #define HAVE_GETGRGID_R 1
| #define HAVE_GETGRNAM_R_5 1
| #define HAVE_GETGRNAM_R 1
| #define HAVE_GETHOSTBYNAME_R_6 1
| #define HAVE_GETHOSTBYNAME_R 1
| /* end confdefs.h.  */
| 
| 	#include <netdb.h>
| 
| int
| main ()
| {
| 
| 	char *addr;
| 	int length;
| 	int type;
| 	struct hostent *result;
| 	char buffer[2048];
| 	int buflen = 2048;
| 	int h_errnop;
| 
| 	(void) gethostbyaddr_r(addr, length, type, result, buffer, buflen,
| 			       &h_errnop);
| 
|   ;
|   return 0;
| }
configure:12804: result: no
configure:12814: checking for gethostbyaddr_r with 8 args
configure:12849: gcc -c  -pipe  conftest.c >&5
configure:12855: $? = 0
configure:12859: test -z 
			 || test ! -s conftest.err
configure:12862: $? = 0
configure:12865: test -s conftest.o
configure:12868: $? = 0
configure:12879: result: yes
configure:12926: checking termios.h usability
configure:12938: gcc -c  -pipe  conftest.c >&5
configure:12944: $? = 0
configure:12948: test -z 
			 || test ! -s conftest.err
configure:12951: $? = 0
configure:12954: test -s conftest.o
configure:12957: $? = 0
configure:12967: result: yes
configure:12971: checking termios.h presence
configure:12981: gcc -E  conftest.c
configure:12987: $? = 0
configure:13007: result: yes
configure:13042: checking for termios.h
configure:13049: result: yes
configure:13076: checking sys/ioctl.h usability
configure:13088: gcc -c  -pipe  conftest.c >&5
configure:13094: $? = 0
configure:13098: test -z 
			 || test ! -s conftest.err
configure:13101: $? = 0
configure:13104: test -s conftest.o
configure:13107: $? = 0
configure:13117: result: yes
configure:13121: checking sys/ioctl.h presence
configure:13131: gcc -E  conftest.c
configure:13137: $? = 0
configure:13157: result: yes
configure:13192: checking for sys/ioctl.h
configure:13199: result: yes
configure:13226: checking sys/modem.h usability
configure:13238: gcc -c  -pipe  conftest.c >&5
conftest.c:99:10: fatal error: sys/modem.h: No such file or directory
 #include <sys/modem.h>
          ^~~~~~~~~~~~~
compilation terminated.
configure:13244: $? = 1
configure: failed program was:
| /* confdefs.h.  */
| 
| #define PACKAGE_NAME "tcl"
| #define PACKAGE_TARNAME "tcl"
| #define PACKAGE_VERSION "8.6"
| #define PACKAGE_STRING "tcl 8.6"
| #define PACKAGE_BUGREPORT ""
| #define STDC_HEADERS 1
| #define HAVE_SYS_TYPES_H 1
| #define HAVE_SYS_STAT_H 1
| #define HAVE_STDLIB_H 1
| #define HAVE_STRING_H 1
| #define HAVE_MEMORY_H 1
| #define HAVE_STRINGS_H 1
| #define HAVE_INTTYPES_H 1
| #define HAVE_STDINT_H 1
| #define HAVE_UNISTD_H 1
| #define HAVE_SYS_PARAM_H 1
| #define USE_THREAD_ALLOC 1
| #define _REENTRANT 1
| #define _THREAD_SAFE 1
| #define HAVE_PTHREAD_ATTR_SETSTACKSIZE 1
| #define HAVE_PTHREAD_ATFORK 1
| #define TCL_THREADS 1
| #define TCL_CFGVAL_ENCODING "iso8859-1"
| #define HAVE_ZLIB 1
| #define MODULE_SCOPE extern __attribute__((__visibility__("hidden")))
| #define HAVE_HIDDEN 1
| #define HAVE_CAST_TO_UNION 1
| #define TCL_SHLIB_EXT ".so"
| #define NDEBUG 1
| #define TCL_CFG_OPTIMIZED 1
| #define TCL_TOMMATH 1
| #define MP_PREC 4
| #define _LARGEFILE64_SOURCE 1
| #define TCL_WIDE_INT_IS_LONG 1
| #define HAVE_GETCWD 1
| #define HAVE_MKSTEMP 1
| #define HAVE_OPENDIR 1
| #define HAVE_STRTOL 1
| #define HAVE_WAITPID 1
| #define HAVE_GETNAMEINFO 1
| #define HAVE_GETADDRINFO 1
| #define HAVE_FREEADDRINFO 1
| #define HAVE_GAI_STRERROR 1
| #define HAVE_STRUCT_ADDRINFO 1
| #define HAVE_STRUCT_IN6_ADDR 1
| #define HAVE_STRUCT_SOCKADDR_IN6 1
| #define HAVE_STRUCT_SOCKADDR_STORAGE 1
| #define HAVE_GETPWUID_R_5 1
| #define HAVE_GETPWUID_R 1
| #define HAVE_GETPWNAM_R_5 1
| #define HAVE_GETPWNAM_R 1
| #define HAVE_GETGRGID_R_5 1
| #define HAVE_GETGRGID_R 1
| #define HAVE_GETGRNAM_R_5 1
| #define HAVE_GETGRNAM_R 1
| #define HAVE_GETHOSTBYNAME_R_6 1
| #define HAVE_GETHOSTBYNAME_R 1
| #define HAVE_GETHOSTBYADDR_R_8 1
| #define HAVE_GETHOSTBYADDR_R 1
| #define HAVE_TERMIOS_H 1
| #define HAVE_SYS_IOCTL_H 1
| /* end confdefs.h.  */
| #include <stdio.h>
| #if HAVE_SYS_TYPES_H
| # include <sys/types.h>
| #endif
| #if HAVE_SYS_STAT_H
| # include <sys/stat.h>
| #endif
| #if STDC_HEADERS
| # include <stdlib.h>
| # include <stddef.h>
| #else
| # if HAVE_STDLIB_H
| #  include <stdlib.h>
| # endif
| #endif
| #if HAVE_STRING_H
| # if !STDC_HEADERS && HAVE_MEMORY_H
| #  include <memory.h>
| # endif
| # include <string.h>
| #endif
| #if HAVE_STRINGS_H
| # include <strings.h>
| #endif
| #if HAVE_INTTYPES_H
| # include <inttypes.h>
| #else
| # if HAVE_STDINT_H
| #  include <stdint.h>
| # endif
| #endif
| #if HAVE_UNISTD_H
| # include <unistd.h>
| #endif
| #include <sys/modem.h>
configure:13267: result: no
configure:13271: checking sys/modem.h presence
configure:13281: gcc -E  conftest.c
conftest.c:65:10: fatal error: sys/modem.h: No such file or directory
 #include <sys/modem.h>
          ^~~~~~~~~~~~~
compilation terminated.
configure:13287: $? = 1
configure: failed program was:
| /* confdefs.h.  */
| 
| #define PACKAGE_NAME "tcl"
| #define PACKAGE_TARNAME "tcl"
| #define PACKAGE_VERSION "8.6"
| #define PACKAGE_STRING "tcl 8.6"
| #define PACKAGE_BUGREPORT ""
| #define STDC_HEADERS 1
| #define HAVE_SYS_TYPES_H 1
| #define HAVE_SYS_STAT_H 1
| #define HAVE_STDLIB_H 1
| #define HAVE_STRING_H 1
| #define HAVE_MEMORY_H 1
| #define HAVE_STRINGS_H 1
| #define HAVE_INTTYPES_H 1
| #define HAVE_STDINT_H 1
| #define HAVE_UNISTD_H 1
| #define HAVE_SYS_PARAM_H 1
| #define USE_THREAD_ALLOC 1
| #define _REENTRANT 1
| #define _THREAD_SAFE 1
| #define HAVE_PTHREAD_ATTR_SETSTACKSIZE 1
| #define HAVE_PTHREAD_ATFORK 1
| #define TCL_THREADS 1
| #define TCL_CFGVAL_ENCODING "iso8859-1"
| #define HAVE_ZLIB 1
| #define MODULE_SCOPE extern __attribute__((__visibility__("hidden")))
| #define HAVE_HIDDEN 1
| #define HAVE_CAST_TO_UNION 1
| #define TCL_SHLIB_EXT ".so"
| #define NDEBUG 1
| #define TCL_CFG_OPTIMIZED 1
| #define TCL_TOMMATH 1
| #define MP_PREC 4
| #define _LARGEFILE64_SOURCE 1
| #define TCL_WIDE_INT_IS_LONG 1
| #define HAVE_GETCWD 1
| #define HAVE_MKSTEMP 1
| #define HAVE_OPENDIR 1
| #define HAVE_STRTOL 1
| #define HAVE_WAITPID 1
| #define HAVE_GETNAMEINFO 1
| #define HAVE_GETADDRINFO 1
| #define HAVE_FREEADDRINFO 1
| #define HAVE_GAI_STRERROR 1
| #define HAVE_STRUCT_ADDRINFO 1
| #define HAVE_STRUCT_IN6_ADDR 1
| #define HAVE_STRUCT_SOCKADDR_IN6 1
| #define HAVE_STRUCT_SOCKADDR_STORAGE 1
| #define HAVE_GETPWUID_R_5 1
| #define HAVE_GETPWUID_R 1
| #define HAVE_GETPWNAM_R_5 1
| #define HAVE_GETPWNAM_R 1
| #define HAVE_GETGRGID_R_5 1
| #define HAVE_GETGRGID_R 1
| #define HAVE_GETGRNAM_R_5 1
| #define HAVE_GETGRNAM_R 1
| #define HAVE_GETHOSTBYNAME_R_6 1
| #define HAVE_GETHOSTBYNAME_R 1
| #define HAVE_GETHOSTBYADDR_R_8 1
| #define HAVE_GETHOSTBYADDR_R 1
| #define HAVE_TERMIOS_H 1
| #define HAVE_SYS_IOCTL_H 1
| /* end confdefs.h.  */
| #include <sys/modem.h>
configure:13307: result: no
configure:13342: checking for sys/modem.h
configure:13349: result: no
configure:13373: checking for fd_set in sys/types
configure:13395: gcc -c  -pipe  conftest.c >&5
configure:13401: $? = 0
configure:13405: test -z 
			 || test ! -s conftest.err
configure:13408: $? = 0
configure:13411: test -s conftest.o
configure:13414: $? = 0
configure:13425: result: yes
configure:13491: checking sys/time.h usability
configure:13503: gcc -c  -pipe  conftest.c >&5
configure:13509: $? = 0
configure:13513: test -z 
			 || test ! -s conftest.err
configure:13516: $? = 0
configure:13519: test -s conftest.o
configure:13522: $? = 0
configure:13532: result: yes
configure:13536: checking sys/time.h presence
configure:13546: gcc -E  conftest.c
configure:13552: $? = 0
configure:13572: result: yes
configure:13607: checking for sys/time.h
configure:13614: result: yes
configure:13627: checking whether time.h and sys/time.h may both be included
configure:13652: gcc -c  -pipe  conftest.c >&5
configure:13658: $? = 0
configure:13662: test -z 
			 || test ! -s conftest.err
configure:13665: $? = 0
configure:13668: test -s conftest.o
configure:13671: $? = 0
configure:13682: result: yes
configure:13699: checking for gmtime_r
configure:13756: gcc -o conftest  -pipe   -Wl,--export-dynamic  conftest.c  -lpthread >&5
configure:13762: $? = 0
configure:13766: test -z 
			 || test ! -s conftest.err
configure:13769: $? = 0
configure:13772: test -s conftest
configure:13775: $? = 0
configure:13787: result: yes
configure:13699: checking for localtime_r
configure:13756: gcc -o conftest  -pipe   -Wl,--export-dynamic  conftest.c  -lpthread >&5
configure:13762: $? = 0
configure:13766: test -z 
			 || test ! -s conftest.err
configure:13769: $? = 0
configure:13772: test -s conftest
configure:13775: $? = 0
configure:13787: result: yes
configure:13699: checking for mktime
configure:13756: gcc -o conftest  -pipe   -Wl,--export-dynamic  conftest.c  -lpthread >&5
configure:13762: $? = 0
configure:13766: test -z 
			 || test ! -s conftest.err
configure:13769: $? = 0
configure:13772: test -s conftest
configure:13775: $? = 0
configure:13787: result: yes
configure:13798: checking tm_tzadj in struct tm
configure:13820: gcc -c  -pipe  conftest.c >&5
conftest.c: In function 'main':
conftest.c:74:18: error: 'struct tm' has no member named 'tm_tzadj'; did you mean 'tm_mday'?
 struct tm tm; tm.tm_tzadj;
                  ^~~~~~~~
                  tm_mday
configure:13826: $? = 1
configure: failed program was:
| /* confdefs.h.  */
| 
| #define PACKAGE_NAME "tcl"
| #define PACKAGE_TARNAME "tcl"
| #define PACKAGE_VERSION "8.6"
| #define PACKAGE_STRING "tcl 8.6"
| #define PACKAGE_BUGREPORT ""
| #define STDC_HEADERS 1
| #define HAVE_SYS_TYPES_H 1
| #define HAVE_SYS_STAT_H 1
| #define HAVE_STDLIB_H 1
| #define HAVE_STRING_H 1
| #define HAVE_MEMORY_H 1
| #define HAVE_STRINGS_H 1
| #define HAVE_INTTYPES_H 1
| #define HAVE_STDINT_H 1
| #define HAVE_UNISTD_H 1
| #define HAVE_SYS_PARAM_H 1
| #define USE_THREAD_ALLOC 1
| #define _REENTRANT 1
| #define _THREAD_SAFE 1
| #define HAVE_PTHREAD_ATTR_SETSTACKSIZE 1
| #define HAVE_PTHREAD_ATFORK 1
| #define TCL_THREADS 1
| #define TCL_CFGVAL_ENCODING "iso8859-1"
| #define HAVE_ZLIB 1
| #define MODULE_SCOPE extern __attribute__((__visibility__("hidden")))
| #define HAVE_HIDDEN 1
| #define HAVE_CAST_TO_UNION 1
| #define TCL_SHLIB_EXT ".so"
| #define NDEBUG 1
| #define TCL_CFG_OPTIMIZED 1
| #define TCL_TOMMATH 1
| #define MP_PREC 4
| #define _LARGEFILE64_SOURCE 1
| #define TCL_WIDE_INT_IS_LONG 1
| #define HAVE_GETCWD 1
| #define HAVE_MKSTEMP 1
| #define HAVE_OPENDIR 1
| #define HAVE_STRTOL 1
| #define HAVE_WAITPID 1
| #define HAVE_GETNAMEINFO 1
| #define HAVE_GETADDRINFO 1
| #define HAVE_FREEADDRINFO 1
| #define HAVE_GAI_STRERROR 1
| #define HAVE_STRUCT_ADDRINFO 1
| #define HAVE_STRUCT_IN6_ADDR 1
| #define HAVE_STRUCT_SOCKADDR_IN6 1
| #define HAVE_STRUCT_SOCKADDR_STORAGE 1
| #define HAVE_GETPWUID_R_5 1
| #define HAVE_GETPWUID_R 1
| #define HAVE_GETPWNAM_R_5 1
| #define HAVE_GETPWNAM_R 1
| #define HAVE_GETGRGID_R_5 1
| #define HAVE_GETGRGID_R 1
| #define HAVE_GETGRNAM_R_5 1
| #define HAVE_GETGRNAM_R 1
| #define HAVE_GETHOSTBYNAME_R_6 1
| #define HAVE_GETHOSTBYNAME_R 1
| #define HAVE_GETHOSTBYADDR_R_8 1
| #define HAVE_GETHOSTBYADDR_R 1
| #define HAVE_TERMIOS_H 1
| #define HAVE_SYS_IOCTL_H 1
| #define HAVE_SYS_TIME_H 1
| #define TIME_WITH_SYS_TIME 1
| #define HAVE_GMTIME_R 1
| #define HAVE_LOCALTIME_R 1
| #define HAVE_MKTIME 1
| /* end confdefs.h.  */
| #include <time.h>
| int
| main ()
| {
| struct tm tm; tm.tm_tzadj;
|   ;
|   return 0;
| }
configure:13850: result: no
configure:13860: checking tm_gmtoff in struct tm
configure:13882: gcc -c  -pipe  conftest.c >&5
configure:13888: $? = 0
configure:13892: test -z 
			 || test ! -s conftest.err
configure:13895: $? = 0
configure:13898: test -s conftest.o
configure:13901: $? = 0
configure:13912: result: yes
configure:13926: checking long timezone variable
configure:13950: gcc -c  -pipe  conftest.c >&5
conftest.c: In function 'main':
conftest.c:77:6: warning: implicit declaration of function 'exit' [-Wimplicit-function-declaration]
      exit (0);
      ^~~~
conftest.c:77:6: warning: incompatible implicit declaration of built-in function 'exit'
conftest.c:77:6: note: include '<stdlib.h>' or provide a declaration of 'exit'
conftest.c:72:1:
 int
conftest.c:77:6:
      exit (0);
      ^~~~
configure:13956: $? = 0
configure:13960: test -z 
			 || test ! -s conftest.err
configure:13963: $? = 0
configure:13966: test -s conftest.o
configure:13969: $? = 0
configure:13980: result: yes
configure:14065: checking for struct stat.st_blocks
configure:14088: gcc -c  -pipe  conftest.c >&5
configure:14094: $? = 0
configure:14098: test -z 
			 || test ! -s conftest.err
configure:14101: $? = 0
configure:14104: test -s conftest.o
configure:14107: $? = 0
configure:14164: result: yes
configure:14174: checking for struct stat.st_blksize
configure:14197: gcc -c  -pipe  conftest.c >&5
configure:14203: $? = 0
configure:14207: test -z 
			 || test ! -s conftest.err
configure:14210: $? = 0
configure:14213: test -s conftest.o
configure:14216: $? = 0
configure:14273: result: yes
configure:14285: checking for blkcnt_t
configure:14309: gcc -c  -pipe  conftest.c >&5
configure:14315: $? = 0
configure:14319: test -z 
			 || test ! -s conftest.err
configure:14322: $? = 0
configure:14325: test -s conftest.o
configure:14328: $? = 0
configure:14339: result: yes
configure:14350: checking for fstatfs
configure:14407: gcc -o conftest  -pipe   -Wl,--export-dynamic  conftest.c  -lpthread >&5
configure:14413: $? = 0
configure:14417: test -z 
			 || test ! -s conftest.err
configure:14420: $? = 0
configure:14423: test -s conftest
configure:14426: $? = 0
configure:14438: result: yes
configure:14456: checking for working memcmp
configure:14504: gcc -o conftest  -pipe   -Wl,--export-dynamic  conftest.c  -lpthread >&5
configure:14507: $? = 0
configure:14509: ./conftest
configure:14512: $? = 0
configure:14526: result: yes
configure:14544: checking for memmove
configure:14601: gcc -o conftest  -pipe   -Wl,--export-dynamic  conftest.c  -lpthread >&5
conftest.c:99:6: warning: conflicting types for built-in function 'memmove' [-Wbuiltin-declaration-mismatch]
 char memmove ();
      ^~~~~~~
configure:14607: $? = 0
configure:14611: test -z 
			 || test ! -s conftest.err
configure:14614: $? = 0
configure:14617: test -s conftest
configure:14620: $? = 0
configure:14632: result: yes
configure:14657: checking for strstr
configure:14714: gcc -o conftest  -pipe   -Wl,--export-dynamic  conftest.c  -lpthread >&5
conftest.c:99:6: warning: conflicting types for built-in function 'strstr' [-Wbuiltin-declaration-mismatch]
 char strstr ();
      ^~~~~~
configure:14720: $? = 0
configure:14724: test -z 
			 || test ! -s conftest.err
configure:14727: $? = 0
configure:14730: test -s conftest
configure:14733: $? = 0
configure:14745: result: yes
configure:14754: checking proper strstr implementation
configure:14774: gcc -o conftest  -pipe   -Wl,--export-dynamic  conftest.c  -lpthread >&5
conftest.c: In function 'main':
conftest.c:76:16: warning: conflicting types for built-in function 'strstr' [-Wbuiltin-declaration-mismatch]
     extern int strstr();
                ^~~~~~
conftest.c:77:5: warning: implicit declaration of function 'exit' [-Wimplicit-function-declaration]
     exit(strstr("\0test", "test") ? 1 : 0);
     ^~~~
conftest.c:77:5: warning: incompatible implicit declaration of built-in function 'exit'
conftest.c:77:5: note: include '<stdlib.h>' or provide a declaration of 'exit'
conftest.c:1:1:
+#include <stdlib.h>
 /* confdefs.h.  */
conftest.c:77:5:
     exit(strstr("\0test", "test") ? 1 : 0);
     ^~~~
configure:14777: $? = 0
configure:14779: ./conftest
configure:14782: $? = 0
configure:14796: result: ok
configure:14824: checking for strtoul
configure:14881: gcc -o conftest  -pipe   -Wl,--export-dynamic  conftest.c  -lpthread >&5
configure:14887: $? = 0
configure:14891: test -z 
			 || test ! -s conftest.err
configure:14894: $? = 0
configure:14897: test -s conftest
configure:14900: $? = 0
configure:14912: result: yes
configure:14921: checking proper strtoul implementation
configure:14942: gcc -o conftest  -pipe   -Wl,--export-dynamic  conftest.c  -lpthread >&5
conftest.c: In function 'main':
conftest.c:78:5: warning: implicit declaration of function 'exit' [-Wimplicit-function-declaration]
     exit(strtoul(string,&term,0) != 0 || term != string+1);
     ^~~~
conftest.c:78:5: warning: incompatible implicit declaration of built-in function 'exit'
conftest.c:78:5: note: include '<stdlib.h>' or provide a declaration of 'exit'
conftest.c:1:1:
+#include <stdlib.h>
 /* confdefs.h.  */
conftest.c:78:5:
     exit(strtoul(string,&term,0) != 0 || term != string+1);
     ^~~~
configure:14945: $? = 0
configure:14947: ./conftest
configure:14950: $? = 0
configure:14964: result: ok
configure:14991: checking for strtod
configure:15048: gcc -o conftest  -pipe   -Wl,--export-dynamic  conftest.c  -lpthread >&5
configure:15054: $? = 0
configure:15058: test -z 
			 || test ! -s conftest.err
configure:15061: $? = 0
configure:15064: test -s conftest
configure:15067: $? = 0
configure:15079: result: yes
configure:15088: checking proper strtod implementation
configure:15109: gcc -o conftest  -pipe   -Wl,--export-dynamic  conftest.c  -lpthread >&5
conftest.c: In function 'main':
conftest.c:78:5: warning: implicit declaration of function 'exit' [-Wimplicit-function-declaration]
     exit(strtod(string,&term) != 69 || term != string+4);
     ^~~~
conftest.c:78:5: warning: incompatible implicit declaration of built-in function 'exit'
conftest.c:78:5: note: include '<stdlib.h>' or provide a declaration of 'exit'
conftest.c:1:1:
+#include <stdlib.h>
 /* confdefs.h.  */
conftest.c:78:5:
     exit(strtod(string,&term) != 69 || term != string+4);
     ^~~~
configure:15112: $? = 0
configure:15114: ./conftest
configure:15117: $? = 0
configure:15131: result: ok
configure:15160: checking for strtod
configure:15248: result: yes
configure:15257: checking for Solaris2.4/Tru64 strtod bugs
configure:15294: gcc -o conftest  -pipe   -Wl,--export-dynamic  conftest.c  -lpthread >&5
conftest.c: In function 'main':
conftest.c:83:4: warning: implicit declaration of function 'exit' [-Wimplicit-function-declaration]
    exit(1);
    ^~~~
conftest.c:83:4: warning: incompatible implicit declaration of built-in function 'exit'
conftest.c:83:4: note: include '<stdlib.h>' or provide a declaration of 'exit'
conftest.c:1:1:
+#include <stdlib.h>
 /* confdefs.h.  */
conftest.c:83:4:
    exit(1);
    ^~~~
conftest.c:87:4: warning: incompatible implicit declaration of built-in function 'exit'
    exit(1);
    ^~~~
conftest.c:87:4: note: include '<stdlib.h>' or provide a declaration of 'exit'
conftest.c:91:4: warning: incompatible implicit declaration of built-in function 'exit'
    exit(1);
    ^~~~
conftest.c:91:4: note: include '<stdlib.h>' or provide a declaration of 'exit'
conftest.c:93:7: warning: incompatible implicit declaration of built-in function 'exit'
       exit(0);
       ^~~~
conftest.c:93:7: note: include '<stdlib.h>' or provide a declaration of 'exit'
configure:15297: $? = 0
configure:15299: ./conftest
configure:15302: $? = 0
configure:15316: result: ok
configure:15342: checking for mode_t
configure:15366: gcc -c  -pipe  conftest.c >&5
configure:15372: $? = 0
configure:15376: test -z 
			 || test ! -s conftest.err
configure:15379: $? = 0
configure:15382: test -s conftest.o
configure:15385: $? = 0
configure:15396: result: yes
configure:15408: checking for pid_t
configure:15432: gcc -c  -pipe  conftest.c >&5
configure:15438: $? = 0
configure:15442: test -z 
			 || test ! -s conftest.err
configure:15445: $? = 0
configure:15448: test -s conftest.o
configure:15451: $? = 0
configure:15462: result: yes
configure:15474: checking for size_t
configure:15498: gcc -c  -pipe  conftest.c >&5
configure:15504: $? = 0
configure:15508: test -z 
			 || test ! -s conftest.err
configure:15511: $? = 0
configure:15514: test -s conftest.o
configure:15517: $? = 0
configure:15528: result: yes
configure:15540: checking for uid_t in sys/types.h
configure:15563: result: yes
configure:15579: checking for socklen_t
configure:15606: gcc -c  -pipe  conftest.c >&5
configure:15612: $? = 0
configure:15616: test -z 
			 || test ! -s conftest.err
configure:15619: $? = 0
configure:15622: test -s conftest.o
configure:15625: $? = 0
configure:15636: result: yes
configure:15646: checking for intptr_t
configure:15670: gcc -c  -pipe  conftest.c >&5
configure:15676: $? = 0
configure:15680: test -z 
			 || test ! -s conftest.err
configure:15683: $? = 0
configure:15686: test -s conftest.o
configure:15689: $? = 0
configure:15700: result: yes
configure:15781: checking for uintptr_t
configure:15805: gcc -c  -pipe  conftest.c >&5
configure:15811: $? = 0
configure:15815: test -z 
			 || test ! -s conftest.err
configure:15818: $? = 0
configure:15821: test -s conftest.o
configure:15824: $? = 0
configure:15835: result: yes
configure:15925: checking for opendir
configure:16013: result: yes
configure:16034: checking union wait
configure:16061: gcc -o conftest  -pipe   -Wl,--export-dynamic  conftest.c  -lpthread >&5
conftest.c: In function 'main':
conftest.c:83:12: error: storage size of 'x' isn't known
 union wait x;
            ^
configure:16067: $? = 1
configure: failed program was:
| /* confdefs.h.  */
| 
| #define PACKAGE_NAME "tcl"
| #define PACKAGE_TARNAME "tcl"
| #define PACKAGE_VERSION "8.6"
| #define PACKAGE_STRING "tcl 8.6"
| #define PACKAGE_BUGREPORT ""
| #define STDC_HEADERS 1
| #define HAVE_SYS_TYPES_H 1
| #define HAVE_SYS_STAT_H 1
| #define HAVE_STDLIB_H 1
| #define HAVE_STRING_H 1
| #define HAVE_MEMORY_H 1
| #define HAVE_STRINGS_H 1
| #define HAVE_INTTYPES_H 1
| #define HAVE_STDINT_H 1
| #define HAVE_UNISTD_H 1
| #define HAVE_SYS_PARAM_H 1
| #define USE_THREAD_ALLOC 1
| #define _REENTRANT 1
| #define _THREAD_SAFE 1
| #define HAVE_PTHREAD_ATTR_SETSTACKSIZE 1
| #define HAVE_PTHREAD_ATFORK 1
| #define TCL_THREADS 1
| #define TCL_CFGVAL_ENCODING "iso8859-1"
| #define HAVE_ZLIB 1
| #define MODULE_SCOPE extern __attribute__((__visibility__("hidden")))
| #define HAVE_HIDDEN 1
| #define HAVE_CAST_TO_UNION 1
| #define TCL_SHLIB_EXT ".so"
| #define NDEBUG 1
| #define TCL_CFG_OPTIMIZED 1
| #define TCL_TOMMATH 1
| #define MP_PREC 4
| #define _LARGEFILE64_SOURCE 1
| #define TCL_WIDE_INT_IS_LONG 1
| #define HAVE_GETCWD 1
| #define HAVE_MKSTEMP 1
| #define HAVE_OPENDIR 1
| #define HAVE_STRTOL 1
| #define HAVE_WAITPID 1
| #define HAVE_GETNAMEINFO 1
| #define HAVE_GETADDRINFO 1
| #define HAVE_FREEADDRINFO 1
| #define HAVE_GAI_STRERROR 1
| #define HAVE_STRUCT_ADDRINFO 1
| #define HAVE_STRUCT_IN6_ADDR 1
| #define HAVE_STRUCT_SOCKADDR_IN6 1
| #define HAVE_STRUCT_SOCKADDR_STORAGE 1
| #define HAVE_GETPWUID_R_5 1
| #define HAVE_GETPWUID_R 1
| #define HAVE_GETPWNAM_R_5 1
| #define HAVE_GETPWNAM_R 1
| #define HAVE_GETGRGID_R_5 1
| #define HAVE_GETGRGID_R 1
| #define HAVE_GETGRNAM_R_5 1
| #define HAVE_GETGRNAM_R 1
| #define HAVE_GETHOSTBYNAME_R_6 1
| #define HAVE_GETHOSTBYNAME_R 1
| #define HAVE_GETHOSTBYADDR_R_8 1
| #define HAVE_GETHOSTBYADDR_R 1
| #define HAVE_TERMIOS_H 1
| #define HAVE_SYS_IOCTL_H 1
| #define HAVE_SYS_TIME_H 1
| #define TIME_WITH_SYS_TIME 1
| #define HAVE_GMTIME_R 1
| #define HAVE_LOCALTIME_R 1
| #define HAVE_MKTIME 1
| #define HAVE_TM_GMTOFF 1
| #define HAVE_TIMEZONE_VAR 1
| #define HAVE_STRUCT_STAT_ST_BLOCKS 1
| #define HAVE_STRUCT_STAT_ST_BLKSIZE 1
| #define HAVE_BLKCNT_T 1
| #define HAVE_INTPTR_T 1
| #define HAVE_UINTPTR_T 1
| /* end confdefs.h.  */
| #include <sys/types.h>
| #include <sys/wait.h>
| int
| main ()
| {
| 
| union wait x;
| WIFEXITED(x);		/* Generates compiler error if WIFEXITED
| 			 * uses an int. */
| 
|   ;
|   return 0;
| }
configure:16092: result: no
configure:16108: checking for strncasecmp
configure:16165: gcc -o conftest  -pipe   -Wl,--export-dynamic  conftest.c  -lpthread >&5
conftest.c:102:6: warning: conflicting types for built-in function 'strncasecmp' [-Wbuiltin-declaration-mismatch]
 char strncasecmp ();
      ^~~~~~~~~~~
configure:16171: $? = 0
configure:16175: test -z 
			 || test ! -s conftest.err
configure:16178: $? = 0
configure:16181: test -s conftest
configure:16184: $? = 0
configure:16196: result: yes
configure:16369: checking for gettimeofday
configure:16426: gcc -o conftest  -pipe   -Wl,--export-dynamic  conftest.c  -lpthread >&5
configure:16432: $? = 0
configure:16436: test -z 
			 || test ! -s conftest.err
configure:16439: $? = 0
configure:16442: test -s conftest
configure:16445: $? = 0
configure:16457: result: yes
configure:16471: checking for gettimeofday declaration
configure:16495: result: present
configure:16512: checking whether char is unsigned
configure:16535: gcc -c  -pipe  conftest.c >&5
configure:16541: $? = 0
configure:16545: test -z 
			 || test ! -s conftest.err
configure:16548: $? = 0
configure:16551: test -s conftest.o
configure:16554: $? = 0
configure:16565: result: no
configure:16574: checking signed char declarations
configure:16599: gcc -c  -pipe  conftest.c >&5
configure:16605: $? = 0
configure:16609: test -z 
			 || test ! -s conftest.err
configure:16612: $? = 0
configure:16615: test -s conftest.o
configure:16618: $? = 0
configure:16629: result: yes
configure:16643: checking for a putenv() that copies the buffer
configure:16679: gcc -o conftest  -pipe   -Wl,--export-dynamic  conftest.c  -lpthread >&5
conftest.c: In function 'main':
conftest.c:85:20: warning: implicit declaration of function 'strdup' [-Wimplicit-function-declaration]
      foo = (char *)strdup(OURVAR);
                    ^~~~~~
conftest.c:85:20: warning: incompatible implicit declaration of built-in function 'strdup'
conftest.c:87:6: warning: implicit declaration of function 'strcpy' [-Wimplicit-function-declaration]
      strcpy((char *)(strchr(foo, '=') + 1), "no");
      ^~~~~~
conftest.c:87:6: warning: incompatible implicit declaration of built-in function 'strcpy'
conftest.c:87:6: note: include '<string.h>' or provide a declaration of 'strcpy'
conftest.c:81:1:
+#include <string.h>
  #define OURVAR "havecopy=yes"
conftest.c:87:6:
      strcpy((char *)(strchr(foo, '=') + 1), "no");
      ^~~~~~
conftest.c:87:22: warning: implicit declaration of function 'strchr' [-Wimplicit-function-declaration]
      strcpy((char *)(strchr(foo, '=') + 1), "no");
                      ^~~~~~
conftest.c:87:22: warning: incompatible implicit declaration of built-in function 'strchr'
conftest.c:87:22: note: include '<string.h>' or provide a declaration of 'strchr'
conftest.c:89:11: warning: implicit declaration of function 'strcmp' [-Wimplicit-function-declaration]
      if (!strcmp(bar, "no")) {
           ^~~~~~
configure:16682: $? = 0
configure:16684: ./conftest
configure:16687: $? = 0
configure:16701: result: no
configure:16736: checking langinfo.h usability
configure:16748: gcc -c  -pipe  conftest.c >&5
configure:16754: $? = 0
configure:16758: test -z 
			 || test ! -s conftest.err
configure:16761: $? = 0
configure:16764: test -s conftest.o
configure:16767: $? = 0
configure:16777: result: yes
configure:16781: checking langinfo.h presence
configure:16791: gcc -E  conftest.c
configure:16797: $? = 0
configure:16817: result: yes
configure:16852: checking for langinfo.h
configure:16859: result: yes
configure:16871: checking whether to use nl_langinfo
configure:16894: gcc -c  -pipe  conftest.c >&5
configure:16900: $? = 0
configure:16904: test -z 
			 || test ! -s conftest.err
configure:16907: $? = 0
configure:16910: test -s conftest.o
configure:16913: $? = 0
configure:16925: result: yes
configure:16949: checking for chflags
configure:17006: gcc -o conftest  -pipe   -Wl,--export-dynamic  conftest.c  -lpthread >&5
conftest.c:109:1: error: unknown type name 'choke'
 choke me
 ^~~~~
conftest.c:109:9: error: expected ';' before 'int'
 choke me
         ^
         ;
conftest.c:117:1:
 int
 ~~~      
conftest.c: In function 'main':
conftest.c:120:8: error: 'f' undeclared (first use in this function)
 return f != chflags;
        ^
conftest.c:120:8: note: each undeclared identifier is reported only once for each function it appears in
configure:17012: $? = 1
configure: failed program was:
| /* confdefs.h.  */
| 
| #define PACKAGE_NAME "tcl"
| #define PACKAGE_TARNAME "tcl"
| #define PACKAGE_VERSION "8.6"
| #define PACKAGE_STRING "tcl 8.6"
| #define PACKAGE_BUGREPORT ""
| #define STDC_HEADERS 1
| #define HAVE_SYS_TYPES_H 1
| #define HAVE_SYS_STAT_H 1
| #define HAVE_STDLIB_H 1
| #define HAVE_STRING_H 1
| #define HAVE_MEMORY_H 1
| #define HAVE_STRINGS_H 1
| #define HAVE_INTTYPES_H 1
| #define HAVE_STDINT_H 1
| #define HAVE_UNISTD_H 1
| #define HAVE_SYS_PARAM_H 1
| #define USE_THREAD_ALLOC 1
| #define _REENTRANT 1
| #define _THREAD_SAFE 1
| #define HAVE_PTHREAD_ATTR_SETSTACKSIZE 1
| #define HAVE_PTHREAD_ATFORK 1
| #define TCL_THREADS 1
| #define TCL_CFGVAL_ENCODING "iso8859-1"
| #define HAVE_ZLIB 1
| #define MODULE_SCOPE extern __attribute__((__visibility__("hidden")))
| #define HAVE_HIDDEN 1
| #define HAVE_CAST_TO_UNION 1
| #define TCL_SHLIB_EXT ".so"
| #define NDEBUG 1
| #define TCL_CFG_OPTIMIZED 1
| #define TCL_TOMMATH 1
| #define MP_PREC 4
| #define _LARGEFILE64_SOURCE 1
| #define TCL_WIDE_INT_IS_LONG 1
| #define HAVE_GETCWD 1
| #define HAVE_MKSTEMP 1
| #define HAVE_OPENDIR 1
| #define HAVE_STRTOL 1
| #define HAVE_WAITPID 1
| #define HAVE_GETNAMEINFO 1
| #define HAVE_GETADDRINFO 1
| #define HAVE_FREEADDRINFO 1
| #define HAVE_GAI_STRERROR 1
| #define HAVE_STRUCT_ADDRINFO 1
| #define HAVE_STRUCT_IN6_ADDR 1
| #define HAVE_STRUCT_SOCKADDR_IN6 1
| #define HAVE_STRUCT_SOCKADDR_STORAGE 1
| #define HAVE_GETPWUID_R_5 1
| #define HAVE_GETPWUID_R 1
| #define HAVE_GETPWNAM_R_5 1
| #define HAVE_GETPWNAM_R 1
| #define HAVE_GETGRGID_R_5 1
| #define HAVE_GETGRGID_R 1
| #define HAVE_GETGRNAM_R_5 1
| #define HAVE_GETGRNAM_R 1
| #define HAVE_GETHOSTBYNAME_R_6 1
| #define HAVE_GETHOSTBYNAME_R 1
| #define HAVE_GETHOSTBYADDR_R_8 1
| #define HAVE_GETHOSTBYADDR_R 1
| #define HAVE_TERMIOS_H 1
| #define HAVE_SYS_IOCTL_H 1
| #define HAVE_SYS_TIME_H 1
| #define TIME_WITH_SYS_TIME 1
| #define HAVE_GMTIME_R 1
| #define HAVE_LOCALTIME_R 1
| #define HAVE_MKTIME 1
| #define HAVE_TM_GMTOFF 1
| #define HAVE_TIMEZONE_VAR 1
| #define HAVE_STRUCT_STAT_ST_BLOCKS 1
| #define HAVE_STRUCT_STAT_ST_BLKSIZE 1
| #define HAVE_BLKCNT_T 1
| #define HAVE_INTPTR_T 1
| #define HAVE_UINTPTR_T 1
| #define NO_UNION_WAIT 1
| #define HAVE_SIGNED_CHAR 1
| #define HAVE_LANGINFO 1
| /* end confdefs.h.  */
| /* Define chflags to an innocuous variant, in case <limits.h> declares chflags.
|    For example, HP-UX 11i <limits.h> declares gettimeofday.  */
| #define chflags innocuous_chflags
| 
| /* System header to define __stub macros and hopefully few prototypes,
|     which can conflict with char chflags (); below.
|     Prefer <limits.h> to <assert.h> if __STDC__ is defined, since
|     <limits.h> exists even on freestanding compilers.  */
| 
| #ifdef __STDC__
| # include <limits.h>
| #else
| # include <assert.h>
| #endif
| 
| #undef chflags
| 
| /* Override any gcc2 internal prototype to avoid an error.  */
| #ifdef __cplusplus
| extern "C"
| {
| #endif
| /* We use char because int might match the return type of a gcc2
|    builtin and then its argument prototype would still apply.  */
| char chflags ();
| /* The GNU C library defines this for functions which it implements
|     to always fail with ENOSYS.  Some functions are actually named
|     something starting with __ and the normal name is an alias.  */
| #if defined (__stub_chflags) || defined (__stub___chflags)
| choke me
| #else
| char (*f) () = chflags;
| #endif
| #ifdef __cplusplus
| }
| #endif
| 
| int
| main ()
| {
| return f != chflags;
|   ;
|   return 0;
| }
configure:17037: result: no
configure:16949: checking for mkstemps
configure:17006: gcc -o conftest  -pipe   -Wl,--export-dynamic  conftest.c  -lpthread >&5
configure:17012: $? = 0
configure:17016: test -z 
			 || test ! -s conftest.err
configure:17019: $? = 0
configure:17022: test -s conftest
configure:17025: $? = 0
configure:17037: result: yes
configure:17052: checking isnan
configure:17076: gcc -o conftest  -pipe   -Wl,--export-dynamic  conftest.c  -lpthread >&5
configure:17082: $? = 0
configure:17086: test -z 
			 || test ! -s conftest.err
configure:17089: $? = 0
configure:17092: test -s conftest
configure:17095: $? = 0
configure:17107: result: yes
configure:18060: checking for fts
configure:18090: gcc -o conftest  -pipe   -Wl,--export-dynamic  conftest.c  -lpthread >&5
configure:18096: $? = 0
configure:18100: test -z 
			 || test ! -s conftest.err
configure:18103: $? = 0
configure:18106: test -s conftest
configure:18109: $? = 0
configure:18121: result: yes
configure:18143: checking for sys/ioctl.h
configure:18148: result: yes
configure:18302: checking sys/filio.h usability
configure:18314: gcc -c  -pipe  conftest.c >&5
conftest.c:117:10: fatal error: sys/filio.h: No such file or directory
 #include <sys/filio.h>
          ^~~~~~~~~~~~~
compilation terminated.
configure:18320: $? = 1
configure: failed program was:
| /* confdefs.h.  */
| 
| #define PACKAGE_NAME "tcl"
| #define PACKAGE_TARNAME "tcl"
| #define PACKAGE_VERSION "8.6"
| #define PACKAGE_STRING "tcl 8.6"
| #define PACKAGE_BUGREPORT ""
| #define STDC_HEADERS 1
| #define HAVE_SYS_TYPES_H 1
| #define HAVE_SYS_STAT_H 1
| #define HAVE_STDLIB_H 1
| #define HAVE_STRING_H 1
| #define HAVE_MEMORY_H 1
| #define HAVE_STRINGS_H 1
| #define HAVE_INTTYPES_H 1
| #define HAVE_STDINT_H 1
| #define HAVE_UNISTD_H 1
| #define HAVE_SYS_PARAM_H 1
| #define USE_THREAD_ALLOC 1
| #define _REENTRANT 1
| #define _THREAD_SAFE 1
| #define HAVE_PTHREAD_ATTR_SETSTACKSIZE 1
| #define HAVE_PTHREAD_ATFORK 1
| #define TCL_THREADS 1
| #define TCL_CFGVAL_ENCODING "iso8859-1"
| #define HAVE_ZLIB 1
| #define MODULE_SCOPE extern __attribute__((__visibility__("hidden")))
| #define HAVE_HIDDEN 1
| #define HAVE_CAST_TO_UNION 1
| #define TCL_SHLIB_EXT ".so"
| #define NDEBUG 1
| #define TCL_CFG_OPTIMIZED 1
| #define TCL_TOMMATH 1
| #define MP_PREC 4
| #define _LARGEFILE64_SOURCE 1
| #define TCL_WIDE_INT_IS_LONG 1
| #define HAVE_GETCWD 1
| #define HAVE_MKSTEMP 1
| #define HAVE_OPENDIR 1
| #define HAVE_STRTOL 1
| #define HAVE_WAITPID 1
| #define HAVE_GETNAMEINFO 1
| #define HAVE_GETADDRINFO 1
| #define HAVE_FREEADDRINFO 1
| #define HAVE_GAI_STRERROR 1
| #define HAVE_STRUCT_ADDRINFO 1
| #define HAVE_STRUCT_IN6_ADDR 1
| #define HAVE_STRUCT_SOCKADDR_IN6 1
| #define HAVE_STRUCT_SOCKADDR_STORAGE 1
| #define HAVE_GETPWUID_R_5 1
| #define HAVE_GETPWUID_R 1
| #define HAVE_GETPWNAM_R_5 1
| #define HAVE_GETPWNAM_R 1
| #define HAVE_GETGRGID_R_5 1
| #define HAVE_GETGRGID_R 1
| #define HAVE_GETGRNAM_R_5 1
| #define HAVE_GETGRNAM_R 1
| #define HAVE_GETHOSTBYNAME_R_6 1
| #define HAVE_GETHOSTBYNAME_R 1
| #define HAVE_GETHOSTBYADDR_R_8 1
| #define HAVE_GETHOSTBYADDR_R 1
| #define HAVE_TERMIOS_H 1
| #define HAVE_SYS_IOCTL_H 1
| #define HAVE_SYS_TIME_H 1
| #define TIME_WITH_SYS_TIME 1
| #define HAVE_GMTIME_R 1
| #define HAVE_LOCALTIME_R 1
| #define HAVE_MKTIME 1
| #define HAVE_TM_GMTOFF 1
| #define HAVE_TIMEZONE_VAR 1
| #define HAVE_STRUCT_STAT_ST_BLOCKS 1
| #define HAVE_STRUCT_STAT_ST_BLKSIZE 1
| #define HAVE_BLKCNT_T 1
| #define HAVE_INTPTR_T 1
| #define HAVE_UINTPTR_T 1
| #define NO_UNION_WAIT 1
| #define HAVE_SIGNED_CHAR 1
| #define HAVE_LANGINFO 1
| #define HAVE_MKSTEMPS 1
| #define HAVE_FTS 1
| #define HAVE_SYS_IOCTL_H 1
| /* end confdefs.h.  */
| #include <stdio.h>
| #if HAVE_SYS_TYPES_H
| # include <sys/types.h>
| #endif
| #if HAVE_SYS_STAT_H
| # include <sys/stat.h>
| #endif
| #if STDC_HEADERS
| # include <stdlib.h>
| # include <stddef.h>
| #else
| # if HAVE_STDLIB_H
| #  include <stdlib.h>
| # endif
| #endif
| #if HAVE_STRING_H
| # if !STDC_HEADERS && HAVE_MEMORY_H
| #  include <memory.h>
| # endif
| # include <string.h>
| #endif
| #if HAVE_STRINGS_H
| # include <strings.h>
| #endif
| #if HAVE_INTTYPES_H
| # include <inttypes.h>
| #else
| # if HAVE_STDINT_H
| #  include <stdint.h>
| # endif
| #endif
| #if HAVE_UNISTD_H
| # include <unistd.h>
| #endif
| #include <sys/filio.h>
configure:18343: result: no
configure:18347: checking sys/filio.h presence
configure:18357: gcc -E  conftest.c
conftest.c:83:10: fatal error: sys/filio.h: No such file or directory
 #include <sys/filio.h>
          ^~~~~~~~~~~~~
compilation terminated.
configure:18363: $? = 1
configure: failed program was:
| /* confdefs.h.  */
| 
| #define PACKAGE_NAME "tcl"
| #define PACKAGE_TARNAME "tcl"
| #define PACKAGE_VERSION "8.6"
| #define PACKAGE_STRING "tcl 8.6"
| #define PACKAGE_BUGREPORT ""
| #define STDC_HEADERS 1
| #define HAVE_SYS_TYPES_H 1
| #define HAVE_SYS_STAT_H 1
| #define HAVE_STDLIB_H 1
| #define HAVE_STRING_H 1
| #define HAVE_MEMORY_H 1
| #define HAVE_STRINGS_H 1
| #define HAVE_INTTYPES_H 1
| #define HAVE_STDINT_H 1
| #define HAVE_UNISTD_H 1
| #define HAVE_SYS_PARAM_H 1
| #define USE_THREAD_ALLOC 1
| #define _REENTRANT 1
| #define _THREAD_SAFE 1
| #define HAVE_PTHREAD_ATTR_SETSTACKSIZE 1
| #define HAVE_PTHREAD_ATFORK 1
| #define TCL_THREADS 1
| #define TCL_CFGVAL_ENCODING "iso8859-1"
| #define HAVE_ZLIB 1
| #define MODULE_SCOPE extern __attribute__((__visibility__("hidden")))
| #define HAVE_HIDDEN 1
| #define HAVE_CAST_TO_UNION 1
| #define TCL_SHLIB_EXT ".so"
| #define NDEBUG 1
| #define TCL_CFG_OPTIMIZED 1
| #define TCL_TOMMATH 1
| #define MP_PREC 4
| #define _LARGEFILE64_SOURCE 1
| #define TCL_WIDE_INT_IS_LONG 1
| #define HAVE_GETCWD 1
| #define HAVE_MKSTEMP 1
| #define HAVE_OPENDIR 1
| #define HAVE_STRTOL 1
| #define HAVE_WAITPID 1
| #define HAVE_GETNAMEINFO 1
| #define HAVE_GETADDRINFO 1
| #define HAVE_FREEADDRINFO 1
| #define HAVE_GAI_STRERROR 1
| #define HAVE_STRUCT_ADDRINFO 1
| #define HAVE_STRUCT_IN6_ADDR 1
| #define HAVE_STRUCT_SOCKADDR_IN6 1
| #define HAVE_STRUCT_SOCKADDR_STORAGE 1
| #define HAVE_GETPWUID_R_5 1
| #define HAVE_GETPWUID_R 1
| #define HAVE_GETPWNAM_R_5 1
| #define HAVE_GETPWNAM_R 1
| #define HAVE_GETGRGID_R_5 1
| #define HAVE_GETGRGID_R 1
| #define HAVE_GETGRNAM_R_5 1
| #define HAVE_GETGRNAM_R 1
| #define HAVE_GETHOSTBYNAME_R_6 1
| #define HAVE_GETHOSTBYNAME_R 1
| #define HAVE_GETHOSTBYADDR_R_8 1
| #define HAVE_GETHOSTBYADDR_R 1
| #define HAVE_TERMIOS_H 1
| #define HAVE_SYS_IOCTL_H 1
| #define HAVE_SYS_TIME_H 1
| #define TIME_WITH_SYS_TIME 1
| #define HAVE_GMTIME_R 1
| #define HAVE_LOCALTIME_R 1
| #define HAVE_MKTIME 1
| #define HAVE_TM_GMTOFF 1
| #define HAVE_TIMEZONE_VAR 1
| #define HAVE_STRUCT_STAT_ST_BLOCKS 1
| #define HAVE_STRUCT_STAT_ST_BLKSIZE 1
| #define HAVE_BLKCNT_T 1
| #define HAVE_INTPTR_T 1
| #define HAVE_UINTPTR_T 1
| #define NO_UNION_WAIT 1
| #define HAVE_SIGNED_CHAR 1
| #define HAVE_LANGINFO 1
| #define HAVE_MKSTEMPS 1
| #define HAVE_FTS 1
| #define HAVE_SYS_IOCTL_H 1
| /* end confdefs.h.  */
| #include <sys/filio.h>
configure:18383: result: no
configure:18418: checking for sys/filio.h
configure:18425: result: no
configure:18439: checking system version
configure:18467: result: Linux-4.15.0-1021-aws
configure:18471: checking FIONBIO vs. O_NONBLOCK for nonblocking I/O
configure:18493: result: O_NONBLOCK
configure:18501: checking whether to use dll unloading
configure:18517: result: yes
configure:18526: checking for timezone data
configure:18567: result: /usr/share/zoneinfo
configure:18786: checking whether to enable DTrace support
configure:18811: result: no
configure:18818: checking whether the cpuid instruction is usable
configure:18848: gcc -o conftest  -pipe   -Wl,--export-dynamic  conftest.c  -lpthread >&5
configure:18854: $? = 0
configure:18858: test -z 
			 || test ! -s conftest.err
configure:18861: $? = 0
configure:18864: test -s conftest
configure:18867: $? = 0
configure:18879: result: yes
configure:19247: creating ./config.status

## ---------------------- ##
## Running config.status. ##
## ---------------------- ##

This file was extended by tcl config.status 8.6, which was
generated by GNU Autoconf 2.59.  Invocation command line was

  CONFIG_FILES    = 
  CONFIG_HEADERS  = 
  CONFIG_LINKS    = 
  CONFIG_COMMANDS = 
  $ ./config.status 

on ip-172-31-5-17

config.status:732: creating Makefile
config.status:732: creating dltest/Makefile
config.status:732: creating tclConfig.sh
config.status:732: creating tcl.pc

## ---------------- ##
## Cache variables. ##
## ---------------- ##

ac_cv_c_bigendian=no
ac_cv_c_char_unsigned=no
ac_cv_c_compiler_gnu=yes
ac_cv_c_inline=inline
ac_cv_env_CC_set=
ac_cv_env_CC_value=
ac_cv_env_CFLAGS_set=
ac_cv_env_CFLAGS_value=
ac_cv_env_CPPFLAGS_set=
ac_cv_env_CPPFLAGS_value=
ac_cv_env_CPP_set=
ac_cv_env_CPP_value=
ac_cv_env_LDFLAGS_set=
ac_cv_env_LDFLAGS_value=
ac_cv_env_build_alias_set=
ac_cv_env_build_alias_value=
ac_cv_env_host_alias_set=
ac_cv_env_host_alias_value=
ac_cv_env_target_alias_set=
ac_cv_env_target_alias_value=
ac_cv_exeext=
ac_cv_func_chflags=no
ac_cv_func_connect=yes
ac_cv_func_freeaddrinfo=yes
ac_cv_func_fstatfs=yes
ac_cv_func_gai_strerror=yes
ac_cv_func_getaddrinfo=yes
ac_cv_func_getcwd=yes
ac_cv_func_getgrgid_r=yes
ac_cv_func_getgrnam_r=yes
ac_cv_func_gethostbyaddr_r=yes
ac_cv_func_gethostbyname=yes
ac_cv_func_gethostbyname_r=yes
ac_cv_func_getnameinfo=yes
ac_cv_func_getpwnam_r=yes
ac_cv_func_getpwuid_r=yes
ac_cv_func_gettimeofday=yes
ac_cv_func_getwd=yes
ac_cv_func_gmtime_r=yes
ac_cv_func_localtime_r=yes
ac_cv_func_memcmp_working=yes
ac_cv_func_memmove=yes
ac_cv_func_mkstemp=yes
ac_cv_func_mkstemps=yes
ac_cv_func_mktime=yes
ac_cv_func_opendir=yes
ac_cv_func_pthread_atfork=yes
ac_cv_func_pthread_attr_setstacksize=yes
ac_cv_func_realpath=yes
ac_cv_func_sin=no
ac_cv_func_strerror=yes
ac_cv_func_strncasecmp=yes
ac_cv_func_strstr=yes
ac_cv_func_strtod=yes
ac_cv_func_strtol=yes
ac_cv_func_strtoul=yes
ac_cv_func_uname=yes
ac_cv_func_wait3=yes
ac_cv_func_waitpid=yes
ac_cv_header_dlfcn_h=yes
ac_cv_header_float_h=yes
ac_cv_header_inttypes_h=yes
ac_cv_header_langinfo_h=yes
ac_cv_header_memory_h=yes
ac_cv_header_net_errno_h=no
ac_cv_header_stdc=yes
ac_cv_header_stdint_h=yes
ac_cv_header_stdlib_h=yes
ac_cv_header_string_h=yes
ac_cv_header_strings_h=yes
ac_cv_header_sys_filio_h=no
ac_cv_header_sys_ioctl_h=yes
ac_cv_header_sys_modem_h=no
ac_cv_header_sys_param_h=yes
ac_cv_header_sys_stat_h=yes
ac_cv_header_sys_time_h=yes
ac_cv_header_sys_types_h=yes
ac_cv_header_sys_wait_h=yes
ac_cv_header_termios_h=yes
ac_cv_header_time=yes
ac_cv_header_unistd_h=yes
ac_cv_header_values_h=yes
ac_cv_header_zlib_h=no
ac_cv_lib_dl_dlopen=yes
ac_cv_lib_ieee_main=no
ac_cv_lib_inet_main=no
ac_cv_lib_pthread_pthread_mutex_init=yes
ac_cv_member_struct_stat_st_blksize=yes
ac_cv_member_struct_stat_st_blocks=yes
ac_cv_objext=o
ac_cv_prog_CPP='gcc -E'
ac_cv_prog_ac_ct_AR=ar
ac_cv_prog_ac_ct_CC=gcc
ac_cv_prog_ac_ct_RANLIB=ranlib
ac_cv_prog_cc_g=yes
ac_cv_prog_cc_stdc=
ac_cv_prog_egrep='grep -E'
ac_cv_type_blkcnt_t=yes
ac_cv_type_intptr_t=yes
ac_cv_type_mode_t=yes
ac_cv_type_pid_t=yes
ac_cv_type_size_t=yes
ac_cv_type_struct_addrinfo=yes
ac_cv_type_struct_in6_addr=yes
ac_cv_type_struct_sockaddr_in6=yes
ac_cv_type_struct_sockaddr_storage=yes
ac_cv_type_uid_t=yes
ac_cv_type_uintptr_t=yes
tcl_cv_api_fts=yes
tcl_cv_api_getgrgid_r_5=yes
tcl_cv_api_getgrnam_r_5=yes
tcl_cv_api_gethostbyaddr_r_7=no
tcl_cv_api_gethostbyaddr_r_8=yes
tcl_cv_api_gethostbyname_r_6=yes
tcl_cv_api_getpwnam_r_5=yes
tcl_cv_api_getpwuid_r_5=yes
tcl_cv_cast_to_union=yes
tcl_cv_cc_pipe=yes
tcl_cv_cc_visibility_hidden=yes
tcl_cv_char_signed=yes
tcl_cv_cpuid=yes
tcl_cv_dir_zoneinfo=/usr/share/zoneinfo
tcl_cv_dirent_h=yes
tcl_cv_flag__isoc99_source=no
tcl_cv_flag__largefile64_source=yes
tcl_cv_flag__largefile_source64=no
tcl_cv_grep_gettimeofday=present
tcl_cv_isnan=yes
tcl_cv_langinfo_h=yes
tcl_cv_member_tm_gmtoff=yes
tcl_cv_member_tm_tzadj=no
tcl_cv_putenv_copy=no
tcl_cv_strstr_unbroken=ok
tcl_cv_strtod_buggy=ok
tcl_cv_strtod_unbroken=ok
tcl_cv_strtoul_unbroken=ok
tcl_cv_sys_version=Linux-4.15.0-1021-aws
tcl_cv_timezone_long=yes
tcl_cv_type_64bit=none
tcl_cv_type_fd_set=yes
tcl_cv_type_socklen_t=yes
tcl_cv_union_wait=no

## ----------------- ##
## Output variables. ##
## ----------------- ##

AR='ar'
BUILD_DLTEST='$(DLTEST_TARGETS)'
CC='gcc'
CC_SEARCH_FLAGS='-Wl,-rpath,${LIB_RUNTIME_DIR}'
CFG_TCL_SHARED_LIB_SUFFIX='${VERSION}.so'
CFG_TCL_UNSHARED_LIB_SUFFIX='${VERSION}.a'
CFLAGS=' -pipe '
CFLAGS_DEBUG='-g'
CFLAGS_DEFAULT='$(CFLAGS_OPTIMIZE)'
CFLAGS_OPTIMIZE='-O2'
CFLAGS_WARNING='-Wall'
CPP='gcc -E'
CPPFLAGS=''
DEFS='-DPACKAGE_NAME=\"tcl\" -DPACKAGE_TARNAME=\"tcl\" -DPACKAGE_VERSION=\"8.6\" -DPACKAGE_STRING=\"tcl\ 8.6\" -DPACKAGE_BUGREPORT=\"\" -DSTDC_HEADERS=1 -DHAVE_SYS_TYPES_H=1 -DHAVE_SYS_STAT_H=1 -DHAVE_STDLIB_H=1 -DHAVE_STRING_H=1 -DHAVE_MEMORY_H=1 -DHAVE_STRINGS_H=1 -DHAVE_INTTYPES_H=1 -DHAVE_STDINT_H=1 -DHAVE_UNISTD_H=1 -DHAVE_SYS_PARAM_H=1 -DUSE_THREAD_ALLOC=1 -D_REENTRANT=1 -D_THREAD_SAFE=1 -DHAVE_PTHREAD_ATTR_SETSTACKSIZE=1 -DHAVE_PTHREAD_ATFORK=1 -DTCL_THREADS=1 -DTCL_CFGVAL_ENCODING=\"iso8859-1\" -DHAVE_ZLIB=1 -DMODULE_SCOPE=extern\ __attribute__\(\(__visibility__\(\"hidden\"\)\)\) -DHAVE_HIDDEN=1 -DHAVE_CAST_TO_UNION=1 -DTCL_SHLIB_EXT=\".so\" -DNDEBUG=1 -DTCL_CFG_OPTIMIZED=1 -DTCL_TOMMATH=1 -DMP_PREC=4 -D_LARGEFILE64_SOURCE=1 -DTCL_WIDE_INT_IS_LONG=1 -DHAVE_GETCWD=1 -DHAVE_MKSTEMP=1 -DHAVE_OPENDIR=1 -DHAVE_STRTOL=1 -DHAVE_WAITPID=1 -DHAVE_GETNAMEINFO=1 -DHAVE_GETADDRINFO=1 -DHAVE_FREEADDRINFO=1 -DHAVE_GAI_STRERROR=1 -DHAVE_STRUCT_ADDRINFO=1 -DHAVE_STRUCT_IN6_ADDR=1 -DHAVE_STRUCT_SOCKADDR_IN6=1 -DHAVE_STRUCT_SOCKADDR_STORAGE=1 -DHAVE_GETPWUID_R_5=1 -DHAVE_GETPWUID_R=1 -DHAVE_GETPWNAM_R_5=1 -DHAVE_GETPWNAM_R=1 -DHAVE_GETGRGID_R_5=1 -DHAVE_GETGRGID_R=1 -DHAVE_GETGRNAM_R_5=1 -DHAVE_GETGRNAM_R=1 -DHAVE_GETHOSTBYNAME_R_6=1 -DHAVE_GETHOSTBYNAME_R=1 -DHAVE_GETHOSTBYADDR_R_8=1 -DHAVE_GETHOSTBYADDR_R=1 -DHAVE_TERMIOS_H=1 -DHAVE_SYS_IOCTL_H=1 -DHAVE_SYS_TIME_H=1 -DTIME_WITH_SYS_TIME=1 -DHAVE_GMTIME_R=1 -DHAVE_LOCALTIME_R=1 -DHAVE_MKTIME=1 -DHAVE_TM_GMTOFF=1 -DHAVE_TIMEZONE_VAR=1 -DHAVE_STRUCT_STAT_ST_BLOCKS=1 -DHAVE_STRUCT_STAT_ST_BLKSIZE=1 -DHAVE_BLKCNT_T=1 -DHAVE_INTPTR_T=1 -DHAVE_UINTPTR_T=1 -DNO_UNION_WAIT=1 -DHAVE_SIGNED_CHAR=1 -DHAVE_LANGINFO=1 -DHAVE_MKSTEMPS=1 -DHAVE_FTS=1 -DHAVE_SYS_IOCTL_H=1 -DTCL_UNLOAD_DLLS=1 -DHAVE_CPUID=1 '
DLL_INSTALL_DIR='$(LIB_INSTALL_DIR)'
DLTEST_LD='${SHLIB_LD}'
DLTEST_SUFFIX=''
DL_LIBS='-ldl'
DL_OBJS='tclLoadDl.o'
DTRACE=''
DTRACE_HDR=''
DTRACE_OBJ=''
DTRACE_SRC=''
ECHO_C=''
ECHO_N='-n'
ECHO_T=''
EGREP='grep -E'
EXEEXT=''
EXTRA_APP_CC_SWITCHES=''
EXTRA_BUILD_HTML='@:'
EXTRA_CC_SWITCHES=''
EXTRA_INSTALL=''
EXTRA_INSTALL_BINARIES='@:'
EXTRA_TCLSH_LIBS=''
HTML_DIR='$(DISTDIR)/html'
INSTALL_LIB='$(INSTALL_LIBRARY) $(LIB_FILE) "$(LIB_INSTALL_DIR)/$(LIB_FILE)"'
INSTALL_STUB_LIB='$(INSTALL_LIBRARY) $(STUB_LIB_FILE) "$(LIB_INSTALL_DIR)/$(STUB_LIB_FILE)"'
INSTALL_TZDATA=''
LDAIX_SRC=''
LDFLAGS=' -Wl,--export-dynamic '
LDFLAGS_DEBUG=''
LDFLAGS_DEFAULT='$(LDFLAGS_OPTIMIZE)'
LDFLAGS_OPTIMIZE=''
LD_LIBRARY_PATH_VAR='LD_LIBRARY_PATH'
LD_SEARCH_FLAGS='-Wl,-rpath,${LIB_RUNTIME_DIR}'
LIBOBJS=''
LIBS=' -lpthread'
MAKEFILE_SHELL='/bin/sh'
MAKE_LIB='${SHLIB_LD} -o $@ ${OBJS} ${SHLIB_LD_LIBS} ${TCL_SHLIB_LD_EXTRAS} ${TK_SHLIB_LD_EXTRAS} ${LD_SEARCH_FLAGS}'
MAKE_STUB_LIB='${STLIB_LD} $@ ${STUB_LIB_OBJS} ; ${RANLIB} $@'
MAN_FLAGS=''
OBJEXT='o'
PACKAGE_BUGREPORT=''
PACKAGE_DIR='/tools/lib'
PACKAGE_NAME='tcl'
PACKAGE_STRING='tcl 8.6'
PACKAGE_TARNAME='tcl'
PACKAGE_VERSION='8.6'
PATH_SEPARATOR=':'
PKG_CFG_ARGS=''--prefix=/tools' '
PLAT_OBJS=''
PLAT_SRCS=''
PRIVATE_INCLUDE_DIR='$(includedir)'
RANLIB='ranlib'
SHELL='/bin/sh'
SHLIB_CFLAGS='-fPIC'
SHLIB_LD='${CC} ${CFLAGS} ${LDFLAGS} -shared'
SHLIB_LD_LIBS='${LIBS}'
SHLIB_SUFFIX='.so'
STLIB_LD='${AR} cr'
TCLSH_PROG='./${TCL_EXE}'
TCL_BUILD_LIB_SPEC='-L/mnt/lfs/sources/tcl8.6.8/unix -ltcl8.6'
TCL_BUILD_STUB_LIB_PATH='/mnt/lfs/sources/tcl8.6.8/unix/libtclstub8.6.a'
TCL_BUILD_STUB_LIB_SPEC='-L/mnt/lfs/sources/tcl8.6.8/unix -ltclstub8.6'
TCL_HAS_LONGLONG=''
TCL_INCLUDE_SPEC='-I/tools/include'
TCL_LIBRARY='$(prefix)/lib/tcl$(VERSION)'
TCL_LIBS='-ldl  -lpthread -lm'
TCL_LIB_FILE='libtcl8.6.so'
TCL_LIB_FLAG='-ltcl8.6'
TCL_LIB_SPEC='-L/tools/lib -ltcl8.6'
TCL_LIB_VERSIONS_OK='ok'
TCL_MAJOR_VERSION='8'
TCL_MINOR_VERSION='6'
TCL_MODULE_PATH=''
TCL_PACKAGE_PATH='/tools/lib '
TCL_PATCH_LEVEL='.8'
TCL_SHARED_BUILD='1'
TCL_SHARED_LIB_SUFFIX='${VERSION}${SHLIB_SUFFIX}'
TCL_SHLIB_LD_EXTRAS=''
TCL_SRC_DIR='/mnt/lfs/sources/tcl8.6.8'
TCL_STUB_LIB_FILE='libtclstub8.6.a'
TCL_STUB_LIB_FLAG='-ltclstub8.6'
TCL_STUB_LIB_PATH='/tools/lib/libtclstub8.6.a'
TCL_STUB_LIB_SPEC='-L/tools/lib -ltclstub8.6'
TCL_THREADS='1'
TCL_UNSHARED_LIB_SUFFIX='${VERSION}.a'
TCL_VERSION='8.6'
TCL_YEAR=''
TK_SHLIB_LD_EXTRAS=''
ZLIB_INCLUDE='-I${ZLIB_DIR}'
ZLIB_OBJS='${ZLIB_OBJS}'
ZLIB_SRCS='${ZLIB_SRCS}'
ac_ct_AR='ar'
ac_ct_CC='gcc'
ac_ct_RANLIB='ranlib'
bindir='${exec_prefix}/bin'
build_alias=''
datadir='${prefix}/share'
exec_prefix='/tools'
host_alias=''
includedir='${prefix}/include'
infodir='${prefix}/info'
libdir='/tools/lib'
libexecdir='${exec_prefix}/libexec'
localstatedir='${prefix}/var'
mandir='${prefix}/man'
oldincludedir='/usr/include'
prefix='/tools'
program_transform_name='s,x,x,'
sbindir='${exec_prefix}/sbin'
sharedstatedir='${prefix}/com'
sysconfdir='${prefix}/etc'
target_alias=''

## ----------- ##
## confdefs.h. ##
## ----------- ##

#define HAVE_BLKCNT_T 1
#define HAVE_CAST_TO_UNION 1
#define HAVE_CPUID 1
#define HAVE_FREEADDRINFO 1
#define HAVE_FTS 1
#define HAVE_GAI_STRERROR 1
#define HAVE_GETADDRINFO 1
#define HAVE_GETCWD 1
#define HAVE_GETGRGID_R 1
#define HAVE_GETGRGID_R_5 1
#define HAVE_GETGRNAM_R 1
#define HAVE_GETGRNAM_R_5 1
#define HAVE_GETHOSTBYADDR_R 1
#define HAVE_GETHOSTBYADDR_R_8 1
#define HAVE_GETHOSTBYNAME_R 1
#define HAVE_GETHOSTBYNAME_R_6 1
#define HAVE_GETNAMEINFO 1
#define HAVE_GETPWNAM_R 1
#define HAVE_GETPWNAM_R_5 1
#define HAVE_GETPWUID_R 1
#define HAVE_GETPWUID_R_5 1
#define HAVE_GMTIME_R 1
#define HAVE_HIDDEN 1
#define HAVE_INTPTR_T 1
#define HAVE_INTTYPES_H 1
#define HAVE_LANGINFO 1
#define HAVE_LOCALTIME_R 1
#define HAVE_MEMORY_H 1
#define HAVE_MKSTEMP 1
#define HAVE_MKSTEMPS 1
#define HAVE_MKTIME 1
#define HAVE_OPENDIR 1
#define HAVE_PTHREAD_ATFORK 1
#define HAVE_PTHREAD_ATTR_SETSTACKSIZE 1
#define HAVE_SIGNED_CHAR 1
#define HAVE_STDINT_H 1
#define HAVE_STDLIB_H 1
#define HAVE_STRINGS_H 1
#define HAVE_STRING_H 1
#define HAVE_STRTOL 1
#define HAVE_STRUCT_ADDRINFO 1
#define HAVE_STRUCT_IN6_ADDR 1
#define HAVE_STRUCT_SOCKADDR_IN6 1
#define HAVE_STRUCT_SOCKADDR_STORAGE 1
#define HAVE_STRUCT_STAT_ST_BLKSIZE 1
#define HAVE_STRUCT_STAT_ST_BLOCKS 1
#define HAVE_SYS_IOCTL_H 1
#define HAVE_SYS_IOCTL_H 1
#define HAVE_SYS_PARAM_H 1
#define HAVE_SYS_STAT_H 1
#define HAVE_SYS_TIME_H 1
#define HAVE_SYS_TYPES_H 1
#define HAVE_TERMIOS_H 1
#define HAVE_TIMEZONE_VAR 1
#define HAVE_TM_GMTOFF 1
#define HAVE_UINTPTR_T 1
#define HAVE_UNISTD_H 1
#define HAVE_WAITPID 1
#define HAVE_ZLIB 1
#define MODULE_SCOPE extern __attribute__((__visibility__("hidden")))
#define MP_PREC 4
#define NDEBUG 1
#define NO_UNION_WAIT 1
#define PACKAGE_BUGREPORT ""
#define PACKAGE_NAME "tcl"
#define PACKAGE_STRING "tcl 8.6"
#define PACKAGE_TARNAME "tcl"
#define PACKAGE_VERSION "8.6"
#define STDC_HEADERS 1
#define TCL_CFGVAL_ENCODING "iso8859-1"
#define TCL_CFG_OPTIMIZED 1
#define TCL_SHLIB_EXT ".so"
#define TCL_THREADS 1
#define TCL_TOMMATH 1
#define TCL_UNLOAD_DLLS 1
#define TCL_WIDE_INT_IS_LONG 1
#define TIME_WITH_SYS_TIME 1
#define USE_THREAD_ALLOC 1
#define _LARGEFILE64_SOURCE 1
#define _REENTRANT 1
#define _THREAD_SAFE 1

configure: exit 0
