This file contains any messages produced by compilers while
running configure, to aid debugging if configure makes a mistake.

It was created by attr configure 2.4.48, which was
generated by GNU Autoconf 2.69.  Invocation command line was

  $ ./configure --prefix=/usr --disable-static --sysconfdir=/etc --docdir=/usr/share/doc/attr-2.4.48

## --------- ##
## Platform. ##
## --------- ##

hostname = ip-172-31-5-17
uname -m = x86_64
uname -r = 4.15.0-1021-aws
uname -s = Linux
uname -v = #21-Ubuntu SMP Tue Aug 28 10:23:07 UTC 2018

/usr/bin/uname -p = unknown
/bin/uname -X     = unknown

/bin/arch              = unknown
/usr/bin/arch -k       = unknown
/usr/convex/getsysinfo = unknown
/usr/bin/hostinfo      = unknown
/bin/machine           = unknown
/usr/bin/oslevel       = unknown
/bin/universe          = unknown

PATH: /bin
PATH: /usr/bin
PATH: /sbin
PATH: /usr/sbin
PATH: /tools/bin


## ----------- ##
## Core tests. ##
## ----------- ##

configure:2351: checking for a BSD-compatible install
configure:2419: result: /usr/bin/install -c
configure:2430: checking whether build environment is sane
configure:2485: result: yes
configure:2636: checking for a thread-safe mkdir -p
configure:2675: result: /tools/bin/mkdir -p
configure:2682: checking for gawk
configure:2698: found /tools/bin/gawk
configure:2709: result: gawk
configure:2720: checking whether make sets $(MAKE)
configure:2742: result: yes
configure:2771: checking whether make supports nested variables
configure:2788: result: yes
configure:2925: checking whether make supports nested variables
configure:2942: result: yes
configure:3002: checking for gcc
configure:3018: found /usr/bin/gcc
configure:3029: result: gcc
configure:3258: checking for C compiler version
configure:3267: gcc --version >&5
gcc (GCC) 8.2.0
Copyright (C) 2018 Free Software Foundation, Inc.
This is free software; see the source for copying conditions.  There is NO
warranty; not even for MERCHANTABILITY or FITNESS FOR A PARTICULAR PURPOSE.

configure:3278: $? = 0
configure:3267: gcc -v >&5
Using built-in specs.
COLLECT_GCC=gcc
COLLECT_LTO_WRAPPER=/usr/libexec/gcc/x86_64-pc-linux-gnu/8.2.0/lto-wrapper
Target: x86_64-pc-linux-gnu
Configured with: ../configure --prefix=/usr --enable-languages=c,c++ --disable-multilib --disable-bootstrap --disable-libmpx --with-system-zlib
Thread model: posix
gcc version 8.2.0 (GCC) 
configure:3278: $? = 0
configure:3267: gcc -V >&5
gcc: error: unrecognized command line option '-V'
gcc: fatal error: no input files
compilation terminated.
configure:3278: $? = 1
configure:3267: gcc -qversion >&5
gcc: error: unrecognized command line option '-qversion'; did you mean '--version'?
gcc: fatal error: no input files
compilation terminated.
configure:3278: $? = 1
configure:3298: checking whether the C compiler works
configure:3320: gcc    conftest.c  >&5
configure:3324: $? = 0
configure:3372: result: yes
configure:3375: checking for C compiler default output file name
configure:3377: result: a.out
configure:3383: checking for suffix of executables
configure:3390: gcc -o conftest    conftest.c  >&5
configure:3394: $? = 0
configure:3416: result: 
configure:3438: checking whether we are cross compiling
configure:3446: gcc -o conftest    conftest.c  >&5
configure:3450: $? = 0
configure:3457: ./conftest
configure:3461: $? = 0
configure:3476: result: no
configure:3481: checking for suffix of object files
configure:3503: gcc -c   conftest.c >&5
configure:3507: $? = 0
configure:3528: result: o
configure:3532: checking whether we are using the GNU C compiler
configure:3551: gcc -c   conftest.c >&5
configure:3551: $? = 0
configure:3560: result: yes
configure:3569: checking whether gcc accepts -g
configure:3589: gcc -c -g  conftest.c >&5
configure:3589: $? = 0
configure:3630: result: yes
configure:3647: checking for gcc option to accept ISO C89
configure:3710: gcc  -c -g -O2  conftest.c >&5
configure:3710: $? = 0
configure:3723: result: none needed
configure:3748: checking whether gcc understands -c and -o together
configure:3770: gcc -c conftest.c -o conftest2.o
configure:3773: $? = 0
configure:3770: gcc -c conftest.c -o conftest2.o
configure:3773: $? = 0
configure:3785: result: yes
configure:3813: checking for style of include used by make
configure:3841: result: GNU
configure:3867: checking dependency style of gcc
configure:3978: result: gcc3
configure:4000: checking how to run the C preprocessor
configure:4031: gcc -E  conftest.c
configure:4031: $? = 0
configure:4045: gcc -E  conftest.c
conftest.c:11:10: fatal error: ac_nonexistent.h: No such file or directory
 #include <ac_nonexistent.h>
          ^~~~~~~~~~~~~~~~~~
compilation terminated.
configure:4045: $? = 1
configure: failed program was:
| /* confdefs.h */
| #define PACKAGE_NAME "attr"
| #define PACKAGE_TARNAME "attr"
| #define PACKAGE_VERSION "2.4.48"
| #define PACKAGE_STRING "attr 2.4.48"
| #define PACKAGE_BUGREPORT "acl-devel@nongnu.org"
| #define PACKAGE_URL ""
| #define PACKAGE "attr"
| #define VERSION "2.4.48"
| /* end confdefs.h.  */
| #include <ac_nonexistent.h>
configure:4070: result: gcc -E
configure:4090: gcc -E  conftest.c
configure:4090: $? = 0
configure:4104: gcc -E  conftest.c
conftest.c:11:10: fatal error: ac_nonexistent.h: No such file or directory
 #include <ac_nonexistent.h>
          ^~~~~~~~~~~~~~~~~~
compilation terminated.
configure:4104: $? = 1
configure: failed program was:
| /* confdefs.h */
| #define PACKAGE_NAME "attr"
| #define PACKAGE_TARNAME "attr"
| #define PACKAGE_VERSION "2.4.48"
| #define PACKAGE_STRING "attr 2.4.48"
| #define PACKAGE_BUGREPORT "acl-devel@nongnu.org"
| #define PACKAGE_URL ""
| #define PACKAGE "attr"
| #define VERSION "2.4.48"
| /* end confdefs.h.  */
| #include <ac_nonexistent.h>
configure:4133: checking for grep that handles long lines and -e
configure:4191: result: /tools/bin/grep
configure:4196: checking for egrep
configure:4258: result: /tools/bin/grep -E
configure:4263: checking for ANSI C header files
configure:4283: gcc -c -g -O2  conftest.c >&5
configure:4283: $? = 0
configure:4356: gcc -o conftest -g -O2   conftest.c  >&5
configure:4356: $? = 0
configure:4356: ./conftest
configure:4356: $? = 0
configure:4367: result: yes
configure:4380: checking for sys/types.h
configure:4380: gcc -c -g -O2  conftest.c >&5
configure:4380: $? = 0
configure:4380: result: yes
configure:4380: checking for sys/stat.h
configure:4380: gcc -c -g -O2  conftest.c >&5
configure:4380: $? = 0
configure:4380: result: yes
configure:4380: checking for stdlib.h
configure:4380: gcc -c -g -O2  conftest.c >&5
configure:4380: $? = 0
configure:4380: result: yes
configure:4380: checking for string.h
configure:4380: gcc -c -g -O2  conftest.c >&5
configure:4380: $? = 0
configure:4380: result: yes
configure:4380: checking for memory.h
configure:4380: gcc -c -g -O2  conftest.c >&5
configure:4380: $? = 0
configure:4380: result: yes
configure:4380: checking for strings.h
configure:4380: gcc -c -g -O2  conftest.c >&5
configure:4380: $? = 0
configure:4380: result: yes
configure:4380: checking for inttypes.h
configure:4380: gcc -c -g -O2  conftest.c >&5
configure:4380: $? = 0
configure:4380: result: yes
configure:4380: checking for stdint.h
configure:4380: gcc -c -g -O2  conftest.c >&5
configure:4380: $? = 0
configure:4380: result: yes
configure:4380: checking for unistd.h
configure:4380: gcc -c -g -O2  conftest.c >&5
configure:4380: $? = 0
configure:4380: result: yes
configure:4393: checking minix/config.h usability
configure:4393: gcc -c -g -O2  conftest.c >&5
conftest.c:54:10: fatal error: minix/config.h: No such file or directory
 #include <minix/config.h>
          ^~~~~~~~~~~~~~~~
compilation terminated.
configure:4393: $? = 1
configure: failed program was:
| /* confdefs.h */
| #define PACKAGE_NAME "attr"
| #define PACKAGE_TARNAME "attr"
| #define PACKAGE_VERSION "2.4.48"
| #define PACKAGE_STRING "attr 2.4.48"
| #define PACKAGE_BUGREPORT "acl-devel@nongnu.org"
| #define PACKAGE_URL ""
| #define PACKAGE "attr"
| #define VERSION "2.4.48"
| #define STDC_HEADERS 1
| #define HAVE_SYS_TYPES_H 1
| #define HAVE_SYS_STAT_H 1
| #define HAVE_STDLIB_H 1
| #define HAVE_STRING_H 1
| #define HAVE_MEMORY_H 1
| #define HAVE_STRINGS_H 1
| #define HAVE_INTTYPES_H 1
| #define HAVE_STDINT_H 1
| #define HAVE_UNISTD_H 1
| /* end confdefs.h.  */
| #include <stdio.h>
| #ifdef HAVE_SYS_TYPES_H
| # include <sys/types.h>
| #endif
| #ifdef HAVE_SYS_STAT_H
| # include <sys/stat.h>
| #endif
| #ifdef STDC_HEADERS
| # include <stdlib.h>
| # include <stddef.h>
| #else
| # ifdef HAVE_STDLIB_H
| #  include <stdlib.h>
| # endif
| #endif
| #ifdef HAVE_STRING_H
| # if !defined STDC_HEADERS && defined HAVE_MEMORY_H
| #  include <memory.h>
| # endif
| # include <string.h>
| #endif
| #ifdef HAVE_STRINGS_H
| # include <strings.h>
| #endif
| #ifdef HAVE_INTTYPES_H
| # include <inttypes.h>
| #endif
| #ifdef HAVE_STDINT_H
| # include <stdint.h>
| #endif
| #ifdef HAVE_UNISTD_H
| # include <unistd.h>
| #endif
| #include <minix/config.h>
configure:4393: result: no
configure:4393: checking minix/config.h presence
configure:4393: gcc -E  conftest.c
conftest.c:21:10: fatal error: minix/config.h: No such file or directory
 #include <minix/config.h>
          ^~~~~~~~~~~~~~~~
compilation terminated.
configure:4393: $? = 1
configure: failed program was:
| /* confdefs.h */
| #define PACKAGE_NAME "attr"
| #define PACKAGE_TARNAME "attr"
| #define PACKAGE_VERSION "2.4.48"
| #define PACKAGE_STRING "attr 2.4.48"
| #define PACKAGE_BUGREPORT "acl-devel@nongnu.org"
| #define PACKAGE_URL ""
| #define PACKAGE "attr"
| #define VERSION "2.4.48"
| #define STDC_HEADERS 1
| #define HAVE_SYS_TYPES_H 1
| #define HAVE_SYS_STAT_H 1
| #define HAVE_STDLIB_H 1
| #define HAVE_STRING_H 1
| #define HAVE_MEMORY_H 1
| #define HAVE_STRINGS_H 1
| #define HAVE_INTTYPES_H 1
| #define HAVE_STDINT_H 1
| #define HAVE_UNISTD_H 1
| /* end confdefs.h.  */
| #include <minix/config.h>
configure:4393: result: no
configure:4393: checking for minix/config.h
configure:4393: result: no
configure:4414: checking whether it is safe to define __EXTENSIONS__
configure:4432: gcc -c -g -O2  conftest.c >&5
configure:4432: $? = 0
configure:4439: result: yes
configure:4453: checking for an ANSI C-conforming const
configure:4519: gcc -c -g -O2  conftest.c >&5
configure:4519: $? = 0
configure:4526: result: yes
configure:4534: checking for mode_t
configure:4534: gcc -c -g -O2  conftest.c >&5
configure:4534: $? = 0
configure:4534: gcc -c -g -O2  conftest.c >&5
conftest.c: In function 'main':
conftest.c:62:21: error: expected expression before ')' token
 if (sizeof ((mode_t)))
                     ^
configure:4534: $? = 1
configure: failed program was:
| /* confdefs.h */
| #define PACKAGE_NAME "attr"
| #define PACKAGE_TARNAME "attr"
| #define PACKAGE_VERSION "2.4.48"
| #define PACKAGE_STRING "attr 2.4.48"
| #define PACKAGE_BUGREPORT "acl-devel@nongnu.org"
| #define PACKAGE_URL ""
| #define PACKAGE "attr"
| #define VERSION "2.4.48"
| #define STDC_HEADERS 1
| #define HAVE_SYS_TYPES_H 1
| #define HAVE_SYS_STAT_H 1
| #define HAVE_STDLIB_H 1
| #define HAVE_STRING_H 1
| #define HAVE_MEMORY_H 1
| #define HAVE_STRINGS_H 1
| #define HAVE_INTTYPES_H 1
| #define HAVE_STDINT_H 1
| #define HAVE_UNISTD_H 1
| #define __EXTENSIONS__ 1
| #define _ALL_SOURCE 1
| #define _GNU_SOURCE 1
| #define _POSIX_PTHREAD_SEMANTICS 1
| #define _TANDEM_SOURCE 1
| /* end confdefs.h.  */
| #include <stdio.h>
| #ifdef HAVE_SYS_TYPES_H
| # include <sys/types.h>
| #endif
| #ifdef HAVE_SYS_STAT_H
| # include <sys/stat.h>
| #endif
| #ifdef STDC_HEADERS
| # include <stdlib.h>
| # include <stddef.h>
| #else
| # ifdef HAVE_STDLIB_H
| #  include <stdlib.h>
| # endif
| #endif
| #ifdef HAVE_STRING_H
| # if !defined STDC_HEADERS && defined HAVE_MEMORY_H
| #  include <memory.h>
| # endif
| # include <string.h>
| #endif
| #ifdef HAVE_STRINGS_H
| # include <strings.h>
| #endif
| #ifdef HAVE_INTTYPES_H
| # include <inttypes.h>
| #endif
| #ifdef HAVE_STDINT_H
| # include <stdint.h>
| #endif
| #ifdef HAVE_UNISTD_H
| # include <unistd.h>
| #endif
| int
| main ()
| {
| if (sizeof ((mode_t)))
| 	    return 0;
|   ;
|   return 0;
| }
configure:4534: result: yes
configure:4545: checking for size_t
configure:4545: gcc -c -g -O2  conftest.c >&5
configure:4545: $? = 0
configure:4545: gcc -c -g -O2  conftest.c >&5
conftest.c: In function 'main':
conftest.c:62:21: error: expected expression before ')' token
 if (sizeof ((size_t)))
                     ^
configure:4545: $? = 1
configure: failed program was:
| /* confdefs.h */
| #define PACKAGE_NAME "attr"
| #define PACKAGE_TARNAME "attr"
| #define PACKAGE_VERSION "2.4.48"
| #define PACKAGE_STRING "attr 2.4.48"
| #define PACKAGE_BUGREPORT "acl-devel@nongnu.org"
| #define PACKAGE_URL ""
| #define PACKAGE "attr"
| #define VERSION "2.4.48"
| #define STDC_HEADERS 1
| #define HAVE_SYS_TYPES_H 1
| #define HAVE_SYS_STAT_H 1
| #define HAVE_STDLIB_H 1
| #define HAVE_STRING_H 1
| #define HAVE_MEMORY_H 1
| #define HAVE_STRINGS_H 1
| #define HAVE_INTTYPES_H 1
| #define HAVE_STDINT_H 1
| #define HAVE_UNISTD_H 1
| #define __EXTENSIONS__ 1
| #define _ALL_SOURCE 1
| #define _GNU_SOURCE 1
| #define _POSIX_PTHREAD_SEMANTICS 1
| #define _TANDEM_SOURCE 1
| /* end confdefs.h.  */
| #include <stdio.h>
| #ifdef HAVE_SYS_TYPES_H
| # include <sys/types.h>
| #endif
| #ifdef HAVE_SYS_STAT_H
| # include <sys/stat.h>
| #endif
| #ifdef STDC_HEADERS
| # include <stdlib.h>
| # include <stddef.h>
| #else
| # ifdef HAVE_STDLIB_H
| #  include <stdlib.h>
| # endif
| #endif
| #ifdef HAVE_STRING_H
| # if !defined STDC_HEADERS && defined HAVE_MEMORY_H
| #  include <memory.h>
| # endif
| # include <string.h>
| #endif
| #ifdef HAVE_STRINGS_H
| # include <strings.h>
| #endif
| #ifdef HAVE_INTTYPES_H
| # include <inttypes.h>
| #endif
| #ifdef HAVE_STDINT_H
| # include <stdint.h>
| #endif
| #ifdef HAVE_UNISTD_H
| # include <unistd.h>
| #endif
| int
| main ()
| {
| if (sizeof ((size_t)))
| 	    return 0;
|   ;
|   return 0;
| }
configure:4545: result: yes
configure:4558: checking for working alloca.h
configure:4575: gcc -o conftest -g -O2   conftest.c  >&5
configure:4575: $? = 0
configure:4583: result: yes
configure:4591: checking for alloca
configure:4628: gcc -o conftest -g -O2   conftest.c  >&5
configure:4628: $? = 0
configure:4636: result: yes
configure:4742: checking whether __attribute__((visibility())) is supported
configure:4763: result: yes
configure:4829: checking for ar
configure:4845: found /usr/bin/ar
configure:4856: result: ar
configure:4882: checking the archiver (ar) interface
configure:4898: gcc -c -g -O2 -fvisibility=hidden  conftest.c >&5
configure:4898: $? = 0
configure:4900: ar cru libconftest.a conftest.o >&5
configure:4903: $? = 0
configure:4931: result: ar
configure:4980: checking build system type
configure:4994: result: x86_64-pc-linux-gnu
configure:5014: checking host system type
configure:5027: result: x86_64-pc-linux-gnu
configure:5068: checking how to print strings
configure:5095: result: printf
configure:5116: checking for a sed that does not truncate output
configure:5180: result: /tools/bin/sed
configure:5198: checking for fgrep
configure:5260: result: /tools/bin/grep -F
configure:5295: checking for ld used by gcc
configure:5362: result: /usr/bin/ld
configure:5369: checking if the linker (/usr/bin/ld) is GNU ld
configure:5384: result: yes
configure:5396: checking for BSD- or MS-compatible name lister (nm)
configure:5450: result: /usr/bin/nm -B
configure:5580: checking the name lister (/usr/bin/nm -B) interface
configure:5587: gcc -c -g -O2 -fvisibility=hidden  conftest.c >&5
configure:5590: /usr/bin/nm -B "conftest.o"
configure:5593: output
0000000000000000 B some_variable
configure:5600: result: BSD nm
configure:5603: checking whether ln -s works
configure:5607: result: yes
configure:5615: checking the maximum length of command line arguments
configure:5751: result: 6291456
configure:5799: checking how to convert x86_64-pc-linux-gnu file names to x86_64-pc-linux-gnu format
configure:5839: result: func_convert_file_noop
configure:5846: checking how to convert x86_64-pc-linux-gnu file names to toolchain format
configure:5866: result: func_convert_file_noop
configure:5873: checking for /usr/bin/ld option to reload object files
configure:5880: result: -r
configure:5954: checking for objdump
configure:5970: found /usr/bin/objdump
configure:5981: result: objdump
configure:6013: checking how to recognize dependent libraries
configure:6213: result: pass_all
configure:6298: checking for dlltool
configure:6328: result: no
configure:6358: checking how to associate runtime and link libraries
configure:6385: result: printf %s\n
configure:6509: checking for archiver @FILE support
configure:6526: gcc -c -g -O2 -fvisibility=hidden  conftest.c >&5
configure:6526: $? = 0
configure:6529: ar cru libconftest.a @conftest.lst >&5
configure:6532: $? = 0
configure:6537: ar cru libconftest.a @conftest.lst >&5
ar: conftest.o: No such file or directory
configure:6540: $? = 1
configure:6552: result: @
configure:6610: checking for strip
configure:6626: found /usr/bin/strip
configure:6637: result: strip
configure:6709: checking for ranlib
configure:6725: found /usr/bin/ranlib
configure:6736: result: ranlib
configure:6838: checking command to parse /usr/bin/nm -B output from gcc object
configure:6991: gcc -c -g -O2 -fvisibility=hidden  conftest.c >&5
configure:6994: $? = 0
configure:6998: /usr/bin/nm -B conftest.o \| sed -n -e 's/^.*[ ]\([ABCDGIRSTW][ABCDGIRSTW]*\)[ ][ ]*\([_A-Za-z][_A-Za-z0-9]*\)$/\1 \2 \2/p' | sed '/ __gnu_lto/d' \> conftest.nm
configure:7001: $? = 0
configure:7067: gcc -o conftest -g -O2 -fvisibility=hidden   conftest.c conftstm.o >&5
configure:7070: $? = 0
configure:7108: result: ok
configure:7155: checking for sysroot
configure:7185: result: no
configure:7192: checking for a working dd
configure:7230: result: /bin/dd
configure:7234: checking how to truncate binary pipes
configure:7249: result: /bin/dd bs=4096 count=1
configure:7385: gcc -c -g -O2 -fvisibility=hidden  conftest.c >&5
configure:7388: $? = 0
configure:7578: checking for mt
configure:7608: result: no
configure:7628: checking if : is a manifest tool
configure:7634: : '-?'
configure:7642: result: no
configure:8316: checking for dlfcn.h
configure:8316: gcc -c -g -O2 -fvisibility=hidden  conftest.c >&5
configure:8316: $? = 0
configure:8316: result: yes
configure:8572: checking for objdir
configure:8587: result: .libs
configure:8851: checking if gcc supports -fno-rtti -fno-exceptions
configure:8869: gcc -c -g -O2 -fvisibility=hidden  -fno-rtti -fno-exceptions conftest.c >&5
cc1: warning: command line option '-fno-rtti' is valid for C++/ObjC++ but not for C
configure:8873: $? = 0
configure:8886: result: no
configure:9244: checking for gcc option to produce PIC
configure:9251: result: -fPIC -DPIC
configure:9259: checking if gcc PIC flag -fPIC -DPIC works
configure:9277: gcc -c -g -O2 -fvisibility=hidden  -fPIC -DPIC -DPIC conftest.c >&5
configure:9281: $? = 0
configure:9294: result: yes
configure:9323: checking if gcc static flag -static works
configure:9351: result: yes
configure:9366: checking if gcc supports -c -o file.o
configure:9387: gcc -c -g -O2 -fvisibility=hidden  -o out/conftest2.o conftest.c >&5
configure:9391: $? = 0
configure:9413: result: yes
configure:9421: checking if gcc supports -c -o file.o
configure:9468: result: yes
configure:9501: checking whether the gcc linker (/usr/bin/ld -m elf_x86_64) supports shared libraries
configure:10760: result: yes
configure:10797: checking whether -lc should be explicitly linked in
configure:10805: gcc -c -g -O2 -fvisibility=hidden  conftest.c >&5
configure:10808: $? = 0
configure:10823: gcc -shared  -fPIC -DPIC conftest.o  -v -Wl,-soname -Wl,conftest -o conftest 2\>\&1 \| /tools/bin/grep  -lc  \>/dev/null 2\>\&1
configure:10826: $? = 0
configure:10840: result: no
configure:11000: checking dynamic linker characteristics
configure:11594: gcc -o conftest -g -O2 -fvisibility=hidden   -Wl,-rpath -Wl,/foo conftest.c  >&5
configure:11594: $? = 0
configure:11831: result: GNU/Linux ld.so
configure:11953: checking how to hardcode library paths into programs
configure:11978: result: immediate
configure:12526: checking whether stripping libraries is possible
configure:12531: result: yes
configure:12566: checking if libtool supports shared libraries
configure:12568: result: yes
configure:12571: checking whether to build shared libraries
configure:12596: result: yes
configure:12599: checking whether to build static libraries
configure:12603: result: no
configure:12643: checking whether NLS is requested
configure:12652: result: yes
configure:12692: checking for msgfmt
configure: trying /tools/bin/msgfmt...
0 translated messages.
configure:12724: result: /tools/bin/msgfmt
configure:12733: checking for gmsgfmt
configure:12764: result: /tools/bin/msgfmt
configure:12814: checking for xgettext
configure: trying /tools/bin/xgettext...
/tools/bin/xgettext: warning: file '/dev/null' extension '' is unknown; will try C
configure:12846: result: /tools/bin/xgettext
configure:12891: checking for msgmerge
configure: trying /tools/bin/msgmerge...
configure:12922: result: /tools/bin/msgmerge
configure:12980: checking for ld used by gcc
configure:13047: result: /usr/bin/ld -m elf_x86_64
configure:13054: checking if the linker (/usr/bin/ld -m elf_x86_64) is GNU ld
configure:13069: result: yes
configure:13076: checking for shared library run path origin
configure:13089: result: done
configure:13661: checking for CFPreferencesCopyAppValue
configure:13679: gcc -o conftest -g -O2 -fvisibility=hidden   conftest.c  -Wl,-framework -Wl,CoreFoundation >&5
conftest.c:32:10: fatal error: CoreFoundation/CFPreferences.h: No such file or directory
 #include <CoreFoundation/CFPreferences.h>
          ^~~~~~~~~~~~~~~~~~~~~~~~~~~~~~~~
compilation terminated.
configure:13679: $? = 1
configure: failed program was:
| /* confdefs.h */
| #define PACKAGE_NAME "attr"
| #define PACKAGE_TARNAME "attr"
| #define PACKAGE_VERSION "2.4.48"
| #define PACKAGE_STRING "attr 2.4.48"
| #define PACKAGE_BUGREPORT "acl-devel@nongnu.org"
| #define PACKAGE_URL ""
| #define PACKAGE "attr"
| #define VERSION "2.4.48"
| #define STDC_HEADERS 1
| #define HAVE_SYS_TYPES_H 1
| #define HAVE_SYS_STAT_H 1
| #define HAVE_STDLIB_H 1
| #define HAVE_STRING_H 1
| #define HAVE_MEMORY_H 1
| #define HAVE_STRINGS_H 1
| #define HAVE_INTTYPES_H 1
| #define HAVE_STDINT_H 1
| #define HAVE_UNISTD_H 1
| #define __EXTENSIONS__ 1
| #define _ALL_SOURCE 1
| #define _GNU_SOURCE 1
| #define _POSIX_PTHREAD_SEMANTICS 1
| #define _TANDEM_SOURCE 1
| #define HAVE_ALLOCA_H 1
| #define HAVE_ALLOCA 1
| #define HAVE_VISIBILITY_ATTRIBUTE /**/
| #define EXPORT __attribute__ ((visibility ("default"))) extern
| #define HAVE_DLFCN_H 1
| #define LT_OBJDIR ".libs/"
| /* end confdefs.h.  */
| #include <CoreFoundation/CFPreferences.h>
| int
| main ()
| {
| CFPreferencesCopyAppValue(NULL, NULL)
|   ;
|   return 0;
| }
configure:13688: result: no
configure:13695: checking for CFLocaleCopyCurrent
configure:13713: gcc -o conftest -g -O2 -fvisibility=hidden   conftest.c  -Wl,-framework -Wl,CoreFoundation >&5
conftest.c:32:10: fatal error: CoreFoundation/CFLocale.h: No such file or directory
 #include <CoreFoundation/CFLocale.h>
          ^~~~~~~~~~~~~~~~~~~~~~~~~~~
compilation terminated.
configure:13713: $? = 1
configure: failed program was:
| /* confdefs.h */
| #define PACKAGE_NAME "attr"
| #define PACKAGE_TARNAME "attr"
| #define PACKAGE_VERSION "2.4.48"
| #define PACKAGE_STRING "attr 2.4.48"
| #define PACKAGE_BUGREPORT "acl-devel@nongnu.org"
| #define PACKAGE_URL ""
| #define PACKAGE "attr"
| #define VERSION "2.4.48"
| #define STDC_HEADERS 1
| #define HAVE_SYS_TYPES_H 1
| #define HAVE_SYS_STAT_H 1
| #define HAVE_STDLIB_H 1
| #define HAVE_STRING_H 1
| #define HAVE_MEMORY_H 1
| #define HAVE_STRINGS_H 1
| #define HAVE_INTTYPES_H 1
| #define HAVE_STDINT_H 1
| #define HAVE_UNISTD_H 1
| #define __EXTENSIONS__ 1
| #define _ALL_SOURCE 1
| #define _GNU_SOURCE 1
| #define _POSIX_PTHREAD_SEMANTICS 1
| #define _TANDEM_SOURCE 1
| #define HAVE_ALLOCA_H 1
| #define HAVE_ALLOCA 1
| #define HAVE_VISIBILITY_ATTRIBUTE /**/
| #define EXPORT __attribute__ ((visibility ("default"))) extern
| #define HAVE_DLFCN_H 1
| #define LT_OBJDIR ".libs/"
| /* end confdefs.h.  */
| #include <CoreFoundation/CFLocale.h>
| int
| main ()
| {
| CFLocaleCopyCurrent();
|   ;
|   return 0;
| }
configure:13722: result: no
configure:13771: checking for GNU gettext in libc
configure:13795: gcc -o conftest -g -O2 -fvisibility=hidden   conftest.c  >&5
configure:13795: $? = 0
configure:13804: result: yes
configure:14632: checking whether to use NLS
configure:14634: result: yes
configure:14637: checking where the gettext function comes from
configure:14648: result: libc
configure:14833: checking that generated files are newer than configure
configure:14839: result: done
configure:14862: creating ./config.status

## ---------------------- ##
## Running config.status. ##
## ---------------------- ##

This file was extended by attr config.status 2.4.48, which was
generated by GNU Autoconf 2.69.  Invocation command line was

  CONFIG_FILES    = 
  CONFIG_HEADERS  = 
  CONFIG_LINKS    = 
  CONFIG_COMMANDS = 
  $ ./config.status 

on ip-172-31-5-17

config.status:1125: creating libattr.pc
config.status:1125: creating Makefile
config.status:1125: creating po/Makefile.in
config.status:1125: creating include/config.h
config.status:1354: executing depfiles commands
config.status:1354: executing libtool commands
config.status:1354: executing po-directories commands
config.status:1354: executing include/attr commands

## ---------------- ##
## Cache variables. ##
## ---------------- ##

ac_cv_build=x86_64-pc-linux-gnu
ac_cv_c_compiler_gnu=yes
ac_cv_c_const=yes
ac_cv_env_CC_set=
ac_cv_env_CC_value=
ac_cv_env_CFLAGS_set=
ac_cv_env_CFLAGS_value=
ac_cv_env_CPPFLAGS_set=
ac_cv_env_CPPFLAGS_value=
ac_cv_env_CPP_set=
ac_cv_env_CPP_value=
ac_cv_env_LDFLAGS_set=
ac_cv_env_LDFLAGS_value=
ac_cv_env_LIBS_set=
ac_cv_env_LIBS_value=
ac_cv_env_LT_SYS_LIBRARY_PATH_set=
ac_cv_env_LT_SYS_LIBRARY_PATH_value=
ac_cv_env_build_alias_set=
ac_cv_env_build_alias_value=
ac_cv_env_host_alias_set=
ac_cv_env_host_alias_value=
ac_cv_env_target_alias_set=
ac_cv_env_target_alias_value=
ac_cv_func_alloca_works=yes
ac_cv_header_dlfcn_h=yes
ac_cv_header_inttypes_h=yes
ac_cv_header_memory_h=yes
ac_cv_header_minix_config_h=no
ac_cv_header_stdc=yes
ac_cv_header_stdint_h=yes
ac_cv_header_stdlib_h=yes
ac_cv_header_string_h=yes
ac_cv_header_strings_h=yes
ac_cv_header_sys_stat_h=yes
ac_cv_header_sys_types_h=yes
ac_cv_header_unistd_h=yes
ac_cv_host=x86_64-pc-linux-gnu
ac_cv_objext=o
ac_cv_path_EGREP='/tools/bin/grep -E'
ac_cv_path_FGREP='/tools/bin/grep -F'
ac_cv_path_GMSGFMT=/tools/bin/msgfmt
ac_cv_path_GREP=/tools/bin/grep
ac_cv_path_MSGFMT=/tools/bin/msgfmt
ac_cv_path_MSGMERGE=/tools/bin/msgmerge
ac_cv_path_SED=/tools/bin/sed
ac_cv_path_XGETTEXT=/tools/bin/xgettext
ac_cv_path_install='/usr/bin/install -c'
ac_cv_path_lt_DD=/bin/dd
ac_cv_path_mkdir=/tools/bin/mkdir
ac_cv_prog_AWK=gawk
ac_cv_prog_CPP='gcc -E'
ac_cv_prog_ac_ct_AR=ar
ac_cv_prog_ac_ct_CC=gcc
ac_cv_prog_ac_ct_OBJDUMP=objdump
ac_cv_prog_ac_ct_RANLIB=ranlib
ac_cv_prog_ac_ct_STRIP=strip
ac_cv_prog_cc_c89=
ac_cv_prog_cc_g=yes
ac_cv_prog_make_make_set=yes
ac_cv_safe_to_define___extensions__=yes
ac_cv_type_mode_t=yes
ac_cv_type_size_t=yes
ac_cv_working_alloca_h=yes
acl_cv_hardcode_direct=no
acl_cv_hardcode_libdir_flag_spec='${wl}-rpath ${wl}$libdir'
acl_cv_hardcode_libdir_separator=
acl_cv_hardcode_minus_L=no
acl_cv_libext=a
acl_cv_libname_spec='lib$name'
acl_cv_library_names_spec='$libname$shrext'
acl_cv_path_LD='/usr/bin/ld -m elf_x86_64'
acl_cv_prog_gnu_ld=yes
acl_cv_rpath=done
acl_cv_shlibext=so
acl_cv_wl=-Wl,
am_cv_CC_dependencies_compiler_type=gcc3
am_cv_ar_interface=ar
am_cv_make_support_nested_variables=yes
am_cv_prog_cc_c_o=yes
gt_cv_func_CFLocaleCopyCurrent=no
gt_cv_func_CFPreferencesCopyAppValue=no
gt_cv_func_gnugettext1_libc=yes
libc_cv_visibility_attribute=yes
lt_cv_ar_at_file=@
lt_cv_archive_cmds_need_lc=no
lt_cv_deplibs_check_method=pass_all
lt_cv_file_magic_cmd='$MAGIC_CMD'
lt_cv_file_magic_test_file=
lt_cv_ld_reload_flag=-r
lt_cv_nm_interface='BSD nm'
lt_cv_objdir=.libs
lt_cv_path_LD=/usr/bin/ld
lt_cv_path_NM='/usr/bin/nm -B'
lt_cv_path_mainfest_tool=no
lt_cv_prog_compiler_c_o=yes
lt_cv_prog_compiler_pic='-fPIC -DPIC'
lt_cv_prog_compiler_pic_works=yes
lt_cv_prog_compiler_rtti_exceptions=no
lt_cv_prog_compiler_static_works=yes
lt_cv_prog_gnu_ld=yes
lt_cv_sharedlib_from_linklib_cmd='printf %s\n'
lt_cv_shlibpath_overrides_runpath=no
lt_cv_sys_global_symbol_pipe='sed -n -e '\''s/^.*[	 ]\([ABCDGIRSTW][ABCDGIRSTW]*\)[	 ][	 ]*\([_A-Za-z][_A-Za-z0-9]*\)$/\1 \2 \2/p'\'' | sed '\''/ __gnu_lto/d'\'''
lt_cv_sys_global_symbol_to_c_name_address='sed -n -e '\''s/^: \(.*\) .*$/  {"\1", (void *) 0},/p'\'' -e '\''s/^[ABCDGIRSTW][ABCDGIRSTW]* .* \(.*\)$/  {"\1", (void *) \&\1},/p'\'''
lt_cv_sys_global_symbol_to_c_name_address_lib_prefix='sed -n -e '\''s/^: \(.*\) .*$/  {"\1", (void *) 0},/p'\'' -e '\''s/^[ABCDGIRSTW][ABCDGIRSTW]* .* \(lib.*\)$/  {"\1", (void *) \&\1},/p'\'' -e '\''s/^[ABCDGIRSTW][ABCDGIRSTW]* .* \(.*\)$/  {"lib\1", (void *) \&\1},/p'\'''
lt_cv_sys_global_symbol_to_cdecl='sed -n -e '\''s/^T .* \(.*\)$/extern int \1();/p'\'' -e '\''s/^[ABCDGIRSTW][ABCDGIRSTW]* .* \(.*\)$/extern char \1;/p'\'''
lt_cv_sys_global_symbol_to_import=
lt_cv_sys_max_cmd_len=6291456
lt_cv_to_host_file_cmd=func_convert_file_noop
lt_cv_to_tool_file_cmd=func_convert_file_noop
lt_cv_truncate_bin='/bin/dd bs=4096 count=1'

## ----------------- ##
## Output variables. ##
## ----------------- ##

ACLOCAL='${SHELL} /sources/attr-2.4.48/build-aux/missing aclocal-1.15'
ALLOCA=''
AMDEPBACKSLASH='\'
AMDEP_FALSE='#'
AMDEP_TRUE=''
AMTAR='$${TAR-tar}'
AM_BACKSLASH='\'
AM_DEFAULT_V='$(AM_DEFAULT_VERBOSITY)'
AM_DEFAULT_VERBOSITY='0'
AM_V='$(V)'
AR='ar'
AUTOCONF='${SHELL} /sources/attr-2.4.48/build-aux/missing autoconf'
AUTOHEADER='${SHELL} /sources/attr-2.4.48/build-aux/missing autoheader'
AUTOMAKE='${SHELL} /sources/attr-2.4.48/build-aux/missing automake-1.15'
AWK='gawk'
CC='gcc'
CCDEPMODE='depmode=gcc3'
CFLAGS='-g -O2 -fvisibility=hidden'
CPP='gcc -E'
CPPFLAGS=' -DNDEBUG'
CYGPATH_W='echo'
DEFS='-DHAVE_CONFIG_H'
DEPDIR='.deps'
DLLTOOL='false'
DSYMUTIL=''
DUMPBIN=''
ECHO_C=''
ECHO_N='-n'
ECHO_T=''
EGREP='/tools/bin/grep -E'
EXEEXT=''
FGREP='/tools/bin/grep -F'
GETTEXT_MACRO_VERSION='0.18'
GMSGFMT='/tools/bin/msgfmt'
GMSGFMT_015='/tools/bin/msgfmt'
GREP='/tools/bin/grep'
INSTALL_DATA='${INSTALL} -m 644'
INSTALL_PROGRAM='${INSTALL}'
INSTALL_SCRIPT='${INSTALL}'
INSTALL_STRIP_PROGRAM='$(install_sh) -c -s'
INTLLIBS=''
INTL_MACOSX_LIBS=''
LD='/usr/bin/ld -m elf_x86_64'
LDFLAGS=''
LIBICONV='-liconv'
LIBINTL=''
LIBOBJS=''
LIBS=''
LIBTOOL='$(SHELL) $(top_builddir)/libtool'
LIPO=''
LN_S='ln -s'
LTLIBICONV='-liconv'
LTLIBINTL=''
LTLIBOBJS=''
LT_REVISION='2448'
LT_SYS_LIBRARY_PATH=''
MAKEINFO='${SHELL} /sources/attr-2.4.48/build-aux/missing makeinfo'
MANIFEST_TOOL=':'
MKDIR_P='/tools/bin/mkdir -p'
MSGFMT='/tools/bin/msgfmt'
MSGFMT_015='/tools/bin/msgfmt'
MSGMERGE='/tools/bin/msgmerge'
NM='/usr/bin/nm -B'
NMEDIT=''
OBJDUMP='objdump'
OBJEXT='o'
OTOOL64=''
OTOOL=''
PACKAGE='attr'
PACKAGE_BUGREPORT='acl-devel@nongnu.org'
PACKAGE_NAME='attr'
PACKAGE_STRING='attr 2.4.48'
PACKAGE_TARNAME='attr'
PACKAGE_URL=''
PACKAGE_VERSION='2.4.48'
PATH_SEPARATOR=':'
POSUB='po'
RANLIB='ranlib'
SED='/tools/bin/sed'
SET_MAKE=''
SHELL='/bin/sh'
STRIP='strip'
USE_NLS='yes'
VERSION='2.4.48'
XGETTEXT='/tools/bin/xgettext'
XGETTEXT_015='/tools/bin/xgettext'
XGETTEXT_EXTRA_OPTIONS=''
ac_ct_AR='ar'
ac_ct_CC='gcc'
ac_ct_DUMPBIN=''
am__EXEEXT_FALSE=''
am__EXEEXT_TRUE='#'
am__fastdepCC_FALSE='#'
am__fastdepCC_TRUE=''
am__include='include'
am__isrc=''
am__leading_dot='.'
am__nodep='_no'
am__quote=''
am__tar='$${TAR-tar} chof - "$$tardir"'
am__untar='$${TAR-tar} xf -'
bindir='${exec_prefix}/bin'
build='x86_64-pc-linux-gnu'
build_alias=''
build_cpu='x86_64'
build_os='linux-gnu'
build_vendor='pc'
datadir='${datarootdir}'
datarootdir='${prefix}/share'
docdir='/usr/share/doc/attr-2.4.48'
dvidir='${docdir}'
exec_prefix='${prefix}'
host='x86_64-pc-linux-gnu'
host_alias=''
host_cpu='x86_64'
host_os='linux-gnu'
host_vendor='pc'
htmldir='${docdir}'
includedir='${prefix}/include'
infodir='${datarootdir}/info'
install_sh='${SHELL} /sources/attr-2.4.48/build-aux/install-sh'
libdir='${exec_prefix}/lib'
libexecdir='${exec_prefix}/libexec'
localedir='${datarootdir}/locale'
localstatedir='${prefix}/var'
mandir='${datarootdir}/man'
mkdir_p='$(MKDIR_P)'
oldincludedir='/usr/include'
pdfdir='${docdir}'
prefix='/usr'
program_transform_name='s,x,x,'
psdir='${docdir}'
sbindir='${exec_prefix}/sbin'
sharedstatedir='${prefix}/com'
sysconfdir='/etc'
target_alias=''

## ----------- ##
## confdefs.h. ##
## ----------- ##

/* confdefs.h */
#define PACKAGE_NAME "attr"
#define PACKAGE_TARNAME "attr"
#define PACKAGE_VERSION "2.4.48"
#define PACKAGE_STRING "attr 2.4.48"
#define PACKAGE_BUGREPORT "acl-devel@nongnu.org"
#define PACKAGE_URL ""
#define PACKAGE "attr"
#define VERSION "2.4.48"
#define STDC_HEADERS 1
#define HAVE_SYS_TYPES_H 1
#define HAVE_SYS_STAT_H 1
#define HAVE_STDLIB_H 1
#define HAVE_STRING_H 1
#define HAVE_MEMORY_H 1
#define HAVE_STRINGS_H 1
#define HAVE_INTTYPES_H 1
#define HAVE_STDINT_H 1
#define HAVE_UNISTD_H 1
#define __EXTENSIONS__ 1
#define _ALL_SOURCE 1
#define _GNU_SOURCE 1
#define _POSIX_PTHREAD_SEMANTICS 1
#define _TANDEM_SOURCE 1
#define HAVE_ALLOCA_H 1
#define HAVE_ALLOCA 1
#define HAVE_VISIBILITY_ATTRIBUTE /**/
#define EXPORT __attribute__ ((visibility ("default"))) extern
#define HAVE_DLFCN_H 1
#define LT_OBJDIR ".libs/"
#define ENABLE_NLS 1
#define HAVE_GETTEXT 1
#define HAVE_DCGETTEXT 1

configure: exit 0
