++ srcdir=.
++ GINFO='./ginfo --init-file ./t/Infokey-config'
++ GINFO_NAME=ginfo
++ infodir=./t/infodir
++ export infodir
++ INFOPATH=./t/infodir
++ export INFOPATH
++ t=./t
++ export t
+++ basename ./t/close-window-after-search.sh.out
++ GINFO_OUTPUT=t/close-window-after-search.sh.out
+++ basename ./t/close-window-after-search.sh.pipein
++ PIPEIN=t/close-window-after-search.sh.pipein
+++ basename ./t/close-window-after-search.sh.pipeout
++ PTY_TYPE=t/close-window-after-search.sh.pipeout
++ rm -f t/close-window-after-search.sh.out
++ INFO_PRINT_COMMAND='>t/close-window-after-search.sh.out'
++ export INFO_PRINT_COMMAND
++ PTY_PID=0
++ LC_ALL=C
++ export LC_ALL
++ TERM=dumb
++ export TERM
++ STTY=true
++ reset_required=no
++ trap cleanup 2
+ . ./t/Init-inter.inc
++ test -x pseudotty
++ path_sep=:
++ TERM=vt100
++ export TERM
++ findprog stty
++ saveIFS=' 	
'
++ IFS=:
++ for dir in $PATH
++ IFS=' 	
'
++ test -f /bin/stty
++ test -x /bin/stty
++ return 0
++ STTY=stty
++ reset_required=yes
++ test yes=yes
++ stty
++ grep '[-]echo'
++ rm -f t/close-window-after-search.sh.pipein t/close-window-after-search.sh.pipeout
++ findprog mkfifo
++ saveIFS=' 	
'
++ IFS=:
++ for dir in $PATH
++ IFS=' 	
'
++ test -f /bin/mkfifo
++ test -f /bin/mkfifo.exe
++ for dir in $PATH
++ IFS=' 	
'
++ test -f /usr/bin/mkfifo
++ test -x /usr/bin/mkfifo
++ return 0
++ mkfifo t/close-window-after-search.sh.pipein
++ mkfifo t/close-window-after-search.sh.pipeout
++ test '!' -r t/close-window-after-search.sh.pipein
++ test '!' -r t/close-window-after-search.sh.pipeout
++ PTY_PID=1423
++ read PTS_DEVICE
++ exec ./pseudotty t/close-window-after-search.sh.pipeout
./pseudotty: getting pty master fd
./pseudotty: unlocking slave device
./pseudotty: getting file name of slave device...
./pseudotty: /dev/pts/0
./pseudotty: opening slave device
./pseudotty: attempting to set window size
./pseudotty: ...succeeded
./pseudotty: opening control channel
++ exec
./pseudotty: entering main loop
++ LIBC_FATAL_STDERR_=1
++ export LIBC_FATAL_STDERR
+ run_ginfo -f intera
+ GINFO_PID=1424
+ printf '\0302sblah\r\0300q'
./pseudotty: trying to read
+ timeout_test
./pseudotty: read byte 0x18
+ wait 1424
./pseudotty: trying to read
./pseudotty: read byte 0x32
./pseudotty: trying to read
./pseudotty: read byte 0x73
./pseudotty: trying to read
./pseudotty: read byte 0x62
./pseudotty: trying to read
./pseudotty: read byte 0x6C
./pseudotty: trying to read
./pseudotty: read byte 0x61
./pseudotty: trying to read
./pseudotty: read byte 0x68
./pseudotty: trying to read
./pseudotty: read byte 0x0D
./pseudotty: trying to read
./pseudotty: read byte 0x18
./pseudotty: trying to read
./pseudotty: read byte 0x30
./pseudotty: trying to read
./pseudotty: read byte 0x71
+ sh -c '
    exec 7>&- ; # Close fd from parent shell

    (sleep 3 ; kill $$) &
    exec ./ginfo --init-file ./t/Infokey-config  -f intera 0<>/dev/pts/0 1<&0 ;'
info: "./t/Infokey-config", line 2: unknown action `xxx-not-recognized'
info: "./t/Infokey-config", line 3: cannot bind key sequence to menu-digit
+ status=0
+ RETVAL=0
+ test 0 '!=' 0
+ GINFO_PID=0
+ cleanup
+ test 1423 -ne 0
+ kill 1423
+ rm -f t/close-window-after-search.sh.out
./t/Init-test.inc: line 70:  1423 Terminated              ( exec ./pseudotty "$PTY_TYPE" > $PIPEIN )
+ rm -f t/close-window-after-search.sh.pipein t/close-window-after-search.sh.pipeout
+ test yes = yes
+ stty
+ grep '[-]echo'
+ exit 0
sh: line 3: kill: (1424) - No such process
tatus: 0)
