++ srcdir=.
++ GINFO='./ginfo --init-file ./t/Infokey-config'
++ GINFO_NAME=ginfo
++ infodir=./t/infodir
++ export infodir
++ INFOPATH=./t/infodir
++ export INFOPATH
++ t=./t
++ export t
+++ basename ./t/dir-merge.sh.out
++ GINFO_OUTPUT=t/dir-merge.sh.out
+++ basename ./t/dir-merge.sh.pipein
++ PIPEIN=t/dir-merge.sh.pipein
+++ basename ./t/dir-merge.sh.pipeout
++ PTY_TYPE=t/dir-merge.sh.pipeout
++ rm -f t/dir-merge.sh.out
++ INFO_PRINT_COMMAND='>t/dir-merge.sh.out'
++ export INFO_PRINT_COMMAND
++ PTY_PID=0
++ LC_ALL=C
++ export LC_ALL
++ TERM=dumb
++ export TERM
++ STTY=true
++ reset_required=no
++ trap cleanup 2
+ . ./t/Init-inter.inc
++ test -x pseudotty
++ path_sep=:
++ TERM=vt100
++ export TERM
++ findprog stty
++ saveIFS=' 	
'
++ IFS=:
++ for dir in $PATH
++ IFS=' 	
'
++ test -f /bin/stty
++ test -x /bin/stty
++ return 0
++ STTY=stty
++ reset_required=yes
++ test yes=yes
++ stty
++ grep '[-]echo'
++ rm -f t/dir-merge.sh.pipein t/dir-merge.sh.pipeout
++ findprog mkfifo
++ saveIFS=' 	
'
++ IFS=:
++ for dir in $PATH
++ IFS=' 	
'
++ test -f /bin/mkfifo
++ test -f /bin/mkfifo.exe
++ for dir in $PATH
++ IFS=' 	
'
++ test -f /usr/bin/mkfifo
++ test -x /usr/bin/mkfifo
++ return 0
++ mkfifo t/dir-merge.sh.pipein
++ mkfifo t/dir-merge.sh.pipeout
++ test '!' -r t/dir-merge.sh.pipein
++ test '!' -r t/dir-merge.sh.pipeout
++ PTY_PID=73250
++ read PTS_DEVICE
++ exec ./pseudotty t/dir-merge.sh.pipeout
./pseudotty: getting pty master fd
./pseudotty: unlocking slave device
./pseudotty: getting file name of slave device...
./pseudotty: /dev/pts/0
./pseudotty: opening slave device
./pseudotty: attempting to set window size
./pseudotty: ...succeeded
./pseudotty: opening control channel
++ exec
./pseudotty: entering main loop
++ LIBC_FATAL_STDERR_=1
++ export LIBC_FATAL_STDERR
+ INFOPATH=./t/infodir:./t/infodir/subdir
+ run_ginfo -v hide-note-references=On file-in-subdir
+ GINFO_PID=73251
+ printf q
+ timeout_test
+ wait 73251
+ sh -c '
    exec 7>&- ; # Close fd from parent shell

    (sleep 3 ; kill $$) &
./pseudotty:     exec ./ginfo --init-file ./t/Infokey-config  -v hide-note-references=On file-in-subdir 0<>/dev/pts/0 1<&0 ;'
trying to read
./pseudotty: read byte 0x71
info: "./t/Infokey-config", line 2: unknown action `xxx-not-recognized'
info: "./t/Infokey-config", line 3: cannot bind key sequence to menu-digit
+ status=0
+ RETVAL=0
+ test 0 '!=' 0
+ GINFO_PID=0
+ cleanup
+ test 73250 -ne 0
+ kill 73250
+ rm -f t/dir-merge.sh.out
./t/Init-test.inc: line 70: 73250 Terminated              ( exec ./pseudotty "$PTY_TYPE" > $PIPEIN )
+ rm -f t/dir-merge.sh.pipein t/dir-merge.sh.pipeout
+ test yes = yes
+ stty
+ grep '[-]echo'
+ exit 0
sh: line 3: kill: (73251) - No such process
