++ srcdir=.
++ GINFO='./ginfo --init-file ./t/Infokey-config'
++ GINFO_NAME=ginfo
++ infodir=./t/infodir
++ export infodir
++ INFOPATH=./t/infodir
++ export INFOPATH
++ t=./t
++ export t
+++ basename ./t/dir-entry-to-subdir.sh.out
++ GINFO_OUTPUT=t/dir-entry-to-subdir.sh.out
+++ basename ./t/dir-entry-to-subdir.sh.pipein
++ PIPEIN=t/dir-entry-to-subdir.sh.pipein
+++ basename ./t/dir-entry-to-subdir.sh.pipeout
++ PTY_TYPE=t/dir-entry-to-subdir.sh.pipeout
++ rm -f t/dir-entry-to-subdir.sh.out
++ INFO_PRINT_COMMAND='>t/dir-entry-to-subdir.sh.out'
++ export INFO_PRINT_COMMAND
++ PTY_PID=0
++ LC_ALL=C
++ export LC_ALL
++ TERM=dumb
++ export TERM
++ STTY=true
++ reset_required=no
++ trap cleanup 2
+ . ./t/Init-inter.inc
++ test -x pseudotty
++ path_sep=:
++ TERM=vt100
++ export TERM
++ findprog stty
++ saveIFS=' 	
'
++ IFS=:
++ for dir in $PATH
++ IFS=' 	
'
++ test -f /bin/stty
++ test -x /bin/stty
++ return 0
++ STTY=stty
++ reset_required=yes
++ test yes=yes
++ stty
++ grep '[-]echo'
++ rm -f t/dir-entry-to-subdir.sh.pipein t/dir-entry-to-subdir.sh.pipeout
++ findprog mkfifo
++ saveIFS=' 	
'
++ IFS=:
++ for dir in $PATH
++ IFS=' 	
'
++ test -f /bin/mkfifo
++ test -f /bin/mkfifo.exe
++ for dir in $PATH
++ IFS=' 	
'
++ test -f /usr/bin/mkfifo
++ test -x /usr/bin/mkfifo
++ return 0
++ mkfifo t/dir-entry-to-subdir.sh.pipein
++ mkfifo t/dir-entry-to-subdir.sh.pipeout
++ test '!' -r t/dir-entry-to-subdir.sh.pipein
++ test '!' -r t/dir-entry-to-subdir.sh.pipeout
++ PTY_PID=73463
++ read PTS_DEVICE
++ exec ./pseudotty t/dir-entry-to-subdir.sh.pipeout
./pseudotty: getting pty master fd
./pseudotty: unlocking slave device
./pseudotty: getting file name of slave device...
./pseudotty: /dev/pts/0
./pseudotty: opening slave device
./pseudotty: attempting to set window size
./pseudotty: ...succeeded
./pseudotty: opening control channel
++ exec
./pseudotty: entering main loop
++ LIBC_FATAL_STDERR_=1
++ export LIBC_FATAL_STDERR
+ run_ginfo subdir
+ GINFO_PID=73464
+ printf Dq
+ timeout_test
+ wait 73464
./pseudotty: trying to read
./pseudotty: read byte 0x44
./pseudotty: trying to read
./pseudotty: read byte 0x71
+ sh -c '
    exec 7>&- ; # Close fd from parent shell

    (sleep 3 ; kill $$) &
    exec ./ginfo --init-file ./t/Infokey-config  subdir 0<>/dev/pts/0 1<&0 ;'
info: "./t/Infokey-config", line 2: unknown action `xxx-not-recognized'
info: "./t/Infokey-config", line 3: cannot bind key sequence to menu-digit
+ status=0
+ RETVAL=0
+ test 0 '!=' 0
+ GINFO_PID=0
+ cat t/dir-entry-to-subdir.sh.out
File: file-in-subdir.info	Node: Top

This file is located within a subdirectory of the filesystem directory 
containing the directory Info file, dir.
+ grep '^File: file-in-subdir.info' t/dir-entry-to-subdir.sh.out
File: file-in-subdir.info	Node: Top
+ RETVAL=0
+ cleanup
+ test 73463 -ne 0
+ kill 73463
+ rm -f t/dir-entry-to-subdir.sh.out
./t/Init-test.inc: line 70: 73463 Terminated              ( exec ./pseudotty "$PTY_TYPE" > $PIPEIN )
+ rm -f t/dir-entry-to-subdir.sh.pipein t/dir-entry-to-subdir.sh.pipeout
+ test yes = yes
+ stty
+ grep '[-]echo'
+ exit 0
sh: line 3: kill: (73464) - No such process
0)
