++ srcdir=.
++ GINFO='./ginfo --init-file ./t/Infokey-config'
++ GINFO_NAME=ginfo
++ infodir=./t/infodir
++ export infodir
++ INFOPATH=./t/infodir
++ export INFOPATH
++ t=./t
++ export t
+++ basename ./t/end-of-line.sh.out
++ GINFO_OUTPUT=t/end-of-line.sh.out
+++ basename ./t/end-of-line.sh.pipein
++ PIPEIN=t/end-of-line.sh.pipein
+++ basename ./t/end-of-line.sh.pipeout
++ PTY_TYPE=t/end-of-line.sh.pipeout
++ rm -f t/end-of-line.sh.out
++ INFO_PRINT_COMMAND='>t/end-of-line.sh.out'
++ export INFO_PRINT_COMMAND
++ PTY_PID=0
++ LC_ALL=C
++ export LC_ALL
++ TERM=dumb
++ export TERM
++ STTY=true
++ reset_required=no
++ trap cleanup 2
+ . ./t/Init-inter.inc
++ test -x pseudotty
++ path_sep=:
++ TERM=vt100
++ export TERM
++ findprog stty
++ saveIFS=' 	
'
++ IFS=:
++ for dir in $PATH
++ IFS=' 	
'
++ test -f /bin/stty
++ test -x /bin/stty
++ return 0
++ STTY=stty
++ reset_required=yes
++ test yes=yes
++ stty
++ grep '[-]echo'
++ rm -f t/end-of-line.sh.pipein t/end-of-line.sh.pipeout
++ findprog mkfifo
++ saveIFS=' 	
'
++ IFS=:
++ for dir in $PATH
++ IFS=' 	
'
++ test -f /bin/mkfifo
++ test -f /bin/mkfifo.exe
++ for dir in $PATH
++ IFS=' 	
'
++ test -f /usr/bin/mkfifo
++ test -x /usr/bin/mkfifo
++ return 0
++ mkfifo t/end-of-line.sh.pipein
++ mkfifo t/end-of-line.sh.pipeout
++ test '!' -r t/end-of-line.sh.pipein
++ test '!' -r t/end-of-line.sh.pipeout
++ PTY_PID=587
++ read PTS_DEVICE
++ exec ./pseudotty t/end-of-line.sh.pipeout
./pseudotty: getting pty master fd
./pseudotty: unlocking slave device
./pseudotty: getting file name of slave device...
./pseudotty: /dev/pts/0
./pseudotty: opening slave device
./pseudotty: attempting to set window size
./pseudotty: ...succeeded
./pseudotty: opening control channel
++ exec
./pseudotty: entering main loop
++ LIBC_FATAL_STDERR_=1
++ export LIBC_FATAL_STDERR
+ run_ginfo -f intera
+ GINFO_PID=588
+ printf '\x0e\x0e\x0e\x0e\x0e\x05\x0e\rDq'
+ timeout_test
+ wait 588
./pseudotty: + sh -c '
    exec 7>&- ; # Close fd from parent shell

    (sleep 3 ; kill $$) &
trying to read
    exec ./ginfo --init-file ./t/Infokey-config  -f intera 0<>/dev/pts/0 1<&0 ;'
./pseudotty: read byte 0x0E
./pseudotty: trying to read
./pseudotty: read byte 0x0E
./pseudotty: trying to read
./pseudotty: read byte 0x0E
./pseudotty: trying to read
./pseudotty: read byte 0x0E
./pseudotty: trying to read
./pseudotty: read byte 0x0E
./pseudotty: trying to read
./pseudotty: read byte 0x05
./pseudotty: trying to read
./pseudotty: read byte 0x0E
./pseudotty: trying to read
./pseudotty: read byte 0x0D
./pseudotty: trying to read
./pseudotty: read byte 0x44
./pseudotty: trying to read
./pseudotty: read byte 0x71
info: "./t/Infokey-config", line 2: unknown action `xxx-not-recognized'
info: "./t/Infokey-config", line 3: cannot bind key sequence to menu-digit
+ status=0
+ RETVAL=0
+ test 0 '!=' 0
+ GINFO_PID=0
+ test '!' -f t/end-of-line.sh.out
+ diff t/end-of-line.sh.out ./t/node-target
+ RETVAL=0
+ cleanup
+ test 587 -ne 0
+ kill 587
+ rm -f t/end-of-line.sh.out
./t/Init-test.inc: line 70:   587 Terminated              ( exec ./pseudotty "$PTY_TYPE" > $PIPEIN )
+ rm -f t/end-of-line.sh.pipein t/end-of-line.sh.pipeout
+ test yes = yes
+ stty
+ grep '[-]echo'
+ exit 0
sh: line 3: kill: (588) - No such process
