++ srcdir=.
++ GINFO='./ginfo --init-file ./t/Infokey-config'
++ GINFO_NAME=ginfo
++ infodir=./t/infodir
++ export infodir
++ INFOPATH=./t/infodir
++ export INFOPATH
++ t=./t
++ export t
+++ basename ./t/inc-sea-bs.sh.out
++ GINFO_OUTPUT=t/inc-sea-bs.sh.out
+++ basename ./t/inc-sea-bs.sh.pipein
++ PIPEIN=t/inc-sea-bs.sh.pipein
+++ basename ./t/inc-sea-bs.sh.pipeout
++ PTY_TYPE=t/inc-sea-bs.sh.pipeout
++ rm -f t/inc-sea-bs.sh.out
++ INFO_PRINT_COMMAND='>t/inc-sea-bs.sh.out'
++ export INFO_PRINT_COMMAND
++ PTY_PID=0
++ LC_ALL=C
++ export LC_ALL
++ TERM=dumb
++ export TERM
++ STTY=true
++ reset_required=no
++ trap cleanup 2
+ . ./t/Init-inter.inc
++ test -x pseudotty
++ path_sep=:
++ TERM=vt100
++ export TERM
++ findprog stty
++ saveIFS=' 	
'
++ IFS=:
++ for dir in $PATH
++ IFS=' 	
'
++ test -f /bin/stty
++ test -x /bin/stty
++ return 0
++ STTY=stty
++ reset_required=yes
++ test yes=yes
++ stty
++ grep '[-]echo'
++ rm -f t/inc-sea-bs.sh.pipein t/inc-sea-bs.sh.pipeout
++ findprog mkfifo
++ saveIFS=' 	
'
++ IFS=:
++ for dir in $PATH
++ IFS=' 	
'
++ test -f /bin/mkfifo
++ test -f /bin/mkfifo.exe
++ for dir in $PATH
++ IFS=' 	
'
++ test -f /usr/bin/mkfifo
++ test -x /usr/bin/mkfifo
++ return 0
++ mkfifo t/inc-sea-bs.sh.pipein
++ mkfifo t/inc-sea-bs.sh.pipeout
++ test '!' -r t/inc-sea-bs.sh.pipein
++ test '!' -r t/inc-sea-bs.sh.pipeout
++ PTY_PID=1587
++ read PTS_DEVICE
++ exec ./pseudotty t/inc-sea-bs.sh.pipeout
./pseudotty: getting pty master fd
./pseudotty: unlocking slave device
./pseudotty: getting file name of slave device...
./pseudotty: /dev/pts/0
./pseudotty: opening slave device
./pseudotty: attempting to set window size
./pseudotty: ...succeeded
./pseudotty: opening control channel
++ exec
./pseudotty: entering main loop
++ LIBC_FATAL_STDERR_=1
++ export LIBC_FATAL_STDERR
+ run_ginfo -f intera -n Top
+ GINFO_PID=1589
+ printf '\023'
+ printf '\\\n'
+ printf q
./pseudotty: + timeout_test
+ sh -c '
    exec 7>&- ; # Close fd from parent shell

    (sleep 3 ; kill $$) &
trying to read+ wait 1589

    exec ./ginfo --init-file ./t/Infokey-config  -f intera -n Top 0<>/dev/pts/0 1<&0 ;'
./pseudotty: read byte 0x13
./pseudotty: trying to read
./pseudotty: read byte 0x5C
./pseudotty: trying to read
./pseudotty: read byte 0x0A
./pseudotty: trying to read
./pseudotty: read byte 0x71
info: "./t/Infokey-config", line 2: unknown action `xxx-not-recognized'
info: "./t/Infokey-config", line 3: cannot bind key sequence to menu-digit
+ status=0
+ RETVAL=0
+ test 0 '!=' 0
+ GINFO_PID=0
+ cleanup
+ test 1587 -ne 0
+ kill 1587
+ rm -f t/inc-sea-bs.sh.out
./t/Init-test.inc: line 70:  1587 Terminated              ( exec ./pseudotty "$PTY_TYPE" > $PIPEIN )
+ rm -f t/inc-sea-bs.sh.pipein t/inc-sea-bs.sh.pipeout
+ test yes = yes
+ stty
+ grep '[-]echo'
+ exit 0
sh: line 3: kill: (1589) - No such process
