++ srcdir=.
++ GINFO='./ginfo --init-file ./t/Infokey-config'
++ GINFO_NAME=ginfo
++ infodir=./t/infodir
++ export infodir
++ INFOPATH=./t/infodir
++ export INFOPATH
++ t=./t
++ export t
+++ basename ./t/inc-sea-history.sh.out
++ GINFO_OUTPUT=t/inc-sea-history.sh.out
+++ basename ./t/inc-sea-history.sh.pipein
++ PIPEIN=t/inc-sea-history.sh.pipein
+++ basename ./t/inc-sea-history.sh.pipeout
++ PTY_TYPE=t/inc-sea-history.sh.pipeout
++ rm -f t/inc-sea-history.sh.out
++ INFO_PRINT_COMMAND='>t/inc-sea-history.sh.out'
++ export INFO_PRINT_COMMAND
++ PTY_PID=0
++ LC_ALL=C
++ export LC_ALL
++ TERM=dumb
++ export TERM
++ STTY=true
++ reset_required=no
++ trap cleanup 2
+ . ./t/Init-inter.inc
++ test -x pseudotty
++ path_sep=:
++ TERM=vt100
++ export TERM
++ findprog stty
++ saveIFS=' 	
'
++ IFS=:
++ for dir in $PATH
++ IFS=' 	
'
++ test -f /bin/stty
++ test -x /bin/stty
++ return 0
++ STTY=stty
++ reset_required=yes
++ test yes=yes
++ stty
++ grep '[-]echo'
++ rm -f t/inc-sea-history.sh.pipein t/inc-sea-history.sh.pipeout
++ findprog mkfifo
++ saveIFS=' 	
'
++ IFS=:
++ for dir in $PATH
++ IFS=' 	
'
++ test -f /bin/mkfifo
++ test -f /bin/mkfifo.exe
++ for dir in $PATH
++ IFS=' 	
'
++ test -f /usr/bin/mkfifo
++ test -x /usr/bin/mkfifo
++ return 0
++ mkfifo t/inc-sea-history.sh.pipein
++ mkfifo t/inc-sea-history.sh.pipeout
++ test '!' -r t/inc-sea-history.sh.pipein
++ test '!' -r t/inc-sea-history.sh.pipeout
++ PTY_PID=1553
++ read PTS_DEVICE
++ exec ./pseudotty t/inc-sea-history.sh.pipeout
./pseudotty: getting pty master fd
./pseudotty: unlocking slave device
./pseudotty: getting file name of slave device...
./pseudotty: /dev/pts/0
./pseudotty: opening slave device
./pseudotty: attempting to set window size
./pseudotty: ...succeeded
./pseudotty: opening control channel
++ exec
./pseudotty: entering main loop
++ LIBC_FATAL_STDERR_=1
++ export LIBC_FATAL_STDERR
+ run_ginfo -f inc-sea-history
+ GINFO_PID=1554
+ printf '\02301234\b4\b\b34\b\bqwerty\b\b\b\b\b\b34'
+ printf '\rD'
+ sleep 1
./pseudotty: trying to read
./pseudotty: read byte 0x13
./pseudotty: trying to read
./pseudotty: read byte 0x30
./pseudotty: trying to read
./pseudotty: read byte 0x31
./pseudotty: trying to read
./pseudotty: read byte 0x32
./pseudotty: trying to read
./pseudotty: read byte 0x33
./pseudotty: trying to read
./pseudotty: read byte 0x34
./pseudotty: trying to read
./pseudotty: read byte 0x08
./pseudotty: trying to read
./pseudotty: + sh -c '
    exec 7>&- ; # Close fd from parent shell

    (sleep 3 ; kill $$) &
read byte 0x34
    exec ./ginfo --init-file ./t/Infokey-config  -f inc-sea-history 0<>/dev/pts/0 1<&0 ;'
./pseudotty: trying to read
./pseudotty: read byte 0x08
./pseudotty: trying to read
./pseudotty: read byte 0x08
./pseudotty: trying to read
./pseudotty: read byte 0x33
./pseudotty: trying to read
./pseudotty: read byte 0x34
./pseudotty: trying to read
./pseudotty: read byte 0x08
./pseudotty: trying to read
./pseudotty: read byte 0x08
./pseudotty: trying to read
./pseudotty: read byte 0x71
./pseudotty: trying to read
./pseudotty: read byte 0x77
./pseudotty: trying to read
./pseudotty: read byte 0x65
./pseudotty: trying to read
./pseudotty: read byte 0x72
./pseudotty: trying to read
./pseudotty: read byte 0x74
./pseudotty: trying to read
./pseudotty: read byte 0x79
./pseudotty: trying to read
./pseudotty: read byte 0x08
./pseudotty: trying to read
./pseudotty: read byte 0x08
./pseudotty: trying to read
./pseudotty: read byte 0x08
./pseudotty: trying to read
./pseudotty: read byte 0x08
./pseudotty: trying to read
./pseudotty: read byte 0x08
./pseudotty: trying to read
./pseudotty: read byte 0x08
./pseudotty: trying to read
./pseudotty: read byte 0x33
./pseudotty: trying to read
./pseudotty: read byte 0x34
./pseudotty: trying to read
./pseudotty: read byte 0x0D
./pseudotty: trying to read
./pseudotty: read byte 0x44
info: "./t/Infokey-config", line 2: unknown action `xxx-not-recognized'
info: "./t/Infokey-config", line 3: cannot bind key sequence to menu-digit
+ grep 'Node: Four' t/inc-sea-history.sh.out
Node: Four
+ RETVAL=0
+ printf lDq
+ timeout_test
+ wait 1554
./pseudotty: trying to read
./pseudotty: read byte 0x6C
./pseudotty: trying to read
./pseudotty: read byte 0x44
./pseudotty: trying to read
./pseudotty: read byte 0x71
+ status=0
+ RETVAL=0
+ test 0 '!=' 0
+ GINFO_PID=0
+ test 0 = 0
+ grep 'Node: Top' t/inc-sea-history.sh.out
Node: Top
+ RETVAL=0
+ cleanup
+ test 1553 -ne 0
+ kill 1553
+ rm -f t/inc-sea-history.sh.out
./t/Init-test.inc: line 70:  1553 Terminated              ( exec ./pseudotty "$PTY_TYPE" > $PIPEIN )
+ rm -f t/inc-sea-history.sh.pipein t/inc-sea-history.sh.pipeout
+ test yes = yes
+ stty
+ grep '[-]echo'
+ exit 0
sh: line 3: kill: (1554) - No such process
