++ srcdir=.
++ GINFO='./ginfo --init-file ./t/Infokey-config'
++ GINFO_NAME=ginfo
++ infodir=./t/infodir
++ export infodir
++ INFOPATH=./t/infodir
++ export INFOPATH
++ t=./t
++ export t
+++ basename ./t/index-apropos.sh.out
++ GINFO_OUTPUT=t/index-apropos.sh.out
+++ basename ./t/index-apropos.sh.pipein
++ PIPEIN=t/index-apropos.sh.pipein
+++ basename ./t/index-apropos.sh.pipeout
++ PTY_TYPE=t/index-apropos.sh.pipeout
++ rm -f t/index-apropos.sh.out
++ INFO_PRINT_COMMAND='>t/index-apropos.sh.out'
++ export INFO_PRINT_COMMAND
++ PTY_PID=0
++ LC_ALL=C
++ export LC_ALL
++ TERM=dumb
++ export TERM
++ STTY=true
++ reset_required=no
++ trap cleanup 2
+ . ./t/Init-inter.inc
++ test -x pseudotty
++ path_sep=:
++ TERM=vt100
++ export TERM
++ findprog stty
++ saveIFS=' 	
'
++ IFS=:
++ for dir in $PATH
++ IFS=' 	
'
++ test -f /bin/stty
++ test -x /bin/stty
++ return 0
++ STTY=stty
++ reset_required=yes
++ test yes=yes
++ stty
++ grep '[-]echo'
++ rm -f t/index-apropos.sh.pipein t/index-apropos.sh.pipeout
++ findprog mkfifo
++ saveIFS=' 	
'
++ IFS=:
++ for dir in $PATH
++ IFS=' 	
'
++ test -f /bin/mkfifo
++ test -f /bin/mkfifo.exe
++ for dir in $PATH
++ IFS=' 	
'
++ test -f /usr/bin/mkfifo
++ test -x /usr/bin/mkfifo
++ return 0
++ mkfifo t/index-apropos.sh.pipein
++ mkfifo t/index-apropos.sh.pipeout
++ test '!' -r t/index-apropos.sh.pipein
++ test '!' -r t/index-apropos.sh.pipeout
++ PTY_PID=1050
++ read PTS_DEVICE
++ exec ./pseudotty t/index-apropos.sh.pipeout
./pseudotty: getting pty master fd
./pseudotty: unlocking slave device
./pseudotty: getting file name of slave device...
./pseudotty: /dev/pts/0
./pseudotty: opening slave device
./pseudotty: attempting to set window size
./pseudotty: ...succeeded
./pseudotty: opening control channel
++ exec
./pseudotty: entering main loop
++ LIBC_FATAL_STDERR_=1
++ export LIBC_FATAL_STDERR
+ run_ginfo
+ GINFO_PID=1051
+ printf '\033xindex-apropos\rlink\r\t\ri\txxxx\rqq'
+ timeout_test
+ sh -c '
    exec 7>&- ; # Close fd from parent shell

    (sleep 3 ; kill $$) &
+ wait 1051
    exec ./ginfo --init-file ./t/Infokey-config   0<>/dev/pts/0 1<&0 ;'
./pseudotty: trying to read
./pseudotty: read byte 0x1B
./pseudotty: trying to read
./pseudotty: read byte 0x78
./pseudotty: trying to read
./pseudotty: read byte 0x69
./pseudotty: trying to read
./pseudotty: read byte 0x6E
./pseudotty: trying to read
./pseudotty: read byte 0x64
./pseudotty: trying to read
./pseudotty: read byte 0x65
./pseudotty: trying to read
./pseudotty: read byte 0x78
./pseudotty: trying to read
./pseudotty: read byte 0x2D
./pseudotty: trying to read
./pseudotty: read byte 0x61
./pseudotty: trying to read
./pseudotty: read byte 0x70
./pseudotty: trying to read
./pseudotty: read byte 0x72
./pseudotty: trying to read
./pseudotty: read byte 0x6F
./pseudotty: trying to read
./pseudotty: read byte 0x70
./pseudotty: trying to read
./pseudotty: read byte 0x6F
./pseudotty: trying to read
./pseudotty: read byte 0x73
./pseudotty: trying to read
./pseudotty: read byte 0x0D
./pseudotty: trying to read
./pseudotty: read byte 0x6C
./pseudotty: trying to read
./pseudotty: read byte 0x69
./pseudotty: trying to read
./pseudotty: read byte 0x6E
./pseudotty: trying to read
./pseudotty: read byte 0x6B
./pseudotty: trying to read
./pseudotty: read byte 0x0D
./pseudotty: trying to read
./pseudotty: read byte 0x09
./pseudotty: trying to read
./pseudotty: read byte 0x0D
./pseudotty: trying to read
./pseudotty: read byte 0x69
./pseudotty: trying to read
./pseudotty: read byte 0x09
./pseudotty: trying to read
./pseudotty: read byte 0x78
./pseudotty: trying to read
./pseudotty: read byte 0x78
./pseudotty: trying to read
./pseudotty: read byte 0x78
./pseudotty: trying to read
./pseudotty: read byte 0x78
./pseudotty: trying to read
./pseudotty: read byte 0x0D
./pseudotty: trying to read
./pseudotty: read byte 0x71
./pseudotty: trying to read
./pseudotty: read byte 0x71
info: "./t/Infokey-config", line 2: unknown action `xxx-not-recognized'
info: "./t/Infokey-config", line 3: cannot bind key sequence to menu-digit
+ status=0
+ RETVAL=0
+ test 0 '!=' 0
+ GINFO_PID=0
+ cleanup
+ test 1050 -ne 0
+ kill 1050
+ rm -f t/index-apropos.sh.out
./t/Init-test.inc: line 70:  1050 Terminated              ( exec ./pseudotty "$PTY_TYPE" > $PIPEIN )
+ rm -f t/index-apropos.sh.pipein t/index-apropos.sh.pipeout
+ test yes = yes
+ stty
+ grep '[-]echo'
+ exit 0
sh: line 3: kill: (1051) - No such process
