++ srcdir=.
++ GINFO='./ginfo --init-file ./t/Infokey-config'
++ GINFO_NAME=ginfo
++ infodir=./t/infodir
++ export infodir
++ INFOPATH=./t/infodir
++ export INFOPATH
++ t=./t
++ export t
+++ basename ./t/quoted-label-and-target.sh.out
++ GINFO_OUTPUT=t/quoted-label-and-target.sh.out
+++ basename ./t/quoted-label-and-target.sh.pipein
++ PIPEIN=t/quoted-label-and-target.sh.pipein
+++ basename ./t/quoted-label-and-target.sh.pipeout
++ PTY_TYPE=t/quoted-label-and-target.sh.pipeout
++ rm -f t/quoted-label-and-target.sh.out
++ INFO_PRINT_COMMAND='>t/quoted-label-and-target.sh.out'
++ export INFO_PRINT_COMMAND
++ PTY_PID=0
++ LC_ALL=C
++ export LC_ALL
++ TERM=dumb
++ export TERM
++ STTY=true
++ reset_required=no
++ trap cleanup 2
+ . ./t/Init-inter.inc
++ test -x pseudotty
++ path_sep=:
++ TERM=vt100
++ export TERM
++ findprog stty
++ saveIFS=' 	
'
++ IFS=:
++ for dir in $PATH
++ IFS=' 	
'
++ test -f /bin/stty
++ test -x /bin/stty
++ return 0
++ STTY=stty
++ reset_required=yes
++ test yes=yes
++ stty
++ grep '[-]echo'
++ rm -f t/quoted-label-and-target.sh.pipein t/quoted-label-and-target.sh.pipeout
++ findprog mkfifo
++ saveIFS=' 	
'
++ IFS=:
++ for dir in $PATH
++ IFS=' 	
'
++ test -f /bin/mkfifo
++ test -f /bin/mkfifo.exe
++ for dir in $PATH
++ IFS=' 	
'
++ test -f /usr/bin/mkfifo
++ test -x /usr/bin/mkfifo
++ return 0
++ mkfifo t/quoted-label-and-target.sh.pipein
++ mkfifo t/quoted-label-and-target.sh.pipeout
++ test '!' -r t/quoted-label-and-target.sh.pipein
++ test '!' -r t/quoted-label-and-target.sh.pipeout
++ PTY_PID=1744
++ read PTS_DEVICE
++ exec ./pseudotty t/quoted-label-and-target.sh.pipeout
./pseudotty: getting pty master fd
./pseudotty: unlocking slave device
./pseudotty: getting file name of slave device...
./pseudotty: /dev/pts/0
./pseudotty: opening slave device
./pseudotty: attempting to set window size
./pseudotty: ...succeeded
./pseudotty: opening control channel
++ exec
./pseudotty: entering main loop
++ LIBC_FATAL_STDERR_=1
++ export LIBC_FATAL_STDERR
+ run_ginfo -f quoting
+ GINFO_PID=1745
+ timeout_test
+ wait 1745
+ sh -c '
    exec 7>&- ; # Close fd from parent shell

    (sleep 3 ; kill $$) &
    exec ./ginfo --init-file ./t/Infokey-config  -f quoting 0<>/dev/pts/0 1<&0 ;'
+ printf '\t\t\t\r\t\rDq'
./pseudotty: trying to read
./pseudotty: read byte 0x09
./pseudotty: trying to read
./pseudotty: read byte 0x09
./pseudotty: trying to read
./pseudotty: read byte 0x09
./pseudotty: trying to read
./pseudotty: read byte 0x0D
./pseudotty: trying to read
./pseudotty: read byte 0x09
./pseudotty: trying to read
./pseudotty: read byte 0x0D
./pseudotty: trying to read
./pseudotty: read byte 0x44
./pseudotty: trying to read
./pseudotty: read byte 0x71
info: "./t/Infokey-config", line 2: unknown action `xxx-not-recognized'
info: "./t/Infokey-config", line 3: cannot bind key sequence to menu-digit
+ status=0
+ RETVAL=0
+ test 0 '!=' 0
+ GINFO_PID=0
+ test '!' -f t/quoted-label-and-target.sh.out
+ diff t/quoted-label-and-target.sh.out ./t/node-target
+ RETVAL=0
+ cleanup
+ test 1744 -ne 0
+ kill 1744
+ rm -f t/quoted-label-and-target.sh.out
./t/Init-test.inc: line 70:  1744 Terminated              ( exec ./pseudotty "$PTY_TYPE" > $PIPEIN )
+ rm -f t/quoted-label-and-target.sh.pipein t/quoted-label-and-target.sh.pipeout
+ test yes = yes
+ stty
+ grep '[-]echo'
+ exit 0
sh: line 3: kill: (1745) - No such process
tus: 0)
