This file contains any messages produced by compilers while
running configure, to aid debugging if configure makes a mistake.

It was created by GNU DejaGnu configure 1.6.1, which was
generated by GNU Autoconf 2.69.  Invocation command line was

  $ ./configure --prefix=/tools

## --------- ##
## Platform. ##
## --------- ##

hostname = ip-172-31-5-17
uname -m = x86_64
uname -r = 4.15.0-1021-aws
uname -s = Linux
uname -v = #21-Ubuntu SMP Tue Aug 28 10:23:07 UTC 2018

/usr/bin/uname -p = unknown
/bin/uname -X     = unknown

/bin/arch              = unknown
/usr/bin/arch -k       = unknown
/usr/convex/getsysinfo = unknown
/usr/bin/hostinfo      = unknown
/bin/machine           = unknown
/usr/bin/oslevel       = unknown
/bin/universe          = unknown

PATH: /tools/bin
PATH: /bin
PATH: /usr/bin


## ----------- ##
## Core tests. ##
## ----------- ##

configure:1905: checking for a BSD-compatible install
configure:1973: result: /usr/bin/install -c
configure:1984: checking whether build environment is sane
configure:2039: result: yes
configure:2190: checking for a thread-safe mkdir -p
configure:2229: result: /bin/mkdir -p
configure:2236: checking for gawk
configure:2252: found /usr/bin/gawk
configure:2263: result: gawk
configure:2274: checking whether make sets $(MAKE)
configure:2296: result: yes
configure:2325: checking whether make supports nested variables
configure:2342: result: yes
configure:2469: checking whether to enable maintainer-specific portions of Makefiles
configure:2478: result: no
configure:2491: checking whether make sets $(MAKE)
configure:2513: result: yes
configure:2571: checking for gcc
configure:2587: found /tools/bin/gcc
configure:2598: result: gcc
configure:2827: checking for C compiler version
configure:2836: gcc --version >&5
gcc (GCC) 8.2.0
Copyright (C) 2018 Free Software Foundation, Inc.
This is free software; see the source for copying conditions.  There is NO
warranty; not even for MERCHANTABILITY or FITNESS FOR A PARTICULAR PURPOSE.

configure:2847: $? = 0
configure:2836: gcc -v >&5
Using built-in specs.
COLLECT_GCC=gcc
COLLECT_LTO_WRAPPER=/mnt/lfs/tools/bin/../libexec/gcc/x86_64-pc-linux-gnu/8.2.0/lto-wrapper
Target: x86_64-pc-linux-gnu
Configured with: ../configure --prefix=/tools --with-local-prefix=/tools --with-native-system-header-dir=/tools/include --enable-languages=c,c++ --disable-libstdcxx-pch --disable-multilib --disable-bootstrap --disable-libgomp
Thread model: posix
gcc version 8.2.0 (GCC) 
configure:2847: $? = 0
configure:2836: gcc -V >&5
gcc: error: unrecognized command line option '-V'
gcc: fatal error: no input files
compilation terminated.
configure:2847: $? = 1
configure:2836: gcc -qversion >&5
gcc: error: unrecognized command line option '-qversion'; did you mean '--version'?
gcc: fatal error: no input files
compilation terminated.
configure:2847: $? = 1
configure:2867: checking whether the C compiler works
configure:2889: gcc    conftest.c  >&5
configure:2893: $? = 0
configure:2941: result: yes
configure:2944: checking for C compiler default output file name
configure:2946: result: a.out
configure:2952: checking for suffix of executables
configure:2959: gcc -o conftest    conftest.c  >&5
configure:2963: $? = 0
configure:2985: result: 
configure:3007: checking whether we are cross compiling
configure:3015: gcc -o conftest    conftest.c  >&5
configure:3019: $? = 0
configure:3026: ./conftest
configure:3030: $? = 0
configure:3045: result: no
configure:3050: checking for suffix of object files
configure:3072: gcc -c   conftest.c >&5
configure:3076: $? = 0
configure:3097: result: o
configure:3101: checking whether we are using the GNU C compiler
configure:3120: gcc -c   conftest.c >&5
configure:3120: $? = 0
configure:3129: result: yes
configure:3138: checking whether gcc accepts -g
configure:3158: gcc -c -g  conftest.c >&5
configure:3158: $? = 0
configure:3199: result: yes
configure:3216: checking for gcc option to accept ISO C89
configure:3279: gcc  -c -g -O2  conftest.c >&5
configure:3279: $? = 0
configure:3292: result: none needed
configure:3317: checking whether gcc understands -c and -o together
configure:3339: gcc -c conftest.c -o conftest2.o
configure:3342: $? = 0
configure:3339: gcc -c conftest.c -o conftest2.o
configure:3342: $? = 0
configure:3354: result: yes
configure:3382: checking for style of include used by make
configure:3410: result: GNU
configure:3436: checking dependency style of gcc
configure:3547: result: gcc3
configure:3620: checking for g++
configure:3636: found /tools/bin/g++
configure:3647: result: g++
configure:3674: checking for C++ compiler version
configure:3683: g++ --version >&5
g++ (GCC) 8.2.0
Copyright (C) 2018 Free Software Foundation, Inc.
This is free software; see the source for copying conditions.  There is NO
warranty; not even for MERCHANTABILITY or FITNESS FOR A PARTICULAR PURPOSE.

configure:3694: $? = 0
configure:3683: g++ -v >&5
Using built-in specs.
COLLECT_GCC=g++
COLLECT_LTO_WRAPPER=/mnt/lfs/tools/bin/../libexec/gcc/x86_64-pc-linux-gnu/8.2.0/lto-wrapper
Target: x86_64-pc-linux-gnu
Configured with: ../configure --prefix=/tools --with-local-prefix=/tools --with-native-system-header-dir=/tools/include --enable-languages=c,c++ --disable-libstdcxx-pch --disable-multilib --disable-bootstrap --disable-libgomp
Thread model: posix
gcc version 8.2.0 (GCC) 
configure:3694: $? = 0
configure:3683: g++ -V >&5
g++: error: unrecognized command line option '-V'
g++: fatal error: no input files
compilation terminated.
configure:3694: $? = 1
configure:3683: g++ -qversion >&5
g++: error: unrecognized command line option '-qversion'; did you mean '--version'?
g++: fatal error: no input files
compilation terminated.
configure:3694: $? = 1
configure:3698: checking whether we are using the GNU C++ compiler
configure:3717: g++ -c   conftest.cpp >&5
configure:3717: $? = 0
configure:3726: result: yes
configure:3735: checking whether g++ accepts -g
configure:3755: g++ -c -g  conftest.cpp >&5
configure:3755: $? = 0
configure:3796: result: yes
configure:3821: checking dependency style of g++
configure:3932: result: gcc3
configure:3952: checking for expect
configure:3970: found /tools/bin/expect
configure:3982: result: /tools/bin/expect
configure:3994: checking Tcl version 8.5 or greater
configure:4007: result: yes
configure:4170: checking that generated files are newer than configure
configure:4176: result: done
configure:4207: creating ./config.status

## ---------------------- ##
## Running config.status. ##
## ---------------------- ##

This file was extended by GNU DejaGnu config.status 1.6.1, which was
generated by GNU Autoconf 2.69.  Invocation command line was

  CONFIG_FILES    = 
  CONFIG_HEADERS  = 
  CONFIG_LINKS    = 
  CONFIG_COMMANDS = 
  $ ./config.status 

on ip-172-31-5-17

config.status:787: creating Makefile
config.status:959: executing depfiles commands

## ---------------- ##
## Cache variables. ##
## ---------------- ##

ac_cv_c_compiler_gnu=yes
ac_cv_cxx_compiler_gnu=yes
ac_cv_dg_tcl_modern=yes
ac_cv_env_CCC_set=
ac_cv_env_CCC_value=
ac_cv_env_CC_set=
ac_cv_env_CC_value=
ac_cv_env_CFLAGS_set=
ac_cv_env_CFLAGS_value=
ac_cv_env_CPPFLAGS_set=
ac_cv_env_CPPFLAGS_value=
ac_cv_env_CXXFLAGS_set=
ac_cv_env_CXXFLAGS_value=
ac_cv_env_CXX_set=
ac_cv_env_CXX_value=
ac_cv_env_LDFLAGS_set=
ac_cv_env_LDFLAGS_value=
ac_cv_env_LIBS_set=
ac_cv_env_LIBS_value=
ac_cv_env_build_alias_set=
ac_cv_env_build_alias_value=
ac_cv_env_host_alias_set=
ac_cv_env_host_alias_value=
ac_cv_env_target_alias_set=
ac_cv_env_target_alias_value=
ac_cv_objext=o
ac_cv_path_EXPECT=/tools/bin/expect
ac_cv_path_install='/usr/bin/install -c'
ac_cv_path_mkdir=/bin/mkdir
ac_cv_prog_AWK=gawk
ac_cv_prog_ac_ct_CC=gcc
ac_cv_prog_ac_ct_CXX=g++
ac_cv_prog_cc_c89=
ac_cv_prog_cc_g=yes
ac_cv_prog_cxx_g=yes
ac_cv_prog_make_make_set=yes
am_cv_CC_dependencies_compiler_type=gcc3
am_cv_CXX_dependencies_compiler_type=gcc3
am_cv_make_support_nested_variables=yes
am_cv_prog_cc_c_o=yes

## ----------------- ##
## Output variables. ##
## ----------------- ##

ACLOCAL='${SHELL} /mnt/lfs/sources/dejagnu-1.6.1/missing aclocal-1.15'
AMDEPBACKSLASH='\'
AMDEP_FALSE='#'
AMDEP_TRUE=''
AMTAR='$${TAR-tar}'
AM_BACKSLASH='\'
AM_DEFAULT_V='$(AM_DEFAULT_VERBOSITY)'
AM_DEFAULT_VERBOSITY='1'
AM_V='$(V)'
AUTOCONF='${SHELL} /mnt/lfs/sources/dejagnu-1.6.1/missing autoconf'
AUTOHEADER='${SHELL} /mnt/lfs/sources/dejagnu-1.6.1/missing autoheader'
AUTOMAKE='${SHELL} /mnt/lfs/sources/dejagnu-1.6.1/missing automake-1.15'
AWK='gawk'
CC='gcc'
CCDEPMODE='depmode=gcc3'
CFLAGS='-g -O2'
CPPFLAGS=''
CXX='g++'
CXXDEPMODE='depmode=gcc3'
CXXFLAGS='-g -O2'
CYGPATH_W='echo'
DEFS='-DPACKAGE_NAME=\"GNU\ DejaGnu\" -DPACKAGE_TARNAME=\"dejagnu\" -DPACKAGE_VERSION=\"1.6.1\" -DPACKAGE_STRING=\"GNU\ DejaGnu\ 1.6.1\" -DPACKAGE_BUGREPORT=\"bug-dejagnu@gnu.org\" -DPACKAGE_URL=\"http://www.gnu.org/software/dejagnu/\" -DPACKAGE=\"dejagnu\" -DVERSION=\"1.6.1\"'
DEJAGNU='/dev/null'
DEPDIR='.deps'
ECHO_C=''
ECHO_N='-n'
ECHO_T=''
EXEEXT=''
EXPECT='/tools/bin/expect'
INSTALL_DATA='${INSTALL} -m 644'
INSTALL_PROGRAM='${INSTALL}'
INSTALL_SCRIPT='${INSTALL}'
INSTALL_STRIP_PROGRAM='$(install_sh) -c -s'
LDFLAGS=''
LIBOBJS=''
LIBS=''
LTLIBOBJS=''
MAINT='#'
MAINTAINER_MODE_FALSE=''
MAINTAINER_MODE_TRUE='#'
MAKEINFO='${SHELL} /mnt/lfs/sources/dejagnu-1.6.1/missing makeinfo'
MKDIR_P='/bin/mkdir -p'
OBJEXT='o'
PACKAGE='dejagnu'
PACKAGE_BUGREPORT='bug-dejagnu@gnu.org'
PACKAGE_NAME='GNU DejaGnu'
PACKAGE_STRING='GNU DejaGnu 1.6.1'
PACKAGE_TARNAME='dejagnu'
PACKAGE_URL='http://www.gnu.org/software/dejagnu/'
PACKAGE_VERSION='1.6.1'
PATH_SEPARATOR=':'
SET_MAKE=''
SHELL='/bin/sh'
STRIP=''
VERSION='1.6.1'
ac_ct_CC='gcc'
ac_ct_CXX='g++'
am__EXEEXT_FALSE=''
am__EXEEXT_TRUE='#'
am__fastdepCC_FALSE='#'
am__fastdepCC_TRUE=''
am__fastdepCXX_FALSE='#'
am__fastdepCXX_TRUE=''
am__include='include'
am__isrc=''
am__leading_dot='.'
am__nodep='_no'
am__quote=''
am__tar='$${TAR-tar} chof - "$$tardir"'
am__untar='$${TAR-tar} xf -'
bindir='${exec_prefix}/bin'
build_alias=''
datadir='${datarootdir}'
datarootdir='${prefix}/share'
docdir='${datarootdir}/doc/${PACKAGE_TARNAME}'
dvidir='${docdir}'
exec_prefix='${prefix}'
host_alias=''
htmldir='${docdir}'
includedir='${prefix}/include'
infodir='${datarootdir}/info'
install_sh='${SHELL} /mnt/lfs/sources/dejagnu-1.6.1/install-sh'
libdir='${exec_prefix}/lib'
libexecdir='${exec_prefix}/libexec'
localedir='${datarootdir}/locale'
localstatedir='${prefix}/var'
mandir='${datarootdir}/man'
mkdir_p='$(MKDIR_P)'
oldincludedir='/usr/include'
pdfdir='${docdir}'
prefix='/tools'
program_transform_name='s,x,x,'
psdir='${docdir}'
runstatedir='${localstatedir}/run'
sbindir='${exec_prefix}/sbin'
sharedstatedir='${prefix}/com'
subdirs=' example/calc example/mathhelper'
sysconfdir='${prefix}/etc'
target_alias=''

## ----------- ##
## confdefs.h. ##
## ----------- ##

/* confdefs.h */
#define PACKAGE_NAME "GNU DejaGnu"
#define PACKAGE_TARNAME "dejagnu"
#define PACKAGE_VERSION "1.6.1"
#define PACKAGE_STRING "GNU DejaGnu 1.6.1"
#define PACKAGE_BUGREPORT "bug-dejagnu@gnu.org"
#define PACKAGE_URL "http://www.gnu.org/software/dejagnu/"
#define PACKAGE "dejagnu"
#define VERSION "1.6.1"

configure: exit 0
