This file contains any messages produced by compilers while
running configure, to aid debugging if configure makes a mistake.

It was created by opcodes configure 2.31.1, which was
generated by GNU Autoconf 2.69.  Invocation command line was

  $ /mnt/lfs/sources/binutils-2.31.1/opcodes/configure --srcdir=../../opcodes --cache-file=./config.cache --with-gnu-as --with-gnu-ld --prefix=/tools --with-sysroot=/mnt/lfs --with-lib-path=/tools/lib --disable-nls --disable-werror --program-transform-name=s&^&x86_64-lfs-linux-gnu-& --disable-option-checking --build=x86_64-pc-linux-gnu --host=x86_64-pc-linux-gnu --target=x86_64-lfs-linux-gnu

## --------- ##
## Platform. ##
## --------- ##

hostname = ip-172-31-5-17
uname -m = x86_64
uname -r = 4.15.0-1021-aws
uname -s = Linux
uname -v = #21-Ubuntu SMP Tue Aug 28 10:23:07 UTC 2018

/usr/bin/uname -p = unknown
/bin/uname -X     = unknown

/bin/arch              = unknown
/usr/bin/arch -k       = unknown
/usr/convex/getsysinfo = unknown
/usr/bin/hostinfo      = unknown
/bin/machine           = unknown
/usr/bin/oslevel       = unknown
/bin/universe          = unknown

PATH: /tools/bin
PATH: /bin
PATH: /usr/bin


## ----------- ##
## Core tests. ##
## ----------- ##

configure:2229: creating cache ./config.cache
configure:2340: checking build system type
configure:2354: result: x86_64-pc-linux-gnu
configure:2374: checking host system type
configure:2387: result: x86_64-pc-linux-gnu
configure:2407: checking target system type
configure:2420: result: x86_64-lfs-linux-gnu
configure:2457: checking for x86_64-pc-linux-gnu-gcc
configure:2484: result: gcc
configure:2753: checking for C compiler version
configure:2762: gcc --version >&5
gcc (Ubuntu 7.3.0-27ubuntu1~18.04) 7.3.0
Copyright (C) 2017 Free Software Foundation, Inc.
This is free software; see the source for copying conditions.  There is NO
warranty; not even for MERCHANTABILITY or FITNESS FOR A PARTICULAR PURPOSE.

configure:2773: $? = 0
configure:2762: gcc -v >&5
Using built-in specs.
COLLECT_GCC=gcc
COLLECT_LTO_WRAPPER=/usr/lib/gcc/x86_64-linux-gnu/7/lto-wrapper
OFFLOAD_TARGET_NAMES=nvptx-none
OFFLOAD_TARGET_DEFAULT=1
Target: x86_64-linux-gnu
Configured with: ../src/configure -v --with-pkgversion='Ubuntu 7.3.0-27ubuntu1~18.04' --with-bugurl=file:///usr/share/doc/gcc-7/README.Bugs --enable-languages=c,ada,c++,go,brig,d,fortran,objc,obj-c++ --prefix=/usr --with-gcc-major-version-only --program-suffix=-7 --program-prefix=x86_64-linux-gnu- --enable-shared --enable-linker-build-id --libexecdir=/usr/lib --without-included-gettext --enable-threads=posix --libdir=/usr/lib --enable-nls --with-sysroot=/ --enable-clocale=gnu --enable-libstdcxx-debug --enable-libstdcxx-time=yes --with-default-libstdcxx-abi=new --enable-gnu-unique-object --disable-vtable-verify --enable-libmpx --enable-plugin --enable-default-pie --with-system-zlib --with-target-system-zlib --enable-objc-gc=auto --enable-multiarch --disable-werror --with-arch-32=i686 --with-abi=m64 --with-multilib-list=m32,m64,mx32 --enable-multilib --with-tune=generic --enable-offload-targets=nvptx-none --without-cuda-driver --enable-checking=release --build=x86_64-linux-gnu --host=x86_64-linux-gnu --target=x86_64-linux-gnu
Thread model: posix
gcc version 7.3.0 (Ubuntu 7.3.0-27ubuntu1~18.04) 
configure:2773: $? = 0
configure:2762: gcc -V >&5
gcc: error: unrecognized command line option '-V'
gcc: fatal error: no input files
compilation terminated.
configure:2773: $? = 1
configure:2762: gcc -qversion >&5
gcc: error: unrecognized command line option '-qversion'; did you mean '--version'?
gcc: fatal error: no input files
compilation terminated.
configure:2773: $? = 1
configure:2793: checking whether the C compiler works
configure:2815: gcc -g -O2  -static-libstdc++ -static-libgcc  conftest.c  >&5
configure:2819: $? = 0
configure:2867: result: yes
configure:2870: checking for C compiler default output file name
configure:2872: result: a.out
configure:2878: checking for suffix of executables
configure:2885: gcc -o conftest -g -O2  -static-libstdc++ -static-libgcc  conftest.c  >&5
configure:2889: $? = 0
configure:2911: result: 
configure:2933: checking whether we are cross compiling
configure:2941: gcc -o conftest -g -O2  -static-libstdc++ -static-libgcc  conftest.c  >&5
configure:2945: $? = 0
configure:2952: ./conftest
configure:2956: $? = 0
configure:2971: result: no
configure:2976: checking for suffix of object files
configure:2998: gcc -c -g -O2  conftest.c >&5
configure:3002: $? = 0
configure:3023: result: o
configure:3027: checking whether we are using the GNU C compiler
configure:3046: gcc -c -g -O2  conftest.c >&5
configure:3046: $? = 0
configure:3055: result: yes
configure:3064: checking whether gcc accepts -g
configure:3084: gcc -c -g  conftest.c >&5
configure:3084: $? = 0
configure:3125: result: yes
configure:3142: checking for gcc option to accept ISO C89
configure:3205: gcc  -c -g -O2  conftest.c >&5
configure:3205: $? = 0
configure:3218: result: none needed
configure:3243: checking whether gcc understands -c and -o together
configure:3265: gcc -c conftest.c -o conftest2.o
configure:3268: $? = 0
configure:3265: gcc -c conftest.c -o conftest2.o
configure:3268: $? = 0
configure:3280: result: yes
configure:3298: checking for library containing strerror
configure:3329: gcc -o conftest -g -O2  -static-libstdc++ -static-libgcc  conftest.c  >&5
configure:3329: $? = 0
configure:3346: result: none required
configure:3371: checking for a BSD-compatible install
configure:3439: result: /usr/bin/install -c
configure:3450: checking whether build environment is sane
configure:3505: result: yes
configure:3653: checking for a thread-safe mkdir -p
configure:3692: result: /bin/mkdir -p
configure:3699: checking for gawk
configure:3726: result: gawk
configure:3737: checking whether make sets $(MAKE)
configure:3759: result: yes
configure:3789: checking for style of include used by make
configure:3817: result: GNU
configure:3851: checking whether make supports nested variables
configure:3868: result: yes
configure:3953: checking dependency style of gcc
configure:4064: result: gcc3
configure:4131: checking for x86_64-pc-linux-gnu-gcc
configure:4158: result: gcc
configure:4427: checking for C compiler version
configure:4436: gcc --version >&5
gcc (Ubuntu 7.3.0-27ubuntu1~18.04) 7.3.0
Copyright (C) 2017 Free Software Foundation, Inc.
This is free software; see the source for copying conditions.  There is NO
warranty; not even for MERCHANTABILITY or FITNESS FOR A PARTICULAR PURPOSE.

configure:4447: $? = 0
configure:4436: gcc -v >&5
Using built-in specs.
COLLECT_GCC=gcc
COLLECT_LTO_WRAPPER=/usr/lib/gcc/x86_64-linux-gnu/7/lto-wrapper
OFFLOAD_TARGET_NAMES=nvptx-none
OFFLOAD_TARGET_DEFAULT=1
Target: x86_64-linux-gnu
Configured with: ../src/configure -v --with-pkgversion='Ubuntu 7.3.0-27ubuntu1~18.04' --with-bugurl=file:///usr/share/doc/gcc-7/README.Bugs --enable-languages=c,ada,c++,go,brig,d,fortran,objc,obj-c++ --prefix=/usr --with-gcc-major-version-only --program-suffix=-7 --program-prefix=x86_64-linux-gnu- --enable-shared --enable-linker-build-id --libexecdir=/usr/lib --without-included-gettext --enable-threads=posix --libdir=/usr/lib --enable-nls --with-sysroot=/ --enable-clocale=gnu --enable-libstdcxx-debug --enable-libstdcxx-time=yes --with-default-libstdcxx-abi=new --enable-gnu-unique-object --disable-vtable-verify --enable-libmpx --enable-plugin --enable-default-pie --with-system-zlib --with-target-system-zlib --enable-objc-gc=auto --enable-multiarch --disable-werror --with-arch-32=i686 --with-abi=m64 --with-multilib-list=m32,m64,mx32 --enable-multilib --with-tune=generic --enable-offload-targets=nvptx-none --without-cuda-driver --enable-checking=release --build=x86_64-linux-gnu --host=x86_64-linux-gnu --target=x86_64-linux-gnu
Thread model: posix
gcc version 7.3.0 (Ubuntu 7.3.0-27ubuntu1~18.04) 
configure:4447: $? = 0
configure:4436: gcc -V >&5
gcc: error: unrecognized command line option '-V'
gcc: fatal error: no input files
compilation terminated.
configure:4447: $? = 1
configure:4436: gcc -qversion >&5
gcc: error: unrecognized command line option '-qversion'; did you mean '--version'?
gcc: fatal error: no input files
compilation terminated.
configure:4447: $? = 1
configure:4451: checking whether we are using the GNU C compiler
configure:4479: result: yes
configure:4488: checking whether gcc accepts -g
configure:4549: result: yes
configure:4566: checking for gcc option to accept ISO C89
configure:4642: result: none needed
configure:4667: checking whether gcc understands -c and -o together
configure:4704: result: yes
configure:4726: checking how to run the C preprocessor
configure:4757: gcc -E  conftest.c
configure:4757: $? = 0
configure:4771: gcc -E  conftest.c
conftest.c:11:10: fatal error: ac_nonexistent.h: No such file or directory
 #include <ac_nonexistent.h>
          ^~~~~~~~~~~~~~~~~~
compilation terminated.
configure:4771: $? = 1
configure: failed program was:
| /* confdefs.h */
| #define PACKAGE_NAME "opcodes"
| #define PACKAGE_TARNAME "opcodes"
| #define PACKAGE_VERSION "2.31.1"
| #define PACKAGE_STRING "opcodes 2.31.1"
| #define PACKAGE_BUGREPORT ""
| #define PACKAGE_URL ""
| #define PACKAGE "opcodes"
| #define VERSION "2.31.1"
| /* end confdefs.h.  */
| #include <ac_nonexistent.h>
configure:4796: result: gcc -E
configure:4816: gcc -E  conftest.c
configure:4816: $? = 0
configure:4830: gcc -E  conftest.c
conftest.c:11:10: fatal error: ac_nonexistent.h: No such file or directory
 #include <ac_nonexistent.h>
          ^~~~~~~~~~~~~~~~~~
compilation terminated.
configure:4830: $? = 1
configure: failed program was:
| /* confdefs.h */
| #define PACKAGE_NAME "opcodes"
| #define PACKAGE_TARNAME "opcodes"
| #define PACKAGE_VERSION "2.31.1"
| #define PACKAGE_STRING "opcodes 2.31.1"
| #define PACKAGE_BUGREPORT ""
| #define PACKAGE_URL ""
| #define PACKAGE "opcodes"
| #define VERSION "2.31.1"
| /* end confdefs.h.  */
| #include <ac_nonexistent.h>
configure:4859: checking for grep that handles long lines and -e
configure:4917: result: /bin/grep
configure:4922: checking for egrep
configure:4984: result: /bin/grep -E
configure:4989: checking for ANSI C header files
configure:5009: gcc -c -g -O2  conftest.c >&5
configure:5009: $? = 0
configure:5082: gcc -o conftest -g -O2  -static-libstdc++ -static-libgcc  conftest.c  >&5
configure:5082: $? = 0
configure:5082: ./conftest
configure:5082: $? = 0
configure:5093: result: yes
configure:5106: checking for sys/types.h
configure:5106: gcc -c -g -O2  conftest.c >&5
configure:5106: $? = 0
configure:5106: result: yes
configure:5106: checking for sys/stat.h
configure:5106: gcc -c -g -O2  conftest.c >&5
configure:5106: $? = 0
configure:5106: result: yes
configure:5106: checking for stdlib.h
configure:5106: gcc -c -g -O2  conftest.c >&5
configure:5106: $? = 0
configure:5106: result: yes
configure:5106: checking for string.h
configure:5106: gcc -c -g -O2  conftest.c >&5
configure:5106: $? = 0
configure:5106: result: yes
configure:5106: checking for memory.h
configure:5106: gcc -c -g -O2  conftest.c >&5
configure:5106: $? = 0
configure:5106: result: yes
configure:5106: checking for strings.h
configure:5106: gcc -c -g -O2  conftest.c >&5
configure:5106: $? = 0
configure:5106: result: yes
configure:5106: checking for inttypes.h
configure:5106: gcc -c -g -O2  conftest.c >&5
configure:5106: $? = 0
configure:5106: result: yes
configure:5106: checking for stdint.h
configure:5106: gcc -c -g -O2  conftest.c >&5
configure:5106: $? = 0
configure:5106: result: yes
configure:5106: checking for unistd.h
configure:5106: gcc -c -g -O2  conftest.c >&5
configure:5106: $? = 0
configure:5106: result: yes
configure:5119: checking minix/config.h usability
configure:5119: gcc -c -g -O2  conftest.c >&5
conftest.c:54:10: fatal error: minix/config.h: No such file or directory
 #include <minix/config.h>
          ^~~~~~~~~~~~~~~~
compilation terminated.
configure:5119: $? = 1
configure: failed program was:
| /* confdefs.h */
| #define PACKAGE_NAME "opcodes"
| #define PACKAGE_TARNAME "opcodes"
| #define PACKAGE_VERSION "2.31.1"
| #define PACKAGE_STRING "opcodes 2.31.1"
| #define PACKAGE_BUGREPORT ""
| #define PACKAGE_URL ""
| #define PACKAGE "opcodes"
| #define VERSION "2.31.1"
| #define STDC_HEADERS 1
| #define HAVE_SYS_TYPES_H 1
| #define HAVE_SYS_STAT_H 1
| #define HAVE_STDLIB_H 1
| #define HAVE_STRING_H 1
| #define HAVE_MEMORY_H 1
| #define HAVE_STRINGS_H 1
| #define HAVE_INTTYPES_H 1
| #define HAVE_STDINT_H 1
| #define HAVE_UNISTD_H 1
| /* end confdefs.h.  */
| #include <stdio.h>
| #ifdef HAVE_SYS_TYPES_H
| # include <sys/types.h>
| #endif
| #ifdef HAVE_SYS_STAT_H
| # include <sys/stat.h>
| #endif
| #ifdef STDC_HEADERS
| # include <stdlib.h>
| # include <stddef.h>
| #else
| # ifdef HAVE_STDLIB_H
| #  include <stdlib.h>
| # endif
| #endif
| #ifdef HAVE_STRING_H
| # if !defined STDC_HEADERS && defined HAVE_MEMORY_H
| #  include <memory.h>
| # endif
| # include <string.h>
| #endif
| #ifdef HAVE_STRINGS_H
| # include <strings.h>
| #endif
| #ifdef HAVE_INTTYPES_H
| # include <inttypes.h>
| #endif
| #ifdef HAVE_STDINT_H
| # include <stdint.h>
| #endif
| #ifdef HAVE_UNISTD_H
| # include <unistd.h>
| #endif
| #include <minix/config.h>
configure:5119: result: no
configure:5119: checking minix/config.h presence
configure:5119: gcc -E  conftest.c
conftest.c:21:10: fatal error: minix/config.h: No such file or directory
 #include <minix/config.h>
          ^~~~~~~~~~~~~~~~
compilation terminated.
configure:5119: $? = 1
configure: failed program was:
| /* confdefs.h */
| #define PACKAGE_NAME "opcodes"
| #define PACKAGE_TARNAME "opcodes"
| #define PACKAGE_VERSION "2.31.1"
| #define PACKAGE_STRING "opcodes 2.31.1"
| #define PACKAGE_BUGREPORT ""
| #define PACKAGE_URL ""
| #define PACKAGE "opcodes"
| #define VERSION "2.31.1"
| #define STDC_HEADERS 1
| #define HAVE_SYS_TYPES_H 1
| #define HAVE_SYS_STAT_H 1
| #define HAVE_STDLIB_H 1
| #define HAVE_STRING_H 1
| #define HAVE_MEMORY_H 1
| #define HAVE_STRINGS_H 1
| #define HAVE_INTTYPES_H 1
| #define HAVE_STDINT_H 1
| #define HAVE_UNISTD_H 1
| /* end confdefs.h.  */
| #include <minix/config.h>
configure:5119: result: no
configure:5119: checking for minix/config.h
configure:5119: result: no
configure:5140: checking whether it is safe to define __EXTENSIONS__
configure:5158: gcc -c -g -O2  conftest.c >&5
configure:5158: $? = 0
configure:5165: result: yes
configure:5185: checking for x86_64-pc-linux-gnu-ar
configure:5212: result: ar
configure:5277: checking for x86_64-pc-linux-gnu-ranlib
configure:5304: result: ranlib
configure:5445: checking how to print strings
configure:5472: result: printf
configure:5493: checking for a sed that does not truncate output
configure:5557: result: /bin/sed
configure:5575: checking for fgrep
configure:5637: result: /bin/grep -F
configure:5672: checking for ld used by gcc
configure:5739: result: ld
configure:5746: checking if the linker (ld) is GNU ld
configure:5761: result: yes
configure:5773: checking for BSD- or MS-compatible name lister (nm)
configure:5822: result: nm
configure:5952: checking the name lister (nm) interface
configure:5959: gcc -c -g -O2  conftest.c >&5
configure:5962: nm "conftest.o"
configure:5965: output
0000000000000000 B some_variable
configure:5972: result: BSD nm
configure:5975: checking whether ln -s works
configure:5979: result: yes
configure:5987: checking the maximum length of command line arguments
configure:6112: result: 1572864
configure:6129: checking whether the shell understands some XSI constructs
configure:6139: result: yes
configure:6143: checking whether the shell understands "+="
configure:6149: result: yes
configure:6184: checking for ld option to reload object files
configure:6191: result: -r
configure:6220: checking for x86_64-pc-linux-gnu-objdump
configure:6247: result: objdump
configure:6319: checking how to recognize dependent libraries
configure:6520: result: pass_all
configure:6540: checking for x86_64-pc-linux-gnu-ar
configure:6567: result: ar
configure:6645: checking for x86_64-pc-linux-gnu-strip
configure:6675: result: no
configure:6685: checking for strip
configure:6701: found /usr/bin/strip
configure:6712: result: strip
configure:6744: checking for x86_64-pc-linux-gnu-ranlib
configure:6771: result: ranlib
configure:6913: checking command to parse nm output from gcc object
configure:7031: gcc -c -g -O2  conftest.c >&5
configure:7034: $? = 0
configure:7038: nm conftest.o \| sed -n -e 's/^.*[ ]\([ABCDGIRSTW][ABCDGIRSTW]*\)[ ][ ]*\([_A-Za-z][_A-Za-z0-9]*\)$/\1 \2 \2/p' \> conftest.nm
configure:7041: $? = 0
configure:7095: gcc -o conftest -g -O2  -static-libstdc++ -static-libgcc  conftest.c conftstm.o >&5
configure:7098: $? = 0
configure:7136: result: ok
configure:7231: gcc -c -g -O2  conftest.c >&5
configure:7234: $? = 0
configure:7984: checking for dlfcn.h
configure:7984: gcc -c -g -O2  conftest.c >&5
configure:7984: $? = 0
configure:7984: result: yes
configure:8141: checking for objdir
configure:8156: result: .libs
configure:8427: checking if gcc supports -fno-rtti -fno-exceptions
configure:8445: gcc -c -g -O2  -fno-rtti -fno-exceptions conftest.c >&5
cc1: warning: command line option '-fno-rtti' is valid for C++/ObjC++ but not for C
configure:8449: $? = 0
configure:8462: result: no
configure:8482: checking for gcc option to produce PIC
configure:8768: result: -fPIC -DPIC
configure:8780: checking if gcc PIC flag -fPIC -DPIC works
configure:8798: gcc -c -g -O2  -fPIC -DPIC -DPIC conftest.c >&5
configure:8802: $? = 0
configure:8815: result: yes
configure:8839: checking if gcc static flag -static works
configure:8867: result: yes
configure:8882: checking if gcc supports -c -o file.o
configure:8903: gcc -c -g -O2  -o out/conftest2.o conftest.c >&5
configure:8907: $? = 0
configure:8929: result: yes
configure:8937: checking if gcc supports -c -o file.o
configure:8984: result: yes
configure:9017: checking whether the gcc linker (ld -m elf_x86_64) supports shared libraries
configure:10088: result: yes
configure:10333: checking dynamic linker characteristics
configure:10784: gcc -o conftest -g -O2  -static-libstdc++ -static-libgcc  -Wl,-rpath -Wl,/foo conftest.c  >&5
configure:10784: $? = 0
configure:11006: result: GNU/Linux ld.so
configure:11113: checking how to hardcode library paths into programs
configure:11138: result: immediate
configure:11678: checking whether stripping libraries is possible
configure:11683: result: yes
configure:11718: checking if libtool supports shared libraries
configure:11720: result: yes
configure:11723: checking whether to build shared libraries
configure:11744: result: no
configure:11747: checking whether to build static libraries
configure:11751: result: yes
configure:11966: checking whether gcc supports -Wmissing-field-initializers
configure:11983: gcc -c -Wmissing-field-initializers  conftest.c >&5
configure:11983: $? = 0
configure:11992: result: yes
configure:12018: checking whether to enable maintainer-specific portions of Makefiles
configure:12027: result: no
configure:12055: checking whether to install libbfd
configure:12068: result: no
configure:12114: checking whether NLS is requested
configure:12117: result: no
configure:12185: checking whether NLS is requested
configure:12194: result: no
configure:12232: checking for msgfmt
configure:12266: result: no
configure:12272: checking for gmsgfmt
configure:12303: result: :
configure:12343: checking for xgettext
configure:12377: result: no
configure:12414: checking for msgmerge
configure:12447: result: no
configure:12526: checking for string.h
configure:12526: result: yes
configure:12526: checking for strings.h
configure:12526: result: yes
configure:12526: checking for stdlib.h
configure:12526: result: yes
configure:12526: checking limits.h usability
configure:12526: gcc -c -g -O2  conftest.c >&5
configure:12526: $? = 0
configure:12526: result: yes
configure:12526: checking limits.h presence
configure:12526: gcc -E  conftest.c
configure:12526: $? = 0
configure:12526: result: yes
configure:12526: checking for limits.h
configure:12526: result: yes
configure:12536: checking whether string.h and strings.h may both be included
configure:12553: gcc -c -g -O2  conftest.c >&5
configure:12553: $? = 0
configure:12560: result: yes
configure:12569: checking whether basename is declared
configure:12569: gcc -c -g -O2  conftest.c >&5
configure:12569: $? = 0
configure:12569: result: yes
configure:12579: checking whether stpcpy is declared
configure:12579: gcc -c -g -O2  conftest.c >&5
configure:12579: $? = 0
configure:12579: result: yes
configure:12593: checking for sigsetjmp
configure:12611: gcc -c -g -O2  conftest.c >&5
configure:12611: $? = 0
configure:12618: result: 
configure:12656: checking linker --as-needed support
configure:12667: result: yes
configure:12758: checking for cos in -lm
configure:12783: gcc -o conftest -g -O2  -static-libstdc++ -static-libgcc  conftest.c -lm   >&5
conftest.c:43:6: warning: conflicting types for built-in function 'cos' [-Wbuiltin-declaration-mismatch]
 char cos ();
      ^~~
configure:12783: $? = 0
configure:12792: result: yes
configure:13110: updating cache ./config.cache
configure:13154: checking that generated files are newer than configure
configure:13160: result: done
configure:13195: creating ./config.status

## ---------------------- ##
## Running config.status. ##
## ---------------------- ##

This file was extended by opcodes config.status 2.31.1, which was
generated by GNU Autoconf 2.69.  Invocation command line was

  CONFIG_FILES    = 
  CONFIG_HEADERS  = 
  CONFIG_LINKS    = 
  CONFIG_COMMANDS = 
  $ ./config.status 

on ip-172-31-5-17

config.status:1136: creating Makefile
config.status:1136: creating po/Makefile.in
config.status:1136: creating config.h
config.status:1350: executing depfiles commands
config.status:1350: executing libtool commands
config.status:1350: executing default-1 commands

## ---------------- ##
## Cache variables. ##
## ---------------- ##

ac_cv_build=x86_64-pc-linux-gnu
ac_cv_c_compiler_gnu=yes
ac_cv_env_CC_set=set
ac_cv_env_CC_value=gcc
ac_cv_env_CFLAGS_set=set
ac_cv_env_CFLAGS_value='-g -O2'
ac_cv_env_CPPFLAGS_set=
ac_cv_env_CPPFLAGS_value=
ac_cv_env_CPP_set=
ac_cv_env_CPP_value=
ac_cv_env_LDFLAGS_set=set
ac_cv_env_LDFLAGS_value='-static-libstdc++ -static-libgcc '
ac_cv_env_LIBS_set=
ac_cv_env_LIBS_value=
ac_cv_env_build_alias_set=set
ac_cv_env_build_alias_value=x86_64-pc-linux-gnu
ac_cv_env_host_alias_set=set
ac_cv_env_host_alias_value=x86_64-pc-linux-gnu
ac_cv_env_target_alias_set=set
ac_cv_env_target_alias_value=x86_64-lfs-linux-gnu
ac_cv_have_decl_basename=yes
ac_cv_have_decl_stpcpy=yes
ac_cv_header_dlfcn_h=yes
ac_cv_header_inttypes_h=yes
ac_cv_header_limits_h=yes
ac_cv_header_memory_h=yes
ac_cv_header_minix_config_h=no
ac_cv_header_stdc=yes
ac_cv_header_stdint_h=yes
ac_cv_header_stdlib_h=yes
ac_cv_header_string_h=yes
ac_cv_header_strings_h=yes
ac_cv_header_sys_stat_h=yes
ac_cv_header_sys_types_h=yes
ac_cv_header_unistd_h=yes
ac_cv_host=x86_64-pc-linux-gnu
ac_cv_lib_m_cos=yes
ac_cv_objext=o
ac_cv_path_EGREP='/bin/grep -E'
ac_cv_path_FGREP='/bin/grep -F'
ac_cv_path_GMSGFMT=:
ac_cv_path_GREP=/bin/grep
ac_cv_path_MSGFMT=:
ac_cv_path_MSGMERGE=:
ac_cv_path_SED=/bin/sed
ac_cv_path_XGETTEXT=:
ac_cv_path_mkdir=/bin/mkdir
ac_cv_prog_AR=ar
ac_cv_prog_AWK=gawk
ac_cv_prog_CC=gcc
ac_cv_prog_CPP='gcc -E'
ac_cv_prog_OBJDUMP=objdump
ac_cv_prog_RANLIB=ranlib
ac_cv_prog_ac_ct_STRIP=strip
ac_cv_prog_cc_c89=
ac_cv_prog_cc_g=yes
ac_cv_prog_make_make_set=yes
ac_cv_safe_to_define___extensions__=yes
ac_cv_search_strerror='none required'
ac_cv_target=x86_64-lfs-linux-gnu
acx_cv_prog_cc_warning__Wmissing_field_initializers=yes
am_cv_CC_dependencies_compiler_type=gcc3
am_cv_make_support_nested_variables=yes
am_cv_prog_cc_c_o=yes
bfd_cv_func_sigsetjmp=yes
bfd_cv_ld_as_needed=yes
gcc_cv_header_string=yes
lt_cv_deplibs_check_method=pass_all
lt_cv_file_magic_cmd='$MAGIC_CMD'
lt_cv_file_magic_test_file=
lt_cv_ld_reload_flag=-r
lt_cv_nm_interface='BSD nm'
lt_cv_objdir=.libs
lt_cv_path_LD=ld
lt_cv_path_NM=nm
lt_cv_prog_compiler_c_o=yes
lt_cv_prog_compiler_pic_works=yes
lt_cv_prog_compiler_rtti_exceptions=no
lt_cv_prog_compiler_static_works=yes
lt_cv_prog_gnu_ld=yes
lt_cv_shlibpath_overrides_runpath=yes
lt_cv_sys_global_symbol_pipe='sed -n -e '\''s/^.*[	 ]\([ABCDGIRSTW][ABCDGIRSTW]*\)[	 ][	 ]*\([_A-Za-z][_A-Za-z0-9]*\)$/\1 \2 \2/p'\'''
lt_cv_sys_global_symbol_to_c_name_address='sed -n -e '\''s/^: \([^ ]*\) $/  {\"\1\", (void *) 0},/p'\'' -e '\''s/^[ABCDGIRSTW]* \([^ ]*\) \([^ ]*\)$/  {"\2", (void *) \&\2},/p'\'''
lt_cv_sys_global_symbol_to_c_name_address_lib_prefix='sed -n -e '\''s/^: \([^ ]*\) $/  {\"\1\", (void *) 0},/p'\'' -e '\''s/^[ABCDGIRSTW]* \([^ ]*\) \(lib[^ ]*\)$/  {"\2", (void *) \&\2},/p'\'' -e '\''s/^[ABCDGIRSTW]* \([^ ]*\) \([^ ]*\)$/  {"lib\2", (void *) \&\2},/p'\'''
lt_cv_sys_global_symbol_to_cdecl='sed -n -e '\''s/^T .* \(.*\)$/extern int \1();/p'\'' -e '\''s/^[ABCDGIRSTW]* .* \(.*\)$/extern char \1;/p'\'''
lt_cv_sys_max_cmd_len=1572864

## ----------------- ##
## Output variables. ##
## ----------------- ##

ACLOCAL='${SHELL} /mnt/lfs/sources/binutils-2.31.1/missing aclocal-1.15'
AMDEPBACKSLASH='\'
AMDEP_FALSE='#'
AMDEP_TRUE=''
AMTAR='$${TAR-tar}'
AM_BACKSLASH='\'
AM_DEFAULT_V='$(AM_DEFAULT_VERBOSITY)'
AM_DEFAULT_VERBOSITY='1'
AM_V='$(V)'
AR='ar'
AUTOCONF='${SHELL} /mnt/lfs/sources/binutils-2.31.1/missing autoconf'
AUTOHEADER='${SHELL} /mnt/lfs/sources/binutils-2.31.1/missing autoheader'
AUTOMAKE='${SHELL} /mnt/lfs/sources/binutils-2.31.1/missing automake-1.15'
AWK='gawk'
BFD_MACHINES=' i386-dis.lo i386-opc.lo'
BUILD_LIBS='../libiberty/libiberty.a '
BUILD_LIB_DEPS='../libiberty/libiberty.a '
CATALOGS=''
CATOBJEXT=''
CC='gcc'
CCDEPMODE='depmode=gcc3'
CC_FOR_BUILD='gcc'
CFLAGS='-g -O2'
CGEN_MAINT_FALSE=''
CGEN_MAINT_TRUE='#'
CPP='gcc -E'
CPPFLAGS=''
CYGPATH_W='echo'
DATADIRNAME=''
DEFS='-DHAVE_CONFIG_H'
DEPDIR='.deps'
DSYMUTIL=''
DUMPBIN=''
ECHO_C=''
ECHO_N='-n'
ECHO_T=''
EGREP='/bin/grep -E'
EXEEXT=''
EXEEXT_FOR_BUILD='$(EXEEXT)'
FGREP='/bin/grep -F'
GENCAT=''
GMSGFMT=':'
GREP='/bin/grep'
HDEFINES=''
INCINTL=''
INSTALL_DATA='/usr/bin/install -c -m 644'
INSTALL_LIBBFD_FALSE=''
INSTALL_LIBBFD_TRUE='#'
INSTALL_PROGRAM='/usr/bin/install -c'
INSTALL_SCRIPT='/usr/bin/install -c'
INSTALL_STRIP_PROGRAM='$(install_sh) -c -s'
INSTOBJEXT=''
LD='ld -m elf_x86_64'
LDFLAGS='-static-libstdc++ -static-libgcc '
LIBINTL=''
LIBINTL_DEP=''
LIBM='-lm'
LIBOBJS=''
LIBS=''
LIBTOOL='$(SHELL) $(top_builddir)/libtool'
LIPO=''
LN_S='ln -s'
LTLIBOBJS=''
MAINT='#'
MAINTAINER_MODE_FALSE=''
MAINTAINER_MODE_TRUE='#'
MAKEINFO='makeinfo --split-size=5000000'
MKDIR_P='/bin/mkdir -p'
MKINSTALLDIRS='$(top_builddir)/../../opcodes/../mkinstalldirs'
MSGFMT=':'
MSGMERGE=':'
NM='nm'
NMEDIT=''
NO_WERROR=''
NO_WMISSING_FIELD_INITIALIZERS='-Wno-missing-field-initializers'
OBJDUMP='objdump'
OBJEXT='o'
OTOOL64=''
OTOOL=''
PACKAGE='opcodes'
PACKAGE_BUGREPORT=''
PACKAGE_NAME='opcodes'
PACKAGE_STRING='opcodes 2.31.1'
PACKAGE_TARNAME='opcodes'
PACKAGE_URL=''
PACKAGE_VERSION='2.31.1'
PATH_SEPARATOR=':'
POSUB=''
RANLIB='ranlib'
SED='/bin/sed'
SET_MAKE=''
SHARED_DEPENDENCIES=''
SHARED_LDFLAGS=''
SHARED_LIBADD=''
SHELL='/bin/sh'
STRIP='strip'
USE_NLS='no'
VERSION='2.31.1'
WARN_CFLAGS='-W -Wall -Wstrict-prototypes -Wmissing-prototypes -Wshadow -Wstack-usage=262144'
WARN_CFLAGS_FOR_BUILD='-W -Wall -Wstrict-prototypes -Wmissing-prototypes -Wshadow -Wstack-usage=262144'
WARN_WRITE_STRINGS='-Wwrite-strings'
XGETTEXT=':'
ac_ct_CC=''
ac_ct_DUMPBIN=''
am__EXEEXT_FALSE=''
am__EXEEXT_TRUE='#'
am__fastdepCC_FALSE='#'
am__fastdepCC_TRUE=''
am__include='include'
am__isrc=' -I$(srcdir)'
am__leading_dot='.'
am__nodep='_no'
am__quote=''
am__tar='$${TAR-tar} chof - "$$tardir"'
am__untar='$${TAR-tar} xf -'
archdefs=' -DARCH_i386 -DARCH_iamcu -DARCH_l1om -DARCH_k1om'
bfdincludedir='$(exec_prefix)/$(host_noncanonical)/$(target_noncanonical)/include'
bfdlibdir='$(exec_prefix)/$(host_noncanonical)/$(target_noncanonical)/lib'
bindir='${exec_prefix}/bin'
build='x86_64-pc-linux-gnu'
build_alias='x86_64-pc-linux-gnu'
build_cpu='x86_64'
build_os='linux-gnu'
build_vendor='pc'
cgendir='$(srcdir)/../cgen'
datadir='${datarootdir}'
datarootdir='${prefix}/share'
docdir='${datarootdir}/doc/${PACKAGE_TARNAME}'
dvidir='${docdir}'
exec_prefix='${prefix}'
host='x86_64-pc-linux-gnu'
host_alias='x86_64-pc-linux-gnu'
host_cpu='x86_64'
host_noncanonical='x86_64-pc-linux-gnu'
host_os='linux-gnu'
host_vendor='pc'
htmldir='${docdir}'
includedir='${prefix}/include'
infodir='${datarootdir}/info'
install_sh='${SHELL} /mnt/lfs/sources/binutils-2.31.1/install-sh'
libdir='${exec_prefix}/lib'
libexecdir='${exec_prefix}/libexec'
localedir='${datarootdir}/locale'
localstatedir='${prefix}/var'
mandir='${datarootdir}/man'
mkdir_p='$(MKDIR_P)'
oldincludedir='/usr/include'
pdfdir='${docdir}'
prefix='/tools'
program_transform_name='s&^&x86_64-lfs-linux-gnu-&'
psdir='${docdir}'
sbindir='${exec_prefix}/sbin'
sharedstatedir='${prefix}/com'
sysconfdir='${prefix}/etc'
target='x86_64-lfs-linux-gnu'
target_alias='x86_64-lfs-linux-gnu'
target_cpu='x86_64'
target_noncanonical='x86_64-lfs-linux-gnu'
target_os='linux-gnu'
target_vendor='lfs'

## ----------- ##
## confdefs.h. ##
## ----------- ##

/* confdefs.h */
#define PACKAGE_NAME "opcodes"
#define PACKAGE_TARNAME "opcodes"
#define PACKAGE_VERSION "2.31.1"
#define PACKAGE_STRING "opcodes 2.31.1"
#define PACKAGE_BUGREPORT ""
#define PACKAGE_URL ""
#define PACKAGE "opcodes"
#define VERSION "2.31.1"
#define STDC_HEADERS 1
#define HAVE_SYS_TYPES_H 1
#define HAVE_SYS_STAT_H 1
#define HAVE_STDLIB_H 1
#define HAVE_STRING_H 1
#define HAVE_MEMORY_H 1
#define HAVE_STRINGS_H 1
#define HAVE_INTTYPES_H 1
#define HAVE_STDINT_H 1
#define HAVE_UNISTD_H 1
#define __EXTENSIONS__ 1
#define _ALL_SOURCE 1
#define _GNU_SOURCE 1
#define _POSIX_PTHREAD_SEMANTICS 1
#define _TANDEM_SOURCE 1
#define HAVE_DLFCN_H 1
#define LT_OBJDIR ".libs/"
#define HAVE_STRING_H 1
#define HAVE_STRINGS_H 1
#define HAVE_STDLIB_H 1
#define HAVE_LIMITS_H 1
#define STRING_WITH_STRINGS 1
#define HAVE_DECL_BASENAME 1
#define HAVE_DECL_STPCPY 1
#define HAVE_SIGSETJMP 1

configure: exit 0
