Running from installcheck: no
Test Protocol: none
PATH = /sources/automake-1.16.1/bin:/sources/automake-1.16.1/t/ax:/bin:/usr/bin:/sbin:/usr/sbin:/tools/bin
++ pwd
/sources/automake-1.16.1/t/aclocal-path-nonexistent.dir
+ cat
+ mkdir mdir
+ echo 'AC_DEFUN([AM_FOO], [am--foo])'
++ pwd
+ ACLOCAL_PATH=./nonesuch:./mdir:/sources/automake-1.16.1/t/aclocal-path-nonexistent.dir/nonesuch2:nonesuch3
+ aclocal-1.16 -Werror
+ autoconf
+ /bin/grep -F am--foo configure
am--foo
+ :
+ am_exit_trap 0
+ exit_status=0
+ set +e
+ cd /sources/automake-1.16.1
+ test none = tap
+ case $am_explicit_skips in
+ test 0 -eq 0
+ am_keeping_testdirs
+ case $keep_testdirs in
+ return 1
+ rm_rf_ t/aclocal-path-nonexistent.dir
+ test 1 -gt 0
+ /usr/bin/perl /sources/automake-1.16.1/t/ax/deltree.pl t/aclocal-path-nonexistent.dir
+ set +x
PASS t/aclocal-path-nonexistent.sh (exit status: 0)
