Running from installcheck: no
Test Protocol: none
PATH = /sources/automake-1.16.1/bin:/sources/automake-1.16.1/t/ax:/bin:/usr/bin:/sbin:/usr/sbin:/tools/bin
++ pwd
/sources/automake-1.16.1/t/aclocal-I-order-3.dir
+ cat
+ mkdir m4
+ cat
+ cat
+ aclocal-1.16 -Werror --verbose -I m4
aclocal-1.16: found macro MACRO1 in m4/version2.m4: 1
aclocal-1.16: ignoring macro MACRO1 in m4/version1.m4: 1
aclocal-1.16: found macro MACRO2 in m4/version1.m4: 2
aclocal-1.16: found macro AM_PROG_VALAC in /sources/automake-1.16.1/m4/vala.m4: 21
aclocal-1.16: found macro AM_PROG_UPC in /sources/automake-1.16.1/m4/upc.m4: 9
aclocal-1.16: found macro _AM_PROG_TAR in /sources/automake-1.16.1/m4/tar.m4: 23
aclocal-1.16: found macro _AM_SUBST_NOTMAKE in /sources/automake-1.16.1/m4/substnot.m4: 12
aclocal-1.16: found macro AM_SUBST_NOTMAKE in /sources/automake-1.16.1/m4/substnot.m4: 17
aclocal-1.16: found macro AM_PROG_INSTALL_STRIP in /sources/automake-1.16.1/m4/strip.m4: 17
aclocal-1.16: found macro AM_SILENT_RULES in /sources/automake-1.16.1/m4/silent.m4: 12
aclocal-1.16: found macro AM_SANITY_CHECK in /sources/automake-1.16.1/m4/sanity.m4: 11
aclocal-1.16: found macro AM_RUN_LOG in /sources/automake-1.16.1/m4/runlog.m4: 12
aclocal-1.16: found macro AM_PATH_PYTHON in /sources/automake-1.16.1/m4/python.m4: 35
aclocal-1.16: found macro AM_PYTHON_CHECK_VERSION in /sources/automake-1.16.1/m4/python.m4: 232
aclocal-1.16: found macro _AM_PROG_CC_C_O in /sources/automake-1.16.1/m4/prog-cc-c-o.m4: 12
aclocal-1.16: found macro AM_PROG_CC_C_O in /sources/automake-1.16.1/m4/prog-cc-c-o.m4: 47
aclocal-1.16: found macro _AM_MANGLE_OPTION in /sources/automake-1.16.1/m4/options.m4: 11
aclocal-1.16: found macro _AM_SET_OPTION in /sources/automake-1.16.1/m4/options.m4: 17
aclocal-1.16: found macro _AM_SET_OPTIONS in /sources/automake-1.16.1/m4/options.m4: 23
aclocal-1.16: found macro _AM_IF_OPTION in /sources/automake-1.16.1/m4/options.m4: 29
aclocal-1.16: found macro AM_CONFIG_HEADER in /sources/automake-1.16.1/m4/obsolete.m4: 11
aclocal-1.16: found macro AM_PROG_CC_STDC in /sources/automake-1.16.1/m4/obsolete.m4: 17
aclocal-1.16: found macro AM_C_PROTOTYPES in /sources/automake-1.16.1/m4/obsolete.m4: 26
aclocal-1.16: found macro fp_C_PROTOTYPES in /sources/automake-1.16.1/m4/obsolete.m4: 28
aclocal-1.16: found macro AM_PROG_MKDIR_P in /sources/automake-1.16.1/m4/mkdirp.m4: 11
aclocal-1.16: found macro AM_MISSING_PROG in /sources/automake-1.16.1/m4/missing.m4: 11
aclocal-1.16: found macro AM_MISSING_HAS_RUN in /sources/automake-1.16.1/m4/missing.m4: 20
aclocal-1.16: found macro AM_MAKE_INCLUDE in /sources/automake-1.16.1/m4/make.m4: 13
aclocal-1.16: found macro AM_MAINTAINER_MODE in /sources/automake-1.16.1/m4/maintainer.m4: 16
aclocal-1.16: found macro AM_PATH_LISPDIR in /sources/automake-1.16.1/m4/lispdir.m4: 14
aclocal-1.16: found macro AM_PROG_LEX in /sources/automake-1.16.1/m4/lex.m4: 13
aclocal-1.16: found macro AM_SET_LEADING_DOT in /sources/automake-1.16.1/m4/lead-dot.m4: 10
aclocal-1.16: found macro AM_PROG_INSTALL_SH in /sources/automake-1.16.1/m4/install-sh.m4: 11
aclocal-1.16: found macro AM_INIT_AUTOMAKE in /sources/automake-1.16.1/m4/init.m4: 29
aclocal-1.16: found macro _AC_AM_CONFIG_HEADER_HOOK in /sources/automake-1.16.1/m4/init.m4: 186
aclocal-1.16: found macro AM_PROG_GCJ in /sources/automake-1.16.1/m4/gcj.m4: 10
aclocal-1.16: found macro AM_EXTRA_RECURSIVE_TARGETS in /sources/automake-1.16.1/m4/extra-recurs.m4: 16
aclocal-1.16: found macro AM_WITH_DMALLOC in /sources/automake-1.16.1/m4/dmalloc.m4: 12
aclocal-1.16: found macro _AM_OUTPUT_DEPENDENCY_COMMANDS in /sources/automake-1.16.1/m4/depout.m4: 11
aclocal-1.16: found macro AM_OUTPUT_DEPENDENCY_COMMANDS in /sources/automake-1.16.1/m4/depout.m4: 62
aclocal-1.16: found macro _AM_DEPENDENCIES in /sources/automake-1.16.1/m4/depend.m4: 26
aclocal-1.16: found macro AM_SET_DEPDIR in /sources/automake-1.16.1/m4/depend.m4: 163
aclocal-1.16: found macro AM_DEP_TRACK in /sources/automake-1.16.1/m4/depend.m4: 171
aclocal-1.16: found macro AM_CONDITIONAL in /sources/automake-1.16.1/m4/cond.m4: 12
aclocal-1.16: found macro AM_COND_IF in /sources/automake-1.16.1/m4/cond-if.m4: 23
aclocal-1.16: found macro AM_AUX_DIR_EXPAND in /sources/automake-1.16.1/m4/auxdir.m4: 47
aclocal-1.16: found macro AM_PROG_AS in /sources/automake-1.16.1/m4/as.m4: 11
aclocal-1.16: found macro AM_PROG_AR in /sources/automake-1.16.1/m4/ar-lib.m4: 13
aclocal-1.16: found macro AM_AUTOMAKE_VERSION in /sources/automake-1.16.1/m4/amversion.m4: 14
aclocal-1.16: found macro AM_SET_CURRENT_AUTOMAKE_VERSION in /sources/automake-1.16.1/m4/amversion.m4: 33
aclocal-1.16: saw macro MACRO1
aclocal-1.16: saw macro MACRO1
aclocal-1.16: running echo 'm4_define([m4_require_silent_probe], [-])' | autom4te --language Autoconf-without-aclocal-m4  - /sources/automake-1.16.1/m4/internal/ac-config-macro-dirs.m4 'm4/version2.m4' --trace='AC_DEFUN:$f::$n::${::}%' --trace='AC_DEFUN_ONCE:$f::$n::${::}%' --trace='AU_DEFUN:$f::$n::${::}%' --trace='_AM_AUTOCONF_VERSION:$f::$n::${::}%' --trace='AC_CONFIG_MACRO_DIR_TRACE:$f::$n::${::}%' --trace='AC_CONFIG_MACRO_DIR:$f::$n::${::}%' --trace='_AM_CONFIG_MACRO_DIRS:$f::$n::${::}%' --trace='MACRO1:$f::$n' configure.ac
aclocal-1.16: writing aclocal.m4
+ autoconf
+ /bin/grep -F :macro11: configure
+ /bin/grep -F :macro21: configure
+ /bin/grep -F :macro12: configure
:macro12:
+ :
+ am_exit_trap 0
+ exit_status=0
+ set +e
+ cd /sources/automake-1.16.1
+ test none = tap
+ case $am_explicit_skips in
+ test 0 -eq 0
+ am_keeping_testdirs
+ case $keep_testdirs in
+ return 1
+ rm_rf_ t/aclocal-I-order-3.dir
+ test 1 -gt 0
+ /usr/bin/perl /sources/automake-1.16.1/t/ax/deltree.pl t/aclocal-I-order-3.dir
+ set +x
PASS t/aclocal-I-order-3.sh (exit status: 0)
