Running from installcheck: no
Test Protocol: none
PATH = /sources/automake-1.16.1/bin:/sources/automake-1.16.1/t/ax:/bin:/usr/bin:/sbin:/usr/sbin:/tools/bin
++ pwd
/sources/automake-1.16.1/t/aclocal-missing-macros.dir
+ cat
+ mkdir macros
+ cat
+ aclocal-1.16 -Werror -I macros
+ cat stderr
aclocal-1.16: warnings are treated as errors
macros/gnome.m4:4: warning: macro 'AM__PATH__GTK' not found in library
+ grep '^macros/gnome\.m4:4:.*AM__PATH__GTK.*not found' stderr
macros/gnome.m4:4: warning: macro 'AM__PATH__GTK' not found in library
+ :
+ am_exit_trap 0
+ exit_status=0
+ set +e
+ cd /sources/automake-1.16.1
+ test none = tap
+ case $am_explicit_skips in
+ test 0 -eq 0
+ am_keeping_testdirs
+ case $keep_testdirs in
+ return 1
+ rm_rf_ t/aclocal-missing-macros.dir
+ test 1 -gt 0
+ /usr/bin/perl /sources/automake-1.16.1/t/ax/deltree.pl t/aclocal-missing-macros.dir
+ set +x
PASS t/aclocal-missing-macros.sh (exit status: 0)
