Running from installcheck: no
Test Protocol: none
PATH = /sources/automake-1.16.1/bin:/sources/automake-1.16.1/t/ax:/bin:/usr/bin:/sbin:/usr/sbin:/tools/bin
++ pwd
/sources/automake-1.16.1/t/aclocal-scan-configure-ac-pr319.dir
+ cat
+ mkdir m4
+ echo 'AC_DEFUN([AM_SOME_MACRO])'
+ echo 'AC_DEFUN([AM_SOME_DEF])'
+ echo 'AC_DEFUN([AM_MORE_MACRO], [AC_REQUIRE([AM_SOME_DEF])])'
+ aclocal-1.16 -Werror -I m4
+ /bin/grep -F AM_SOME_MACRO aclocal.m4
+ /bin/grep -F AM_MORE_MACRO aclocal.m4
+ /bin/grep -F 'm4_include([m4/more.m4])' aclocal.m4
m4_include([m4/more.m4])
++ wc -l
++ grep m4_include aclocal.m4
+ test 1 = 1
+ :
+ am_exit_trap 0
+ exit_status=0
+ set +e
+ cd /sources/automake-1.16.1
+ test none = tap
+ case $am_explicit_skips in
+ test 0 -eq 0
+ am_keeping_testdirs
+ case $keep_testdirs in
+ return 1
+ rm_rf_ t/aclocal-scan-configure-ac-pr319.dir
+ test 1 -gt 0
+ /usr/bin/perl /sources/automake-1.16.1/t/ax/deltree.pl t/aclocal-scan-configure-ac-pr319.dir
+ set +x
PASS t/aclocal-scan-configure-ac-pr319.sh (exit status: 0)
