Running from installcheck: no
Test Protocol: none
PATH = /sources/automake-1.16.1/bin:/sources/automake-1.16.1/t/ax:/bin:/usr/bin:/sbin:/usr/sbin:/tools/bin
++ pwd
/sources/automake-1.16.1/t/aclocal-no-symlinked-overwrite.dir
+ echo 'm4_define([FOO], [wrong foo])'
+ echo 'm4_define([FOO], [right foo])'
+ echo 'AC_INIT FOO'
+ chmod a-w foo.m4
+ ln -s foo.m4 aclocal.m4
+ test -h aclocal.m4
+ grep 'wrong foo' aclocal.m4
m4_define([FOO], [wrong foo])
+ aclocal-1.16 -Werror
+ autoconf
+ grep 'right foo' configure
 right foo
+ grep 'wrong foo' foo.m4
m4_define([FOO], [wrong foo])
+ :
+ am_exit_trap 0
+ exit_status=0
+ set +e
+ cd /sources/automake-1.16.1
+ test none = tap
+ case $am_explicit_skips in
+ test 0 -eq 0
+ am_keeping_testdirs
+ case $keep_testdirs in
+ return 1
+ rm_rf_ t/aclocal-no-symlinked-overwrite.dir
+ test 1 -gt 0
+ /usr/bin/perl /sources/automake-1.16.1/t/ax/deltree.pl t/aclocal-no-symlinked-overwrite.dir
+ set +x
PASS t/aclocal-no-symlinked-overwrite.sh (exit status: 0)
