Running from installcheck: no
Test Protocol: none
PATH = /sources/automake-1.16.1/bin:/sources/automake-1.16.1/t/ax:/bin:/usr/bin:/sbin:/usr/sbin:/tools/bin
++ pwd
/sources/automake-1.16.1/t/aclocal-deleted-header-aclocal-amflags.dir
+ cat
+ cat
+ cat
+ cat
+ aclocal-1.16 -Werror -I .
+ automake-1.16 --foreign -Werror -Wall
+ autoconf
+ ./configure
checking for a BSD-compatible install... /usr/bin/install -c
checking whether build environment is sane... yes
checking for a thread-safe mkdir -p... /tools/bin/mkdir -p
checking for gawk... gawk
checking whether make sets $(MAKE)... yes
checking whether make supports nested variables... yes
checking that generated files are newer than configure... done
configure: creating ./config.status
config.status: creating Makefile
+ make
make: Nothing to be done for 'all'.
+ grep GREPFOO Makefile
GREPFOO = 
+ grep GREPBAR Makefile
+ sed s/FOO/BAR/
+ mv -f t configure.ac
+ rm -f foo.m4
+ make
CDPATH="${ZSH_VERSION+.}:" && cd . && /bin/sh /sources/automake-1.16.1/t/aclocal-deleted-header-aclocal-amflags.dir/missing aclocal-1.16 -I .
 cd . && /bin/sh /sources/automake-1.16.1/t/aclocal-deleted-header-aclocal-amflags.dir/missing automake-1.16 --foreign
CDPATH="${ZSH_VERSION+.}:" && cd . && /bin/sh /sources/automake-1.16.1/t/aclocal-deleted-header-aclocal-amflags.dir/missing autoconf
/bin/sh ./config.status --recheck
running CONFIG_SHELL=/bin/sh /bin/sh ./configure build_alias= host_alias= --no-create --no-recursion
checking for a BSD-compatible install... /usr/bin/install -c
checking whether build environment is sane... yes
checking for a thread-safe mkdir -p... /tools/bin/mkdir -p
checking for gawk... gawk
checking whether make sets $(MAKE)... yes
checking whether make supports nested variables... yes
checking that generated files are newer than configure... done
configure: creating ./config.status
 /bin/sh ./config.status
config.status: creating Makefile
make: Nothing to be done for 'all'.
+ grep GREPFOO Makefile
+ grep GREPBAR Makefile
GREPBAR = 
+ :
+ am_exit_trap 0
+ exit_status=0
+ set +e
+ cd /sources/automake-1.16.1
+ test none = tap
+ case $am_explicit_skips in
+ test 0 -eq 0
+ am_keeping_testdirs
+ case $keep_testdirs in
+ return 1
+ rm_rf_ t/aclocal-deleted-header-aclocal-amflags.dir
+ test 1 -gt 0
+ /usr/bin/perl /sources/automake-1.16.1/t/ax/deltree.pl t/aclocal-deleted-header-aclocal-amflags.dir
+ set +x
PASS t/aclocal-deleted-header-aclocal-amflags.sh (exit status: 0)
