Running from installcheck: no
Test Protocol: none
PATH = /sources/automake-1.16.1/bin:/sources/automake-1.16.1/t/ax:/bin:/usr/bin:/sbin:/usr/sbin:/tools/bin
++ pwd
/sources/automake-1.16.1/t/aclocal-no-unused-required.dir
+ cat
+ mkdir m4
+ cat
+ echo 'AC_DEFUN([MACRO1],)'
+ echo 'AC_DEFUN([MACRO2], [AC_REQUIRE([AM_UNUSED_MACRO])])'
+ aclocal-1.16 -Werror -I m4
++ wc -l
+ test 0 -eq 0
+ grep macro1.m4 aclocal.m4
m4_include([m4/macro1.m4])
+ grep macro2.m4 aclocal.m4
+ :
+ am_exit_trap 0
+ exit_status=0
+ set +e
+ cd /sources/automake-1.16.1
+ test none = tap
+ case $am_explicit_skips in
+ test 0 -eq 0
+ am_keeping_testdirs
+ case $keep_testdirs in
+ return 1
+ rm_rf_ t/aclocal-no-unused-required.dir
+ test 1 -gt 0
+ /usr/bin/perl /sources/automake-1.16.1/t/ax/deltree.pl t/aclocal-no-unused-required.dir
+ set +x
PASS t/aclocal-no-unused-required.sh (exit status: 0)
