Running from installcheck: no
Test Protocol: none
PATH = /sources/automake-1.16.1/bin:/sources/automake-1.16.1/t/ax:/bin:/usr/bin:/sbin:/usr/sbin:/tools/bin
++ pwd
/sources/automake-1.16.1/t/aclocal-I-order-1.dir
+ cat
+ mkdir m4_1 m4_2
+ cat
+ cat
+ aclocal-1.16 -Werror -I m4_1 -I m4_2
+ autoconf
+ /bin/grep -F :macro11: configure
:macro11:
+ /bin/grep -F :macro21: configure
:macro21:
+ aclocal-1.16 -Werror --force -I m4_2 -I m4_1
+ autoconf --force
+ /bin/grep -F :macro12: configure
:macro12:
+ /bin/grep -F :macro21: configure
:macro21:
+ :
+ am_exit_trap 0
+ exit_status=0
+ set +e
+ cd /sources/automake-1.16.1
+ test none = tap
+ case $am_explicit_skips in
+ test 0 -eq 0
+ am_keeping_testdirs
+ case $keep_testdirs in
+ return 1
+ rm_rf_ t/aclocal-I-order-1.dir
+ test 1 -gt 0
+ /usr/bin/perl /sources/automake-1.16.1/t/ax/deltree.pl t/aclocal-I-order-1.dir
+ set +x
PASS t/aclocal-I-order-1.sh (exit status: 0)
