Running from installcheck: no
Test Protocol: none
PATH = /sources/automake-1.16.1/bin:/sources/automake-1.16.1/t/ax:/bin:/usr/bin:/sbin:/usr/sbin:/tools/bin
++ pwd
/sources/automake-1.16.1/t/aclocal-dirlist-globbing.dir
+ cat
+ mkdir dirlist21-test dirlist22-test
+ cat
+ cat
+ mkdir my-acdir
+ cat
+ aclocal-1.16 -Werror --system-acdir my-acdir
+ autoconf
+ grep m4_include aclocal.m4
+ grep GUILE-VERSION configure
. $srcdir/../GUILE-VERSION
+ grep 'foo bar baz' configure
: foo bar baz
+ :
+ am_exit_trap 0
+ exit_status=0
+ set +e
+ cd /sources/automake-1.16.1
+ test none = tap
+ case $am_explicit_skips in
+ test 0 -eq 0
+ am_keeping_testdirs
+ case $keep_testdirs in
+ return 1
+ rm_rf_ t/aclocal-dirlist-globbing.dir
+ test 1 -gt 0
+ /usr/bin/perl /sources/automake-1.16.1/t/ax/deltree.pl t/aclocal-dirlist-globbing.dir
+ set +x
PASS t/aclocal-dirlist-globbing.sh (exit status: 0)
