Running from installcheck: no
Test Protocol: none
PATH = /sources/automake-1.16.1/bin:/sources/automake-1.16.1/t/ax:/bin:/usr/bin:/sbin:/usr/sbin:/tools/bin
++ pwd
/sources/automake-1.16.1/t/aclocal-path-install.dir
+ cat
+ mkdir acdir pdir ldir
++ pwd
+ ACLOCAL='aclocal-1.16 -Werror --system-acdir=/sources/automake-1.16.1/t/aclocal-path-install.dir/acdir'
+ ACLOCAL_PATH=./pdir
+ export ACLOCAL_PATH
+ cat
+ cat
+ aclocal-1.16 -Werror --system-acdir=/sources/automake-1.16.1/t/aclocal-path-install.dir/acdir --install
+ cat stderr
aclocal-1.16: error: installation of third-party macros impossible without -I options nor AC_CONFIG_MACRO_DIR{,S} m4 macro(s)
+ grep 'impossible without -I .* nor AC_CONFIG_MACRO_DIR' stderr
aclocal-1.16: error: installation of third-party macros impossible without -I options nor AC_CONFIG_MACRO_DIR{,S} m4 macro(s)
+ test '!' -e pdir/foo.m4
+ echo AM_BAR
+ aclocal-1.16 -Werror --system-acdir=/sources/automake-1.16.1/t/aclocal-path-install.dir/acdir --install -I ldir
aclocal-1.16: installing 'ldir/foo.m4' from '/sources/automake-1.16.1/t/aclocal-path-install.dir/acdir/foo.m4'
aclocal-1.16: installing 'ldir/bar.m4' from 'pdir/bar.m4'
+ diff pdir/bar.m4 ldir/bar.m4
+ :
+ am_exit_trap 0
+ exit_status=0
+ set +e
+ cd /sources/automake-1.16.1
+ test none = tap
+ case $am_explicit_skips in
+ test 0 -eq 0
+ am_keeping_testdirs
+ case $keep_testdirs in
+ return 1
+ rm_rf_ t/aclocal-path-install.dir
+ test 1 -gt 0
+ /usr/bin/perl /sources/automake-1.16.1/t/ax/deltree.pl t/aclocal-path-install.dir
+ set +x
PASS t/aclocal-path-install.sh (exit status: 0)
