Running from installcheck: no
Test Protocol: none
PATH = /sources/automake-1.16.1/bin:/sources/automake-1.16.1/t/ax:/bin:/usr/bin:/sbin:/usr/sbin:/tools/bin
++ pwd
/sources/automake-1.16.1/t/aclocal-no-force.dir
+ cat
+ mkdir sub
+ :
+ cat
+ :
+ mkdir m4
+ echo 'AC_DEFUN([SOME_DEFS], [])'
+ sleep 2
+ aclocal-1.16 -Werror -I m4
+ AUTOMAKE_after_aclocal
+ sleep 2
+ automake-1.16 --foreign -Werror -Wall --no-force
+ touch foo
+ sleep 2
+ aclocal-1.16 -Werror -I m4
+ AUTOMAKE_after_aclocal
+ sleep 2
+ automake-1.16 --foreign -Werror -Wall --no-force
+ is_newest foo aclocal.m4 Makefile.in sub/Makefile.in
+ sleep 2
+ aclocal-1.16 -Werror -I m4 --force
+ is_newest aclocal.m4 foo
+ AUTOMAKE_after_aclocal
+ sleep 2
+ automake-1.16 --foreign -Werror -Wall --no-force
+ is_newest Makefile.in aclocal.m4 foo
+ is_newest sub/Makefile.in aclocal.m4 foo
+ sleep 2
+ touch m4/somedefs.m4
+ sleep 2
+ aclocal-1.16 -Werror -I m4
+ AUTOMAKE_after_aclocal
+ sleep 2
+ automake-1.16 --foreign -Werror -Wall --no-force
+ is_newest aclocal.m4 m4/somedefs.m4
+ is_newest Makefile.in m4/somedefs.m4
+ is_newest sub/Makefile.in m4/somedefs.m4
+ sleep 2
+ touch fragment.inc
+ sleep 2
+ aclocal-1.16 -Werror -I m4
+ AUTOMAKE_after_aclocal
+ sleep 2
+ automake-1.16 --foreign -Werror -Wall --no-force
+ is_newest Makefile.in fragment.inc
+ is_newest fragment.inc aclocal.m4
+ is_newest fragment.inc sub/Makefile.in
+ grep README Makefile.in
+ sleep 2
+ :
+ sleep 2
+ automake-1.16 --foreign -Werror -Wall --no-force
+ is_newest Makefile.in README
+ is_newest README sub/Makefile.in
+ grep README Makefile.in
am__DIST_COMMON = $(srcdir)/Makefile.in $(srcdir)/fragment.inc README \
+ :
+ sleep 2
+ touch foo
+ sleep 2
+ aclocal-1.16 -Werror -I m4
+ automake-1.16 --foreign -Werror -Wall --no-force
+ is_newest foo aclocal.m4
+ is_newest foo Makefile.in
+ is_newest sub/Makefile.in foo
+ :
+ am_exit_trap 0
+ exit_status=0
+ set +e
+ cd /sources/automake-1.16.1
+ test none = tap
+ case $am_explicit_skips in
+ test 0 -eq 0
+ am_keeping_testdirs
+ case $keep_testdirs in
+ return 1
+ rm_rf_ t/aclocal-no-force.dir
+ test 1 -gt 0
+ /usr/bin/perl /sources/automake-1.16.1/t/ax/deltree.pl t/aclocal-no-force.dir
+ set +x
PASS t/aclocal-no-force.sh (exit status: 0)
