Running from installcheck: no
Test Protocol: none
PATH = /sources/automake-1.16.1/bin:/sources/automake-1.16.1/t/ax:/bin:/usr/bin:/sbin:/usr/sbin:/tools/bin
++ pwd
/sources/automake-1.16.1/t/aclocal-no-extra-scan.dir
+ cat
+ mkdir m4
+ cat
+ aclocal-1.16 -Werror -I m4
+ /bin/grep -E 'some.m4|GREPME' aclocal.m4
/bin/grep: aclocal.m4: No such file or directory
+ :
+ am_exit_trap 0
+ exit_status=0
+ set +e
+ cd /sources/automake-1.16.1
+ test none = tap
+ case $am_explicit_skips in
+ test 0 -eq 0
+ am_keeping_testdirs
+ case $keep_testdirs in
+ return 1
+ rm_rf_ t/aclocal-no-extra-scan.dir
+ test 1 -gt 0
+ /usr/bin/perl /sources/automake-1.16.1/t/ax/deltree.pl t/aclocal-no-extra-scan.dir
+ set +x
PASS t/aclocal-no-extra-scan.sh (exit status: 0)
