Running from installcheck: no
Test Protocol: none
PATH = /sources/automake-1.16.1/bin:/sources/automake-1.16.1/t/ax:/bin:/usr/bin:/sbin:/usr/sbin:/tools/bin
++ pwd
/sources/automake-1.16.1/t/add-missing-multiple.dir
+ cat
+ mkdir one
+ mkdir two
+ echo 'SUBDIRS = one two'
+ echo 'info_TEXINFOS = mumble.texi'
+ cat
+ cp one/Makefile.am one/mumble.texi two
+ aclocal-1.16 -Werror
+ automake-1.16 --foreign -Werror -Wall --add-missing --copy
one/Makefile.am:1: installing 'one/mdate-sh'
one/Makefile.am:1: installing 'one/texinfo.tex'
two/Makefile.am:1: installing 'two/mdate-sh'
two/Makefile.am:1: installing 'two/texinfo.tex'
+ test -f one/mdate-sh
+ test -f one/texinfo.tex
+ test -f two/mdate-sh
+ test -f two/texinfo.tex
+ :
+ am_exit_trap 0
+ exit_status=0
+ set +e
+ cd /sources/automake-1.16.1
+ test none = tap
+ case $am_explicit_skips in
+ test 0 -eq 0
+ am_keeping_testdirs
+ case $keep_testdirs in
+ return 1
+ rm_rf_ t/add-missing-multiple.dir
+ test 1 -gt 0
+ /usr/bin/perl /sources/automake-1.16.1/t/ax/deltree.pl t/add-missing-multiple.dir
+ set +x
PASS t/add-missing-multiple.sh (exit status: 0)
