Running from installcheck: no
Test Protocol: none
PATH = /sources/automake-1.16.1/bin:/sources/automake-1.16.1/t/ax:/bin:/usr/bin:/sbin:/usr/sbin:/tools/bin
++ pwd
/sources/automake-1.16.1/t/alpha2.dir
+ cat
+ cat
+ mkdir sub
+ :
+ :
+ :
+ :
+ :
+ :
+ :
+ :
+ :
+ :
+ :
+ aclocal-1.16 -Werror
+ autoconf
+ automake-1.16 --foreign -Werror -Wall
+ ./configure
checking for a BSD-compatible install... /usr/bin/install -c
checking whether build environment is sane... yes
checking for a thread-safe mkdir -p... /tools/bin/mkdir -p
checking for gawk... gawk
checking whether make sets $(MAKE)... yes
checking whether make supports nested variables... yes
checking that generated files are newer than configure... done
configure: creating ./config.status
config.status: creating Makefile
config.status: creating sub/Makefile
+ make check
Making check in sub
make[1]: Entering directory '/sources/automake-1.16.1/t/alpha2.dir/sub'
make[1]: Nothing to be done for 'check'.
make[1]: Leaving directory '/sources/automake-1.16.1/t/alpha2.dir/sub'
make[1]: Entering directory '/sources/automake-1.16.1/t/alpha2.dir'
make  check-local
make[2]: Entering directory '/sources/automake-1.16.1/t/alpha2.dir'
make  distdir-am
make[3]: Entering directory '/sources/automake-1.16.1/t/alpha2.dir'
if test -d "alpha-1.0b"; then find "alpha-1.0b" -type d ! -perm -200 -exec chmod u+w {} ';' && rm -rf "alpha-1.0b" || { sleep 5 && rm -rf "alpha-1.0b"; }; else :; fi
test -d "alpha-1.0b" || mkdir "alpha-1.0b"
 (cd sub && make  top_distdir=../alpha-1.0b distdir=../alpha-1.0b/sub \
     am__remove_distdir=: am__skip_length_check=: am__skip_mode_fix=: distdir)
make[4]: Entering directory '/sources/automake-1.16.1/t/alpha2.dir/sub'
make  distdir-am
make[5]: Entering directory '/sources/automake-1.16.1/t/alpha2.dir/sub'
make[5]: Leaving directory '/sources/automake-1.16.1/t/alpha2.dir/sub'
make[4]: Leaving directory '/sources/automake-1.16.1/t/alpha2.dir/sub'
test -n "" \
|| find "alpha-1.0b" -type d ! -perm -755 \
	-exec chmod u+rwx,go+rx {} \; -o \
  ! -type d ! -perm -444 -links 1 -exec chmod a+r {} \; -o \
  ! -type d ! -perm -400 -exec chmod a+r {} \; -o \
  ! -type d ! -perm -444 -exec /bin/sh /sources/automake-1.16.1/t/alpha2.dir/install-sh -c -m a+r {} {} \; \
|| chmod -R a+r "alpha-1.0b"
make[3]: Leaving directory '/sources/automake-1.16.1/t/alpha2.dir'
test -f alpha-1.0b/README-alpha
test -f alpha-1.0b/sub/README
test ! -f alpha-1.0b/sub/README-alpha
: > works
make[2]: Leaving directory '/sources/automake-1.16.1/t/alpha2.dir'
make[1]: Leaving directory '/sources/automake-1.16.1/t/alpha2.dir'
+ test -f works
+ am_exit_trap 0
+ exit_status=0
+ set +e
+ cd /sources/automake-1.16.1
+ test none = tap
+ case $am_explicit_skips in
+ test 0 -eq 0
+ am_keeping_testdirs
+ case $keep_testdirs in
+ return 1
+ rm_rf_ t/alpha2.dir
+ test 1 -gt 0
+ /usr/bin/perl /sources/automake-1.16.1/t/ax/deltree.pl t/alpha2.dir
+ set +x
PASS t/alpha2.sh (exit status: 0)
