Running from installcheck: no
Test Protocol: none
PATH = /sources/automake-1.16.1/bin:/sources/automake-1.16.1/t/ax:/bin:/usr/bin:/sbin:/usr/sbin:/tools/bin
++ pwd
/sources/automake-1.16.1/t/autodist.dir
+ cat
+ aclocal-1.16 -Werror
+ autoconf
++ automake-1.16 --foreign -Werror -Wall --help
++ sed -n '/^Files.*automatically distributed.*if found.*always/,/^ *$/p'
++ sed 1d
+ list='  ABOUT-GNU           INSTALL             config.rpath        ltconfig
  ABOUT-NLS           NEWS                config.sub          ltmain.sh
  AUTHORS             README              depcomp             mdate-sh
  BACKLOG             THANKS              install-sh          missing
  COPYING             TODO                libversion.in       mkinstalldirs
  COPYING.DOC         ar-lib              ltcf-c.sh           py-compile
  COPYING.LESSER      compile             ltcf-cxx.sh         texinfo.tex
  COPYING.LIB         config.guess        ltcf-gcj.sh         ylwrap
  ChangeLog'
++ echo ABOUT-GNU INSTALL config.rpath ltconfig ABOUT-NLS NEWS config.sub ltmain.sh AUTHORS README depcomp mdate-sh BACKLOG THANKS install-sh missing COPYING TODO libversion.in mkinstalldirs COPYING.DOC ar-lib ltcf-c.sh py-compile COPYING.LESSER compile ltcf-cxx.sh texinfo.tex COPYING.LIB config.guess ltcf-gcj.sh ylwrap ChangeLog
+ list='ABOUT-GNU INSTALL config.rpath ltconfig ABOUT-NLS NEWS config.sub ltmain.sh AUTHORS README depcomp mdate-sh BACKLOG THANKS install-sh missing COPYING TODO libversion.in mkinstalldirs COPYING.DOC ar-lib ltcf-c.sh py-compile COPYING.LESSER compile ltcf-cxx.sh texinfo.tex COPYING.LIB config.guess ltcf-gcj.sh ylwrap ChangeLog'
+ test -n 'ABOUT-GNU INSTALL config.rpath ltconfig ABOUT-NLS NEWS config.sub ltmain.sh AUTHORS README depcomp mdate-sh BACKLOG THANKS install-sh missing COPYING TODO libversion.in mkinstalldirs COPYING.DOC ar-lib ltcf-c.sh py-compile COPYING.LESSER compile ltcf-cxx.sh texinfo.tex COPYING.LIB config.guess ltcf-gcj.sh ylwrap ChangeLog'
+ cat
+ : First try listing the automatically-distributed files in proper
+ : targets in Makefile.am
+ echo 'MAINTAINERCLEANFILES = ABOUT-GNU INSTALL config.rpath ltconfig ABOUT-NLS NEWS config.sub ltmain.sh AUTHORS README depcomp mdate-sh BACKLOG THANKS install-sh missing COPYING TODO libversion.in mkinstalldirs COPYING.DOC ar-lib ltcf-c.sh py-compile COPYING.LESSER compile ltcf-cxx.sh texinfo.tex COPYING.LIB config.guess ltcf-gcj.sh ylwrap ChangeLog'
+ for f in $list
+ echo 'ABOUT-GNU :; touch ABOUT-GNU'
+ for f in $list
+ echo 'INSTALL :; touch INSTALL'
+ for f in $list
+ echo 'config.rpath :; touch config.rpath'
+ for f in $list
+ echo 'ltconfig :; touch ltconfig'
+ for f in $list
+ echo 'ABOUT-NLS :; touch ABOUT-NLS'
+ for f in $list
+ echo 'NEWS :; touch NEWS'
+ for f in $list
+ echo 'config.sub :; touch config.sub'
+ for f in $list
+ echo 'ltmain.sh :; touch ltmain.sh'
+ for f in $list
+ echo 'AUTHORS :; touch AUTHORS'
+ for f in $list
+ echo 'README :; touch README'
+ for f in $list
+ echo 'depcomp :; touch depcomp'
+ for f in $list
+ echo 'mdate-sh :; touch mdate-sh'
+ for f in $list
+ echo 'BACKLOG :; touch BACKLOG'
+ for f in $list
+ echo 'THANKS :; touch THANKS'
+ for f in $list
+ echo 'install-sh :; touch install-sh'
+ for f in $list
+ echo 'missing :; touch missing'
+ for f in $list
+ echo 'COPYING :; touch COPYING'
+ for f in $list
+ echo 'TODO :; touch TODO'
+ for f in $list
+ echo 'libversion.in :; touch libversion.in'
+ for f in $list
+ echo 'mkinstalldirs :; touch mkinstalldirs'
+ for f in $list
+ echo 'COPYING.DOC :; touch COPYING.DOC'
+ for f in $list
+ echo 'ar-lib :; touch ar-lib'
+ for f in $list
+ echo 'ltcf-c.sh :; touch ltcf-c.sh'
+ for f in $list
+ echo 'py-compile :; touch py-compile'
+ for f in $list
+ echo 'COPYING.LESSER :; touch COPYING.LESSER'
+ for f in $list
+ echo 'compile :; touch compile'
+ for f in $list
+ echo 'ltcf-cxx.sh :; touch ltcf-cxx.sh'
+ for f in $list
+ echo 'texinfo.tex :; touch texinfo.tex'
+ for f in $list
+ echo 'COPYING.LIB :; touch COPYING.LIB'
+ for f in $list
+ echo 'config.guess :; touch config.guess'
+ for f in $list
+ echo 'ltcf-gcj.sh :; touch ltcf-gcj.sh'
+ for f in $list
+ echo 'ylwrap :; touch ylwrap'
+ for f in $list
+ echo 'ChangeLog :; touch ChangeLog'
+ cat distfiles.am
MAINTAINERCLEANFILES = ABOUT-GNU INSTALL config.rpath ltconfig ABOUT-NLS NEWS config.sub ltmain.sh AUTHORS README depcomp mdate-sh BACKLOG THANKS install-sh missing COPYING TODO libversion.in mkinstalldirs COPYING.DOC ar-lib ltcf-c.sh py-compile COPYING.LESSER compile ltcf-cxx.sh texinfo.tex COPYING.LIB config.guess ltcf-gcj.sh ylwrap ChangeLog
ABOUT-GNU :; touch ABOUT-GNU
INSTALL :; touch INSTALL
config.rpath :; touch config.rpath
ltconfig :; touch ltconfig
ABOUT-NLS :; touch ABOUT-NLS
NEWS :; touch NEWS
config.sub :; touch config.sub
ltmain.sh :; touch ltmain.sh
AUTHORS :; touch AUTHORS
README :; touch README
depcomp :; touch depcomp
mdate-sh :; touch mdate-sh
BACKLOG :; touch BACKLOG
THANKS :; touch THANKS
install-sh :; touch install-sh
missing :; touch missing
COPYING :; touch COPYING
TODO :; touch TODO
libversion.in :; touch libversion.in
mkinstalldirs :; touch mkinstalldirs
COPYING.DOC :; touch COPYING.DOC
ar-lib :; touch ar-lib
ltcf-c.sh :; touch ltcf-c.sh
py-compile :; touch py-compile
COPYING.LESSER :; touch COPYING.LESSER
compile :; touch compile
ltcf-cxx.sh :; touch ltcf-cxx.sh
texinfo.tex :; touch texinfo.tex
COPYING.LIB :; touch COPYING.LIB
config.guess :; touch config.guess
ltcf-gcj.sh :; touch ltcf-gcj.sh
ylwrap :; touch ylwrap
ChangeLog :; touch ChangeLog
+ automake-1.16 --foreign -Werror -Wall -a
configure.ac:3: installing './install-sh'
configure.ac:3: installing './missing'
+ ./configure
checking for a BSD-compatible install... /usr/bin/install -c
checking whether build environment is sane... yes
checking for a thread-safe mkdir -p... /tools/bin/mkdir -p
checking for gawk... gawk
checking whether make sets $(MAKE)... yes
checking whether make supports nested variables... yes
checking that generated files are newer than configure... done
configure: creating ./config.status
config.status: creating Makefile
+ make distdir
make  distdir-am
make[1]: Entering directory '/sources/automake-1.16.1/t/autodist.dir'
touch ABOUT-GNU
touch ABOUT-NLS
touch AUTHORS
touch BACKLOG
touch COPYING
touch COPYING.DOC
touch COPYING.LESSER
touch COPYING.LIB
touch ChangeLog
touch INSTALL
touch NEWS
touch README
touch THANKS
touch TODO
touch ar-lib
touch compile
touch config.guess
touch config.rpath
touch config.sub
touch depcomp
touch libversion.in
touch ltcf-c.sh
touch ltcf-cxx.sh
touch ltcf-gcj.sh
touch ltconfig
touch ltmain.sh
touch mdate-sh
touch mkinstalldirs
touch py-compile
touch texinfo.tex
touch ylwrap
if test -d "autodist-1.0"; then find "autodist-1.0" -type d ! -perm -200 -exec chmod u+w {} ';' && rm -rf "autodist-1.0" || { sleep 5 && rm -rf "autodist-1.0"; }; else :; fi
test -d "autodist-1.0" || mkdir "autodist-1.0"
test -n "" \
|| find "autodist-1.0" -type d ! -perm -755 \
	-exec chmod u+rwx,go+rx {} \; -o \
  ! -type d ! -perm -444 -links 1 -exec chmod a+r {} \; -o \
  ! -type d ! -perm -400 -exec chmod a+r {} \; -o \
  ! -type d ! -perm -444 -exec /bin/sh /sources/automake-1.16.1/t/autodist.dir/install-sh -c -m a+r {} {} \; \
|| chmod -R a+r "autodist-1.0"
make[1]: Leaving directory '/sources/automake-1.16.1/t/autodist.dir'
+ autodist_list='ABOUT-GNU INSTALL config.rpath ltconfig ABOUT-NLS NEWS config.sub ltmain.sh AUTHORS README depcomp mdate-sh BACKLOG THANKS install-sh missing COPYING TODO libversion.in mkinstalldirs COPYING.DOC ar-lib ltcf-c.sh py-compile COPYING.LESSER compile ltcf-cxx.sh texinfo.tex COPYING.LIB config.guess ltcf-gcj.sh ylwrap ChangeLog'
+ make check
make  check-local
make[1]: Entering directory '/sources/automake-1.16.1/t/autodist.dir'
DIST_COMMON:
  ./Makefile.am
  ./configure
  ./configure.ac
  ./aclocal.m4
  ./Makefile.in
  ./distfiles.am
  ABOUT-GNU
  ABOUT-NLS
  AUTHORS
  BACKLOG
  COPYING
  COPYING.DOC
  COPYING.LESSER
  COPYING.LIB
  ChangeLog
  INSTALL
  NEWS
  README
  THANKS
  TODO
  ar-lib
  compile
  config.guess
  config.rpath
  config.sub
  depcomp
  install-sh
  libversion.in
  ltcf-c.sh
  ltcf-cxx.sh
  ltcf-gcj.sh
  ltconfig
  ltmain.sh
  mdate-sh
  missing
  mkinstalldirs
  py-compile
  texinfo.tex
  ylwrap
DISTDIR:
  total 188
  -rw-r--r-- 1 root root      0 Nov 27 06:38 ABOUT-GNU
  -rw-r--r-- 1 root root      0 Nov 27 06:38 ABOUT-NLS
  -rw-r--r-- 1 root root      0 Nov 27 06:38 AUTHORS
  -rw-r--r-- 1 root root      0 Nov 27 06:38 BACKLOG
  -rw-r--r-- 1 root root      0 Nov 27 06:38 COPYING
  -rw-r--r-- 1 root root      0 Nov 27 06:38 COPYING.DOC
  -rw-r--r-- 1 root root      0 Nov 27 06:38 COPYING.LESSER
  -rw-r--r-- 1 root root      0 Nov 27 06:38 COPYING.LIB
  -rw-r--r-- 1 root root      0 Nov 27 06:38 ChangeLog
  -rw-r--r-- 1 root root      0 Nov 27 06:38 INSTALL
  -rw-r--r-- 1 root root    610 Nov 27 06:38 Makefile.am
  -rw-r--r-- 1 root root  18959 Nov 27 06:38 Makefile.in
  -rw-r--r-- 1 root root      0 Nov 27 06:38 NEWS
  -rw-r--r-- 1 root root      0 Nov 27 06:38 README
  -rw-r--r-- 1 root root      0 Nov 27 06:38 THANKS
  -rw-r--r-- 1 root root      0 Nov 27 06:38 TODO
  -rw-r--r-- 1 root root  27316 Nov 27 06:38 aclocal.m4
  -rw-r--r-- 1 root root      0 Nov 27 06:38 ar-lib
  -rw-r--r-- 1 root root      0 Nov 27 06:38 compile
  -rw-r--r-- 1 root root      0 Nov 27 06:38 config.guess
  -rw-r--r-- 1 root root      0 Nov 27 06:38 config.rpath
  -rw-r--r-- 1 root root      0 Nov 27 06:38 config.sub
  -rwxr-xr-x 1 root root 104020 Nov 27 06:38 configure
  -rw-r--r-- 1 root root    105 Nov 27 06:38 configure.ac
  -rw-r--r-- 1 root root      0 Nov 27 06:38 depcomp
  -rw-r--r-- 1 root root   1292 Nov 27 06:38 distfiles.am
  -rwxr-xr-x 1 1000  998  15368 Mar 11  2018 install-sh
  -rw-r--r-- 1 root root      0 Nov 27 06:38 libversion.in
  -rw-r--r-- 1 root root      0 Nov 27 06:38 ltcf-c.sh
  -rw-r--r-- 1 root root      0 Nov 27 06:38 ltcf-cxx.sh
  -rw-r--r-- 1 root root      0 Nov 27 06:38 ltcf-gcj.sh
  -rw-r--r-- 1 root root      0 Nov 27 06:38 ltconfig
  -rw-r--r-- 1 root root      0 Nov 27 06:38 ltmain.sh
  -rw-r--r-- 1 root root      0 Nov 27 06:38 mdate-sh
  -rwxr-xr-x 1 1000  998   6878 Mar  8  2018 missing
  -rw-r--r-- 1 root root      0 Nov 27 06:38 mkinstalldirs
  -rw-r--r-- 1 root root      0 Nov 27 06:38 py-compile
  -rw-r--r-- 1 root root      0 Nov 27 06:38 texinfo.tex
  -rw-r--r-- 1 root root      0 Nov 27 06:38 ylwrap
file: ABOUT-GNU
file: INSTALL
file: config.rpath
file: ltconfig
file: ABOUT-NLS
file: NEWS
file: config.sub
file: ltmain.sh
file: AUTHORS
file: README
file: depcomp
file: mdate-sh
file: BACKLOG
file: THANKS
file: install-sh
file: missing
file: COPYING
file: TODO
file: libversion.in
file: mkinstalldirs
file: COPYING.DOC
file: ar-lib
file: ltcf-c.sh
file: py-compile
file: COPYING.LESSER
file: compile
file: ltcf-cxx.sh
file: texinfo.tex
file: COPYING.LIB
file: config.guess
file: ltcf-gcj.sh
file: ylwrap
file: ChangeLog
make[1]: Leaving directory '/sources/automake-1.16.1/t/autodist.dir'
+ make maintainer-clean
test -z "" || rm -f 
test . = "." || test -z "" || rm -f 
This command is intended for maintainers to use
it deletes files that may require special tools to rebuild.
test -z "ABOUT-GNU INSTALL config.rpath ltconfig ABOUT-NLS NEWS config.sub ltmain.sh AUTHORS README depcomp mdate-sh BACKLOG THANKS install-sh missing COPYING TODO libversion.in mkinstalldirs COPYING.DOC ar-lib ltcf-c.sh py-compile COPYING.LESSER compile ltcf-cxx.sh texinfo.tex COPYING.LIB config.guess ltcf-gcj.sh ylwrap ChangeLog" || rm -f ABOUT-GNU INSTALL config.rpath ltconfig ABOUT-NLS NEWS config.sub ltmain.sh AUTHORS README depcomp mdate-sh BACKLOG THANKS install-sh missing COPYING TODO libversion.in mkinstalldirs COPYING.DOC ar-lib ltcf-c.sh py-compile COPYING.LESSER compile ltcf-cxx.sh texinfo.tex COPYING.LIB config.guess ltcf-gcj.sh ylwrap ChangeLog
rm -f config.status config.cache config.log configure.lineno config.status.lineno
rm -rf ./autom4te.cache
rm -f Makefile
+ test '!' -e README
+ rm -rf autodist-1.0
+ : Now try creating the automatically-distributed files before
+ : running automake.
+ :
+ for f in $list
+ echo dummy
+ for f in $list
+ echo dummy
+ for f in $list
+ echo dummy
+ for f in $list
+ echo dummy
+ for f in $list
+ echo dummy
+ for f in $list
+ echo dummy
+ for f in $list
+ echo dummy
+ for f in $list
+ echo dummy
+ for f in $list
+ echo dummy
+ for f in $list
+ echo dummy
+ for f in $list
+ echo dummy
+ for f in $list
+ echo dummy
+ for f in $list
+ echo dummy
+ for f in $list
+ echo dummy
+ for f in $list
+ echo dummy
+ for f in $list
+ echo dummy
+ for f in $list
+ echo dummy
+ for f in $list
+ echo dummy
+ for f in $list
+ echo dummy
+ for f in $list
+ echo dummy
+ for f in $list
+ echo dummy
+ for f in $list
+ echo dummy
+ for f in $list
+ echo dummy
+ for f in $list
+ echo dummy
+ for f in $list
+ echo dummy
+ for f in $list
+ echo dummy
+ for f in $list
+ echo dummy
+ for f in $list
+ echo dummy
+ for f in $list
+ echo dummy
+ for f in $list
+ echo dummy
+ for f in $list
+ echo dummy
+ for f in $list
+ echo dummy
+ for f in $list
+ echo dummy
+ ls -l
total 292
-rw-r--r-- 1 root root      6 Nov 27 06:38 ABOUT-GNU
-rw-r--r-- 1 root root      6 Nov 27 06:38 ABOUT-NLS
-rw-r--r-- 1 root root      6 Nov 27 06:38 AUTHORS
-rw-r--r-- 1 root root      6 Nov 27 06:38 BACKLOG
-rw-r--r-- 1 root root      6 Nov 27 06:38 COPYING
-rw-r--r-- 1 root root      6 Nov 27 06:38 COPYING.DOC
-rw-r--r-- 1 root root      6 Nov 27 06:38 COPYING.LESSER
-rw-r--r-- 1 root root      6 Nov 27 06:38 COPYING.LIB
-rw-r--r-- 1 root root      6 Nov 27 06:38 ChangeLog
-rw-r--r-- 1 root root      6 Nov 27 06:38 INSTALL
-rw-r--r-- 1 root root    610 Nov 27 06:38 Makefile.am
-rw-r--r-- 1 root root  18959 Nov 27 06:38 Makefile.in
-rw-r--r-- 1 root root      6 Nov 27 06:38 NEWS
-rw-r--r-- 1 root root      6 Nov 27 06:38 README
-rw-r--r-- 1 root root      6 Nov 27 06:38 THANKS
-rw-r--r-- 1 root root      6 Nov 27 06:38 TODO
-rw-r--r-- 1 root root  27316 Nov 27 06:38 aclocal.m4
-rw-r--r-- 1 root root      6 Nov 27 06:38 ar-lib
-rw-r--r-- 1 root root      6 Nov 27 06:38 compile
-rw-r--r-- 1 root root      6 Nov 27 06:38 config.guess
-rw-r--r-- 1 root root      6 Nov 27 06:38 config.rpath
-rw-r--r-- 1 root root      6 Nov 27 06:38 config.sub
-rwxr-xr-x 1 root root 104020 Nov 27 06:38 configure
-rw-r--r-- 1 root root    105 Nov 27 06:38 configure.ac
-rw-r--r-- 1 root root      6 Nov 27 06:38 depcomp
-rw-r--r-- 1 root root      0 Nov 27 06:38 distfiles.am
-rw-r--r-- 1 root root      6 Nov 27 06:38 install-sh
-rw-r--r-- 1 root root      6 Nov 27 06:38 libversion.in
-rw-r--r-- 1 root root      6 Nov 27 06:38 ltcf-c.sh
-rw-r--r-- 1 root root      6 Nov 27 06:38 ltcf-cxx.sh
-rw-r--r-- 1 root root      6 Nov 27 06:38 ltcf-gcj.sh
-rw-r--r-- 1 root root      6 Nov 27 06:38 ltconfig
-rw-r--r-- 1 root root      6 Nov 27 06:38 ltmain.sh
-rw-r--r-- 1 root root      6 Nov 27 06:38 mdate-sh
-rw-r--r-- 1 root root      6 Nov 27 06:38 missing
-rw-r--r-- 1 root root      6 Nov 27 06:38 mkinstalldirs
-rw-r--r-- 1 root root      6 Nov 27 06:38 py-compile
-rw-r--r-- 1 root root      6 Nov 27 06:38 texinfo.tex
-rw-r--r-- 1 root root      6 Nov 27 06:38 ylwrap
+ automake-1.16 --foreign -Werror -Wall
+ ./configure
checking for a BSD-compatible install... /usr/bin/install -c
checking whether build environment is sane... yes
/sources/automake-1.16.1/t/autodist.dir/missing: line 1: dummy: command not found
configure: WARNING: 'missing' script is too old or missing
checking for a thread-safe mkdir -p... /tools/bin/mkdir -p
checking for gawk... gawk
checking whether make sets $(MAKE)... yes
checking whether make supports nested variables... yes
checking that generated files are newer than configure... done
configure: creating ./config.status
config.status: creating Makefile
+ make distdir
make  distdir-am
make[1]: Entering directory '/sources/automake-1.16.1/t/autodist.dir'
if test -d "autodist-1.0"; then find "autodist-1.0" -type d ! -perm -200 -exec chmod u+w {} ';' && rm -rf "autodist-1.0" || { sleep 5 && rm -rf "autodist-1.0"; }; else :; fi
test -d "autodist-1.0" || mkdir "autodist-1.0"
test -n "" \
|| find "autodist-1.0" -type d ! -perm -755 \
	-exec chmod u+rwx,go+rx {} \; -o \
  ! -type d ! -perm -444 -links 1 -exec chmod a+r {} \; -o \
  ! -type d ! -perm -400 -exec chmod a+r {} \; -o \
  ! -type d ! -perm -444 -exec /bin/sh /sources/automake-1.16.1/t/autodist.dir/install-sh -c -m a+r {} {} \; \
|| chmod -R a+r "autodist-1.0"
make[1]: Leaving directory '/sources/automake-1.16.1/t/autodist.dir'
+ autodist_list='ABOUT-GNU INSTALL config.rpath ltconfig ABOUT-NLS NEWS config.sub ltmain.sh AUTHORS README depcomp mdate-sh BACKLOG THANKS install-sh missing COPYING TODO libversion.in mkinstalldirs COPYING.DOC ar-lib ltcf-c.sh py-compile COPYING.LESSER compile ltcf-cxx.sh texinfo.tex COPYING.LIB config.guess ltcf-gcj.sh ylwrap ChangeLog'
+ make check
make  check-local
make[1]: Entering directory '/sources/automake-1.16.1/t/autodist.dir'
DIST_COMMON:
  ./Makefile.am
  ./configure
  ./configure.ac
  ./aclocal.m4
  ./Makefile.in
  ./distfiles.am
  ABOUT-GNU
  ABOUT-NLS
  AUTHORS
  BACKLOG
  COPYING
  COPYING.DOC
  COPYING.LESSER
  COPYING.LIB
  ChangeLog
  INSTALL
  NEWS
  README
  THANKS
  TODO
  ar-lib
  compile
  config.guess
  config.rpath
  config.sub
  depcomp
  install-sh
  libversion.in
  ltcf-c.sh
  ltcf-cxx.sh
  ltcf-gcj.sh
  ltconfig
  ltmain.sh
  mdate-sh
  missing
  mkinstalldirs
  py-compile
  texinfo.tex
  ylwrap
DISTDIR:
  total 292
  -rw-r--r-- 1 root root      6 Nov 27 06:38 ABOUT-GNU
  -rw-r--r-- 1 root root      6 Nov 27 06:38 ABOUT-NLS
  -rw-r--r-- 1 root root      6 Nov 27 06:38 AUTHORS
  -rw-r--r-- 1 root root      6 Nov 27 06:38 BACKLOG
  -rw-r--r-- 1 root root      6 Nov 27 06:38 COPYING
  -rw-r--r-- 1 root root      6 Nov 27 06:38 COPYING.DOC
  -rw-r--r-- 1 root root      6 Nov 27 06:38 COPYING.LESSER
  -rw-r--r-- 1 root root      6 Nov 27 06:38 COPYING.LIB
  -rw-r--r-- 1 root root      6 Nov 27 06:38 ChangeLog
  -rw-r--r-- 1 root root      6 Nov 27 06:38 INSTALL
  -rw-r--r-- 1 root root    610 Nov 27 06:38 Makefile.am
  -rw-r--r-- 1 root root  17618 Nov 27 06:38 Makefile.in
  -rw-r--r-- 1 root root      6 Nov 27 06:38 NEWS
  -rw-r--r-- 1 root root      6 Nov 27 06:38 README
  -rw-r--r-- 1 root root      6 Nov 27 06:38 THANKS
  -rw-r--r-- 1 root root      6 Nov 27 06:38 TODO
  -rw-r--r-- 1 root root  27316 Nov 27 06:38 aclocal.m4
  -rw-r--r-- 1 root root      6 Nov 27 06:38 ar-lib
  -rw-r--r-- 1 root root      6 Nov 27 06:38 compile
  -rw-r--r-- 1 root root      6 Nov 27 06:38 config.guess
  -rw-r--r-- 1 root root      6 Nov 27 06:38 config.rpath
  -rw-r--r-- 1 root root      6 Nov 27 06:38 config.sub
  -rwxr-xr-x 1 root root 104020 Nov 27 06:38 configure
  -rw-r--r-- 1 root root    105 Nov 27 06:38 configure.ac
  -rw-r--r-- 1 root root      6 Nov 27 06:38 depcomp
  -rw-r--r-- 1 root root      0 Nov 27 06:38 distfiles.am
  -rw-r--r-- 1 root root      6 Nov 27 06:38 install-sh
  -rw-r--r-- 1 root root      6 Nov 27 06:38 libversion.in
  -rw-r--r-- 1 root root      6 Nov 27 06:38 ltcf-c.sh
  -rw-r--r-- 1 root root      6 Nov 27 06:38 ltcf-cxx.sh
  -rw-r--r-- 1 root root      6 Nov 27 06:38 ltcf-gcj.sh
  -rw-r--r-- 1 root root      6 Nov 27 06:38 ltconfig
  -rw-r--r-- 1 root root      6 Nov 27 06:38 ltmain.sh
  -rw-r--r-- 1 root root      6 Nov 27 06:38 mdate-sh
  -rw-r--r-- 1 root root      6 Nov 27 06:38 missing
  -rw-r--r-- 1 root root      6 Nov 27 06:38 mkinstalldirs
  -rw-r--r-- 1 root root      6 Nov 27 06:38 py-compile
  -rw-r--r-- 1 root root      6 Nov 27 06:38 texinfo.tex
  -rw-r--r-- 1 root root      6 Nov 27 06:38 ylwrap
file: ABOUT-GNU
file: INSTALL
file: config.rpath
file: ltconfig
file: ABOUT-NLS
file: NEWS
file: config.sub
file: ltmain.sh
file: AUTHORS
file: README
file: depcomp
file: mdate-sh
file: BACKLOG
file: THANKS
file: install-sh
file: missing
file: COPYING
file: TODO
file: libversion.in
file: mkinstalldirs
file: COPYING.DOC
file: ar-lib
file: ltcf-c.sh
file: py-compile
file: COPYING.LESSER
file: compile
file: ltcf-cxx.sh
file: texinfo.tex
file: COPYING.LIB
file: config.guess
file: ltcf-gcj.sh
file: ylwrap
file: ChangeLog
make[1]: Leaving directory '/sources/automake-1.16.1/t/autodist.dir'
+ :
+ am_exit_trap 0
+ exit_status=0
+ set +e
+ cd /sources/automake-1.16.1
+ test none = tap
+ case $am_explicit_skips in
+ test 0 -eq 0
+ am_keeping_testdirs
+ case $keep_testdirs in
+ return 1
+ rm_rf_ t/autodist.dir
+ test 1 -gt 0
+ /usr/bin/perl /sources/automake-1.16.1/t/ax/deltree.pl t/autodist.dir
+ set +x
PASS t/autodist.sh (exit status: 0)
