Running from installcheck: no
Test Protocol: none
PATH = /sources/automake-1.16.1/bin:/sources/automake-1.16.1/t/ax:/bin:/usr/bin:/sbin:/usr/sbin:/tools/bin
++ pwd
/sources/automake-1.16.1/t/auxdir-pr19311.dir
+ cat
+ :
+ mkdir build-aux
+ aclocal-1.16 -Werror
+ automake-1.16 --foreign -Werror -Wall -a
configure.ac:2: installing 'build-aux/compile'
configure.ac:4: installing 'build-aux/install-sh'
configure.ac:4: installing 'build-aux/missing'
+ autoconf
+ test -f build-aux/compile
+ test -f build-aux/install-sh
+ ./configure
checking for gcc... cc
checking whether the C compiler works... yes
checking for C compiler default output file name... a.out
checking for suffix of executables... 
checking whether we are cross compiling... no
checking for suffix of object files... o
checking whether we are using the GNU C compiler... yes
checking whether cc accepts -g... yes
checking for cc option to accept ISO C89... none needed
configure: error: cannot find install-sh, install.sh, or shtool in "." "./.." "./../.."
+ am_exit_trap 1
+ exit_status=1
+ set +e
+ cd /sources/automake-1.16.1
+ test none = tap
+ case $am_explicit_skips in
+ test 1 -eq 0
+ keep_testdirs=yes
+ am_keeping_testdirs
+ case $keep_testdirs in
+ return 0
+ set +x
XFAIL t/auxdir-pr19311.sh (exit status: 1)
