Running from installcheck: no
Test Protocol: none
PATH = /sources/automake-1.16.1/bin:/sources/automake-1.16.1/t/ax:/bin:/usr/bin:/sbin:/usr/sbin:/tools/bin
++ pwd
/sources/automake-1.16.1/t/auxdir-pr15981.dir
+ cat
+ aclocal-1.16 -Werror
+ autoconf
+ test -f install-sh
+ ./configure
ac_aux_dir: '.'
am_aux_dir: '/sources/automake-1.16.1/t/auxdir-pr15981.dir'
+ :
+ am_exit_trap 0
+ exit_status=0
+ set +e
+ cd /sources/automake-1.16.1
+ test none = tap
+ case $am_explicit_skips in
+ test 0 -eq 0
+ am_keeping_testdirs
+ case $keep_testdirs in
+ return 1
+ rm_rf_ t/auxdir-pr15981.dir
+ test 1 -gt 0
+ /usr/bin/perl /sources/automake-1.16.1/t/ax/deltree.pl t/auxdir-pr15981.dir
+ set +x
PASS t/auxdir-pr15981.sh (exit status: 0)
