Running from installcheck: no
Test Protocol: none
PATH = /sources/automake-1.16.1/bin:/sources/automake-1.16.1/t/ax:/bin:/usr/bin:/sbin:/usr/sbin:/tools/bin
++ pwd
/sources/automake-1.16.1/t/auxdir-cc-pr15981.dir
+ cat
+ echo 'int main (void) { return 0; }'
+ cat
+ aclocal-1.16 -Werror
+ autoconf
+ automake-1.16 --foreign -Werror -Wall
+ ./configure
checking for gcc... cc
checking whether the C compiler works... yes
checking for C compiler default output file name... a.out
checking for suffix of executables... 
checking whether we are cross compiling... no
checking for suffix of object files... o
checking whether we are using the GNU C compiler... yes
checking whether cc accepts -g... yes
checking for cc option to accept ISO C89... none needed
checking whether cc understands -c and -o together... yes
checking how to run the C preprocessor... cc -E
checking for grep that handles long lines and -e... /bin/grep
checking for egrep... /bin/grep -E
checking for ANSI C header files... yes
checking for sys/types.h... yes
checking for sys/stat.h... yes
checking for stdlib.h... yes
checking for string.h... yes
checking for memory.h... yes
checking for strings.h... yes
checking for inttypes.h... yes
checking for stdint.h... yes
checking for unistd.h... yes
checking minix/config.h usability... no
checking minix/config.h presence... no
checking for minix/config.h... no
checking whether it is safe to define __EXTENSIONS__... yes
checking for a BSD-compatible install... /usr/bin/install -c
checking whether build environment is sane... yes
checking for a thread-safe mkdir -p... /tools/bin/mkdir -p
checking for gawk... gawk
checking whether make sets $(MAKE)... yes
checking whether make supports the include directive... yes (GNU style)
checking whether make supports nested variables... yes
checking dependency style of cc... gcc3
checking that generated files are newer than configure... done
configure: creating ./config.status
config.status: creating Makefile
config.status: executing depfiles commands
+ cat stderr
+ /bin/grep -F missing stderr
+ make all
cc -DPACKAGE_NAME=\"auxdir-cc-pr15981\" -DPACKAGE_TARNAME=\"auxdir-cc-pr15981\" -DPACKAGE_VERSION=\"0.0\" -DPACKAGE_STRING=\"auxdir-cc-pr15981\ 0.0\" -DPACKAGE_BUGREPORT=\"\" -DPACKAGE_URL=\"\" -DSTDC_HEADERS=1 -DHAVE_SYS_TYPES_H=1 -DHAVE_SYS_STAT_H=1 -DHAVE_STDLIB_H=1 -DHAVE_STRING_H=1 -DHAVE_MEMORY_H=1 -DHAVE_STRINGS_H=1 -DHAVE_INTTYPES_H=1 -DHAVE_STDINT_H=1 -DHAVE_UNISTD_H=1 -D__EXTENSIONS__=1 -D_ALL_SOURCE=1 -D_GNU_SOURCE=1 -D_POSIX_PTHREAD_SEMANTICS=1 -D_TANDEM_SOURCE=1 -DPACKAGE=\"auxdir-cc-pr15981\" -DVERSION=\"0.0\" -I.     -g -O2 -MT foo.o -MD -MP -MF .deps/foo.Tpo -c -o foo.o foo.c
mv -f .deps/foo.Tpo .deps/foo.Po
cc  -g -O2   -o foo foo.o  
+ make test
/bin/sh /sources/automake-1.16.1/t/auxdir-cc-pr15981.dir/missing '--help'
/sources/automake-1.16.1/t/auxdir-cc-pr15981.dir/missing [OPTION]... PROGRAM [ARGUMENT]...

Run 'PROGRAM [ARGUMENT]...', returning a proper advice when this fails due
to PROGRAM being missing or too old.

Options:
  -h, --help      display this help and exit
  -v, --version   output version information and exit

Supported PROGRAM values:
  aclocal   autoconf  autoheader   autom4te  automake  makeinfo
  bison     yacc      flex         lex       help2man

Version suffixes to PROGRAM as well as the prefixes 'gnu-', 'gnu', and
'g' are ignored when checking the name.

Send bug reports to <bug-automake@gnu.org>.
+ :
+ am_exit_trap 0
+ exit_status=0
+ set +e
+ cd /sources/automake-1.16.1
+ test none = tap
+ case $am_explicit_skips in
+ test 0 -eq 0
+ am_keeping_testdirs
+ case $keep_testdirs in
+ return 1
+ rm_rf_ t/auxdir-cc-pr15981.dir
+ test 1 -gt 0
+ /usr/bin/perl /sources/automake-1.16.1/t/ax/deltree.pl t/auxdir-cc-pr15981.dir
+ set +x
PASS t/auxdir-cc-pr15981.sh (exit status: 0)
