Running from installcheck: no
Test Protocol: none
PATH = /sources/automake-1.16.1/bin:/sources/automake-1.16.1/t/ax:/bin:/usr/bin:/sbin:/usr/sbin:/tools/bin
++ pwd
/sources/automake-1.16.1/t/backslash-before-trailing-whitespace.dir
+ echo AC_OUTPUT
+ echo 'bin_SCRIPTS = foo \ '
+ cat
+ echo 'data_DATA = baz \  '
+ echo '	fum'
+ aclocal-1.16 -Werror
+ autoconf
+ AUTOMAKE_fails
+ AUTOMAKE_run -e 1
+ am__desc=
+ am__exp_rc=0
+ test 2 -gt 0
+ case $1 in
+ am__exp_rc=1
+ shift
+ shift
+ test 0 -gt 0
+ am__got_rc=0
+ automake-1.16 --foreign -Werror -Wall
+ am__got_rc=1
+ cat stderr
automake-1.16: warnings are treated as errors
Makefile.am:1: warning: whitespace following trailing backslash
Makefile.am:5: warning: whitespace following trailing backslash
+ cat stdout
+ test none = none
+ test 1 -eq 1
+ return
+ grep ':1:.*whitespace' stderr
Makefile.am:1: warning: whitespace following trailing backslash
+ grep ':5:.*whitespace' stderr
Makefile.am:5: warning: whitespace following trailing backslash
+ automake-1.16 --foreign -Werror -Wall -Wno-error
Makefile.am:1: warning: whitespace following trailing backslash
Makefile.am:5: warning: whitespace following trailing backslash
+ ./configure
checking for a BSD-compatible install... /usr/bin/install -c
checking whether build environment is sane... yes
checking for a thread-safe mkdir -p... /tools/bin/mkdir -p
checking for gawk... gawk
checking whether make sets $(MAKE)... yes
checking whether make supports nested variables... yes
checking that generated files are newer than configure... done
configure: creating ./config.status
config.status: creating Makefile
+ make ok
:
+ am_exit_trap 0
+ exit_status=0
+ set +e
+ cd /sources/automake-1.16.1
+ test none = tap
+ case $am_explicit_skips in
+ test 0 -eq 0
+ am_keeping_testdirs
+ case $keep_testdirs in
+ return 1
+ rm_rf_ t/backslash-before-trailing-whitespace.dir
+ test 1 -gt 0
+ /usr/bin/perl /sources/automake-1.16.1/t/ax/deltree.pl t/backslash-before-trailing-whitespace.dir
+ set +x
PASS t/backslash-before-trailing-whitespace.sh (exit status: 0)
