built-sources-fork-bomb: determine whether make is GNU make
GNU Make 4.2.1
License GPLv3+: GNU GPL version 3 or later <http://gnu.org/licenses/gpl.html>
Running from installcheck: no
Test Protocol: none
PATH = /sources/automake-1.16.1/bin:/sources/automake-1.16.1/t/ax:/bin:/usr/bin:/sbin:/usr/sbin:/tools/bin
++ pwd
/sources/automake-1.16.1/t/built-sources-fork-bomb.dir
+ echo AC_OUTPUT
+ cat
+ aclocal-1.16 -Werror
+ automake-1.16 --foreign -Werror -Wall -Wno-portability
+ autoconf
+ ./configure
checking for a BSD-compatible install... /usr/bin/install -c
checking whether build environment is sane... yes
checking for a thread-safe mkdir -p... /tools/bin/mkdir -p
checking for gawk... gawk
checking whether make sets $(MAKE)... yes
checking whether make supports nested variables... yes
checking that generated files are newer than configure... done
configure: creating ./config.status
config.status: creating Makefile
+ run_make -M -- -n foo
+ am__make_redirect_stdout=no
+ am__make_redirect_stderr=no
+ am__make_redirect_stdall=no
+ am__make_flags=
+ am__make_rc_exp=0
+ am_make_rc=0
+ test 4 -gt 0
+ case $1 in
+ am__make_redirect_stdall=yes
+ shift
+ test 3 -gt 0
+ case $1 in
+ shift
+ break
+ using_gmake
+ case $am__using_gmake in
+ return 0
+ :
+ test x '!=' x
+ : exec make -n foo
+ set +x
+ test 0 -eq 253
+ test yes = yes
+ cat output
make build-foo
make[1]: Entering directory '/sources/automake-1.16.1/t/built-sources-fork-bomb.dir'
echo OK > foo
make[1]: Leaving directory '/sources/automake-1.16.1/t/built-sources-fork-bomb.dir'
+ case $am__make_rc_exp in
+ test 0 -ge 0
+ test 0 -le 255
+ test 0 -eq 0
+ test '!' -f foo
+ /bin/grep -F ::OOPS:: output
+ run_make -M -- foo
+ am__make_redirect_stdout=no
+ am__make_redirect_stderr=no
+ am__make_redirect_stdall=no
+ am__make_flags=
+ am__make_rc_exp=0
+ am_make_rc=0
+ test 3 -gt 0
+ case $1 in
+ am__make_redirect_stdall=yes
+ shift
+ test 2 -gt 0
+ case $1 in
+ shift
+ break
+ using_gmake
+ case $am__using_gmake in
+ return 0
+ :
+ test x '!=' x
+ : exec make foo
+ set +x
+ test 0 -eq 253
+ test yes = yes
+ cat output
make build-foo
make[1]: Entering directory '/sources/automake-1.16.1/t/built-sources-fork-bomb.dir'
echo OK > foo
make[1]: Leaving directory '/sources/automake-1.16.1/t/built-sources-fork-bomb.dir'
+ case $am__make_rc_exp in
+ test 0 -ge 0
+ test 0 -le 255
+ test 0 -eq 0
+ /bin/grep -F ::OOPS:: output
+ :
+ am_exit_trap 0
+ exit_status=0
+ set +e
+ cd /sources/automake-1.16.1
+ test none = tap
+ case $am_explicit_skips in
+ test 0 -eq 0
+ am_keeping_testdirs
+ case $keep_testdirs in
+ return 1
+ rm_rf_ t/built-sources-fork-bomb.dir
+ test 1 -gt 0
+ /usr/bin/perl /sources/automake-1.16.1/t/ax/deltree.pl t/built-sources-fork-bomb.dir
+ set +x
PASS t/built-sources-fork-bomb.sh (exit status: 0)
