Running from installcheck: no
Test Protocol: none
PATH = /sources/automake-1.16.1/bin:/sources/automake-1.16.1/t/ax:/bin:/usr/bin:/sbin:/usr/sbin:/tools/bin
++ pwd
/sources/automake-1.16.1/t/built-sources-subdir.dir
+ mkdir lib
+ cat
+ cat
+ cat
+ cat
+ aclocal-1.16 -Werror
+ autoconf
+ automake-1.16 --foreign -Werror -Wall --copy --add-missing
configure.ac:7: installing './ar-lib'
+ ./configure
checking for a BSD-compatible install... /usr/bin/install -c
checking whether build environment is sane... yes
checking for a thread-safe mkdir -p... /tools/bin/mkdir -p
checking for gawk... gawk
checking whether make sets $(MAKE)... yes
checking whether make supports nested variables... yes
checking for ranlib... ranlib
checking for gcc... cc
checking whether the C compiler works... yes
checking for C compiler default output file name... a.out
checking for suffix of executables... 
checking whether we are cross compiling... no
checking for suffix of object files... o
checking whether we are using the GNU C compiler... yes
checking whether cc accepts -g... yes
checking for cc option to accept ISO C89... none needed
checking whether cc understands -c and -o together... yes
checking whether make supports the include directive... yes (GNU style)
checking dependency style of cc... gcc3
checking for ar... ar
checking the archiver (ar) interface... ar
checking that generated files are newer than configure... done
configure: creating ./config.status
config.status: creating Makefile
config.status: creating lib/Makefile
config.status: executing depfiles commands
+ make
Making all in lib
make[1]: Entering directory '/sources/automake-1.16.1/t/built-sources-subdir.dir/lib'
echo \#define FOO_DEFINE 1 >foo.h
make  all-am
make[2]: Entering directory '/sources/automake-1.16.1/t/built-sources-subdir.dir/lib'
cc -DPACKAGE_NAME=\"built-sources-subdir\" -DPACKAGE_TARNAME=\"built-sources-subdir\" -DPACKAGE_VERSION=\"1.0\" -DPACKAGE_STRING=\"built-sources-subdir\ 1.0\" -DPACKAGE_BUGREPORT=\"\" -DPACKAGE_URL=\"\" -DPACKAGE=\"built-sources-subdir\" -DVERSION=\"1.0\" -I.     -g -O2 -MT foo.o -MD -MP -MF .deps/foo.Tpo -c -o foo.o foo.c
mv -f .deps/foo.Tpo .deps/foo.Po
rm -f libfoo.a
ar cru libfoo.a foo.o 
ranlib libfoo.a
make[2]: Leaving directory '/sources/automake-1.16.1/t/built-sources-subdir.dir/lib'
make[1]: Leaving directory '/sources/automake-1.16.1/t/built-sources-subdir.dir/lib'
make[1]: Entering directory '/sources/automake-1.16.1/t/built-sources-subdir.dir'
make[1]: Nothing to be done for 'all-am'.
make[1]: Leaving directory '/sources/automake-1.16.1/t/built-sources-subdir.dir'
+ make distcheck
make  dist-gzip am__post_remove_distdir='@:'
make[1]: Entering directory '/sources/automake-1.16.1/t/built-sources-subdir.dir'
make  distdir-am
make[2]: Entering directory '/sources/automake-1.16.1/t/built-sources-subdir.dir'
if test -d "built-sources-subdir-1.0"; then find "built-sources-subdir-1.0" -type d ! -perm -200 -exec chmod u+w {} ';' && rm -rf "built-sources-subdir-1.0" || { sleep 5 && rm -rf "built-sources-subdir-1.0"; }; else :; fi
test -d "built-sources-subdir-1.0" || mkdir "built-sources-subdir-1.0"
 (cd lib && make  top_distdir=../built-sources-subdir-1.0 distdir=../built-sources-subdir-1.0/lib \
     am__remove_distdir=: am__skip_length_check=: am__skip_mode_fix=: distdir)
make[3]: Entering directory '/sources/automake-1.16.1/t/built-sources-subdir.dir/lib'
make  distdir-am
make[4]: Entering directory '/sources/automake-1.16.1/t/built-sources-subdir.dir/lib'
make[4]: Leaving directory '/sources/automake-1.16.1/t/built-sources-subdir.dir/lib'
make[3]: Leaving directory '/sources/automake-1.16.1/t/built-sources-subdir.dir/lib'
test -n "" \
|| find "built-sources-subdir-1.0" -type d ! -perm -755 \
	-exec chmod u+rwx,go+rx {} \; -o \
  ! -type d ! -perm -444 -links 1 -exec chmod a+r {} \; -o \
  ! -type d ! -perm -400 -exec chmod a+r {} \; -o \
  ! -type d ! -perm -444 -exec /bin/sh /sources/automake-1.16.1/t/built-sources-subdir.dir/install-sh -c -m a+r {} {} \; \
|| chmod -R a+r "built-sources-subdir-1.0"
make[2]: Leaving directory '/sources/automake-1.16.1/t/built-sources-subdir.dir'
tardir=built-sources-subdir-1.0 && ${TAR-tar} chof - "$tardir" | eval GZIP= gzip --best -c >built-sources-subdir-1.0.tar.gz
make[1]: Leaving directory '/sources/automake-1.16.1/t/built-sources-subdir.dir'
if test -d "built-sources-subdir-1.0"; then find "built-sources-subdir-1.0" -type d ! -perm -200 -exec chmod u+w {} ';' && rm -rf "built-sources-subdir-1.0" || { sleep 5 && rm -rf "built-sources-subdir-1.0"; }; else :; fi
case 'built-sources-subdir-1.0.tar.gz' in \
*.tar.gz*) \
  eval GZIP= gzip --best -dc built-sources-subdir-1.0.tar.gz | ${TAR-tar} xf - ;;\
*.tar.bz2*) \
  bzip2 -dc built-sources-subdir-1.0.tar.bz2 | ${TAR-tar} xf - ;;\
*.tar.lz*) \
  lzip -dc built-sources-subdir-1.0.tar.lz | ${TAR-tar} xf - ;;\
*.tar.xz*) \
  xz -dc built-sources-subdir-1.0.tar.xz | ${TAR-tar} xf - ;;\
*.tar.Z*) \
  uncompress -c built-sources-subdir-1.0.tar.Z | ${TAR-tar} xf - ;;\
*.shar.gz*) \
  eval GZIP= gzip --best -dc built-sources-subdir-1.0.shar.gz | unshar ;;\
*.zip*) \
  unzip built-sources-subdir-1.0.zip ;;\
esac
chmod -R a-w built-sources-subdir-1.0
chmod u+w built-sources-subdir-1.0
mkdir built-sources-subdir-1.0/_build built-sources-subdir-1.0/_build/sub built-sources-subdir-1.0/_inst
chmod a-w built-sources-subdir-1.0
test -d built-sources-subdir-1.0/_build || exit 0; \
dc_install_base=`CDPATH="${ZSH_VERSION+.}:" && cd built-sources-subdir-1.0/_inst && pwd | sed -e 's,^[^:\\/]:[\\/],/,'` \
  && dc_destdir="${TMPDIR-/tmp}/am-dc-$$/" \
  && am__cwd=`pwd` \
  && CDPATH="${ZSH_VERSION+.}:" && cd built-sources-subdir-1.0/_build/sub \
  && ../../configure \
     \
     \
    --srcdir=../.. --prefix="$dc_install_base" \
  && make  \
  && make  dvi \
  && make  check \
  && make  install \
  && make  installcheck \
  && make  uninstall \
  && make  distuninstallcheck_dir="$dc_install_base" \
        distuninstallcheck \
  && chmod -R a-w "$dc_install_base" \
  && ({ \
       (cd ../.. && umask 077 && mkdir "$dc_destdir") \
       && make  DESTDIR="$dc_destdir" install \
       && make  DESTDIR="$dc_destdir" uninstall \
       && make  DESTDIR="$dc_destdir" \
            distuninstallcheck_dir="$dc_destdir" distuninstallcheck; \
      } || { rm -rf "$dc_destdir"; exit 1; }) \
  && rm -rf "$dc_destdir" \
  && make  dist \
  && rm -rf built-sources-subdir-1.0.tar.gz \
  && make  distcleancheck \
  && cd "$am__cwd" \
  || exit 1
checking for a BSD-compatible install... /usr/bin/install -c
checking whether build environment is sane... yes
checking for a thread-safe mkdir -p... /tools/bin/mkdir -p
checking for gawk... gawk
checking whether make sets $(MAKE)... yes
checking whether make supports nested variables... yes
checking for ranlib... ranlib
checking for gcc... cc
checking whether the C compiler works... yes
checking for C compiler default output file name... a.out
checking for suffix of executables... 
checking whether we are cross compiling... no
checking for suffix of object files... o
checking whether we are using the GNU C compiler... yes
checking whether cc accepts -g... yes
checking for cc option to accept ISO C89... none needed
checking whether cc understands -c and -o together... yes
checking whether make supports the include directive... yes (GNU style)
checking dependency style of cc... gcc3
checking for ar... ar
checking the archiver (ar) interface... ar
checking that generated files are newer than configure... done
configure: creating ./config.status
config.status: creating Makefile
config.status: creating lib/Makefile
config.status: executing depfiles commands
make[1]: Entering directory '/sources/automake-1.16.1/t/built-sources-subdir.dir/built-sources-subdir-1.0/_build/sub'
Making all in lib
make[2]: Entering directory '/sources/automake-1.16.1/t/built-sources-subdir.dir/built-sources-subdir-1.0/_build/sub/lib'
echo \#define FOO_DEFINE 1 >foo.h
make  all-am
make[3]: Entering directory '/sources/automake-1.16.1/t/built-sources-subdir.dir/built-sources-subdir-1.0/_build/sub/lib'
cc -DPACKAGE_NAME=\"built-sources-subdir\" -DPACKAGE_TARNAME=\"built-sources-subdir\" -DPACKAGE_VERSION=\"1.0\" -DPACKAGE_STRING=\"built-sources-subdir\ 1.0\" -DPACKAGE_BUGREPORT=\"\" -DPACKAGE_URL=\"\" -DPACKAGE=\"built-sources-subdir\" -DVERSION=\"1.0\" -I. -I../../../lib     -g -O2 -MT foo.o -MD -MP -MF .deps/foo.Tpo -c -o foo.o ../../../lib/foo.c
mv -f .deps/foo.Tpo .deps/foo.Po
rm -f libfoo.a
ar cru libfoo.a foo.o 
ranlib libfoo.a
make[3]: Leaving directory '/sources/automake-1.16.1/t/built-sources-subdir.dir/built-sources-subdir-1.0/_build/sub/lib'
make[2]: Leaving directory '/sources/automake-1.16.1/t/built-sources-subdir.dir/built-sources-subdir-1.0/_build/sub/lib'
make[2]: Entering directory '/sources/automake-1.16.1/t/built-sources-subdir.dir/built-sources-subdir-1.0/_build/sub'
make[2]: Nothing to be done for 'all-am'.
make[2]: Leaving directory '/sources/automake-1.16.1/t/built-sources-subdir.dir/built-sources-subdir-1.0/_build/sub'
make[1]: Leaving directory '/sources/automake-1.16.1/t/built-sources-subdir.dir/built-sources-subdir-1.0/_build/sub'
make[1]: Entering directory '/sources/automake-1.16.1/t/built-sources-subdir.dir/built-sources-subdir-1.0/_build/sub'
Making dvi in lib
make[2]: Entering directory '/sources/automake-1.16.1/t/built-sources-subdir.dir/built-sources-subdir-1.0/_build/sub/lib'
make[2]: Nothing to be done for 'dvi'.
make[2]: Leaving directory '/sources/automake-1.16.1/t/built-sources-subdir.dir/built-sources-subdir-1.0/_build/sub/lib'
make[2]: Entering directory '/sources/automake-1.16.1/t/built-sources-subdir.dir/built-sources-subdir-1.0/_build/sub'
make[2]: Nothing to be done for 'dvi-am'.
make[2]: Leaving directory '/sources/automake-1.16.1/t/built-sources-subdir.dir/built-sources-subdir-1.0/_build/sub'
make[1]: Leaving directory '/sources/automake-1.16.1/t/built-sources-subdir.dir/built-sources-subdir-1.0/_build/sub'
make[1]: Entering directory '/sources/automake-1.16.1/t/built-sources-subdir.dir/built-sources-subdir-1.0/_build/sub'
Making check in lib
make[2]: Entering directory '/sources/automake-1.16.1/t/built-sources-subdir.dir/built-sources-subdir-1.0/_build/sub/lib'
make  check-am
make[3]: Entering directory '/sources/automake-1.16.1/t/built-sources-subdir.dir/built-sources-subdir-1.0/_build/sub/lib'
make[3]: Nothing to be done for 'check-am'.
make[3]: Leaving directory '/sources/automake-1.16.1/t/built-sources-subdir.dir/built-sources-subdir-1.0/_build/sub/lib'
make[2]: Leaving directory '/sources/automake-1.16.1/t/built-sources-subdir.dir/built-sources-subdir-1.0/_build/sub/lib'
make[2]: Entering directory '/sources/automake-1.16.1/t/built-sources-subdir.dir/built-sources-subdir-1.0/_build/sub'
make[2]: Nothing to be done for 'check-am'.
make[2]: Leaving directory '/sources/automake-1.16.1/t/built-sources-subdir.dir/built-sources-subdir-1.0/_build/sub'
make[1]: Leaving directory '/sources/automake-1.16.1/t/built-sources-subdir.dir/built-sources-subdir-1.0/_build/sub'
make[1]: Entering directory '/sources/automake-1.16.1/t/built-sources-subdir.dir/built-sources-subdir-1.0/_build/sub'
Making install in lib
make[2]: Entering directory '/sources/automake-1.16.1/t/built-sources-subdir.dir/built-sources-subdir-1.0/_build/sub/lib'
make  install-am
make[3]: Entering directory '/sources/automake-1.16.1/t/built-sources-subdir.dir/built-sources-subdir-1.0/_build/sub/lib'
make[4]: Entering directory '/sources/automake-1.16.1/t/built-sources-subdir.dir/built-sources-subdir-1.0/_build/sub/lib'
make[4]: Nothing to be done for 'install-exec-am'.
make[4]: Leaving directory '/sources/automake-1.16.1/t/built-sources-subdir.dir/built-sources-subdir-1.0/_build/sub/lib'
make[3]: Leaving directory '/sources/automake-1.16.1/t/built-sources-subdir.dir/built-sources-subdir-1.0/_build/sub/lib'
make[2]: Leaving directory '/sources/automake-1.16.1/t/built-sources-subdir.dir/built-sources-subdir-1.0/_build/sub/lib'
make[2]: Entering directory '/sources/automake-1.16.1/t/built-sources-subdir.dir/built-sources-subdir-1.0/_build/sub'
make[3]: Entering directory '/sources/automake-1.16.1/t/built-sources-subdir.dir/built-sources-subdir-1.0/_build/sub'
make[3]: Nothing to be done for 'install-exec-am'.
make[3]: Nothing to be done for 'install-data-am'.
make[3]: Leaving directory '/sources/automake-1.16.1/t/built-sources-subdir.dir/built-sources-subdir-1.0/_build/sub'
make[2]: Leaving directory '/sources/automake-1.16.1/t/built-sources-subdir.dir/built-sources-subdir-1.0/_build/sub'
make[1]: Leaving directory '/sources/automake-1.16.1/t/built-sources-subdir.dir/built-sources-subdir-1.0/_build/sub'
make[1]: Entering directory '/sources/automake-1.16.1/t/built-sources-subdir.dir/built-sources-subdir-1.0/_build/sub'
Making installcheck in lib
make[2]: Entering directory '/sources/automake-1.16.1/t/built-sources-subdir.dir/built-sources-subdir-1.0/_build/sub/lib'
make[2]: Nothing to be done for 'installcheck'.
make[2]: Leaving directory '/sources/automake-1.16.1/t/built-sources-subdir.dir/built-sources-subdir-1.0/_build/sub/lib'
make[2]: Entering directory '/sources/automake-1.16.1/t/built-sources-subdir.dir/built-sources-subdir-1.0/_build/sub'
make[2]: Nothing to be done for 'installcheck-am'.
make[2]: Leaving directory '/sources/automake-1.16.1/t/built-sources-subdir.dir/built-sources-subdir-1.0/_build/sub'
make[1]: Leaving directory '/sources/automake-1.16.1/t/built-sources-subdir.dir/built-sources-subdir-1.0/_build/sub'
make[1]: Entering directory '/sources/automake-1.16.1/t/built-sources-subdir.dir/built-sources-subdir-1.0/_build/sub'
Making uninstall in lib
make[2]: Entering directory '/sources/automake-1.16.1/t/built-sources-subdir.dir/built-sources-subdir-1.0/_build/sub/lib'
make[2]: Leaving directory '/sources/automake-1.16.1/t/built-sources-subdir.dir/built-sources-subdir-1.0/_build/sub/lib'
make[2]: Entering directory '/sources/automake-1.16.1/t/built-sources-subdir.dir/built-sources-subdir-1.0/_build/sub'
make[2]: Nothing to be done for 'uninstall-am'.
make[2]: Leaving directory '/sources/automake-1.16.1/t/built-sources-subdir.dir/built-sources-subdir-1.0/_build/sub'
make[1]: Leaving directory '/sources/automake-1.16.1/t/built-sources-subdir.dir/built-sources-subdir-1.0/_build/sub'
make[1]: Entering directory '/sources/automake-1.16.1/t/built-sources-subdir.dir/built-sources-subdir-1.0/_build/sub'
make[1]: Leaving directory '/sources/automake-1.16.1/t/built-sources-subdir.dir/built-sources-subdir-1.0/_build/sub'
make[1]: Entering directory '/sources/automake-1.16.1/t/built-sources-subdir.dir/built-sources-subdir-1.0/_build/sub'
Making install in lib
make[2]: Entering directory '/sources/automake-1.16.1/t/built-sources-subdir.dir/built-sources-subdir-1.0/_build/sub/lib'
make  install-am
make[3]: Entering directory '/sources/automake-1.16.1/t/built-sources-subdir.dir/built-sources-subdir-1.0/_build/sub/lib'
make[4]: Entering directory '/sources/automake-1.16.1/t/built-sources-subdir.dir/built-sources-subdir-1.0/_build/sub/lib'
make[4]: Nothing to be done for 'install-exec-am'.
make[4]: Leaving directory '/sources/automake-1.16.1/t/built-sources-subdir.dir/built-sources-subdir-1.0/_build/sub/lib'
make[3]: Leaving directory '/sources/automake-1.16.1/t/built-sources-subdir.dir/built-sources-subdir-1.0/_build/sub/lib'
make[2]: Leaving directory '/sources/automake-1.16.1/t/built-sources-subdir.dir/built-sources-subdir-1.0/_build/sub/lib'
make[2]: Entering directory '/sources/automake-1.16.1/t/built-sources-subdir.dir/built-sources-subdir-1.0/_build/sub'
make[3]: Entering directory '/sources/automake-1.16.1/t/built-sources-subdir.dir/built-sources-subdir-1.0/_build/sub'
make[3]: Nothing to be done for 'install-exec-am'.
make[3]: Nothing to be done for 'install-data-am'.
make[3]: Leaving directory '/sources/automake-1.16.1/t/built-sources-subdir.dir/built-sources-subdir-1.0/_build/sub'
make[2]: Leaving directory '/sources/automake-1.16.1/t/built-sources-subdir.dir/built-sources-subdir-1.0/_build/sub'
make[1]: Leaving directory '/sources/automake-1.16.1/t/built-sources-subdir.dir/built-sources-subdir-1.0/_build/sub'
make[1]: Entering directory '/sources/automake-1.16.1/t/built-sources-subdir.dir/built-sources-subdir-1.0/_build/sub'
Making uninstall in lib
make[2]: Entering directory '/sources/automake-1.16.1/t/built-sources-subdir.dir/built-sources-subdir-1.0/_build/sub/lib'
make[2]: Leaving directory '/sources/automake-1.16.1/t/built-sources-subdir.dir/built-sources-subdir-1.0/_build/sub/lib'
make[2]: Entering directory '/sources/automake-1.16.1/t/built-sources-subdir.dir/built-sources-subdir-1.0/_build/sub'
make[2]: Nothing to be done for 'uninstall-am'.
make[2]: Leaving directory '/sources/automake-1.16.1/t/built-sources-subdir.dir/built-sources-subdir-1.0/_build/sub'
make[1]: Leaving directory '/sources/automake-1.16.1/t/built-sources-subdir.dir/built-sources-subdir-1.0/_build/sub'
make[1]: Entering directory '/sources/automake-1.16.1/t/built-sources-subdir.dir/built-sources-subdir-1.0/_build/sub'
make[1]: Leaving directory '/sources/automake-1.16.1/t/built-sources-subdir.dir/built-sources-subdir-1.0/_build/sub'
make[1]: Entering directory '/sources/automake-1.16.1/t/built-sources-subdir.dir/built-sources-subdir-1.0/_build/sub'
make  dist-gzip am__post_remove_distdir='@:'
make[2]: Entering directory '/sources/automake-1.16.1/t/built-sources-subdir.dir/built-sources-subdir-1.0/_build/sub'
make  distdir-am
make[3]: Entering directory '/sources/automake-1.16.1/t/built-sources-subdir.dir/built-sources-subdir-1.0/_build/sub'
if test -d "built-sources-subdir-1.0"; then find "built-sources-subdir-1.0" -type d ! -perm -200 -exec chmod u+w {} ';' && rm -rf "built-sources-subdir-1.0" || { sleep 5 && rm -rf "built-sources-subdir-1.0"; }; else :; fi
test -d "built-sources-subdir-1.0" || mkdir "built-sources-subdir-1.0"
 (cd lib && make  top_distdir=../built-sources-subdir-1.0 distdir=../built-sources-subdir-1.0/lib \
     am__remove_distdir=: am__skip_length_check=: am__skip_mode_fix=: distdir)
make[4]: Entering directory '/sources/automake-1.16.1/t/built-sources-subdir.dir/built-sources-subdir-1.0/_build/sub/lib'
make  distdir-am
make[5]: Entering directory '/sources/automake-1.16.1/t/built-sources-subdir.dir/built-sources-subdir-1.0/_build/sub/lib'
make[5]: Leaving directory '/sources/automake-1.16.1/t/built-sources-subdir.dir/built-sources-subdir-1.0/_build/sub/lib'
make[4]: Leaving directory '/sources/automake-1.16.1/t/built-sources-subdir.dir/built-sources-subdir-1.0/_build/sub/lib'
test -n "" \
|| find "built-sources-subdir-1.0" -type d ! -perm -755 \
	-exec chmod u+rwx,go+rx {} \; -o \
  ! -type d ! -perm -444 -links 1 -exec chmod a+r {} \; -o \
  ! -type d ! -perm -400 -exec chmod a+r {} \; -o \
  ! -type d ! -perm -444 -exec /bin/sh /sources/automake-1.16.1/t/built-sources-subdir.dir/built-sources-subdir-1.0/install-sh -c -m a+r {} {} \; \
|| chmod -R a+r "built-sources-subdir-1.0"
make[3]: Leaving directory '/sources/automake-1.16.1/t/built-sources-subdir.dir/built-sources-subdir-1.0/_build/sub'
tardir=built-sources-subdir-1.0 && ${TAR-tar} chof - "$tardir" | eval GZIP= gzip --best -c >built-sources-subdir-1.0.tar.gz
make[2]: Leaving directory '/sources/automake-1.16.1/t/built-sources-subdir.dir/built-sources-subdir-1.0/_build/sub'
if test -d "built-sources-subdir-1.0"; then find "built-sources-subdir-1.0" -type d ! -perm -200 -exec chmod u+w {} ';' && rm -rf "built-sources-subdir-1.0" || { sleep 5 && rm -rf "built-sources-subdir-1.0"; }; else :; fi
make[1]: Leaving directory '/sources/automake-1.16.1/t/built-sources-subdir.dir/built-sources-subdir-1.0/_build/sub'
make[1]: Entering directory '/sources/automake-1.16.1/t/built-sources-subdir.dir/built-sources-subdir-1.0/_build/sub'
Making distclean in lib
make[2]: Entering directory '/sources/automake-1.16.1/t/built-sources-subdir.dir/built-sources-subdir-1.0/_build/sub/lib'
test -z "foo.h" || rm -f foo.h
test -z "libfoo.a" || rm -f libfoo.a
rm -f *.o
rm -f *.tab.c
test -z "" || rm -f 
test . = "../../../lib" || test -z "" || rm -f 
rm -f TAGS ID GTAGS GRTAGS GSYMS GPATH tags
rm -f ./.deps/foo.Po
rm -f Makefile
make[2]: Leaving directory '/sources/automake-1.16.1/t/built-sources-subdir.dir/built-sources-subdir-1.0/_build/sub/lib'
make[2]: Entering directory '/sources/automake-1.16.1/t/built-sources-subdir.dir/built-sources-subdir-1.0/_build/sub'
test -z "" || rm -f 
test . = "../.." || test -z "" || rm -f 
rm -f TAGS ID GTAGS GRTAGS GSYMS GPATH tags
rm -f cscope.out cscope.in.out cscope.po.out cscope.files
make[2]: Leaving directory '/sources/automake-1.16.1/t/built-sources-subdir.dir/built-sources-subdir-1.0/_build/sub'
rm -f config.status config.cache config.log configure.lineno config.status.lineno
rm -f Makefile
make[1]: Leaving directory '/sources/automake-1.16.1/t/built-sources-subdir.dir/built-sources-subdir-1.0/_build/sub'
if test -d "built-sources-subdir-1.0"; then find "built-sources-subdir-1.0" -type d ! -perm -200 -exec chmod u+w {} ';' && rm -rf "built-sources-subdir-1.0" || { sleep 5 && rm -rf "built-sources-subdir-1.0"; }; else :; fi
==========================================================
built-sources-subdir-1.0 archives ready for distribution: 
built-sources-subdir-1.0.tar.gz
==========================================================
+ :
+ am_exit_trap 0
+ exit_status=0
+ set +e
+ cd /sources/automake-1.16.1
+ test none = tap
+ case $am_explicit_skips in
+ test 0 -eq 0
+ am_keeping_testdirs
+ case $keep_testdirs in
+ return 1
+ rm_rf_ t/built-sources-subdir.dir
+ test 1 -gt 0
+ /usr/bin/perl /sources/automake-1.16.1/t/ax/deltree.pl t/built-sources-subdir.dir
+ set +x
PASS t/built-sources-subdir.sh (exit status: 0)
