Running from installcheck: no
Test Protocol: none
PATH = /sources/automake-1.16.1/bin:/sources/automake-1.16.1/t/ax:/bin:/usr/bin:/sbin:/usr/sbin:/tools/bin
++ pwd
/sources/automake-1.16.1/t/canon5.dir
+ cat
+ aclocal-1.16 -Werror
+ cat
+ automake-1.16 --foreign -Werror -Wall
+ cat
+ automake-1.16 --foreign -Werror -Wall
+ cat
+ AUTOMAKE_fails
+ AUTOMAKE_run -e 1
+ am__desc=
+ am__exp_rc=0
+ test 2 -gt 0
+ case $1 in
+ am__exp_rc=1
+ shift
+ shift
+ test 0 -gt 0
+ am__got_rc=0
+ automake-1.16 --foreign -Werror -Wall
+ am__got_rc=1
+ cat stderr
Makefile.am:2: error: bad characters in variable name ',foo_SOURCES'
Makefile.am:2: error: use '_foo_SOURCES', not ',foo_SOURCES'
automake-1.16: warnings are treated as errors
Makefile.am:2: warning: variable ',foo_SOURCES' is defined but no program or
Makefile.am:2: library has ',foo' as canonical name (possible typo)
+ cat stdout
+ test none = none
+ test 1 -eq 1
+ return
+ grep 'Makefile\.am:2:.* bad .*variable.*,foo_SOURCES' stderr
Makefile.am:2: error: bad characters in variable name ',foo_SOURCES'
+ grep 'Makefile\.am:2:.* use .*_foo_SOURCES' stderr
Makefile.am:2: error: use '_foo_SOURCES', not ',foo_SOURCES'
+ cat
+ automake-1.16 --foreign -Werror -Wall -Wno-portability
+ :
+ am_exit_trap 0
+ exit_status=0
+ set +e
+ cd /sources/automake-1.16.1
+ test none = tap
+ case $am_explicit_skips in
+ test 0 -eq 0
+ am_keeping_testdirs
+ case $keep_testdirs in
+ return 1
+ rm_rf_ t/canon5.dir
+ test 1 -gt 0
+ /usr/bin/perl /sources/automake-1.16.1/t/ax/deltree.pl t/canon5.dir
+ set +x
PASS t/canon5.sh (exit status: 0)
