ccnoco-lt: running libtoolize --version
libtoolize (GNU libtool) 2.4.6
Written by Gary V. Vaughan <gary@gnu.org>, 2003

Copyright (C) 2015 Free Software Foundation, Inc.
This is free software; see the source for copying conditions.  There is NO
warranty; not even for MERCHANTABILITY or FITNESS FOR A PARTICULAR PURPOSE.
Running from installcheck: no
Test Protocol: none
PATH = /sources/automake-1.16.1/bin:/sources/automake-1.16.1/t/ax:/bin:/usr/bin:/sbin:/usr/sbin:/tools/bin
++ pwd
/sources/automake-1.16.1/t/ccnoco-lt.dir
+ cat
+ cat
+ cat
+ CC=/sources/automake-1.16.1/t/ax/cc-no-c-o
+ export CC
+ libtoolize --verbose --install
libtoolize: found 'configure.ac'
libtoolize: export M4='/usr/bin/m4'
libtoolize: ltdl mode=''
libtoolize: putting auxiliary files in '.'.
libtoolize: ln -s /usr/share/libtool/build-aux/config.guess .
libtoolize: ln -s /usr/share/libtool/build-aux/config.sub .
libtoolize: '/usr/share/libtool/build-aux/install-sh' is serial 2013.12.25.23, less than 2018.03.11.20 in './install-sh'
libtoolize: ln -s /usr/share/libtool/build-aux/ltmain.sh .
libtoolize: found 'Makefile.am'
libtoolize: found LT_INIT invocation
libtoolize: You should add the contents of the following files to 'aclocal.m4':
libtoolize:   '/usr/share/aclocal/libtool.m4'
libtoolize:   '/usr/share/aclocal/ltoptions.m4'
libtoolize:   '/usr/share/aclocal/ltsugar.m4'
libtoolize:   '/usr/share/aclocal/ltversion.m4'
libtoolize:   '/usr/share/aclocal/lt~obsolete.m4'
libtoolize: Consider adding 'AC_CONFIG_MACRO_DIRS([m4])' to configure.ac,
libtoolize: and rerunning libtoolize and aclocal.
libtoolize: Consider adding '-I m4' to ACLOCAL_AMFLAGS in Makefile.am.
+ aclocal-1.16 -Werror
+ autoconf
+ automake-1.16 --foreign -Werror -Wall --copy --add-missing
configure.ac:5: installing './ar-lib'
+ for vpath in : false
+ :
+ srcdir=..
+ mkdir build
+ cd build
+ ../configure
Using built-in specs.
COLLECT_GCC=cc
COLLECT_LTO_WRAPPER=/usr/libexec/gcc/x86_64-pc-linux-gnu/8.2.0/lto-wrapper
Target: x86_64-pc-linux-gnu
Configured with: ../configure --prefix=/usr --enable-languages=c,c++ --disable-multilib --disable-bootstrap --disable-libmpx --with-system-zlib
Thread model: posix
gcc version 8.2.0 (GCC) 
+ cat stdout
checking for a BSD-compatible install... /usr/bin/install -c
checking whether build environment is sane... yes
checking for a thread-safe mkdir -p... /tools/bin/mkdir -p
checking for gawk... gawk
checking whether make sets $(MAKE)... yes
checking whether make supports nested variables... yes
checking for gcc... /sources/automake-1.16.1/t/ax/cc-no-c-o
checking whether the C compiler works... yes
checking for C compiler default output file name... a.out
checking for suffix of executables... 
checking whether we are cross compiling... no
checking for suffix of object files... o
checking whether we are using the GNU C compiler... yes
checking whether /sources/automake-1.16.1/t/ax/cc-no-c-o accepts -g... yes
checking for /sources/automake-1.16.1/t/ax/cc-no-c-o option to accept ISO C89... none needed
checking whether /sources/automake-1.16.1/t/ax/cc-no-c-o understands -c and -o together... no
checking whether make supports the include directive... yes (GNU style)
checking dependency style of /sources/automake-1.16.1/t/ccnoco-lt.dir/compile /sources/automake-1.16.1/t/ax/cc-no-c-o... gcc3
checking for ar... ar
checking the archiver (ar) interface... ar
checking build system type... x86_64-unknown-linux-gnu
checking host system type... x86_64-unknown-linux-gnu
checking how to print strings... printf
checking for a sed that does not truncate output... /bin/sed
checking for grep that handles long lines and -e... /bin/grep
checking for egrep... /bin/grep -E
checking for fgrep... /bin/grep -F
checking for ld used by /sources/automake-1.16.1/t/ccnoco-lt.dir/compile /sources/automake-1.16.1/t/ax/cc-no-c-o... /usr/bin/ld
checking if the linker (/usr/bin/ld) is GNU ld... yes
checking for BSD- or MS-compatible name lister (nm)... /usr/bin/nm -B
checking the name lister (/usr/bin/nm -B) interface... BSD nm
checking whether ln -s works... yes
checking the maximum length of command line arguments... 6291456
checking how to convert x86_64-unknown-linux-gnu file names to x86_64-unknown-linux-gnu format... func_convert_file_noop
checking how to convert x86_64-unknown-linux-gnu file names to toolchain format... func_convert_file_noop
checking for /usr/bin/ld option to reload object files... -r
checking for objdump... objdump
checking how to recognize dependent libraries... pass_all
checking for dlltool... no
checking how to associate runtime and link libraries... printf %s\n
checking for archiver @FILE support... @
checking for strip... strip
checking for ranlib... ranlib
checking command to parse /usr/bin/nm -B output from /sources/automake-1.16.1/t/ccnoco-lt.dir/compile /sources/automake-1.16.1/t/ax/cc-no-c-o object... ok
checking for sysroot... no
checking for a working dd... /bin/dd
checking how to truncate binary pipes... /bin/dd bs=4096 count=1
checking for mt... no
checking if : is a manifest tool... no
checking how to run the C preprocessor... /sources/automake-1.16.1/t/ccnoco-lt.dir/compile /sources/automake-1.16.1/t/ax/cc-no-c-o -E
checking for ANSI C header files... yes
checking for sys/types.h... yes
checking for sys/stat.h... yes
checking for stdlib.h... yes
checking for string.h... yes
checking for memory.h... yes
checking for strings.h... yes
checking for inttypes.h... yes
checking for stdint.h... yes
checking for unistd.h... yes
checking for dlfcn.h... yes
checking for objdir... .libs
checking if /sources/automake-1.16.1/t/ccnoco-lt.dir/compile /sources/automake-1.16.1/t/ax/cc-no-c-o supports -fno-rtti -fno-exceptions... no
checking for /sources/automake-1.16.1/t/ccnoco-lt.dir/compile /sources/automake-1.16.1/t/ax/cc-no-c-o option to produce PIC... -fPIC -DPIC
checking if /sources/automake-1.16.1/t/ccnoco-lt.dir/compile /sources/automake-1.16.1/t/ax/cc-no-c-o PIC flag -fPIC -DPIC works... yes
checking if /sources/automake-1.16.1/t/ccnoco-lt.dir/compile /sources/automake-1.16.1/t/ax/cc-no-c-o static flag -static works... yes
checking if /sources/automake-1.16.1/t/ccnoco-lt.dir/compile /sources/automake-1.16.1/t/ax/cc-no-c-o supports -c -o file.o... yes
checking if /sources/automake-1.16.1/t/ccnoco-lt.dir/compile /sources/automake-1.16.1/t/ax/cc-no-c-o supports -c -o file.o... (cached) yes
checking whether the /sources/automake-1.16.1/t/ccnoco-lt.dir/compile /sources/automake-1.16.1/t/ax/cc-no-c-o linker (/usr/bin/ld -m elf_x86_64) supports shared libraries... yes
checking whether -lc should be explicitly linked in... no
checking dynamic linker characteristics... GNU/Linux ld.so
checking how to hardcode library paths into programs... immediate
checking whether stripping libraries is possible... yes
checking if libtool supports shared libraries... yes
checking whether to build shared libraries... yes
checking whether to build static libraries... yes
cc (GCC) 8.2.0
Copyright (C) 2018 Free Software Foundation, Inc.
This is free software; see the source for copying conditions.  There is NO
warranty; not even for MERCHANTABILITY or FITNESS FOR A PARTICULAR PURPOSE.

checking that generated files are newer than configure... done
configure: creating ./config.status
config.status: creating Makefile
config.status: executing depfiles commands
config.status: executing libtool commands
+ /bin/grep -E 'understands? -c and -o together.* no$' stdout
checking whether /sources/automake-1.16.1/t/ax/cc-no-c-o understands -c and -o together... no
++ grep '.*-c['\''" ].*-o['\''" ]' stdout
++ /bin/grep -F -v ' -c -o file.o'
++ wc -l
+ test 1 -eq 1
+ grep '^checking if .*/compile .*supports -c -o file\.o\.\.\. yes' stdout
checking if /sources/automake-1.16.1/t/ccnoco-lt.dir/compile /sources/automake-1.16.1/t/ax/cc-no-c-o supports -c -o file.o... yes
+ make
/bin/sh ./libtool  --tag=CC   --mode=compile /sources/automake-1.16.1/t/ccnoco-lt.dir/compile /sources/automake-1.16.1/t/ax/cc-no-c-o -DPACKAGE_NAME=\"ccnoco-lt\" -DPACKAGE_TARNAME=\"ccnoco-lt\" -DPACKAGE_VERSION=\"1.0\" -DPACKAGE_STRING=\"ccnoco-lt\ 1.0\" -DPACKAGE_BUGREPORT=\"\" -DPACKAGE_URL=\"\" -DPACKAGE=\"ccnoco-lt\" -DVERSION=\"1.0\" -DSTDC_HEADERS=1 -DHAVE_SYS_TYPES_H=1 -DHAVE_SYS_STAT_H=1 -DHAVE_STDLIB_H=1 -DHAVE_STRING_H=1 -DHAVE_MEMORY_H=1 -DHAVE_STRINGS_H=1 -DHAVE_INTTYPES_H=1 -DHAVE_STDINT_H=1 -DHAVE_UNISTD_H=1 -DHAVE_DLFCN_H=1 -DLT_OBJDIR=\".libs/\" -I. -I..     -g -O2 -MT libwish.lo -MD -MP -MF .deps/libwish.Tpo -c -o libwish.lo ../libwish.c
libtool: compile:  /sources/automake-1.16.1/t/ccnoco-lt.dir/compile /sources/automake-1.16.1/t/ax/cc-no-c-o -DPACKAGE_NAME=\"ccnoco-lt\" -DPACKAGE_TARNAME=\"ccnoco-lt\" -DPACKAGE_VERSION=\"1.0\" "-DPACKAGE_STRING=\"ccnoco-lt 1.0\"" -DPACKAGE_BUGREPORT=\"\" -DPACKAGE_URL=\"\" -DPACKAGE=\"ccnoco-lt\" -DVERSION=\"1.0\" -DSTDC_HEADERS=1 -DHAVE_SYS_TYPES_H=1 -DHAVE_SYS_STAT_H=1 -DHAVE_STDLIB_H=1 -DHAVE_STRING_H=1 -DHAVE_MEMORY_H=1 -DHAVE_STRINGS_H=1 -DHAVE_INTTYPES_H=1 -DHAVE_STDINT_H=1 -DHAVE_UNISTD_H=1 -DHAVE_DLFCN_H=1 -DLT_OBJDIR=\".libs/\" -I. -I.. -g -O2 -MT libwish.lo -MD -MP -MF .deps/libwish.Tpo -c ../libwish.c  -fPIC -DPIC -o .libs/libwish.o
libtool: compile:  /sources/automake-1.16.1/t/ccnoco-lt.dir/compile /sources/automake-1.16.1/t/ax/cc-no-c-o -DPACKAGE_NAME=\"ccnoco-lt\" -DPACKAGE_TARNAME=\"ccnoco-lt\" -DPACKAGE_VERSION=\"1.0\" "-DPACKAGE_STRING=\"ccnoco-lt 1.0\"" -DPACKAGE_BUGREPORT=\"\" -DPACKAGE_URL=\"\" -DPACKAGE=\"ccnoco-lt\" -DVERSION=\"1.0\" -DSTDC_HEADERS=1 -DHAVE_SYS_TYPES_H=1 -DHAVE_SYS_STAT_H=1 -DHAVE_STDLIB_H=1 -DHAVE_STRING_H=1 -DHAVE_MEMORY_H=1 -DHAVE_STRINGS_H=1 -DHAVE_INTTYPES_H=1 -DHAVE_STDINT_H=1 -DHAVE_UNISTD_H=1 -DHAVE_DLFCN_H=1 -DLT_OBJDIR=\".libs/\" -I. -I.. -g -O2 -MT libwish.lo -MD -MP -MF .deps/libwish.Tpo -c ../libwish.c -o libwish.o >/dev/null 2>&1
mv -f .deps/libwish.Tpo .deps/libwish.Plo
/bin/sh ./libtool  --tag=CC   --mode=link /sources/automake-1.16.1/t/ccnoco-lt.dir/compile /sources/automake-1.16.1/t/ax/cc-no-c-o  -g -O2   -o libwish.la -rpath /usr/local/lib libwish.lo  
libtool: link: /sources/automake-1.16.1/t/ccnoco-lt.dir/compile /sources/automake-1.16.1/t/ax/cc-no-c-o -shared  -fPIC -DPIC  .libs/libwish.o    -g -O2   -Wl,-soname -Wl,libwish.so.0 -o .libs/libwish.so.0.0.0
libtool: link: (cd ".libs" && rm -f "libwish.so.0" && ln -s "libwish.so.0.0.0" "libwish.so.0")
libtool: link: (cd ".libs" && rm -f "libwish.so" && ln -s "libwish.so.0.0.0" "libwish.so")
libtool: link: ar cru .libs/libwish.a  libwish.o
libtool: link: ranlib .libs/libwish.a
libtool: link: ( cd ".libs" && rm -f "libwish.la" && ln -s "../libwish.la" "libwish.la" )
+ cd ..
+ for vpath in : false
+ false
+ srcdir=.
+ ./configure
Using built-in specs.
COLLECT_GCC=cc
COLLECT_LTO_WRAPPER=/usr/libexec/gcc/x86_64-pc-linux-gnu/8.2.0/lto-wrapper
Target: x86_64-pc-linux-gnu
Configured with: ../configure --prefix=/usr --enable-languages=c,c++ --disable-multilib --disable-bootstrap --disable-libmpx --with-system-zlib
Thread model: posix
gcc version 8.2.0 (GCC) 
+ cat stdout
checking for a BSD-compatible install... /usr/bin/install -c
checking whether build environment is sane... yes
checking for a thread-safe mkdir -p... /tools/bin/mkdir -p
checking for gawk... gawk
checking whether make sets $(MAKE)... yes
checking whether make supports nested variables... yes
checking for gcc... /sources/automake-1.16.1/t/ax/cc-no-c-o
checking whether the C compiler works... yes
checking for C compiler default output file name... a.out
checking for suffix of executables... 
checking whether we are cross compiling... no
checking for suffix of object files... o
checking whether we are using the GNU C compiler... yes
checking whether /sources/automake-1.16.1/t/ax/cc-no-c-o accepts -g... yes
checking for /sources/automake-1.16.1/t/ax/cc-no-c-o option to accept ISO C89... none needed
checking whether /sources/automake-1.16.1/t/ax/cc-no-c-o understands -c and -o together... no
checking whether make supports the include directive... yes (GNU style)
checking dependency style of /sources/automake-1.16.1/t/ccnoco-lt.dir/compile /sources/automake-1.16.1/t/ax/cc-no-c-o... gcc3
checking for ar... ar
checking the archiver (ar) interface... ar
checking build system type... x86_64-unknown-linux-gnu
checking host system type... x86_64-unknown-linux-gnu
checking how to print strings... printf
checking for a sed that does not truncate output... /bin/sed
checking for grep that handles long lines and -e... /bin/grep
checking for egrep... /bin/grep -E
checking for fgrep... /bin/grep -F
checking for ld used by /sources/automake-1.16.1/t/ccnoco-lt.dir/compile /sources/automake-1.16.1/t/ax/cc-no-c-o... /usr/bin/ld
checking if the linker (/usr/bin/ld) is GNU ld... yes
checking for BSD- or MS-compatible name lister (nm)... /usr/bin/nm -B
checking the name lister (/usr/bin/nm -B) interface... BSD nm
checking whether ln -s works... yes
checking the maximum length of command line arguments... 6291456
checking how to convert x86_64-unknown-linux-gnu file names to x86_64-unknown-linux-gnu format... func_convert_file_noop
checking how to convert x86_64-unknown-linux-gnu file names to toolchain format... func_convert_file_noop
checking for /usr/bin/ld option to reload object files... -r
checking for objdump... objdump
checking how to recognize dependent libraries... pass_all
checking for dlltool... no
checking how to associate runtime and link libraries... printf %s\n
checking for archiver @FILE support... @
checking for strip... strip
checking for ranlib... ranlib
checking command to parse /usr/bin/nm -B output from /sources/automake-1.16.1/t/ccnoco-lt.dir/compile /sources/automake-1.16.1/t/ax/cc-no-c-o object... ok
checking for sysroot... no
checking for a working dd... /bin/dd
checking how to truncate binary pipes... /bin/dd bs=4096 count=1
checking for mt... no
checking if : is a manifest tool... no
checking how to run the C preprocessor... /sources/automake-1.16.1/t/ccnoco-lt.dir/compile /sources/automake-1.16.1/t/ax/cc-no-c-o -E
checking for ANSI C header files... yes
checking for sys/types.h... yes
checking for sys/stat.h... yes
checking for stdlib.h... yes
checking for string.h... yes
checking for memory.h... yes
checking for strings.h... yes
checking for inttypes.h... yes
checking for stdint.h... yes
checking for unistd.h... yes
checking for dlfcn.h... yes
checking for objdir... .libs
checking if /sources/automake-1.16.1/t/ccnoco-lt.dir/compile /sources/automake-1.16.1/t/ax/cc-no-c-o supports -fno-rtti -fno-exceptions... no
checking for /sources/automake-1.16.1/t/ccnoco-lt.dir/compile /sources/automake-1.16.1/t/ax/cc-no-c-o option to produce PIC... -fPIC -DPIC
checking if /sources/automake-1.16.1/t/ccnoco-lt.dir/compile /sources/automake-1.16.1/t/ax/cc-no-c-o PIC flag -fPIC -DPIC works... yes
checking if /sources/automake-1.16.1/t/ccnoco-lt.dir/compile /sources/automake-1.16.1/t/ax/cc-no-c-o static flag -static works... yes
checking if /sources/automake-1.16.1/t/ccnoco-lt.dir/compile /sources/automake-1.16.1/t/ax/cc-no-c-o supports -c -o file.o... yes
checking if /sources/automake-1.16.1/t/ccnoco-lt.dir/compile /sources/automake-1.16.1/t/ax/cc-no-c-o supports -c -o file.o... (cached) yes
checking whether the /sources/automake-1.16.1/t/ccnoco-lt.dir/compile /sources/automake-1.16.1/t/ax/cc-no-c-o linker (/usr/bin/ld -m elf_x86_64) supports shared libraries... yes
checking whether -lc should be explicitly linked in... no
checking dynamic linker characteristics... GNU/Linux ld.so
checking how to hardcode library paths into programs... immediate
checking whether stripping libraries is possible... yes
checking if libtool supports shared libraries... yes
checking whether to build shared libraries... yes
checking whether to build static libraries... yes
cc (GCC) 8.2.0
Copyright (C) 2018 Free Software Foundation, Inc.
This is free software; see the source for copying conditions.  There is NO
warranty; not even for MERCHANTABILITY or FITNESS FOR A PARTICULAR PURPOSE.

checking that generated files are newer than configure... done
configure: creating ./config.status
config.status: creating Makefile
config.status: executing depfiles commands
config.status: executing libtool commands
+ /bin/grep -E 'understands? -c and -o together.* no$' stdout
checking whether /sources/automake-1.16.1/t/ax/cc-no-c-o understands -c and -o together... no
++ grep '.*-c['\''" ].*-o['\''" ]' stdout
++ /bin/grep -F -v ' -c -o file.o'
++ wc -l
+ test 1 -eq 1
+ grep '^checking if .*/compile .*supports -c -o file\.o\.\.\. yes' stdout
checking if /sources/automake-1.16.1/t/ccnoco-lt.dir/compile /sources/automake-1.16.1/t/ax/cc-no-c-o supports -c -o file.o... yes
+ make
/bin/sh ./libtool  --tag=CC   --mode=compile /sources/automake-1.16.1/t/ccnoco-lt.dir/compile /sources/automake-1.16.1/t/ax/cc-no-c-o -DPACKAGE_NAME=\"ccnoco-lt\" -DPACKAGE_TARNAME=\"ccnoco-lt\" -DPACKAGE_VERSION=\"1.0\" -DPACKAGE_STRING=\"ccnoco-lt\ 1.0\" -DPACKAGE_BUGREPORT=\"\" -DPACKAGE_URL=\"\" -DPACKAGE=\"ccnoco-lt\" -DVERSION=\"1.0\" -DSTDC_HEADERS=1 -DHAVE_SYS_TYPES_H=1 -DHAVE_SYS_STAT_H=1 -DHAVE_STDLIB_H=1 -DHAVE_STRING_H=1 -DHAVE_MEMORY_H=1 -DHAVE_STRINGS_H=1 -DHAVE_INTTYPES_H=1 -DHAVE_STDINT_H=1 -DHAVE_UNISTD_H=1 -DHAVE_DLFCN_H=1 -DLT_OBJDIR=\".libs/\" -I.     -g -O2 -MT libwish.lo -MD -MP -MF .deps/libwish.Tpo -c -o libwish.lo libwish.c
libtool: compile:  /sources/automake-1.16.1/t/ccnoco-lt.dir/compile /sources/automake-1.16.1/t/ax/cc-no-c-o -DPACKAGE_NAME=\"ccnoco-lt\" -DPACKAGE_TARNAME=\"ccnoco-lt\" -DPACKAGE_VERSION=\"1.0\" "-DPACKAGE_STRING=\"ccnoco-lt 1.0\"" -DPACKAGE_BUGREPORT=\"\" -DPACKAGE_URL=\"\" -DPACKAGE=\"ccnoco-lt\" -DVERSION=\"1.0\" -DSTDC_HEADERS=1 -DHAVE_SYS_TYPES_H=1 -DHAVE_SYS_STAT_H=1 -DHAVE_STDLIB_H=1 -DHAVE_STRING_H=1 -DHAVE_MEMORY_H=1 -DHAVE_STRINGS_H=1 -DHAVE_INTTYPES_H=1 -DHAVE_STDINT_H=1 -DHAVE_UNISTD_H=1 -DHAVE_DLFCN_H=1 -DLT_OBJDIR=\".libs/\" -I. -g -O2 -MT libwish.lo -MD -MP -MF .deps/libwish.Tpo -c libwish.c  -fPIC -DPIC -o .libs/libwish.o
libtool: compile:  /sources/automake-1.16.1/t/ccnoco-lt.dir/compile /sources/automake-1.16.1/t/ax/cc-no-c-o -DPACKAGE_NAME=\"ccnoco-lt\" -DPACKAGE_TARNAME=\"ccnoco-lt\" -DPACKAGE_VERSION=\"1.0\" "-DPACKAGE_STRING=\"ccnoco-lt 1.0\"" -DPACKAGE_BUGREPORT=\"\" -DPACKAGE_URL=\"\" -DPACKAGE=\"ccnoco-lt\" -DVERSION=\"1.0\" -DSTDC_HEADERS=1 -DHAVE_SYS_TYPES_H=1 -DHAVE_SYS_STAT_H=1 -DHAVE_STDLIB_H=1 -DHAVE_STRING_H=1 -DHAVE_MEMORY_H=1 -DHAVE_STRINGS_H=1 -DHAVE_INTTYPES_H=1 -DHAVE_STDINT_H=1 -DHAVE_UNISTD_H=1 -DHAVE_DLFCN_H=1 -DLT_OBJDIR=\".libs/\" -I. -g -O2 -MT libwish.lo -MD -MP -MF .deps/libwish.Tpo -c libwish.c -o libwish.o >/dev/null 2>&1
mv -f .deps/libwish.Tpo .deps/libwish.Plo
/bin/sh ./libtool  --tag=CC   --mode=link /sources/automake-1.16.1/t/ccnoco-lt.dir/compile /sources/automake-1.16.1/t/ax/cc-no-c-o  -g -O2   -o libwish.la -rpath /usr/local/lib libwish.lo  
libtool: link: /sources/automake-1.16.1/t/ccnoco-lt.dir/compile /sources/automake-1.16.1/t/ax/cc-no-c-o -shared  -fPIC -DPIC  .libs/libwish.o    -g -O2   -Wl,-soname -Wl,libwish.so.0 -o .libs/libwish.so.0.0.0
libtool: link: (cd ".libs" && rm -f "libwish.so.0" && ln -s "libwish.so.0.0.0" "libwish.so.0")
libtool: link: (cd ".libs" && rm -f "libwish.so" && ln -s "libwish.so.0.0.0" "libwish.so")
libtool: link: ar cru .libs/libwish.a  libwish.o
libtool: link: ranlib .libs/libwish.a
libtool: link: ( cd ".libs" && rm -f "libwish.la" && ln -s "../libwish.la" "libwish.la" )
+ cd .
+ make distcheck
make  dist-gzip am__post_remove_distdir='@:'
make[1]: Entering directory '/sources/automake-1.16.1/t/ccnoco-lt.dir'
make  distdir-am
make[2]: Entering directory '/sources/automake-1.16.1/t/ccnoco-lt.dir'
if test -d "ccnoco-lt-1.0"; then find "ccnoco-lt-1.0" -type d ! -perm -200 -exec chmod u+w {} ';' && rm -rf "ccnoco-lt-1.0" || { sleep 5 && rm -rf "ccnoco-lt-1.0"; }; else :; fi
test -d "ccnoco-lt-1.0" || mkdir "ccnoco-lt-1.0"
test -n "" \
|| find "ccnoco-lt-1.0" -type d ! -perm -755 \
	-exec chmod u+rwx,go+rx {} \; -o \
  ! -type d ! -perm -444 -links 1 -exec chmod a+r {} \; -o \
  ! -type d ! -perm -400 -exec chmod a+r {} \; -o \
  ! -type d ! -perm -444 -exec /bin/sh /sources/automake-1.16.1/t/ccnoco-lt.dir/install-sh -c -m a+r {} {} \; \
|| chmod -R a+r "ccnoco-lt-1.0"
make[2]: Leaving directory '/sources/automake-1.16.1/t/ccnoco-lt.dir'
tardir=ccnoco-lt-1.0 && ${TAR-tar} chof - "$tardir" | eval GZIP= gzip --best -c >ccnoco-lt-1.0.tar.gz
make[1]: Leaving directory '/sources/automake-1.16.1/t/ccnoco-lt.dir'
if test -d "ccnoco-lt-1.0"; then find "ccnoco-lt-1.0" -type d ! -perm -200 -exec chmod u+w {} ';' && rm -rf "ccnoco-lt-1.0" || { sleep 5 && rm -rf "ccnoco-lt-1.0"; }; else :; fi
case 'ccnoco-lt-1.0.tar.gz' in \
*.tar.gz*) \
  eval GZIP= gzip --best -dc ccnoco-lt-1.0.tar.gz | ${TAR-tar} xf - ;;\
*.tar.bz2*) \
  bzip2 -dc ccnoco-lt-1.0.tar.bz2 | ${TAR-tar} xf - ;;\
*.tar.lz*) \
  lzip -dc ccnoco-lt-1.0.tar.lz | ${TAR-tar} xf - ;;\
*.tar.xz*) \
  xz -dc ccnoco-lt-1.0.tar.xz | ${TAR-tar} xf - ;;\
*.tar.Z*) \
  uncompress -c ccnoco-lt-1.0.tar.Z | ${TAR-tar} xf - ;;\
*.shar.gz*) \
  eval GZIP= gzip --best -dc ccnoco-lt-1.0.shar.gz | unshar ;;\
*.zip*) \
  unzip ccnoco-lt-1.0.zip ;;\
esac
chmod -R a-w ccnoco-lt-1.0
chmod u+w ccnoco-lt-1.0
mkdir ccnoco-lt-1.0/_build ccnoco-lt-1.0/_build/sub ccnoco-lt-1.0/_inst
chmod a-w ccnoco-lt-1.0
test -d ccnoco-lt-1.0/_build || exit 0; \
dc_install_base=`CDPATH="${ZSH_VERSION+.}:" && cd ccnoco-lt-1.0/_inst && pwd | sed -e 's,^[^:\\/]:[\\/],/,'` \
  && dc_destdir="${TMPDIR-/tmp}/am-dc-$$/" \
  && am__cwd=`pwd` \
  && CDPATH="${ZSH_VERSION+.}:" && cd ccnoco-lt-1.0/_build/sub \
  && ../../configure \
     \
     \
    --srcdir=../.. --prefix="$dc_install_base" \
  && make  \
  && make  dvi \
  && make  check \
  && make  install \
  && make  installcheck \
  && make  uninstall \
  && make  distuninstallcheck_dir="$dc_install_base" \
        distuninstallcheck \
  && chmod -R a-w "$dc_install_base" \
  && ({ \
       (cd ../.. && umask 077 && mkdir "$dc_destdir") \
       && make  DESTDIR="$dc_destdir" install \
       && make  DESTDIR="$dc_destdir" uninstall \
       && make  DESTDIR="$dc_destdir" \
            distuninstallcheck_dir="$dc_destdir" distuninstallcheck; \
      } || { rm -rf "$dc_destdir"; exit 1; }) \
  && rm -rf "$dc_destdir" \
  && make  dist \
  && rm -rf ccnoco-lt-1.0.tar.gz \
  && make  distcleancheck \
  && cd "$am__cwd" \
  || exit 1
checking for a BSD-compatible install... /usr/bin/install -c
checking whether build environment is sane... yes
checking for a thread-safe mkdir -p... /tools/bin/mkdir -p
checking for gawk... gawk
checking whether make sets $(MAKE)... yes
checking whether make supports nested variables... yes
checking for gcc... /sources/automake-1.16.1/t/ccnoco-lt.dir/compile /sources/automake-1.16.1/t/ax/cc-no-c-o
checking whether the C compiler works... yes
checking for C compiler default output file name... a.out
checking for suffix of executables... 
checking whether we are cross compiling... no
checking for suffix of object files... o
checking whether we are using the GNU C compiler... yes
checking whether /sources/automake-1.16.1/t/ccnoco-lt.dir/compile /sources/automake-1.16.1/t/ax/cc-no-c-o accepts -g... yes
checking for /sources/automake-1.16.1/t/ccnoco-lt.dir/compile /sources/automake-1.16.1/t/ax/cc-no-c-o option to accept ISO C89... none needed
checking whether /sources/automake-1.16.1/t/ccnoco-lt.dir/compile /sources/automake-1.16.1/t/ax/cc-no-c-o understands -c and -o together... yes
checking whether make supports the include directive... yes (GNU style)
checking dependency style of /sources/automake-1.16.1/t/ccnoco-lt.dir/compile /sources/automake-1.16.1/t/ax/cc-no-c-o... gcc3
checking for ar... ar
checking the archiver (ar) interface... ar
checking build system type... x86_64-unknown-linux-gnu
checking host system type... x86_64-unknown-linux-gnu
checking how to print strings... printf
checking for a sed that does not truncate output... /bin/sed
checking for grep that handles long lines and -e... /bin/grep
checking for egrep... /bin/grep -E
checking for fgrep... /bin/grep -F
checking for ld used by /sources/automake-1.16.1/t/ccnoco-lt.dir/compile /sources/automake-1.16.1/t/ax/cc-no-c-o... /usr/bin/ld
checking if the linker (/usr/bin/ld) is GNU ld... yes
checking for BSD- or MS-compatible name lister (nm)... /usr/bin/nm -B
checking the name lister (/usr/bin/nm -B) interface... BSD nm
checking whether ln -s works... yes
checking the maximum length of command line arguments... 6291456
checking how to convert x86_64-unknown-linux-gnu file names to x86_64-unknown-linux-gnu format... func_convert_file_noop
checking how to convert x86_64-unknown-linux-gnu file names to toolchain format... func_convert_file_noop
checking for /usr/bin/ld option to reload object files... -r
checking for objdump... objdump
checking how to recognize dependent libraries... pass_all
checking for dlltool... no
checking how to associate runtime and link libraries... printf %s\n
checking for archiver @FILE support... @
checking for strip... strip
checking for ranlib... ranlib
checking command to parse /usr/bin/nm -B output from /sources/automake-1.16.1/t/ccnoco-lt.dir/compile /sources/automake-1.16.1/t/ax/cc-no-c-o object... ok
checking for sysroot... no
checking for a working dd... /bin/dd
checking how to truncate binary pipes... /bin/dd bs=4096 count=1
checking for mt... no
checking if : is a manifest tool... no
checking how to run the C preprocessor... /sources/automake-1.16.1/t/ccnoco-lt.dir/compile /sources/automake-1.16.1/t/ax/cc-no-c-o -E
checking for ANSI C header files... yes
checking for sys/types.h... yes
checking for sys/stat.h... yes
checking for stdlib.h... yes
checking for string.h... yes
checking for memory.h... yes
checking for strings.h... yes
checking for inttypes.h... yes
checking for stdint.h... yes
checking for unistd.h... yes
checking for dlfcn.h... yes
checking for objdir... .libs
checking if /sources/automake-1.16.1/t/ccnoco-lt.dir/compile /sources/automake-1.16.1/t/ax/cc-no-c-o supports -fno-rtti -fno-exceptions... no
checking for /sources/automake-1.16.1/t/ccnoco-lt.dir/compile /sources/automake-1.16.1/t/ax/cc-no-c-o option to produce PIC... -fPIC -DPIC
checking if /sources/automake-1.16.1/t/ccnoco-lt.dir/compile /sources/automake-1.16.1/t/ax/cc-no-c-o PIC flag -fPIC -DPIC works... yes
checking if /sources/automake-1.16.1/t/ccnoco-lt.dir/compile /sources/automake-1.16.1/t/ax/cc-no-c-o static flag -static works... yes
checking if /sources/automake-1.16.1/t/ccnoco-lt.dir/compile /sources/automake-1.16.1/t/ax/cc-no-c-o supports -c -o file.o... yes
checking if /sources/automake-1.16.1/t/ccnoco-lt.dir/compile /sources/automake-1.16.1/t/ax/cc-no-c-o supports -c -o file.o... (cached) yes
checking whether the /sources/automake-1.16.1/t/ccnoco-lt.dir/compile /sources/automake-1.16.1/t/ax/cc-no-c-o linker (/usr/bin/ld -m elf_x86_64) supports shared libraries... yes
checking whether -lc should be explicitly linked in... no
checking dynamic linker characteristics... GNU/Linux ld.so
checking how to hardcode library paths into programs... immediate
checking whether stripping libraries is possible... yes
checking if libtool supports shared libraries... yes
checking whether to build shared libraries... yes
checking whether to build static libraries... yes
cc (GCC) 8.2.0
Copyright (C) 2018 Free Software Foundation, Inc.
This is free software; see the source for copying conditions.  There is NO
warranty; not even for MERCHANTABILITY or FITNESS FOR A PARTICULAR PURPOSE.

Using built-in specs.
COLLECT_GCC=cc
COLLECT_LTO_WRAPPER=/usr/libexec/gcc/x86_64-pc-linux-gnu/8.2.0/lto-wrapper
Target: x86_64-pc-linux-gnu
Configured with: ../configure --prefix=/usr --enable-languages=c,c++ --disable-multilib --disable-bootstrap --disable-libmpx --with-system-zlib
Thread model: posix
gcc version 8.2.0 (GCC) 
checking that generated files are newer than configure... done
configure: creating ./config.status
config.status: creating Makefile
config.status: executing depfiles commands
config.status: executing libtool commands
make[1]: Entering directory '/sources/automake-1.16.1/t/ccnoco-lt.dir/ccnoco-lt-1.0/_build/sub'
/bin/sh ./libtool  --tag=CC   --mode=compile /sources/automake-1.16.1/t/ccnoco-lt.dir/compile /sources/automake-1.16.1/t/ax/cc-no-c-o -DPACKAGE_NAME=\"ccnoco-lt\" -DPACKAGE_TARNAME=\"ccnoco-lt\" -DPACKAGE_VERSION=\"1.0\" -DPACKAGE_STRING=\"ccnoco-lt\ 1.0\" -DPACKAGE_BUGREPORT=\"\" -DPACKAGE_URL=\"\" -DPACKAGE=\"ccnoco-lt\" -DVERSION=\"1.0\" -DSTDC_HEADERS=1 -DHAVE_SYS_TYPES_H=1 -DHAVE_SYS_STAT_H=1 -DHAVE_STDLIB_H=1 -DHAVE_STRING_H=1 -DHAVE_MEMORY_H=1 -DHAVE_STRINGS_H=1 -DHAVE_INTTYPES_H=1 -DHAVE_STDINT_H=1 -DHAVE_UNISTD_H=1 -DHAVE_DLFCN_H=1 -DLT_OBJDIR=\".libs/\" -I. -I../..     -g -O2 -MT libwish.lo -MD -MP -MF .deps/libwish.Tpo -c -o libwish.lo ../../libwish.c
libtool: compile:  /sources/automake-1.16.1/t/ccnoco-lt.dir/compile /sources/automake-1.16.1/t/ax/cc-no-c-o -DPACKAGE_NAME=\"ccnoco-lt\" -DPACKAGE_TARNAME=\"ccnoco-lt\" -DPACKAGE_VERSION=\"1.0\" "-DPACKAGE_STRING=\"ccnoco-lt 1.0\"" -DPACKAGE_BUGREPORT=\"\" -DPACKAGE_URL=\"\" -DPACKAGE=\"ccnoco-lt\" -DVERSION=\"1.0\" -DSTDC_HEADERS=1 -DHAVE_SYS_TYPES_H=1 -DHAVE_SYS_STAT_H=1 -DHAVE_STDLIB_H=1 -DHAVE_STRING_H=1 -DHAVE_MEMORY_H=1 -DHAVE_STRINGS_H=1 -DHAVE_INTTYPES_H=1 -DHAVE_STDINT_H=1 -DHAVE_UNISTD_H=1 -DHAVE_DLFCN_H=1 -DLT_OBJDIR=\".libs/\" -I. -I../.. -g -O2 -MT libwish.lo -MD -MP -MF .deps/libwish.Tpo -c ../../libwish.c  -fPIC -DPIC -o .libs/libwish.o
libtool: compile:  /sources/automake-1.16.1/t/ccnoco-lt.dir/compile /sources/automake-1.16.1/t/ax/cc-no-c-o -DPACKAGE_NAME=\"ccnoco-lt\" -DPACKAGE_TARNAME=\"ccnoco-lt\" -DPACKAGE_VERSION=\"1.0\" "-DPACKAGE_STRING=\"ccnoco-lt 1.0\"" -DPACKAGE_BUGREPORT=\"\" -DPACKAGE_URL=\"\" -DPACKAGE=\"ccnoco-lt\" -DVERSION=\"1.0\" -DSTDC_HEADERS=1 -DHAVE_SYS_TYPES_H=1 -DHAVE_SYS_STAT_H=1 -DHAVE_STDLIB_H=1 -DHAVE_STRING_H=1 -DHAVE_MEMORY_H=1 -DHAVE_STRINGS_H=1 -DHAVE_INTTYPES_H=1 -DHAVE_STDINT_H=1 -DHAVE_UNISTD_H=1 -DHAVE_DLFCN_H=1 -DLT_OBJDIR=\".libs/\" -I. -I../.. -g -O2 -MT libwish.lo -MD -MP -MF .deps/libwish.Tpo -c ../../libwish.c -o libwish.o >/dev/null 2>&1
mv -f .deps/libwish.Tpo .deps/libwish.Plo
/bin/sh ./libtool  --tag=CC   --mode=link /sources/automake-1.16.1/t/ccnoco-lt.dir/compile /sources/automake-1.16.1/t/ax/cc-no-c-o  -g -O2   -o libwish.la -rpath /sources/automake-1.16.1/t/ccnoco-lt.dir/ccnoco-lt-1.0/_inst/lib libwish.lo  
libtool: link: /sources/automake-1.16.1/t/ccnoco-lt.dir/compile /sources/automake-1.16.1/t/ax/cc-no-c-o -shared  -fPIC -DPIC  .libs/libwish.o    -g -O2   -Wl,-soname -Wl,libwish.so.0 -o .libs/libwish.so.0.0.0
libtool: link: (cd ".libs" && rm -f "libwish.so.0" && ln -s "libwish.so.0.0.0" "libwish.so.0")
libtool: link: (cd ".libs" && rm -f "libwish.so" && ln -s "libwish.so.0.0.0" "libwish.so")
libtool: link: ar cru .libs/libwish.a  libwish.o
libtool: link: ranlib .libs/libwish.a
libtool: link: ( cd ".libs" && rm -f "libwish.la" && ln -s "../libwish.la" "libwish.la" )
make[1]: Leaving directory '/sources/automake-1.16.1/t/ccnoco-lt.dir/ccnoco-lt-1.0/_build/sub'
make[1]: Entering directory '/sources/automake-1.16.1/t/ccnoco-lt.dir/ccnoco-lt-1.0/_build/sub'
make[1]: Nothing to be done for 'dvi'.
make[1]: Leaving directory '/sources/automake-1.16.1/t/ccnoco-lt.dir/ccnoco-lt-1.0/_build/sub'
make[1]: Entering directory '/sources/automake-1.16.1/t/ccnoco-lt.dir/ccnoco-lt-1.0/_build/sub'
make[1]: Nothing to be done for 'check'.
make[1]: Leaving directory '/sources/automake-1.16.1/t/ccnoco-lt.dir/ccnoco-lt-1.0/_build/sub'
make[1]: Entering directory '/sources/automake-1.16.1/t/ccnoco-lt.dir/ccnoco-lt-1.0/_build/sub'
make[2]: Entering directory '/sources/automake-1.16.1/t/ccnoco-lt.dir/ccnoco-lt-1.0/_build/sub'
 /tools/bin/mkdir -p '/sources/automake-1.16.1/t/ccnoco-lt.dir/ccnoco-lt-1.0/_inst/lib'
 /bin/sh ./libtool   --mode=install /usr/bin/install -c   libwish.la '/sources/automake-1.16.1/t/ccnoco-lt.dir/ccnoco-lt-1.0/_inst/lib'
libtool: install: /usr/bin/install -c .libs/libwish.so.0.0.0 /sources/automake-1.16.1/t/ccnoco-lt.dir/ccnoco-lt-1.0/_inst/lib/libwish.so.0.0.0
libtool: install: (cd /sources/automake-1.16.1/t/ccnoco-lt.dir/ccnoco-lt-1.0/_inst/lib && { ln -s -f libwish.so.0.0.0 libwish.so.0 || { rm -f libwish.so.0 && ln -s libwish.so.0.0.0 libwish.so.0; }; })
libtool: install: (cd /sources/automake-1.16.1/t/ccnoco-lt.dir/ccnoco-lt-1.0/_inst/lib && { ln -s -f libwish.so.0.0.0 libwish.so || { rm -f libwish.so && ln -s libwish.so.0.0.0 libwish.so; }; })
libtool: install: /usr/bin/install -c .libs/libwish.lai /sources/automake-1.16.1/t/ccnoco-lt.dir/ccnoco-lt-1.0/_inst/lib/libwish.la
libtool: install: /usr/bin/install -c .libs/libwish.a /sources/automake-1.16.1/t/ccnoco-lt.dir/ccnoco-lt-1.0/_inst/lib/libwish.a
libtool: install: chmod 644 /sources/automake-1.16.1/t/ccnoco-lt.dir/ccnoco-lt-1.0/_inst/lib/libwish.a
libtool: install: ranlib /sources/automake-1.16.1/t/ccnoco-lt.dir/ccnoco-lt-1.0/_inst/lib/libwish.a
libtool: finish: PATH="/sources/automake-1.16.1/bin:/sources/automake-1.16.1/t/ax:/bin:/usr/bin:/sbin:/usr/sbin:/tools/bin:/sbin" ldconfig -n /sources/automake-1.16.1/t/ccnoco-lt.dir/ccnoco-lt-1.0/_inst/lib
----------------------------------------------------------------------
Libraries have been installed in:
   /sources/automake-1.16.1/t/ccnoco-lt.dir/ccnoco-lt-1.0/_inst/lib

If you ever happen to want to link against installed libraries
in a given directory, LIBDIR, you must either use libtool, and
specify the full pathname of the library, or use the '-LLIBDIR'
flag during linking and do at least one of the following:
   - add LIBDIR to the 'LD_LIBRARY_PATH' environment variable
     during execution
   - add LIBDIR to the 'LD_RUN_PATH' environment variable
     during linking
   - use the '-Wl,-rpath -Wl,LIBDIR' linker flag
   - have your system administrator add LIBDIR to '/etc/ld.so.conf'

See any operating system documentation about shared libraries for
more information, such as the ld(1) and ld.so(8) manual pages.
----------------------------------------------------------------------
make[2]: Nothing to be done for 'install-data-am'.
make[2]: Leaving directory '/sources/automake-1.16.1/t/ccnoco-lt.dir/ccnoco-lt-1.0/_build/sub'
make[1]: Leaving directory '/sources/automake-1.16.1/t/ccnoco-lt.dir/ccnoco-lt-1.0/_build/sub'
make[1]: Entering directory '/sources/automake-1.16.1/t/ccnoco-lt.dir/ccnoco-lt-1.0/_build/sub'
make[1]: Nothing to be done for 'installcheck'.
make[1]: Leaving directory '/sources/automake-1.16.1/t/ccnoco-lt.dir/ccnoco-lt-1.0/_build/sub'
make[1]: Entering directory '/sources/automake-1.16.1/t/ccnoco-lt.dir/ccnoco-lt-1.0/_build/sub'
 /bin/sh ./libtool   --mode=uninstall rm -f '/sources/automake-1.16.1/t/ccnoco-lt.dir/ccnoco-lt-1.0/_inst/lib/libwish.la'
libtool: uninstall: rm -f /sources/automake-1.16.1/t/ccnoco-lt.dir/ccnoco-lt-1.0/_inst/lib/libwish.la /sources/automake-1.16.1/t/ccnoco-lt.dir/ccnoco-lt-1.0/_inst/lib/libwish.so.0.0.0 /sources/automake-1.16.1/t/ccnoco-lt.dir/ccnoco-lt-1.0/_inst/lib/libwish.so.0 /sources/automake-1.16.1/t/ccnoco-lt.dir/ccnoco-lt-1.0/_inst/lib/libwish.so /sources/automake-1.16.1/t/ccnoco-lt.dir/ccnoco-lt-1.0/_inst/lib/libwish.a
make[1]: Leaving directory '/sources/automake-1.16.1/t/ccnoco-lt.dir/ccnoco-lt-1.0/_build/sub'
make[1]: Entering directory '/sources/automake-1.16.1/t/ccnoco-lt.dir/ccnoco-lt-1.0/_build/sub'
make[1]: Leaving directory '/sources/automake-1.16.1/t/ccnoco-lt.dir/ccnoco-lt-1.0/_build/sub'
make[1]: Entering directory '/sources/automake-1.16.1/t/ccnoco-lt.dir/ccnoco-lt-1.0/_build/sub'
make[2]: Entering directory '/sources/automake-1.16.1/t/ccnoco-lt.dir/ccnoco-lt-1.0/_build/sub'
 /tools/bin/mkdir -p '/tmp/am-dc-1834//sources/automake-1.16.1/t/ccnoco-lt.dir/ccnoco-lt-1.0/_inst/lib'
 /bin/sh ./libtool   --mode=install /usr/bin/install -c   libwish.la '/tmp/am-dc-1834//sources/automake-1.16.1/t/ccnoco-lt.dir/ccnoco-lt-1.0/_inst/lib'
libtool: install: /usr/bin/install -c .libs/libwish.so.0.0.0 /tmp/am-dc-1834//sources/automake-1.16.1/t/ccnoco-lt.dir/ccnoco-lt-1.0/_inst/lib/libwish.so.0.0.0
libtool: install: (cd /tmp/am-dc-1834//sources/automake-1.16.1/t/ccnoco-lt.dir/ccnoco-lt-1.0/_inst/lib && { ln -s -f libwish.so.0.0.0 libwish.so.0 || { rm -f libwish.so.0 && ln -s libwish.so.0.0.0 libwish.so.0; }; })
libtool: install: (cd /tmp/am-dc-1834//sources/automake-1.16.1/t/ccnoco-lt.dir/ccnoco-lt-1.0/_inst/lib && { ln -s -f libwish.so.0.0.0 libwish.so || { rm -f libwish.so && ln -s libwish.so.0.0.0 libwish.so; }; })
libtool: install: /usr/bin/install -c .libs/libwish.lai /tmp/am-dc-1834//sources/automake-1.16.1/t/ccnoco-lt.dir/ccnoco-lt-1.0/_inst/lib/libwish.la
libtool: install: /usr/bin/install -c .libs/libwish.a /tmp/am-dc-1834//sources/automake-1.16.1/t/ccnoco-lt.dir/ccnoco-lt-1.0/_inst/lib/libwish.a
libtool: install: chmod 644 /tmp/am-dc-1834//sources/automake-1.16.1/t/ccnoco-lt.dir/ccnoco-lt-1.0/_inst/lib/libwish.a
libtool: install: ranlib /tmp/am-dc-1834//sources/automake-1.16.1/t/ccnoco-lt.dir/ccnoco-lt-1.0/_inst/lib/libwish.a
libtool: warning: remember to run 'libtool --finish /sources/automake-1.16.1/t/ccnoco-lt.dir/ccnoco-lt-1.0/_inst/lib'
make[2]: Nothing to be done for 'install-data-am'.
make[2]: Leaving directory '/sources/automake-1.16.1/t/ccnoco-lt.dir/ccnoco-lt-1.0/_build/sub'
make[1]: Leaving directory '/sources/automake-1.16.1/t/ccnoco-lt.dir/ccnoco-lt-1.0/_build/sub'
make[1]: Entering directory '/sources/automake-1.16.1/t/ccnoco-lt.dir/ccnoco-lt-1.0/_build/sub'
 /bin/sh ./libtool   --mode=uninstall rm -f '/tmp/am-dc-1834//sources/automake-1.16.1/t/ccnoco-lt.dir/ccnoco-lt-1.0/_inst/lib/libwish.la'
libtool: uninstall: rm -f /tmp/am-dc-1834//sources/automake-1.16.1/t/ccnoco-lt.dir/ccnoco-lt-1.0/_inst/lib/libwish.la /tmp/am-dc-1834//sources/automake-1.16.1/t/ccnoco-lt.dir/ccnoco-lt-1.0/_inst/lib/libwish.so.0.0.0 /tmp/am-dc-1834//sources/automake-1.16.1/t/ccnoco-lt.dir/ccnoco-lt-1.0/_inst/lib/libwish.so.0 /tmp/am-dc-1834//sources/automake-1.16.1/t/ccnoco-lt.dir/ccnoco-lt-1.0/_inst/lib/libwish.so /tmp/am-dc-1834//sources/automake-1.16.1/t/ccnoco-lt.dir/ccnoco-lt-1.0/_inst/lib/libwish.a
make[1]: Leaving directory '/sources/automake-1.16.1/t/ccnoco-lt.dir/ccnoco-lt-1.0/_build/sub'
make[1]: Entering directory '/sources/automake-1.16.1/t/ccnoco-lt.dir/ccnoco-lt-1.0/_build/sub'
make[1]: Leaving directory '/sources/automake-1.16.1/t/ccnoco-lt.dir/ccnoco-lt-1.0/_build/sub'
make[1]: Entering directory '/sources/automake-1.16.1/t/ccnoco-lt.dir/ccnoco-lt-1.0/_build/sub'
make  dist-gzip am__post_remove_distdir='@:'
make[2]: Entering directory '/sources/automake-1.16.1/t/ccnoco-lt.dir/ccnoco-lt-1.0/_build/sub'
make  distdir-am
make[3]: Entering directory '/sources/automake-1.16.1/t/ccnoco-lt.dir/ccnoco-lt-1.0/_build/sub'
if test -d "ccnoco-lt-1.0"; then find "ccnoco-lt-1.0" -type d ! -perm -200 -exec chmod u+w {} ';' && rm -rf "ccnoco-lt-1.0" || { sleep 5 && rm -rf "ccnoco-lt-1.0"; }; else :; fi
test -d "ccnoco-lt-1.0" || mkdir "ccnoco-lt-1.0"
test -n "" \
|| find "ccnoco-lt-1.0" -type d ! -perm -755 \
	-exec chmod u+rwx,go+rx {} \; -o \
  ! -type d ! -perm -444 -links 1 -exec chmod a+r {} \; -o \
  ! -type d ! -perm -400 -exec chmod a+r {} \; -o \
  ! -type d ! -perm -444 -exec /bin/sh /sources/automake-1.16.1/t/ccnoco-lt.dir/ccnoco-lt-1.0/install-sh -c -m a+r {} {} \; \
|| chmod -R a+r "ccnoco-lt-1.0"
make[3]: Leaving directory '/sources/automake-1.16.1/t/ccnoco-lt.dir/ccnoco-lt-1.0/_build/sub'
tardir=ccnoco-lt-1.0 && ${TAR-tar} chof - "$tardir" | eval GZIP= gzip --best -c >ccnoco-lt-1.0.tar.gz
make[2]: Leaving directory '/sources/automake-1.16.1/t/ccnoco-lt.dir/ccnoco-lt-1.0/_build/sub'
if test -d "ccnoco-lt-1.0"; then find "ccnoco-lt-1.0" -type d ! -perm -200 -exec chmod u+w {} ';' && rm -rf "ccnoco-lt-1.0" || { sleep 5 && rm -rf "ccnoco-lt-1.0"; }; else :; fi
make[1]: Leaving directory '/sources/automake-1.16.1/t/ccnoco-lt.dir/ccnoco-lt-1.0/_build/sub'
make[1]: Entering directory '/sources/automake-1.16.1/t/ccnoco-lt.dir/ccnoco-lt-1.0/_build/sub'
test -z "libwish.la" || rm -f libwish.la
rm -f ./so_locations
rm -rf .libs _libs
rm -f *.o
rm -f *.lo
rm -f *.tab.c
test -z "" || rm -f 
test . = "../.." || test -z "" || rm -f 
rm -f libtool config.lt
rm -f TAGS ID GTAGS GRTAGS GSYMS GPATH tags
rm -f cscope.out cscope.in.out cscope.po.out cscope.files
rm -f config.status config.cache config.log configure.lineno config.status.lineno
rm -f ./.deps/libwish.Plo
rm -f Makefile
make[1]: Leaving directory '/sources/automake-1.16.1/t/ccnoco-lt.dir/ccnoco-lt-1.0/_build/sub'
if test -d "ccnoco-lt-1.0"; then find "ccnoco-lt-1.0" -type d ! -perm -200 -exec chmod u+w {} ';' && rm -rf "ccnoco-lt-1.0" || { sleep 5 && rm -rf "ccnoco-lt-1.0"; }; else :; fi
===============================================
ccnoco-lt-1.0 archives ready for distribution: 
ccnoco-lt-1.0.tar.gz
===============================================
+ :
+ am_exit_trap 0
+ exit_status=0
+ set +e
+ cd /sources/automake-1.16.1
+ test none = tap
+ case $am_explicit_skips in
+ test 0 -eq 0
+ am_keeping_testdirs
+ case $keep_testdirs in
+ return 1
+ rm_rf_ t/ccnoco-lt.dir
+ test 1 -gt 0
+ /usr/bin/perl /sources/automake-1.16.1/t/ax/deltree.pl t/ccnoco-lt.dir
+ set +x
PASS t/ccnoco-lt.sh (exit status: 0)
