Running from installcheck: no
Test Protocol: none
PATH = /sources/automake-1.16.1/bin:/sources/automake-1.16.1/t/ax:/bin:/usr/bin:/sbin:/usr/sbin:/tools/bin
++ pwd
/sources/automake-1.16.1/t/ccnoco.dir
+ cat
+ cat
+ cat
+ CC=/sources/automake-1.16.1/t/ax/cc-no-c-o
+ export CC
+ aclocal-1.16 -Werror
+ autoconf -Wall -Werror
+ automake-1.16 --foreign -Werror -Wall --copy --add-missing
+ for vpath in : false
+ :
+ srcdir=..
+ mkdir build
+ cd build
+ ../configure
Using built-in specs.
COLLECT_GCC=cc
COLLECT_LTO_WRAPPER=/usr/libexec/gcc/x86_64-pc-linux-gnu/8.2.0/lto-wrapper
Target: x86_64-pc-linux-gnu
Configured with: ../configure --prefix=/usr --enable-languages=c,c++ --disable-multilib --disable-bootstrap --disable-libmpx --with-system-zlib
Thread model: posix
gcc version 8.2.0 (GCC) 
+ cat stdout
checking for a BSD-compatible install... /usr/bin/install -c
checking whether build environment is sane... yes
checking for a thread-safe mkdir -p... /tools/bin/mkdir -p
checking for gawk... gawk
checking whether make sets $(MAKE)... yes
checking whether make supports nested variables... yes
checking for gcc... /sources/automake-1.16.1/t/ax/cc-no-c-o
checking whether the C compiler works... yes
checking for C compiler default output file name... a.out
checking for suffix of executables... 
checking whether we are cross compiling... no
checking for suffix of object files... o
checking whether we are using the GNU C compiler... yes
checking whether /sources/automake-1.16.1/t/ax/cc-no-c-o accepts -g... yes
checking for /sources/automake-1.16.1/t/ax/cc-no-c-o option to accept ISO C89... none needed
checking whether /sources/automake-1.16.1/t/ax/cc-no-c-o understands -c and -o together... no
checking whether make supports the include directive... yes (GNU style)
checking dependency style of /sources/automake-1.16.1/t/ccnoco.dir/compile /sources/automake-1.16.1/t/ax/cc-no-c-o... gcc3
cc (GCC) 8.2.0
Copyright (C) 2018 Free Software Foundation, Inc.
This is free software; see the source for copying conditions.  There is NO
warranty; not even for MERCHANTABILITY or FITNESS FOR A PARTICULAR PURPOSE.

checking that generated files are newer than configure... done
configure: creating ./config.status
config.status: creating Makefile
config.status: executing depfiles commands
+ /bin/grep -E 'understands? -c and -o together.* no$' stdout
checking whether /sources/automake-1.16.1/t/ax/cc-no-c-o understands -c and -o together... no
++ grep -c '.*-c['\''" ].*-o['\''" ]' stdout
+ test 1 -eq 1
+ make
/sources/automake-1.16.1/t/ccnoco.dir/compile /sources/automake-1.16.1/t/ax/cc-no-c-o -DPACKAGE_NAME=\"ccnoco\" -DPACKAGE_TARNAME=\"ccnoco\" -DPACKAGE_VERSION=\"1.0\" -DPACKAGE_STRING=\"ccnoco\ 1.0\" -DPACKAGE_BUGREPORT=\"\" -DPACKAGE_URL=\"\" -DPACKAGE=\"ccnoco\" -DVERSION=\"1.0\" -I. -I..    -g -g -O2 -MT wish-a.o -MD -MP -MF .deps/wish-a.Tpo -c -o wish-a.o `test -f 'a.c' || echo '../'`a.c
mv -f .deps/wish-a.Tpo .deps/wish-a.Po
/sources/automake-1.16.1/t/ccnoco.dir/compile /sources/automake-1.16.1/t/ax/cc-no-c-o -g -g -O2   -o wish wish-a.o  
+ cd ..
+ for vpath in : false
+ false
+ srcdir=.
+ ./configure
Using built-in specs.
COLLECT_GCC=cc
COLLECT_LTO_WRAPPER=/usr/libexec/gcc/x86_64-pc-linux-gnu/8.2.0/lto-wrapper
Target: x86_64-pc-linux-gnu
Configured with: ../configure --prefix=/usr --enable-languages=c,c++ --disable-multilib --disable-bootstrap --disable-libmpx --with-system-zlib
Thread model: posix
gcc version 8.2.0 (GCC) 
+ cat stdout
checking for a BSD-compatible install... /usr/bin/install -c
checking whether build environment is sane... yes
checking for a thread-safe mkdir -p... /tools/bin/mkdir -p
checking for gawk... gawk
checking whether make sets $(MAKE)... yes
checking whether make supports nested variables... yes
checking for gcc... /sources/automake-1.16.1/t/ax/cc-no-c-o
checking whether the C compiler works... yes
checking for C compiler default output file name... a.out
checking for suffix of executables... 
checking whether we are cross compiling... no
checking for suffix of object files... o
checking whether we are using the GNU C compiler... yes
checking whether /sources/automake-1.16.1/t/ax/cc-no-c-o accepts -g... yes
checking for /sources/automake-1.16.1/t/ax/cc-no-c-o option to accept ISO C89... none needed
checking whether /sources/automake-1.16.1/t/ax/cc-no-c-o understands -c and -o together... no
checking whether make supports the include directive... yes (GNU style)
checking dependency style of /sources/automake-1.16.1/t/ccnoco.dir/compile /sources/automake-1.16.1/t/ax/cc-no-c-o... gcc3
cc (GCC) 8.2.0
Copyright (C) 2018 Free Software Foundation, Inc.
This is free software; see the source for copying conditions.  There is NO
warranty; not even for MERCHANTABILITY or FITNESS FOR A PARTICULAR PURPOSE.

checking that generated files are newer than configure... done
configure: creating ./config.status
config.status: creating Makefile
config.status: executing depfiles commands
+ /bin/grep -E 'understands? -c and -o together.* no$' stdout
checking whether /sources/automake-1.16.1/t/ax/cc-no-c-o understands -c and -o together... no
++ grep -c '.*-c['\''" ].*-o['\''" ]' stdout
+ test 1 -eq 1
+ make
/sources/automake-1.16.1/t/ccnoco.dir/compile /sources/automake-1.16.1/t/ax/cc-no-c-o -DPACKAGE_NAME=\"ccnoco\" -DPACKAGE_TARNAME=\"ccnoco\" -DPACKAGE_VERSION=\"1.0\" -DPACKAGE_STRING=\"ccnoco\ 1.0\" -DPACKAGE_BUGREPORT=\"\" -DPACKAGE_URL=\"\" -DPACKAGE=\"ccnoco\" -DVERSION=\"1.0\" -I.    -g -g -O2 -MT wish-a.o -MD -MP -MF .deps/wish-a.Tpo -c -o wish-a.o `test -f 'a.c' || echo './'`a.c
mv -f .deps/wish-a.Tpo .deps/wish-a.Po
/sources/automake-1.16.1/t/ccnoco.dir/compile /sources/automake-1.16.1/t/ax/cc-no-c-o -g -g -O2   -o wish wish-a.o  
+ cd .
+ make distcheck
make  dist-gzip am__post_remove_distdir='@:'
make[1]: Entering directory '/sources/automake-1.16.1/t/ccnoco.dir'
make  distdir-am
make[2]: Entering directory '/sources/automake-1.16.1/t/ccnoco.dir'
if test -d "ccnoco-1.0"; then find "ccnoco-1.0" -type d ! -perm -200 -exec chmod u+w {} ';' && rm -rf "ccnoco-1.0" || { sleep 5 && rm -rf "ccnoco-1.0"; }; else :; fi
test -d "ccnoco-1.0" || mkdir "ccnoco-1.0"
test -n "" \
|| find "ccnoco-1.0" -type d ! -perm -755 \
	-exec chmod u+rwx,go+rx {} \; -o \
  ! -type d ! -perm -444 -links 1 -exec chmod a+r {} \; -o \
  ! -type d ! -perm -400 -exec chmod a+r {} \; -o \
  ! -type d ! -perm -444 -exec /bin/sh /sources/automake-1.16.1/t/ccnoco.dir/install-sh -c -m a+r {} {} \; \
|| chmod -R a+r "ccnoco-1.0"
make[2]: Leaving directory '/sources/automake-1.16.1/t/ccnoco.dir'
tardir=ccnoco-1.0 && ${TAR-tar} chof - "$tardir" | eval GZIP= gzip --best -c >ccnoco-1.0.tar.gz
make[1]: Leaving directory '/sources/automake-1.16.1/t/ccnoco.dir'
if test -d "ccnoco-1.0"; then find "ccnoco-1.0" -type d ! -perm -200 -exec chmod u+w {} ';' && rm -rf "ccnoco-1.0" || { sleep 5 && rm -rf "ccnoco-1.0"; }; else :; fi
case 'ccnoco-1.0.tar.gz' in \
*.tar.gz*) \
  eval GZIP= gzip --best -dc ccnoco-1.0.tar.gz | ${TAR-tar} xf - ;;\
*.tar.bz2*) \
  bzip2 -dc ccnoco-1.0.tar.bz2 | ${TAR-tar} xf - ;;\
*.tar.lz*) \
  lzip -dc ccnoco-1.0.tar.lz | ${TAR-tar} xf - ;;\
*.tar.xz*) \
  xz -dc ccnoco-1.0.tar.xz | ${TAR-tar} xf - ;;\
*.tar.Z*) \
  uncompress -c ccnoco-1.0.tar.Z | ${TAR-tar} xf - ;;\
*.shar.gz*) \
  eval GZIP= gzip --best -dc ccnoco-1.0.shar.gz | unshar ;;\
*.zip*) \
  unzip ccnoco-1.0.zip ;;\
esac
chmod -R a-w ccnoco-1.0
chmod u+w ccnoco-1.0
mkdir ccnoco-1.0/_build ccnoco-1.0/_build/sub ccnoco-1.0/_inst
chmod a-w ccnoco-1.0
test -d ccnoco-1.0/_build || exit 0; \
dc_install_base=`CDPATH="${ZSH_VERSION+.}:" && cd ccnoco-1.0/_inst && pwd | sed -e 's,^[^:\\/]:[\\/],/,'` \
  && dc_destdir="${TMPDIR-/tmp}/am-dc-$$/" \
  && am__cwd=`pwd` \
  && CDPATH="${ZSH_VERSION+.}:" && cd ccnoco-1.0/_build/sub \
  && ../../configure \
     \
     \
    --srcdir=../.. --prefix="$dc_install_base" \
  && make  \
  && make  dvi \
  && make  check \
  && make  install \
  && make  installcheck \
  && make  uninstall \
  && make  distuninstallcheck_dir="$dc_install_base" \
        distuninstallcheck \
  && chmod -R a-w "$dc_install_base" \
  && ({ \
       (cd ../.. && umask 077 && mkdir "$dc_destdir") \
       && make  DESTDIR="$dc_destdir" install \
       && make  DESTDIR="$dc_destdir" uninstall \
       && make  DESTDIR="$dc_destdir" \
            distuninstallcheck_dir="$dc_destdir" distuninstallcheck; \
      } || { rm -rf "$dc_destdir"; exit 1; }) \
  && rm -rf "$dc_destdir" \
  && make  dist \
  && rm -rf ccnoco-1.0.tar.gz \
  && make  distcleancheck \
  && cd "$am__cwd" \
  || exit 1
checking for a BSD-compatible install... /usr/bin/install -c
checking whether build environment is sane... yes
checking for a thread-safe mkdir -p... /tools/bin/mkdir -p
checking for gawk... gawk
checking whether make sets $(MAKE)... yes
checking whether make supports nested variables... yes
checking for gcc... /sources/automake-1.16.1/t/ccnoco.dir/compile /sources/automake-1.16.1/t/ax/cc-no-c-o
checking whether the C compiler works... yes
checking for C compiler default output file name... a.out
checking for suffix of executables... 
checking whether we are cross compiling... no
checking for suffix of object files... o
checking whether we are using the GNU C compiler... yes
checking whether /sources/automake-1.16.1/t/ccnoco.dir/compile /sources/automake-1.16.1/t/ax/cc-no-c-o accepts -g... yes
checking for /sources/automake-1.16.1/t/ccnoco.dir/compile /sources/automake-1.16.1/t/ax/cc-no-c-o option to accept ISO C89... none needed
checking whether /sources/automake-1.16.1/t/ccnoco.dir/compile /sources/automake-1.16.1/t/ax/cc-no-c-o understands -c and -o together... yes
checking whether make supports the include directive... yes (GNU style)
checking dependency style of /sources/automake-1.16.1/t/ccnoco.dir/compile /sources/automake-1.16.1/t/ax/cc-no-c-o... gcc3
cc (GCC) 8.2.0
Copyright (C) 2018 Free Software Foundation, Inc.
This is free software; see the source for copying conditions.  There is NO
warranty; not even for MERCHANTABILITY or FITNESS FOR A PARTICULAR PURPOSE.

Using built-in specs.
COLLECT_GCC=cc
COLLECT_LTO_WRAPPER=/usr/libexec/gcc/x86_64-pc-linux-gnu/8.2.0/lto-wrapper
Target: x86_64-pc-linux-gnu
Configured with: ../configure --prefix=/usr --enable-languages=c,c++ --disable-multilib --disable-bootstrap --disable-libmpx --with-system-zlib
Thread model: posix
gcc version 8.2.0 (GCC) 
checking that generated files are newer than configure... done
configure: creating ./config.status
config.status: creating Makefile
config.status: executing depfiles commands
make[1]: Entering directory '/sources/automake-1.16.1/t/ccnoco.dir/ccnoco-1.0/_build/sub'
/sources/automake-1.16.1/t/ccnoco.dir/compile /sources/automake-1.16.1/t/ax/cc-no-c-o -DPACKAGE_NAME=\"ccnoco\" -DPACKAGE_TARNAME=\"ccnoco\" -DPACKAGE_VERSION=\"1.0\" -DPACKAGE_STRING=\"ccnoco\ 1.0\" -DPACKAGE_BUGREPORT=\"\" -DPACKAGE_URL=\"\" -DPACKAGE=\"ccnoco\" -DVERSION=\"1.0\" -I. -I../..    -g -g -O2 -MT wish-a.o -MD -MP -MF .deps/wish-a.Tpo -c -o wish-a.o `test -f 'a.c' || echo '../../'`a.c
mv -f .deps/wish-a.Tpo .deps/wish-a.Po
/sources/automake-1.16.1/t/ccnoco.dir/compile /sources/automake-1.16.1/t/ax/cc-no-c-o -g -g -O2   -o wish wish-a.o  
make[1]: Leaving directory '/sources/automake-1.16.1/t/ccnoco.dir/ccnoco-1.0/_build/sub'
make[1]: Entering directory '/sources/automake-1.16.1/t/ccnoco.dir/ccnoco-1.0/_build/sub'
make[1]: Nothing to be done for 'dvi'.
make[1]: Leaving directory '/sources/automake-1.16.1/t/ccnoco.dir/ccnoco-1.0/_build/sub'
make[1]: Entering directory '/sources/automake-1.16.1/t/ccnoco.dir/ccnoco-1.0/_build/sub'
make[1]: Nothing to be done for 'check'.
make[1]: Leaving directory '/sources/automake-1.16.1/t/ccnoco.dir/ccnoco-1.0/_build/sub'
make[1]: Entering directory '/sources/automake-1.16.1/t/ccnoco.dir/ccnoco-1.0/_build/sub'
make[2]: Entering directory '/sources/automake-1.16.1/t/ccnoco.dir/ccnoco-1.0/_build/sub'
 /tools/bin/mkdir -p '/sources/automake-1.16.1/t/ccnoco.dir/ccnoco-1.0/_inst/bin'
  /usr/bin/install -c wish '/sources/automake-1.16.1/t/ccnoco.dir/ccnoco-1.0/_inst/bin'
make[2]: Nothing to be done for 'install-data-am'.
make[2]: Leaving directory '/sources/automake-1.16.1/t/ccnoco.dir/ccnoco-1.0/_build/sub'
make[1]: Leaving directory '/sources/automake-1.16.1/t/ccnoco.dir/ccnoco-1.0/_build/sub'
make[1]: Entering directory '/sources/automake-1.16.1/t/ccnoco.dir/ccnoco-1.0/_build/sub'
make[1]: Nothing to be done for 'installcheck'.
make[1]: Leaving directory '/sources/automake-1.16.1/t/ccnoco.dir/ccnoco-1.0/_build/sub'
make[1]: Entering directory '/sources/automake-1.16.1/t/ccnoco.dir/ccnoco-1.0/_build/sub'
 ( cd '/sources/automake-1.16.1/t/ccnoco.dir/ccnoco-1.0/_inst/bin' && rm -f wish )
make[1]: Leaving directory '/sources/automake-1.16.1/t/ccnoco.dir/ccnoco-1.0/_build/sub'
make[1]: Entering directory '/sources/automake-1.16.1/t/ccnoco.dir/ccnoco-1.0/_build/sub'
make[1]: Leaving directory '/sources/automake-1.16.1/t/ccnoco.dir/ccnoco-1.0/_build/sub'
make[1]: Entering directory '/sources/automake-1.16.1/t/ccnoco.dir/ccnoco-1.0/_build/sub'
make[2]: Entering directory '/sources/automake-1.16.1/t/ccnoco.dir/ccnoco-1.0/_build/sub'
 /tools/bin/mkdir -p '/tmp/am-dc-66699//sources/automake-1.16.1/t/ccnoco.dir/ccnoco-1.0/_inst/bin'
  /usr/bin/install -c wish '/tmp/am-dc-66699//sources/automake-1.16.1/t/ccnoco.dir/ccnoco-1.0/_inst/bin'
make[2]: Nothing to be done for 'install-data-am'.
make[2]: Leaving directory '/sources/automake-1.16.1/t/ccnoco.dir/ccnoco-1.0/_build/sub'
make[1]: Leaving directory '/sources/automake-1.16.1/t/ccnoco.dir/ccnoco-1.0/_build/sub'
make[1]: Entering directory '/sources/automake-1.16.1/t/ccnoco.dir/ccnoco-1.0/_build/sub'
 ( cd '/tmp/am-dc-66699//sources/automake-1.16.1/t/ccnoco.dir/ccnoco-1.0/_inst/bin' && rm -f wish )
make[1]: Leaving directory '/sources/automake-1.16.1/t/ccnoco.dir/ccnoco-1.0/_build/sub'
make[1]: Entering directory '/sources/automake-1.16.1/t/ccnoco.dir/ccnoco-1.0/_build/sub'
make[1]: Leaving directory '/sources/automake-1.16.1/t/ccnoco.dir/ccnoco-1.0/_build/sub'
make[1]: Entering directory '/sources/automake-1.16.1/t/ccnoco.dir/ccnoco-1.0/_build/sub'
make  dist-gzip am__post_remove_distdir='@:'
make[2]: Entering directory '/sources/automake-1.16.1/t/ccnoco.dir/ccnoco-1.0/_build/sub'
make  distdir-am
make[3]: Entering directory '/sources/automake-1.16.1/t/ccnoco.dir/ccnoco-1.0/_build/sub'
if test -d "ccnoco-1.0"; then find "ccnoco-1.0" -type d ! -perm -200 -exec chmod u+w {} ';' && rm -rf "ccnoco-1.0" || { sleep 5 && rm -rf "ccnoco-1.0"; }; else :; fi
test -d "ccnoco-1.0" || mkdir "ccnoco-1.0"
test -n "" \
|| find "ccnoco-1.0" -type d ! -perm -755 \
	-exec chmod u+rwx,go+rx {} \; -o \
  ! -type d ! -perm -444 -links 1 -exec chmod a+r {} \; -o \
  ! -type d ! -perm -400 -exec chmod a+r {} \; -o \
  ! -type d ! -perm -444 -exec /bin/sh /sources/automake-1.16.1/t/ccnoco.dir/ccnoco-1.0/install-sh -c -m a+r {} {} \; \
|| chmod -R a+r "ccnoco-1.0"
make[3]: Leaving directory '/sources/automake-1.16.1/t/ccnoco.dir/ccnoco-1.0/_build/sub'
tardir=ccnoco-1.0 && ${TAR-tar} chof - "$tardir" | eval GZIP= gzip --best -c >ccnoco-1.0.tar.gz
make[2]: Leaving directory '/sources/automake-1.16.1/t/ccnoco.dir/ccnoco-1.0/_build/sub'
if test -d "ccnoco-1.0"; then find "ccnoco-1.0" -type d ! -perm -200 -exec chmod u+w {} ';' && rm -rf "ccnoco-1.0" || { sleep 5 && rm -rf "ccnoco-1.0"; }; else :; fi
make[1]: Leaving directory '/sources/automake-1.16.1/t/ccnoco.dir/ccnoco-1.0/_build/sub'
make[1]: Entering directory '/sources/automake-1.16.1/t/ccnoco.dir/ccnoco-1.0/_build/sub'
test -z "wish" || rm -f wish
rm -f *.o
rm -f *.tab.c
test -z "" || rm -f 
test . = "../.." || test -z "" || rm -f 
rm -f TAGS ID GTAGS GRTAGS GSYMS GPATH tags
rm -f cscope.out cscope.in.out cscope.po.out cscope.files
rm -f config.status config.cache config.log configure.lineno config.status.lineno
rm -f ./.deps/wish-a.Po
rm -f Makefile
make[1]: Leaving directory '/sources/automake-1.16.1/t/ccnoco.dir/ccnoco-1.0/_build/sub'
if test -d "ccnoco-1.0"; then find "ccnoco-1.0" -type d ! -perm -200 -exec chmod u+w {} ';' && rm -rf "ccnoco-1.0" || { sleep 5 && rm -rf "ccnoco-1.0"; }; else :; fi
============================================
ccnoco-1.0 archives ready for distribution: 
ccnoco-1.0.tar.gz
============================================
+ :
+ am_exit_trap 0
+ exit_status=0
+ set +e
+ cd /sources/automake-1.16.1
+ test none = tap
+ case $am_explicit_skips in
+ test 0 -eq 0
+ am_keeping_testdirs
+ case $keep_testdirs in
+ return 1
+ rm_rf_ t/ccnoco.dir
+ test 1 -gt 0
+ /usr/bin/perl /sources/automake-1.16.1/t/ax/deltree.pl t/ccnoco.dir
+ set +x
PASS t/ccnoco.sh (exit status: 0)
