Running from installcheck: no
Test Protocol: none
PATH = /sources/automake-1.16.1/bin:/sources/automake-1.16.1/t/ax:/bin:/usr/bin:/sbin:/usr/sbin:/tools/bin
++ pwd
/sources/automake-1.16.1/t/ccnoco3.dir
+ cat
+ cat
+ mkdir sub
+ cat
+ CC=/sources/automake-1.16.1/t/ax/cc-no-c-o
+ export CC
+ aclocal-1.16 -Werror
+ autoconf
+ automake-1.16 --foreign -Werror -Wall --copy --add-missing
+ mkdir build
+ cd build
+ ../configure
checking for a BSD-compatible install... /usr/bin/install -c
checking whether build environment is sane... yes
checking for a thread-safe mkdir -p... /tools/bin/mkdir -p
checking for gawk... gawk
checking whether make sets $(MAKE)... yes
checking whether make supports nested variables... yes
checking for gcc... /sources/automake-1.16.1/t/ax/cc-no-c-o
checking whether the C compiler works... yes
checking for C compiler default output file name... a.out
checking for suffix of executables... 
checking whether we are cross compiling... no
checking for suffix of object files... o
checking whether we are using the GNU C compiler... yes
checking whether /sources/automake-1.16.1/t/ax/cc-no-c-o accepts -g... yes
checking for /sources/automake-1.16.1/t/ax/cc-no-c-o option to accept ISO C89... none needed
checking whether /sources/automake-1.16.1/t/ax/cc-no-c-o understands -c and -o together... no
checking whether make supports the include directive... yes (GNU style)
checking dependency style of /sources/automake-1.16.1/t/ccnoco3.dir/compile /sources/automake-1.16.1/t/ax/cc-no-c-o... gcc3
cc (GCC) 8.2.0
Copyright (C) 2018 Free Software Foundation, Inc.
This is free software; see the source for copying conditions.  There is NO
warranty; not even for MERCHANTABILITY or FITNESS FOR A PARTICULAR PURPOSE.

Using built-in specs.
COLLECT_GCC=cc
COLLECT_LTO_WRAPPER=/usr/libexec/gcc/x86_64-pc-linux-gnu/8.2.0/lto-wrapper
Target: x86_64-pc-linux-gnu
Configured with: ../configure --prefix=/usr --enable-languages=c,c++ --disable-multilib --disable-bootstrap --disable-libmpx --with-system-zlib
Thread model: posix
gcc version 8.2.0 (GCC) 
checking that generated files are newer than configure... done
configure: creating ./config.status
config.status: creating Makefile
config.status: executing depfiles commands
+ run_make -E
+ am__make_redirect_stdout=no
+ am__make_redirect_stderr=no
+ am__make_redirect_stdall=no
+ am__make_flags=
+ am__make_rc_exp=0
+ am_make_rc=0
+ test 1 -gt 0
+ case $1 in
+ am__make_redirect_stderr=yes
+ shift
+ test 0 -gt 0
+ using_gmake
+ case $am__using_gmake in
+ make --version -v
+ grep GNU
GNU Make 4.2.1
License GPLv3+: GNU GPL version 3 or later <http://gnu.org/licenses/gpl.html>
+ am__using_gmake=yes
+ return 0
+ :
+ test x '!=' x
+ : exec make
+ set +x
depbase=`echo a.o | sed 's|[^/]*$|.deps/&|;s|\.o$||'`;\
/sources/automake-1.16.1/t/ccnoco3.dir/compile /sources/automake-1.16.1/t/ax/cc-no-c-o -DPACKAGE_NAME=\"ccnoco3\" -DPACKAGE_TARNAME=\"ccnoco3\" -DPACKAGE_VERSION=\"1.0\" -DPACKAGE_STRING=\"ccnoco3\ 1.0\" -DPACKAGE_BUGREPORT=\"\" -DPACKAGE_URL=\"\" -DPACKAGE=\"ccnoco3\" -DVERSION=\"1.0\" -I. -I..     -g -O2 -MT a.o -MD -MP -MF $depbase.Tpo -c -o a.o ../a.c &&\
mv -f $depbase.Tpo $depbase.Po
/sources/automake-1.16.1/t/ccnoco3.dir/compile /sources/automake-1.16.1/t/ax/cc-no-c-o  -g -O2   -o wish a.o  
+ test 0 -eq 253
+ test no = yes
+ test no = yes
+ test yes = yes
+ cat stderr
+ case $am__make_rc_exp in
+ test 0 -ge 0
+ test 0 -le 255
+ test 0 -eq 0
+ grep 'mv.*the same file' stderr
+ :
+ am_exit_trap 0
+ exit_status=0
+ set +e
+ cd /sources/automake-1.16.1
+ test none = tap
+ case $am_explicit_skips in
+ test 0 -eq 0
+ am_keeping_testdirs
+ case $keep_testdirs in
+ return 1
+ rm_rf_ t/ccnoco3.dir
+ test 1 -gt 0
+ /usr/bin/perl /sources/automake-1.16.1/t/ax/deltree.pl t/ccnoco3.dir
+ set +x
PASS t/ccnoco3.sh (exit status: 0)
