Running from installcheck: no
Test Protocol: none
PATH = /sources/automake-1.16.1/bin:/sources/automake-1.16.1/t/ax:/bin:/usr/bin:/sbin:/usr/sbin:/tools/bin
++ pwd
/sources/automake-1.16.1/t/check-exported-srcdir.dir
+ mkdir SrcDir
+ mv compile configure.ac depcomp install-sh missing SrcDir
+ mkdir BuildDir
+ cd SrcDir
+ cat
+ cat
+ cat
+ chmod a+x foo.test
+ aclocal-1.16 -Werror
+ autoconf
+ automake-1.16 --foreign -Werror -Wall -a
parallel-tests: installing './test-driver'
+ cd ../BuildDir
+ ../SrcDir/configure
checking for a BSD-compatible install... /usr/bin/install -c
checking whether build environment is sane... yes
checking for a thread-safe mkdir -p... /tools/bin/mkdir -p
checking for gawk... gawk
checking whether make sets $(MAKE)... yes
checking whether make supports nested variables... yes
checking that generated files are newer than configure... done
configure: creating ./config.status
config.status: creating Makefile
+ make check
make  check-TESTS
make[1]: Entering directory '/sources/automake-1.16.1/t/check-exported-srcdir.dir/BuildDir'
make[2]: Entering directory '/sources/automake-1.16.1/t/check-exported-srcdir.dir/BuildDir'
PASS: foo.test
============================================================================
Testsuite summary for check-exported-srcdir 1.0
============================================================================
# TOTAL: 1
# PASS:  1
# SKIP:  0
# XFAIL: 0
# FAIL:  0
# XPASS: 0
# ERROR: 0
============================================================================
make[2]: Leaving directory '/sources/automake-1.16.1/t/check-exported-srcdir.dir/BuildDir'
make[1]: Leaving directory '/sources/automake-1.16.1/t/check-exported-srcdir.dir/BuildDir'
+ show_info
+ test x '!=' xyes
+ cat foo.log
foo.test: srcdir='../SrcDir'
PASS foo.test (exit status: 0)
+ cat test-suite.log
=================================================
   check-exported-srcdir 1.0: ./test-suite.log
=================================================

# TOTAL: 1
# PASS:  1
# SKIP:  0
# XFAIL: 0
# FAIL:  0
# XPASS: 0
# ERROR: 0

.. contents:: :depth: 2

+ :
+ am_exit_trap 0
+ exit_status=0
+ set +e
+ cd /sources/automake-1.16.1
+ test none = tap
+ case $am_explicit_skips in
+ test 0 -eq 0
+ am_keeping_testdirs
+ case $keep_testdirs in
+ return 1
+ rm_rf_ t/check-exported-srcdir.dir
+ test 1 -gt 0
+ /usr/bin/perl /sources/automake-1.16.1/t/ax/deltree.pl t/check-exported-srcdir.dir
+ set +x
PASS t/check-exported-srcdir.sh (exit status: 0)
