./t/check7-w.sh: will source ./t/check7.sh
Running from installcheck: no
Test Protocol: none
PATH = /sources/automake-1.16.1/bin:/sources/automake-1.16.1/t/ax:/bin:/usr/bin:/sbin:/usr/sbin:/tools/bin
+++ pwd
/sources/automake-1.16.1/t/check7-w.dir
++ cat
++ cat
++ cat
++ chmod a+x b
++ cat
++ cp a.c c.c
++ cp a.c d.c
++ aclocal-1.16 -Werror
++ autoconf
++ automake-1.16 --foreign -Werror -Wall -a
++ ./configure
checking for a BSD-compatible install... /usr/bin/install -c
checking whether build environment is sane... yes
checking for a thread-safe mkdir -p... /tools/bin/mkdir -p
checking for gawk... gawk
checking whether make sets $(MAKE)... yes
checking whether make supports nested variables... yes
checking for gcc... cc
checking whether the C compiler works... yes
checking for C compiler default output file name... a.out
checking for suffix of executables... 
checking whether we are cross compiling... no
checking for suffix of object files... o
checking whether we are using the GNU C compiler... yes
checking whether cc accepts -g... yes
checking for cc option to accept ISO C89... none needed
checking whether cc understands -c and -o together... yes
checking whether make supports the include directive... yes (GNU style)
checking dependency style of cc... gcc3
checking that generated files are newer than configure... done
configure: creating ./config.status
config.status: creating Makefile
config.status: executing depfiles commands
++ make check
make  a c d b
make[1]: Entering directory '/sources/automake-1.16.1/t/check7-w.dir'
cc -DPACKAGE_NAME=\"check7-w\" -DPACKAGE_TARNAME=\"check7-w\" -DPACKAGE_VERSION=\"1.0\" -DPACKAGE_STRING=\"check7-w\ 1.0\" -DPACKAGE_BUGREPORT=\"\" -DPACKAGE_URL=\"\" -DPACKAGE=\"check7-w\" -DVERSION=\"1.0\" -I.     -g -O2 -MT a.o -MD -MP -MF .deps/a.Tpo -c -o a.o a.c
mv -f .deps/a.Tpo .deps/a.Po
cc  -g -O2   -o a a.o  
cc -DPACKAGE_NAME=\"check7-w\" -DPACKAGE_TARNAME=\"check7-w\" -DPACKAGE_VERSION=\"1.0\" -DPACKAGE_STRING=\"check7-w\ 1.0\" -DPACKAGE_BUGREPORT=\"\" -DPACKAGE_URL=\"\" -DPACKAGE=\"check7-w\" -DVERSION=\"1.0\" -I.     -g -O2 -MT c.o -MD -MP -MF .deps/c.Tpo -c -o c.o c.c
mv -f .deps/c.Tpo .deps/c.Po
cc  -g -O2   -o c c.o  
cc -DPACKAGE_NAME=\"check7-w\" -DPACKAGE_TARNAME=\"check7-w\" -DPACKAGE_VERSION=\"1.0\" -DPACKAGE_STRING=\"check7-w\ 1.0\" -DPACKAGE_BUGREPORT=\"\" -DPACKAGE_URL=\"\" -DPACKAGE=\"check7-w\" -DVERSION=\"1.0\" -I.     -g -O2 -MT d.o -MD -MP -MF .deps/d.Tpo -c -o d.o d.c
mv -f .deps/d.Tpo .deps/d.Po
cc  -g -O2   -o d d.o  
make[1]: Nothing to be done for 'b'.
make[1]: Leaving directory '/sources/automake-1.16.1/t/check7-w.dir'
make  check-TESTS
make[1]: Entering directory '/sources/automake-1.16.1/t/check7-w.dir'
XFAIL: a
XFAIL: b
XFAIL: c
XFAIL: d
=====================================================
All 4 tests behaved as expected (4 expected failures)
=====================================================
make[1]: Leaving directory '/sources/automake-1.16.1/t/check7-w.dir'
++ run_make expect-xfail-tests
++ am__make_redirect_stdout=no
++ am__make_redirect_stderr=no
++ am__make_redirect_stdall=no
++ am__make_flags=
++ am__make_rc_exp=0
++ am_make_rc=0
++ test 1 -gt 0
++ case $1 in
++ break
++ using_gmake
++ case $am__using_gmake in
++ make --version -v
++ grep GNU
GNU Make 4.2.1
License GPLv3+: GNU GPL version 3 or later <http://gnu.org/licenses/gpl.html>
++ am__using_gmake=yes
++ return 0
++ :
++ test x '!=' x
++ : exec make expect-xfail-tests
++ set +x
is a b c d == a b c d
++ test 0 -eq 253
++ test no = yes
++ test no = yes
++ test no = yes
++ case $am__make_rc_exp in
++ test 0 -ge 0
++ test 0 -le 255
++ test 0 -eq 0
++ run_make expect-xfail-tests EXEEXT=.bin
++ am__make_redirect_stdout=no
++ am__make_redirect_stderr=no
++ am__make_redirect_stdall=no
++ am__make_flags=
++ am__make_rc_exp=0
++ am_make_rc=0
++ test 2 -gt 0
++ case $1 in
++ break
++ using_gmake
++ case $am__using_gmake in
++ return 0
++ :
++ test x '!=' x
++ : exec make expect-xfail-tests EXEEXT=.bin
++ set +x
is a.bin b c.bin d.bin == a.bin b c.bin d.bin
++ test 0 -eq 253
++ test no = yes
++ test no = yes
++ test no = yes
++ case $am__make_rc_exp in
++ test 0 -ge 0
++ test 0 -le 255
++ test 0 -eq 0
++ make distcheck
make  dist-gzip am__post_remove_distdir='@:'
make[1]: Entering directory '/sources/automake-1.16.1/t/check7-w.dir'
make  distdir-am
make[2]: Entering directory '/sources/automake-1.16.1/t/check7-w.dir'
if test -d "check7-w-1.0"; then find "check7-w-1.0" -type d ! -perm -200 -exec chmod u+w {} ';' && rm -rf "check7-w-1.0" || { sleep 5 && rm -rf "check7-w-1.0"; }; else :; fi
test -d "check7-w-1.0" || mkdir "check7-w-1.0"
test -n "" \
|| find "check7-w-1.0" -type d ! -perm -755 \
	-exec chmod u+rwx,go+rx {} \; -o \
  ! -type d ! -perm -444 -links 1 -exec chmod a+r {} \; -o \
  ! -type d ! -perm -400 -exec chmod a+r {} \; -o \
  ! -type d ! -perm -444 -exec /bin/sh /sources/automake-1.16.1/t/check7-w.dir/install-sh -c -m a+r {} {} \; \
|| chmod -R a+r "check7-w-1.0"
make[2]: Leaving directory '/sources/automake-1.16.1/t/check7-w.dir'
tardir=check7-w-1.0 && ${TAR-tar} chof - "$tardir" | eval GZIP= gzip --best -c >check7-w-1.0.tar.gz
make[1]: Leaving directory '/sources/automake-1.16.1/t/check7-w.dir'
if test -d "check7-w-1.0"; then find "check7-w-1.0" -type d ! -perm -200 -exec chmod u+w {} ';' && rm -rf "check7-w-1.0" || { sleep 5 && rm -rf "check7-w-1.0"; }; else :; fi
case 'check7-w-1.0.tar.gz' in \
*.tar.gz*) \
  eval GZIP= gzip --best -dc check7-w-1.0.tar.gz | ${TAR-tar} xf - ;;\
*.tar.bz2*) \
  bzip2 -dc check7-w-1.0.tar.bz2 | ${TAR-tar} xf - ;;\
*.tar.lz*) \
  lzip -dc check7-w-1.0.tar.lz | ${TAR-tar} xf - ;;\
*.tar.xz*) \
  xz -dc check7-w-1.0.tar.xz | ${TAR-tar} xf - ;;\
*.tar.Z*) \
  uncompress -c check7-w-1.0.tar.Z | ${TAR-tar} xf - ;;\
*.shar.gz*) \
  eval GZIP= gzip --best -dc check7-w-1.0.shar.gz | unshar ;;\
*.zip*) \
  unzip check7-w-1.0.zip ;;\
esac
chmod -R a-w check7-w-1.0
chmod u+w check7-w-1.0
mkdir check7-w-1.0/_build check7-w-1.0/_build/sub check7-w-1.0/_inst
chmod a-w check7-w-1.0
test -d check7-w-1.0/_build || exit 0; \
dc_install_base=`CDPATH="${ZSH_VERSION+.}:" && cd check7-w-1.0/_inst && pwd | sed -e 's,^[^:\\/]:[\\/],/,'` \
  && dc_destdir="${TMPDIR-/tmp}/am-dc-$$/" \
  && am__cwd=`pwd` \
  && CDPATH="${ZSH_VERSION+.}:" && cd check7-w-1.0/_build/sub \
  && ../../configure \
     \
     \
    --srcdir=../.. --prefix="$dc_install_base" \
  && make  \
  && make  dvi \
  && make  check \
  && make  install \
  && make  installcheck \
  && make  uninstall \
  && make  distuninstallcheck_dir="$dc_install_base" \
        distuninstallcheck \
  && chmod -R a-w "$dc_install_base" \
  && ({ \
       (cd ../.. && umask 077 && mkdir "$dc_destdir") \
       && make  DESTDIR="$dc_destdir" install \
       && make  DESTDIR="$dc_destdir" uninstall \
       && make  DESTDIR="$dc_destdir" \
            distuninstallcheck_dir="$dc_destdir" distuninstallcheck; \
      } || { rm -rf "$dc_destdir"; exit 1; }) \
  && rm -rf "$dc_destdir" \
  && make  dist \
  && rm -rf check7-w-1.0.tar.gz \
  && make  distcleancheck \
  && cd "$am__cwd" \
  || exit 1
checking for a BSD-compatible install... /usr/bin/install -c
checking whether build environment is sane... yes
checking for a thread-safe mkdir -p... /tools/bin/mkdir -p
checking for gawk... gawk
checking whether make sets $(MAKE)... yes
checking whether make supports nested variables... yes
checking for gcc... cc
checking whether the C compiler works... yes
checking for C compiler default output file name... a.out
checking for suffix of executables... 
checking whether we are cross compiling... no
checking for suffix of object files... o
checking whether we are using the GNU C compiler... yes
checking whether cc accepts -g... yes
checking for cc option to accept ISO C89... none needed
checking whether cc understands -c and -o together... yes
checking whether make supports the include directive... yes (GNU style)
checking dependency style of cc... gcc3
checking that generated files are newer than configure... done
configure: creating ./config.status
config.status: creating Makefile
config.status: executing depfiles commands
make[1]: Entering directory '/sources/automake-1.16.1/t/check7-w.dir/check7-w-1.0/_build/sub'
make[1]: Nothing to be done for 'all'.
make[1]: Leaving directory '/sources/automake-1.16.1/t/check7-w.dir/check7-w-1.0/_build/sub'
make[1]: Entering directory '/sources/automake-1.16.1/t/check7-w.dir/check7-w-1.0/_build/sub'
make[1]: Nothing to be done for 'dvi'.
make[1]: Leaving directory '/sources/automake-1.16.1/t/check7-w.dir/check7-w-1.0/_build/sub'
make[1]: Entering directory '/sources/automake-1.16.1/t/check7-w.dir/check7-w-1.0/_build/sub'
make  a c d b
make[2]: Entering directory '/sources/automake-1.16.1/t/check7-w.dir/check7-w-1.0/_build/sub'
cc -DPACKAGE_NAME=\"check7-w\" -DPACKAGE_TARNAME=\"check7-w\" -DPACKAGE_VERSION=\"1.0\" -DPACKAGE_STRING=\"check7-w\ 1.0\" -DPACKAGE_BUGREPORT=\"\" -DPACKAGE_URL=\"\" -DPACKAGE=\"check7-w\" -DVERSION=\"1.0\" -I. -I../..     -g -O2 -MT a.o -MD -MP -MF .deps/a.Tpo -c -o a.o ../../a.c
mv -f .deps/a.Tpo .deps/a.Po
cc  -g -O2   -o a a.o  
cc -DPACKAGE_NAME=\"check7-w\" -DPACKAGE_TARNAME=\"check7-w\" -DPACKAGE_VERSION=\"1.0\" -DPACKAGE_STRING=\"check7-w\ 1.0\" -DPACKAGE_BUGREPORT=\"\" -DPACKAGE_URL=\"\" -DPACKAGE=\"check7-w\" -DVERSION=\"1.0\" -I. -I../..     -g -O2 -MT c.o -MD -MP -MF .deps/c.Tpo -c -o c.o ../../c.c
mv -f .deps/c.Tpo .deps/c.Po
cc  -g -O2   -o c c.o  
cc -DPACKAGE_NAME=\"check7-w\" -DPACKAGE_TARNAME=\"check7-w\" -DPACKAGE_VERSION=\"1.0\" -DPACKAGE_STRING=\"check7-w\ 1.0\" -DPACKAGE_BUGREPORT=\"\" -DPACKAGE_URL=\"\" -DPACKAGE=\"check7-w\" -DVERSION=\"1.0\" -I. -I../..     -g -O2 -MT d.o -MD -MP -MF .deps/d.Tpo -c -o d.o ../../d.c
mv -f .deps/d.Tpo .deps/d.Po
cc  -g -O2   -o d d.o  
make[2]: Nothing to be done for '../../b'.
make[2]: Leaving directory '/sources/automake-1.16.1/t/check7-w.dir/check7-w-1.0/_build/sub'
make  check-TESTS
make[2]: Entering directory '/sources/automake-1.16.1/t/check7-w.dir/check7-w-1.0/_build/sub'
XFAIL: a
XFAIL: b
XFAIL: c
XFAIL: d
=====================================================
All 4 tests behaved as expected (4 expected failures)
=====================================================
make[2]: Leaving directory '/sources/automake-1.16.1/t/check7-w.dir/check7-w-1.0/_build/sub'
make[1]: Leaving directory '/sources/automake-1.16.1/t/check7-w.dir/check7-w-1.0/_build/sub'
make[1]: Entering directory '/sources/automake-1.16.1/t/check7-w.dir/check7-w-1.0/_build/sub'
make[2]: Entering directory '/sources/automake-1.16.1/t/check7-w.dir/check7-w-1.0/_build/sub'
make[2]: Nothing to be done for 'install-exec-am'.
make[2]: Nothing to be done for 'install-data-am'.
make[2]: Leaving directory '/sources/automake-1.16.1/t/check7-w.dir/check7-w-1.0/_build/sub'
make[1]: Leaving directory '/sources/automake-1.16.1/t/check7-w.dir/check7-w-1.0/_build/sub'
make[1]: Entering directory '/sources/automake-1.16.1/t/check7-w.dir/check7-w-1.0/_build/sub'
make[1]: Nothing to be done for 'installcheck'.
make[1]: Leaving directory '/sources/automake-1.16.1/t/check7-w.dir/check7-w-1.0/_build/sub'
make[1]: Entering directory '/sources/automake-1.16.1/t/check7-w.dir/check7-w-1.0/_build/sub'
make[1]: Nothing to be done for 'uninstall'.
make[1]: Leaving directory '/sources/automake-1.16.1/t/check7-w.dir/check7-w-1.0/_build/sub'
make[1]: Entering directory '/sources/automake-1.16.1/t/check7-w.dir/check7-w-1.0/_build/sub'
make[1]: Leaving directory '/sources/automake-1.16.1/t/check7-w.dir/check7-w-1.0/_build/sub'
make[1]: Entering directory '/sources/automake-1.16.1/t/check7-w.dir/check7-w-1.0/_build/sub'
make[2]: Entering directory '/sources/automake-1.16.1/t/check7-w.dir/check7-w-1.0/_build/sub'
make[2]: Nothing to be done for 'install-exec-am'.
make[2]: Nothing to be done for 'install-data-am'.
make[2]: Leaving directory '/sources/automake-1.16.1/t/check7-w.dir/check7-w-1.0/_build/sub'
make[1]: Leaving directory '/sources/automake-1.16.1/t/check7-w.dir/check7-w-1.0/_build/sub'
make[1]: Entering directory '/sources/automake-1.16.1/t/check7-w.dir/check7-w-1.0/_build/sub'
make[1]: Nothing to be done for 'uninstall'.
make[1]: Leaving directory '/sources/automake-1.16.1/t/check7-w.dir/check7-w-1.0/_build/sub'
make[1]: Entering directory '/sources/automake-1.16.1/t/check7-w.dir/check7-w-1.0/_build/sub'
make[1]: Leaving directory '/sources/automake-1.16.1/t/check7-w.dir/check7-w-1.0/_build/sub'
make[1]: Entering directory '/sources/automake-1.16.1/t/check7-w.dir/check7-w-1.0/_build/sub'
make  dist-gzip am__post_remove_distdir='@:'
make[2]: Entering directory '/sources/automake-1.16.1/t/check7-w.dir/check7-w-1.0/_build/sub'
make  distdir-am
make[3]: Entering directory '/sources/automake-1.16.1/t/check7-w.dir/check7-w-1.0/_build/sub'
if test -d "check7-w-1.0"; then find "check7-w-1.0" -type d ! -perm -200 -exec chmod u+w {} ';' && rm -rf "check7-w-1.0" || { sleep 5 && rm -rf "check7-w-1.0"; }; else :; fi
test -d "check7-w-1.0" || mkdir "check7-w-1.0"
test -n "" \
|| find "check7-w-1.0" -type d ! -perm -755 \
	-exec chmod u+rwx,go+rx {} \; -o \
  ! -type d ! -perm -444 -links 1 -exec chmod a+r {} \; -o \
  ! -type d ! -perm -400 -exec chmod a+r {} \; -o \
  ! -type d ! -perm -444 -exec /bin/sh /sources/automake-1.16.1/t/check7-w.dir/check7-w-1.0/install-sh -c -m a+r {} {} \; \
|| chmod -R a+r "check7-w-1.0"
make[3]: Leaving directory '/sources/automake-1.16.1/t/check7-w.dir/check7-w-1.0/_build/sub'
tardir=check7-w-1.0 && ${TAR-tar} chof - "$tardir" | eval GZIP= gzip --best -c >check7-w-1.0.tar.gz
make[2]: Leaving directory '/sources/automake-1.16.1/t/check7-w.dir/check7-w-1.0/_build/sub'
if test -d "check7-w-1.0"; then find "check7-w-1.0" -type d ! -perm -200 -exec chmod u+w {} ';' && rm -rf "check7-w-1.0" || { sleep 5 && rm -rf "check7-w-1.0"; }; else :; fi
make[1]: Leaving directory '/sources/automake-1.16.1/t/check7-w.dir/check7-w-1.0/_build/sub'
make[1]: Entering directory '/sources/automake-1.16.1/t/check7-w.dir/check7-w-1.0/_build/sub'
test -z "a c d" || rm -f a c d
rm -f *.o
rm -f *.tab.c
test -z "" || rm -f 
test . = "../.." || test -z "" || rm -f 
rm -f TAGS ID GTAGS GRTAGS GSYMS GPATH tags
rm -f cscope.out cscope.in.out cscope.po.out cscope.files
rm -f config.status config.cache config.log configure.lineno config.status.lineno
rm -f ./.deps/a.Po
rm -f ./.deps/c.Po
rm -f ./.deps/d.Po
rm -f Makefile
make[1]: Leaving directory '/sources/automake-1.16.1/t/check7-w.dir/check7-w-1.0/_build/sub'
if test -d "check7-w-1.0"; then find "check7-w-1.0" -type d ! -perm -200 -exec chmod u+w {} ';' && rm -rf "check7-w-1.0" || { sleep 5 && rm -rf "check7-w-1.0"; }; else :; fi
==============================================
check7-w-1.0 archives ready for distribution: 
check7-w-1.0.tar.gz
==============================================
++ :
+ _am_exit 0
+ set +e
+ test 77 = 0
+ exit 0
+ exit 0
+ am_exit_trap 0
+ exit_status=0
+ set +e
+ cd /sources/automake-1.16.1
+ test none = tap
+ case $am_explicit_skips in
+ test 0 -eq 0
+ am_keeping_testdirs
+ case $keep_testdirs in
+ return 1
+ rm_rf_ t/check7-w.dir
+ test 1 -gt 0
+ /usr/bin/perl /sources/automake-1.16.1/t/ax/deltree.pl t/check7-w.dir
+ set +x
PASS t/check7-w.sh (exit status: 0)
