Running from installcheck: no
Test Protocol: none
PATH = /sources/automake-1.16.1/bin:/sources/automake-1.16.1/t/ax:/bin:/usr/bin:/sbin:/usr/sbin:/tools/bin
++ pwd
/sources/automake-1.16.1/t/check-subst-prog.dir
+ cat
+ cat
+ cat
+ cat
+ chmod a+x pass-script.test xfail-script.test
+ cp pass-script.test subst-pass-script.test
+ cp xfail-script.test subst-xfail-script.test
+ cat
+ cat
+ cp pass-prog.c subst-pass-prog.c
+ cp xfail-prog.c subst-xfail-prog.c
+ aclocal-1.16 -Werror
+ autoconf
+ automake-1.16 --foreign -Werror -Wall -a
parallel-tests: installing './test-driver'
+ ./configure
checking for a BSD-compatible install... /usr/bin/install -c
checking whether build environment is sane... yes
checking for a thread-safe mkdir -p... /tools/bin/mkdir -p
checking for gawk... gawk
checking whether make sets $(MAKE)... yes
checking whether make supports nested variables... yes
checking for gcc... cc
checking whether the C compiler works... yes
checking for C compiler default output file name... a.out
checking for suffix of executables... 
checking whether we are cross compiling... no
checking for suffix of object files... o
checking whether we are using the GNU C compiler... yes
checking whether cc accepts -g... yes
checking for cc option to accept ISO C89... none needed
checking whether cc understands -c and -o together... yes
checking whether make supports the include directive... yes (GNU style)
checking dependency style of cc... gcc3
checking that generated files are newer than configure... done
configure: creating ./config.status
config.status: creating Makefile
config.status: executing depfiles commands
+ make all
make: Nothing to be done for 'all'.
+ make check
make  pass-prog xfail-prog subst-pass-prog.test subst-xfail-prog.test
make[1]: Entering directory '/sources/automake-1.16.1/t/check-subst-prog.dir'
cc -DPACKAGE_NAME=\"check-subst-prog\" -DPACKAGE_TARNAME=\"check-subst-prog\" -DPACKAGE_VERSION=\"1.0\" -DPACKAGE_STRING=\"check-subst-prog\ 1.0\" -DPACKAGE_BUGREPORT=\"\" -DPACKAGE_URL=\"\" -DPACKAGE=\"check-subst-prog\" -DVERSION=\"1.0\" -I.     -g -O2 -MT pass-prog.o -MD -MP -MF .deps/pass-prog.Tpo -c -o pass-prog.o pass-prog.c
mv -f .deps/pass-prog.Tpo .deps/pass-prog.Po
cc  -g -O2   -o pass-prog pass-prog.o  
cc -DPACKAGE_NAME=\"check-subst-prog\" -DPACKAGE_TARNAME=\"check-subst-prog\" -DPACKAGE_VERSION=\"1.0\" -DPACKAGE_STRING=\"check-subst-prog\ 1.0\" -DPACKAGE_BUGREPORT=\"\" -DPACKAGE_URL=\"\" -DPACKAGE=\"check-subst-prog\" -DVERSION=\"1.0\" -I.     -g -O2 -MT xfail-prog.o -MD -MP -MF .deps/xfail-prog.Tpo -c -o xfail-prog.o xfail-prog.c
mv -f .deps/xfail-prog.Tpo .deps/xfail-prog.Po
cc  -g -O2   -o xfail-prog xfail-prog.o  
cc -DPACKAGE_NAME=\"check-subst-prog\" -DPACKAGE_TARNAME=\"check-subst-prog\" -DPACKAGE_VERSION=\"1.0\" -DPACKAGE_STRING=\"check-subst-prog\ 1.0\" -DPACKAGE_BUGREPORT=\"\" -DPACKAGE_URL=\"\" -DPACKAGE=\"check-subst-prog\" -DVERSION=\"1.0\" -I.     -g -O2 -MT subst-pass-prog.o -MD -MP -MF .deps/subst-pass-prog.Tpo -c -o subst-pass-prog.o subst-pass-prog.c
mv -f .deps/subst-pass-prog.Tpo .deps/subst-pass-prog.Po
cc  -g -O2   -o subst-pass-prog.test subst-pass-prog.o  
cc -DPACKAGE_NAME=\"check-subst-prog\" -DPACKAGE_TARNAME=\"check-subst-prog\" -DPACKAGE_VERSION=\"1.0\" -DPACKAGE_STRING=\"check-subst-prog\ 1.0\" -DPACKAGE_BUGREPORT=\"\" -DPACKAGE_URL=\"\" -DPACKAGE=\"check-subst-prog\" -DVERSION=\"1.0\" -I.     -g -O2 -MT subst-xfail-prog.o -MD -MP -MF .deps/subst-xfail-prog.Tpo -c -o subst-xfail-prog.o subst-xfail-prog.c
mv -f .deps/subst-xfail-prog.Tpo .deps/subst-xfail-prog.Po
cc  -g -O2   -o subst-xfail-prog.test subst-xfail-prog.o  
make[1]: Leaving directory '/sources/automake-1.16.1/t/check-subst-prog.dir'
make  check-TESTS
make[1]: Entering directory '/sources/automake-1.16.1/t/check-subst-prog.dir'
make[2]: Entering directory '/sources/automake-1.16.1/t/check-subst-prog.dir'
PASS: pass-script.test
XFAIL: xfail-script.test
PASS: subst-pass-script.test
XFAIL: subst-xfail-script.test
PASS: pass-prog
XFAIL: xfail-prog
PASS: subst-pass-prog.test
XFAIL: subst-xfail-prog.test
============================================================================
Testsuite summary for check-subst-prog 1.0
============================================================================
# TOTAL: 8
# PASS:  4
# SKIP:  0
# XFAIL: 4
# FAIL:  0
# XPASS: 0
# ERROR: 0
============================================================================
make[2]: Leaving directory '/sources/automake-1.16.1/t/check-subst-prog.dir'
make[1]: Leaving directory '/sources/automake-1.16.1/t/check-subst-prog.dir'
+ make distclean
test -z "pass-prog xfail-prog subst-pass-prog.test subst-xfail-prog.test" || rm -f pass-prog xfail-prog subst-pass-prog.test subst-xfail-prog.test
rm -f *.o
test -z "pass-script.log xfail-script.log subst-pass-script.log subst-xfail-script.log pass-prog.log xfail-prog.log subst-pass-prog.log subst-xfail-prog.log" || rm -f pass-script.log xfail-script.log subst-pass-script.log subst-xfail-script.log pass-prog.log xfail-prog.log subst-pass-prog.log subst-xfail-prog.log
test -z "pass-script.trs xfail-script.trs subst-pass-script.trs subst-xfail-script.trs pass-prog.trs xfail-prog.trs subst-pass-prog.trs subst-xfail-prog.trs" || rm -f pass-script.trs xfail-script.trs subst-pass-script.trs subst-xfail-script.trs pass-prog.trs xfail-prog.trs subst-pass-prog.trs subst-xfail-prog.trs
test -z "test-suite.log" || rm -f test-suite.log
rm -f *.tab.c
test -z "" || rm -f 
test . = "." || test -z "" || rm -f 
rm -f TAGS ID GTAGS GRTAGS GSYMS GPATH tags
rm -f cscope.out cscope.in.out cscope.po.out cscope.files
rm -f config.status config.cache config.log configure.lineno config.status.lineno
rm -f ./.deps/pass-prog.Po
rm -f ./.deps/subst-pass-prog.Po
rm -f ./.deps/subst-xfail-prog.Po
rm -f ./.deps/xfail-prog.Po
rm -f Makefile
+ mkdir build
+ cd build
+ ../configure
checking for a BSD-compatible install... /usr/bin/install -c
checking whether build environment is sane... yes
checking for a thread-safe mkdir -p... /tools/bin/mkdir -p
checking for gawk... gawk
checking whether make sets $(MAKE)... yes
checking whether make supports nested variables... yes
checking for gcc... cc
checking whether the C compiler works... yes
checking for C compiler default output file name... a.out
checking for suffix of executables... 
checking whether we are cross compiling... no
checking for suffix of object files... o
checking whether we are using the GNU C compiler... yes
checking whether cc accepts -g... yes
checking for cc option to accept ISO C89... none needed
checking whether cc understands -c and -o together... yes
checking whether make supports the include directive... yes (GNU style)
checking dependency style of cc... gcc3
checking that generated files are newer than configure... done
configure: creating ./config.status
config.status: creating Makefile
config.status: executing depfiles commands
+ make all
make: Nothing to be done for 'all'.
+ make check
make  pass-prog xfail-prog subst-pass-prog.test subst-xfail-prog.test
make[1]: Entering directory '/sources/automake-1.16.1/t/check-subst-prog.dir/build'
cc -DPACKAGE_NAME=\"check-subst-prog\" -DPACKAGE_TARNAME=\"check-subst-prog\" -DPACKAGE_VERSION=\"1.0\" -DPACKAGE_STRING=\"check-subst-prog\ 1.0\" -DPACKAGE_BUGREPORT=\"\" -DPACKAGE_URL=\"\" -DPACKAGE=\"check-subst-prog\" -DVERSION=\"1.0\" -I. -I..     -g -O2 -MT pass-prog.o -MD -MP -MF .deps/pass-prog.Tpo -c -o pass-prog.o ../pass-prog.c
mv -f .deps/pass-prog.Tpo .deps/pass-prog.Po
cc  -g -O2   -o pass-prog pass-prog.o  
cc -DPACKAGE_NAME=\"check-subst-prog\" -DPACKAGE_TARNAME=\"check-subst-prog\" -DPACKAGE_VERSION=\"1.0\" -DPACKAGE_STRING=\"check-subst-prog\ 1.0\" -DPACKAGE_BUGREPORT=\"\" -DPACKAGE_URL=\"\" -DPACKAGE=\"check-subst-prog\" -DVERSION=\"1.0\" -I. -I..     -g -O2 -MT xfail-prog.o -MD -MP -MF .deps/xfail-prog.Tpo -c -o xfail-prog.o ../xfail-prog.c
mv -f .deps/xfail-prog.Tpo .deps/xfail-prog.Po
cc  -g -O2   -o xfail-prog xfail-prog.o  
cc -DPACKAGE_NAME=\"check-subst-prog\" -DPACKAGE_TARNAME=\"check-subst-prog\" -DPACKAGE_VERSION=\"1.0\" -DPACKAGE_STRING=\"check-subst-prog\ 1.0\" -DPACKAGE_BUGREPORT=\"\" -DPACKAGE_URL=\"\" -DPACKAGE=\"check-subst-prog\" -DVERSION=\"1.0\" -I. -I..     -g -O2 -MT subst-pass-prog.o -MD -MP -MF .deps/subst-pass-prog.Tpo -c -o subst-pass-prog.o ../subst-pass-prog.c
mv -f .deps/subst-pass-prog.Tpo .deps/subst-pass-prog.Po
cc  -g -O2   -o subst-pass-prog.test subst-pass-prog.o  
cc -DPACKAGE_NAME=\"check-subst-prog\" -DPACKAGE_TARNAME=\"check-subst-prog\" -DPACKAGE_VERSION=\"1.0\" -DPACKAGE_STRING=\"check-subst-prog\ 1.0\" -DPACKAGE_BUGREPORT=\"\" -DPACKAGE_URL=\"\" -DPACKAGE=\"check-subst-prog\" -DVERSION=\"1.0\" -I. -I..     -g -O2 -MT subst-xfail-prog.o -MD -MP -MF .deps/subst-xfail-prog.Tpo -c -o subst-xfail-prog.o ../subst-xfail-prog.c
mv -f .deps/subst-xfail-prog.Tpo .deps/subst-xfail-prog.Po
cc  -g -O2   -o subst-xfail-prog.test subst-xfail-prog.o  
make[1]: Leaving directory '/sources/automake-1.16.1/t/check-subst-prog.dir/build'
make  check-TESTS
make[1]: Entering directory '/sources/automake-1.16.1/t/check-subst-prog.dir/build'
make[2]: Entering directory '/sources/automake-1.16.1/t/check-subst-prog.dir/build'
PASS: pass-script.test
XFAIL: xfail-script.test
PASS: subst-pass-script.test
XFAIL: subst-xfail-script.test
PASS: pass-prog
XFAIL: xfail-prog
PASS: subst-pass-prog.test
XFAIL: subst-xfail-prog.test
============================================================================
Testsuite summary for check-subst-prog 1.0
============================================================================
# TOTAL: 8
# PASS:  4
# SKIP:  0
# XFAIL: 4
# FAIL:  0
# XPASS: 0
# ERROR: 0
============================================================================
make[2]: Leaving directory '/sources/automake-1.16.1/t/check-subst-prog.dir/build'
make[1]: Leaving directory '/sources/automake-1.16.1/t/check-subst-prog.dir/build'
+ make distclean
test -z "pass-prog xfail-prog subst-pass-prog.test subst-xfail-prog.test" || rm -f pass-prog xfail-prog subst-pass-prog.test subst-xfail-prog.test
rm -f *.o
test -z "pass-script.log xfail-script.log subst-pass-script.log subst-xfail-script.log pass-prog.log xfail-prog.log subst-pass-prog.log subst-xfail-prog.log" || rm -f pass-script.log xfail-script.log subst-pass-script.log subst-xfail-script.log pass-prog.log xfail-prog.log subst-pass-prog.log subst-xfail-prog.log
test -z "pass-script.trs xfail-script.trs subst-pass-script.trs subst-xfail-script.trs pass-prog.trs xfail-prog.trs subst-pass-prog.trs subst-xfail-prog.trs" || rm -f pass-script.trs xfail-script.trs subst-pass-script.trs subst-xfail-script.trs pass-prog.trs xfail-prog.trs subst-pass-prog.trs subst-xfail-prog.trs
test -z "test-suite.log" || rm -f test-suite.log
rm -f *.tab.c
test -z "" || rm -f 
test . = ".." || test -z "" || rm -f 
rm -f TAGS ID GTAGS GRTAGS GSYMS GPATH tags
rm -f cscope.out cscope.in.out cscope.po.out cscope.files
rm -f config.status config.cache config.log configure.lineno config.status.lineno
rm -f ./.deps/pass-prog.Po
rm -f ./.deps/subst-pass-prog.Po
rm -f ./.deps/subst-xfail-prog.Po
rm -f ./.deps/xfail-prog.Po
rm -f Makefile
+ :
+ am_exit_trap 0
+ exit_status=0
+ set +e
+ cd /sources/automake-1.16.1
+ test none = tap
+ case $am_explicit_skips in
+ test 0 -eq 0
+ am_keeping_testdirs
+ case $keep_testdirs in
+ return 1
+ rm_rf_ t/check-subst-prog.dir
+ test 1 -gt 0
+ /usr/bin/perl /sources/automake-1.16.1/t/ax/deltree.pl t/check-subst-prog.dir
+ set +x
PASS t/check-subst-prog.sh (exit status: 0)
