./t/check6-w.sh: will source ./t/check6.sh
Running from installcheck: no
Test Protocol: none
PATH = /sources/automake-1.16.1/bin:/sources/automake-1.16.1/t/ax:/bin:/usr/bin:/sbin:/usr/sbin:/tools/bin
+++ pwd
/sources/automake-1.16.1/t/check6-w.dir
++ cat
++ cat
++ cat
++ cp a b
++ cp a c
++ chmod a+x a b c
++ aclocal-1.16 -Werror
++ autoconf
++ automake-1.16 --foreign -Werror -Wall -a
++ ./configure
checking for a BSD-compatible install... /usr/bin/install -c
checking whether build environment is sane... yes
checking for a thread-safe mkdir -p... /tools/bin/mkdir -p
checking for gawk... gawk
checking whether make sets $(MAKE)... yes
checking whether make supports nested variables... yes
checking that generated files are newer than configure... done
configure: creating ./config.status
config.status: creating Makefile
++ make check
make  check-TESTS
make[1]: Entering directory '/sources/automake-1.16.1/t/check6-w.dir'
XFAIL: a
XFAIL: b
XFAIL: c
=====================================================
All 3 tests behaved as expected (3 expected failures)
=====================================================
make[1]: Leaving directory '/sources/automake-1.16.1/t/check6-w.dir'
++ make distclean
test -z "" || rm -f 
test . = "." || test -z "" || rm -f 
rm -f config.status config.cache config.log configure.lineno config.status.lineno
rm -f Makefile
++ mkdir build
++ cd build
++ ../configure
checking for a BSD-compatible install... /usr/bin/install -c
checking whether build environment is sane... yes
checking for a thread-safe mkdir -p... /tools/bin/mkdir -p
checking for gawk... gawk
checking whether make sets $(MAKE)... yes
checking whether make supports nested variables... yes
checking that generated files are newer than configure... done
configure: creating ./config.status
config.status: creating Makefile
++ make check
make  check-TESTS
make[1]: Entering directory '/sources/automake-1.16.1/t/check6-w.dir/build'
XFAIL: a
XFAIL: b
XFAIL: c
=====================================================
All 3 tests behaved as expected (3 expected failures)
=====================================================
make[1]: Leaving directory '/sources/automake-1.16.1/t/check6-w.dir/build'
++ :
+ _am_exit 0
+ set +e
+ test 77 = 0
+ exit 0
+ exit 0
+ am_exit_trap 0
+ exit_status=0
+ set +e
+ cd /sources/automake-1.16.1
+ test none = tap
+ case $am_explicit_skips in
+ test 0 -eq 0
+ am_keeping_testdirs
+ case $keep_testdirs in
+ return 1
+ rm_rf_ t/check6-w.dir
+ test 1 -gt 0
+ /usr/bin/perl /sources/automake-1.16.1/t/ax/deltree.pl t/check6-w.dir
+ set +x
PASS t/check6-w.sh (exit status: 0)
