Running from installcheck: no
Test Protocol: none
PATH = /sources/automake-1.16.1/bin:/sources/automake-1.16.1/t/ax:/bin:/usr/bin:/sbin:/usr/sbin:/tools/bin
++ pwd
/sources/automake-1.16.1/t/colon2.dir
+ cat
+ cat
+ aclocal-1.16 -Werror
+ automake-1.16 --foreign -Werror -Wall
+ test -f zardoz.in
+ /bin/grep -F zardoz.am zardoz.in
# zardoz.in generated by automake 1.16.1 from zardoz.am.
DIST_COMMON = $(srcdir)/zardoz.am $(top_srcdir)/configure \
$(srcdir)/zardoz.in:  $(srcdir)/zardoz.am  $(am__configure_deps)
+ /bin/grep -F zardoz.in zardoz.in
# zardoz.in generated by automake 1.16.1 from zardoz.am.
am__DIST_COMMON = $(srcdir)/zardoz.in compile depcomp install-sh \
$(srcdir)/zardoz.in:  $(srcdir)/zardoz.am  $(am__configure_deps)
	echo ' cd $(top_srcdir) && $(AUTOMAKE) --foreign Makefile:zardoz.in'; \
	  $(AUTOMAKE) --foreign Makefile:zardoz.in
Makefile: $(srcdir)/zardoz.in $(top_builddir)/config.status
+ /bin/grep -F zardoz
+ sed -e 's|zardoz\.am|zrdz.am|g' -e 's|zardoz\.in|zrdz.in|g'
+ str='%% ZaR DoZ %%'
+ autoconf
+ ./configure
checking for a BSD-compatible install... /usr/bin/install -c
checking whether build environment is sane... yes
checking for a thread-safe mkdir -p... /tools/bin/mkdir -p
checking for gawk... gawk
checking whether make sets $(MAKE)... yes
checking whether make supports nested variables... yes
checking that generated files are newer than configure... done
configure: creating ./config.status
config.status: creating Makefile
+ test -f Makefile
+ make dummy
make: Nothing to be done for 'dummy'.
+ make -n zardoz
make: *** No rule to make target 'zardoz'.  Stop.
+ sleep 2
+ cat
+ make Makefile
 cd . && /bin/sh /sources/automake-1.16.1/t/colon2.dir/missing automake-1.16 --foreign Makefile:zardoz.in
 cd . && /bin/sh ./config.status Makefile 
config.status: creating Makefile
make: 'Makefile' is up to date.
+ make testam testin testmk
grep '%% ZaR DoZ %%' ./zardoz.am
	grep '%% ZaR DoZ %%' $(srcdir)/zardoz.am
	grep '%% ZaR DoZ %%' $(srcdir)/zardoz.in
	grep '%% ZaR DoZ %%' Makefile
grep '%% ZaR DoZ %%' ./zardoz.in
	grep '%% ZaR DoZ %%' $(srcdir)/zardoz.am
	grep '%% ZaR DoZ %%' $(srcdir)/zardoz.in
	grep '%% ZaR DoZ %%' Makefile
grep '%% ZaR DoZ %%' Makefile
	grep '%% ZaR DoZ %%' $(srcdir)/zardoz.am
	grep '%% ZaR DoZ %%' $(srcdir)/zardoz.in
	grep '%% ZaR DoZ %%' Makefile
+ make distcheck
make  dist-gzip am__post_remove_distdir='@:'
make[1]: Entering directory '/sources/automake-1.16.1/t/colon2.dir'
make  distdir-am
make[2]: Entering directory '/sources/automake-1.16.1/t/colon2.dir'
if test -d "colon2-1.0"; then find "colon2-1.0" -type d ! -perm -200 -exec chmod u+w {} ';' && rm -rf "colon2-1.0" || { sleep 5 && rm -rf "colon2-1.0"; }; else :; fi
test -d "colon2-1.0" || mkdir "colon2-1.0"
test -n "" \
|| find "colon2-1.0" -type d ! -perm -755 \
	-exec chmod u+rwx,go+rx {} \; -o \
  ! -type d ! -perm -444 -links 1 -exec chmod a+r {} \; -o \
  ! -type d ! -perm -400 -exec chmod a+r {} \; -o \
  ! -type d ! -perm -444 -exec /bin/sh /sources/automake-1.16.1/t/colon2.dir/install-sh -c -m a+r {} {} \; \
|| chmod -R a+r "colon2-1.0"
make[2]: Leaving directory '/sources/automake-1.16.1/t/colon2.dir'
tardir=colon2-1.0 && ${TAR-tar} chof - "$tardir" | eval GZIP= gzip --best -c >colon2-1.0.tar.gz
make[1]: Leaving directory '/sources/automake-1.16.1/t/colon2.dir'
if test -d "colon2-1.0"; then find "colon2-1.0" -type d ! -perm -200 -exec chmod u+w {} ';' && rm -rf "colon2-1.0" || { sleep 5 && rm -rf "colon2-1.0"; }; else :; fi
case 'colon2-1.0.tar.gz' in \
*.tar.gz*) \
  eval GZIP= gzip --best -dc colon2-1.0.tar.gz | ${TAR-tar} xf - ;;\
*.tar.bz2*) \
  bzip2 -dc colon2-1.0.tar.bz2 | ${TAR-tar} xf - ;;\
*.tar.lz*) \
  lzip -dc colon2-1.0.tar.lz | ${TAR-tar} xf - ;;\
*.tar.xz*) \
  xz -dc colon2-1.0.tar.xz | ${TAR-tar} xf - ;;\
*.tar.Z*) \
  uncompress -c colon2-1.0.tar.Z | ${TAR-tar} xf - ;;\
*.shar.gz*) \
  eval GZIP= gzip --best -dc colon2-1.0.shar.gz | unshar ;;\
*.zip*) \
  unzip colon2-1.0.zip ;;\
esac
chmod -R a-w colon2-1.0
chmod u+w colon2-1.0
mkdir colon2-1.0/_build colon2-1.0/_build/sub colon2-1.0/_inst
chmod a-w colon2-1.0
test -d colon2-1.0/_build || exit 0; \
dc_install_base=`CDPATH="${ZSH_VERSION+.}:" && cd colon2-1.0/_inst && pwd | sed -e 's,^[^:\\/]:[\\/],/,'` \
  && dc_destdir="${TMPDIR-/tmp}/am-dc-$$/" \
  && am__cwd=`pwd` \
  && CDPATH="${ZSH_VERSION+.}:" && cd colon2-1.0/_build/sub \
  && ../../configure \
     \
     \
    --srcdir=../.. --prefix="$dc_install_base" \
  && make  \
  && make  dvi \
  && make  check \
  && make  install \
  && make  installcheck \
  && make  uninstall \
  && make  distuninstallcheck_dir="$dc_install_base" \
        distuninstallcheck \
  && chmod -R a-w "$dc_install_base" \
  && ({ \
       (cd ../.. && umask 077 && mkdir "$dc_destdir") \
       && make  DESTDIR="$dc_destdir" install \
       && make  DESTDIR="$dc_destdir" uninstall \
       && make  DESTDIR="$dc_destdir" \
            distuninstallcheck_dir="$dc_destdir" distuninstallcheck; \
      } || { rm -rf "$dc_destdir"; exit 1; }) \
  && rm -rf "$dc_destdir" \
  && make  dist \
  && rm -rf colon2-1.0.tar.gz \
  && make  distcleancheck \
  && cd "$am__cwd" \
  || exit 1
checking for a BSD-compatible install... /usr/bin/install -c
checking whether build environment is sane... yes
checking for a thread-safe mkdir -p... /tools/bin/mkdir -p
checking for gawk... gawk
checking whether make sets $(MAKE)... yes
checking whether make supports nested variables... yes
checking that generated files are newer than configure... done
configure: creating ./config.status
config.status: creating Makefile
make[1]: Entering directory '/sources/automake-1.16.1/t/colon2.dir/colon2-1.0/_build/sub'
make[1]: Nothing to be done for 'all'.
make[1]: Leaving directory '/sources/automake-1.16.1/t/colon2.dir/colon2-1.0/_build/sub'
make[1]: Entering directory '/sources/automake-1.16.1/t/colon2.dir/colon2-1.0/_build/sub'
make[1]: Nothing to be done for 'dvi'.
make[1]: Leaving directory '/sources/automake-1.16.1/t/colon2.dir/colon2-1.0/_build/sub'
make[1]: Entering directory '/sources/automake-1.16.1/t/colon2.dir/colon2-1.0/_build/sub'
make  check-local
make[2]: Entering directory '/sources/automake-1.16.1/t/colon2.dir/colon2-1.0/_build/sub'
grep '%% ZaR DoZ %%' ../../zardoz.am
	grep '%% ZaR DoZ %%' $(srcdir)/zardoz.am
	grep '%% ZaR DoZ %%' $(srcdir)/zardoz.in
	grep '%% ZaR DoZ %%' Makefile
grep '%% ZaR DoZ %%' ../../zardoz.in
	grep '%% ZaR DoZ %%' $(srcdir)/zardoz.am
	grep '%% ZaR DoZ %%' $(srcdir)/zardoz.in
	grep '%% ZaR DoZ %%' Makefile
grep '%% ZaR DoZ %%' Makefile
	grep '%% ZaR DoZ %%' $(srcdir)/zardoz.am
	grep '%% ZaR DoZ %%' $(srcdir)/zardoz.in
	grep '%% ZaR DoZ %%' Makefile
make[2]: Leaving directory '/sources/automake-1.16.1/t/colon2.dir/colon2-1.0/_build/sub'
make[1]: Leaving directory '/sources/automake-1.16.1/t/colon2.dir/colon2-1.0/_build/sub'
make[1]: Entering directory '/sources/automake-1.16.1/t/colon2.dir/colon2-1.0/_build/sub'
make[2]: Entering directory '/sources/automake-1.16.1/t/colon2.dir/colon2-1.0/_build/sub'
make[2]: Nothing to be done for 'install-exec-am'.
make[2]: Nothing to be done for 'install-data-am'.
make[2]: Leaving directory '/sources/automake-1.16.1/t/colon2.dir/colon2-1.0/_build/sub'
make[1]: Leaving directory '/sources/automake-1.16.1/t/colon2.dir/colon2-1.0/_build/sub'
make[1]: Entering directory '/sources/automake-1.16.1/t/colon2.dir/colon2-1.0/_build/sub'
make[1]: Nothing to be done for 'installcheck'.
make[1]: Leaving directory '/sources/automake-1.16.1/t/colon2.dir/colon2-1.0/_build/sub'
make[1]: Entering directory '/sources/automake-1.16.1/t/colon2.dir/colon2-1.0/_build/sub'
make[1]: Nothing to be done for 'uninstall'.
make[1]: Leaving directory '/sources/automake-1.16.1/t/colon2.dir/colon2-1.0/_build/sub'
make[1]: Entering directory '/sources/automake-1.16.1/t/colon2.dir/colon2-1.0/_build/sub'
make[1]: Leaving directory '/sources/automake-1.16.1/t/colon2.dir/colon2-1.0/_build/sub'
make[1]: Entering directory '/sources/automake-1.16.1/t/colon2.dir/colon2-1.0/_build/sub'
make[2]: Entering directory '/sources/automake-1.16.1/t/colon2.dir/colon2-1.0/_build/sub'
make[2]: Nothing to be done for 'install-exec-am'.
make[2]: Nothing to be done for 'install-data-am'.
make[2]: Leaving directory '/sources/automake-1.16.1/t/colon2.dir/colon2-1.0/_build/sub'
make[1]: Leaving directory '/sources/automake-1.16.1/t/colon2.dir/colon2-1.0/_build/sub'
make[1]: Entering directory '/sources/automake-1.16.1/t/colon2.dir/colon2-1.0/_build/sub'
make[1]: Nothing to be done for 'uninstall'.
make[1]: Leaving directory '/sources/automake-1.16.1/t/colon2.dir/colon2-1.0/_build/sub'
make[1]: Entering directory '/sources/automake-1.16.1/t/colon2.dir/colon2-1.0/_build/sub'
make[1]: Leaving directory '/sources/automake-1.16.1/t/colon2.dir/colon2-1.0/_build/sub'
make[1]: Entering directory '/sources/automake-1.16.1/t/colon2.dir/colon2-1.0/_build/sub'
make  dist-gzip am__post_remove_distdir='@:'
make[2]: Entering directory '/sources/automake-1.16.1/t/colon2.dir/colon2-1.0/_build/sub'
make  distdir-am
make[3]: Entering directory '/sources/automake-1.16.1/t/colon2.dir/colon2-1.0/_build/sub'
if test -d "colon2-1.0"; then find "colon2-1.0" -type d ! -perm -200 -exec chmod u+w {} ';' && rm -rf "colon2-1.0" || { sleep 5 && rm -rf "colon2-1.0"; }; else :; fi
test -d "colon2-1.0" || mkdir "colon2-1.0"
test -n "" \
|| find "colon2-1.0" -type d ! -perm -755 \
	-exec chmod u+rwx,go+rx {} \; -o \
  ! -type d ! -perm -444 -links 1 -exec chmod a+r {} \; -o \
  ! -type d ! -perm -400 -exec chmod a+r {} \; -o \
  ! -type d ! -perm -444 -exec /bin/sh /sources/automake-1.16.1/t/colon2.dir/colon2-1.0/install-sh -c -m a+r {} {} \; \
|| chmod -R a+r "colon2-1.0"
make[3]: Leaving directory '/sources/automake-1.16.1/t/colon2.dir/colon2-1.0/_build/sub'
tardir=colon2-1.0 && ${TAR-tar} chof - "$tardir" | eval GZIP= gzip --best -c >colon2-1.0.tar.gz
make[2]: Leaving directory '/sources/automake-1.16.1/t/colon2.dir/colon2-1.0/_build/sub'
if test -d "colon2-1.0"; then find "colon2-1.0" -type d ! -perm -200 -exec chmod u+w {} ';' && rm -rf "colon2-1.0" || { sleep 5 && rm -rf "colon2-1.0"; }; else :; fi
make[1]: Leaving directory '/sources/automake-1.16.1/t/colon2.dir/colon2-1.0/_build/sub'
make[1]: Entering directory '/sources/automake-1.16.1/t/colon2.dir/colon2-1.0/_build/sub'
test -z "" || rm -f 
test . = "../.." || test -z "" || rm -f 
rm -f config.status config.cache config.log configure.lineno config.status.lineno
rm -f Makefile
make[1]: Leaving directory '/sources/automake-1.16.1/t/colon2.dir/colon2-1.0/_build/sub'
if test -d "colon2-1.0"; then find "colon2-1.0" -type d ! -perm -200 -exec chmod u+w {} ';' && rm -rf "colon2-1.0" || { sleep 5 && rm -rf "colon2-1.0"; }; else :; fi
============================================
colon2-1.0 archives ready for distribution: 
colon2-1.0.tar.gz
============================================
+ :
+ am_exit_trap 0
+ exit_status=0
+ set +e
+ cd /sources/automake-1.16.1
+ test none = tap
+ case $am_explicit_skips in
+ test 0 -eq 0
+ am_keeping_testdirs
+ case $keep_testdirs in
+ return 1
+ rm_rf_ t/colon2.dir
+ test 1 -gt 0
+ /usr/bin/perl /sources/automake-1.16.1/t/ax/deltree.pl t/colon2.dir
+ set +x
PASS t/colon2.sh (exit status: 0)
