Running from installcheck: no
Test Protocol: none
PATH = /sources/automake-1.16.1/bin:/sources/automake-1.16.1/t/ax:/bin:/usr/bin:/sbin:/usr/sbin:/tools/bin
++ pwd
/sources/automake-1.16.1/t/colon.dir
+ cat
+ :
+ cat
+ aclocal-1.16 -Werror
+ automake-1.16 --foreign -Werror -Wall
+ autoconf
+ ./configure
checking for a BSD-compatible install... /usr/bin/install -c
checking whether build environment is sane... yes
checking for a thread-safe mkdir -p... /tools/bin/mkdir -p
checking for gawk... gawk
checking whether make sets $(MAKE)... yes
checking whether make supports nested variables... yes
checking that generated files are newer than configure... done
configure: creating ./config.status
config.status: creating Makefile
config.status: creating foo.h
+ make test
make  distdir-am
make[1]: Entering directory '/sources/automake-1.16.1/t/colon.dir'
if test -d "colon-1.0"; then find "colon-1.0" -type d ! -perm -200 -exec chmod u+w {} ';' && rm -rf "colon-1.0" || { sleep 5 && rm -rf "colon-1.0"; }; else :; fi
test -d "colon-1.0" || mkdir "colon-1.0"
test -n "" \
|| find "colon-1.0" -type d ! -perm -755 \
	-exec chmod u+rwx,go+rx {} \; -o \
  ! -type d ! -perm -444 -links 1 -exec chmod a+r {} \; -o \
  ! -type d ! -perm -400 -exec chmod a+r {} \; -o \
  ! -type d ! -perm -444 -exec /bin/sh /sources/automake-1.16.1/t/colon.dir/install-sh -c -m a+r {} {} \; \
|| chmod -R a+r "colon-1.0"
make[1]: Leaving directory '/sources/automake-1.16.1/t/colon.dir'
ls -l . colon-1.0
.:
total 280
-rw-r--r-- 1 root root  17401 Nov 27 06:39 Makefile
-rw-r--r-- 1 root root     90 Nov 27 06:39 Makefile.am
-rw-r--r-- 1 root root  16986 Nov 27 06:39 Makefile.in
-rw-r--r-- 1 root root  27316 Nov 27 06:39 aclocal.m4
drwxr-xr-x 2 root root   4096 Nov 27 06:39 autom4te.cache
drwxr-xr-x 2 root root   4096 Nov 27 06:39 colon-1.0
-rwxr-xr-x 1 root root   7383 Nov 27 06:39 compile
-rw-r--r-- 1 root root   4858 Nov 27 06:39 config.log
-rwxr-xr-x 1 root root  25373 Nov 27 06:39 config.status
-rwxr-xr-x 1 root root 104147 Nov 27 06:39 configure
-rw-r--r-- 1 root root    112 Nov 27 06:39 configure.ac
-rwxr-xr-x 1 root root  23568 Nov 27 06:39 depcomp
-rw-r--r-- 1 root root      0 Nov 27 06:39 foo.h
-rw-r--r-- 1 root root      0 Nov 27 06:39 foo.hin
-rwxr-xr-x 1 root root  15368 Nov 27 06:39 install-sh
-rwxr-xr-x 1 root root   6878 Nov 27 06:39 missing

colon-1.0:
total 216
-rw-r--r-- 1 root root     90 Nov 27 06:39 Makefile.am
-rw-r--r-- 1 root root  16986 Nov 27 06:39 Makefile.in
-rw-r--r-- 1 root root  27316 Nov 27 06:39 aclocal.m4
-rwxr-xr-x 1 root root   7383 Nov 27 06:39 compile
-rwxr-xr-x 1 root root 104147 Nov 27 06:39 configure
-rw-r--r-- 1 root root    112 Nov 27 06:39 configure.ac
-rwxr-xr-x 1 root root  23568 Nov 27 06:39 depcomp
-rw-r--r-- 1 root root      0 Nov 27 06:39 foo.hin
-rwxr-xr-x 1 root root  15368 Nov 27 06:39 install-sh
-rwxr-xr-x 1 root root   6878 Nov 27 06:39 missing
test -f foo.h
test -f colon-1.0/foo.hin
+ make distcheck
make  dist-gzip am__post_remove_distdir='@:'
make[1]: Entering directory '/sources/automake-1.16.1/t/colon.dir'
make  distdir-am
make[2]: Entering directory '/sources/automake-1.16.1/t/colon.dir'
if test -d "colon-1.0"; then find "colon-1.0" -type d ! -perm -200 -exec chmod u+w {} ';' && rm -rf "colon-1.0" || { sleep 5 && rm -rf "colon-1.0"; }; else :; fi
test -d "colon-1.0" || mkdir "colon-1.0"
test -n "" \
|| find "colon-1.0" -type d ! -perm -755 \
	-exec chmod u+rwx,go+rx {} \; -o \
  ! -type d ! -perm -444 -links 1 -exec chmod a+r {} \; -o \
  ! -type d ! -perm -400 -exec chmod a+r {} \; -o \
  ! -type d ! -perm -444 -exec /bin/sh /sources/automake-1.16.1/t/colon.dir/install-sh -c -m a+r {} {} \; \
|| chmod -R a+r "colon-1.0"
make[2]: Leaving directory '/sources/automake-1.16.1/t/colon.dir'
tardir=colon-1.0 && ${TAR-tar} chof - "$tardir" | eval GZIP= gzip --best -c >colon-1.0.tar.gz
make[1]: Leaving directory '/sources/automake-1.16.1/t/colon.dir'
if test -d "colon-1.0"; then find "colon-1.0" -type d ! -perm -200 -exec chmod u+w {} ';' && rm -rf "colon-1.0" || { sleep 5 && rm -rf "colon-1.0"; }; else :; fi
case 'colon-1.0.tar.gz' in \
*.tar.gz*) \
  eval GZIP= gzip --best -dc colon-1.0.tar.gz | ${TAR-tar} xf - ;;\
*.tar.bz2*) \
  bzip2 -dc colon-1.0.tar.bz2 | ${TAR-tar} xf - ;;\
*.tar.lz*) \
  lzip -dc colon-1.0.tar.lz | ${TAR-tar} xf - ;;\
*.tar.xz*) \
  xz -dc colon-1.0.tar.xz | ${TAR-tar} xf - ;;\
*.tar.Z*) \
  uncompress -c colon-1.0.tar.Z | ${TAR-tar} xf - ;;\
*.shar.gz*) \
  eval GZIP= gzip --best -dc colon-1.0.shar.gz | unshar ;;\
*.zip*) \
  unzip colon-1.0.zip ;;\
esac
chmod -R a-w colon-1.0
chmod u+w colon-1.0
mkdir colon-1.0/_build colon-1.0/_build/sub colon-1.0/_inst
chmod a-w colon-1.0
test -d colon-1.0/_build || exit 0; \
dc_install_base=`CDPATH="${ZSH_VERSION+.}:" && cd colon-1.0/_inst && pwd | sed -e 's,^[^:\\/]:[\\/],/,'` \
  && dc_destdir="${TMPDIR-/tmp}/am-dc-$$/" \
  && am__cwd=`pwd` \
  && CDPATH="${ZSH_VERSION+.}:" && cd colon-1.0/_build/sub \
  && ../../configure \
     \
     \
    --srcdir=../.. --prefix="$dc_install_base" \
  && make  \
  && make  dvi \
  && make  check \
  && make  install \
  && make  installcheck \
  && make  uninstall \
  && make  distuninstallcheck_dir="$dc_install_base" \
        distuninstallcheck \
  && chmod -R a-w "$dc_install_base" \
  && ({ \
       (cd ../.. && umask 077 && mkdir "$dc_destdir") \
       && make  DESTDIR="$dc_destdir" install \
       && make  DESTDIR="$dc_destdir" uninstall \
       && make  DESTDIR="$dc_destdir" \
            distuninstallcheck_dir="$dc_destdir" distuninstallcheck; \
      } || { rm -rf "$dc_destdir"; exit 1; }) \
  && rm -rf "$dc_destdir" \
  && make  dist \
  && rm -rf colon-1.0.tar.gz \
  && make  distcleancheck \
  && cd "$am__cwd" \
  || exit 1
checking for a BSD-compatible install... /usr/bin/install -c
checking whether build environment is sane... yes
checking for a thread-safe mkdir -p... /tools/bin/mkdir -p
checking for gawk... gawk
checking whether make sets $(MAKE)... yes
checking whether make supports nested variables... yes
checking that generated files are newer than configure... done
configure: creating ./config.status
config.status: creating Makefile
config.status: creating foo.h
make[1]: Entering directory '/sources/automake-1.16.1/t/colon.dir/colon-1.0/_build/sub'
make[1]: Nothing to be done for 'all'.
make[1]: Leaving directory '/sources/automake-1.16.1/t/colon.dir/colon-1.0/_build/sub'
make[1]: Entering directory '/sources/automake-1.16.1/t/colon.dir/colon-1.0/_build/sub'
make[1]: Nothing to be done for 'dvi'.
make[1]: Leaving directory '/sources/automake-1.16.1/t/colon.dir/colon-1.0/_build/sub'
make[1]: Entering directory '/sources/automake-1.16.1/t/colon.dir/colon-1.0/_build/sub'
make[1]: Nothing to be done for 'check'.
make[1]: Leaving directory '/sources/automake-1.16.1/t/colon.dir/colon-1.0/_build/sub'
make[1]: Entering directory '/sources/automake-1.16.1/t/colon.dir/colon-1.0/_build/sub'
make[2]: Entering directory '/sources/automake-1.16.1/t/colon.dir/colon-1.0/_build/sub'
make[2]: Nothing to be done for 'install-exec-am'.
make[2]: Nothing to be done for 'install-data-am'.
make[2]: Leaving directory '/sources/automake-1.16.1/t/colon.dir/colon-1.0/_build/sub'
make[1]: Leaving directory '/sources/automake-1.16.1/t/colon.dir/colon-1.0/_build/sub'
make[1]: Entering directory '/sources/automake-1.16.1/t/colon.dir/colon-1.0/_build/sub'
make[1]: Nothing to be done for 'installcheck'.
make[1]: Leaving directory '/sources/automake-1.16.1/t/colon.dir/colon-1.0/_build/sub'
make[1]: Entering directory '/sources/automake-1.16.1/t/colon.dir/colon-1.0/_build/sub'
make[1]: Nothing to be done for 'uninstall'.
make[1]: Leaving directory '/sources/automake-1.16.1/t/colon.dir/colon-1.0/_build/sub'
make[1]: Entering directory '/sources/automake-1.16.1/t/colon.dir/colon-1.0/_build/sub'
make[1]: Leaving directory '/sources/automake-1.16.1/t/colon.dir/colon-1.0/_build/sub'
make[1]: Entering directory '/sources/automake-1.16.1/t/colon.dir/colon-1.0/_build/sub'
make[2]: Entering directory '/sources/automake-1.16.1/t/colon.dir/colon-1.0/_build/sub'
make[2]: Nothing to be done for 'install-exec-am'.
make[2]: Nothing to be done for 'install-data-am'.
make[2]: Leaving directory '/sources/automake-1.16.1/t/colon.dir/colon-1.0/_build/sub'
make[1]: Leaving directory '/sources/automake-1.16.1/t/colon.dir/colon-1.0/_build/sub'
make[1]: Entering directory '/sources/automake-1.16.1/t/colon.dir/colon-1.0/_build/sub'
make[1]: Nothing to be done for 'uninstall'.
make[1]: Leaving directory '/sources/automake-1.16.1/t/colon.dir/colon-1.0/_build/sub'
make[1]: Entering directory '/sources/automake-1.16.1/t/colon.dir/colon-1.0/_build/sub'
make[1]: Leaving directory '/sources/automake-1.16.1/t/colon.dir/colon-1.0/_build/sub'
make[1]: Entering directory '/sources/automake-1.16.1/t/colon.dir/colon-1.0/_build/sub'
make  dist-gzip am__post_remove_distdir='@:'
make[2]: Entering directory '/sources/automake-1.16.1/t/colon.dir/colon-1.0/_build/sub'
make  distdir-am
make[3]: Entering directory '/sources/automake-1.16.1/t/colon.dir/colon-1.0/_build/sub'
if test -d "colon-1.0"; then find "colon-1.0" -type d ! -perm -200 -exec chmod u+w {} ';' && rm -rf "colon-1.0" || { sleep 5 && rm -rf "colon-1.0"; }; else :; fi
test -d "colon-1.0" || mkdir "colon-1.0"
test -n "" \
|| find "colon-1.0" -type d ! -perm -755 \
	-exec chmod u+rwx,go+rx {} \; -o \
  ! -type d ! -perm -444 -links 1 -exec chmod a+r {} \; -o \
  ! -type d ! -perm -400 -exec chmod a+r {} \; -o \
  ! -type d ! -perm -444 -exec /bin/sh /sources/automake-1.16.1/t/colon.dir/colon-1.0/install-sh -c -m a+r {} {} \; \
|| chmod -R a+r "colon-1.0"
make[3]: Leaving directory '/sources/automake-1.16.1/t/colon.dir/colon-1.0/_build/sub'
tardir=colon-1.0 && ${TAR-tar} chof - "$tardir" | eval GZIP= gzip --best -c >colon-1.0.tar.gz
make[2]: Leaving directory '/sources/automake-1.16.1/t/colon.dir/colon-1.0/_build/sub'
if test -d "colon-1.0"; then find "colon-1.0" -type d ! -perm -200 -exec chmod u+w {} ';' && rm -rf "colon-1.0" || { sleep 5 && rm -rf "colon-1.0"; }; else :; fi
make[1]: Leaving directory '/sources/automake-1.16.1/t/colon.dir/colon-1.0/_build/sub'
make[1]: Entering directory '/sources/automake-1.16.1/t/colon.dir/colon-1.0/_build/sub'
test -z "foo.h" || rm -f foo.h
test . = "../.." || test -z "" || rm -f 
rm -f config.status config.cache config.log configure.lineno config.status.lineno
rm -f Makefile
make[1]: Leaving directory '/sources/automake-1.16.1/t/colon.dir/colon-1.0/_build/sub'
if test -d "colon-1.0"; then find "colon-1.0" -type d ! -perm -200 -exec chmod u+w {} ';' && rm -rf "colon-1.0" || { sleep 5 && rm -rf "colon-1.0"; }; else :; fi
===========================================
colon-1.0 archives ready for distribution: 
colon-1.0.tar.gz
===========================================
+ :
+ am_exit_trap 0
+ exit_status=0
+ set +e
+ cd /sources/automake-1.16.1
+ test none = tap
+ case $am_explicit_skips in
+ test 0 -eq 0
+ am_keeping_testdirs
+ case $keep_testdirs in
+ return 1
+ rm_rf_ t/colon.dir
+ test 1 -gt 0
+ /usr/bin/perl /sources/automake-1.16.1/t/ax/deltree.pl t/colon.dir
+ set +x
PASS t/colon.sh (exit status: 0)
