Running from installcheck: no
Test Protocol: none
PATH = /sources/automake-1.16.1/bin:/sources/automake-1.16.1/t/ax:/bin:/usr/bin:/sbin:/usr/sbin:/tools/bin
++ pwd
/sources/automake-1.16.1/t/comment5.dir
+ cat
+ cat
+ aclocal-1.16 -Werror
+ AUTOMAKE_fails
+ AUTOMAKE_run -e 1
+ am__desc=
+ am__exp_rc=0
+ test 2 -gt 0
+ case $1 in
+ am__exp_rc=1
+ shift
+ shift
+ test 0 -gt 0
+ am__got_rc=0
+ automake-1.16 --foreign -Werror -Wall
+ am__got_rc=1
+ cat stderr
Makefile.am:5: error: blank line following trailing backslash
+ cat stdout
+ test none = none
+ test 1 -eq 1
+ return
+ grep '^Makefile.am:5: error: blank line following trailing backslash' stderr
Makefile.am:5: error: blank line following trailing backslash
+ cat
+ AUTOMAKE_fails
+ AUTOMAKE_run -e 1
+ am__desc=
+ am__exp_rc=0
+ test 2 -gt 0
+ case $1 in
+ am__exp_rc=1
+ shift
+ shift
+ test 0 -gt 0
+ am__got_rc=0
+ automake-1.16 --foreign -Werror -Wall
+ am__got_rc=1
+ cat stderr
Makefile.am:2: error: blank line following trailing backslash
+ cat stdout
+ test none = none
+ test 1 -eq 1
+ return
+ grep '^Makefile.am:2: error: blank line following trailing backslash' stderr
Makefile.am:2: error: blank line following trailing backslash
+ echo 'include Makefile.inc'
+ cat
+ AUTOMAKE_fails
+ AUTOMAKE_run -e 1
+ am__desc=
+ am__exp_rc=0
+ test 2 -gt 0
+ case $1 in
+ am__exp_rc=1
+ shift
+ shift
+ test 0 -gt 0
+ am__got_rc=0
+ automake-1.16 --foreign -Werror -Wall
+ am__got_rc=1
+ cat stderr
Makefile.inc:2: error: blank line following trailing backslash
Makefile.am:1:   'Makefile.inc' included from here
+ cat stdout
+ test none = none
+ test 1 -eq 1
+ return
+ grep '^Makefile.inc:2: error: blank line following trailing backslash' stderr
Makefile.inc:2: error: blank line following trailing backslash
+ grep '^Makefile.am:1: .*included from here' stderr
Makefile.am:1:   'Makefile.inc' included from here
+ grep -v '^Makefile.am:1: .*error:' stderr
Makefile.inc:2: error: blank line following trailing backslash
Makefile.am:1:   'Makefile.inc' included from here
+ cat
+ automake-1.16 --foreign -Werror -Wall
+ am_exit_trap 0
+ exit_status=0
+ set +e
+ cd /sources/automake-1.16.1
+ test none = tap
+ case $am_explicit_skips in
+ test 0 -eq 0
+ am_keeping_testdirs
+ case $keep_testdirs in
+ return 1
+ rm_rf_ t/comment5.dir
+ test 1 -gt 0
+ /usr/bin/perl /sources/automake-1.16.1/t/ax/deltree.pl t/comment5.dir
+ set +x
PASS t/comment5.sh (exit status: 0)
