Running from installcheck: no
Test Protocol: none
PATH = /sources/automake-1.16.1/bin:/sources/automake-1.16.1/t/ax:/bin:/usr/bin:/sbin:/usr/sbin:/tools/bin
++ pwd
/sources/automake-1.16.1/t/comments-in-var-def.dir
+ cat
+ cat
+ cat
+ mkdir tex
+ :
+ aclocal-1.16 -Werror
+ automake-1.16 --foreign -Werror -Wall
+ grep TEX Makefile.in
AM_V_TEXI2DVI = $(am__v_TEXI2DVI_@AM_V@)
am__v_TEXI2DVI_ = $(am__v_TEXI2DVI_@AM_DEFAULT_V@)
am__v_TEXI2DVI_0 = @echo "  TEXI2DVI" $@;
am__v_TEXI2DVI_1 = 
AM_V_TEXI2PDF = $(am__v_TEXI2PDF_@AM_V@)
am__v_TEXI2PDF_ = $(am__v_TEXI2PDF_@AM_DEFAULT_V@)
am__v_TEXI2PDF_0 = @echo "  TEXI2PDF" $@;
am__v_TEXI2PDF_1 = 
am__TEXINFO_TEX_DIR = $(srcdir)/tex
TEXINFOS = main.texi
TEXI2DVI = texi2dvi
TEXI2PDF = $(TEXI2DVI) --pdf --batch
DISTFILES = $(DIST_COMMON) $(DIST_SOURCES) $(TEXINFOS) $(EXTRA_DIST)
TEXINFO_TEX = tex/texinfo.tex    # some comment w/ a slash
info_TEXINFOS = main.texi
	$(AM_V_TEXI2DVI)TEXINPUTS="$(am__TEXINFO_TEX_DIR)$(PATH_SEPARATOR)$$TEXINPUTS" \
	$(TEXI2DVI) $(AM_V_texinfo) --build-dir=$(@:.dvi=.t2d) -o $@ $(AM_V_texidevnull) \
	$(AM_V_TEXI2PDF)TEXINPUTS="$(am__TEXINFO_TEX_DIR)$(PATH_SEPARATOR)$$TEXINPUTS" \
	$(TEXI2PDF) $(AM_V_texinfo) --build-dir=$(@:.pdf=.t2p) -o $@ $(AM_V_texidevnull) \
	$(AM_V_DVIPS)TEXINPUTS="$(am__TEXINFO_TEX_DIR)$(PATH_SEPARATOR)$$TEXINPUTS" \
	test tex/texinfo.tex = $(TEXINFO_TEX)
	test -d '$(am__TEXINFO_TEX_DIR)'
	case '$(am__TEXINFO_TEX_DIR)' in tex|./tex) :;; *) exit 1;; esac
+ grep '^TEXINFO_TEX *= *tex/texinfo\.tex  *# some comment w/ a slash *$' Makefile.in
TEXINFO_TEX = tex/texinfo.tex    # some comment w/ a slash
+ autoconf
+ ./configure
checking for a BSD-compatible install... /usr/bin/install -c
checking whether build environment is sane... yes
checking for a thread-safe mkdir -p... /tools/bin/mkdir -p
checking for gawk... gawk
checking whether make sets $(MAKE)... yes
checking whether make supports nested variables... yes
checking that generated files are newer than configure... done
configure: creating ./config.status
config.status: creating Makefile
+ make test
test tex/texinfo.tex = tex/texinfo.tex    
test -d './tex'
case './tex' in tex|./tex) :;; *) exit 1;; esac
+ :
+ am_exit_trap 0
+ exit_status=0
+ set +e
+ cd /sources/automake-1.16.1
+ test none = tap
+ case $am_explicit_skips in
+ test 0 -eq 0
+ am_keeping_testdirs
+ case $keep_testdirs in
+ return 1
+ rm_rf_ t/comments-in-var-def.dir
+ test 1 -gt 0
+ /usr/bin/perl /sources/automake-1.16.1/t/ax/deltree.pl t/comments-in-var-def.dir
+ set +x
PASS t/comments-in-var-def.sh (exit status: 0)
