Running from installcheck: no
Test Protocol: none
PATH = /sources/automake-1.16.1/bin:/sources/automake-1.16.1/t/ax:/bin:/usr/bin:/sbin:/usr/sbin:/tools/bin
++ pwd
/sources/automake-1.16.1/t/comment7.dir
+ cat
+ cat
+ aclocal-1.16 -Werror
+ automake-1.16 --foreign -Werror -Wall
+ /bin/grep -F @COND Makefile.in
@COND_FALSE@VAR = bar
@COND_TRUE@VAR = foo
++ grep -c @COND_TRUE@VAR Makefile.in
+ test 1 = 1
++ grep -c @COND_FALSE@VAR Makefile.in
+ test 1 = 1
+ sed -n '/^#.*VAR.*COND_TRUE/ {
          n
          p
        }' Makefile.in
+ grep '@COND_TRUE@VAR = foo'
@COND_TRUE@VAR = foo
+ sed -n '/^#.*VAR.*COND_FALSE/ {
          n
          p
        }' Makefile.in
+ grep '@COND_FALSE@VAR = bar'
@COND_FALSE@VAR = bar
+ :
+ am_exit_trap 0
+ exit_status=0
+ set +e
+ cd /sources/automake-1.16.1
+ test none = tap
+ case $am_explicit_skips in
+ test 0 -eq 0
+ am_keeping_testdirs
+ case $keep_testdirs in
+ return 1
+ rm_rf_ t/comment7.dir
+ test 1 -gt 0
+ /usr/bin/perl /sources/automake-1.16.1/t/ax/deltree.pl t/comment7.dir
+ set +x
PASS t/comment7.sh (exit status: 0)
