Running from installcheck: no
Test Protocol: none
PATH = /sources/automake-1.16.1/bin:/sources/automake-1.16.1/t/ax:/bin:/usr/bin:/sbin:/usr/sbin:/tools/bin
++ pwd
/sources/automake-1.16.1/t/compile_f_c_cxx.dir
+ cat
+ cat
+ :
+ :
+ aclocal-1.16 -Werror
+ automake-1.16 --foreign -Werror -Wall
+ /bin/grep -F '	$(AM_V_CC)$(COMPILE)' Makefile.in
@am__fastdepCC_TRUE@	$(AM_V_CC)$(COMPILE) -MT $@ -MD -MP -MF $(DEPDIR)/$*.Tpo -c -o $@ $<
@am__fastdepCC_TRUE@	$(AM_V_CC)$(COMPILE) -MT $@ -MD -MP -MF $(DEPDIR)/$*.Tpo -c -o $@ `$(CYGPATH_W) '$<'`
+ /bin/grep -F '	$(AM_V_CXX)$(CXXCOMPILE)' Makefile.in
@am__fastdepCXX_TRUE@	$(AM_V_CXX)$(CXXCOMPILE) -MT $@ -MD -MP -MF $(DEPDIR)/$*.Tpo -c -o $@ $<
@am__fastdepCXX_TRUE@	$(AM_V_CXX)$(CXXCOMPILE) -MT $@ -MD -MP -MF $(DEPDIR)/$*.Tpo -c -o $@ `$(CYGPATH_W) '$<'`
+ /bin/grep -F '	$(AM_V_F77)$(F77COMPILE)' Makefile.in
	$(AM_V_F77)$(F77COMPILE) -c -o $@ $<
	$(AM_V_F77)$(F77COMPILE) -c -o $@ `$(CYGPATH_W) '$<'`
+ :
+ am_exit_trap 0
+ exit_status=0
+ set +e
+ cd /sources/automake-1.16.1
+ test none = tap
+ case $am_explicit_skips in
+ test 0 -eq 0
+ am_keeping_testdirs
+ case $keep_testdirs in
+ return 1
+ rm_rf_ t/compile_f_c_cxx.dir
+ test 1 -gt 0
+ /usr/bin/perl /sources/automake-1.16.1/t/ax/deltree.pl t/compile_f_c_cxx.dir
+ set +x
PASS t/compile_f_c_cxx.sh (exit status: 0)
