Running from installcheck: no
Test Protocol: none
PATH = /sources/automake-1.16.1/bin:/sources/automake-1.16.1/t/ax:/bin:/usr/bin:/sbin:/usr/sbin:/tools/bin
++ pwd
/sources/automake-1.16.1/t/cond35.dir
+ cat
+ cat
+ aclocal-1.16 -Werror
+ autoconf
+ automake-1.16 --foreign -Werror -Wall --add-missing
configure.ac: installing './ylwrap'
+ /bin/grep -F tparse.h Makefile.in
am__ta_SOURCES_DIST = ta.c tparse.h tscan.l tparse.y
am__tb_SOURCES_DIST = tb.c tparse.h tscan.l tparse.y
	missing tparse.c tparse.h tscan.c ylwrap
BUILT_SOURCES = tparse.h
@CASE_A_TRUE@ta_SOURCES = ta.c tparse.h tscan.l tparse.y
@CASE_A_FALSE@tb_SOURCES = tb.c tparse.h tscan.l tparse.y
tparse.h: tparse.c
	-rm -f tparse.h
++ /bin/grep -F -c tparse.h: Makefile.in
+ test 1 -eq 1
+ cat
+ cat
+ cat
+ cp ta.c tb.c
+ ./configure
checking for a BSD-compatible install... /usr/bin/install -c
checking whether build environment is sane... yes
checking for a thread-safe mkdir -p... /tools/bin/mkdir -p
checking for gawk... gawk
checking whether make sets $(MAKE)... yes
checking whether make supports nested variables... yes
checking for gcc... cc
checking whether the C compiler works... yes
checking for C compiler default output file name... a.out
checking for suffix of executables... 
checking whether we are cross compiling... no
checking for suffix of object files... o
checking whether we are using the GNU C compiler... yes
checking whether cc accepts -g... yes
checking for cc option to accept ISO C89... none needed
checking whether cc understands -c and -o together... yes
checking whether make supports the include directive... yes (GNU style)
checking dependency style of cc... gcc3
checking for flex... lex
checking lex output file root... lex.yy
checking lex library... -lfl
checking whether yytext is a pointer... yes
checking for bison... yacc
checking that generated files are newer than configure... done
configure: creating ./config.status
config.status: creating Makefile
config.status: executing depfiles commands
+ make
/bin/sh ./ylwrap tparse.y y.tab.c tparse.c y.tab.h `echo tparse.c | sed -e s/cc$/hh/ -e s/cpp$/hpp/ -e s/cxx$/hxx/ -e s/c++$/h++/ -e s/c$/h/` y.output tparse.output -- yacc -d 
updating tparse.h
make  all-am
make[1]: Entering directory '/sources/automake-1.16.1/t/cond35.dir'
cc -DPACKAGE_NAME=\"cond35\" -DPACKAGE_TARNAME=\"cond35\" -DPACKAGE_VERSION=\"1.0\" -DPACKAGE_STRING=\"cond35\ 1.0\" -DPACKAGE_BUGREPORT=\"\" -DPACKAGE_URL=\"\" -DPACKAGE=\"cond35\" -DVERSION=\"1.0\" -DYYTEXT_POINTER=1 -I.     -g -O2 -MT ta.o -MD -MP -MF .deps/ta.Tpo -c -o ta.o ta.c
mv -f .deps/ta.Tpo .deps/ta.Po
/bin/sh ./ylwrap tscan.l lex.yy.c tscan.c -- lex  
cc -DPACKAGE_NAME=\"cond35\" -DPACKAGE_TARNAME=\"cond35\" -DPACKAGE_VERSION=\"1.0\" -DPACKAGE_STRING=\"cond35\ 1.0\" -DPACKAGE_BUGREPORT=\"\" -DPACKAGE_URL=\"\" -DPACKAGE=\"cond35\" -DVERSION=\"1.0\" -DYYTEXT_POINTER=1 -I.     -g -O2 -MT tscan.o -MD -MP -MF .deps/tscan.Tpo -c -o tscan.o tscan.c
tscan.c: In function 'yy_init_buffer':
tscan.c:1314:40: warning: implicit declaration of function 'isatty' [-Wimplicit-function-declaration]
 
                                        ^     
mv -f .deps/tscan.Tpo .deps/tscan.Po
cc -DPACKAGE_NAME=\"cond35\" -DPACKAGE_TARNAME=\"cond35\" -DPACKAGE_VERSION=\"1.0\" -DPACKAGE_STRING=\"cond35\ 1.0\" -DPACKAGE_BUGREPORT=\"\" -DPACKAGE_URL=\"\" -DPACKAGE=\"cond35\" -DVERSION=\"1.0\" -DYYTEXT_POINTER=1 -I.     -g -O2 -MT tparse.o -MD -MP -MF .deps/tparse.Tpo -c -o tparse.o tparse.c
tparse.c: In function 'yyparse':
tparse.c:1113:16: warning: implicit declaration of function 'yylex' [-Wimplicit-function-declaration]
       yychar = yylex ();
                ^~~~~
mv -f .deps/tparse.Tpo .deps/tparse.Po
cc  -g -O2   -o ta ta.o tscan.o tparse.o -lfl 
make[1]: Leaving directory '/sources/automake-1.16.1/t/cond35.dir'
+ make test-ta
test -f ta
+ ./configure case_B=yes
checking for a BSD-compatible install... /usr/bin/install -c
checking whether build environment is sane... yes
checking for a thread-safe mkdir -p... /tools/bin/mkdir -p
checking for gawk... gawk
checking whether make sets $(MAKE)... yes
checking whether make supports nested variables... yes
checking for gcc... cc
checking whether the C compiler works... yes
checking for C compiler default output file name... a.out
checking for suffix of executables... 
checking whether we are cross compiling... no
checking for suffix of object files... o
checking whether we are using the GNU C compiler... yes
checking whether cc accepts -g... yes
checking for cc option to accept ISO C89... none needed
checking whether cc understands -c and -o together... yes
checking whether make supports the include directive... yes (GNU style)
checking dependency style of cc... gcc3
checking for flex... lex
checking lex output file root... lex.yy
checking lex library... -lfl
checking whether yytext is a pointer... yes
checking for bison... yacc
checking that generated files are newer than configure... done
configure: creating ./config.status
config.status: creating Makefile
config.status: executing depfiles commands
+ make
make  all-am
make[1]: Entering directory '/sources/automake-1.16.1/t/cond35.dir'
cc -DPACKAGE_NAME=\"cond35\" -DPACKAGE_TARNAME=\"cond35\" -DPACKAGE_VERSION=\"1.0\" -DPACKAGE_STRING=\"cond35\ 1.0\" -DPACKAGE_BUGREPORT=\"\" -DPACKAGE_URL=\"\" -DPACKAGE=\"cond35\" -DVERSION=\"1.0\" -DYYTEXT_POINTER=1 -I.     -g -O2 -MT tb.o -MD -MP -MF .deps/tb.Tpo -c -o tb.o tb.c
mv -f .deps/tb.Tpo .deps/tb.Po
cc  -g -O2   -o tb tb.o tscan.o tparse.o -lfl 
make[1]: Leaving directory '/sources/automake-1.16.1/t/cond35.dir'
+ make test-tb
test -f tb
+ :
+ am_exit_trap 0
+ exit_status=0
+ set +e
+ cd /sources/automake-1.16.1
+ test none = tap
+ case $am_explicit_skips in
+ test 0 -eq 0
+ am_keeping_testdirs
+ case $keep_testdirs in
+ return 1
+ rm_rf_ t/cond35.dir
+ test 1 -gt 0
+ /usr/bin/perl /sources/automake-1.16.1/t/ax/deltree.pl t/cond35.dir
+ set +x
PASS t/cond35.sh (exit status: 0)
