./t/cond42.sh: line 2: nfig: command not found
Running from installcheck: no
Test Protocol: none
PATH = /sources/automake-1.16.1/bin:/sources/automake-1.16.1/t/ax:/bin:/usr/bin:/sbin:/usr/sbin:/tools/bin
++ pwd
/sources/automake-1.16.1/t/cond42.dir
+ cat
+ :
+ aclocal-1.16 -Werror
+ AUTOMAKE_fails
+ AUTOMAKE_run -e 1
+ am__desc=
+ am__exp_rc=0
+ test 2 -gt 0
+ case $1 in
+ am__exp_rc=1
+ shift
+ shift
+ test 0 -gt 0
+ am__got_rc=0
+ automake-1.16 --foreign -Werror -Wall
+ am__got_rc=1
+ cat stderr
configure.ac:8: error: condition stack not properly closed
+ cat stdout
+ test none = none
+ test 1 -eq 1
+ return
+ grep '^configure\.ac:8:.* condition stack' stderr
configure.ac:8: error: condition stack not properly closed
+ edit_configure_ac s/_AM_COND_IF/_AM_COND_ELSE/
+ sed s/_AM_COND_IF/_AM_COND_ELSE/
+ mv -f configure.tmp configure.ac
+ rm -rf autom4te.cache
+ AUTOMAKE_fails
+ AUTOMAKE_run -e 1
+ am__desc=
+ am__exp_rc=0
+ test 2 -gt 0
+ case $1 in
+ am__exp_rc=1
+ shift
+ shift
+ test 0 -gt 0
+ am__got_rc=0
+ automake-1.16 --foreign -Werror -Wall
+ am__got_rc=1
+ cat stderr
configure.ac:7: error: else without if
+ cat stdout
+ test none = none
+ test 1 -eq 1
+ return
+ grep '^configure\.ac:7:.* else without if' stderr
configure.ac:7: error: else without if
+ edit_configure_ac s/_AM_COND_ELSE/_AM_COND_ENDIF/
+ sed s/_AM_COND_ELSE/_AM_COND_ENDIF/
+ mv -f configure.tmp configure.ac
+ rm -rf autom4te.cache
+ AUTOMAKE_fails
+ AUTOMAKE_run -e 1
+ am__desc=
+ am__exp_rc=0
+ test 2 -gt 0
+ case $1 in
+ am__exp_rc=1
+ shift
+ shift
+ test 0 -gt 0
+ am__got_rc=0
+ automake-1.16 --foreign -Werror -Wall
+ am__got_rc=1
+ cat stderr
configure.ac:7: error: endif without if
+ cat stdout
+ test none = none
+ test 1 -eq 1
+ return
+ grep '^configure\.ac:7:.* endif without if' stderr
configure.ac:7: error: endif without if
+ edit_configure_ac 's/\(_AM_COND_ENDIF\).*/_AM_COND_IF\
_AM_COND_ENDIF/'
+ sed 's/\(_AM_COND_ENDIF\).*/_AM_COND_IF\
_AM_COND_ENDIF/'
+ mv -f configure.tmp configure.ac
+ rm -rf autom4te.cache
+ AUTOMAKE_fails
+ AUTOMAKE_run -e 1
+ am__desc=
+ am__exp_rc=0
+ test 2 -gt 0
+ case $1 in
+ am__exp_rc=1
+ shift
+ shift
+ test 0 -gt 0
+ am__got_rc=0
+ automake-1.16 --foreign -Werror -Wall
+ am__got_rc=1
+ cat stderr
automake-1.16: warnings are treated as errors
configure.ac:7: warning: not enough arguments for _AM_COND_IF
configure.ac:8: warning: not enough arguments for _AM_COND_ENDIF
+ cat stdout
+ test none = none
+ test 1 -eq 1
+ return
+ grep '^configure\.ac:7:.* not enough arguments.* _AM_COND_IF' stderr
configure.ac:7: warning: not enough arguments for _AM_COND_IF
+ grep '^configure\.ac:8:.* not enough arguments.* _AM_COND_ENDIF' stderr
configure.ac:8: warning: not enough arguments for _AM_COND_ENDIF
++ /bin/grep -F -c 'not enough arguments' stderr
+ test 2 -eq 2
+ :
+ am_exit_trap 0
+ exit_status=0
+ set +e
+ cd /sources/automake-1.16.1
+ test none = tap
+ case $am_explicit_skips in
+ test 0 -eq 0
+ am_keeping_testdirs
+ case $keep_testdirs in
+ return 1
+ rm_rf_ t/cond42.dir
+ test 1 -gt 0
+ /usr/bin/perl /sources/automake-1.16.1/t/ax/deltree.pl t/cond42.dir
+ set +x
PASS t/cond42.sh (exit status: 0)
