Running from installcheck: no
Test Protocol: none
PATH = /sources/automake-1.16.1/bin:/sources/automake-1.16.1/t/ax:/bin:/usr/bin:/sbin:/usr/sbin:/tools/bin
++ pwd
/sources/automake-1.16.1/t/cond41.dir
+ cat
+ aclocal-1.16 -Werror
+ cat stderr
configure.ac:4: error: AM_COND_IF: no such condition "BAD_COND"
/sources/automake-1.16.1/m4/cond-if.m4:23: AM_COND_IF is expanded from...
configure.ac:4: the top level
autom4te: /usr/bin/m4 failed with exit status: 1
aclocal-1.16: error: echo failed with exit status: 1
+ grep '^configure\.ac:4:.*AM_COND_IF.* no such condition.*BAD_COND' stderr
configure.ac:4: error: AM_COND_IF: no such condition "BAD_COND"
+ :
+ am_exit_trap 0
+ exit_status=0
+ set +e
+ cd /sources/automake-1.16.1
+ test none = tap
+ case $am_explicit_skips in
+ test 0 -eq 0
+ am_keeping_testdirs
+ case $keep_testdirs in
+ return 1
+ rm_rf_ t/cond41.dir
+ test 1 -gt 0
+ /usr/bin/perl /sources/automake-1.16.1/t/ax/deltree.pl t/cond41.dir
+ set +x
PASS t/cond41.sh (exit status: 0)
