Running from installcheck: no
Test Protocol: none
PATH = /sources/automake-1.16.1/bin:/sources/automake-1.16.1/t/ax:/bin:/usr/bin:/sbin:/usr/sbin:/tools/bin
++ pwd
/sources/automake-1.16.1/t/condman2.dir
+ cat
+ aclocal-1.16 -Werror
+ automake-1.16 --foreign -Werror -Wall
+ grep '^install-man1:' Makefile.in
install-man1: $(man_MANS)
+ grep '^install-man2:' Makefile.in
install-man2: $(man_MANS)
+ grep '^install-man5:' Makefile.in
install-man5: $(man5_MANS) $(man_MANS)
+ :
+ am_exit_trap 0
+ exit_status=0
+ set +e
+ cd /sources/automake-1.16.1
+ test none = tap
+ case $am_explicit_skips in
+ test 0 -eq 0
+ am_keeping_testdirs
+ case $keep_testdirs in
+ return 1
+ rm_rf_ t/condman2.dir
+ test 1 -gt 0
+ /usr/bin/perl /sources/automake-1.16.1/t/ax/deltree.pl t/condman2.dir
+ set +x
PASS t/condman2.sh (exit status: 0)
