Running from installcheck: no
Test Protocol: none
PATH = /sources/automake-1.16.1/bin:/sources/automake-1.16.1/t/ax:/bin:/usr/bin:/sbin:/usr/sbin:/tools/bin
++ pwd
/sources/automake-1.16.1/t/cond43.dir
+ cat
+ :
+ aclocal-1.16 -Werror
+ AUTOMAKE_fails
+ AUTOMAKE_run -e 1
+ am__desc=
+ am__exp_rc=0
+ test 2 -gt 0
+ case $1 in
+ am__exp_rc=1
+ shift
+ shift
+ test 0 -gt 0
+ am__got_rc=0
+ automake-1.16 --foreign -Werror -Wall
+ am__got_rc=1
+ cat stderr
configure.ac:7: error: missing m4 quoting, macro depth 2
+ cat stdout
+ test none = none
+ test 1 -eq 1
+ return
+ /bin/grep -E '^configure\.ac:7:.* missing m4 quoting.*macro depth 2( |$)' stderr
configure.ac:7: error: missing m4 quoting, macro depth 2
+ sed '/.AM_COND_IF/{
        s/^/[/
        s/$/]/
     }'
+ mv -f configure.tmp configure.ac
+ rm -rf autom4te.cache
+ automake-1.16 --foreign -Werror -Wall
+ :
+ am_exit_trap 0
+ exit_status=0
+ set +e
+ cd /sources/automake-1.16.1
+ test none = tap
+ case $am_explicit_skips in
+ test 0 -eq 0
+ am_keeping_testdirs
+ case $keep_testdirs in
+ return 1
+ rm_rf_ t/cond43.dir
+ test 1 -gt 0
+ /usr/bin/perl /sources/automake-1.16.1/t/ax/deltree.pl t/cond43.dir
+ set +x
PASS t/cond43.sh (exit status: 0)
