Running from installcheck: no
Test Protocol: none
PATH = /sources/automake-1.16.1/bin:/sources/automake-1.16.1/t/ax:/bin:/usr/bin:/sbin:/usr/sbin:/tools/bin
++ pwd
/sources/automake-1.16.1/t/cond27.dir
+ cat
+ cat
+ aclocal-1.16 -Werror
+ AUTOMAKE_fails
+ AUTOMAKE_run -e 1
+ am__desc=
+ am__exp_rc=0
+ test 2 -gt 0
+ case $1 in
+ am__exp_rc=1
+ shift
+ shift
+ test 0 -gt 0
+ am__got_rc=0
+ automake-1.16 --foreign -Werror -Wall
+ am__got_rc=1
+ cat stderr
Makefile.am:4: error: 'my_DATA' is used but 'mydir' is undefined
Makefile.am:4: in the following conditions:
Makefile.am:4:   !USE_FOO
+ cat stdout
+ test none = none
+ test 1 -eq 1
+ return
+ grep ' USE_FOO' stderr
+ grep '!USE_FOO' stderr
Makefile.am:4:   !USE_FOO
+ :
+ am_exit_trap 0
+ exit_status=0
+ set +e
+ cd /sources/automake-1.16.1
+ test none = tap
+ case $am_explicit_skips in
+ test 0 -eq 0
+ am_keeping_testdirs
+ case $keep_testdirs in
+ return 1
+ rm_rf_ t/cond27.dir
+ test 1 -gt 0
+ /usr/bin/perl /sources/automake-1.16.1/t/ax/deltree.pl t/cond27.dir
+ set +x
PASS t/cond27.sh (exit status: 0)
