Running from installcheck: no
Test Protocol: none
PATH = /sources/automake-1.16.1/bin:/sources/automake-1.16.1/t/ax:/bin:/usr/bin:/sbin:/usr/sbin:/tools/bin
++ pwd
/sources/automake-1.16.1/t/condman3.dir
+ cat
+ cat
+ aclocal-1.16 -Werror
+ automake-1.16 --foreign -Werror -Wall
+ autoconf
+ /bin/grep -E 'MANS|\.([123456789]|man)' Makefile.in
# Makefile.in generated by automake 1.16.1 from Makefile.am.
MANS = $(man4_MANS) $(man5_MANS) $(man_MANS)
@COND_FALSE@man_MANS = bar.2 baz.1
@COND_TRUE@man_MANS = foo.1
@COND_TRUE@man4_MANS = 6.man
@COND_FALSE@man5_MANS = zap.5
install-man1: $(man_MANS)
	list2='$(man_MANS)'; \
	    | sed -n '/\.1[a-z]*$$/p'; \
	l2='$(man_MANS)'; for i in $$l2; do echo "$$i"; done | \
	  sed -n '/\.1[a-z]*$$/p'; \
install-man2: $(man_MANS)
	list2='$(man_MANS)'; \
	    | sed -n '/\.2[a-z]*$$/p'; \
	l2='$(man_MANS)'; for i in $$l2; do echo "$$i"; done | \
	  sed -n '/\.2[a-z]*$$/p'; \
install-man4: $(man4_MANS) $(man_MANS)
	@list1='$(man4_MANS)'; \
	list2='$(man_MANS)'; \
	    | sed -n '/\.4[a-z]*$$/p'; \
	@list='$(man4_MANS)'; test -n "$(man4dir)" || exit 0; \
	l2='$(man_MANS)'; for i in $$l2; do echo "$$i"; done | \
	  sed -n '/\.4[a-z]*$$/p'; \
install-man5: $(man5_MANS) $(man_MANS)
	@list1='$(man5_MANS)'; \
	list2='$(man_MANS)'; \
	    | sed -n '/\.5[a-z]*$$/p'; \
	@list='$(man5_MANS)'; test -n "$(man5dir)" || exit 0; \
	l2='$(man_MANS)'; for i in $$l2; do echo "$$i"; done | \
	  sed -n '/\.5[a-z]*$$/p'; \
all-am: Makefile $(MANS)
	test -f $(mandir)/man1/foo.1
	test -f $(mandir)/man4/6.4
	test ! -f $(mandir)/man2/bar.2
	test ! -f $(mandir)/man1/baz.1
	test ! -f $(mandir)/man5/zap.5
	test -f $(mandir)/man2/bar.2
	test -f $(mandir)/man1/baz.1
	test -f $(mandir)/man5/zap.5
	test ! -f $(mandir)/man1/foo.1
	test ! -f $(mandir)/man4/6.4
	test ! -f $(mandir)/man4/6.man
# Tell versions [3.59,3.63) of GNU make to not export all variables.
+ mkdir build
+ cd build
++ pwd
+ ../configure FOO=true --prefix=/sources/automake-1.16.1/t/condman3.dir/build/_inst
checking for a BSD-compatible install... /usr/bin/install -c
checking whether build environment is sane... yes
checking for a thread-safe mkdir -p... /tools/bin/mkdir -p
checking for gawk... gawk
checking whether make sets $(MAKE)... yes
checking whether make supports nested variables... yes
checking that generated files are newer than configure... done
configure: creating ./config.status
config.status: creating Makefile
+ /bin/grep -E 'MANS|\.([123456789]|man)' Makefile
# Makefile.in generated by automake 1.16.1 from Makefile.am.
MANS = $(man4_MANS) $(man5_MANS) $(man_MANS)
ACLOCAL = ${SHELL} /sources/automake-1.16.1/t/condman3.dir/missing aclocal-1.16
AUTOCONF = ${SHELL} /sources/automake-1.16.1/t/condman3.dir/missing autoconf
AUTOHEADER = ${SHELL} /sources/automake-1.16.1/t/condman3.dir/missing autoheader
AUTOMAKE = ${SHELL} /sources/automake-1.16.1/t/condman3.dir/missing automake-1.16
MAKEINFO = ${SHELL} /sources/automake-1.16.1/t/condman3.dir/missing makeinfo
abs_builddir = /sources/automake-1.16.1/t/condman3.dir/build
abs_srcdir = /sources/automake-1.16.1/t/condman3.dir/build/..
abs_top_builddir = /sources/automake-1.16.1/t/condman3.dir/build
abs_top_srcdir = /sources/automake-1.16.1/t/condman3.dir/build/..
install_sh = ${SHELL} /sources/automake-1.16.1/t/condman3.dir/install-sh
prefix = /sources/automake-1.16.1/t/condman3.dir/build/_inst
#man_MANS = bar.2 baz.1
man_MANS = foo.1
man4_MANS = 6.man
#man5_MANS = zap.5
install-man1: $(man_MANS)
	list2='$(man_MANS)'; \
	    | sed -n '/\.1[a-z]*$$/p'; \
	l2='$(man_MANS)'; for i in $$l2; do echo "$$i"; done | \
	  sed -n '/\.1[a-z]*$$/p'; \
install-man2: $(man_MANS)
	list2='$(man_MANS)'; \
	    | sed -n '/\.2[a-z]*$$/p'; \
	l2='$(man_MANS)'; for i in $$l2; do echo "$$i"; done | \
	  sed -n '/\.2[a-z]*$$/p'; \
install-man4: $(man4_MANS) $(man_MANS)
	@list1='$(man4_MANS)'; \
	list2='$(man_MANS)'; \
	    | sed -n '/\.4[a-z]*$$/p'; \
	@list='$(man4_MANS)'; test -n "$(man4dir)" || exit 0; \
	l2='$(man_MANS)'; for i in $$l2; do echo "$$i"; done | \
	  sed -n '/\.4[a-z]*$$/p'; \
install-man5: $(man5_MANS) $(man_MANS)
	@list1='$(man5_MANS)'; \
	list2='$(man_MANS)'; \
	    | sed -n '/\.5[a-z]*$$/p'; \
	@list='$(man5_MANS)'; test -n "$(man5dir)" || exit 0; \
	l2='$(man_MANS)'; for i in $$l2; do echo "$$i"; done | \
	  sed -n '/\.5[a-z]*$$/p'; \
all-am: Makefile $(MANS)
	test -f $(mandir)/man1/foo.1
	test -f $(mandir)/man4/6.4
	test ! -f $(mandir)/man2/bar.2
	test ! -f $(mandir)/man1/baz.1
	test ! -f $(mandir)/man5/zap.5
	test -f $(mandir)/man2/bar.2
	test -f $(mandir)/man1/baz.1
	test -f $(mandir)/man5/zap.5
	test ! -f $(mandir)/man1/foo.1
	test ! -f $(mandir)/man4/6.4
	test ! -f $(mandir)/man4/6.man
# Tell versions [3.59,3.63) of GNU make to not export all variables.
+ touch foo.1 6.man
+ make install
make[1]: Entering directory '/sources/automake-1.16.1/t/condman3.dir/build'
make[1]: Nothing to be done for 'install-exec-am'.
 /tools/bin/mkdir -p '/sources/automake-1.16.1/t/condman3.dir/build/_inst/share/man/man1'
 /usr/bin/install -c -m 644 foo.1 '/sources/automake-1.16.1/t/condman3.dir/build/_inst/share/man/man1'
 /tools/bin/mkdir -p '/sources/automake-1.16.1/t/condman3.dir/build/_inst/share/man/man2'
 /tools/bin/mkdir -p '/sources/automake-1.16.1/t/condman3.dir/build/_inst/share/man/man4'
 /usr/bin/install -c -m 644 '6.man' '/sources/automake-1.16.1/t/condman3.dir/build/_inst/share/man/man4/6.4'
 /tools/bin/mkdir -p '/sources/automake-1.16.1/t/condman3.dir/build/_inst/share/man/man5'
make[1]: Leaving directory '/sources/automake-1.16.1/t/condman3.dir/build'
+ make test1
find /sources/automake-1.16.1/t/condman3.dir/build/_inst/share/man ;: For debugging.
/sources/automake-1.16.1/t/condman3.dir/build/_inst/share/man
/sources/automake-1.16.1/t/condman3.dir/build/_inst/share/man/man4
/sources/automake-1.16.1/t/condman3.dir/build/_inst/share/man/man4/6.4
/sources/automake-1.16.1/t/condman3.dir/build/_inst/share/man/man5
/sources/automake-1.16.1/t/condman3.dir/build/_inst/share/man/man1
/sources/automake-1.16.1/t/condman3.dir/build/_inst/share/man/man1/foo.1
/sources/automake-1.16.1/t/condman3.dir/build/_inst/share/man/man2
test -f /sources/automake-1.16.1/t/condman3.dir/build/_inst/share/man/man1/foo.1
test -f /sources/automake-1.16.1/t/condman3.dir/build/_inst/share/man/man4/6.4
test ! -f /sources/automake-1.16.1/t/condman3.dir/build/_inst/share/man/man2/bar.2
test ! -f /sources/automake-1.16.1/t/condman3.dir/build/_inst/share/man/man1/baz.1
test ! -f /sources/automake-1.16.1/t/condman3.dir/build/_inst/share/man/man5/zap.5
+ cd ..
++ pwd
+ ./configure FOO=false --prefix=/sources/automake-1.16.1/t/condman3.dir/_inst
checking for a BSD-compatible install... /usr/bin/install -c
checking whether build environment is sane... yes
checking for a thread-safe mkdir -p... /tools/bin/mkdir -p
checking for gawk... gawk
checking whether make sets $(MAKE)... yes
checking whether make supports nested variables... yes
checking that generated files are newer than configure... done
configure: creating ./config.status
config.status: creating Makefile
+ /bin/grep -E 'MANS|\.([123456789]|man)' Makefile
# Makefile.in generated by automake 1.16.1 from Makefile.am.
MANS = $(man4_MANS) $(man5_MANS) $(man_MANS)
ACLOCAL = ${SHELL} /sources/automake-1.16.1/t/condman3.dir/missing aclocal-1.16
AUTOCONF = ${SHELL} /sources/automake-1.16.1/t/condman3.dir/missing autoconf
AUTOHEADER = ${SHELL} /sources/automake-1.16.1/t/condman3.dir/missing autoheader
AUTOMAKE = ${SHELL} /sources/automake-1.16.1/t/condman3.dir/missing automake-1.16
MAKEINFO = ${SHELL} /sources/automake-1.16.1/t/condman3.dir/missing makeinfo
abs_builddir = /sources/automake-1.16.1/t/condman3.dir
abs_srcdir = /sources/automake-1.16.1/t/condman3.dir
abs_top_builddir = /sources/automake-1.16.1/t/condman3.dir
abs_top_srcdir = /sources/automake-1.16.1/t/condman3.dir
install_sh = ${SHELL} /sources/automake-1.16.1/t/condman3.dir/install-sh
prefix = /sources/automake-1.16.1/t/condman3.dir/_inst
man_MANS = bar.2 baz.1
#man_MANS = foo.1
#man4_MANS = 6.man
man5_MANS = zap.5
install-man1: $(man_MANS)
	list2='$(man_MANS)'; \
	    | sed -n '/\.1[a-z]*$$/p'; \
	l2='$(man_MANS)'; for i in $$l2; do echo "$$i"; done | \
	  sed -n '/\.1[a-z]*$$/p'; \
install-man2: $(man_MANS)
	list2='$(man_MANS)'; \
	    | sed -n '/\.2[a-z]*$$/p'; \
	l2='$(man_MANS)'; for i in $$l2; do echo "$$i"; done | \
	  sed -n '/\.2[a-z]*$$/p'; \
install-man4: $(man4_MANS) $(man_MANS)
	@list1='$(man4_MANS)'; \
	list2='$(man_MANS)'; \
	    | sed -n '/\.4[a-z]*$$/p'; \
	@list='$(man4_MANS)'; test -n "$(man4dir)" || exit 0; \
	l2='$(man_MANS)'; for i in $$l2; do echo "$$i"; done | \
	  sed -n '/\.4[a-z]*$$/p'; \
install-man5: $(man5_MANS) $(man_MANS)
	@list1='$(man5_MANS)'; \
	list2='$(man_MANS)'; \
	    | sed -n '/\.5[a-z]*$$/p'; \
	@list='$(man5_MANS)'; test -n "$(man5dir)" || exit 0; \
	l2='$(man_MANS)'; for i in $$l2; do echo "$$i"; done | \
	  sed -n '/\.5[a-z]*$$/p'; \
all-am: Makefile $(MANS)
	test -f $(mandir)/man1/foo.1
	test -f $(mandir)/man4/6.4
	test ! -f $(mandir)/man2/bar.2
	test ! -f $(mandir)/man1/baz.1
	test ! -f $(mandir)/man5/zap.5
	test -f $(mandir)/man2/bar.2
	test -f $(mandir)/man1/baz.1
	test -f $(mandir)/man5/zap.5
	test ! -f $(mandir)/man1/foo.1
	test ! -f $(mandir)/man4/6.4
	test ! -f $(mandir)/man4/6.man
# Tell versions [3.59,3.63) of GNU make to not export all variables.
+ touch bar.2 baz.1 zap.5
+ make install
make[1]: Entering directory '/sources/automake-1.16.1/t/condman3.dir'
make[1]: Nothing to be done for 'install-exec-am'.
 /tools/bin/mkdir -p '/sources/automake-1.16.1/t/condman3.dir/_inst/share/man/man1'
 /usr/bin/install -c -m 644 baz.1 '/sources/automake-1.16.1/t/condman3.dir/_inst/share/man/man1'
 /tools/bin/mkdir -p '/sources/automake-1.16.1/t/condman3.dir/_inst/share/man/man2'
 /usr/bin/install -c -m 644 bar.2 '/sources/automake-1.16.1/t/condman3.dir/_inst/share/man/man2'
 /tools/bin/mkdir -p '/sources/automake-1.16.1/t/condman3.dir/_inst/share/man/man4'
 /tools/bin/mkdir -p '/sources/automake-1.16.1/t/condman3.dir/_inst/share/man/man5'
 /usr/bin/install -c -m 644 zap.5 '/sources/automake-1.16.1/t/condman3.dir/_inst/share/man/man5'
make[1]: Leaving directory '/sources/automake-1.16.1/t/condman3.dir'
+ make test2
find /sources/automake-1.16.1/t/condman3.dir/_inst/share/man ;: For debugging.
/sources/automake-1.16.1/t/condman3.dir/_inst/share/man
/sources/automake-1.16.1/t/condman3.dir/_inst/share/man/man4
/sources/automake-1.16.1/t/condman3.dir/_inst/share/man/man5
/sources/automake-1.16.1/t/condman3.dir/_inst/share/man/man5/zap.5
/sources/automake-1.16.1/t/condman3.dir/_inst/share/man/man1
/sources/automake-1.16.1/t/condman3.dir/_inst/share/man/man1/baz.1
/sources/automake-1.16.1/t/condman3.dir/_inst/share/man/man2
/sources/automake-1.16.1/t/condman3.dir/_inst/share/man/man2/bar.2
test -f /sources/automake-1.16.1/t/condman3.dir/_inst/share/man/man2/bar.2
test -f /sources/automake-1.16.1/t/condman3.dir/_inst/share/man/man1/baz.1
test -f /sources/automake-1.16.1/t/condman3.dir/_inst/share/man/man5/zap.5
test ! -f /sources/automake-1.16.1/t/condman3.dir/_inst/share/man/man1/foo.1
test ! -f /sources/automake-1.16.1/t/condman3.dir/_inst/share/man/man4/6.4
test ! -f /sources/automake-1.16.1/t/condman3.dir/_inst/share/man/man4/6.man
+ :
+ am_exit_trap 0
+ exit_status=0
+ set +e
+ cd /sources/automake-1.16.1
+ test none = tap
+ case $am_explicit_skips in
+ test 0 -eq 0
+ am_keeping_testdirs
+ case $keep_testdirs in
+ return 1
+ rm_rf_ t/condman3.dir
+ test 1 -gt 0
+ /usr/bin/perl /sources/automake-1.16.1/t/ax/deltree.pl t/condman3.dir
+ set +x
PASS t/condman3.sh (exit status: 0)
