Running from installcheck: no
Test Protocol: none
PATH = /sources/automake-1.16.1/bin:/sources/automake-1.16.1/t/ax:/bin:/usr/bin:/sbin:/usr/sbin:/tools/bin
++ pwd
/sources/automake-1.16.1/t/cond6.dir
+ echo 'AM_CONDITIONAL([FOO], [true])'
+ cat
+ aclocal-1.16 -Werror
+ automake-1.16 --foreign -Werror -Wall
+ rm -rf autom4te.cache
+ echo AC_OUTPUT
+ touch aclocal.m4
+ autoconf
+ automake-1.16 --foreign -Werror -Wall Makefile
++ pwd
+ ./configure --prefix=/sources/automake-1.16.1/t/cond6.dir/_inst
checking for a BSD-compatible install... /usr/bin/install -c
checking whether build environment is sane... yes
checking for a thread-safe mkdir -p... /tools/bin/mkdir -p
checking for gawk... gawk
checking whether make sets $(MAKE)... yes
checking whether make supports nested variables... yes
checking that generated files are newer than configure... done
configure: creating ./config.status
config.status: creating Makefile
+ make test
is a b c d e f g h == a b c d e f g h
+ make install
touch a
touch b
touch c
touch d
touch e
touch f
touch g
touch h
make[1]: Entering directory '/sources/automake-1.16.1/t/cond6.dir'
make[1]: Nothing to be done for 'install-exec-am'.
 /tools/bin/mkdir -p '/sources/automake-1.16.1/t/cond6.dir/_inst/Help'
 /usr/bin/install -c -m 644 a b c d e f g h '/sources/automake-1.16.1/t/cond6.dir/_inst/Help'
make[1]: Leaving directory '/sources/automake-1.16.1/t/cond6.dir'
+ for x in a b c d e f g h
+ test -f _inst/Help/a
+ for x in a b c d e f g h
+ test -f _inst/Help/b
+ for x in a b c d e f g h
+ test -f _inst/Help/c
+ for x in a b c d e f g h
+ test -f _inst/Help/d
+ for x in a b c d e f g h
+ test -f _inst/Help/e
+ for x in a b c d e f g h
+ test -f _inst/Help/f
+ for x in a b c d e f g h
+ test -f _inst/Help/g
+ for x in a b c d e f g h
+ test -f _inst/Help/h
+ :
+ am_exit_trap 0
+ exit_status=0
+ set +e
+ cd /sources/automake-1.16.1
+ test none = tap
+ case $am_explicit_skips in
+ test 0 -eq 0
+ am_keeping_testdirs
+ case $keep_testdirs in
+ return 1
+ rm_rf_ t/cond6.dir
+ test 1 -gt 0
+ /usr/bin/perl /sources/automake-1.16.1/t/ax/deltree.pl t/cond6.dir
+ set +x
PASS t/cond6.sh (exit status: 0)
