Running from installcheck: no
Test Protocol: none
PATH = /sources/automake-1.16.1/bin:/sources/automake-1.16.1/t/ax:/bin:/usr/bin:/sbin:/usr/sbin:/tools/bin
++ pwd
/sources/automake-1.16.1/t/cond40.dir
+ cat
+ :
+ :
+ :
+ :
+ aclocal-1.16 -Werror
+ autoconf
+ automake-1.16 --foreign -Werror -Wall -a
+ ./configure cond=yes cond1=yes cond2=no cond3=yes
checking for a BSD-compatible install... /usr/bin/install -c
checking whether build environment is sane... yes
checking for a thread-safe mkdir -p... /tools/bin/mkdir -p
checking for gawk... gawk
checking whether make sets $(MAKE)... yes
checking whether make supports nested variables... yes
checking that generated files are newer than configure... done
configure: creating ./config.status
config.status: creating Makefile
config.status: creating file1
config.status: creating file3
+ test -f file1
+ test '!' -e file2
+ test -f file3
+ rm -f file1 file3
+ make file1 file3
cd . && /bin/sh ./config.status file1
config.status: creating file1
cd . && /bin/sh ./config.status file3
config.status: creating file3
+ make file2
make: *** No rule to make target 'file2'.  Stop.
+ test -f file1
+ test '!' -e file2
+ test -f file3
+ make distclean
test -z "file1 file2 file3" || rm -f file1 file2 file3
test . = "." || test -z "" || rm -f 
rm -f config.status config.cache config.log configure.lineno config.status.lineno
rm -f Makefile
+ ./configure cond=no cond1=yes cond2=yes
checking for a BSD-compatible install... /usr/bin/install -c
checking whether build environment is sane... yes
checking for a thread-safe mkdir -p... /tools/bin/mkdir -p
checking for gawk... gawk
checking whether make sets $(MAKE)... yes
checking whether make supports nested variables... yes
checking that generated files are newer than configure... done
configure: creating ./config.status
config.status: creating Makefile
config.status: creating file2
+ test '!' -e file1
+ test -f file2
+ test '!' -e file3
+ rm -f file2
+ make file1
make: *** No rule to make target 'file1'.  Stop.
+ make file2
cd . && /bin/sh ./config.status file2
config.status: creating file2
+ make file3
make: *** No rule to make target 'file3'.  Stop.
+ test '!' -e file1
+ test -f file2
+ test '!' -e file3
+ :
+ am_exit_trap 0
+ exit_status=0
+ set +e
+ cd /sources/automake-1.16.1
+ test none = tap
+ case $am_explicit_skips in
+ test 0 -eq 0
+ am_keeping_testdirs
+ case $keep_testdirs in
+ return 1
+ rm_rf_ t/cond40.dir
+ test 1 -gt 0
+ /usr/bin/perl /sources/automake-1.16.1/t/ax/deltree.pl t/cond40.dir
+ set +x
PASS t/cond40.sh (exit status: 0)
