Running from installcheck: no
Test Protocol: none
PATH = /sources/automake-1.16.1/bin:/sources/automake-1.16.1/t/ax:/bin:/usr/bin:/sbin:/usr/sbin:/tools/bin
++ pwd
/sources/automake-1.16.1/t/confh6.dir
+ cat
+ :
+ mkdir subdir
+ :
+ aclocal-1.16 -Werror
+ autoconf
+ automake-1.16 --foreign -Werror -Wall
+ ./configure
checking for a BSD-compatible install... /usr/bin/install -c
checking whether build environment is sane... yes
checking for a thread-safe mkdir -p... /tools/bin/mkdir -p
checking for gawk... gawk
checking whether make sets $(MAKE)... yes
checking whether make supports nested variables... yes
checking that generated files are newer than configure... done
configure: creating ./config.status
config.status: creating Makefile
config.status: creating subdir/config.h
+ make
make: Nothing to be done for 'all'.
+ sleep 2
+ echo '#define gRePmE'
+ make subdir/config.h
cd . && /bin/sh ./config.status subdir/config.h
config.status: creating subdir/config.h
+ /bin/grep -F gRePmE subdir/config.h
#define gRePmE
+ make distcheck
make  dist-gzip am__post_remove_distdir='@:'
make[1]: Entering directory '/sources/automake-1.16.1/t/confh6.dir'
make  distdir-am
make[2]: Entering directory '/sources/automake-1.16.1/t/confh6.dir'
if test -d "confh6-1.0"; then find "confh6-1.0" -type d ! -perm -200 -exec chmod u+w {} ';' && rm -rf "confh6-1.0" || { sleep 5 && rm -rf "confh6-1.0"; }; else :; fi
test -d "confh6-1.0" || mkdir "confh6-1.0"
test -n "" \
|| find "confh6-1.0" -type d ! -perm -755 \
	-exec chmod u+rwx,go+rx {} \; -o \
  ! -type d ! -perm -444 -links 1 -exec chmod a+r {} \; -o \
  ! -type d ! -perm -400 -exec chmod a+r {} \; -o \
  ! -type d ! -perm -444 -exec /bin/sh /sources/automake-1.16.1/t/confh6.dir/install-sh -c -m a+r {} {} \; \
|| chmod -R a+r "confh6-1.0"
make[2]: Leaving directory '/sources/automake-1.16.1/t/confh6.dir'
tardir=confh6-1.0 && ${TAR-tar} chof - "$tardir" | eval GZIP= gzip --best -c >confh6-1.0.tar.gz
make[1]: Leaving directory '/sources/automake-1.16.1/t/confh6.dir'
if test -d "confh6-1.0"; then find "confh6-1.0" -type d ! -perm -200 -exec chmod u+w {} ';' && rm -rf "confh6-1.0" || { sleep 5 && rm -rf "confh6-1.0"; }; else :; fi
case 'confh6-1.0.tar.gz' in \
*.tar.gz*) \
  eval GZIP= gzip --best -dc confh6-1.0.tar.gz | ${TAR-tar} xf - ;;\
*.tar.bz2*) \
  bzip2 -dc confh6-1.0.tar.bz2 | ${TAR-tar} xf - ;;\
*.tar.lz*) \
  lzip -dc confh6-1.0.tar.lz | ${TAR-tar} xf - ;;\
*.tar.xz*) \
  xz -dc confh6-1.0.tar.xz | ${TAR-tar} xf - ;;\
*.tar.Z*) \
  uncompress -c confh6-1.0.tar.Z | ${TAR-tar} xf - ;;\
*.shar.gz*) \
  eval GZIP= gzip --best -dc confh6-1.0.shar.gz | unshar ;;\
*.zip*) \
  unzip confh6-1.0.zip ;;\
esac
chmod -R a-w confh6-1.0
chmod u+w confh6-1.0
mkdir confh6-1.0/_build confh6-1.0/_build/sub confh6-1.0/_inst
chmod a-w confh6-1.0
test -d confh6-1.0/_build || exit 0; \
dc_install_base=`CDPATH="${ZSH_VERSION+.}:" && cd confh6-1.0/_inst && pwd | sed -e 's,^[^:\\/]:[\\/],/,'` \
  && dc_destdir="${TMPDIR-/tmp}/am-dc-$$/" \
  && am__cwd=`pwd` \
  && CDPATH="${ZSH_VERSION+.}:" && cd confh6-1.0/_build/sub \
  && ../../configure \
     \
     \
    --srcdir=../.. --prefix="$dc_install_base" \
  && make  \
  && make  dvi \
  && make  check \
  && make  install \
  && make  installcheck \
  && make  uninstall \
  && make  distuninstallcheck_dir="$dc_install_base" \
        distuninstallcheck \
  && chmod -R a-w "$dc_install_base" \
  && ({ \
       (cd ../.. && umask 077 && mkdir "$dc_destdir") \
       && make  DESTDIR="$dc_destdir" install \
       && make  DESTDIR="$dc_destdir" uninstall \
       && make  DESTDIR="$dc_destdir" \
            distuninstallcheck_dir="$dc_destdir" distuninstallcheck; \
      } || { rm -rf "$dc_destdir"; exit 1; }) \
  && rm -rf "$dc_destdir" \
  && make  dist \
  && rm -rf confh6-1.0.tar.gz \
  && make  distcleancheck \
  && cd "$am__cwd" \
  || exit 1
checking for a BSD-compatible install... /usr/bin/install -c
checking whether build environment is sane... yes
checking for a thread-safe mkdir -p... /tools/bin/mkdir -p
checking for gawk... gawk
checking whether make sets $(MAKE)... yes
checking whether make supports nested variables... yes
checking that generated files are newer than configure... done
configure: creating ./config.status
config.status: creating Makefile
config.status: creating subdir/config.h
make[1]: Entering directory '/sources/automake-1.16.1/t/confh6.dir/confh6-1.0/_build/sub'
make[1]: Nothing to be done for 'all'.
make[1]: Leaving directory '/sources/automake-1.16.1/t/confh6.dir/confh6-1.0/_build/sub'
make[1]: Entering directory '/sources/automake-1.16.1/t/confh6.dir/confh6-1.0/_build/sub'
make[1]: Nothing to be done for 'dvi'.
make[1]: Leaving directory '/sources/automake-1.16.1/t/confh6.dir/confh6-1.0/_build/sub'
make[1]: Entering directory '/sources/automake-1.16.1/t/confh6.dir/confh6-1.0/_build/sub'
make[1]: Nothing to be done for 'check'.
make[1]: Leaving directory '/sources/automake-1.16.1/t/confh6.dir/confh6-1.0/_build/sub'
make[1]: Entering directory '/sources/automake-1.16.1/t/confh6.dir/confh6-1.0/_build/sub'
make[2]: Entering directory '/sources/automake-1.16.1/t/confh6.dir/confh6-1.0/_build/sub'
make[2]: Nothing to be done for 'install-exec-am'.
make[2]: Nothing to be done for 'install-data-am'.
make[2]: Leaving directory '/sources/automake-1.16.1/t/confh6.dir/confh6-1.0/_build/sub'
make[1]: Leaving directory '/sources/automake-1.16.1/t/confh6.dir/confh6-1.0/_build/sub'
make[1]: Entering directory '/sources/automake-1.16.1/t/confh6.dir/confh6-1.0/_build/sub'
make[1]: Nothing to be done for 'installcheck'.
make[1]: Leaving directory '/sources/automake-1.16.1/t/confh6.dir/confh6-1.0/_build/sub'
make[1]: Entering directory '/sources/automake-1.16.1/t/confh6.dir/confh6-1.0/_build/sub'
make[1]: Nothing to be done for 'uninstall'.
make[1]: Leaving directory '/sources/automake-1.16.1/t/confh6.dir/confh6-1.0/_build/sub'
make[1]: Entering directory '/sources/automake-1.16.1/t/confh6.dir/confh6-1.0/_build/sub'
make[1]: Leaving directory '/sources/automake-1.16.1/t/confh6.dir/confh6-1.0/_build/sub'
make[1]: Entering directory '/sources/automake-1.16.1/t/confh6.dir/confh6-1.0/_build/sub'
make[2]: Entering directory '/sources/automake-1.16.1/t/confh6.dir/confh6-1.0/_build/sub'
make[2]: Nothing to be done for 'install-exec-am'.
make[2]: Nothing to be done for 'install-data-am'.
make[2]: Leaving directory '/sources/automake-1.16.1/t/confh6.dir/confh6-1.0/_build/sub'
make[1]: Leaving directory '/sources/automake-1.16.1/t/confh6.dir/confh6-1.0/_build/sub'
make[1]: Entering directory '/sources/automake-1.16.1/t/confh6.dir/confh6-1.0/_build/sub'
make[1]: Nothing to be done for 'uninstall'.
make[1]: Leaving directory '/sources/automake-1.16.1/t/confh6.dir/confh6-1.0/_build/sub'
make[1]: Entering directory '/sources/automake-1.16.1/t/confh6.dir/confh6-1.0/_build/sub'
make[1]: Leaving directory '/sources/automake-1.16.1/t/confh6.dir/confh6-1.0/_build/sub'
make[1]: Entering directory '/sources/automake-1.16.1/t/confh6.dir/confh6-1.0/_build/sub'
make  dist-gzip am__post_remove_distdir='@:'
make[2]: Entering directory '/sources/automake-1.16.1/t/confh6.dir/confh6-1.0/_build/sub'
make  distdir-am
make[3]: Entering directory '/sources/automake-1.16.1/t/confh6.dir/confh6-1.0/_build/sub'
if test -d "confh6-1.0"; then find "confh6-1.0" -type d ! -perm -200 -exec chmod u+w {} ';' && rm -rf "confh6-1.0" || { sleep 5 && rm -rf "confh6-1.0"; }; else :; fi
test -d "confh6-1.0" || mkdir "confh6-1.0"
test -n "" \
|| find "confh6-1.0" -type d ! -perm -755 \
	-exec chmod u+rwx,go+rx {} \; -o \
  ! -type d ! -perm -444 -links 1 -exec chmod a+r {} \; -o \
  ! -type d ! -perm -400 -exec chmod a+r {} \; -o \
  ! -type d ! -perm -444 -exec /bin/sh /sources/automake-1.16.1/t/confh6.dir/confh6-1.0/install-sh -c -m a+r {} {} \; \
|| chmod -R a+r "confh6-1.0"
make[3]: Leaving directory '/sources/automake-1.16.1/t/confh6.dir/confh6-1.0/_build/sub'
tardir=confh6-1.0 && ${TAR-tar} chof - "$tardir" | eval GZIP= gzip --best -c >confh6-1.0.tar.gz
make[2]: Leaving directory '/sources/automake-1.16.1/t/confh6.dir/confh6-1.0/_build/sub'
if test -d "confh6-1.0"; then find "confh6-1.0" -type d ! -perm -200 -exec chmod u+w {} ';' && rm -rf "confh6-1.0" || { sleep 5 && rm -rf "confh6-1.0"; }; else :; fi
make[1]: Leaving directory '/sources/automake-1.16.1/t/confh6.dir/confh6-1.0/_build/sub'
make[1]: Entering directory '/sources/automake-1.16.1/t/confh6.dir/confh6-1.0/_build/sub'
test -z "" || rm -f 
test . = "../.." || test -z "" || rm -f 
rm -f subdir/config.h subdir/stamp-h1
rm -f config.status config.cache config.log configure.lineno config.status.lineno
rm -f Makefile
make[1]: Leaving directory '/sources/automake-1.16.1/t/confh6.dir/confh6-1.0/_build/sub'
if test -d "confh6-1.0"; then find "confh6-1.0" -type d ! -perm -200 -exec chmod u+w {} ';' && rm -rf "confh6-1.0" || { sleep 5 && rm -rf "confh6-1.0"; }; else :; fi
============================================
confh6-1.0 archives ready for distribution: 
confh6-1.0.tar.gz
============================================
+ :
+ am_exit_trap 0
+ exit_status=0
+ set +e
+ cd /sources/automake-1.16.1
+ test none = tap
+ case $am_explicit_skips in
+ test 0 -eq 0
+ am_keeping_testdirs
+ case $keep_testdirs in
+ return 1
+ rm_rf_ t/confh6.dir
+ test 1 -gt 0
+ /usr/bin/perl /sources/automake-1.16.1/t/ax/deltree.pl t/confh6.dir
+ set +x
PASS t/confh6.sh (exit status: 0)
