Running from installcheck: no
Test Protocol: none
PATH = /sources/automake-1.16.1/bin:/sources/automake-1.16.1/t/ax:/bin:/usr/bin:/sbin:/usr/sbin:/tools/bin
++ pwd
/sources/automake-1.16.1/t/confdeps.dir
+ echo 'FOO = foo'
+ aclocal-1.16 -Werror
+ echo 'confdeps: Generated by aclocal ...'
confdeps: Generated by aclocal ...
+ automake-1.16 --foreign -Werror -Wall
+ grep '^\$(ACLOCAL_M4):' Makefile.in
$(ACLOCAL_M4):  $(am__aclocal_m4_deps)
+ echo 'confdeps: Not generated by aclocal ...'
confdeps: Not generated by aclocal ...
+ sed -n '3,$p' aclocal.m4
+ mv -f aclocal.m4t aclocal.m4
+ automake-1.16 --foreign -Werror -Wall
+ grep '^\$(ACLOCAL_M4):' Makefile.in
+ :
+ am_exit_trap 0
+ exit_status=0
+ set +e
+ cd /sources/automake-1.16.1
+ test none = tap
+ case $am_explicit_skips in
+ test 0 -eq 0
+ am_keeping_testdirs
+ case $keep_testdirs in
+ return 1
+ rm_rf_ t/confdeps.dir
+ test 1 -gt 0
+ /usr/bin/perl /sources/automake-1.16.1/t/ax/deltree.pl t/confdeps.dir
+ set +x
PASS t/confdeps.sh (exit status: 0)
