Running from installcheck: no
Test Protocol: none
PATH = /sources/automake-1.16.1/bin:/sources/automake-1.16.1/t/ax:/bin:/usr/bin:/sbin:/usr/sbin:/tools/bin
++ pwd
/sources/automake-1.16.1/t/cxx-demo.dir
+ cat
+ cat
+ mkdir sub build-aux
+ aclocal-1.16 -Werror
+ autoheader
+ test -f config.hxx.in
+ autoconf
+ automake-1.16 --foreign -Werror -Wall --add-missing
configure.ac:4: installing 'build-aux/install-sh'
configure.ac:4: installing 'build-aux/missing'
Makefile.am: installing 'build-aux/depcomp'
+ test -f build-aux/depcomp
+ test '!' -e build-aux/compile
+ cat
+ cat
+ cat
+ cat
+ cat
+ cat
+ cat
+ ./configure
checking for a BSD-compatible install... /usr/bin/install -c
checking whether build environment is sane... yes
checking for a thread-safe mkdir -p... /tools/bin/mkdir -p
checking for gawk... gawk
checking whether make sets $(MAKE)... yes
checking whether make supports nested variables... yes
checking whether the C++ compiler works... yes
checking for C++ compiler default output file name... a.out
checking for suffix of executables... 
checking whether we are cross compiling... no
checking for suffix of object files... o
checking whether we are using the GNU C++ compiler... yes
checking whether c++ accepts -g... yes
checking whether make supports the include directive... yes (GNU style)
checking dependency style of c++... gcc3
checking that generated files are newer than configure... done
configure: creating ./config.status
config.status: creating Makefile
config.status: creating config.hxx
config.status: executing depfiles commands
+ make
make  all-am
make[1]: Entering directory '/sources/automake-1.16.1/t/cxx-demo.dir'
c++ -DHAVE_CONFIG_H -I.  -DOK_AM=1  -D'GREETINGS="Good morning"' -g -O2 -MT work-work.o -MD -MP -MF .deps/work-work.Tpo -c -o work-work.o `test -f 'work.cxx' || echo './'`work.cxx
mv -f .deps/work-work.Tpo .deps/work-work.Po
c++ -DHAVE_CONFIG_H -I.  -DOK_AM=1  -D'GREETINGS="Good morning"' -g -O2 -MT work-foo.o -MD -MP -MF .deps/work-foo.Tpo -c -o work-foo.o `test -f 'foo.cpp' || echo './'`foo.cpp
mv -f .deps/work-foo.Tpo .deps/work-foo.Po
c++ -DHAVE_CONFIG_H -I.  -DOK_AM=1  -D'GREETINGS="Good morning"' -g -O2 -MT sub/work-bar.o -MD -MP -MF sub/.deps/work-bar.Tpo -c -o sub/work-bar.o `test -f 'sub/bar.cc' || echo './'`sub/bar.cc
mv -f sub/.deps/work-bar.Tpo sub/.deps/work-bar.Po
c++ -D'GREETINGS="Good morning"' -g -O2   -o work work-work.o work-foo.o sub/work-bar.o  
depbase=`echo play.o | sed 's|[^/]*$|.deps/&|;s|\.o$||'`;\
c++ -DHAVE_CONFIG_H -I.  -DOK_AM=1   -g -O2 -MT play.o -MD -MP -MF $depbase.Tpo -c -o play.o play.c++ &&\
mv -f $depbase.Tpo $depbase.Po
depbase=`echo foo.o | sed 's|[^/]*$|.deps/&|;s|\.o$||'`;\
c++ -DHAVE_CONFIG_H -I.  -DOK_AM=1   -g -O2 -MT foo.o -MD -MP -MF $depbase.Tpo -c -o foo.o foo.cpp &&\
mv -f $depbase.Tpo $depbase.Po
depbase=`echo sub/bar.o | sed 's|[^/]*$|.deps/&|;s|\.o$||'`;\
c++ -DHAVE_CONFIG_H -I.  -DOK_AM=1   -g -O2 -MT sub/bar.o -MD -MP -MF $depbase.Tpo -c -o sub/bar.o sub/bar.cc &&\
mv -f $depbase.Tpo $depbase.Po
c++  -g -O2   -o play play.o foo.o sub/bar.o  
make[1]: Leaving directory '/sources/automake-1.16.1/t/cxx-demo.dir'
+ make test-objs
test -f play.o
test -f foo.o
test -f sub/bar.o
test -f work-foo.o
test -f sub/work-bar.o
test -f work-work.o
+ cross_compiling
+ test x '!=' x
+ unindent
+ test x = x
++ printf '%s\n' '
  /^$/b                    # Nothing to do for empty lines.
  x                        # Get x<indent> into pattern space.
  /^$/{                    # No prior x<indent>, go prepare it.
    g                      # Copy this 1st non-blank line into pattern space.
    s/^\([	 ]*\).*/x\1/   # Prepare x<indent> in pattern space.
  }                        # Now: x<indent> in pattern and <line> in hold.
  G                        # Build x<indent>\n<line> in pattern space, and
  h                        # duplicate it into hold space.
  s/\n.*$//                # Restore x<indent> in pattern space, and
  x                        # exchange with the above duplicate in hold space.
  s/^x\(.*\)\n\1//         # Remove leading <indent> from <line>.
  s/^x.*\n//               # Restore <line> when there is no leading <indent>.
'
++ sed -e 's/  *# .*//'
+ sed_unindent_prog='
  /^$/b
  x
  /^$/{
    g
    s/^\([	 ]*\).*/x\1/
  }
  G
  h
  s/\n.*$//
  x
  s/^x\(.*\)\n\1//
  s/^x.*\n//'
+ sed '
  /^$/b
  x
  /^$/{
    g
    s/^\([	 ]*\).*/x\1/
  }
  G
  h
  s/\n.*$//
  x
  s/^x\(.*\)\n\1//
  s/^x.*\n//'
+ unindent
+ test 'x
  /^$/b
  x
  /^$/{
    g
    s/^\([	 ]*\).*/x\1/
  }
  G
  h
  s/\n.*$//
  x
  s/^x\(.*\)\n\1//
  s/^x.*\n//' = x
+ sed '
  /^$/b
  x
  /^$/{
    g
    s/^\([	 ]*\).*/x\1/
  }
  G
  h
  s/\n.*$//
  x
  s/^x\(.*\)\n\1//
  s/^x.*\n//'
+ for p in play work
+ ./play
We are playing :-)
Howdy, play!
+ ./play
+ tr -d '\015'
+ cat exp.play
We are playing :-)
Howdy, play!
+ cat got.play
We are playing :-)
Howdy, play!
+ diff exp.play got.play
+ for p in play work
+ ./work
We are working :-(
Good morning, work.
+ ./work
+ tr -d '\015'
+ cat exp.work
We are working :-(
Good morning, work.
+ cat got.work
We are working :-(
Good morning, work.
+ diff exp.work got.work
+ make distcheck
make  dist-gzip am__post_remove_distdir='@:'
make[1]: Entering directory '/sources/automake-1.16.1/t/cxx-demo.dir'
make  distdir-am
make[2]: Entering directory '/sources/automake-1.16.1/t/cxx-demo.dir'
if test -d "c---demo-1.3"; then find "c---demo-1.3" -type d ! -perm -200 -exec chmod u+w {} ';' && rm -rf "c---demo-1.3" || { sleep 5 && rm -rf "c---demo-1.3"; }; else :; fi
test -d "c---demo-1.3" || mkdir "c---demo-1.3"
test -n "" \
|| find "c---demo-1.3" -type d ! -perm -755 \
	-exec chmod u+rwx,go+rx {} \; -o \
  ! -type d ! -perm -444 -links 1 -exec chmod a+r {} \; -o \
  ! -type d ! -perm -400 -exec chmod a+r {} \; -o \
  ! -type d ! -perm -444 -exec /bin/sh /sources/automake-1.16.1/t/cxx-demo.dir/build-aux/install-sh -c -m a+r {} {} \; \
|| chmod -R a+r "c---demo-1.3"
make[2]: Leaving directory '/sources/automake-1.16.1/t/cxx-demo.dir'
tardir=c---demo-1.3 && ${TAR-tar} chof - "$tardir" | eval GZIP= gzip --best -c >c---demo-1.3.tar.gz
make[1]: Leaving directory '/sources/automake-1.16.1/t/cxx-demo.dir'
if test -d "c---demo-1.3"; then find "c---demo-1.3" -type d ! -perm -200 -exec chmod u+w {} ';' && rm -rf "c---demo-1.3" || { sleep 5 && rm -rf "c---demo-1.3"; }; else :; fi
case 'c---demo-1.3.tar.gz' in \
*.tar.gz*) \
  eval GZIP= gzip --best -dc c---demo-1.3.tar.gz | ${TAR-tar} xf - ;;\
*.tar.bz2*) \
  bzip2 -dc c---demo-1.3.tar.bz2 | ${TAR-tar} xf - ;;\
*.tar.lz*) \
  lzip -dc c---demo-1.3.tar.lz | ${TAR-tar} xf - ;;\
*.tar.xz*) \
  xz -dc c---demo-1.3.tar.xz | ${TAR-tar} xf - ;;\
*.tar.Z*) \
  uncompress -c c---demo-1.3.tar.Z | ${TAR-tar} xf - ;;\
*.shar.gz*) \
  eval GZIP= gzip --best -dc c---demo-1.3.shar.gz | unshar ;;\
*.zip*) \
  unzip c---demo-1.3.zip ;;\
esac
chmod -R a-w c---demo-1.3
chmod u+w c---demo-1.3
mkdir c---demo-1.3/_build c---demo-1.3/_build/sub c---demo-1.3/_inst
chmod a-w c---demo-1.3
test -d c---demo-1.3/_build || exit 0; \
dc_install_base=`CDPATH="${ZSH_VERSION+.}:" && cd c---demo-1.3/_inst && pwd | sed -e 's,^[^:\\/]:[\\/],/,'` \
  && dc_destdir="${TMPDIR-/tmp}/am-dc-$$/" \
  && am__cwd=`pwd` \
  && CDPATH="${ZSH_VERSION+.}:" && cd c---demo-1.3/_build/sub \
  && ../../configure \
     \
     \
    --srcdir=../.. --prefix="$dc_install_base" \
  && make  \
  && make  dvi \
  && make  check \
  && make  install \
  && make  installcheck \
  && make  uninstall \
  && make  distuninstallcheck_dir="$dc_install_base" \
        distuninstallcheck \
  && chmod -R a-w "$dc_install_base" \
  && ({ \
       (cd ../.. && umask 077 && mkdir "$dc_destdir") \
       && make  DESTDIR="$dc_destdir" install \
       && make  DESTDIR="$dc_destdir" uninstall \
       && make  DESTDIR="$dc_destdir" \
            distuninstallcheck_dir="$dc_destdir" distuninstallcheck; \
      } || { rm -rf "$dc_destdir"; exit 1; }) \
  && rm -rf "$dc_destdir" \
  && make  dist \
  && rm -rf c---demo-1.3.tar.gz \
  && make  distcleancheck \
  && cd "$am__cwd" \
  || exit 1
checking for a BSD-compatible install... /usr/bin/install -c
checking whether build environment is sane... yes
checking for a thread-safe mkdir -p... /tools/bin/mkdir -p
checking for gawk... gawk
checking whether make sets $(MAKE)... yes
checking whether make supports nested variables... yes
checking whether the C++ compiler works... yes
checking for C++ compiler default output file name... a.out
checking for suffix of executables... 
checking whether we are cross compiling... no
checking for suffix of object files... o
checking whether we are using the GNU C++ compiler... yes
checking whether c++ accepts -g... yes
checking whether make supports the include directive... yes (GNU style)
checking dependency style of c++... gcc3
checking that generated files are newer than configure... done
configure: creating ./config.status
config.status: creating Makefile
config.status: creating config.hxx
config.status: executing depfiles commands
make[1]: Entering directory '/sources/automake-1.16.1/t/cxx-demo.dir/c---demo-1.3/_build/sub'
make  all-am
make[2]: Entering directory '/sources/automake-1.16.1/t/cxx-demo.dir/c---demo-1.3/_build/sub'
c++ -DHAVE_CONFIG_H -I. -I../..  -DOK_AM=1  -D'GREETINGS="Good morning"' -g -O2 -MT work-work.o -MD -MP -MF .deps/work-work.Tpo -c -o work-work.o `test -f 'work.cxx' || echo '../../'`work.cxx
mv -f .deps/work-work.Tpo .deps/work-work.Po
c++ -DHAVE_CONFIG_H -I. -I../..  -DOK_AM=1  -D'GREETINGS="Good morning"' -g -O2 -MT work-foo.o -MD -MP -MF .deps/work-foo.Tpo -c -o work-foo.o `test -f 'foo.cpp' || echo '../../'`foo.cpp
mv -f .deps/work-foo.Tpo .deps/work-foo.Po
c++ -DHAVE_CONFIG_H -I. -I../..  -DOK_AM=1  -D'GREETINGS="Good morning"' -g -O2 -MT sub/work-bar.o -MD -MP -MF sub/.deps/work-bar.Tpo -c -o sub/work-bar.o `test -f 'sub/bar.cc' || echo '../../'`sub/bar.cc
mv -f sub/.deps/work-bar.Tpo sub/.deps/work-bar.Po
c++ -D'GREETINGS="Good morning"' -g -O2   -o work work-work.o work-foo.o sub/work-bar.o  
depbase=`echo play.o | sed 's|[^/]*$|.deps/&|;s|\.o$||'`;\
c++ -DHAVE_CONFIG_H -I. -I../..  -DOK_AM=1   -g -O2 -MT play.o -MD -MP -MF $depbase.Tpo -c -o play.o ../../play.c++ &&\
mv -f $depbase.Tpo $depbase.Po
depbase=`echo foo.o | sed 's|[^/]*$|.deps/&|;s|\.o$||'`;\
c++ -DHAVE_CONFIG_H -I. -I../..  -DOK_AM=1   -g -O2 -MT foo.o -MD -MP -MF $depbase.Tpo -c -o foo.o ../../foo.cpp &&\
mv -f $depbase.Tpo $depbase.Po
depbase=`echo sub/bar.o | sed 's|[^/]*$|.deps/&|;s|\.o$||'`;\
c++ -DHAVE_CONFIG_H -I. -I../..  -DOK_AM=1   -g -O2 -MT sub/bar.o -MD -MP -MF $depbase.Tpo -c -o sub/bar.o ../../sub/bar.cc &&\
mv -f $depbase.Tpo $depbase.Po
c++  -g -O2   -o play play.o foo.o sub/bar.o  
make[2]: Leaving directory '/sources/automake-1.16.1/t/cxx-demo.dir/c---demo-1.3/_build/sub'
make[1]: Leaving directory '/sources/automake-1.16.1/t/cxx-demo.dir/c---demo-1.3/_build/sub'
make[1]: Entering directory '/sources/automake-1.16.1/t/cxx-demo.dir/c---demo-1.3/_build/sub'
make[1]: Nothing to be done for 'dvi'.
make[1]: Leaving directory '/sources/automake-1.16.1/t/cxx-demo.dir/c---demo-1.3/_build/sub'
make[1]: Entering directory '/sources/automake-1.16.1/t/cxx-demo.dir/c---demo-1.3/_build/sub'
make  check-local
make[2]: Entering directory '/sources/automake-1.16.1/t/cxx-demo.dir/c---demo-1.3/_build/sub'
test -f play.o
test -f foo.o
test -f sub/bar.o
test -f work-foo.o
test -f sub/work-bar.o
test -f work-work.o
make[2]: Leaving directory '/sources/automake-1.16.1/t/cxx-demo.dir/c---demo-1.3/_build/sub'
make[1]: Leaving directory '/sources/automake-1.16.1/t/cxx-demo.dir/c---demo-1.3/_build/sub'
make[1]: Entering directory '/sources/automake-1.16.1/t/cxx-demo.dir/c---demo-1.3/_build/sub'
make[2]: Entering directory '/sources/automake-1.16.1/t/cxx-demo.dir/c---demo-1.3/_build/sub'
 /tools/bin/mkdir -p '/sources/automake-1.16.1/t/cxx-demo.dir/c---demo-1.3/_inst/bin'
  /usr/bin/install -c work play '/sources/automake-1.16.1/t/cxx-demo.dir/c---demo-1.3/_inst/bin'
make[2]: Nothing to be done for 'install-data-am'.
make[2]: Leaving directory '/sources/automake-1.16.1/t/cxx-demo.dir/c---demo-1.3/_build/sub'
make[1]: Leaving directory '/sources/automake-1.16.1/t/cxx-demo.dir/c---demo-1.3/_build/sub'
make[1]: Entering directory '/sources/automake-1.16.1/t/cxx-demo.dir/c---demo-1.3/_build/sub'
make[1]: Nothing to be done for 'installcheck'.
make[1]: Leaving directory '/sources/automake-1.16.1/t/cxx-demo.dir/c---demo-1.3/_build/sub'
make[1]: Entering directory '/sources/automake-1.16.1/t/cxx-demo.dir/c---demo-1.3/_build/sub'
 ( cd '/sources/automake-1.16.1/t/cxx-demo.dir/c---demo-1.3/_inst/bin' && rm -f work play )
make[1]: Leaving directory '/sources/automake-1.16.1/t/cxx-demo.dir/c---demo-1.3/_build/sub'
make[1]: Entering directory '/sources/automake-1.16.1/t/cxx-demo.dir/c---demo-1.3/_build/sub'
make[1]: Leaving directory '/sources/automake-1.16.1/t/cxx-demo.dir/c---demo-1.3/_build/sub'
make[1]: Entering directory '/sources/automake-1.16.1/t/cxx-demo.dir/c---demo-1.3/_build/sub'
make[2]: Entering directory '/sources/automake-1.16.1/t/cxx-demo.dir/c---demo-1.3/_build/sub'
 /tools/bin/mkdir -p '/tmp/am-dc-20632//sources/automake-1.16.1/t/cxx-demo.dir/c---demo-1.3/_inst/bin'
  /usr/bin/install -c work play '/tmp/am-dc-20632//sources/automake-1.16.1/t/cxx-demo.dir/c---demo-1.3/_inst/bin'
make[2]: Nothing to be done for 'install-data-am'.
make[2]: Leaving directory '/sources/automake-1.16.1/t/cxx-demo.dir/c---demo-1.3/_build/sub'
make[1]: Leaving directory '/sources/automake-1.16.1/t/cxx-demo.dir/c---demo-1.3/_build/sub'
make[1]: Entering directory '/sources/automake-1.16.1/t/cxx-demo.dir/c---demo-1.3/_build/sub'
 ( cd '/tmp/am-dc-20632//sources/automake-1.16.1/t/cxx-demo.dir/c---demo-1.3/_inst/bin' && rm -f work play )
make[1]: Leaving directory '/sources/automake-1.16.1/t/cxx-demo.dir/c---demo-1.3/_build/sub'
make[1]: Entering directory '/sources/automake-1.16.1/t/cxx-demo.dir/c---demo-1.3/_build/sub'
make[1]: Leaving directory '/sources/automake-1.16.1/t/cxx-demo.dir/c---demo-1.3/_build/sub'
make[1]: Entering directory '/sources/automake-1.16.1/t/cxx-demo.dir/c---demo-1.3/_build/sub'
make  dist-gzip am__post_remove_distdir='@:'
make[2]: Entering directory '/sources/automake-1.16.1/t/cxx-demo.dir/c---demo-1.3/_build/sub'
make  distdir-am
make[3]: Entering directory '/sources/automake-1.16.1/t/cxx-demo.dir/c---demo-1.3/_build/sub'
if test -d "c---demo-1.3"; then find "c---demo-1.3" -type d ! -perm -200 -exec chmod u+w {} ';' && rm -rf "c---demo-1.3" || { sleep 5 && rm -rf "c---demo-1.3"; }; else :; fi
test -d "c---demo-1.3" || mkdir "c---demo-1.3"
test -n "" \
|| find "c---demo-1.3" -type d ! -perm -755 \
	-exec chmod u+rwx,go+rx {} \; -o \
  ! -type d ! -perm -444 -links 1 -exec chmod a+r {} \; -o \
  ! -type d ! -perm -400 -exec chmod a+r {} \; -o \
  ! -type d ! -perm -444 -exec /bin/sh /sources/automake-1.16.1/t/cxx-demo.dir/c---demo-1.3/build-aux/install-sh -c -m a+r {} {} \; \
|| chmod -R a+r "c---demo-1.3"
make[3]: Leaving directory '/sources/automake-1.16.1/t/cxx-demo.dir/c---demo-1.3/_build/sub'
tardir=c---demo-1.3 && ${TAR-tar} chof - "$tardir" | eval GZIP= gzip --best -c >c---demo-1.3.tar.gz
make[2]: Leaving directory '/sources/automake-1.16.1/t/cxx-demo.dir/c---demo-1.3/_build/sub'
if test -d "c---demo-1.3"; then find "c---demo-1.3" -type d ! -perm -200 -exec chmod u+w {} ';' && rm -rf "c---demo-1.3" || { sleep 5 && rm -rf "c---demo-1.3"; }; else :; fi
make[1]: Leaving directory '/sources/automake-1.16.1/t/cxx-demo.dir/c---demo-1.3/_build/sub'
make[1]: Entering directory '/sources/automake-1.16.1/t/cxx-demo.dir/c---demo-1.3/_build/sub'
test -z "work play" || rm -f work play
rm -f *.o
rm -f sub/*.o
rm -f *.tab.c
test -z "" || rm -f 
test . = "../.." || test -z "" || rm -f 
rm -f sub/.deps/.dirstamp
rm -f sub/.dirstamp
rm -f config.hxx stamp-h1
rm -f TAGS ID GTAGS GRTAGS GSYMS GPATH tags
rm -f cscope.out cscope.in.out cscope.po.out cscope.files
rm -f config.status config.cache config.log configure.lineno config.status.lineno
rm -f ./.deps/foo.Po
rm -f ./.deps/play.Po
rm -f ./.deps/work-foo.Po
rm -f ./.deps/work-work.Po
rm -f sub/.deps/bar.Po
rm -f sub/.deps/work-bar.Po
rm -f Makefile
make[1]: Leaving directory '/sources/automake-1.16.1/t/cxx-demo.dir/c---demo-1.3/_build/sub'
if test -d "c---demo-1.3"; then find "c---demo-1.3" -type d ! -perm -200 -exec chmod u+w {} ';' && rm -rf "c---demo-1.3" || { sleep 5 && rm -rf "c---demo-1.3"; }; else :; fi
==============================================
c---demo-1.3 archives ready for distribution: 
c---demo-1.3.tar.gz
==============================================
+ :
+ am_exit_trap 0
+ exit_status=0
+ set +e
+ cd /sources/automake-1.16.1
+ test none = tap
+ case $am_explicit_skips in
+ test 0 -eq 0
+ am_keeping_testdirs
+ case $keep_testdirs in
+ return 1
+ rm_rf_ t/cxx-demo.dir
+ test 1 -gt 0
+ /usr/bin/perl /sources/automake-1.16.1/t/ax/deltree.pl t/cxx-demo.dir
+ set +x
PASS t/cxx-demo.sh (exit status: 0)
