Running from installcheck: no
Test Protocol: none
PATH = /sources/automake-1.16.1/bin:/sources/automake-1.16.1/t/ax:/bin:/usr/bin:/sbin:/usr/sbin:/tools/bin
++ pwd
/sources/automake-1.16.1/t/cxx2.dir
+ echo AC_PROG_CC
+ cat
+ aclocal-1.16 -Werror
+ AUTOMAKE_fails
+ AUTOMAKE_run -e 1
+ am__desc=
+ am__exp_rc=0
+ test 2 -gt 0
+ case $1 in
+ am__exp_rc=1
+ shift
+ shift
+ test 0 -gt 0
+ am__got_rc=0
+ automake-1.16 --foreign -Werror -Wall
+ am__got_rc=1
+ cat stderr
/sources/automake-1.16.1/lib/am/depend2.am: error: am__fastdepCXX does not appear in AM_CONDITIONAL
/sources/automake-1.16.1/lib/am/depend2.am:   The usual way to define 'am__fastdepCXX' is to add 'AC_PROG_CXX'
/sources/automake-1.16.1/lib/am/depend2.am:   to 'configure.ac' and run 'aclocal' and 'autoconf' again
Makefile.am: error: C++ source seen but 'CXX' is undefined
Makefile.am:   The usual way to define 'CXX' is to add 'AC_PROG_CXX'
Makefile.am:   to 'configure.ac' and run 'autoconf' again.
+ cat stdout
+ test none = none
+ test 1 -eq 1
+ return
+ grep AC_PROG_CXX stderr
/sources/automake-1.16.1/lib/am/depend2.am:   The usual way to define 'am__fastdepCXX' is to add 'AC_PROG_CXX'
Makefile.am:   The usual way to define 'CXX' is to add 'AC_PROG_CXX'
+ am_exit_trap 0
+ exit_status=0
+ set +e
+ cd /sources/automake-1.16.1
+ test none = tap
+ case $am_explicit_skips in
+ test 0 -eq 0
+ am_keeping_testdirs
+ case $keep_testdirs in
+ return 1
+ rm_rf_ t/cxx2.dir
+ test 1 -gt 0
+ /usr/bin/perl /sources/automake-1.16.1/t/ax/deltree.pl t/cxx2.dir
+ set +x
PASS t/cxx2.sh (exit status: 0)
