Running from installcheck: no
Test Protocol: none
PATH = /sources/automake-1.16.1/bin:/sources/automake-1.16.1/t/ax:/bin:/usr/bin:/sbin:/usr/sbin:/tools/bin
++ pwd
/sources/automake-1.16.1/t/cygwin32.dir
+ cat
+ cat
+ aclocal-1.16 -Werror
+ automake-1.16 --foreign -Werror -Wall
+ grep '^CYGWIN' Makefile.in
+ grep EXEEXT Makefile.in
bin_PROGRAMS = www$(EXEEXT)
EXEEXT = @EXEEXT@
	sed 's/$(EXEEXT)$$//' | \
	    -e 'p;x;s,.*/,,;s/$(EXEEXT)$$//;$(transform);s/$$/$(EXEEXT)/' | \
	  sed -e 'h;s,^.*/,,;s/$(EXEEXT)$$//;$(transform)' \
	      -e 's/$$/$(EXEEXT)/' \
www$(EXEEXT): $(www_OBJECTS) $(www_DEPENDENCIES) $(EXTRA_www_DEPENDENCIES) 
	@rm -f www$(EXEEXT)
+ :
+ am_exit_trap 0
+ exit_status=0
+ set +e
+ cd /sources/automake-1.16.1
+ test none = tap
+ case $am_explicit_skips in
+ test 0 -eq 0
+ am_keeping_testdirs
+ case $keep_testdirs in
+ return 1
+ rm_rf_ t/cygwin32.dir
+ test 1 -gt 0
+ /usr/bin/perl /sources/automake-1.16.1/t/ax/deltree.pl t/cygwin32.dir
+ set +x
PASS t/cygwin32.sh (exit status: 0)
