Running from installcheck: no
Test Protocol: none
PATH = /sources/automake-1.16.1/bin:/sources/automake-1.16.1/t/ax:/bin:/usr/bin:/sbin:/usr/sbin:/tools/bin
++ pwd
/sources/automake-1.16.1/t/dejagnu-siteexp-append.dir
+ cat
+ cat
+ aclocal-1.16 -Werror
+ autoconf
+ automake-1.16 --foreign -Werror -Wall --add-missing
+ ./configure
checking for a BSD-compatible install... /usr/bin/install -c
checking whether build environment is sane... yes
checking for a thread-safe mkdir -p... /tools/bin/mkdir -p
checking for gawk... gawk
checking whether make sets $(MAKE)... yes
checking whether make supports nested variables... yes
checking that generated files are newer than configure... done
configure: creating ./config.status
config.status: creating Makefile
+ make site.exp
Making a new site.exp file ...
+ sed '/^##.*##$/d' site.exp
+ cat
+ cat foo.exp -
+ cat
+ automake-1.16 --foreign -Werror -Wall Makefile
+ ./config.status Makefile
config.status: creating Makefile
+ rm -f site.exp
+ make site.exp
Making a new site.exp file ...
+ sed '/^##.*##$/d' site.exp
+ cat expected
# Do not edit here.  If you wish to override these values
# edit the last section
set srcdir "."
set objdir /sources/automake-1.16.1/t/dejagnu-siteexp-append.dir
foo1
foo2
foo3
BAR 1
# foo
BAR 2
+ cat site.exp
## these variables are automatically generated by make ##
# Do not edit here.  If you wish to override these values
# edit the last section
set srcdir "."
set objdir /sources/automake-1.16.1/t/dejagnu-siteexp-append.dir
## Begin content included from file foo.exp.  Do not modify. ##
foo1
foo2
foo3
## End content included from file foo.exp. ##
## Begin content included from file bar.exp.  Do not modify. ##
BAR 1
# foo
BAR 2
## End content included from file bar.exp. ##
## End of auto-generated content; you can edit from here. ##
+ diff expected obtained
+ :
+ am_exit_trap 0
+ exit_status=0
+ set +e
+ cd /sources/automake-1.16.1
+ test none = tap
+ case $am_explicit_skips in
+ test 0 -eq 0
+ am_keeping_testdirs
+ case $keep_testdirs in
+ return 1
+ rm_rf_ t/dejagnu-siteexp-append.dir
+ test 1 -gt 0
+ /usr/bin/perl /sources/automake-1.16.1/t/ax/deltree.pl t/dejagnu-siteexp-append.dir
+ set +x
PASS t/dejagnu-siteexp-append.sh (exit status: 0)
