Running from installcheck: no
Test Protocol: none
PATH = /sources/automake-1.16.1/bin:/sources/automake-1.16.1/t/ax:/bin:/usr/bin:/sbin:/usr/sbin:/tools/bin
++ pwd
/sources/automake-1.16.1/t/deleted-m4.dir
+ cat
+ :
+ echo 'm4_include([zardoz.m4])'
+ :
+ aclocal-1.16 -Werror
+ autoconf
+ automake-1.16 --foreign -Werror -Wall
+ ./configure
checking for a BSD-compatible install... /usr/bin/install -c
checking whether build environment is sane... yes
checking for a thread-safe mkdir -p... /tools/bin/mkdir -p
checking for gawk... gawk
checking whether make sets $(MAKE)... yes
checking whether make supports nested variables... yes
checking that generated files are newer than configure... done
configure: creating ./config.status
config.status: creating Makefile
+ make
make: Nothing to be done for 'all'.
+ rm -f zardoz.m4
+ run_make -e FAIL -M
+ am__make_redirect_stdout=no
+ am__make_redirect_stderr=no
+ am__make_redirect_stdall=no
+ am__make_flags=
+ am__make_rc_exp=0
+ am_make_rc=0
+ test 3 -gt 0
+ case $1 in
+ am__make_rc_exp=FAIL
+ shift
+ shift
+ test 1 -gt 0
+ case $1 in
+ am__make_redirect_stdall=yes
+ shift
+ test 0 -gt 0
+ using_gmake
+ case $am__using_gmake in
+ make --version -v
+ grep GNU
GNU Make 4.2.1
License GPLv3+: GNU GPL version 3 or later <http://gnu.org/licenses/gpl.html>
+ am__using_gmake=yes
+ return 0
+ :
+ test x '!=' x
+ : exec make
+ set +x
+ am_make_rc=2
+ test 2 -eq 253
+ test yes = yes
+ cat output
CDPATH="${ZSH_VERSION+.}:" && cd . && /bin/sh /sources/automake-1.16.1/t/deleted-m4.dir/missing aclocal-1.16 
aclocal-1.16: error: foobar.m4:1: file 'zardoz.m4' does not exist
make: *** [Makefile:247: aclocal.m4] Error 1
+ case $am__make_rc_exp in
+ test 2 -gt 0
+ grep ' foobar\.m4:1:.*zardoz\.m4.*does not exist' output
aclocal-1.16: error: foobar.m4:1: file 'zardoz.m4' does not exist
+ /bin/grep -F -v ' foobar.m4:1:' output
+ /bin/grep -F foobar.m4
+ :
+ aclocal-1.16 -Werror --force
+ autoconf
+ ./configure
checking for a BSD-compatible install... /usr/bin/install -c
checking whether build environment is sane... yes
checking for a thread-safe mkdir -p... /tools/bin/mkdir -p
checking for gawk... gawk
checking whether make sets $(MAKE)... yes
checking whether make supports nested variables... yes
checking that generated files are newer than configure... done
configure: creating ./config.status
config.status: creating Makefile
+ make
CDPATH="${ZSH_VERSION+.}:" && cd . && /bin/sh /sources/automake-1.16.1/t/deleted-m4.dir/missing aclocal-1.16 
 cd . && /bin/sh /sources/automake-1.16.1/t/deleted-m4.dir/missing automake-1.16 --foreign
CDPATH="${ZSH_VERSION+.}:" && cd . && /bin/sh /sources/automake-1.16.1/t/deleted-m4.dir/missing autoconf
/bin/sh ./config.status --recheck
running CONFIG_SHELL=/bin/sh /bin/sh ./configure build_alias= host_alias= --no-create --no-recursion
checking for a BSD-compatible install... /usr/bin/install -c
checking whether build environment is sane... yes
checking for a thread-safe mkdir -p... /tools/bin/mkdir -p
checking for gawk... gawk
checking whether make sets $(MAKE)... yes
checking whether make supports nested variables... yes
checking that generated files are newer than configure... done
configure: creating ./config.status
 /bin/sh ./config.status
config.status: creating Makefile
make: Nothing to be done for 'all'.
+ rm -f foobar.m4
+ run_make -e FAIL -M
+ am__make_redirect_stdout=no
+ am__make_redirect_stderr=no
+ am__make_redirect_stdall=no
+ am__make_flags=
+ am__make_rc_exp=0
+ am_make_rc=0
+ test 3 -gt 0
+ case $1 in
+ am__make_rc_exp=FAIL
+ shift
+ shift
+ test 1 -gt 0
+ case $1 in
+ am__make_redirect_stdall=yes
+ shift
+ test 0 -gt 0
+ using_gmake
+ case $am__using_gmake in
+ return 0
+ :
+ test x '!=' x
+ : exec make
+ set +x
+ am_make_rc=2
+ test 2 -eq 253
+ test yes = yes
+ cat output
CDPATH="${ZSH_VERSION+.}:" && cd . && /bin/sh /sources/automake-1.16.1/t/deleted-m4.dir/missing aclocal-1.16 
aclocal-1.16: error: configure.ac:4: file 'foobar.m4' does not exist
make: *** [Makefile:247: aclocal.m4] Error 1
+ case $am__make_rc_exp in
+ test 2 -gt 0
+ grep 'foobar\.m4.*does not exist' output
aclocal-1.16: error: configure.ac:4: file 'foobar.m4' does not exist
+ /bin/grep -F zardoz.m4 output
+ :
+ am_exit_trap 0
+ exit_status=0
+ set +e
+ cd /sources/automake-1.16.1
+ test none = tap
+ case $am_explicit_skips in
+ test 0 -eq 0
+ am_keeping_testdirs
+ case $keep_testdirs in
+ return 1
+ rm_rf_ t/deleted-m4.dir
+ test 1 -gt 0
+ /usr/bin/perl /sources/automake-1.16.1/t/ax/deltree.pl t/deleted-m4.dir
+ set +x
PASS t/deleted-m4.sh (exit status: 0)
