Running from installcheck: no
Test Protocol: none
PATH = /sources/automake-1.16.1/bin:/sources/automake-1.16.1/t/ax:/bin:/usr/bin:/sbin:/usr/sbin:/tools/bin
++ pwd
/sources/automake-1.16.1/t/deleted-am.dir
+ echo AC_OUTPUT
+ echo 'include $(top_srcdir)/foobar.am'
+ echo 'include zardoz.am'
+ :
+ aclocal-1.16 -Werror
+ autoconf
+ automake-1.16 --foreign -Werror -Wall
+ ./configure
checking for a BSD-compatible install... /usr/bin/install -c
checking whether build environment is sane... yes
checking for a thread-safe mkdir -p... /tools/bin/mkdir -p
checking for gawk... gawk
checking whether make sets $(MAKE)... yes
checking whether make supports nested variables... yes
checking that generated files are newer than configure... done
configure: creating ./config.status
config.status: creating Makefile
+ make
make: Nothing to be done for 'all'.
+ rm -f zardoz.am
+ using_gmake
+ case $am__using_gmake in
+ make --version -v
+ grep GNU
GNU Make 4.2.1
License GPLv3+: GNU GPL version 3 or later <http://gnu.org/licenses/gpl.html>
+ am__using_gmake=yes
+ return 0
+ run_make -e FAIL -M
+ am__make_redirect_stdout=no
+ am__make_redirect_stderr=no
+ am__make_redirect_stdall=no
+ am__make_flags=
+ am__make_rc_exp=0
+ am_make_rc=0
+ test 3 -gt 0
+ case $1 in
+ am__make_rc_exp=FAIL
+ shift
+ shift
+ test 1 -gt 0
+ case $1 in
+ am__make_redirect_stdall=yes
+ shift
+ test 0 -gt 0
+ using_gmake
+ case $am__using_gmake in
+ return 0
+ :
+ test x '!=' x
+ : exec make
+ set +x
+ am_make_rc=2
+ test 2 -eq 253
+ test yes = yes
+ cat output
 cd . && /bin/sh /sources/automake-1.16.1/t/deleted-am.dir/missing automake-1.16 --foreign Makefile
automake-1.16: error: cannot open < zardoz.am: No such file or directory
make: *** [Makefile:218: Makefile.in] Error 1
+ case $am__make_rc_exp in
+ test 2 -gt 0
+ grep 'cannot open.*zardoz\.am' output
automake-1.16: error: cannot open < zardoz.am: No such file or directory
+ grep 'foobar\.am' output
+ :
+ automake-1.16 --foreign -Werror -Wall Makefile
+ ./config.status Makefile
config.status: creating Makefile
+ make
make: Nothing to be done for 'all'.
+ rm -f foobar.am
+ using_gmake
+ case $am__using_gmake in
+ return 0
+ run_make -e FAIL -M
+ am__make_redirect_stdout=no
+ am__make_redirect_stderr=no
+ am__make_redirect_stdall=no
+ am__make_flags=
+ am__make_rc_exp=0
+ am_make_rc=0
+ test 3 -gt 0
+ case $1 in
+ am__make_rc_exp=FAIL
+ shift
+ shift
+ test 1 -gt 0
+ case $1 in
+ am__make_redirect_stdall=yes
+ shift
+ test 0 -gt 0
+ using_gmake
+ case $am__using_gmake in
+ return 0
+ :
+ test x '!=' x
+ : exec make
+ set +x
+ am_make_rc=2
+ test 2 -eq 253
+ test yes = yes
+ cat output
 cd . && /bin/sh /sources/automake-1.16.1/t/deleted-am.dir/missing automake-1.16 --foreign Makefile
automake-1.16: error: cannot open < foobar.am: No such file or directory
make: *** [Makefile:218: Makefile.in] Error 1
+ case $am__make_rc_exp in
+ test 2 -gt 0
+ grep 'cannot open.*foobar\.am' output
automake-1.16: error: cannot open < foobar.am: No such file or directory
+ :
+ am_exit_trap 0
+ exit_status=0
+ set +e
+ cd /sources/automake-1.16.1
+ test none = tap
+ case $am_explicit_skips in
+ test 0 -eq 0
+ am_keeping_testdirs
+ case $keep_testdirs in
+ return 1
+ rm_rf_ t/deleted-am.dir
+ test 1 -gt 0
+ /usr/bin/perl /sources/automake-1.16.1/t/ax/deltree.pl t/deleted-am.dir
+ set +x
PASS t/deleted-am.sh (exit status: 0)
