Running from installcheck: no
Test Protocol: none
PATH = /sources/automake-1.16.1/bin:/sources/automake-1.16.1/t/ax:/bin:/usr/bin:/sbin:/usr/sbin:/tools/bin
++ pwd
/sources/automake-1.16.1/t/depdist.dir
+ rm -f configure.ac
+ mkdir config
+ for i in *
+ test compile '!=' config
+ mv -f compile config
+ for i in *
+ test config '!=' config
+ for i in *
+ test depcomp '!=' config
+ mv -f depcomp config
+ for i in *
+ test install-sh '!=' config
+ mv -f install-sh config
+ for i in *
+ test missing '!=' config
+ mv -f missing config
+ cat
+ cat
+ mkdir subdir
+ cat
+ cat
+ aclocal-1.16 -Werror
+ autoconf
+ automake-1.16 --foreign -Werror -Wall --add-missing
+ ./configure
checking for a BSD-compatible install... /usr/bin/install -c
checking whether build environment is sane... yes
checking for a thread-safe mkdir -p... /tools/bin/mkdir -p
checking for gawk... gawk
checking whether make sets $(MAKE)... yes
checking whether make supports nested variables... yes
checking for gcc... cc
checking whether the C compiler works... yes
checking for C compiler default output file name... a.out
checking for suffix of executables... 
checking whether we are cross compiling... no
checking for suffix of object files... o
checking whether we are using the GNU C compiler... yes
checking whether cc accepts -g... yes
checking for cc option to accept ISO C89... none needed
checking whether cc understands -c and -o together... yes
checking whether make supports the include directive... yes (GNU style)
checking dependency style of cc... gcc3
checking that generated files are newer than configure... done
configure: creating ./config.status
config.status: creating subdir/Makefile
config.status: creating Makefile
config.status: executing depfiles commands
+ make check
Making check in subdir
make[1]: Entering directory '/sources/automake-1.16.1/t/depdist.dir/subdir'
cc -DPACKAGE_NAME=\"depdist\" -DPACKAGE_TARNAME=\"depdist\" -DPACKAGE_VERSION=\"1.0\" -DPACKAGE_STRING=\"depdist\ 1.0\" -DPACKAGE_BUGREPORT=\"\" -DPACKAGE_URL=\"\" -DPACKAGE=\"depdist\" -DVERSION=\"1.0\" -I.     -g -O2 -MT foo.o -MD -MP -MF .deps/foo.Tpo -c -o foo.o foo.c
mv -f .deps/foo.Tpo .deps/foo.Po
cc  -g -O2   -o foo foo.o  
make[1]: Leaving directory '/sources/automake-1.16.1/t/depdist.dir/subdir'
make[1]: Entering directory '/sources/automake-1.16.1/t/depdist.dir'
make  check-local
make[2]: Entering directory '/sources/automake-1.16.1/t/depdist.dir'
echo ' ' ./Makefile.am ./configure ./configure.ac  ./aclocal.m4 ./Makefile.in ./config/compile ./config/install-sh ./config/missing config/compile config/depcomp config/install-sh config/missing ' ' | grep '[ /]config/depcomp '
  ./Makefile.am ./configure ./configure.ac ./aclocal.m4 ./Makefile.in ./config/compile ./config/install-sh ./config/missing config/compile config/depcomp config/install-sh config/missing  
make  distdir-am
make[3]: Entering directory '/sources/automake-1.16.1/t/depdist.dir'
if test -d "depdist-1.0"; then find "depdist-1.0" -type d ! -perm -200 -exec chmod u+w {} ';' && rm -rf "depdist-1.0" || { sleep 5 && rm -rf "depdist-1.0"; }; else :; fi
test -d "depdist-1.0" || mkdir "depdist-1.0"
 (cd subdir && make  top_distdir=../depdist-1.0 distdir=../depdist-1.0/subdir \
     am__remove_distdir=: am__skip_length_check=: am__skip_mode_fix=: distdir)
make[4]: Entering directory '/sources/automake-1.16.1/t/depdist.dir/subdir'
make  distdir-am
make[5]: Entering directory '/sources/automake-1.16.1/t/depdist.dir/subdir'
make[5]: Leaving directory '/sources/automake-1.16.1/t/depdist.dir/subdir'
make[4]: Leaving directory '/sources/automake-1.16.1/t/depdist.dir/subdir'
test -n "" \
|| find "depdist-1.0" -type d ! -perm -755 \
	-exec chmod u+rwx,go+rx {} \; -o \
  ! -type d ! -perm -444 -links 1 -exec chmod a+r {} \; -o \
  ! -type d ! -perm -400 -exec chmod a+r {} \; -o \
  ! -type d ! -perm -444 -exec /bin/sh /sources/automake-1.16.1/t/depdist.dir/config/install-sh -c -m a+r {} {} \; \
|| chmod -R a+r "depdist-1.0"
make[3]: Leaving directory '/sources/automake-1.16.1/t/depdist.dir'
ls -l depdist-1.0/*
-rw-r--r-- 1 root root    197 Nov 27 06:40 depdist-1.0/Makefile.am
-rw-r--r-- 1 root root  24092 Nov 27 06:40 depdist-1.0/Makefile.in
-rw-r--r-- 1 root root  41888 Nov 27 06:40 depdist-1.0/aclocal.m4
-rwxr-xr-x 1 root root 141109 Nov 27 06:40 depdist-1.0/configure
-rw-r--r-- 1 root root    136 Nov 27 06:40 depdist-1.0/configure.ac

depdist-1.0/config:
total 56
-rwxr-xr-x 1 root root  7383 Nov 27 06:40 compile
-rwxr-xr-x 1 root root 23568 Nov 27 06:40 depcomp
-rwxr-xr-x 1 root root 15368 Nov 27 06:40 install-sh
-rwxr-xr-x 1 root root  6878 Nov 27 06:40 missing

depdist-1.0/subdir:
total 28
-rw-r--r-- 1 root root    39 Nov 27 06:40 Makefile.am
-rw-r--r-- 1 root root 17229 Nov 27 06:40 Makefile.in
-rw-r--r-- 1 root root    31 Nov 27 06:40 foo.c
test -f depdist-1.0/config/depcomp
make[2]: Leaving directory '/sources/automake-1.16.1/t/depdist.dir'
make[1]: Leaving directory '/sources/automake-1.16.1/t/depdist.dir'
+ make distcheck
make  dist-gzip am__post_remove_distdir='@:'
make[1]: Entering directory '/sources/automake-1.16.1/t/depdist.dir'
make  distdir-am
make[2]: Entering directory '/sources/automake-1.16.1/t/depdist.dir'
if test -d "depdist-1.0"; then find "depdist-1.0" -type d ! -perm -200 -exec chmod u+w {} ';' && rm -rf "depdist-1.0" || { sleep 5 && rm -rf "depdist-1.0"; }; else :; fi
test -d "depdist-1.0" || mkdir "depdist-1.0"
 (cd subdir && make  top_distdir=../depdist-1.0 distdir=../depdist-1.0/subdir \
     am__remove_distdir=: am__skip_length_check=: am__skip_mode_fix=: distdir)
make[3]: Entering directory '/sources/automake-1.16.1/t/depdist.dir/subdir'
make  distdir-am
make[4]: Entering directory '/sources/automake-1.16.1/t/depdist.dir/subdir'
make[4]: Leaving directory '/sources/automake-1.16.1/t/depdist.dir/subdir'
make[3]: Leaving directory '/sources/automake-1.16.1/t/depdist.dir/subdir'
test -n "" \
|| find "depdist-1.0" -type d ! -perm -755 \
	-exec chmod u+rwx,go+rx {} \; -o \
  ! -type d ! -perm -444 -links 1 -exec chmod a+r {} \; -o \
  ! -type d ! -perm -400 -exec chmod a+r {} \; -o \
  ! -type d ! -perm -444 -exec /bin/sh /sources/automake-1.16.1/t/depdist.dir/config/install-sh -c -m a+r {} {} \; \
|| chmod -R a+r "depdist-1.0"
make[2]: Leaving directory '/sources/automake-1.16.1/t/depdist.dir'
tardir=depdist-1.0 && ${TAR-tar} chof - "$tardir" | eval GZIP= gzip --best -c >depdist-1.0.tar.gz
make[1]: Leaving directory '/sources/automake-1.16.1/t/depdist.dir'
if test -d "depdist-1.0"; then find "depdist-1.0" -type d ! -perm -200 -exec chmod u+w {} ';' && rm -rf "depdist-1.0" || { sleep 5 && rm -rf "depdist-1.0"; }; else :; fi
case 'depdist-1.0.tar.gz' in \
*.tar.gz*) \
  eval GZIP= gzip --best -dc depdist-1.0.tar.gz | ${TAR-tar} xf - ;;\
*.tar.bz2*) \
  bzip2 -dc depdist-1.0.tar.bz2 | ${TAR-tar} xf - ;;\
*.tar.lz*) \
  lzip -dc depdist-1.0.tar.lz | ${TAR-tar} xf - ;;\
*.tar.xz*) \
  xz -dc depdist-1.0.tar.xz | ${TAR-tar} xf - ;;\
*.tar.Z*) \
  uncompress -c depdist-1.0.tar.Z | ${TAR-tar} xf - ;;\
*.shar.gz*) \
  eval GZIP= gzip --best -dc depdist-1.0.shar.gz | unshar ;;\
*.zip*) \
  unzip depdist-1.0.zip ;;\
esac
chmod -R a-w depdist-1.0
chmod u+w depdist-1.0
mkdir depdist-1.0/_build depdist-1.0/_build/sub depdist-1.0/_inst
chmod a-w depdist-1.0
test -d depdist-1.0/_build || exit 0; \
dc_install_base=`CDPATH="${ZSH_VERSION+.}:" && cd depdist-1.0/_inst && pwd | sed -e 's,^[^:\\/]:[\\/],/,'` \
  && dc_destdir="${TMPDIR-/tmp}/am-dc-$$/" \
  && am__cwd=`pwd` \
  && CDPATH="${ZSH_VERSION+.}:" && cd depdist-1.0/_build/sub \
  && ../../configure \
     \
     \
    --srcdir=../.. --prefix="$dc_install_base" \
  && make  \
  && make  dvi \
  && make  check \
  && make  install \
  && make  installcheck \
  && make  uninstall \
  && make  distuninstallcheck_dir="$dc_install_base" \
        distuninstallcheck \
  && chmod -R a-w "$dc_install_base" \
  && ({ \
       (cd ../.. && umask 077 && mkdir "$dc_destdir") \
       && make  DESTDIR="$dc_destdir" install \
       && make  DESTDIR="$dc_destdir" uninstall \
       && make  DESTDIR="$dc_destdir" \
            distuninstallcheck_dir="$dc_destdir" distuninstallcheck; \
      } || { rm -rf "$dc_destdir"; exit 1; }) \
  && rm -rf "$dc_destdir" \
  && make  dist \
  && rm -rf depdist-1.0.tar.gz \
  && make  distcleancheck \
  && cd "$am__cwd" \
  || exit 1
checking for a BSD-compatible install... /usr/bin/install -c
checking whether build environment is sane... yes
checking for a thread-safe mkdir -p... /tools/bin/mkdir -p
checking for gawk... gawk
checking whether make sets $(MAKE)... yes
checking whether make supports nested variables... yes
checking for gcc... cc
checking whether the C compiler works... yes
checking for C compiler default output file name... a.out
checking for suffix of executables... 
checking whether we are cross compiling... no
checking for suffix of object files... o
checking whether we are using the GNU C compiler... yes
checking whether cc accepts -g... yes
checking for cc option to accept ISO C89... none needed
checking whether cc understands -c and -o together... yes
checking whether make supports the include directive... yes (GNU style)
checking dependency style of cc... gcc3
checking that generated files are newer than configure... done
configure: creating ./config.status
config.status: creating subdir/Makefile
config.status: creating Makefile
config.status: executing depfiles commands
make[1]: Entering directory '/sources/automake-1.16.1/t/depdist.dir/depdist-1.0/_build/sub'
Making all in subdir
make[2]: Entering directory '/sources/automake-1.16.1/t/depdist.dir/depdist-1.0/_build/sub/subdir'
cc -DPACKAGE_NAME=\"depdist\" -DPACKAGE_TARNAME=\"depdist\" -DPACKAGE_VERSION=\"1.0\" -DPACKAGE_STRING=\"depdist\ 1.0\" -DPACKAGE_BUGREPORT=\"\" -DPACKAGE_URL=\"\" -DPACKAGE=\"depdist\" -DVERSION=\"1.0\" -I. -I../../../subdir     -g -O2 -MT foo.o -MD -MP -MF .deps/foo.Tpo -c -o foo.o ../../../subdir/foo.c
mv -f .deps/foo.Tpo .deps/foo.Po
cc  -g -O2   -o foo foo.o  
make[2]: Leaving directory '/sources/automake-1.16.1/t/depdist.dir/depdist-1.0/_build/sub/subdir'
make[2]: Entering directory '/sources/automake-1.16.1/t/depdist.dir/depdist-1.0/_build/sub'
make[2]: Nothing to be done for 'all-am'.
make[2]: Leaving directory '/sources/automake-1.16.1/t/depdist.dir/depdist-1.0/_build/sub'
make[1]: Leaving directory '/sources/automake-1.16.1/t/depdist.dir/depdist-1.0/_build/sub'
make[1]: Entering directory '/sources/automake-1.16.1/t/depdist.dir/depdist-1.0/_build/sub'
Making dvi in subdir
make[2]: Entering directory '/sources/automake-1.16.1/t/depdist.dir/depdist-1.0/_build/sub/subdir'
make[2]: Nothing to be done for 'dvi'.
make[2]: Leaving directory '/sources/automake-1.16.1/t/depdist.dir/depdist-1.0/_build/sub/subdir'
make[2]: Entering directory '/sources/automake-1.16.1/t/depdist.dir/depdist-1.0/_build/sub'
make[2]: Nothing to be done for 'dvi-am'.
make[2]: Leaving directory '/sources/automake-1.16.1/t/depdist.dir/depdist-1.0/_build/sub'
make[1]: Leaving directory '/sources/automake-1.16.1/t/depdist.dir/depdist-1.0/_build/sub'
make[1]: Entering directory '/sources/automake-1.16.1/t/depdist.dir/depdist-1.0/_build/sub'
Making check in subdir
make[2]: Entering directory '/sources/automake-1.16.1/t/depdist.dir/depdist-1.0/_build/sub/subdir'
make[2]: Nothing to be done for 'check'.
make[2]: Leaving directory '/sources/automake-1.16.1/t/depdist.dir/depdist-1.0/_build/sub/subdir'
make[2]: Entering directory '/sources/automake-1.16.1/t/depdist.dir/depdist-1.0/_build/sub'
make  check-local
make[3]: Entering directory '/sources/automake-1.16.1/t/depdist.dir/depdist-1.0/_build/sub'
echo ' ' ../../Makefile.am ../../configure ../../configure.ac  ../../aclocal.m4 ../../Makefile.in ../../config/compile ../../config/install-sh ../../config/missing config/compile config/depcomp config/install-sh config/missing ' ' | grep '[ /]config/depcomp '
  ../../Makefile.am ../../configure ../../configure.ac ../../aclocal.m4 ../../Makefile.in ../../config/compile ../../config/install-sh ../../config/missing config/compile config/depcomp config/install-sh config/missing  
make  distdir-am
make[4]: Entering directory '/sources/automake-1.16.1/t/depdist.dir/depdist-1.0/_build/sub'
if test -d "depdist-1.0"; then find "depdist-1.0" -type d ! -perm -200 -exec chmod u+w {} ';' && rm -rf "depdist-1.0" || { sleep 5 && rm -rf "depdist-1.0"; }; else :; fi
test -d "depdist-1.0" || mkdir "depdist-1.0"
 (cd subdir && make  top_distdir=../depdist-1.0 distdir=../depdist-1.0/subdir \
     am__remove_distdir=: am__skip_length_check=: am__skip_mode_fix=: distdir)
make[5]: Entering directory '/sources/automake-1.16.1/t/depdist.dir/depdist-1.0/_build/sub/subdir'
make  distdir-am
make[6]: Entering directory '/sources/automake-1.16.1/t/depdist.dir/depdist-1.0/_build/sub/subdir'
make[6]: Leaving directory '/sources/automake-1.16.1/t/depdist.dir/depdist-1.0/_build/sub/subdir'
make[5]: Leaving directory '/sources/automake-1.16.1/t/depdist.dir/depdist-1.0/_build/sub/subdir'
test -n "" \
|| find "depdist-1.0" -type d ! -perm -755 \
	-exec chmod u+rwx,go+rx {} \; -o \
  ! -type d ! -perm -444 -links 1 -exec chmod a+r {} \; -o \
  ! -type d ! -perm -400 -exec chmod a+r {} \; -o \
  ! -type d ! -perm -444 -exec /bin/sh /sources/automake-1.16.1/t/depdist.dir/depdist-1.0/config/install-sh -c -m a+r {} {} \; \
|| chmod -R a+r "depdist-1.0"
make[4]: Leaving directory '/sources/automake-1.16.1/t/depdist.dir/depdist-1.0/_build/sub'
ls -l depdist-1.0/*
-r--r--r-- 1 root root    197 Nov 27 06:40 depdist-1.0/Makefile.am
-r--r--r-- 1 root root  24092 Nov 27 06:40 depdist-1.0/Makefile.in
-r--r--r-- 1 root root  41888 Nov 27 06:40 depdist-1.0/aclocal.m4
-r-xr-xr-x 1 root root 141109 Nov 27 06:40 depdist-1.0/configure
-r--r--r-- 1 root root    136 Nov 27 06:40 depdist-1.0/configure.ac

depdist-1.0/config:
total 56
-r-xr-xr-x 1 root root  7383 Nov 27 06:40 compile
-r-xr-xr-x 1 root root 23568 Nov 27 06:40 depcomp
-r-xr-xr-x 1 root root 15368 Nov 27 06:40 install-sh
-r-xr-xr-x 1 root root  6878 Nov 27 06:40 missing

depdist-1.0/subdir:
total 28
-r--r--r-- 1 root root    39 Nov 27 06:40 Makefile.am
-r--r--r-- 1 root root 17229 Nov 27 06:40 Makefile.in
-r--r--r-- 1 root root    31 Nov 27 06:40 foo.c
test -f depdist-1.0/config/depcomp
make[3]: Leaving directory '/sources/automake-1.16.1/t/depdist.dir/depdist-1.0/_build/sub'
make[2]: Leaving directory '/sources/automake-1.16.1/t/depdist.dir/depdist-1.0/_build/sub'
make[1]: Leaving directory '/sources/automake-1.16.1/t/depdist.dir/depdist-1.0/_build/sub'
make[1]: Entering directory '/sources/automake-1.16.1/t/depdist.dir/depdist-1.0/_build/sub'
Making install in subdir
make[2]: Entering directory '/sources/automake-1.16.1/t/depdist.dir/depdist-1.0/_build/sub/subdir'
make[3]: Entering directory '/sources/automake-1.16.1/t/depdist.dir/depdist-1.0/_build/sub/subdir'
 /tools/bin/mkdir -p '/sources/automake-1.16.1/t/depdist.dir/depdist-1.0/_inst/bin'
  /usr/bin/install -c foo '/sources/automake-1.16.1/t/depdist.dir/depdist-1.0/_inst/bin'
make[3]: Nothing to be done for 'install-data-am'.
make[3]: Leaving directory '/sources/automake-1.16.1/t/depdist.dir/depdist-1.0/_build/sub/subdir'
make[2]: Leaving directory '/sources/automake-1.16.1/t/depdist.dir/depdist-1.0/_build/sub/subdir'
make[2]: Entering directory '/sources/automake-1.16.1/t/depdist.dir/depdist-1.0/_build/sub'
make[3]: Entering directory '/sources/automake-1.16.1/t/depdist.dir/depdist-1.0/_build/sub'
make[3]: Nothing to be done for 'install-exec-am'.
make[3]: Nothing to be done for 'install-data-am'.
make[3]: Leaving directory '/sources/automake-1.16.1/t/depdist.dir/depdist-1.0/_build/sub'
make[2]: Leaving directory '/sources/automake-1.16.1/t/depdist.dir/depdist-1.0/_build/sub'
make[1]: Leaving directory '/sources/automake-1.16.1/t/depdist.dir/depdist-1.0/_build/sub'
make[1]: Entering directory '/sources/automake-1.16.1/t/depdist.dir/depdist-1.0/_build/sub'
Making installcheck in subdir
make[2]: Entering directory '/sources/automake-1.16.1/t/depdist.dir/depdist-1.0/_build/sub/subdir'
make[2]: Nothing to be done for 'installcheck'.
make[2]: Leaving directory '/sources/automake-1.16.1/t/depdist.dir/depdist-1.0/_build/sub/subdir'
make[2]: Entering directory '/sources/automake-1.16.1/t/depdist.dir/depdist-1.0/_build/sub'
make[2]: Nothing to be done for 'installcheck-am'.
make[2]: Leaving directory '/sources/automake-1.16.1/t/depdist.dir/depdist-1.0/_build/sub'
make[1]: Leaving directory '/sources/automake-1.16.1/t/depdist.dir/depdist-1.0/_build/sub'
make[1]: Entering directory '/sources/automake-1.16.1/t/depdist.dir/depdist-1.0/_build/sub'
Making uninstall in subdir
make[2]: Entering directory '/sources/automake-1.16.1/t/depdist.dir/depdist-1.0/_build/sub/subdir'
 ( cd '/sources/automake-1.16.1/t/depdist.dir/depdist-1.0/_inst/bin' && rm -f foo )
make[2]: Leaving directory '/sources/automake-1.16.1/t/depdist.dir/depdist-1.0/_build/sub/subdir'
make[2]: Entering directory '/sources/automake-1.16.1/t/depdist.dir/depdist-1.0/_build/sub'
make[2]: Nothing to be done for 'uninstall-am'.
make[2]: Leaving directory '/sources/automake-1.16.1/t/depdist.dir/depdist-1.0/_build/sub'
make[1]: Leaving directory '/sources/automake-1.16.1/t/depdist.dir/depdist-1.0/_build/sub'
make[1]: Entering directory '/sources/automake-1.16.1/t/depdist.dir/depdist-1.0/_build/sub'
make[1]: Leaving directory '/sources/automake-1.16.1/t/depdist.dir/depdist-1.0/_build/sub'
make[1]: Entering directory '/sources/automake-1.16.1/t/depdist.dir/depdist-1.0/_build/sub'
Making install in subdir
make[2]: Entering directory '/sources/automake-1.16.1/t/depdist.dir/depdist-1.0/_build/sub/subdir'
make[3]: Entering directory '/sources/automake-1.16.1/t/depdist.dir/depdist-1.0/_build/sub/subdir'
 /tools/bin/mkdir -p '/tmp/am-dc-47350//sources/automake-1.16.1/t/depdist.dir/depdist-1.0/_inst/bin'
  /usr/bin/install -c foo '/tmp/am-dc-47350//sources/automake-1.16.1/t/depdist.dir/depdist-1.0/_inst/bin'
make[3]: Nothing to be done for 'install-data-am'.
make[3]: Leaving directory '/sources/automake-1.16.1/t/depdist.dir/depdist-1.0/_build/sub/subdir'
make[2]: Leaving directory '/sources/automake-1.16.1/t/depdist.dir/depdist-1.0/_build/sub/subdir'
make[2]: Entering directory '/sources/automake-1.16.1/t/depdist.dir/depdist-1.0/_build/sub'
make[3]: Entering directory '/sources/automake-1.16.1/t/depdist.dir/depdist-1.0/_build/sub'
make[3]: Nothing to be done for 'install-exec-am'.
make[3]: Nothing to be done for 'install-data-am'.
make[3]: Leaving directory '/sources/automake-1.16.1/t/depdist.dir/depdist-1.0/_build/sub'
make[2]: Leaving directory '/sources/automake-1.16.1/t/depdist.dir/depdist-1.0/_build/sub'
make[1]: Leaving directory '/sources/automake-1.16.1/t/depdist.dir/depdist-1.0/_build/sub'
make[1]: Entering directory '/sources/automake-1.16.1/t/depdist.dir/depdist-1.0/_build/sub'
Making uninstall in subdir
make[2]: Entering directory '/sources/automake-1.16.1/t/depdist.dir/depdist-1.0/_build/sub/subdir'
 ( cd '/tmp/am-dc-47350//sources/automake-1.16.1/t/depdist.dir/depdist-1.0/_inst/bin' && rm -f foo )
make[2]: Leaving directory '/sources/automake-1.16.1/t/depdist.dir/depdist-1.0/_build/sub/subdir'
make[2]: Entering directory '/sources/automake-1.16.1/t/depdist.dir/depdist-1.0/_build/sub'
make[2]: Nothing to be done for 'uninstall-am'.
make[2]: Leaving directory '/sources/automake-1.16.1/t/depdist.dir/depdist-1.0/_build/sub'
make[1]: Leaving directory '/sources/automake-1.16.1/t/depdist.dir/depdist-1.0/_build/sub'
make[1]: Entering directory '/sources/automake-1.16.1/t/depdist.dir/depdist-1.0/_build/sub'
make[1]: Leaving directory '/sources/automake-1.16.1/t/depdist.dir/depdist-1.0/_build/sub'
make[1]: Entering directory '/sources/automake-1.16.1/t/depdist.dir/depdist-1.0/_build/sub'
make  dist-gzip am__post_remove_distdir='@:'
make[2]: Entering directory '/sources/automake-1.16.1/t/depdist.dir/depdist-1.0/_build/sub'
make  distdir-am
make[3]: Entering directory '/sources/automake-1.16.1/t/depdist.dir/depdist-1.0/_build/sub'
if test -d "depdist-1.0"; then find "depdist-1.0" -type d ! -perm -200 -exec chmod u+w {} ';' && rm -rf "depdist-1.0" || { sleep 5 && rm -rf "depdist-1.0"; }; else :; fi
test -d "depdist-1.0" || mkdir "depdist-1.0"
 (cd subdir && make  top_distdir=../depdist-1.0 distdir=../depdist-1.0/subdir \
     am__remove_distdir=: am__skip_length_check=: am__skip_mode_fix=: distdir)
make[4]: Entering directory '/sources/automake-1.16.1/t/depdist.dir/depdist-1.0/_build/sub/subdir'
make  distdir-am
make[5]: Entering directory '/sources/automake-1.16.1/t/depdist.dir/depdist-1.0/_build/sub/subdir'
make[5]: Leaving directory '/sources/automake-1.16.1/t/depdist.dir/depdist-1.0/_build/sub/subdir'
make[4]: Leaving directory '/sources/automake-1.16.1/t/depdist.dir/depdist-1.0/_build/sub/subdir'
test -n "" \
|| find "depdist-1.0" -type d ! -perm -755 \
	-exec chmod u+rwx,go+rx {} \; -o \
  ! -type d ! -perm -444 -links 1 -exec chmod a+r {} \; -o \
  ! -type d ! -perm -400 -exec chmod a+r {} \; -o \
  ! -type d ! -perm -444 -exec /bin/sh /sources/automake-1.16.1/t/depdist.dir/depdist-1.0/config/install-sh -c -m a+r {} {} \; \
|| chmod -R a+r "depdist-1.0"
make[3]: Leaving directory '/sources/automake-1.16.1/t/depdist.dir/depdist-1.0/_build/sub'
tardir=depdist-1.0 && ${TAR-tar} chof - "$tardir" | eval GZIP= gzip --best -c >depdist-1.0.tar.gz
make[2]: Leaving directory '/sources/automake-1.16.1/t/depdist.dir/depdist-1.0/_build/sub'
if test -d "depdist-1.0"; then find "depdist-1.0" -type d ! -perm -200 -exec chmod u+w {} ';' && rm -rf "depdist-1.0" || { sleep 5 && rm -rf "depdist-1.0"; }; else :; fi
make[1]: Leaving directory '/sources/automake-1.16.1/t/depdist.dir/depdist-1.0/_build/sub'
make[1]: Entering directory '/sources/automake-1.16.1/t/depdist.dir/depdist-1.0/_build/sub'
Making distclean in subdir
make[2]: Entering directory '/sources/automake-1.16.1/t/depdist.dir/depdist-1.0/_build/sub/subdir'
test -z "foo" || rm -f foo
rm -f *.o
rm -f *.tab.c
test -z "" || rm -f 
test . = "../../../subdir" || test -z "" || rm -f 
rm -f TAGS ID GTAGS GRTAGS GSYMS GPATH tags
rm -f ./.deps/foo.Po
rm -f Makefile
make[2]: Leaving directory '/sources/automake-1.16.1/t/depdist.dir/depdist-1.0/_build/sub/subdir'
make[2]: Entering directory '/sources/automake-1.16.1/t/depdist.dir/depdist-1.0/_build/sub'
test -z "" || rm -f 
test . = "../.." || test -z "" || rm -f 
rm -f TAGS ID GTAGS GRTAGS GSYMS GPATH tags
rm -f cscope.out cscope.in.out cscope.po.out cscope.files
make[2]: Leaving directory '/sources/automake-1.16.1/t/depdist.dir/depdist-1.0/_build/sub'
rm -f config.status config.cache config.log configure.lineno config.status.lineno
rm -f Makefile
make[1]: Leaving directory '/sources/automake-1.16.1/t/depdist.dir/depdist-1.0/_build/sub'
if test -d "depdist-1.0"; then find "depdist-1.0" -type d ! -perm -200 -exec chmod u+w {} ';' && rm -rf "depdist-1.0" || { sleep 5 && rm -rf "depdist-1.0"; }; else :; fi
=============================================
depdist-1.0 archives ready for distribution: 
depdist-1.0.tar.gz
=============================================
+ :
+ am_exit_trap 0
+ exit_status=0
+ set +e
+ cd /sources/automake-1.16.1
+ test none = tap
+ case $am_explicit_skips in
+ test 0 -eq 0
+ am_keeping_testdirs
+ case $keep_testdirs in
+ return 1
+ rm_rf_ t/depdist.dir
+ test 1 -gt 0
+ /usr/bin/perl /sources/automake-1.16.1/t/ax/deltree.pl t/depdist.dir
+ set +x
PASS t/depdist.sh (exit status: 0)
