Running from installcheck: no
Test Protocol: none
PATH = /sources/automake-1.16.1/bin:/sources/automake-1.16.1/t/ax:/bin:/usr/bin:/sbin:/usr/sbin:/tools/bin
++ pwd
/sources/automake-1.16.1/t/depend-postproc.dir
+ cat
+ cat
+ aclocal-1.16 -Werror
+ autoconf
+ automake-1.16 --foreign -Werror -Wall -- myMakefile
+ mv myMakefile.in myMakefile.old
+ echo '# Post-processed by post-processor 3.14.'
+ cat myMakefile.old
+ ./configure
checking for a BSD-compatible install... /usr/bin/install -c
checking whether build environment is sane... yes
checking for a thread-safe mkdir -p... /tools/bin/mkdir -p
checking for gawk... gawk
checking whether make sets $(MAKE)... yes
checking whether make supports nested variables... yes
checking for gcc... cc
checking whether the C compiler works... yes
checking for C compiler default output file name... a.out
checking for suffix of executables... 
checking whether we are cross compiling... no
checking for suffix of object files... o
checking whether we are using the GNU C compiler... yes
checking whether cc accepts -g... yes
checking for cc option to accept ISO C89... none needed
checking whether cc understands -c and -o together... yes
checking whether make supports the include directive... yes (GNU style)
checking dependency style of cc... gcc3
checking that generated files are newer than configure... done
configure: creating ./config.status
config.status: creating myMakefile
config.status: executing depfiles commands
+ test -f .deps/fred.Po
+ sleep 2
+ cat
+ sed 's/^dnl: *//' configure.ac
+ mv -f t configure.ac
+ make myMakefile Makefile
CDPATH="${ZSH_VERSION+.}:" && cd . && /bin/sh /sources/automake-1.16.1/t/depend-postproc.dir/missing aclocal-1.16 
 cd . && /bin/sh /sources/automake-1.16.1/t/depend-postproc.dir/missing automake-1.16 --foreign
CDPATH="${ZSH_VERSION+.}:" && cd . && /bin/sh /sources/automake-1.16.1/t/depend-postproc.dir/missing autoconf
/bin/sh ./config.status --recheck
running CONFIG_SHELL=/bin/sh /bin/sh ./configure build_alias= host_alias= CC=cc CFLAGS=-g -O2 CPPFLAGS= --no-create --no-recursion
checking for a BSD-compatible install... /usr/bin/install -c
checking whether build environment is sane... yes
checking for a thread-safe mkdir -p... /tools/bin/mkdir -p
checking for gawk... gawk
checking whether make sets $(MAKE)... yes
checking whether make supports nested variables... yes
checking for gcc... cc
checking whether the C compiler works... yes
checking for C compiler default output file name... a.out
checking for suffix of executables... 
checking whether we are cross compiling... no
checking for suffix of object files... o
checking whether we are using the GNU C compiler... yes
checking whether cc accepts -g... yes
checking for cc option to accept ISO C89... none needed
checking whether cc understands -c and -o together... yes
checking whether make supports the include directive... yes (GNU style)
checking dependency style of cc... gcc3
checking that generated files are newer than configure... done
configure: creating ./config.status
 /bin/sh ./config.status
config.status: creating myMakefile
config.status: executing depfiles commands
make: 'myMakefile' is up to date.
make: Nothing to be done for 'Makefile'.
+ rm -rf .deps _deps
+ ./config.status
config.status: creating myMakefile
config.status: executing depfiles commands
+ test '!' -e fred.c
+ echo 'int main (void) { return 0; }'
+ make
cc -DPACKAGE_NAME=\"depend-postproc\" -DPACKAGE_TARNAME=\"depend-postproc\" -DPACKAGE_VERSION=\"1.0\" -DPACKAGE_STRING=\"depend-postproc\ 1.0\" -DPACKAGE_BUGREPORT=\"\" -DPACKAGE_URL=\"\" -DPACKAGE=\"depend-postproc\" -DVERSION=\"1.0\" -I.     -g -O2 -MT fred.o -MD -MP -MF .deps/fred.Tpo -c -o fred.o fred.c
mv -f .deps/fred.Tpo .deps/fred.Po
cc  -g -O2   -o fred fred.o  
+ test -f .deps/fred.Po
+ make distcheck
make  dist-gzip am__post_remove_distdir='@:'
make[1]: Entering directory '/sources/automake-1.16.1/t/depend-postproc.dir'
make  distdir-am
make[2]: Entering directory '/sources/automake-1.16.1/t/depend-postproc.dir'
if test -d "depend-postproc-1.0"; then find "depend-postproc-1.0" -type d ! -perm -200 -exec chmod u+w {} ';' && rm -rf "depend-postproc-1.0" || { sleep 5 && rm -rf "depend-postproc-1.0"; }; else :; fi
test -d "depend-postproc-1.0" || mkdir "depend-postproc-1.0"
test -n "" \
|| find "depend-postproc-1.0" -type d ! -perm -755 \
	-exec chmod u+rwx,go+rx {} \; -o \
  ! -type d ! -perm -444 -links 1 -exec chmod a+r {} \; -o \
  ! -type d ! -perm -400 -exec chmod a+r {} \; -o \
  ! -type d ! -perm -444 -exec /bin/sh /sources/automake-1.16.1/t/depend-postproc.dir/install-sh -c -m a+r {} {} \; \
|| chmod -R a+r "depend-postproc-1.0"
make[2]: Leaving directory '/sources/automake-1.16.1/t/depend-postproc.dir'
tardir=depend-postproc-1.0 && ${TAR-tar} chof - "$tardir" | eval GZIP= gzip --best -c >depend-postproc-1.0.tar.gz
make[1]: Leaving directory '/sources/automake-1.16.1/t/depend-postproc.dir'
if test -d "depend-postproc-1.0"; then find "depend-postproc-1.0" -type d ! -perm -200 -exec chmod u+w {} ';' && rm -rf "depend-postproc-1.0" || { sleep 5 && rm -rf "depend-postproc-1.0"; }; else :; fi
case 'depend-postproc-1.0.tar.gz' in \
*.tar.gz*) \
  eval GZIP= gzip --best -dc depend-postproc-1.0.tar.gz | ${TAR-tar} xf - ;;\
*.tar.bz2*) \
  bzip2 -dc depend-postproc-1.0.tar.bz2 | ${TAR-tar} xf - ;;\
*.tar.lz*) \
  lzip -dc depend-postproc-1.0.tar.lz | ${TAR-tar} xf - ;;\
*.tar.xz*) \
  xz -dc depend-postproc-1.0.tar.xz | ${TAR-tar} xf - ;;\
*.tar.Z*) \
  uncompress -c depend-postproc-1.0.tar.Z | ${TAR-tar} xf - ;;\
*.shar.gz*) \
  eval GZIP= gzip --best -dc depend-postproc-1.0.shar.gz | unshar ;;\
*.zip*) \
  unzip depend-postproc-1.0.zip ;;\
esac
chmod -R a-w depend-postproc-1.0
chmod u+w depend-postproc-1.0
mkdir depend-postproc-1.0/_build depend-postproc-1.0/_build/sub depend-postproc-1.0/_inst
chmod a-w depend-postproc-1.0
test -d depend-postproc-1.0/_build || exit 0; \
dc_install_base=`CDPATH="${ZSH_VERSION+.}:" && cd depend-postproc-1.0/_inst && pwd | sed -e 's,^[^:\\/]:[\\/],/,'` \
  && dc_destdir="${TMPDIR-/tmp}/am-dc-$$/" \
  && am__cwd=`pwd` \
  && CDPATH="${ZSH_VERSION+.}:" && cd depend-postproc-1.0/_build/sub \
  && ../../configure \
     \
     \
    --srcdir=../.. --prefix="$dc_install_base" \
  && make  \
  && make  dvi \
  && make  check \
  && make  install \
  && make  installcheck \
  && make  uninstall \
  && make  distuninstallcheck_dir="$dc_install_base" \
        distuninstallcheck \
  && chmod -R a-w "$dc_install_base" \
  && ({ \
       (cd ../.. && umask 077 && mkdir "$dc_destdir") \
       && make  DESTDIR="$dc_destdir" install \
       && make  DESTDIR="$dc_destdir" uninstall \
       && make  DESTDIR="$dc_destdir" \
            distuninstallcheck_dir="$dc_destdir" distuninstallcheck; \
      } || { rm -rf "$dc_destdir"; exit 1; }) \
  && rm -rf "$dc_destdir" \
  && make  dist \
  && rm -rf depend-postproc-1.0.tar.gz \
  && make  distcleancheck \
  && cd "$am__cwd" \
  || exit 1
checking for a BSD-compatible install... /usr/bin/install -c
checking whether build environment is sane... yes
checking for a thread-safe mkdir -p... /tools/bin/mkdir -p
checking for gawk... gawk
checking whether make sets $(MAKE)... yes
checking whether make supports nested variables... yes
checking for gcc... cc
checking whether the C compiler works... yes
checking for C compiler default output file name... a.out
checking for suffix of executables... 
checking whether we are cross compiling... no
checking for suffix of object files... o
checking whether we are using the GNU C compiler... yes
checking whether cc accepts -g... yes
checking for cc option to accept ISO C89... none needed
checking whether cc understands -c and -o together... yes
checking whether make supports the include directive... yes (GNU style)
checking dependency style of cc... gcc3
checking that generated files are newer than configure... done
configure: creating ./config.status
config.status: creating myMakefile
config.status: linking ../../Makefile to Makefile
config.status: executing depfiles commands
make[1]: Entering directory '/sources/automake-1.16.1/t/depend-postproc.dir/depend-postproc-1.0/_build/sub'
cc -DPACKAGE_NAME=\"depend-postproc\" -DPACKAGE_TARNAME=\"depend-postproc\" -DPACKAGE_VERSION=\"1.0\" -DPACKAGE_STRING=\"depend-postproc\ 1.0\" -DPACKAGE_BUGREPORT=\"\" -DPACKAGE_URL=\"\" -DPACKAGE=\"depend-postproc\" -DVERSION=\"1.0\" -I. -I../..     -g -O2 -MT fred.o -MD -MP -MF .deps/fred.Tpo -c -o fred.o ../../fred.c
mv -f .deps/fred.Tpo .deps/fred.Po
cc  -g -O2   -o fred fred.o  
make[1]: Leaving directory '/sources/automake-1.16.1/t/depend-postproc.dir/depend-postproc-1.0/_build/sub'
make[1]: Entering directory '/sources/automake-1.16.1/t/depend-postproc.dir/depend-postproc-1.0/_build/sub'
make[1]: Nothing to be done for 'dvi'.
make[1]: Leaving directory '/sources/automake-1.16.1/t/depend-postproc.dir/depend-postproc-1.0/_build/sub'
make[1]: Entering directory '/sources/automake-1.16.1/t/depend-postproc.dir/depend-postproc-1.0/_build/sub'
make[1]: Nothing to be done for 'check'.
make[1]: Leaving directory '/sources/automake-1.16.1/t/depend-postproc.dir/depend-postproc-1.0/_build/sub'
make[1]: Entering directory '/sources/automake-1.16.1/t/depend-postproc.dir/depend-postproc-1.0/_build/sub'
make[2]: Entering directory '/sources/automake-1.16.1/t/depend-postproc.dir/depend-postproc-1.0/_build/sub'
 /tools/bin/mkdir -p '/sources/automake-1.16.1/t/depend-postproc.dir/depend-postproc-1.0/_inst/bin'
  /usr/bin/install -c fred '/sources/automake-1.16.1/t/depend-postproc.dir/depend-postproc-1.0/_inst/bin'
make[2]: Nothing to be done for 'install-data-am'.
make[2]: Leaving directory '/sources/automake-1.16.1/t/depend-postproc.dir/depend-postproc-1.0/_build/sub'
make[1]: Leaving directory '/sources/automake-1.16.1/t/depend-postproc.dir/depend-postproc-1.0/_build/sub'
make[1]: Entering directory '/sources/automake-1.16.1/t/depend-postproc.dir/depend-postproc-1.0/_build/sub'
make[1]: Nothing to be done for 'installcheck'.
make[1]: Leaving directory '/sources/automake-1.16.1/t/depend-postproc.dir/depend-postproc-1.0/_build/sub'
make[1]: Entering directory '/sources/automake-1.16.1/t/depend-postproc.dir/depend-postproc-1.0/_build/sub'
 ( cd '/sources/automake-1.16.1/t/depend-postproc.dir/depend-postproc-1.0/_inst/bin' && rm -f fred )
make[1]: Leaving directory '/sources/automake-1.16.1/t/depend-postproc.dir/depend-postproc-1.0/_build/sub'
make[1]: Entering directory '/sources/automake-1.16.1/t/depend-postproc.dir/depend-postproc-1.0/_build/sub'
make[1]: Leaving directory '/sources/automake-1.16.1/t/depend-postproc.dir/depend-postproc-1.0/_build/sub'
make[1]: Entering directory '/sources/automake-1.16.1/t/depend-postproc.dir/depend-postproc-1.0/_build/sub'
make[2]: Entering directory '/sources/automake-1.16.1/t/depend-postproc.dir/depend-postproc-1.0/_build/sub'
 /tools/bin/mkdir -p '/tmp/am-dc-65148//sources/automake-1.16.1/t/depend-postproc.dir/depend-postproc-1.0/_inst/bin'
  /usr/bin/install -c fred '/tmp/am-dc-65148//sources/automake-1.16.1/t/depend-postproc.dir/depend-postproc-1.0/_inst/bin'
make[2]: Nothing to be done for 'install-data-am'.
make[2]: Leaving directory '/sources/automake-1.16.1/t/depend-postproc.dir/depend-postproc-1.0/_build/sub'
make[1]: Leaving directory '/sources/automake-1.16.1/t/depend-postproc.dir/depend-postproc-1.0/_build/sub'
make[1]: Entering directory '/sources/automake-1.16.1/t/depend-postproc.dir/depend-postproc-1.0/_build/sub'
 ( cd '/tmp/am-dc-65148//sources/automake-1.16.1/t/depend-postproc.dir/depend-postproc-1.0/_inst/bin' && rm -f fred )
make[1]: Leaving directory '/sources/automake-1.16.1/t/depend-postproc.dir/depend-postproc-1.0/_build/sub'
make[1]: Entering directory '/sources/automake-1.16.1/t/depend-postproc.dir/depend-postproc-1.0/_build/sub'
make[1]: Leaving directory '/sources/automake-1.16.1/t/depend-postproc.dir/depend-postproc-1.0/_build/sub'
make[1]: Entering directory '/sources/automake-1.16.1/t/depend-postproc.dir/depend-postproc-1.0/_build/sub'
make  dist-gzip am__post_remove_distdir='@:'
make[2]: Entering directory '/sources/automake-1.16.1/t/depend-postproc.dir/depend-postproc-1.0/_build/sub'
make  distdir-am
make[3]: Entering directory '/sources/automake-1.16.1/t/depend-postproc.dir/depend-postproc-1.0/_build/sub'
if test -d "depend-postproc-1.0"; then find "depend-postproc-1.0" -type d ! -perm -200 -exec chmod u+w {} ';' && rm -rf "depend-postproc-1.0" || { sleep 5 && rm -rf "depend-postproc-1.0"; }; else :; fi
test -d "depend-postproc-1.0" || mkdir "depend-postproc-1.0"
test -n "" \
|| find "depend-postproc-1.0" -type d ! -perm -755 \
	-exec chmod u+rwx,go+rx {} \; -o \
  ! -type d ! -perm -444 -links 1 -exec chmod a+r {} \; -o \
  ! -type d ! -perm -400 -exec chmod a+r {} \; -o \
  ! -type d ! -perm -444 -exec /bin/sh /sources/automake-1.16.1/t/depend-postproc.dir/depend-postproc-1.0/install-sh -c -m a+r {} {} \; \
|| chmod -R a+r "depend-postproc-1.0"
make[3]: Leaving directory '/sources/automake-1.16.1/t/depend-postproc.dir/depend-postproc-1.0/_build/sub'
tardir=depend-postproc-1.0 && ${TAR-tar} chof - "$tardir" | eval GZIP= gzip --best -c >depend-postproc-1.0.tar.gz
make[2]: Leaving directory '/sources/automake-1.16.1/t/depend-postproc.dir/depend-postproc-1.0/_build/sub'
if test -d "depend-postproc-1.0"; then find "depend-postproc-1.0" -type d ! -perm -200 -exec chmod u+w {} ';' && rm -rf "depend-postproc-1.0" || { sleep 5 && rm -rf "depend-postproc-1.0"; }; else :; fi
make[1]: Leaving directory '/sources/automake-1.16.1/t/depend-postproc.dir/depend-postproc-1.0/_build/sub'
make[1]: Entering directory '/sources/automake-1.16.1/t/depend-postproc.dir/depend-postproc-1.0/_build/sub'
test -z "fred" || rm -f fred
rm -f *.o
rm -f *.tab.c
test -z "" || rm -f 
test . = "../.." || test -z "Makefile" || rm -f Makefile
rm -f TAGS ID GTAGS GRTAGS GSYMS GPATH tags
rm -f cscope.out cscope.in.out cscope.po.out cscope.files
rm -f config.status config.cache config.log configure.lineno config.status.lineno
rm -f ./.deps/fred.Po
rm -f myMakefile
make[1]: Leaving directory '/sources/automake-1.16.1/t/depend-postproc.dir/depend-postproc-1.0/_build/sub'
if test -d "depend-postproc-1.0"; then find "depend-postproc-1.0" -type d ! -perm -200 -exec chmod u+w {} ';' && rm -rf "depend-postproc-1.0" || { sleep 5 && rm -rf "depend-postproc-1.0"; }; else :; fi
=====================================================
depend-postproc-1.0 archives ready for distribution: 
depend-postproc-1.0.tar.gz
=====================================================
+ :
+ am_exit_trap 0
+ exit_status=0
+ set +e
+ cd /sources/automake-1.16.1
+ test none = tap
+ case $am_explicit_skips in
+ test 0 -eq 0
+ am_keeping_testdirs
+ case $keep_testdirs in
+ return 1
+ rm_rf_ t/depend-postproc.dir
+ test 1 -gt 0
+ /usr/bin/perl /sources/automake-1.16.1/t/ax/deltree.pl t/depend-postproc.dir
+ set +x
PASS t/depend-postproc.sh (exit status: 0)
