Running from installcheck: no
Test Protocol: none
PATH = /sources/automake-1.16.1/bin:/sources/automake-1.16.1/t/ax:/bin:/usr/bin:/sbin:/usr/sbin:/tools/bin
++ pwd
/sources/automake-1.16.1/t/dist-repeated.dir
+ echo AC_OUTPUT
+ cat
++ pwd
+ ocwd=/sources/automake-1.16.1/t/dist-repeated.dir
+ mkdir bin
+ cat
+ chmod a+x bin/cp
++ pwd
+ PATH=/sources/automake-1.16.1/t/dist-repeated.dir/bin:/sources/automake-1.16.1/bin:/sources/automake-1.16.1/t/ax:/bin:/usr/bin:/sbin:/usr/sbin:/tools/bin
+ export PATH
+ :
+ :
+ :
+ chmod a-w foo.c bar.py
+ aclocal-1.16 -Werror
+ autoconf
+ automake-1.16 --foreign -Werror -Wall
+ ./configure
checking for a BSD-compatible install... /usr/bin/install -c
checking whether build environment is sane... yes
checking for a thread-safe mkdir -p... /tools/bin/mkdir -p
checking for gawk... gawk
checking whether make sets $(MAKE)... yes
checking whether make supports nested variables... yes
checking that generated files are newer than configure... done
configure: creating ./config.status
config.status: creating Makefile
+ make sanity-check
for f in ./Makefile.am ./configure ./configure.ac  ./aclocal.m4 bar.py ./Makefile.in compile depcomp install-sh missing py-compile foo.c foo.c  foo.c bar.py; do echo " $f "; done > dist.txt
cat dist.txt
 ./Makefile.am 
 ./configure 
 ./configure.ac 
 ./aclocal.m4 
 bar.py 
 ./Makefile.in 
 compile 
 depcomp 
 install-sh 
 missing 
 py-compile 
 foo.c 
 foo.c 
 foo.c 
 bar.py 
test `grep ' foo\.c '  dist.txt | wc -l` -eq 3
test `grep ' bar\.py ' dist.txt | wc -l` -eq 2
+ make distdir
make  distdir-am
make[1]: Entering directory '/sources/automake-1.16.1/t/dist-repeated.dir'
if test -d "dist-repeated-1.0"; then find "dist-repeated-1.0" -type d ! -perm -200 -exec chmod u+w {} ';' && rm -rf "dist-repeated-1.0" || { sleep 5 && rm -rf "dist-repeated-1.0"; }; else :; fi
test -d "dist-repeated-1.0" || mkdir "dist-repeated-1.0"
test -n "" \
|| find "dist-repeated-1.0" -type d ! -perm -755 \
	-exec chmod u+rwx,go+rx {} \; -o \
  ! -type d ! -perm -444 -links 1 -exec chmod a+r {} \; -o \
  ! -type d ! -perm -400 -exec chmod a+r {} \; -o \
  ! -type d ! -perm -444 -exec /bin/sh /sources/automake-1.16.1/t/dist-repeated.dir/install-sh -c -m a+r {} {} \; \
|| chmod -R a+r "dist-repeated-1.0"
make[1]: Leaving directory '/sources/automake-1.16.1/t/dist-repeated.dir'
+ test -f cp-wrapper-has-seen-foo-c
+ test -f cp-wrapper-has-seen-bar-py
+ :
+ am_exit_trap 0
+ exit_status=0
+ set +e
+ cd /sources/automake-1.16.1
+ test none = tap
+ case $am_explicit_skips in
+ test 0 -eq 0
+ am_keeping_testdirs
+ case $keep_testdirs in
+ return 1
+ rm_rf_ t/dist-repeated.dir
+ test 1 -gt 0
+ /usr/bin/perl /sources/automake-1.16.1/t/ax/deltree.pl t/dist-repeated.dir
+ set +x
PASS t/dist-repeated.sh (exit status: 0)
