Running from installcheck: no
Test Protocol: none
PATH = /sources/automake-1.16.1/bin:/sources/automake-1.16.1/t/ax:/bin:/usr/bin:/sbin:/usr/sbin:/tools/bin
++ pwd
/sources/automake-1.16.1/t/distcom5.dir
+ cat
+ mkdir tests
+ :
+ cat
+ cat
+ aclocal-1.16 -Werror
+ autoconf
+ automake-1.16 --foreign -Werror -Wall --add-missing
+ ./configure
checking for a BSD-compatible install... /usr/bin/install -c
checking whether build environment is sane... yes
checking for a thread-safe mkdir -p... /tools/bin/mkdir -p
checking for gawk... gawk
checking whether make sets $(MAKE)... yes
checking whether make supports nested variables... yes
checking that generated files are newer than configure... done
configure: creating ./config.status
config.status: creating Makefile
config.status: creating tests/autoconf
config.status: creating tests/autoheader
config.status: creating tests/autom4te
config.status: creating tests/autoreconf
config.status: creating tests/autoscan
config.status: creating tests/autoupdate
config.status: creating tests/ifnames
config.status: creating tests/Makefile
+ make check
Making check in tests
make[1]: Entering directory '/sources/automake-1.16.1/t/distcom5.dir/tests'
make  check-local
make[2]: Entering directory '/sources/automake-1.16.1/t/distcom5.dir/tests'
for x in ./Makefile.am ./Makefile.in ./wrapper.in; do echo $x; done \
  | grep wrapper.in > lst
cat lst # For debugging.
./wrapper.in
test `wc -l <lst` -eq 1
make[2]: Leaving directory '/sources/automake-1.16.1/t/distcom5.dir/tests'
make[1]: Leaving directory '/sources/automake-1.16.1/t/distcom5.dir/tests'
make[1]: Entering directory '/sources/automake-1.16.1/t/distcom5.dir'
make  check-local
make[2]: Entering directory '/sources/automake-1.16.1/t/distcom5.dir'
make  distdir-am
make[3]: Entering directory '/sources/automake-1.16.1/t/distcom5.dir'
if test -d "distcom5-1.0"; then find "distcom5-1.0" -type d ! -perm -200 -exec chmod u+w {} ';' && rm -rf "distcom5-1.0" || { sleep 5 && rm -rf "distcom5-1.0"; }; else :; fi
test -d "distcom5-1.0" || mkdir "distcom5-1.0"
 (cd tests && make  top_distdir=../distcom5-1.0 distdir=../distcom5-1.0/tests \
     am__remove_distdir=: am__skip_length_check=: am__skip_mode_fix=: distdir)
make[4]: Entering directory '/sources/automake-1.16.1/t/distcom5.dir/tests'
make  distdir-am
make[5]: Entering directory '/sources/automake-1.16.1/t/distcom5.dir/tests'
make[5]: Leaving directory '/sources/automake-1.16.1/t/distcom5.dir/tests'
make[4]: Leaving directory '/sources/automake-1.16.1/t/distcom5.dir/tests'
test -n "" \
|| find "distcom5-1.0" -type d ! -perm -755 \
	-exec chmod u+rwx,go+rx {} \; -o \
  ! -type d ! -perm -444 -links 1 -exec chmod a+r {} \; -o \
  ! -type d ! -perm -400 -exec chmod a+r {} \; -o \
  ! -type d ! -perm -444 -exec /bin/sh /sources/automake-1.16.1/t/distcom5.dir/install-sh -c -m a+r {} {} \; \
|| chmod -R a+r "distcom5-1.0"
make[3]: Leaving directory '/sources/automake-1.16.1/t/distcom5.dir'
test -f distcom5-1.0/tests/wrapper.in
for x in ./Makefile.am ./configure ./configure.ac  ./aclocal.m4 ./Makefile.in compile depcomp install-sh missing; do echo $x; done \
  | grep tests && exit 1; :
make[2]: Leaving directory '/sources/automake-1.16.1/t/distcom5.dir'
make[1]: Leaving directory '/sources/automake-1.16.1/t/distcom5.dir'
+ test -f tests/lst
+ :
+ am_exit_trap 0
+ exit_status=0
+ set +e
+ cd /sources/automake-1.16.1
+ test none = tap
+ case $am_explicit_skips in
+ test 0 -eq 0
+ am_keeping_testdirs
+ case $keep_testdirs in
+ return 1
+ rm_rf_ t/distcom5.dir
+ test 1 -gt 0
+ /usr/bin/perl /sources/automake-1.16.1/t/ax/deltree.pl t/distcom5.dir
+ set +x
PASS t/distcom5.sh (exit status: 0)
