Running from installcheck: no
Test Protocol: none
PATH = /sources/automake-1.16.1/bin:/sources/automake-1.16.1/t/ax:/bin:/usr/bin:/sbin:/usr/sbin:/tools/bin
++ pwd
/sources/automake-1.16.1/t/dist-auxfile-2.dir
+ cat
+ cat
+ mkdir sub
+ :
+ echo dummy
+ aclocal-1.16 -Werror
+ autoconf
+ automake-1.16 --foreign -Werror -Wall -a
configure.ac:3: installing 'sub/install-sh'
configure.ac:3: installing 'sub/missing'
+ test -f sub/install-sh
+ automake-1.16 --foreign -Werror -Wall
+ ./configure
checking for a BSD-compatible install... /usr/bin/install -c
checking whether build environment is sane... yes
checking for a thread-safe mkdir -p... /tools/bin/mkdir -p
checking for gawk... gawk
checking whether make sets $(MAKE)... yes
checking whether make supports nested variables... yes
checking that generated files are newer than configure... done
configure: creating ./config.status
config.status: creating Makefile
config.status: creating sub/Makefile
+ make test
make  distdir-am
make[1]: Entering directory '/sources/automake-1.16.1/t/dist-auxfile-2.dir'
if test -d "dist-auxfile-2-1.0"; then find "dist-auxfile-2-1.0" -type d ! -perm -200 -exec chmod u+w {} ';' && rm -rf "dist-auxfile-2-1.0" || { sleep 5 && rm -rf "dist-auxfile-2-1.0"; }; else :; fi
test -d "dist-auxfile-2-1.0" || mkdir "dist-auxfile-2-1.0"
 (cd sub && make  top_distdir=../dist-auxfile-2-1.0 distdir=../dist-auxfile-2-1.0/sub \
     am__remove_distdir=: am__skip_length_check=: am__skip_mode_fix=: distdir)
make[2]: Entering directory '/sources/automake-1.16.1/t/dist-auxfile-2.dir/sub'
make  distdir-am
make[3]: Entering directory '/sources/automake-1.16.1/t/dist-auxfile-2.dir/sub'
make[3]: Leaving directory '/sources/automake-1.16.1/t/dist-auxfile-2.dir/sub'
make[2]: Leaving directory '/sources/automake-1.16.1/t/dist-auxfile-2.dir/sub'
test -n "" \
|| find "dist-auxfile-2-1.0" -type d ! -perm -755 \
	-exec chmod u+rwx,go+rx {} \; -o \
  ! -type d ! -perm -444 -links 1 -exec chmod a+r {} \; -o \
  ! -type d ! -perm -400 -exec chmod a+r {} \; -o \
  ! -type d ! -perm -444 -exec /bin/sh /sources/automake-1.16.1/t/dist-auxfile-2.dir/sub/install-sh -c -m a+r {} {} \; \
|| chmod -R a+r "dist-auxfile-2-1.0"
make[1]: Leaving directory '/sources/automake-1.16.1/t/dist-auxfile-2.dir'
ls -l dist-auxfile-2-1.0 dist-auxfile-2-1.0/* ;: For debugging.
-rw-r--r-- 1 root root    139 Nov 27 06:40 dist-auxfile-2-1.0/Makefile.am
-rw-r--r-- 1 root root  23736 Nov 27 06:40 dist-auxfile-2-1.0/Makefile.in
-rw-r--r-- 1 root root  27316 Nov 27 06:40 dist-auxfile-2-1.0/aclocal.m4
-rwxr-xr-x 1 root root 104179 Nov 27 06:40 dist-auxfile-2-1.0/configure
-rw-r--r-- 1 root root    156 Nov 27 06:40 dist-auxfile-2-1.0/configure.ac

dist-auxfile-2-1.0:
total 168
-rw-r--r-- 1 root root    139 Nov 27 06:40 Makefile.am
-rw-r--r-- 1 root root  23736 Nov 27 06:40 Makefile.in
-rw-r--r-- 1 root root  27316 Nov 27 06:40 aclocal.m4
-rwxr-xr-x 1 root root 104179 Nov 27 06:40 configure
-rw-r--r-- 1 root root    156 Nov 27 06:40 configure.ac
drwxr-xr-x 2 root root   4096 Nov 27 06:40 sub

dist-auxfile-2-1.0/sub:
total 40
-rw-r--r-- 1 root root     0 Nov 27 06:40 Makefile.am
-rw-r--r-- 1 root root 10748 Nov 27 06:40 Makefile.in
-rwxr-xr-x 1 1000  998 15368 Mar 11  2018 install-sh
-rwxr-xr-x 1 1000  998  6878 Mar  8  2018 missing
-rw-r--r-- 1 root root     6 Nov 27 06:40 zardoz
test -f dist-auxfile-2-1.0/sub/zardoz
+ make distcheck
make  dist-gzip am__post_remove_distdir='@:'
make[1]: Entering directory '/sources/automake-1.16.1/t/dist-auxfile-2.dir'
make  distdir-am
make[2]: Entering directory '/sources/automake-1.16.1/t/dist-auxfile-2.dir'
if test -d "dist-auxfile-2-1.0"; then find "dist-auxfile-2-1.0" -type d ! -perm -200 -exec chmod u+w {} ';' && rm -rf "dist-auxfile-2-1.0" || { sleep 5 && rm -rf "dist-auxfile-2-1.0"; }; else :; fi
test -d "dist-auxfile-2-1.0" || mkdir "dist-auxfile-2-1.0"
 (cd sub && make  top_distdir=../dist-auxfile-2-1.0 distdir=../dist-auxfile-2-1.0/sub \
     am__remove_distdir=: am__skip_length_check=: am__skip_mode_fix=: distdir)
make[3]: Entering directory '/sources/automake-1.16.1/t/dist-auxfile-2.dir/sub'
make  distdir-am
make[4]: Entering directory '/sources/automake-1.16.1/t/dist-auxfile-2.dir/sub'
make[4]: Leaving directory '/sources/automake-1.16.1/t/dist-auxfile-2.dir/sub'
make[3]: Leaving directory '/sources/automake-1.16.1/t/dist-auxfile-2.dir/sub'
test -n "" \
|| find "dist-auxfile-2-1.0" -type d ! -perm -755 \
	-exec chmod u+rwx,go+rx {} \; -o \
  ! -type d ! -perm -444 -links 1 -exec chmod a+r {} \; -o \
  ! -type d ! -perm -400 -exec chmod a+r {} \; -o \
  ! -type d ! -perm -444 -exec /bin/sh /sources/automake-1.16.1/t/dist-auxfile-2.dir/sub/install-sh -c -m a+r {} {} \; \
|| chmod -R a+r "dist-auxfile-2-1.0"
make[2]: Leaving directory '/sources/automake-1.16.1/t/dist-auxfile-2.dir'
tardir=dist-auxfile-2-1.0 && ${TAR-tar} chof - "$tardir" | eval GZIP= gzip --best -c >dist-auxfile-2-1.0.tar.gz
make[1]: Leaving directory '/sources/automake-1.16.1/t/dist-auxfile-2.dir'
if test -d "dist-auxfile-2-1.0"; then find "dist-auxfile-2-1.0" -type d ! -perm -200 -exec chmod u+w {} ';' && rm -rf "dist-auxfile-2-1.0" || { sleep 5 && rm -rf "dist-auxfile-2-1.0"; }; else :; fi
case 'dist-auxfile-2-1.0.tar.gz' in \
*.tar.gz*) \
  eval GZIP= gzip --best -dc dist-auxfile-2-1.0.tar.gz | ${TAR-tar} xf - ;;\
*.tar.bz2*) \
  bzip2 -dc dist-auxfile-2-1.0.tar.bz2 | ${TAR-tar} xf - ;;\
*.tar.lz*) \
  lzip -dc dist-auxfile-2-1.0.tar.lz | ${TAR-tar} xf - ;;\
*.tar.xz*) \
  xz -dc dist-auxfile-2-1.0.tar.xz | ${TAR-tar} xf - ;;\
*.tar.Z*) \
  uncompress -c dist-auxfile-2-1.0.tar.Z | ${TAR-tar} xf - ;;\
*.shar.gz*) \
  eval GZIP= gzip --best -dc dist-auxfile-2-1.0.shar.gz | unshar ;;\
*.zip*) \
  unzip dist-auxfile-2-1.0.zip ;;\
esac
chmod -R a-w dist-auxfile-2-1.0
chmod u+w dist-auxfile-2-1.0
mkdir dist-auxfile-2-1.0/_build dist-auxfile-2-1.0/_build/sub dist-auxfile-2-1.0/_inst
chmod a-w dist-auxfile-2-1.0
test -d dist-auxfile-2-1.0/_build || exit 0; \
dc_install_base=`CDPATH="${ZSH_VERSION+.}:" && cd dist-auxfile-2-1.0/_inst && pwd | sed -e 's,^[^:\\/]:[\\/],/,'` \
  && dc_destdir="${TMPDIR-/tmp}/am-dc-$$/" \
  && am__cwd=`pwd` \
  && CDPATH="${ZSH_VERSION+.}:" && cd dist-auxfile-2-1.0/_build/sub \
  && ../../configure \
     \
     \
    --srcdir=../.. --prefix="$dc_install_base" \
  && make  \
  && make  dvi \
  && make  check \
  && make  install \
  && make  installcheck \
  && make  uninstall \
  && make  distuninstallcheck_dir="$dc_install_base" \
        distuninstallcheck \
  && chmod -R a-w "$dc_install_base" \
  && ({ \
       (cd ../.. && umask 077 && mkdir "$dc_destdir") \
       && make  DESTDIR="$dc_destdir" install \
       && make  DESTDIR="$dc_destdir" uninstall \
       && make  DESTDIR="$dc_destdir" \
            distuninstallcheck_dir="$dc_destdir" distuninstallcheck; \
      } || { rm -rf "$dc_destdir"; exit 1; }) \
  && rm -rf "$dc_destdir" \
  && make  dist \
  && rm -rf dist-auxfile-2-1.0.tar.gz \
  && make  distcleancheck \
  && cd "$am__cwd" \
  || exit 1
checking for a BSD-compatible install... /usr/bin/install -c
checking whether build environment is sane... yes
checking for a thread-safe mkdir -p... /tools/bin/mkdir -p
checking for gawk... gawk
checking whether make sets $(MAKE)... yes
checking whether make supports nested variables... yes
checking that generated files are newer than configure... done
configure: creating ./config.status
config.status: creating Makefile
config.status: creating sub/Makefile
make[1]: Entering directory '/sources/automake-1.16.1/t/dist-auxfile-2.dir/dist-auxfile-2-1.0/_build/sub'
Making all in sub
make[2]: Entering directory '/sources/automake-1.16.1/t/dist-auxfile-2.dir/dist-auxfile-2-1.0/_build/sub/sub'
make[2]: Nothing to be done for 'all'.
make[2]: Leaving directory '/sources/automake-1.16.1/t/dist-auxfile-2.dir/dist-auxfile-2-1.0/_build/sub/sub'
make[2]: Entering directory '/sources/automake-1.16.1/t/dist-auxfile-2.dir/dist-auxfile-2-1.0/_build/sub'
make[2]: Nothing to be done for 'all-am'.
make[2]: Leaving directory '/sources/automake-1.16.1/t/dist-auxfile-2.dir/dist-auxfile-2-1.0/_build/sub'
make[1]: Leaving directory '/sources/automake-1.16.1/t/dist-auxfile-2.dir/dist-auxfile-2-1.0/_build/sub'
make[1]: Entering directory '/sources/automake-1.16.1/t/dist-auxfile-2.dir/dist-auxfile-2-1.0/_build/sub'
Making dvi in sub
make[2]: Entering directory '/sources/automake-1.16.1/t/dist-auxfile-2.dir/dist-auxfile-2-1.0/_build/sub/sub'
make[2]: Nothing to be done for 'dvi'.
make[2]: Leaving directory '/sources/automake-1.16.1/t/dist-auxfile-2.dir/dist-auxfile-2-1.0/_build/sub/sub'
make[2]: Entering directory '/sources/automake-1.16.1/t/dist-auxfile-2.dir/dist-auxfile-2-1.0/_build/sub'
make[2]: Nothing to be done for 'dvi-am'.
make[2]: Leaving directory '/sources/automake-1.16.1/t/dist-auxfile-2.dir/dist-auxfile-2-1.0/_build/sub'
make[1]: Leaving directory '/sources/automake-1.16.1/t/dist-auxfile-2.dir/dist-auxfile-2-1.0/_build/sub'
make[1]: Entering directory '/sources/automake-1.16.1/t/dist-auxfile-2.dir/dist-auxfile-2-1.0/_build/sub'
Making check in sub
make[2]: Entering directory '/sources/automake-1.16.1/t/dist-auxfile-2.dir/dist-auxfile-2-1.0/_build/sub/sub'
make[2]: Nothing to be done for 'check'.
make[2]: Leaving directory '/sources/automake-1.16.1/t/dist-auxfile-2.dir/dist-auxfile-2-1.0/_build/sub/sub'
make[2]: Entering directory '/sources/automake-1.16.1/t/dist-auxfile-2.dir/dist-auxfile-2-1.0/_build/sub'
make  check-local
make[3]: Entering directory '/sources/automake-1.16.1/t/dist-auxfile-2.dir/dist-auxfile-2-1.0/_build/sub'
make  distdir-am
make[4]: Entering directory '/sources/automake-1.16.1/t/dist-auxfile-2.dir/dist-auxfile-2-1.0/_build/sub'
if test -d "dist-auxfile-2-1.0"; then find "dist-auxfile-2-1.0" -type d ! -perm -200 -exec chmod u+w {} ';' && rm -rf "dist-auxfile-2-1.0" || { sleep 5 && rm -rf "dist-auxfile-2-1.0"; }; else :; fi
test -d "dist-auxfile-2-1.0" || mkdir "dist-auxfile-2-1.0"
 (cd sub && make  top_distdir=../dist-auxfile-2-1.0 distdir=../dist-auxfile-2-1.0/sub \
     am__remove_distdir=: am__skip_length_check=: am__skip_mode_fix=: distdir)
make[5]: Entering directory '/sources/automake-1.16.1/t/dist-auxfile-2.dir/dist-auxfile-2-1.0/_build/sub/sub'
make  distdir-am
make[6]: Entering directory '/sources/automake-1.16.1/t/dist-auxfile-2.dir/dist-auxfile-2-1.0/_build/sub/sub'
make[6]: Leaving directory '/sources/automake-1.16.1/t/dist-auxfile-2.dir/dist-auxfile-2-1.0/_build/sub/sub'
make[5]: Leaving directory '/sources/automake-1.16.1/t/dist-auxfile-2.dir/dist-auxfile-2-1.0/_build/sub/sub'
test -n "" \
|| find "dist-auxfile-2-1.0" -type d ! -perm -755 \
	-exec chmod u+rwx,go+rx {} \; -o \
  ! -type d ! -perm -444 -links 1 -exec chmod a+r {} \; -o \
  ! -type d ! -perm -400 -exec chmod a+r {} \; -o \
  ! -type d ! -perm -444 -exec /bin/sh /sources/automake-1.16.1/t/dist-auxfile-2.dir/dist-auxfile-2-1.0/sub/install-sh -c -m a+r {} {} \; \
|| chmod -R a+r "dist-auxfile-2-1.0"
make[4]: Leaving directory '/sources/automake-1.16.1/t/dist-auxfile-2.dir/dist-auxfile-2-1.0/_build/sub'
ls -l dist-auxfile-2-1.0 dist-auxfile-2-1.0/* ;: For debugging.
-r--r--r-- 1 root root    139 Nov 27 06:40 dist-auxfile-2-1.0/Makefile.am
-r--r--r-- 1 root root  23736 Nov 27 06:40 dist-auxfile-2-1.0/Makefile.in
-r--r--r-- 1 root root  27316 Nov 27 06:40 dist-auxfile-2-1.0/aclocal.m4
-r-xr-xr-x 1 root root 104179 Nov 27 06:40 dist-auxfile-2-1.0/configure
-r--r--r-- 1 root root    156 Nov 27 06:40 dist-auxfile-2-1.0/configure.ac

dist-auxfile-2-1.0:
total 168
-r--r--r-- 1 root root    139 Nov 27 06:40 Makefile.am
-r--r--r-- 1 root root  23736 Nov 27 06:40 Makefile.in
-r--r--r-- 1 root root  27316 Nov 27 06:40 aclocal.m4
-r-xr-xr-x 1 root root 104179 Nov 27 06:40 configure
-r--r--r-- 1 root root    156 Nov 27 06:40 configure.ac
drwxr-xr-x 2 root root   4096 Nov 27 06:40 sub

dist-auxfile-2-1.0/sub:
total 40
-r--r--r-- 1 root root     0 Nov 27 06:40 Makefile.am
-r--r--r-- 1 root root 10748 Nov 27 06:40 Makefile.in
-r-xr-xr-x 1 1000  998 15368 Mar 11  2018 install-sh
-r-xr-xr-x 1 1000  998  6878 Mar  8  2018 missing
-r--r--r-- 1 root root     6 Nov 27 06:40 zardoz
test -f dist-auxfile-2-1.0/sub/zardoz
make[3]: Leaving directory '/sources/automake-1.16.1/t/dist-auxfile-2.dir/dist-auxfile-2-1.0/_build/sub'
make[2]: Leaving directory '/sources/automake-1.16.1/t/dist-auxfile-2.dir/dist-auxfile-2-1.0/_build/sub'
make[1]: Leaving directory '/sources/automake-1.16.1/t/dist-auxfile-2.dir/dist-auxfile-2-1.0/_build/sub'
make[1]: Entering directory '/sources/automake-1.16.1/t/dist-auxfile-2.dir/dist-auxfile-2-1.0/_build/sub'
Making install in sub
make[2]: Entering directory '/sources/automake-1.16.1/t/dist-auxfile-2.dir/dist-auxfile-2-1.0/_build/sub/sub'
make[3]: Entering directory '/sources/automake-1.16.1/t/dist-auxfile-2.dir/dist-auxfile-2-1.0/_build/sub/sub'
make[3]: Nothing to be done for 'install-exec-am'.
make[3]: Nothing to be done for 'install-data-am'.
make[3]: Leaving directory '/sources/automake-1.16.1/t/dist-auxfile-2.dir/dist-auxfile-2-1.0/_build/sub/sub'
make[2]: Leaving directory '/sources/automake-1.16.1/t/dist-auxfile-2.dir/dist-auxfile-2-1.0/_build/sub/sub'
make[2]: Entering directory '/sources/automake-1.16.1/t/dist-auxfile-2.dir/dist-auxfile-2-1.0/_build/sub'
make[3]: Entering directory '/sources/automake-1.16.1/t/dist-auxfile-2.dir/dist-auxfile-2-1.0/_build/sub'
make[3]: Nothing to be done for 'install-exec-am'.
make[3]: Nothing to be done for 'install-data-am'.
make[3]: Leaving directory '/sources/automake-1.16.1/t/dist-auxfile-2.dir/dist-auxfile-2-1.0/_build/sub'
make[2]: Leaving directory '/sources/automake-1.16.1/t/dist-auxfile-2.dir/dist-auxfile-2-1.0/_build/sub'
make[1]: Leaving directory '/sources/automake-1.16.1/t/dist-auxfile-2.dir/dist-auxfile-2-1.0/_build/sub'
make[1]: Entering directory '/sources/automake-1.16.1/t/dist-auxfile-2.dir/dist-auxfile-2-1.0/_build/sub'
Making installcheck in sub
make[2]: Entering directory '/sources/automake-1.16.1/t/dist-auxfile-2.dir/dist-auxfile-2-1.0/_build/sub/sub'
make[2]: Nothing to be done for 'installcheck'.
make[2]: Leaving directory '/sources/automake-1.16.1/t/dist-auxfile-2.dir/dist-auxfile-2-1.0/_build/sub/sub'
make[2]: Entering directory '/sources/automake-1.16.1/t/dist-auxfile-2.dir/dist-auxfile-2-1.0/_build/sub'
make[2]: Nothing to be done for 'installcheck-am'.
make[2]: Leaving directory '/sources/automake-1.16.1/t/dist-auxfile-2.dir/dist-auxfile-2-1.0/_build/sub'
make[1]: Leaving directory '/sources/automake-1.16.1/t/dist-auxfile-2.dir/dist-auxfile-2-1.0/_build/sub'
make[1]: Entering directory '/sources/automake-1.16.1/t/dist-auxfile-2.dir/dist-auxfile-2-1.0/_build/sub'
Making uninstall in sub
make[2]: Entering directory '/sources/automake-1.16.1/t/dist-auxfile-2.dir/dist-auxfile-2-1.0/_build/sub/sub'
make[2]: Nothing to be done for 'uninstall'.
make[2]: Leaving directory '/sources/automake-1.16.1/t/dist-auxfile-2.dir/dist-auxfile-2-1.0/_build/sub/sub'
make[2]: Entering directory '/sources/automake-1.16.1/t/dist-auxfile-2.dir/dist-auxfile-2-1.0/_build/sub'
make[2]: Nothing to be done for 'uninstall-am'.
make[2]: Leaving directory '/sources/automake-1.16.1/t/dist-auxfile-2.dir/dist-auxfile-2-1.0/_build/sub'
make[1]: Leaving directory '/sources/automake-1.16.1/t/dist-auxfile-2.dir/dist-auxfile-2-1.0/_build/sub'
make[1]: Entering directory '/sources/automake-1.16.1/t/dist-auxfile-2.dir/dist-auxfile-2-1.0/_build/sub'
make[1]: Leaving directory '/sources/automake-1.16.1/t/dist-auxfile-2.dir/dist-auxfile-2-1.0/_build/sub'
make[1]: Entering directory '/sources/automake-1.16.1/t/dist-auxfile-2.dir/dist-auxfile-2-1.0/_build/sub'
Making install in sub
make[2]: Entering directory '/sources/automake-1.16.1/t/dist-auxfile-2.dir/dist-auxfile-2-1.0/_build/sub/sub'
make[3]: Entering directory '/sources/automake-1.16.1/t/dist-auxfile-2.dir/dist-auxfile-2-1.0/_build/sub/sub'
make[3]: Nothing to be done for 'install-exec-am'.
make[3]: Nothing to be done for 'install-data-am'.
make[3]: Leaving directory '/sources/automake-1.16.1/t/dist-auxfile-2.dir/dist-auxfile-2-1.0/_build/sub/sub'
make[2]: Leaving directory '/sources/automake-1.16.1/t/dist-auxfile-2.dir/dist-auxfile-2-1.0/_build/sub/sub'
make[2]: Entering directory '/sources/automake-1.16.1/t/dist-auxfile-2.dir/dist-auxfile-2-1.0/_build/sub'
make[3]: Entering directory '/sources/automake-1.16.1/t/dist-auxfile-2.dir/dist-auxfile-2-1.0/_build/sub'
make[3]: Nothing to be done for 'install-exec-am'.
make[3]: Nothing to be done for 'install-data-am'.
make[3]: Leaving directory '/sources/automake-1.16.1/t/dist-auxfile-2.dir/dist-auxfile-2-1.0/_build/sub'
make[2]: Leaving directory '/sources/automake-1.16.1/t/dist-auxfile-2.dir/dist-auxfile-2-1.0/_build/sub'
make[1]: Leaving directory '/sources/automake-1.16.1/t/dist-auxfile-2.dir/dist-auxfile-2-1.0/_build/sub'
make[1]: Entering directory '/sources/automake-1.16.1/t/dist-auxfile-2.dir/dist-auxfile-2-1.0/_build/sub'
Making uninstall in sub
make[2]: Entering directory '/sources/automake-1.16.1/t/dist-auxfile-2.dir/dist-auxfile-2-1.0/_build/sub/sub'
make[2]: Nothing to be done for 'uninstall'.
make[2]: Leaving directory '/sources/automake-1.16.1/t/dist-auxfile-2.dir/dist-auxfile-2-1.0/_build/sub/sub'
make[2]: Entering directory '/sources/automake-1.16.1/t/dist-auxfile-2.dir/dist-auxfile-2-1.0/_build/sub'
make[2]: Nothing to be done for 'uninstall-am'.
make[2]: Leaving directory '/sources/automake-1.16.1/t/dist-auxfile-2.dir/dist-auxfile-2-1.0/_build/sub'
make[1]: Leaving directory '/sources/automake-1.16.1/t/dist-auxfile-2.dir/dist-auxfile-2-1.0/_build/sub'
make[1]: Entering directory '/sources/automake-1.16.1/t/dist-auxfile-2.dir/dist-auxfile-2-1.0/_build/sub'
make[1]: Leaving directory '/sources/automake-1.16.1/t/dist-auxfile-2.dir/dist-auxfile-2-1.0/_build/sub'
make[1]: Entering directory '/sources/automake-1.16.1/t/dist-auxfile-2.dir/dist-auxfile-2-1.0/_build/sub'
make  dist-gzip am__post_remove_distdir='@:'
make[2]: Entering directory '/sources/automake-1.16.1/t/dist-auxfile-2.dir/dist-auxfile-2-1.0/_build/sub'
make  distdir-am
make[3]: Entering directory '/sources/automake-1.16.1/t/dist-auxfile-2.dir/dist-auxfile-2-1.0/_build/sub'
if test -d "dist-auxfile-2-1.0"; then find "dist-auxfile-2-1.0" -type d ! -perm -200 -exec chmod u+w {} ';' && rm -rf "dist-auxfile-2-1.0" || { sleep 5 && rm -rf "dist-auxfile-2-1.0"; }; else :; fi
test -d "dist-auxfile-2-1.0" || mkdir "dist-auxfile-2-1.0"
 (cd sub && make  top_distdir=../dist-auxfile-2-1.0 distdir=../dist-auxfile-2-1.0/sub \
     am__remove_distdir=: am__skip_length_check=: am__skip_mode_fix=: distdir)
make[4]: Entering directory '/sources/automake-1.16.1/t/dist-auxfile-2.dir/dist-auxfile-2-1.0/_build/sub/sub'
make  distdir-am
make[5]: Entering directory '/sources/automake-1.16.1/t/dist-auxfile-2.dir/dist-auxfile-2-1.0/_build/sub/sub'
make[5]: Leaving directory '/sources/automake-1.16.1/t/dist-auxfile-2.dir/dist-auxfile-2-1.0/_build/sub/sub'
make[4]: Leaving directory '/sources/automake-1.16.1/t/dist-auxfile-2.dir/dist-auxfile-2-1.0/_build/sub/sub'
test -n "" \
|| find "dist-auxfile-2-1.0" -type d ! -perm -755 \
	-exec chmod u+rwx,go+rx {} \; -o \
  ! -type d ! -perm -444 -links 1 -exec chmod a+r {} \; -o \
  ! -type d ! -perm -400 -exec chmod a+r {} \; -o \
  ! -type d ! -perm -444 -exec /bin/sh /sources/automake-1.16.1/t/dist-auxfile-2.dir/dist-auxfile-2-1.0/sub/install-sh -c -m a+r {} {} \; \
|| chmod -R a+r "dist-auxfile-2-1.0"
make[3]: Leaving directory '/sources/automake-1.16.1/t/dist-auxfile-2.dir/dist-auxfile-2-1.0/_build/sub'
tardir=dist-auxfile-2-1.0 && ${TAR-tar} chof - "$tardir" | eval GZIP= gzip --best -c >dist-auxfile-2-1.0.tar.gz
make[2]: Leaving directory '/sources/automake-1.16.1/t/dist-auxfile-2.dir/dist-auxfile-2-1.0/_build/sub'
if test -d "dist-auxfile-2-1.0"; then find "dist-auxfile-2-1.0" -type d ! -perm -200 -exec chmod u+w {} ';' && rm -rf "dist-auxfile-2-1.0" || { sleep 5 && rm -rf "dist-auxfile-2-1.0"; }; else :; fi
make[1]: Leaving directory '/sources/automake-1.16.1/t/dist-auxfile-2.dir/dist-auxfile-2-1.0/_build/sub'
make[1]: Entering directory '/sources/automake-1.16.1/t/dist-auxfile-2.dir/dist-auxfile-2-1.0/_build/sub'
Making distclean in sub
make[2]: Entering directory '/sources/automake-1.16.1/t/dist-auxfile-2.dir/dist-auxfile-2-1.0/_build/sub/sub'
test -z "" || rm -f 
test . = "../../../sub" || test -z "" || rm -f 
rm -f Makefile
make[2]: Leaving directory '/sources/automake-1.16.1/t/dist-auxfile-2.dir/dist-auxfile-2-1.0/_build/sub/sub'
make[2]: Entering directory '/sources/automake-1.16.1/t/dist-auxfile-2.dir/dist-auxfile-2-1.0/_build/sub'
test -z "" || rm -f 
test . = "../.." || test -z "" || rm -f 
rm -f TAGS ID GTAGS GRTAGS GSYMS GPATH tags
rm -f cscope.out cscope.in.out cscope.po.out cscope.files
make[2]: Leaving directory '/sources/automake-1.16.1/t/dist-auxfile-2.dir/dist-auxfile-2-1.0/_build/sub'
rm -f config.status config.cache config.log configure.lineno config.status.lineno
rm -f Makefile
make[1]: Leaving directory '/sources/automake-1.16.1/t/dist-auxfile-2.dir/dist-auxfile-2-1.0/_build/sub'
if test -d "dist-auxfile-2-1.0"; then find "dist-auxfile-2-1.0" -type d ! -perm -200 -exec chmod u+w {} ';' && rm -rf "dist-auxfile-2-1.0" || { sleep 5 && rm -rf "dist-auxfile-2-1.0"; }; else :; fi
====================================================
dist-auxfile-2-1.0 archives ready for distribution: 
dist-auxfile-2-1.0.tar.gz
====================================================
+ :
+ am_exit_trap 0
+ exit_status=0
+ set +e
+ cd /sources/automake-1.16.1
+ test none = tap
+ case $am_explicit_skips in
+ test 0 -eq 0
+ am_keeping_testdirs
+ case $keep_testdirs in
+ return 1
+ rm_rf_ t/dist-auxfile-2.dir
+ test 1 -gt 0
+ /usr/bin/perl /sources/automake-1.16.1/t/ax/deltree.pl t/dist-auxfile-2.dir
+ set +x
PASS t/dist-auxfile-2.sh (exit status: 0)
