Running from installcheck: no
Test Protocol: none
PATH = /sources/automake-1.16.1/bin:/sources/automake-1.16.1/t/ax:/bin:/usr/bin:/sbin:/usr/sbin:/tools/bin
++ pwd
/sources/automake-1.16.1/t/dist-lzma.dir
+ errmsg='support for lzma.*removed'
+ echo AUTOMAKE_OPTIONS = dist-lzma
+ aclocal-1.16 -Werror --force
+ AUTOMAKE_fails -Wnone -Wno-error
+ AUTOMAKE_run -e 1 -Wnone -Wno-error
+ am__desc=
+ am__exp_rc=0
+ test 4 -gt 0
+ case $1 in
+ am__exp_rc=1
+ shift
+ shift
+ test 2 -gt 0
+ case $1 in
+ break
+ am__got_rc=0
+ automake-1.16 --foreign -Werror -Wall -Wnone -Wno-error
+ am__got_rc=1
+ cat stderr
Makefile.am:1: error: support for lzma-compressed distribution archives has been removed
+ cat stdout
+ test none = none
+ test 1 -eq 1
+ return
+ grep '^Makefile\.am:1:.*support for lzma.*removed' stderr
Makefile.am:1: error: support for lzma-compressed distribution archives has been removed
+ cat
+ :
+ rm -rf autom4te.cache
+ aclocal-1.16 -Werror
+ AUTOMAKE_fails -Wnone -Wno-error
+ AUTOMAKE_run -e 1 -Wnone -Wno-error
+ am__desc=
+ am__exp_rc=0
+ test 4 -gt 0
+ case $1 in
+ am__exp_rc=1
+ shift
+ shift
+ test 2 -gt 0
+ case $1 in
+ break
+ am__got_rc=0
+ automake-1.16 --foreign -Werror -Wall -Wnone -Wno-error
+ am__got_rc=1
+ cat stderr
configure.ac:2: error: support for lzma-compressed distribution archives has been removed
+ cat stdout
+ test none = none
+ test 1 -eq 1
+ return
+ grep '^configure\.ac:2:.*support for lzma.*removed' stderr
configure.ac:2: error: support for lzma-compressed distribution archives has been removed
+ :
+ am_exit_trap 0
+ exit_status=0
+ set +e
+ cd /sources/automake-1.16.1
+ test none = tap
+ case $am_explicit_skips in
+ test 0 -eq 0
+ am_keeping_testdirs
+ case $keep_testdirs in
+ return 1
+ rm_rf_ t/dist-lzma.dir
+ test 1 -gt 0
+ /usr/bin/perl /sources/automake-1.16.1/t/ax/deltree.pl t/dist-lzma.dir
+ set +x
PASS t/dist-lzma.sh (exit status: 0)
