Running from installcheck: no
Test Protocol: none
PATH = /sources/automake-1.16.1/bin:/sources/automake-1.16.1/t/ax:/bin:/usr/bin:/sbin:/usr/sbin:/tools/bin
++ pwd
/sources/automake-1.16.1/t/distcheck-missing-m4.dir
++ pwd
+ cwd=/sources/automake-1.16.1/t/distcheck-missing-m4.dir
+ cp /sources/automake-1.16.1/t/ax/distcheck-hook-m4.am .
+ cat
+ cat
+ mkdir m4 acdir acdir1 acdir2 pth
+ cat
+ echo 'AC_DEFUN([MY_FOO], [:])'
+ echo 'AC_DEFUN([MY_BAR], [:])'
+ echo 'AC_DEFUN([MY_BAZ], [:])'
+ echo 'AC_DEFUN([MY_QUX], [:])'
+ echo 'AC_DEFUN([MY_ZAR], [:])'
+ echo 'AC_DEFUN([MY_BLA], [:])'
+ ACLOCAL='aclocal-1.16 -Werror --system-acdir=/sources/automake-1.16.1/t/distcheck-missing-m4.dir/acdir'
+ export ACLOCAL
+ ACLOCAL_PATH=/sources/automake-1.16.1/t/distcheck-missing-m4.dir/pth
+ export ACLOCAL_PATH
+ aclocal-1.16 -Werror --system-acdir=/sources/automake-1.16.1/t/distcheck-missing-m4.dir/acdir -I m4
+ autoconf
+ /bin/grep -E 'MY_(FOO|BAR|BAZ|ZAR)' configure
+ automake-1.16 --foreign -Werror -Wall
+ ./configure
checking for a BSD-compatible install... /usr/bin/install -c
checking whether build environment is sane... yes
checking for a thread-safe mkdir -p... /tools/bin/mkdir -p
checking for gawk... gawk
checking whether make sets $(MAKE)... yes
checking whether make supports nested variables... yes
checking that generated files are newer than configure... done
configure: creating ./config.status
config.status: creating Makefile
+ run_make -M -e FAIL distcheck
+ am__make_redirect_stdout=no
+ am__make_redirect_stderr=no
+ am__make_redirect_stdall=no
+ am__make_flags=
+ am__make_rc_exp=0
+ am_make_rc=0
+ test 4 -gt 0
+ case $1 in
+ am__make_redirect_stdall=yes
+ shift
+ test 3 -gt 0
+ case $1 in
+ am__make_rc_exp=FAIL
+ shift
+ shift
+ test 1 -gt 0
+ case $1 in
+ break
+ using_gmake
+ case $am__using_gmake in
+ make --version -v
+ grep GNU
GNU Make 4.2.1
License GPLv3+: GNU GPL version 3 or later <http://gnu.org/licenses/gpl.html>
+ am__using_gmake=yes
+ return 0
+ :
+ test x '!=' x
+ : exec make distcheck
+ set +x
+ am_make_rc=2
+ test 2 -eq 253
+ test yes = yes
+ cat output
make  dist-gzip am__post_remove_distdir='@:'
make[1]: Entering directory '/sources/automake-1.16.1/t/distcheck-missing-m4.dir'
make  distdir-am
make[2]: Entering directory '/sources/automake-1.16.1/t/distcheck-missing-m4.dir'
if test -d "distcheck-missing-m4-1.0"; then find "distcheck-missing-m4-1.0" -type d ! -perm -200 -exec chmod u+w {} ';' && rm -rf "distcheck-missing-m4-1.0" || { sleep 5 && rm -rf "distcheck-missing-m4-1.0"; }; else :; fi
test -d "distcheck-missing-m4-1.0" || mkdir "distcheck-missing-m4-1.0"
test -n "" \
|| find "distcheck-missing-m4-1.0" -type d ! -perm -755 \
	-exec chmod u+rwx,go+rx {} \; -o \
  ! -type d ! -perm -444 -links 1 -exec chmod a+r {} \; -o \
  ! -type d ! -perm -400 -exec chmod a+r {} \; -o \
  ! -type d ! -perm -444 -exec /bin/sh /sources/automake-1.16.1/t/distcheck-missing-m4.dir/install-sh -c -m a+r {} {} \; \
|| chmod -R a+r "distcheck-missing-m4-1.0"
make[2]: Leaving directory '/sources/automake-1.16.1/t/distcheck-missing-m4.dir'
tardir=distcheck-missing-m4-1.0 && ${TAR-tar} chof - "$tardir" | eval GZIP= gzip --best -c >distcheck-missing-m4-1.0.tar.gz
make[1]: Leaving directory '/sources/automake-1.16.1/t/distcheck-missing-m4.dir'
if test -d "distcheck-missing-m4-1.0"; then find "distcheck-missing-m4-1.0" -type d ! -perm -200 -exec chmod u+w {} ';' && rm -rf "distcheck-missing-m4-1.0" || { sleep 5 && rm -rf "distcheck-missing-m4-1.0"; }; else :; fi
case 'distcheck-missing-m4-1.0.tar.gz' in \
*.tar.gz*) \
  eval GZIP= gzip --best -dc distcheck-missing-m4-1.0.tar.gz | ${TAR-tar} xf - ;;\
*.tar.bz2*) \
  bzip2 -dc distcheck-missing-m4-1.0.tar.bz2 | ${TAR-tar} xf - ;;\
*.tar.lz*) \
  lzip -dc distcheck-missing-m4-1.0.tar.lz | ${TAR-tar} xf - ;;\
*.tar.xz*) \
  xz -dc distcheck-missing-m4-1.0.tar.xz | ${TAR-tar} xf - ;;\
*.tar.Z*) \
  uncompress -c distcheck-missing-m4-1.0.tar.Z | ${TAR-tar} xf - ;;\
*.shar.gz*) \
  eval GZIP= gzip --best -dc distcheck-missing-m4-1.0.shar.gz | unshar ;;\
*.zip*) \
  unzip distcheck-missing-m4-1.0.zip ;;\
esac
chmod -R a-w distcheck-missing-m4-1.0
chmod u+w distcheck-missing-m4-1.0
mkdir distcheck-missing-m4-1.0/_build distcheck-missing-m4-1.0/_build/sub distcheck-missing-m4-1.0/_inst
chmod a-w distcheck-missing-m4-1.0
test -d distcheck-missing-m4-1.0/_build || exit 0; \
dc_install_base=`CDPATH="${ZSH_VERSION+.}:" && cd distcheck-missing-m4-1.0/_inst && pwd | sed -e 's,^[^:\\/]:[\\/],/,'` \
  && dc_destdir="${TMPDIR-/tmp}/am-dc-$$/" \
  && make  distcheck-hook \
  && am__cwd=`pwd` \
  && CDPATH="${ZSH_VERSION+.}:" && cd distcheck-missing-m4-1.0/_build/sub \
  && ../../configure \
     \
     \
    --srcdir=../.. --prefix="$dc_install_base" \
  && make  \
  && make  dvi \
  && make  check \
  && make  install \
  && make  installcheck \
  && make  uninstall \
  && make  distuninstallcheck_dir="$dc_install_base" \
        distuninstallcheck \
  && chmod -R a-w "$dc_install_base" \
  && ({ \
       (cd ../.. && umask 077 && mkdir "$dc_destdir") \
       && make  DESTDIR="$dc_destdir" install \
       && make  DESTDIR="$dc_destdir" uninstall \
       && make  DESTDIR="$dc_destdir" \
            distuninstallcheck_dir="$dc_destdir" distuninstallcheck; \
      } || { rm -rf "$dc_destdir"; exit 1; }) \
  && rm -rf "$dc_destdir" \
  && make  dist \
  && rm -rf distcheck-missing-m4-1.0.tar.gz \
  && make  distcleancheck \
  && cd "$am__cwd" \
  || exit 1
make[1]: Entering directory '/sources/automake-1.16.1/t/distcheck-missing-m4.dir'
aclocal-1.16: installing '_m4/bar.m4' from '/sources/automake-1.16.1/t/distcheck-missing-m4.dir/acdir1/bar.m4'
aclocal-1.16: installing '_m4/baz.m4' from '/sources/automake-1.16.1/t/distcheck-missing-m4.dir/acdir1/baz.m4'
aclocal-1.16: installing '_m4/zar.m4' from '/sources/automake-1.16.1/t/distcheck-missing-m4.dir/pth/zar.m4'
distcheck-hook: required m4 files not distributed or outdated: bar.m4 baz.m4 zar.m4 
make[1]: *** [Makefile:548: distcheck-hook] Error 1
make[1]: Leaving directory '/sources/automake-1.16.1/t/distcheck-missing-m4.dir'
make: *** [Makefile:348: distcheck] Error 1
+ case $am__make_rc_exp in
+ test 2 -gt 0
+ for x in bar baz zar
+ /bin/grep -E 'required m4 file.*not distributed.* bar.m4( |$)' output
distcheck-hook: required m4 files not distributed or outdated: bar.m4 baz.m4 zar.m4 
+ for x in bar baz zar
+ /bin/grep -E 'required m4 file.*not distributed.* baz.m4( |$)' output
distcheck-hook: required m4 files not distributed or outdated: bar.m4 baz.m4 zar.m4 
+ for x in bar baz zar
+ /bin/grep -E 'required m4 file.*not distributed.* zar.m4( |$)' output
distcheck-hook: required m4 files not distributed or outdated: bar.m4 baz.m4 zar.m4 
+ check_no_spurious_error
+ /bin/grep -E -i 'mkdir:|:.*(permission|denied)' output
+ grep -v 'rm -rf ' output
+ grep -i 'autom4te.*\.cache'
+ : To placate 'set -e.'
+ aclocal-1.16 -Werror --system-acdir=/sources/automake-1.16.1/t/distcheck-missing-m4.dir/acdir -I m4 --install
aclocal-1.16: installing 'm4/bar.m4' from '/sources/automake-1.16.1/t/distcheck-missing-m4.dir/acdir1/bar.m4'
aclocal-1.16: installing 'm4/baz.m4' from '/sources/automake-1.16.1/t/distcheck-missing-m4.dir/acdir1/baz.m4'
aclocal-1.16: installing 'm4/zar.m4' from '/sources/automake-1.16.1/t/distcheck-missing-m4.dir/pth/zar.m4'
+ test -f m4/bar.m4
+ test -f m4/baz.m4
+ test -f m4/zar.m4
+ using_gmake
+ case $am__using_gmake in
+ return 0
+ make distcheck
 cd . && /bin/sh /sources/automake-1.16.1/t/distcheck-missing-m4.dir/missing automake-1.16 --foreign
CDPATH="${ZSH_VERSION+.}:" && cd . && /bin/sh /sources/automake-1.16.1/t/distcheck-missing-m4.dir/missing autoconf
/bin/sh ./config.status --recheck
running CONFIG_SHELL=/bin/sh /bin/sh ./configure build_alias= host_alias= --no-create --no-recursion
checking for a BSD-compatible install... /usr/bin/install -c
checking whether build environment is sane... yes
checking for a thread-safe mkdir -p... /tools/bin/mkdir -p
checking for gawk... gawk
checking whether make sets $(MAKE)... yes
checking whether make supports nested variables... yes
checking that generated files are newer than configure... done
configure: creating ./config.status
 /bin/sh ./config.status
config.status: creating Makefile
make  dist-gzip am__post_remove_distdir='@:'
make[1]: Entering directory '/sources/automake-1.16.1/t/distcheck-missing-m4.dir'
make  distdir-am
make[2]: Entering directory '/sources/automake-1.16.1/t/distcheck-missing-m4.dir'
if test -d "distcheck-missing-m4-1.0"; then find "distcheck-missing-m4-1.0" -type d ! -perm -200 -exec chmod u+w {} ';' && rm -rf "distcheck-missing-m4-1.0" || { sleep 5 && rm -rf "distcheck-missing-m4-1.0"; }; else :; fi
test -d "distcheck-missing-m4-1.0" || mkdir "distcheck-missing-m4-1.0"
test -n "" \
|| find "distcheck-missing-m4-1.0" -type d ! -perm -755 \
	-exec chmod u+rwx,go+rx {} \; -o \
  ! -type d ! -perm -444 -links 1 -exec chmod a+r {} \; -o \
  ! -type d ! -perm -400 -exec chmod a+r {} \; -o \
  ! -type d ! -perm -444 -exec /bin/sh /sources/automake-1.16.1/t/distcheck-missing-m4.dir/install-sh -c -m a+r {} {} \; \
|| chmod -R a+r "distcheck-missing-m4-1.0"
make[2]: Leaving directory '/sources/automake-1.16.1/t/distcheck-missing-m4.dir'
tardir=distcheck-missing-m4-1.0 && ${TAR-tar} chof - "$tardir" | eval GZIP= gzip --best -c >distcheck-missing-m4-1.0.tar.gz
make[1]: Leaving directory '/sources/automake-1.16.1/t/distcheck-missing-m4.dir'
if test -d "distcheck-missing-m4-1.0"; then find "distcheck-missing-m4-1.0" -type d ! -perm -200 -exec chmod u+w {} ';' && rm -rf "distcheck-missing-m4-1.0" || { sleep 5 && rm -rf "distcheck-missing-m4-1.0"; }; else :; fi
case 'distcheck-missing-m4-1.0.tar.gz' in \
*.tar.gz*) \
  eval GZIP= gzip --best -dc distcheck-missing-m4-1.0.tar.gz | ${TAR-tar} xf - ;;\
*.tar.bz2*) \
  bzip2 -dc distcheck-missing-m4-1.0.tar.bz2 | ${TAR-tar} xf - ;;\
*.tar.lz*) \
  lzip -dc distcheck-missing-m4-1.0.tar.lz | ${TAR-tar} xf - ;;\
*.tar.xz*) \
  xz -dc distcheck-missing-m4-1.0.tar.xz | ${TAR-tar} xf - ;;\
*.tar.Z*) \
  uncompress -c distcheck-missing-m4-1.0.tar.Z | ${TAR-tar} xf - ;;\
*.shar.gz*) \
  eval GZIP= gzip --best -dc distcheck-missing-m4-1.0.shar.gz | unshar ;;\
*.zip*) \
  unzip distcheck-missing-m4-1.0.zip ;;\
esac
chmod -R a-w distcheck-missing-m4-1.0
chmod u+w distcheck-missing-m4-1.0
mkdir distcheck-missing-m4-1.0/_build distcheck-missing-m4-1.0/_build/sub distcheck-missing-m4-1.0/_inst
chmod a-w distcheck-missing-m4-1.0
test -d distcheck-missing-m4-1.0/_build || exit 0; \
dc_install_base=`CDPATH="${ZSH_VERSION+.}:" && cd distcheck-missing-m4-1.0/_inst && pwd | sed -e 's,^[^:\\/]:[\\/],/,'` \
  && dc_destdir="${TMPDIR-/tmp}/am-dc-$$/" \
  && make  distcheck-hook \
  && am__cwd=`pwd` \
  && CDPATH="${ZSH_VERSION+.}:" && cd distcheck-missing-m4-1.0/_build/sub \
  && ../../configure \
     \
     \
    --srcdir=../.. --prefix="$dc_install_base" \
  && make  \
  && make  dvi \
  && make  check \
  && make  install \
  && make  installcheck \
  && make  uninstall \
  && make  distuninstallcheck_dir="$dc_install_base" \
        distuninstallcheck \
  && chmod -R a-w "$dc_install_base" \
  && ({ \
       (cd ../.. && umask 077 && mkdir "$dc_destdir") \
       && make  DESTDIR="$dc_destdir" install \
       && make  DESTDIR="$dc_destdir" uninstall \
       && make  DESTDIR="$dc_destdir" \
            distuninstallcheck_dir="$dc_destdir" distuninstallcheck; \
      } || { rm -rf "$dc_destdir"; exit 1; }) \
  && rm -rf "$dc_destdir" \
  && make  dist \
  && rm -rf distcheck-missing-m4-1.0.tar.gz \
  && make  distcleancheck \
  && cd "$am__cwd" \
  || exit 1
make[1]: Entering directory '/sources/automake-1.16.1/t/distcheck-missing-m4.dir'
make[1]: Leaving directory '/sources/automake-1.16.1/t/distcheck-missing-m4.dir'
checking for a BSD-compatible install... /usr/bin/install -c
checking whether build environment is sane... yes
checking for a thread-safe mkdir -p... /tools/bin/mkdir -p
checking for gawk... gawk
checking whether make sets $(MAKE)... yes
checking whether make supports nested variables... yes
checking that generated files are newer than configure... done
configure: creating ./config.status
config.status: creating Makefile
make[1]: Entering directory '/sources/automake-1.16.1/t/distcheck-missing-m4.dir/distcheck-missing-m4-1.0/_build/sub'
make[1]: Nothing to be done for 'all'.
make[1]: Leaving directory '/sources/automake-1.16.1/t/distcheck-missing-m4.dir/distcheck-missing-m4-1.0/_build/sub'
make[1]: Entering directory '/sources/automake-1.16.1/t/distcheck-missing-m4.dir/distcheck-missing-m4-1.0/_build/sub'
make[1]: Nothing to be done for 'dvi'.
make[1]: Leaving directory '/sources/automake-1.16.1/t/distcheck-missing-m4.dir/distcheck-missing-m4-1.0/_build/sub'
make[1]: Entering directory '/sources/automake-1.16.1/t/distcheck-missing-m4.dir/distcheck-missing-m4-1.0/_build/sub'
make[1]: Nothing to be done for 'check'.
make[1]: Leaving directory '/sources/automake-1.16.1/t/distcheck-missing-m4.dir/distcheck-missing-m4-1.0/_build/sub'
make[1]: Entering directory '/sources/automake-1.16.1/t/distcheck-missing-m4.dir/distcheck-missing-m4-1.0/_build/sub'
make[2]: Entering directory '/sources/automake-1.16.1/t/distcheck-missing-m4.dir/distcheck-missing-m4-1.0/_build/sub'
make[2]: Nothing to be done for 'install-exec-am'.
make[2]: Nothing to be done for 'install-data-am'.
make[2]: Leaving directory '/sources/automake-1.16.1/t/distcheck-missing-m4.dir/distcheck-missing-m4-1.0/_build/sub'
make[1]: Leaving directory '/sources/automake-1.16.1/t/distcheck-missing-m4.dir/distcheck-missing-m4-1.0/_build/sub'
make[1]: Entering directory '/sources/automake-1.16.1/t/distcheck-missing-m4.dir/distcheck-missing-m4-1.0/_build/sub'
make[1]: Nothing to be done for 'installcheck'.
make[1]: Leaving directory '/sources/automake-1.16.1/t/distcheck-missing-m4.dir/distcheck-missing-m4-1.0/_build/sub'
make[1]: Entering directory '/sources/automake-1.16.1/t/distcheck-missing-m4.dir/distcheck-missing-m4-1.0/_build/sub'
make[1]: Nothing to be done for 'uninstall'.
make[1]: Leaving directory '/sources/automake-1.16.1/t/distcheck-missing-m4.dir/distcheck-missing-m4-1.0/_build/sub'
make[1]: Entering directory '/sources/automake-1.16.1/t/distcheck-missing-m4.dir/distcheck-missing-m4-1.0/_build/sub'
make[1]: Leaving directory '/sources/automake-1.16.1/t/distcheck-missing-m4.dir/distcheck-missing-m4-1.0/_build/sub'
make[1]: Entering directory '/sources/automake-1.16.1/t/distcheck-missing-m4.dir/distcheck-missing-m4-1.0/_build/sub'
make[2]: Entering directory '/sources/automake-1.16.1/t/distcheck-missing-m4.dir/distcheck-missing-m4-1.0/_build/sub'
make[2]: Nothing to be done for 'install-exec-am'.
make[2]: Nothing to be done for 'install-data-am'.
make[2]: Leaving directory '/sources/automake-1.16.1/t/distcheck-missing-m4.dir/distcheck-missing-m4-1.0/_build/sub'
make[1]: Leaving directory '/sources/automake-1.16.1/t/distcheck-missing-m4.dir/distcheck-missing-m4-1.0/_build/sub'
make[1]: Entering directory '/sources/automake-1.16.1/t/distcheck-missing-m4.dir/distcheck-missing-m4-1.0/_build/sub'
make[1]: Nothing to be done for 'uninstall'.
make[1]: Leaving directory '/sources/automake-1.16.1/t/distcheck-missing-m4.dir/distcheck-missing-m4-1.0/_build/sub'
make[1]: Entering directory '/sources/automake-1.16.1/t/distcheck-missing-m4.dir/distcheck-missing-m4-1.0/_build/sub'
make[1]: Leaving directory '/sources/automake-1.16.1/t/distcheck-missing-m4.dir/distcheck-missing-m4-1.0/_build/sub'
make[1]: Entering directory '/sources/automake-1.16.1/t/distcheck-missing-m4.dir/distcheck-missing-m4-1.0/_build/sub'
make  dist-gzip am__post_remove_distdir='@:'
make[2]: Entering directory '/sources/automake-1.16.1/t/distcheck-missing-m4.dir/distcheck-missing-m4-1.0/_build/sub'
make  distdir-am
make[3]: Entering directory '/sources/automake-1.16.1/t/distcheck-missing-m4.dir/distcheck-missing-m4-1.0/_build/sub'
if test -d "distcheck-missing-m4-1.0"; then find "distcheck-missing-m4-1.0" -type d ! -perm -200 -exec chmod u+w {} ';' && rm -rf "distcheck-missing-m4-1.0" || { sleep 5 && rm -rf "distcheck-missing-m4-1.0"; }; else :; fi
test -d "distcheck-missing-m4-1.0" || mkdir "distcheck-missing-m4-1.0"
test -n "" \
|| find "distcheck-missing-m4-1.0" -type d ! -perm -755 \
	-exec chmod u+rwx,go+rx {} \; -o \
  ! -type d ! -perm -444 -links 1 -exec chmod a+r {} \; -o \
  ! -type d ! -perm -400 -exec chmod a+r {} \; -o \
  ! -type d ! -perm -444 -exec /bin/sh /sources/automake-1.16.1/t/distcheck-missing-m4.dir/distcheck-missing-m4-1.0/install-sh -c -m a+r {} {} \; \
|| chmod -R a+r "distcheck-missing-m4-1.0"
make[3]: Leaving directory '/sources/automake-1.16.1/t/distcheck-missing-m4.dir/distcheck-missing-m4-1.0/_build/sub'
tardir=distcheck-missing-m4-1.0 && ${TAR-tar} chof - "$tardir" | eval GZIP= gzip --best -c >distcheck-missing-m4-1.0.tar.gz
make[2]: Leaving directory '/sources/automake-1.16.1/t/distcheck-missing-m4.dir/distcheck-missing-m4-1.0/_build/sub'
if test -d "distcheck-missing-m4-1.0"; then find "distcheck-missing-m4-1.0" -type d ! -perm -200 -exec chmod u+w {} ';' && rm -rf "distcheck-missing-m4-1.0" || { sleep 5 && rm -rf "distcheck-missing-m4-1.0"; }; else :; fi
make[1]: Leaving directory '/sources/automake-1.16.1/t/distcheck-missing-m4.dir/distcheck-missing-m4-1.0/_build/sub'
make[1]: Entering directory '/sources/automake-1.16.1/t/distcheck-missing-m4.dir/distcheck-missing-m4-1.0/_build/sub'
test -z "" || rm -f 
test . = "../.." || test -z "" || rm -f 
rm -f config.status config.cache config.log configure.lineno config.status.lineno
rm -f Makefile
make[1]: Leaving directory '/sources/automake-1.16.1/t/distcheck-missing-m4.dir/distcheck-missing-m4-1.0/_build/sub'
if test -d "distcheck-missing-m4-1.0"; then find "distcheck-missing-m4-1.0" -type d ! -perm -200 -exec chmod u+w {} ';' && rm -rf "distcheck-missing-m4-1.0" || { sleep 5 && rm -rf "distcheck-missing-m4-1.0"; }; else :; fi
==========================================================
distcheck-missing-m4-1.0 archives ready for distribution: 
distcheck-missing-m4-1.0.tar.gz
==========================================================
+ cat
+ make
CDPATH="${ZSH_VERSION+.}:" && cd . && aclocal-1.16 -Werror --system-acdir=/sources/automake-1.16.1/t/distcheck-missing-m4.dir/acdir -I m4
 cd . && /bin/sh /sources/automake-1.16.1/t/distcheck-missing-m4.dir/missing automake-1.16 --foreign
CDPATH="${ZSH_VERSION+.}:" && cd . && /bin/sh /sources/automake-1.16.1/t/distcheck-missing-m4.dir/missing autoconf
/bin/sh ./config.status --recheck
running CONFIG_SHELL=/bin/sh /bin/sh ./configure build_alias= host_alias= --no-create --no-recursion
checking for a BSD-compatible install... /usr/bin/install -c
checking whether build environment is sane... yes
checking for a thread-safe mkdir -p... /tools/bin/mkdir -p
checking for gawk... gawk
checking whether make sets $(MAKE)... yes
checking whether make supports nested variables... yes
checking that generated files are newer than configure... done
configure: creating ./config.status
 /bin/sh ./config.status
config.status: creating Makefile
make: Nothing to be done for 'all'.
+ /bin/grep -E 'MY_(FOO|BAR|BAZ|QUX|ZAR|BLA)' configure
+ run_make -M -e FAIL distcheck
+ am__make_redirect_stdout=no
+ am__make_redirect_stderr=no
+ am__make_redirect_stdall=no
+ am__make_flags=
+ am__make_rc_exp=0
+ am_make_rc=0
+ test 4 -gt 0
+ case $1 in
+ am__make_redirect_stdall=yes
+ shift
+ test 3 -gt 0
+ case $1 in
+ am__make_rc_exp=FAIL
+ shift
+ shift
+ test 1 -gt 0
+ case $1 in
+ break
+ using_gmake
+ case $am__using_gmake in
+ return 0
+ :
+ test x '!=' x
+ : exec make distcheck
+ set +x
+ am_make_rc=2
+ test 2 -eq 253
+ test yes = yes
+ cat output
make  dist-gzip am__post_remove_distdir='@:'
make[1]: Entering directory '/sources/automake-1.16.1/t/distcheck-missing-m4.dir'
make  distdir-am
make[2]: Entering directory '/sources/automake-1.16.1/t/distcheck-missing-m4.dir'
if test -d "distcheck-missing-m4-1.0"; then find "distcheck-missing-m4-1.0" -type d ! -perm -200 -exec chmod u+w {} ';' && rm -rf "distcheck-missing-m4-1.0" || { sleep 5 && rm -rf "distcheck-missing-m4-1.0"; }; else :; fi
test -d "distcheck-missing-m4-1.0" || mkdir "distcheck-missing-m4-1.0"
test -n "" \
|| find "distcheck-missing-m4-1.0" -type d ! -perm -755 \
	-exec chmod u+rwx,go+rx {} \; -o \
  ! -type d ! -perm -444 -links 1 -exec chmod a+r {} \; -o \
  ! -type d ! -perm -400 -exec chmod a+r {} \; -o \
  ! -type d ! -perm -444 -exec /bin/sh /sources/automake-1.16.1/t/distcheck-missing-m4.dir/install-sh -c -m a+r {} {} \; \
|| chmod -R a+r "distcheck-missing-m4-1.0"
make[2]: Leaving directory '/sources/automake-1.16.1/t/distcheck-missing-m4.dir'
tardir=distcheck-missing-m4-1.0 && ${TAR-tar} chof - "$tardir" | eval GZIP= gzip --best -c >distcheck-missing-m4-1.0.tar.gz
make[1]: Leaving directory '/sources/automake-1.16.1/t/distcheck-missing-m4.dir'
if test -d "distcheck-missing-m4-1.0"; then find "distcheck-missing-m4-1.0" -type d ! -perm -200 -exec chmod u+w {} ';' && rm -rf "distcheck-missing-m4-1.0" || { sleep 5 && rm -rf "distcheck-missing-m4-1.0"; }; else :; fi
case 'distcheck-missing-m4-1.0.tar.gz' in \
*.tar.gz*) \
  eval GZIP= gzip --best -dc distcheck-missing-m4-1.0.tar.gz | ${TAR-tar} xf - ;;\
*.tar.bz2*) \
  bzip2 -dc distcheck-missing-m4-1.0.tar.bz2 | ${TAR-tar} xf - ;;\
*.tar.lz*) \
  lzip -dc distcheck-missing-m4-1.0.tar.lz | ${TAR-tar} xf - ;;\
*.tar.xz*) \
  xz -dc distcheck-missing-m4-1.0.tar.xz | ${TAR-tar} xf - ;;\
*.tar.Z*) \
  uncompress -c distcheck-missing-m4-1.0.tar.Z | ${TAR-tar} xf - ;;\
*.shar.gz*) \
  eval GZIP= gzip --best -dc distcheck-missing-m4-1.0.shar.gz | unshar ;;\
*.zip*) \
  unzip distcheck-missing-m4-1.0.zip ;;\
esac
chmod -R a-w distcheck-missing-m4-1.0
chmod u+w distcheck-missing-m4-1.0
mkdir distcheck-missing-m4-1.0/_build distcheck-missing-m4-1.0/_build/sub distcheck-missing-m4-1.0/_inst
chmod a-w distcheck-missing-m4-1.0
test -d distcheck-missing-m4-1.0/_build || exit 0; \
dc_install_base=`CDPATH="${ZSH_VERSION+.}:" && cd distcheck-missing-m4-1.0/_inst && pwd | sed -e 's,^[^:\\/]:[\\/],/,'` \
  && dc_destdir="${TMPDIR-/tmp}/am-dc-$$/" \
  && make  distcheck-hook \
  && am__cwd=`pwd` \
  && CDPATH="${ZSH_VERSION+.}:" && cd distcheck-missing-m4-1.0/_build/sub \
  && ../../configure \
     \
     \
    --srcdir=../.. --prefix="$dc_install_base" \
  && make  \
  && make  dvi \
  && make  check \
  && make  install \
  && make  installcheck \
  && make  uninstall \
  && make  distuninstallcheck_dir="$dc_install_base" \
        distuninstallcheck \
  && chmod -R a-w "$dc_install_base" \
  && ({ \
       (cd ../.. && umask 077 && mkdir "$dc_destdir") \
       && make  DESTDIR="$dc_destdir" install \
       && make  DESTDIR="$dc_destdir" uninstall \
       && make  DESTDIR="$dc_destdir" \
            distuninstallcheck_dir="$dc_destdir" distuninstallcheck; \
      } || { rm -rf "$dc_destdir"; exit 1; }) \
  && rm -rf "$dc_destdir" \
  && make  dist \
  && rm -rf distcheck-missing-m4-1.0.tar.gz \
  && make  distcleancheck \
  && cd "$am__cwd" \
  || exit 1
make[1]: Entering directory '/sources/automake-1.16.1/t/distcheck-missing-m4.dir'
aclocal-1.16: installing '_m4/qux.m4' from '/sources/automake-1.16.1/t/distcheck-missing-m4.dir/acdir2/qux.m4'
aclocal-1.16: installing '_m4/bla.m4' from '/sources/automake-1.16.1/t/distcheck-missing-m4.dir/pth/bla.m4'
distcheck-hook: required m4 files not distributed or outdated: bla.m4 qux.m4 
make[1]: *** [Makefile:549: distcheck-hook] Error 1
make[1]: Leaving directory '/sources/automake-1.16.1/t/distcheck-missing-m4.dir'
make: *** [Makefile:349: distcheck] Error 1
+ case $am__make_rc_exp in
+ test 2 -gt 0
+ /bin/grep -E 'required m4 file.*not distributed.* qux.m4( |$)' output
distcheck-hook: required m4 files not distributed or outdated: bla.m4 qux.m4 
+ /bin/grep -E 'required m4 file.*not distributed.* bla.m4( |$)' output
distcheck-hook: required m4 files not distributed or outdated: bla.m4 qux.m4 
+ check_no_spurious_error
+ /bin/grep -E -i 'mkdir:|:.*(permission|denied)' output
+ grep -v 'rm -rf ' output
+ grep -i 'autom4te.*\.cache'
+ : To placate 'set -e.'
+ /bin/grep -F ' (bar|baz|zar).m4' output
+ aclocal-1.16 -Werror --system-acdir=/sources/automake-1.16.1/t/distcheck-missing-m4.dir/acdir -I m4 --install
aclocal-1.16: installing 'm4/qux.m4' from '/sources/automake-1.16.1/t/distcheck-missing-m4.dir/acdir2/qux.m4'
aclocal-1.16: installing 'm4/bla.m4' from '/sources/automake-1.16.1/t/distcheck-missing-m4.dir/pth/bla.m4'
+ test -f m4/qux.m4
+ test -f m4/bla.m4
+ using_gmake
+ case $am__using_gmake in
+ return 0
+ make distcheck
 cd . && /bin/sh /sources/automake-1.16.1/t/distcheck-missing-m4.dir/missing automake-1.16 --foreign
CDPATH="${ZSH_VERSION+.}:" && cd . && /bin/sh /sources/automake-1.16.1/t/distcheck-missing-m4.dir/missing autoconf
/bin/sh ./config.status --recheck
running CONFIG_SHELL=/bin/sh /bin/sh ./configure build_alias= host_alias= --no-create --no-recursion
checking for a BSD-compatible install... /usr/bin/install -c
checking whether build environment is sane... yes
checking for a thread-safe mkdir -p... /tools/bin/mkdir -p
checking for gawk... gawk
checking whether make sets $(MAKE)... yes
checking whether make supports nested variables... yes
checking that generated files are newer than configure... done
configure: creating ./config.status
 /bin/sh ./config.status
config.status: creating Makefile
make  dist-gzip am__post_remove_distdir='@:'
make[1]: Entering directory '/sources/automake-1.16.1/t/distcheck-missing-m4.dir'
make  distdir-am
make[2]: Entering directory '/sources/automake-1.16.1/t/distcheck-missing-m4.dir'
if test -d "distcheck-missing-m4-1.0"; then find "distcheck-missing-m4-1.0" -type d ! -perm -200 -exec chmod u+w {} ';' && rm -rf "distcheck-missing-m4-1.0" || { sleep 5 && rm -rf "distcheck-missing-m4-1.0"; }; else :; fi
test -d "distcheck-missing-m4-1.0" || mkdir "distcheck-missing-m4-1.0"
test -n "" \
|| find "distcheck-missing-m4-1.0" -type d ! -perm -755 \
	-exec chmod u+rwx,go+rx {} \; -o \
  ! -type d ! -perm -444 -links 1 -exec chmod a+r {} \; -o \
  ! -type d ! -perm -400 -exec chmod a+r {} \; -o \
  ! -type d ! -perm -444 -exec /bin/sh /sources/automake-1.16.1/t/distcheck-missing-m4.dir/install-sh -c -m a+r {} {} \; \
|| chmod -R a+r "distcheck-missing-m4-1.0"
make[2]: Leaving directory '/sources/automake-1.16.1/t/distcheck-missing-m4.dir'
tardir=distcheck-missing-m4-1.0 && ${TAR-tar} chof - "$tardir" | eval GZIP= gzip --best -c >distcheck-missing-m4-1.0.tar.gz
make[1]: Leaving directory '/sources/automake-1.16.1/t/distcheck-missing-m4.dir'
if test -d "distcheck-missing-m4-1.0"; then find "distcheck-missing-m4-1.0" -type d ! -perm -200 -exec chmod u+w {} ';' && rm -rf "distcheck-missing-m4-1.0" || { sleep 5 && rm -rf "distcheck-missing-m4-1.0"; }; else :; fi
case 'distcheck-missing-m4-1.0.tar.gz' in \
*.tar.gz*) \
  eval GZIP= gzip --best -dc distcheck-missing-m4-1.0.tar.gz | ${TAR-tar} xf - ;;\
*.tar.bz2*) \
  bzip2 -dc distcheck-missing-m4-1.0.tar.bz2 | ${TAR-tar} xf - ;;\
*.tar.lz*) \
  lzip -dc distcheck-missing-m4-1.0.tar.lz | ${TAR-tar} xf - ;;\
*.tar.xz*) \
  xz -dc distcheck-missing-m4-1.0.tar.xz | ${TAR-tar} xf - ;;\
*.tar.Z*) \
  uncompress -c distcheck-missing-m4-1.0.tar.Z | ${TAR-tar} xf - ;;\
*.shar.gz*) \
  eval GZIP= gzip --best -dc distcheck-missing-m4-1.0.shar.gz | unshar ;;\
*.zip*) \
  unzip distcheck-missing-m4-1.0.zip ;;\
esac
chmod -R a-w distcheck-missing-m4-1.0
chmod u+w distcheck-missing-m4-1.0
mkdir distcheck-missing-m4-1.0/_build distcheck-missing-m4-1.0/_build/sub distcheck-missing-m4-1.0/_inst
chmod a-w distcheck-missing-m4-1.0
test -d distcheck-missing-m4-1.0/_build || exit 0; \
dc_install_base=`CDPATH="${ZSH_VERSION+.}:" && cd distcheck-missing-m4-1.0/_inst && pwd | sed -e 's,^[^:\\/]:[\\/],/,'` \
  && dc_destdir="${TMPDIR-/tmp}/am-dc-$$/" \
  && make  distcheck-hook \
  && am__cwd=`pwd` \
  && CDPATH="${ZSH_VERSION+.}:" && cd distcheck-missing-m4-1.0/_build/sub \
  && ../../configure \
     \
     \
    --srcdir=../.. --prefix="$dc_install_base" \
  && make  \
  && make  dvi \
  && make  check \
  && make  install \
  && make  installcheck \
  && make  uninstall \
  && make  distuninstallcheck_dir="$dc_install_base" \
        distuninstallcheck \
  && chmod -R a-w "$dc_install_base" \
  && ({ \
       (cd ../.. && umask 077 && mkdir "$dc_destdir") \
       && make  DESTDIR="$dc_destdir" install \
       && make  DESTDIR="$dc_destdir" uninstall \
       && make  DESTDIR="$dc_destdir" \
            distuninstallcheck_dir="$dc_destdir" distuninstallcheck; \
      } || { rm -rf "$dc_destdir"; exit 1; }) \
  && rm -rf "$dc_destdir" \
  && make  dist \
  && rm -rf distcheck-missing-m4-1.0.tar.gz \
  && make  distcleancheck \
  && cd "$am__cwd" \
  || exit 1
make[1]: Entering directory '/sources/automake-1.16.1/t/distcheck-missing-m4.dir'
make[1]: Leaving directory '/sources/automake-1.16.1/t/distcheck-missing-m4.dir'
checking for a BSD-compatible install... /usr/bin/install -c
checking whether build environment is sane... yes
checking for a thread-safe mkdir -p... /tools/bin/mkdir -p
checking for gawk... gawk
checking whether make sets $(MAKE)... yes
checking whether make supports nested variables... yes
checking that generated files are newer than configure... done
configure: creating ./config.status
config.status: creating Makefile
make[1]: Entering directory '/sources/automake-1.16.1/t/distcheck-missing-m4.dir/distcheck-missing-m4-1.0/_build/sub'
make[1]: Nothing to be done for 'all'.
make[1]: Leaving directory '/sources/automake-1.16.1/t/distcheck-missing-m4.dir/distcheck-missing-m4-1.0/_build/sub'
make[1]: Entering directory '/sources/automake-1.16.1/t/distcheck-missing-m4.dir/distcheck-missing-m4-1.0/_build/sub'
make[1]: Nothing to be done for 'dvi'.
make[1]: Leaving directory '/sources/automake-1.16.1/t/distcheck-missing-m4.dir/distcheck-missing-m4-1.0/_build/sub'
make[1]: Entering directory '/sources/automake-1.16.1/t/distcheck-missing-m4.dir/distcheck-missing-m4-1.0/_build/sub'
make[1]: Nothing to be done for 'check'.
make[1]: Leaving directory '/sources/automake-1.16.1/t/distcheck-missing-m4.dir/distcheck-missing-m4-1.0/_build/sub'
make[1]: Entering directory '/sources/automake-1.16.1/t/distcheck-missing-m4.dir/distcheck-missing-m4-1.0/_build/sub'
make[2]: Entering directory '/sources/automake-1.16.1/t/distcheck-missing-m4.dir/distcheck-missing-m4-1.0/_build/sub'
make[2]: Nothing to be done for 'install-exec-am'.
make[2]: Nothing to be done for 'install-data-am'.
make[2]: Leaving directory '/sources/automake-1.16.1/t/distcheck-missing-m4.dir/distcheck-missing-m4-1.0/_build/sub'
make[1]: Leaving directory '/sources/automake-1.16.1/t/distcheck-missing-m4.dir/distcheck-missing-m4-1.0/_build/sub'
make[1]: Entering directory '/sources/automake-1.16.1/t/distcheck-missing-m4.dir/distcheck-missing-m4-1.0/_build/sub'
make[1]: Nothing to be done for 'installcheck'.
make[1]: Leaving directory '/sources/automake-1.16.1/t/distcheck-missing-m4.dir/distcheck-missing-m4-1.0/_build/sub'
make[1]: Entering directory '/sources/automake-1.16.1/t/distcheck-missing-m4.dir/distcheck-missing-m4-1.0/_build/sub'
make[1]: Nothing to be done for 'uninstall'.
make[1]: Leaving directory '/sources/automake-1.16.1/t/distcheck-missing-m4.dir/distcheck-missing-m4-1.0/_build/sub'
make[1]: Entering directory '/sources/automake-1.16.1/t/distcheck-missing-m4.dir/distcheck-missing-m4-1.0/_build/sub'
make[1]: Leaving directory '/sources/automake-1.16.1/t/distcheck-missing-m4.dir/distcheck-missing-m4-1.0/_build/sub'
make[1]: Entering directory '/sources/automake-1.16.1/t/distcheck-missing-m4.dir/distcheck-missing-m4-1.0/_build/sub'
make[2]: Entering directory '/sources/automake-1.16.1/t/distcheck-missing-m4.dir/distcheck-missing-m4-1.0/_build/sub'
make[2]: Nothing to be done for 'install-exec-am'.
make[2]: Nothing to be done for 'install-data-am'.
make[2]: Leaving directory '/sources/automake-1.16.1/t/distcheck-missing-m4.dir/distcheck-missing-m4-1.0/_build/sub'
make[1]: Leaving directory '/sources/automake-1.16.1/t/distcheck-missing-m4.dir/distcheck-missing-m4-1.0/_build/sub'
make[1]: Entering directory '/sources/automake-1.16.1/t/distcheck-missing-m4.dir/distcheck-missing-m4-1.0/_build/sub'
make[1]: Nothing to be done for 'uninstall'.
make[1]: Leaving directory '/sources/automake-1.16.1/t/distcheck-missing-m4.dir/distcheck-missing-m4-1.0/_build/sub'
make[1]: Entering directory '/sources/automake-1.16.1/t/distcheck-missing-m4.dir/distcheck-missing-m4-1.0/_build/sub'
make[1]: Leaving directory '/sources/automake-1.16.1/t/distcheck-missing-m4.dir/distcheck-missing-m4-1.0/_build/sub'
make[1]: Entering directory '/sources/automake-1.16.1/t/distcheck-missing-m4.dir/distcheck-missing-m4-1.0/_build/sub'
make  dist-gzip am__post_remove_distdir='@:'
make[2]: Entering directory '/sources/automake-1.16.1/t/distcheck-missing-m4.dir/distcheck-missing-m4-1.0/_build/sub'
make  distdir-am
make[3]: Entering directory '/sources/automake-1.16.1/t/distcheck-missing-m4.dir/distcheck-missing-m4-1.0/_build/sub'
if test -d "distcheck-missing-m4-1.0"; then find "distcheck-missing-m4-1.0" -type d ! -perm -200 -exec chmod u+w {} ';' && rm -rf "distcheck-missing-m4-1.0" || { sleep 5 && rm -rf "distcheck-missing-m4-1.0"; }; else :; fi
test -d "distcheck-missing-m4-1.0" || mkdir "distcheck-missing-m4-1.0"
test -n "" \
|| find "distcheck-missing-m4-1.0" -type d ! -perm -755 \
	-exec chmod u+rwx,go+rx {} \; -o \
  ! -type d ! -perm -444 -links 1 -exec chmod a+r {} \; -o \
  ! -type d ! -perm -400 -exec chmod a+r {} \; -o \
  ! -type d ! -perm -444 -exec /bin/sh /sources/automake-1.16.1/t/distcheck-missing-m4.dir/distcheck-missing-m4-1.0/install-sh -c -m a+r {} {} \; \
|| chmod -R a+r "distcheck-missing-m4-1.0"
make[3]: Leaving directory '/sources/automake-1.16.1/t/distcheck-missing-m4.dir/distcheck-missing-m4-1.0/_build/sub'
tardir=distcheck-missing-m4-1.0 && ${TAR-tar} chof - "$tardir" | eval GZIP= gzip --best -c >distcheck-missing-m4-1.0.tar.gz
make[2]: Leaving directory '/sources/automake-1.16.1/t/distcheck-missing-m4.dir/distcheck-missing-m4-1.0/_build/sub'
if test -d "distcheck-missing-m4-1.0"; then find "distcheck-missing-m4-1.0" -type d ! -perm -200 -exec chmod u+w {} ';' && rm -rf "distcheck-missing-m4-1.0" || { sleep 5 && rm -rf "distcheck-missing-m4-1.0"; }; else :; fi
make[1]: Leaving directory '/sources/automake-1.16.1/t/distcheck-missing-m4.dir/distcheck-missing-m4-1.0/_build/sub'
make[1]: Entering directory '/sources/automake-1.16.1/t/distcheck-missing-m4.dir/distcheck-missing-m4-1.0/_build/sub'
test -z "" || rm -f 
test . = "../.." || test -z "" || rm -f 
rm -f config.status config.cache config.log configure.lineno config.status.lineno
rm -f Makefile
make[1]: Leaving directory '/sources/automake-1.16.1/t/distcheck-missing-m4.dir/distcheck-missing-m4-1.0/_build/sub'
if test -d "distcheck-missing-m4-1.0"; then find "distcheck-missing-m4-1.0" -type d ! -perm -200 -exec chmod u+w {} ';' && rm -rf "distcheck-missing-m4-1.0" || { sleep 5 && rm -rf "distcheck-missing-m4-1.0"; }; else :; fi
==========================================================
distcheck-missing-m4-1.0 archives ready for distribution: 
distcheck-missing-m4-1.0.tar.gz
==========================================================
+ :
+ am_exit_trap 0
+ exit_status=0
+ set +e
+ cd /sources/automake-1.16.1
+ test none = tap
+ case $am_explicit_skips in
+ test 0 -eq 0
+ am_keeping_testdirs
+ case $keep_testdirs in
+ return 1
+ rm_rf_ t/distcheck-missing-m4.dir
+ test 1 -gt 0
+ /usr/bin/perl /sources/automake-1.16.1/t/ax/deltree.pl t/distcheck-missing-m4.dir
+ set +x
PASS t/distcheck-missing-m4.sh (exit status: 0)
