Running from installcheck: no
Test Protocol: none
PATH = /sources/automake-1.16.1/bin:/sources/automake-1.16.1/t/ax:/bin:/usr/bin:/sbin:/usr/sbin:/tools/bin
++ pwd
/sources/automake-1.16.1/t/dist-vs-built-sources.dir
+ cat
+ cat
+ cat
+ chmod a-w foo.c
+ aclocal-1.16 -Werror
+ autoconf
+ automake-1.16 --foreign -Werror -Wall
+ ./configure
checking for a BSD-compatible install... /usr/bin/install -c
checking whether build environment is sane... yes
checking for a thread-safe mkdir -p... /tools/bin/mkdir -p
checking for gawk... gawk
checking whether make sets $(MAKE)... yes
checking whether make supports nested variables... yes
checking for gcc... gcc
checking whether the C compiler works... yes
checking for C compiler default output file name... a.out
checking for suffix of executables... 
checking whether we are cross compiling... no
checking for suffix of object files... o
checking whether we are using the GNU C compiler... yes
checking whether gcc accepts -g... yes
checking for gcc option to accept ISO C89... none needed
checking whether gcc understands -c and -o together... yes
checking whether make supports the include directive... yes (GNU style)
checking dependency style of gcc... gcc3
checking that generated files are newer than configure... done
configure: creating ./config.status
config.status: creating Makefile
config.status: executing depfiles commands
+ make dist
make  dist-gzip am__post_remove_distdir='@:'
make[1]: Entering directory '/sources/automake-1.16.1/t/dist-vs-built-sources.dir'
rm -f h.h h.h-t
printf '%s\n' '#define F "F"' > h.h-t
mv -f h.h-t h.h
make  distdir-am
make[2]: Entering directory '/sources/automake-1.16.1/t/dist-vs-built-sources.dir'
gcc -DPACKAGE_NAME=\"dist-vs-built-sources\" -DPACKAGE_TARNAME=\"dist-vs-built-sources\" -DPACKAGE_VERSION=\"1.0\" -DPACKAGE_STRING=\"dist-vs-built-sources\ 1.0\" -DPACKAGE_BUGREPORT=\"\" -DPACKAGE_URL=\"\" -DPACKAGE=\"dist-vs-built-sources\" -DVERSION=\"1.0\" -I.     -g -O2 -MT foo.o -MD -MP -MF .deps/foo.Tpo -c -o foo.o foo.c
foo.c: In function 'main':
foo.c:2:19: warning: implicit declaration of function 'printf' [-Wimplicit-function-declaration]
 int main (void) { printf ("%s\n", F); return 0; }
                   ^~~~~~
foo.c:2:19: warning: incompatible implicit declaration of built-in function 'printf'
foo.c:2:19: note: include '<stdio.h>' or provide a declaration of 'printf'
+#include <stdio.h>
 int main (void) { printf ("%s\n", F); return 0; }
                   ^~~~~~
mv -f .deps/foo.Tpo .deps/foo.Po
gcc  -g -O2   -o foo foo.o  
./foo > gen-t && mv gen-t gen
if test -d "dist-vs-built-sources-1.0"; then find "dist-vs-built-sources-1.0" -type d ! -perm -200 -exec chmod u+w {} ';' && rm -rf "dist-vs-built-sources-1.0" || { sleep 5 && rm -rf "dist-vs-built-sources-1.0"; }; else :; fi
test -d "dist-vs-built-sources-1.0" || mkdir "dist-vs-built-sources-1.0"
test -n "" \
|| find "dist-vs-built-sources-1.0" -type d ! -perm -755 \
	-exec chmod u+rwx,go+rx {} \; -o \
  ! -type d ! -perm -444 -links 1 -exec chmod a+r {} \; -o \
  ! -type d ! -perm -400 -exec chmod a+r {} \; -o \
  ! -type d ! -perm -444 -exec /bin/sh /sources/automake-1.16.1/t/dist-vs-built-sources.dir/install-sh -c -m a+r {} {} \; \
|| chmod -R a+r "dist-vs-built-sources-1.0"
make[2]: Leaving directory '/sources/automake-1.16.1/t/dist-vs-built-sources.dir'
tardir=dist-vs-built-sources-1.0 && ${TAR-tar} chof - "$tardir" | eval GZIP= gzip --best -c >dist-vs-built-sources-1.0.tar.gz
make[1]: Leaving directory '/sources/automake-1.16.1/t/dist-vs-built-sources.dir'
if test -d "dist-vs-built-sources-1.0"; then find "dist-vs-built-sources-1.0" -type d ! -perm -200 -exec chmod u+w {} ';' && rm -rf "dist-vs-built-sources-1.0" || { sleep 5 && rm -rf "dist-vs-built-sources-1.0"; }; else :; fi
+ :
+ am_exit_trap 0
+ exit_status=0
+ set +e
+ cd /sources/automake-1.16.1
+ test none = tap
+ case $am_explicit_skips in
+ test 0 -eq 0
+ am_keeping_testdirs
+ case $keep_testdirs in
+ return 1
+ rm_rf_ t/dist-vs-built-sources.dir
+ test 1 -gt 0
+ /usr/bin/perl /sources/automake-1.16.1/t/ax/deltree.pl t/dist-vs-built-sources.dir
+ set +x
PASS t/dist-vs-built-sources.sh (exit status: 0)
