Running from installcheck: no
Test Protocol: none
PATH = /sources/automake-1.16.1/bin:/sources/automake-1.16.1/t/ax:/bin:/usr/bin:/sbin:/usr/sbin:/tools/bin
++ pwd
/sources/automake-1.16.1/t/distcheck-configure-flags-subpkg.dir
+ cat
+ mkdir subpkg
+ sed -e 's/^AC_INIT.*/AC_INIT([subpkg], [2.0])/' -e '/^AC_CONFIG_SUBDIRS/d'
+ cat configure.ac
AC_INIT([distcheck-configure-flags-subpkg], [1.0])
AM_INIT_AUTOMAKE
AC_CONFIG_FILES([Makefile])
AC_CONFIG_SUBDIRS([subpkg])
if test $dc != ok || test $am_dc != ok; then
  AC_MSG_ERROR([dc=$dc am_dc=$dc])
fi
AC_OUTPUT
+ cat subpkg/configure.ac
AC_INIT([subpkg], [2.0])
AM_INIT_AUTOMAKE
AC_CONFIG_FILES([Makefile])
if test $dc != ok || test $am_dc != ok; then
  AC_MSG_ERROR([dc=$dc am_dc=$dc])
fi
AC_OUTPUT
+ dc=KO
+ am_dc=KO
+ export dc am_dc
+ cat
+ :
+ aclocal-1.16 -Werror
+ automake-1.16 --foreign -Werror -Wall
+ autoconf
+ cd subpkg
+ aclocal-1.16 -Werror
+ automake-1.16 --foreign -Werror -Wall
+ autoconf
+ cd ..
+ /bin/grep -F DISTCHECK_CONFIGURE_FLAGS Makefile.in subpkg/Makefile.in
Makefile.in:AM_DISTCHECK_CONFIGURE_FLAGS = am_dc=ok
Makefile.in:DISTCHECK_CONFIGURE_FLAGS = dc=ok
Makefile.in:	    $(AM_DISTCHECK_CONFIGURE_FLAGS) \
Makefile.in:	    $(DISTCHECK_CONFIGURE_FLAGS) \
subpkg/Makefile.in:	    $(AM_DISTCHECK_CONFIGURE_FLAGS) \
subpkg/Makefile.in:	    $(DISTCHECK_CONFIGURE_FLAGS) \
+ grep '^AM_DISTCHECK_CONFIGURE_FLAGS =' Makefile.in
AM_DISTCHECK_CONFIGURE_FLAGS = am_dc=ok
+ grep '^DISTCHECK_CONFIGURE_FLAGS =' Makefile.in
DISTCHECK_CONFIGURE_FLAGS = dc=ok
+ /bin/grep -E '^(AM_)?DISTCHECK_CONFIGURE_FLAGS' subpkg/Makefile.in
+ ./configure dc=ok am_dc=ok
checking for a BSD-compatible install... /usr/bin/install -c
checking whether build environment is sane... yes
checking for a thread-safe mkdir -p... /tools/bin/mkdir -p
checking for gawk... gawk
checking whether make sets $(MAKE)... yes
checking whether make supports nested variables... yes
checking that generated files are newer than configure... done
configure: creating ./config.status
config.status: creating Makefile
=== configuring in subpkg (/sources/automake-1.16.1/t/distcheck-configure-flags-subpkg.dir/subpkg)
configure: running /bin/sh ./configure --disable-option-checking '--prefix=/usr/local'  'dc=ok' 'am_dc=ok' 'build_alias=' 'host_alias=' --cache-file=/dev/null --srcdir=.
checking for a BSD-compatible install... /usr/bin/install -c
checking whether build environment is sane... yes
checking for a thread-safe mkdir -p... /tools/bin/mkdir -p
checking for gawk... gawk
checking whether make sets $(MAKE)... yes
checking whether make supports nested variables... yes
checking that generated files are newer than configure... done
configure: creating ./config.status
config.status: creating Makefile
+ make distcheck
make  dist-gzip am__post_remove_distdir='@:'
make[1]: Entering directory '/sources/automake-1.16.1/t/distcheck-configure-flags-subpkg.dir'
make  distdir-am
make[2]: Entering directory '/sources/automake-1.16.1/t/distcheck-configure-flags-subpkg.dir'
if test -d "distcheck-configure-flags-subpkg-1.0"; then find "distcheck-configure-flags-subpkg-1.0" -type d ! -perm -200 -exec chmod u+w {} ';' && rm -rf "distcheck-configure-flags-subpkg-1.0" || { sleep 5 && rm -rf "distcheck-configure-flags-subpkg-1.0"; }; else :; fi
test -d "distcheck-configure-flags-subpkg-1.0" || mkdir "distcheck-configure-flags-subpkg-1.0"
test -n "" \
|| find "distcheck-configure-flags-subpkg-1.0" -type d ! -perm -755 \
	-exec chmod u+rwx,go+rx {} \; -o \
  ! -type d ! -perm -444 -links 1 -exec chmod a+r {} \; -o \
  ! -type d ! -perm -400 -exec chmod a+r {} \; -o \
  ! -type d ! -perm -444 -exec /bin/sh /sources/automake-1.16.1/t/distcheck-configure-flags-subpkg.dir/install-sh -c -m a+r {} {} \; \
|| chmod -R a+r "distcheck-configure-flags-subpkg-1.0"
make[2]: Leaving directory '/sources/automake-1.16.1/t/distcheck-configure-flags-subpkg.dir'
tardir=distcheck-configure-flags-subpkg-1.0 && ${TAR-tar} chof - "$tardir" | eval GZIP= gzip --best -c >distcheck-configure-flags-subpkg-1.0.tar.gz
make[1]: Leaving directory '/sources/automake-1.16.1/t/distcheck-configure-flags-subpkg.dir'
if test -d "distcheck-configure-flags-subpkg-1.0"; then find "distcheck-configure-flags-subpkg-1.0" -type d ! -perm -200 -exec chmod u+w {} ';' && rm -rf "distcheck-configure-flags-subpkg-1.0" || { sleep 5 && rm -rf "distcheck-configure-flags-subpkg-1.0"; }; else :; fi
case 'distcheck-configure-flags-subpkg-1.0.tar.gz' in \
*.tar.gz*) \
  eval GZIP= gzip --best -dc distcheck-configure-flags-subpkg-1.0.tar.gz | ${TAR-tar} xf - ;;\
*.tar.bz2*) \
  bzip2 -dc distcheck-configure-flags-subpkg-1.0.tar.bz2 | ${TAR-tar} xf - ;;\
*.tar.lz*) \
  lzip -dc distcheck-configure-flags-subpkg-1.0.tar.lz | ${TAR-tar} xf - ;;\
*.tar.xz*) \
  xz -dc distcheck-configure-flags-subpkg-1.0.tar.xz | ${TAR-tar} xf - ;;\
*.tar.Z*) \
  uncompress -c distcheck-configure-flags-subpkg-1.0.tar.Z | ${TAR-tar} xf - ;;\
*.shar.gz*) \
  eval GZIP= gzip --best -dc distcheck-configure-flags-subpkg-1.0.shar.gz | unshar ;;\
*.zip*) \
  unzip distcheck-configure-flags-subpkg-1.0.zip ;;\
esac
chmod -R a-w distcheck-configure-flags-subpkg-1.0
chmod u+w distcheck-configure-flags-subpkg-1.0
mkdir distcheck-configure-flags-subpkg-1.0/_build distcheck-configure-flags-subpkg-1.0/_build/sub distcheck-configure-flags-subpkg-1.0/_inst
chmod a-w distcheck-configure-flags-subpkg-1.0
test -d distcheck-configure-flags-subpkg-1.0/_build || exit 0; \
dc_install_base=`CDPATH="${ZSH_VERSION+.}:" && cd distcheck-configure-flags-subpkg-1.0/_inst && pwd | sed -e 's,^[^:\\/]:[\\/],/,'` \
  && dc_destdir="${TMPDIR-/tmp}/am-dc-$$/" \
  && am__cwd=`pwd` \
  && CDPATH="${ZSH_VERSION+.}:" && cd distcheck-configure-flags-subpkg-1.0/_build/sub \
  && ../../configure \
    am_dc=ok \
    dc=ok \
    --srcdir=../.. --prefix="$dc_install_base" \
  && make  \
  && make  dvi \
  && make  check \
  && make  install \
  && make  installcheck \
  && make  uninstall \
  && make  distuninstallcheck_dir="$dc_install_base" \
        distuninstallcheck \
  && chmod -R a-w "$dc_install_base" \
  && ({ \
       (cd ../.. && umask 077 && mkdir "$dc_destdir") \
       && make  DESTDIR="$dc_destdir" install \
       && make  DESTDIR="$dc_destdir" uninstall \
       && make  DESTDIR="$dc_destdir" \
            distuninstallcheck_dir="$dc_destdir" distuninstallcheck; \
      } || { rm -rf "$dc_destdir"; exit 1; }) \
  && rm -rf "$dc_destdir" \
  && make  dist \
  && rm -rf distcheck-configure-flags-subpkg-1.0.tar.gz \
  && make  distcleancheck \
  && cd "$am__cwd" \
  || exit 1
checking for a BSD-compatible install... /usr/bin/install -c
checking whether build environment is sane... yes
checking for a thread-safe mkdir -p... /tools/bin/mkdir -p
checking for gawk... gawk
checking whether make sets $(MAKE)... yes
checking whether make supports nested variables... yes
checking that generated files are newer than configure... done
configure: creating ./config.status
config.status: creating Makefile
make[1]: Entering directory '/sources/automake-1.16.1/t/distcheck-configure-flags-subpkg.dir/distcheck-configure-flags-subpkg-1.0/_build/sub'
make[1]: Nothing to be done for 'all'.
make[1]: Leaving directory '/sources/automake-1.16.1/t/distcheck-configure-flags-subpkg.dir/distcheck-configure-flags-subpkg-1.0/_build/sub'
make[1]: Entering directory '/sources/automake-1.16.1/t/distcheck-configure-flags-subpkg.dir/distcheck-configure-flags-subpkg-1.0/_build/sub'
make[1]: Nothing to be done for 'dvi'.
make[1]: Leaving directory '/sources/automake-1.16.1/t/distcheck-configure-flags-subpkg.dir/distcheck-configure-flags-subpkg-1.0/_build/sub'
make[1]: Entering directory '/sources/automake-1.16.1/t/distcheck-configure-flags-subpkg.dir/distcheck-configure-flags-subpkg-1.0/_build/sub'
make[1]: Nothing to be done for 'check'.
make[1]: Leaving directory '/sources/automake-1.16.1/t/distcheck-configure-flags-subpkg.dir/distcheck-configure-flags-subpkg-1.0/_build/sub'
make[1]: Entering directory '/sources/automake-1.16.1/t/distcheck-configure-flags-subpkg.dir/distcheck-configure-flags-subpkg-1.0/_build/sub'
make[2]: Entering directory '/sources/automake-1.16.1/t/distcheck-configure-flags-subpkg.dir/distcheck-configure-flags-subpkg-1.0/_build/sub'
make[2]: Nothing to be done for 'install-exec-am'.
make[2]: Nothing to be done for 'install-data-am'.
make[2]: Leaving directory '/sources/automake-1.16.1/t/distcheck-configure-flags-subpkg.dir/distcheck-configure-flags-subpkg-1.0/_build/sub'
make[1]: Leaving directory '/sources/automake-1.16.1/t/distcheck-configure-flags-subpkg.dir/distcheck-configure-flags-subpkg-1.0/_build/sub'
make[1]: Entering directory '/sources/automake-1.16.1/t/distcheck-configure-flags-subpkg.dir/distcheck-configure-flags-subpkg-1.0/_build/sub'
make[1]: Nothing to be done for 'installcheck'.
make[1]: Leaving directory '/sources/automake-1.16.1/t/distcheck-configure-flags-subpkg.dir/distcheck-configure-flags-subpkg-1.0/_build/sub'
make[1]: Entering directory '/sources/automake-1.16.1/t/distcheck-configure-flags-subpkg.dir/distcheck-configure-flags-subpkg-1.0/_build/sub'
make[1]: Nothing to be done for 'uninstall'.
make[1]: Leaving directory '/sources/automake-1.16.1/t/distcheck-configure-flags-subpkg.dir/distcheck-configure-flags-subpkg-1.0/_build/sub'
make[1]: Entering directory '/sources/automake-1.16.1/t/distcheck-configure-flags-subpkg.dir/distcheck-configure-flags-subpkg-1.0/_build/sub'
make[1]: Leaving directory '/sources/automake-1.16.1/t/distcheck-configure-flags-subpkg.dir/distcheck-configure-flags-subpkg-1.0/_build/sub'
make[1]: Entering directory '/sources/automake-1.16.1/t/distcheck-configure-flags-subpkg.dir/distcheck-configure-flags-subpkg-1.0/_build/sub'
make[2]: Entering directory '/sources/automake-1.16.1/t/distcheck-configure-flags-subpkg.dir/distcheck-configure-flags-subpkg-1.0/_build/sub'
make[2]: Nothing to be done for 'install-exec-am'.
make[2]: Nothing to be done for 'install-data-am'.
make[2]: Leaving directory '/sources/automake-1.16.1/t/distcheck-configure-flags-subpkg.dir/distcheck-configure-flags-subpkg-1.0/_build/sub'
make[1]: Leaving directory '/sources/automake-1.16.1/t/distcheck-configure-flags-subpkg.dir/distcheck-configure-flags-subpkg-1.0/_build/sub'
make[1]: Entering directory '/sources/automake-1.16.1/t/distcheck-configure-flags-subpkg.dir/distcheck-configure-flags-subpkg-1.0/_build/sub'
make[1]: Nothing to be done for 'uninstall'.
make[1]: Leaving directory '/sources/automake-1.16.1/t/distcheck-configure-flags-subpkg.dir/distcheck-configure-flags-subpkg-1.0/_build/sub'
make[1]: Entering directory '/sources/automake-1.16.1/t/distcheck-configure-flags-subpkg.dir/distcheck-configure-flags-subpkg-1.0/_build/sub'
make[1]: Leaving directory '/sources/automake-1.16.1/t/distcheck-configure-flags-subpkg.dir/distcheck-configure-flags-subpkg-1.0/_build/sub'
make[1]: Entering directory '/sources/automake-1.16.1/t/distcheck-configure-flags-subpkg.dir/distcheck-configure-flags-subpkg-1.0/_build/sub'
make  dist-gzip am__post_remove_distdir='@:'
make[2]: Entering directory '/sources/automake-1.16.1/t/distcheck-configure-flags-subpkg.dir/distcheck-configure-flags-subpkg-1.0/_build/sub'
make  distdir-am
make[3]: Entering directory '/sources/automake-1.16.1/t/distcheck-configure-flags-subpkg.dir/distcheck-configure-flags-subpkg-1.0/_build/sub'
if test -d "distcheck-configure-flags-subpkg-1.0"; then find "distcheck-configure-flags-subpkg-1.0" -type d ! -perm -200 -exec chmod u+w {} ';' && rm -rf "distcheck-configure-flags-subpkg-1.0" || { sleep 5 && rm -rf "distcheck-configure-flags-subpkg-1.0"; }; else :; fi
test -d "distcheck-configure-flags-subpkg-1.0" || mkdir "distcheck-configure-flags-subpkg-1.0"
test -n "" \
|| find "distcheck-configure-flags-subpkg-1.0" -type d ! -perm -755 \
	-exec chmod u+rwx,go+rx {} \; -o \
  ! -type d ! -perm -444 -links 1 -exec chmod a+r {} \; -o \
  ! -type d ! -perm -400 -exec chmod a+r {} \; -o \
  ! -type d ! -perm -444 -exec /bin/sh /sources/automake-1.16.1/t/distcheck-configure-flags-subpkg.dir/distcheck-configure-flags-subpkg-1.0/install-sh -c -m a+r {} {} \; \
|| chmod -R a+r "distcheck-configure-flags-subpkg-1.0"
make[3]: Leaving directory '/sources/automake-1.16.1/t/distcheck-configure-flags-subpkg.dir/distcheck-configure-flags-subpkg-1.0/_build/sub'
tardir=distcheck-configure-flags-subpkg-1.0 && ${TAR-tar} chof - "$tardir" | eval GZIP= gzip --best -c >distcheck-configure-flags-subpkg-1.0.tar.gz
make[2]: Leaving directory '/sources/automake-1.16.1/t/distcheck-configure-flags-subpkg.dir/distcheck-configure-flags-subpkg-1.0/_build/sub'
if test -d "distcheck-configure-flags-subpkg-1.0"; then find "distcheck-configure-flags-subpkg-1.0" -type d ! -perm -200 -exec chmod u+w {} ';' && rm -rf "distcheck-configure-flags-subpkg-1.0" || { sleep 5 && rm -rf "distcheck-configure-flags-subpkg-1.0"; }; else :; fi
make[1]: Leaving directory '/sources/automake-1.16.1/t/distcheck-configure-flags-subpkg.dir/distcheck-configure-flags-subpkg-1.0/_build/sub'
make[1]: Entering directory '/sources/automake-1.16.1/t/distcheck-configure-flags-subpkg.dir/distcheck-configure-flags-subpkg-1.0/_build/sub'
test -z "" || rm -f 
test . = "../.." || test -z "" || rm -f 
rm -f config.status config.cache config.log configure.lineno config.status.lineno
rm -f Makefile
make[1]: Leaving directory '/sources/automake-1.16.1/t/distcheck-configure-flags-subpkg.dir/distcheck-configure-flags-subpkg-1.0/_build/sub'
if test -d "distcheck-configure-flags-subpkg-1.0"; then find "distcheck-configure-flags-subpkg-1.0" -type d ! -perm -200 -exec chmod u+w {} ';' && rm -rf "distcheck-configure-flags-subpkg-1.0" || { sleep 5 && rm -rf "distcheck-configure-flags-subpkg-1.0"; }; else :; fi
======================================================================
distcheck-configure-flags-subpkg-1.0 archives ready for distribution: 
distcheck-configure-flags-subpkg-1.0.tar.gz
======================================================================
+ cd subpkg
+ run_make -e FAIL -M distcheck
+ am__make_redirect_stdout=no
+ am__make_redirect_stderr=no
+ am__make_redirect_stdall=no
+ am__make_flags=
+ am__make_rc_exp=0
+ am_make_rc=0
+ test 4 -gt 0
+ case $1 in
+ am__make_rc_exp=FAIL
+ shift
+ shift
+ test 2 -gt 0
+ case $1 in
+ am__make_redirect_stdall=yes
+ shift
+ test 1 -gt 0
+ case $1 in
+ break
+ using_gmake
+ case $am__using_gmake in
+ make --version -v
+ grep GNU
GNU Make 4.2.1
License GPLv3+: GNU GPL version 3 or later <http://gnu.org/licenses/gpl.html>
+ am__using_gmake=yes
+ return 0
+ :
+ test x '!=' x
+ : exec make distcheck
+ set +x
+ am_make_rc=2
+ test 2 -eq 253
+ test yes = yes
+ cat output
make  dist-gzip am__post_remove_distdir='@:'
make[1]: Entering directory '/sources/automake-1.16.1/t/distcheck-configure-flags-subpkg.dir/subpkg'
make  distdir-am
make[2]: Entering directory '/sources/automake-1.16.1/t/distcheck-configure-flags-subpkg.dir/subpkg'
if test -d "subpkg-2.0"; then find "subpkg-2.0" -type d ! -perm -200 -exec chmod u+w {} ';' && rm -rf "subpkg-2.0" || { sleep 5 && rm -rf "subpkg-2.0"; }; else :; fi
test -d "subpkg-2.0" || mkdir "subpkg-2.0"
test -n "" \
|| find "subpkg-2.0" -type d ! -perm -755 \
	-exec chmod u+rwx,go+rx {} \; -o \
  ! -type d ! -perm -444 -links 1 -exec chmod a+r {} \; -o \
  ! -type d ! -perm -400 -exec chmod a+r {} \; -o \
  ! -type d ! -perm -444 -exec /bin/sh /sources/automake-1.16.1/t/distcheck-configure-flags-subpkg.dir/install-sh -c -m a+r {} {} \; \
|| chmod -R a+r "subpkg-2.0"
make[2]: Leaving directory '/sources/automake-1.16.1/t/distcheck-configure-flags-subpkg.dir/subpkg'
tardir=subpkg-2.0 && ${TAR-tar} chof - "$tardir" | eval GZIP= gzip --best -c >subpkg-2.0.tar.gz
make[1]: Leaving directory '/sources/automake-1.16.1/t/distcheck-configure-flags-subpkg.dir/subpkg'
if test -d "subpkg-2.0"; then find "subpkg-2.0" -type d ! -perm -200 -exec chmod u+w {} ';' && rm -rf "subpkg-2.0" || { sleep 5 && rm -rf "subpkg-2.0"; }; else :; fi
case 'subpkg-2.0.tar.gz' in \
*.tar.gz*) \
  eval GZIP= gzip --best -dc subpkg-2.0.tar.gz | ${TAR-tar} xf - ;;\
*.tar.bz2*) \
  bzip2 -dc subpkg-2.0.tar.bz2 | ${TAR-tar} xf - ;;\
*.tar.lz*) \
  lzip -dc subpkg-2.0.tar.lz | ${TAR-tar} xf - ;;\
*.tar.xz*) \
  xz -dc subpkg-2.0.tar.xz | ${TAR-tar} xf - ;;\
*.tar.Z*) \
  uncompress -c subpkg-2.0.tar.Z | ${TAR-tar} xf - ;;\
*.shar.gz*) \
  eval GZIP= gzip --best -dc subpkg-2.0.shar.gz | unshar ;;\
*.zip*) \
  unzip subpkg-2.0.zip ;;\
esac
chmod -R a-w subpkg-2.0
chmod u+w subpkg-2.0
mkdir subpkg-2.0/_build subpkg-2.0/_build/sub subpkg-2.0/_inst
chmod a-w subpkg-2.0
test -d subpkg-2.0/_build || exit 0; \
dc_install_base=`CDPATH="${ZSH_VERSION+.}:" && cd subpkg-2.0/_inst && pwd | sed -e 's,^[^:\\/]:[\\/],/,'` \
  && dc_destdir="${TMPDIR-/tmp}/am-dc-$$/" \
  && am__cwd=`pwd` \
  && CDPATH="${ZSH_VERSION+.}:" && cd subpkg-2.0/_build/sub \
  && ../../configure \
     \
     \
    --srcdir=../.. --prefix="$dc_install_base" \
  && make  \
  && make  dvi \
  && make  check \
  && make  install \
  && make  installcheck \
  && make  uninstall \
  && make  distuninstallcheck_dir="$dc_install_base" \
        distuninstallcheck \
  && chmod -R a-w "$dc_install_base" \
  && ({ \
       (cd ../.. && umask 077 && mkdir "$dc_destdir") \
       && make  DESTDIR="$dc_destdir" install \
       && make  DESTDIR="$dc_destdir" uninstall \
       && make  DESTDIR="$dc_destdir" \
            distuninstallcheck_dir="$dc_destdir" distuninstallcheck; \
      } || { rm -rf "$dc_destdir"; exit 1; }) \
  && rm -rf "$dc_destdir" \
  && make  dist \
  && rm -rf subpkg-2.0.tar.gz \
  && make  distcleancheck \
  && cd "$am__cwd" \
  || exit 1
checking for a BSD-compatible install... /usr/bin/install -c
checking whether build environment is sane... yes
checking for a thread-safe mkdir -p... /tools/bin/mkdir -p
checking for gawk... gawk
checking whether make sets $(MAKE)... yes
checking whether make supports nested variables... yes
configure: error: dc=KO am_dc=KO
make: *** [Makefile:345: distcheck] Error 1
+ case $am__make_rc_exp in
+ test 2 -gt 0
+ grep '^configure:.* dc=KO am_dc=KO' output
configure: error: dc=KO am_dc=KO
+ :
+ am_exit_trap 0
+ exit_status=0
+ set +e
+ cd /sources/automake-1.16.1
+ test none = tap
+ case $am_explicit_skips in
+ test 0 -eq 0
+ am_keeping_testdirs
+ case $keep_testdirs in
+ return 1
+ rm_rf_ t/distcheck-configure-flags-subpkg.dir
+ test 1 -gt 0
+ /usr/bin/perl /sources/automake-1.16.1/t/ax/deltree.pl t/distcheck-configure-flags-subpkg.dir
+ set +x
PASS t/distcheck-configure-flags-subpkg.sh (exit status: 0)
