Running from installcheck: no
Test Protocol: none
PATH = /sources/automake-1.16.1/bin:/sources/automake-1.16.1/t/ax:/bin:/usr/bin:/sbin:/usr/sbin:/tools/bin
++ pwd
/sources/automake-1.16.1/t/dist-tarZ.dir
+ for x in 1 2 3 4 5 6 7 8
+ echo aaaaaaaaaaaaaaaaaaaaa
+ compress -c
+ for x in 1 2 3 4 5 6 7 8
+ echo aaaaaaaaaaaaaaaaaaaaa
+ for x in 1 2 3 4 5 6 7 8
+ echo aaaaaaaaaaaaaaaaaaaaa
+ for x in 1 2 3 4 5 6 7 8
+ echo aaaaaaaaaaaaaaaaaaaaa
+ for x in 1 2 3 4 5 6 7 8
+ echo aaaaaaaaaaaaaaaaaaaaa
+ for x in 1 2 3 4 5 6 7 8
+ echo aaaaaaaaaaaaaaaaaaaaa
+ for x in 1 2 3 4 5 6 7 8
+ echo aaaaaaaaaaaaaaaaaaaaa
+ for x in 1 2 3 4 5 6 7 8
+ echo aaaaaaaaaaaaaaaaaaaaa
./t/dist-tarZ.sh: line 31: compress: command not found
+ skip_ 'cannot find a working '\''compress'\'' program'
+ warn_ 'dist-tarZ: skipped test: cannot find a working '\''compress'\'' program'
+ echo 'dist-tarZ: skipped test: cannot find a working '\''compress'\'' program'
+ _am_exit 77
+ set +e
+ test 77 = 77
+ am__test_skipped=yes
+ exit 77
+ exit 77
+ am_exit_trap 77
+ exit_status=77
+ set +e
+ cd /sources/automake-1.16.1
+ test none = tap
+ case $am_explicit_skips in
+ test 77 -eq 0
+ keep_testdirs=yes
+ am_keeping_testdirs
+ case $keep_testdirs in
+ return 0
+ set +x
SKIP t/dist-tarZ.sh (exit status: 77)
