Running from installcheck: no
Test Protocol: none
PATH = /sources/automake-1.16.1/bin:/sources/automake-1.16.1/t/ax:/bin:/usr/bin:/sbin:/usr/sbin:/tools/bin
++ pwd
/sources/automake-1.16.1/t/dmalloc.dir
+ cat
+ cat
+ cat
+ aclocal-1.16 -Werror
+ automake-1.16 --foreign -Werror -Wall
+ autoconf
+ ./configure
checking for a BSD-compatible install... /usr/bin/install -c
checking whether build environment is sane... yes
checking for a thread-safe mkdir -p... /tools/bin/mkdir -p
checking for gawk... gawk
checking whether make sets $(MAKE)... yes
checking whether make supports nested variables... yes
checking if malloc debugging is wanted... no
checking that generated files are newer than configure... done
configure: creating ./config.status
config.status: creating Makefile
config.status: creating config.h
+ cat config.h
/* config.h.  Generated from config.h.in by configure.  */
/* #undef WITH_DMALLOC */
+ grep '^ */\* *# *undef  *WITH_DMALLOC *\*/ *$' config.h
/* #undef WITH_DMALLOC */
+ ./configure --without-dmalloc
checking for a BSD-compatible install... /usr/bin/install -c
checking whether build environment is sane... yes
checking for a thread-safe mkdir -p... /tools/bin/mkdir -p
checking for gawk... gawk
checking whether make sets $(MAKE)... yes
checking whether make supports nested variables... yes
checking if malloc debugging is wanted... no
checking that generated files are newer than configure... done
configure: creating ./config.status
config.status: creating Makefile
config.status: creating config.h
config.status: config.h is unchanged
+ cat config.h
/* config.h.  Generated from config.h.in by configure.  */
/* #undef WITH_DMALLOC */
+ grep '^ */\* *# *undef  *WITH_DMALLOC *\*/ *$' config.h
/* #undef WITH_DMALLOC */
+ ./configure --with-dmalloc
checking for a BSD-compatible install... /usr/bin/install -c
checking whether build environment is sane... yes
checking for a thread-safe mkdir -p... /tools/bin/mkdir -p
checking for gawk... gawk
checking whether make sets $(MAKE)... yes
checking whether make supports nested variables... yes
checking if malloc debugging is wanted... yes
checking that generated files are newer than configure... done
configure: creating ./config.status
config.status: creating Makefile
config.status: creating config.h
+ cat config.h
/* config.h.  Generated from config.h.in by configure.  */
#define WITH_DMALLOC 1
+ grep '^# *define  *WITH_DMALLOC  *1 *$' config.h
#define WITH_DMALLOC 1
+ make check-with-dmalloc
echo ' ' -g ' ' | grep ' -g '
  -g  
echo ' ' -ldmalloc ' ' | grep ' -ldmalloc '
  -ldmalloc  
+ :
+ am_exit_trap 0
+ exit_status=0
+ set +e
+ cd /sources/automake-1.16.1
+ test none = tap
+ case $am_explicit_skips in
+ test 0 -eq 0
+ am_keeping_testdirs
+ case $keep_testdirs in
+ return 1
+ rm_rf_ t/dmalloc.dir
+ test 1 -gt 0
+ /usr/bin/perl /sources/automake-1.16.1/t/ax/deltree.pl t/dmalloc.dir
+ set +x
PASS t/dmalloc.sh (exit status: 0)
