Running from installcheck: no
Test Protocol: none
PATH = /sources/automake-1.16.1/bin:/sources/automake-1.16.1/t/ax:/bin:/usr/bin:/sbin:/usr/sbin:/tools/bin
++ pwd
/sources/automake-1.16.1/t/doc-parsing-buglets-tabs.dir
+ cat
+ echo AC_OUTPUT
+ aclocal-1.16 -Werror
+ automake-1.16 --foreign -Werror -Wall
+ /bin/grep -F '$(EXEEEXT)' Makefile.in
+ grep 'all:.*all-local' Makefile.in
+ grep '^	bin_PROGRAMS = foo' Makefile.in
	bin_PROGRAMS = foo
+ autoconf
+ ./configure
checking for a BSD-compatible install... /usr/bin/install -c
checking whether build environment is sane... yes
checking for a thread-safe mkdir -p... /tools/bin/mkdir -p
checking for gawk... gawk
checking whether make sets $(MAKE)... yes
checking whether make supports nested variables... yes
checking that generated files are newer than configure... done
configure: creating ./config.status
config.status: creating Makefile
+ make test
make: Nothing to be done for 'test'.
+ :
+ am_exit_trap 0
+ exit_status=0
+ set +e
+ cd /sources/automake-1.16.1
+ test none = tap
+ case $am_explicit_skips in
+ test 0 -eq 0
+ am_keeping_testdirs
+ case $keep_testdirs in
+ return 1
+ rm_rf_ t/doc-parsing-buglets-tabs.dir
+ test 1 -gt 0
+ /usr/bin/perl /sources/automake-1.16.1/t/ax/deltree.pl t/doc-parsing-buglets-tabs.dir
+ set +x
PASS t/doc-parsing-buglets-tabs.sh (exit status: 0)
