dollar: determine whether make is GNU make
GNU Make 4.2.1
License GPLv3+: GNU GPL version 3 or later <http://gnu.org/licenses/gpl.html>
Running from installcheck: no
Test Protocol: none
PATH = /sources/automake-1.16.1/bin:/sources/automake-1.16.1/t/ax:/bin:/usr/bin:/sbin:/usr/sbin:/tools/bin
++ pwd
/sources/automake-1.16.1/t/dollar.dir
+ echo AC_OUTPUT
+ cat
+ :
+ aclocal-1.16 -Werror
+ autoconf
+ automake-1.16 --foreign -Werror -Wall
++ pwd
+ ./configure --prefix /sources/automake-1.16.1/t/dollar.dir/inst
checking for a BSD-compatible install... /usr/bin/install -c
checking whether build environment is sane... yes
checking for a thread-safe mkdir -p... /tools/bin/mkdir -p
checking for gawk... gawk
checking whether make sets $(MAKE)... yes
checking whether make supports nested variables... yes
checking that generated files are newer than configure... done
configure: creating ./config.status
config.status: creating Makefile
+ make install
make[1]: Entering directory '/sources/automake-1.16.1/t/dollar.dir'
make[1]: Nothing to be done for 'install-exec-am'.
 /tools/bin/mkdir -p '/sources/automake-1.16.1/t/dollar.dir/inst/my'
 /usr/bin/install -c -m 644 hello$world '/sources/automake-1.16.1/t/dollar.dir/inst/my'
make[1]: Leaving directory '/sources/automake-1.16.1/t/dollar.dir'
+ test -f 'inst/my/hello$world'
+ make check-dist
make  distdir-am
make[1]: Entering directory '/sources/automake-1.16.1/t/dollar.dir'
if test -d "dollar-1.0"; then find "dollar-1.0" -type d ! -perm -200 -exec chmod u+w {} ';' && rm -rf "dollar-1.0" || { sleep 5 && rm -rf "dollar-1.0"; }; else :; fi
test -d "dollar-1.0" || mkdir "dollar-1.0"
test -n "" \
|| find "dollar-1.0" -type d ! -perm -755 \
	-exec chmod u+rwx,go+rx {} \; -o \
  ! -type d ! -perm -444 -links 1 -exec chmod a+r {} \; -o \
  ! -type d ! -perm -400 -exec chmod a+r {} \; -o \
  ! -type d ! -perm -444 -exec /bin/sh /sources/automake-1.16.1/t/dollar.dir/install-sh -c -m a+r {} {} \; \
|| chmod -R a+r "dollar-1.0"
make[1]: Leaving directory '/sources/automake-1.16.1/t/dollar.dir'
test -f 'dollar-1.0/hello$world'
+ :
+ am_exit_trap 0
+ exit_status=0
+ set +e
+ cd /sources/automake-1.16.1
+ test none = tap
+ case $am_explicit_skips in
+ test 0 -eq 0
+ am_keeping_testdirs
+ case $keep_testdirs in
+ return 1
+ rm_rf_ t/dollar.dir
+ test 1 -gt 0
+ /usr/bin/perl /sources/automake-1.16.1/t/ax/deltree.pl t/dollar.dir
+ set +x
PASS t/dollar.sh (exit status: 0)
