Running from installcheck: no
Test Protocol: none
PATH = /sources/automake-1.16.1/bin:/sources/automake-1.16.1/t/ax:/bin:/usr/bin:/sbin:/usr/sbin:/tools/bin
++ pwd
/sources/automake-1.16.1/t/empty-data-primary.dir
+ echo AC_OUTPUT
+ echo 'data_DATA ='
+ aclocal-1.16 -Werror
+ autoconf
+ automake-1.16 --foreign -Werror -Wall
++ pwd
+ ./configure --prefix /sources/automake-1.16.1/t/empty-data-primary.dir/inst
checking for a BSD-compatible install... /usr/bin/install -c
checking whether build environment is sane... yes
checking for a thread-safe mkdir -p... /tools/bin/mkdir -p
checking for gawk... gawk
checking whether make sets $(MAKE)... yes
checking whether make supports nested variables... yes
checking that generated files are newer than configure... done
configure: creating ./config.status
config.status: creating Makefile
+ make install
make[1]: Entering directory '/sources/automake-1.16.1/t/empty-data-primary.dir'
make[1]: Nothing to be done for 'install-exec-am'.
make[1]: Leaving directory '/sources/automake-1.16.1/t/empty-data-primary.dir'
+ :
+ am_exit_trap 0
+ exit_status=0
+ set +e
+ cd /sources/automake-1.16.1
+ test none = tap
+ case $am_explicit_skips in
+ test 0 -eq 0
+ am_keeping_testdirs
+ case $keep_testdirs in
+ return 1
+ rm_rf_ t/empty-data-primary.dir
+ test 1 -gt 0
+ /usr/bin/perl /sources/automake-1.16.1/t/ax/deltree.pl t/empty-data-primary.dir
+ set +x
PASS t/empty-data-primary.sh (exit status: 0)
