Running from installcheck: no
Test Protocol: none
PATH = /sources/automake-1.16.1/bin:/sources/automake-1.16.1/t/ax:/bin:/usr/bin:/sbin:/usr/sbin:/tools/bin
++ pwd
/sources/automake-1.16.1/t/exeext2.dir
+ cat
+ cat
+ aclocal-1.16 -Werror
+ automake-1.16 --foreign -Werror -Wall -Wnone
+ AUTOMAKE_fails -Wnone -Wobsolete
+ AUTOMAKE_run -e 1 -Wnone -Wobsolete
+ am__desc=
+ am__exp_rc=0
+ test 4 -gt 0
+ case $1 in
+ am__exp_rc=1
+ shift
+ shift
+ test 2 -gt 0
+ case $1 in
+ break
+ am__got_rc=0
+ automake-1.16 --foreign -Werror -Wall -Wnone -Wobsolete
+ am__got_rc=1
+ cat stderr
automake-1.16: warnings are treated as errors
Makefile.am:3: warning: deprecated feature: target 'maude' overrides 'maude$(EXEEXT)'
Makefile.am:3: change your target to read 'maude$(EXEEXT)'
/sources/automake-1.16.1/lib/am/program.am: target 'maude$(EXEEXT)' was defined here
Makefile.am:1:   while processing program 'maude'
+ cat stdout
+ test none = none
+ test 1 -eq 1
+ return
+ grep 'deprecated.*maude' stderr
Makefile.am:3: warning: deprecated feature: target 'maude' overrides 'maude$(EXEEXT)'
+ AUTOMAKE_fails -Wall
+ AUTOMAKE_run -e 1 -Wall
+ am__desc=
+ am__exp_rc=0
+ test 3 -gt 0
+ case $1 in
+ am__exp_rc=1
+ shift
+ shift
+ test 1 -gt 0
+ case $1 in
+ break
+ am__got_rc=0
+ automake-1.16 --foreign -Werror -Wall -Wall
+ am__got_rc=1
+ cat stderr
automake-1.16: warnings are treated as errors
Makefile.am:3: warning: deprecated feature: target 'maude' overrides 'maude$(EXEEXT)'
Makefile.am:3: change your target to read 'maude$(EXEEXT)'
/sources/automake-1.16.1/lib/am/program.am: target 'maude$(EXEEXT)' was defined here
Makefile.am:1:   while processing program 'maude'
Makefile.am:3: warning: user target 'maude$(EXEEXT)' defined here ...
/sources/automake-1.16.1/lib/am/program.am: ... overrides Automake target 'maude' defined here
Makefile.am:1:   while processing program 'maude'
+ cat stdout
+ test none = none
+ test 1 -eq 1
+ return
+ grep 'deprecated.*maude' stderr
Makefile.am:3: warning: deprecated feature: target 'maude' overrides 'maude$(EXEEXT)'
+ grep 'overrid.*maude' stderr
Makefile.am:3: warning: deprecated feature: target 'maude' overrides 'maude$(EXEEXT)'
/sources/automake-1.16.1/lib/am/program.am: ... overrides Automake target 'maude' defined here
+ echo 'AUTOMAKE_OPTIONS = no-exeext'
+ automake-1.16 --foreign -Werror -Wall -Wall -Wno-override
+ am_exit_trap 0
+ exit_status=0
+ set +e
+ cd /sources/automake-1.16.1
+ test none = tap
+ case $am_explicit_skips in
+ test 0 -eq 0
+ am_keeping_testdirs
+ case $keep_testdirs in
+ return 1
+ rm_rf_ t/exeext2.dir
+ test 1 -gt 0
+ /usr/bin/perl /sources/automake-1.16.1/t/ax/deltree.pl t/exeext2.dir
+ set +x
PASS t/exeext2.sh (exit status: 0)
