Running from installcheck: no
Test Protocol: none
PATH = /sources/automake-1.16.1/bin:/sources/automake-1.16.1/t/ax:/bin:/usr/bin:/sbin:/usr/sbin:/tools/bin
++ pwd
/sources/automake-1.16.1/t/ext2.dir
+ cat
+ cat
+ aclocal-1.16 -Werror
+ automake-1.16 --foreign -Werror -Wall
+ grep '\.o:' Makefile.in
+ cat rules
.cc.o:
r-g.o: g.cc
r-h.o: h.cpp
r-i.o: i.cxx
.cpp.o:
.cxx.o:
+ /usr/bin/perl -ne 'if (exists $a{$_}) { exit (1) } else { $a{$_} = 1 }'
+ am_exit_trap 0
+ exit_status=0
+ set +e
+ cd /sources/automake-1.16.1
+ test none = tap
+ case $am_explicit_skips in
+ test 0 -eq 0
+ am_keeping_testdirs
+ case $keep_testdirs in
+ return 1
+ rm_rf_ t/ext2.dir
+ test 1 -gt 0
+ /usr/bin/perl /sources/automake-1.16.1/t/ax/deltree.pl t/ext2.dir
+ set +x
PASS t/ext2.sh (exit status: 0)
