Running from installcheck: no
Test Protocol: none
PATH = /sources/automake-1.16.1/bin:/sources/automake-1.16.1/t/ax:/bin:/usr/bin:/sbin:/usr/sbin:/tools/bin
++ pwd
/sources/automake-1.16.1/t/extra-sources.dir
+ echo AC_PROG_CC
+ cat
+ aclocal-1.16 -Werror
+ automake-1.16 --foreign -Werror -Wall
+ grep '@am__include@ .*/xtra\.Po' Makefile.in
@AMDEP_TRUE@@am__include@ @am__quote@./$(DEPDIR)/xtra.Po@am__quote@ # am--include-marker
+ grep '^am__depfiles_remade =.*/xtra.Po' Makefile.in
am__depfiles_remade = ./$(DEPDIR)/www.Po ./$(DEPDIR)/xtra.Po
+ :
+ am_exit_trap 0
+ exit_status=0
+ set +e
+ cd /sources/automake-1.16.1
+ test none = tap
+ case $am_explicit_skips in
+ test 0 -eq 0
+ am_keeping_testdirs
+ case $keep_testdirs in
+ return 1
+ rm_rf_ t/extra-sources.dir
+ test 1 -gt 0
+ /usr/bin/perl /sources/automake-1.16.1/t/ax/deltree.pl t/extra-sources.dir
+ set +x
PASS t/extra-sources.sh (exit status: 0)
