Running from installcheck: no
Test Protocol: none
PATH = /sources/automake-1.16.1/bin:/sources/automake-1.16.1/t/ax:/bin:/usr/bin:/sbin:/usr/sbin:/tools/bin
++ pwd
/sources/automake-1.16.1/t/extra-portability3.dir
+ AUTOMAKE='automake-1.16 --foreign -Werror'
+ cat
+ aclocal-1.16 -Werror
+ cat
+ AUTOMAKE_fails -Wextra-portability
+ AUTOMAKE_run -e 1 -Wextra-portability
+ am__desc=
+ am__exp_rc=0
+ test 3 -gt 0
+ case $1 in
+ am__exp_rc=1
+ shift
+ shift
+ test 1 -gt 0
+ case $1 in
+ break
+ am__got_rc=0
+ automake-1.16 --foreign -Werror -Wextra-portability
+ am__got_rc=1
+ cat stderr
automake-1.16: warnings are treated as errors
Makefile.am:1: warning: foo$(bar: non-POSIX recursive variable expansion
/sources/automake-1.16.1/lib/am/library.am: warning: 'libfoo.a': linking libraries using a non-POSIX
/sources/automake-1.16.1/lib/am/library.am: archiver requires 'AM_PROG_AR' in 'configure.ac'
Makefile.am:2:   while processing library 'libfoo.a'
+ cat stdout
+ test none = none
+ test 1 -eq 1
+ return
+ grep 'requires.*AM_PROG_AR' stderr
/sources/automake-1.16.1/lib/am/library.am: archiver requires 'AM_PROG_AR' in 'configure.ac'
+ grep 'recursive variable expansion' stderr
Makefile.am:1: warning: foo$(bar: non-POSIX recursive variable expansion
+ AUTOMAKE_fails -Wportability-recursive -Wno-extra-portability
+ AUTOMAKE_run -e 1 -Wportability-recursive -Wno-extra-portability
+ am__desc=
+ am__exp_rc=0
+ test 4 -gt 0
+ case $1 in
+ am__exp_rc=1
+ shift
+ shift
+ test 2 -gt 0
+ case $1 in
+ break
+ am__got_rc=0
+ automake-1.16 --foreign -Werror -Wportability-recursive -Wno-extra-portability
+ am__got_rc=1
+ cat stderr
automake-1.16: warnings are treated as errors
Makefile.am:1: warning: foo$(bar: non-POSIX recursive variable expansion
+ cat stdout
+ test none = none
+ test 1 -eq 1
+ return
+ grep 'requires.*AM_PROG_AR' stderr
+ grep 'recursive variable expansion' stderr
Makefile.am:1: warning: foo$(bar: non-POSIX recursive variable expansion
+ AUTOMAKE_fails -Wextra-portability -Wno-portability-recursive
+ AUTOMAKE_run -e 1 -Wextra-portability -Wno-portability-recursive
+ am__desc=
+ am__exp_rc=0
+ test 4 -gt 0
+ case $1 in
+ am__exp_rc=1
+ shift
+ shift
+ test 2 -gt 0
+ case $1 in
+ break
+ am__got_rc=0
+ automake-1.16 --foreign -Werror -Wextra-portability -Wno-portability-recursive
+ am__got_rc=1
+ cat stderr
automake-1.16: warnings are treated as errors
/sources/automake-1.16.1/lib/am/library.am: warning: 'libfoo.a': linking libraries using a non-POSIX
/sources/automake-1.16.1/lib/am/library.am: archiver requires 'AM_PROG_AR' in 'configure.ac'
Makefile.am:2:   while processing library 'libfoo.a'
+ cat stdout
+ test none = none
+ test 1 -eq 1
+ return
+ grep 'requires.*AM_PROG_AR' stderr
/sources/automake-1.16.1/lib/am/library.am: archiver requires 'AM_PROG_AR' in 'configure.ac'
+ grep 'recursive variable expansion' stderr
+ automake-1.16 --foreign -Werror -Wextra-portability -Wno-portability
+ :
+ am_exit_trap 0
+ exit_status=0
+ set +e
+ cd /sources/automake-1.16.1
+ test none = tap
+ case $am_explicit_skips in
+ test 0 -eq 0
+ am_keeping_testdirs
+ case $keep_testdirs in
+ return 1
+ rm_rf_ t/extra-portability3.dir
+ test 1 -gt 0
+ /usr/bin/perl /sources/automake-1.16.1/t/ax/deltree.pl t/extra-portability3.dir
+ set +x
PASS t/extra-portability3.sh (exit status: 0)
