Running from installcheck: no
Test Protocol: none
PATH = /sources/automake-1.16.1/bin:/sources/automake-1.16.1/t/ax:/bin:/usr/bin:/sbin:/usr/sbin:/tools/bin
++ pwd
/sources/automake-1.16.1/t/extra.dir
+ cat
+ cat
+ aclocal-1.16 -Werror
+ automake-1.16 --foreign -Werror -Wall
+ grep '^zardoz' Makefile.in
zardoz_SOURCES = zardoz.c
zardoz_OBJECTS = zardoz.$(OBJEXT)
zardoz_LDADD = $(LDADD)
zardoz$(EXEEXT): $(zardoz_OBJECTS) $(zardoz_DEPENDENCIES) $(EXTRA_zardoz_DEPENDENCIES) 
+ grep 'clean.*EXTRA' Makefile.in
+ :
+ am_exit_trap 0
+ exit_status=0
+ set +e
+ cd /sources/automake-1.16.1
+ test none = tap
+ case $am_explicit_skips in
+ test 0 -eq 0
+ am_keeping_testdirs
+ case $keep_testdirs in
+ return 1
+ rm_rf_ t/extra.dir
+ test 1 -gt 0
+ /usr/bin/perl /sources/automake-1.16.1/t/ax/deltree.pl t/extra.dir
+ set +x
PASS t/extra.sh (exit status: 0)
