Running from installcheck: no
Test Protocol: none
PATH = /sources/automake-1.16.1/bin:/sources/automake-1.16.1/t/ax:/bin:/usr/bin:/sbin:/usr/sbin:/tools/bin
++ pwd
/sources/automake-1.16.1/t/flavor.dir
+ cat
+ :
+ :
+ :
+ :
+ :
+ :
+ aclocal-1.16 -Werror
+ autoconf
+ for flavor in --gnits --gnu --foreign --ignore-deps
+ automake-1.16 --foreign -Werror -Wall --add-missing --gnits
Makefile.am: installing './INSTALL'
Makefile.am: installing './COPYING' using GNU General Public License v3 file
Makefile.am:     Consider adding the COPYING file to the version control system
Makefile.am:     for your code, to avoid questions about which license your project uses
+ ./configure --enable-maintainer-mode
checking for a BSD-compatible install... /usr/bin/install -c
checking whether build environment is sane... yes
checking for a thread-safe mkdir -p... /tools/bin/mkdir -p
checking for gawk... gawk
checking whether make sets $(MAKE)... yes
checking whether make supports nested variables... yes
checking whether to enable maintainer-specific portions of Makefiles... yes
checking that generated files are newer than configure... done
configure: creating ./config.status
config.status: creating Makefile
+ grep ' --gnits' Makefile
	      echo ' cd $(srcdir) && $(AUTOMAKE) --gnits'; \
	      $(am__cd) $(srcdir) && $(AUTOMAKE) --gnits \
	echo ' cd $(top_srcdir) && $(AUTOMAKE) --gnits Makefile'; \
	  $(AUTOMAKE) --gnits Makefile
+ make
make: Nothing to be done for 'all'.
+ sleep 2
+ touch aclocal.m4
+ make
 cd . && /bin/sh /sources/automake-1.16.1/t/flavor.dir/missing automake-1.16 --gnits
CDPATH="${ZSH_VERSION+.}:" && cd . && /bin/sh /sources/automake-1.16.1/t/flavor.dir/missing autoconf
/bin/sh ./config.status --recheck
running CONFIG_SHELL=/bin/sh /bin/sh ./configure --enable-maintainer-mode build_alias= host_alias= --no-create --no-recursion
checking for a BSD-compatible install... /usr/bin/install -c
checking whether build environment is sane... yes
checking for a thread-safe mkdir -p... /tools/bin/mkdir -p
checking for gawk... gawk
checking whether make sets $(MAKE)... yes
checking whether make supports nested variables... yes
checking whether to enable maintainer-specific portions of Makefiles... yes
checking that generated files are newer than configure... done
configure: creating ./config.status
 /bin/sh ./config.status
config.status: creating Makefile
make: Nothing to be done for 'all'.
+ grep ' --gnits' Makefile
	      echo ' cd $(srcdir) && $(AUTOMAKE) --gnits'; \
	      $(am__cd) $(srcdir) && $(AUTOMAKE) --gnits \
	echo ' cd $(top_srcdir) && $(AUTOMAKE) --gnits Makefile'; \
	  $(AUTOMAKE) --gnits Makefile
+ sleep 2
+ touch Makefile.am
+ make
 cd . && /bin/sh /sources/automake-1.16.1/t/flavor.dir/missing automake-1.16 --gnits Makefile
 cd . && /bin/sh ./config.status Makefile 
config.status: creating Makefile
make: Nothing to be done for 'all'.
+ grep ' --gnits' Makefile
	      echo ' cd $(srcdir) && $(AUTOMAKE) --gnits'; \
	      $(am__cd) $(srcdir) && $(AUTOMAKE) --gnits \
	echo ' cd $(top_srcdir) && $(AUTOMAKE) --gnits Makefile'; \
	  $(AUTOMAKE) --gnits Makefile
+ for flavor in --gnits --gnu --foreign --ignore-deps
+ automake-1.16 --foreign -Werror -Wall --add-missing --gnu
+ ./configure --enable-maintainer-mode
checking for a BSD-compatible install... /usr/bin/install -c
checking whether build environment is sane... yes
checking for a thread-safe mkdir -p... /tools/bin/mkdir -p
checking for gawk... gawk
checking whether make sets $(MAKE)... yes
checking whether make supports nested variables... yes
checking whether to enable maintainer-specific portions of Makefiles... yes
checking that generated files are newer than configure... done
configure: creating ./config.status
config.status: creating Makefile
+ grep ' --gnu' Makefile
	      echo ' cd $(srcdir) && $(AUTOMAKE) --gnu'; \
	      $(am__cd) $(srcdir) && $(AUTOMAKE) --gnu \
	echo ' cd $(top_srcdir) && $(AUTOMAKE) --gnu Makefile'; \
	  $(AUTOMAKE) --gnu Makefile
+ make
make: Nothing to be done for 'all'.
+ sleep 2
+ touch aclocal.m4
+ make
 cd . && /bin/sh /sources/automake-1.16.1/t/flavor.dir/missing automake-1.16 --gnu
CDPATH="${ZSH_VERSION+.}:" && cd . && /bin/sh /sources/automake-1.16.1/t/flavor.dir/missing autoconf
/bin/sh ./config.status --recheck
running CONFIG_SHELL=/bin/sh /bin/sh ./configure --enable-maintainer-mode build_alias= host_alias= --no-create --no-recursion
checking for a BSD-compatible install... /usr/bin/install -c
checking whether build environment is sane... yes
checking for a thread-safe mkdir -p... /tools/bin/mkdir -p
checking for gawk... gawk
checking whether make sets $(MAKE)... yes
checking whether make supports nested variables... yes
checking whether to enable maintainer-specific portions of Makefiles... yes
checking that generated files are newer than configure... done
configure: creating ./config.status
 /bin/sh ./config.status
config.status: creating Makefile
make: Nothing to be done for 'all'.
+ grep ' --gnu' Makefile
	      echo ' cd $(srcdir) && $(AUTOMAKE) --gnu'; \
	      $(am__cd) $(srcdir) && $(AUTOMAKE) --gnu \
	echo ' cd $(top_srcdir) && $(AUTOMAKE) --gnu Makefile'; \
	  $(AUTOMAKE) --gnu Makefile
+ sleep 2
+ touch Makefile.am
+ make
 cd . && /bin/sh /sources/automake-1.16.1/t/flavor.dir/missing automake-1.16 --gnu Makefile
 cd . && /bin/sh ./config.status Makefile 
config.status: creating Makefile
make: Nothing to be done for 'all'.
+ grep ' --gnu' Makefile
	      echo ' cd $(srcdir) && $(AUTOMAKE) --gnu'; \
	      $(am__cd) $(srcdir) && $(AUTOMAKE) --gnu \
	echo ' cd $(top_srcdir) && $(AUTOMAKE) --gnu Makefile'; \
	  $(AUTOMAKE) --gnu Makefile
+ for flavor in --gnits --gnu --foreign --ignore-deps
+ automake-1.16 --foreign -Werror -Wall --add-missing --foreign
+ ./configure --enable-maintainer-mode
checking for a BSD-compatible install... /usr/bin/install -c
checking whether build environment is sane... yes
checking for a thread-safe mkdir -p... /tools/bin/mkdir -p
checking for gawk... gawk
checking whether make sets $(MAKE)... yes
checking whether make supports nested variables... yes
checking whether to enable maintainer-specific portions of Makefiles... yes
checking that generated files are newer than configure... done
configure: creating ./config.status
config.status: creating Makefile
+ grep ' --foreign' Makefile
	      echo ' cd $(srcdir) && $(AUTOMAKE) --foreign'; \
	      $(am__cd) $(srcdir) && $(AUTOMAKE) --foreign \
	echo ' cd $(top_srcdir) && $(AUTOMAKE) --foreign Makefile'; \
	  $(AUTOMAKE) --foreign Makefile
+ make
make: Nothing to be done for 'all'.
+ sleep 2
+ touch aclocal.m4
+ make
 cd . && /bin/sh /sources/automake-1.16.1/t/flavor.dir/missing automake-1.16 --foreign
CDPATH="${ZSH_VERSION+.}:" && cd . && /bin/sh /sources/automake-1.16.1/t/flavor.dir/missing autoconf
/bin/sh ./config.status --recheck
running CONFIG_SHELL=/bin/sh /bin/sh ./configure --enable-maintainer-mode build_alias= host_alias= --no-create --no-recursion
checking for a BSD-compatible install... /usr/bin/install -c
checking whether build environment is sane... yes
checking for a thread-safe mkdir -p... /tools/bin/mkdir -p
checking for gawk... gawk
checking whether make sets $(MAKE)... yes
checking whether make supports nested variables... yes
checking whether to enable maintainer-specific portions of Makefiles... yes
checking that generated files are newer than configure... done
configure: creating ./config.status
 /bin/sh ./config.status
config.status: creating Makefile
make: Nothing to be done for 'all'.
+ grep ' --foreign' Makefile
	      echo ' cd $(srcdir) && $(AUTOMAKE) --foreign'; \
	      $(am__cd) $(srcdir) && $(AUTOMAKE) --foreign \
	echo ' cd $(top_srcdir) && $(AUTOMAKE) --foreign Makefile'; \
	  $(AUTOMAKE) --foreign Makefile
+ sleep 2
+ touch Makefile.am
+ make
 cd . && /bin/sh /sources/automake-1.16.1/t/flavor.dir/missing automake-1.16 --foreign Makefile
 cd . && /bin/sh ./config.status Makefile 
config.status: creating Makefile
make: Nothing to be done for 'all'.
+ grep ' --foreign' Makefile
	      echo ' cd $(srcdir) && $(AUTOMAKE) --foreign'; \
	      $(am__cd) $(srcdir) && $(AUTOMAKE) --foreign \
	echo ' cd $(top_srcdir) && $(AUTOMAKE) --foreign Makefile'; \
	  $(AUTOMAKE) --foreign Makefile
+ for flavor in --gnits --gnu --foreign --ignore-deps
+ automake-1.16 --foreign -Werror -Wall --add-missing --ignore-deps
+ ./configure --enable-maintainer-mode
checking for a BSD-compatible install... /usr/bin/install -c
checking whether build environment is sane... yes
checking for a thread-safe mkdir -p... /tools/bin/mkdir -p
checking for gawk... gawk
checking whether make sets $(MAKE)... yes
checking whether make supports nested variables... yes
checking whether to enable maintainer-specific portions of Makefiles... yes
checking that generated files are newer than configure... done
configure: creating ./config.status
config.status: creating Makefile
+ grep ' --ignore-deps' Makefile
	      echo ' cd $(srcdir) && $(AUTOMAKE) --foreign --ignore-deps'; \
	      $(am__cd) $(srcdir) && $(AUTOMAKE) --foreign --ignore-deps \
	echo ' cd $(top_srcdir) && $(AUTOMAKE) --foreign --ignore-deps Makefile'; \
	  $(AUTOMAKE) --foreign --ignore-deps Makefile
+ make
make: Nothing to be done for 'all'.
+ sleep 2
+ touch aclocal.m4
+ make
 cd . && /bin/sh /sources/automake-1.16.1/t/flavor.dir/missing automake-1.16 --foreign --ignore-deps
CDPATH="${ZSH_VERSION+.}:" && cd . && /bin/sh /sources/automake-1.16.1/t/flavor.dir/missing autoconf
/bin/sh ./config.status --recheck
running CONFIG_SHELL=/bin/sh /bin/sh ./configure --enable-maintainer-mode build_alias= host_alias= --no-create --no-recursion
checking for a BSD-compatible install... /usr/bin/install -c
checking whether build environment is sane... yes
checking for a thread-safe mkdir -p... /tools/bin/mkdir -p
checking for gawk... gawk
checking whether make sets $(MAKE)... yes
checking whether make supports nested variables... yes
checking whether to enable maintainer-specific portions of Makefiles... yes
checking that generated files are newer than configure... done
configure: creating ./config.status
 /bin/sh ./config.status
config.status: creating Makefile
make: Nothing to be done for 'all'.
+ grep ' --ignore-deps' Makefile
	      echo ' cd $(srcdir) && $(AUTOMAKE) --foreign --ignore-deps'; \
	      $(am__cd) $(srcdir) && $(AUTOMAKE) --foreign --ignore-deps \
	echo ' cd $(top_srcdir) && $(AUTOMAKE) --foreign --ignore-deps Makefile'; \
	  $(AUTOMAKE) --foreign --ignore-deps Makefile
+ sleep 2
+ touch Makefile.am
+ make
 cd . && /bin/sh /sources/automake-1.16.1/t/flavor.dir/missing automake-1.16 --foreign --ignore-deps Makefile
 cd . && /bin/sh ./config.status Makefile 
config.status: creating Makefile
make: Nothing to be done for 'all'.
+ grep ' --ignore-deps' Makefile
	      echo ' cd $(srcdir) && $(AUTOMAKE) --foreign --ignore-deps'; \
	      $(am__cd) $(srcdir) && $(AUTOMAKE) --foreign --ignore-deps \
	echo ' cd $(top_srcdir) && $(AUTOMAKE) --foreign --ignore-deps Makefile'; \
	  $(AUTOMAKE) --foreign --ignore-deps Makefile
+ :
+ am_exit_trap 0
+ exit_status=0
+ set +e
+ cd /sources/automake-1.16.1
+ test none = tap
+ case $am_explicit_skips in
+ test 0 -eq 0
+ am_keeping_testdirs
+ case $keep_testdirs in
+ return 1
+ rm_rf_ t/flavor.dir
+ test 1 -gt 0
+ /usr/bin/perl /sources/automake-1.16.1/t/ax/deltree.pl t/flavor.dir
+ set +x
PASS t/flavor.sh (exit status: 0)
