Running from installcheck: no
Test Protocol: none
PATH = /sources/automake-1.16.1/bin:/sources/automake-1.16.1/t/ax:/bin:/usr/bin:/sbin:/usr/sbin:/tools/bin
++ pwd
/sources/automake-1.16.1/t/fn99subdir.dir
+ subdirname=cnfsubdir
+ cat
+ cat
+ mkdir cnfsubdir
+ cat
+ cat
+ cd cnfsubdir
+ for i in 1 2 3 4 5 6 7 8
+ mkdir -p 12345678
+ cd 12345678
+ touch x
+ for i in 1 2 3 4 5 6 7 8
+ mkdir -p 12345678
+ cd 12345678
+ touch x
+ for i in 1 2 3 4 5 6 7 8
+ mkdir -p 12345678
+ cd 12345678
+ touch x
+ for i in 1 2 3 4 5 6 7 8
+ mkdir -p 12345678
+ cd 12345678
+ touch x
+ for i in 1 2 3 4 5 6 7 8
+ mkdir -p 12345678
+ cd 12345678
+ touch x
+ for i in 1 2 3 4 5 6 7 8
+ mkdir -p 12345678
+ cd 12345678
+ touch x
+ for i in 1 2 3 4 5 6 7 8
+ mkdir -p 12345678
+ cd 12345678
+ touch x
+ for i in 1 2 3 4 5 6 7 8
+ mkdir -p 12345678
+ cd 12345678
+ touch x
+ cp -R cnfsubdir t
+ cd cnfsubdir
+ aclocal-1.16 -Werror
+ autoconf
+ automake-1.16 --foreign -Werror -Wall
+ cd ..
+ aclocal-1.16 -Werror
+ autoconf
+ automake-1.16 --foreign -Werror -Wall
+ ./configure
checking for a BSD-compatible install... /usr/bin/install -c
checking whether build environment is sane... yes
checking for a thread-safe mkdir -p... /tools/bin/mkdir -p
checking for gawk... gawk
checking whether make sets $(MAKE)... yes
checking whether make supports nested variables... yes
checking that generated files are newer than configure... done
configure: creating ./config.status
config.status: creating Makefile
=== configuring in cnfsubdir (/sources/automake-1.16.1/t/fn99subdir.dir/cnfsubdir)
configure: running /bin/sh ./configure --disable-option-checking '--prefix=/usr/local'  'build_alias=' 'host_alias=' --cache-file=/dev/null --srcdir=.
checking for a BSD-compatible install... /usr/bin/install -c
checking whether build environment is sane... yes
checking for a thread-safe mkdir -p... /tools/bin/mkdir -p
checking for gawk... gawk
checking whether make sets $(MAKE)... yes
checking whether make supports nested variables... yes
checking that generated files are newer than configure... done
configure: creating ./config.status
config.status: creating Makefile
+ make distcheck
make  dist-gzip am__post_remove_distdir='@:'
make[1]: Entering directory '/sources/automake-1.16.1/t/fn99subdir.dir'
make  distdir-am
make[2]: Entering directory '/sources/automake-1.16.1/t/fn99subdir.dir'
if test -d "fn99subdir-1.0"; then find "fn99subdir-1.0" -type d ! -perm -200 -exec chmod u+w {} ';' && rm -rf "fn99subdir-1.0" || { sleep 5 && rm -rf "fn99subdir-1.0"; }; else :; fi
test -d "fn99subdir-1.0" || mkdir "fn99subdir-1.0"
 (cd cnfsubdir && make  top_distdir=../fn99subdir-1.0 distdir=../fn99subdir-1.0/cnfsubdir \
     am__remove_distdir=: am__skip_length_check=: am__skip_mode_fix=: distdir)
make[3]: Entering directory '/sources/automake-1.16.1/t/fn99subdir.dir/cnfsubdir'
make  distdir-am
make[4]: Entering directory '/sources/automake-1.16.1/t/fn99subdir.dir/cnfsubdir'
:
test -d "../fn99subdir-1.0/cnfsubdir" || mkdir "../fn99subdir-1.0/cnfsubdir"
test -n ":" \
|| find "../fn99subdir-1.0/cnfsubdir" -type d ! -perm -755 \
	-exec chmod u+rwx,go+rx {} \; -o \
  ! -type d ! -perm -444 -links 1 -exec chmod a+r {} \; -o \
  ! -type d ! -perm -400 -exec chmod a+r {} \; -o \
  ! -type d ! -perm -444 -exec /bin/sh /sources/automake-1.16.1/t/fn99subdir.dir/install-sh -c -m a+r {} {} \; \
|| chmod -R a+r "../fn99subdir-1.0/cnfsubdir"
make[4]: Leaving directory '/sources/automake-1.16.1/t/fn99subdir.dir/cnfsubdir'
make[3]: Leaving directory '/sources/automake-1.16.1/t/fn99subdir.dir/cnfsubdir'
test -n "" \
|| find "fn99subdir-1.0" -type d ! -perm -755 \
	-exec chmod u+rwx,go+rx {} \; -o \
  ! -type d ! -perm -444 -links 1 -exec chmod a+r {} \; -o \
  ! -type d ! -perm -400 -exec chmod a+r {} \; -o \
  ! -type d ! -perm -444 -exec /bin/sh /sources/automake-1.16.1/t/fn99subdir.dir/install-sh -c -m a+r {} {} \; \
|| chmod -R a+r "fn99subdir-1.0"
make[2]: Leaving directory '/sources/automake-1.16.1/t/fn99subdir.dir'
tardir=fn99subdir-1.0 && ${TAR-tar} chof - "$tardir" | eval GZIP= gzip --best -c >fn99subdir-1.0.tar.gz
make[1]: Leaving directory '/sources/automake-1.16.1/t/fn99subdir.dir'
if test -d "fn99subdir-1.0"; then find "fn99subdir-1.0" -type d ! -perm -200 -exec chmod u+w {} ';' && rm -rf "fn99subdir-1.0" || { sleep 5 && rm -rf "fn99subdir-1.0"; }; else :; fi
case 'fn99subdir-1.0.tar.gz' in \
*.tar.gz*) \
  eval GZIP= gzip --best -dc fn99subdir-1.0.tar.gz | ${TAR-tar} xf - ;;\
*.tar.bz2*) \
  bzip2 -dc fn99subdir-1.0.tar.bz2 | ${TAR-tar} xf - ;;\
*.tar.lz*) \
  lzip -dc fn99subdir-1.0.tar.lz | ${TAR-tar} xf - ;;\
*.tar.xz*) \
  xz -dc fn99subdir-1.0.tar.xz | ${TAR-tar} xf - ;;\
*.tar.Z*) \
  uncompress -c fn99subdir-1.0.tar.Z | ${TAR-tar} xf - ;;\
*.shar.gz*) \
  eval GZIP= gzip --best -dc fn99subdir-1.0.shar.gz | unshar ;;\
*.zip*) \
  unzip fn99subdir-1.0.zip ;;\
esac
chmod -R a-w fn99subdir-1.0
chmod u+w fn99subdir-1.0
mkdir fn99subdir-1.0/_build fn99subdir-1.0/_build/sub fn99subdir-1.0/_inst
chmod a-w fn99subdir-1.0
test -d fn99subdir-1.0/_build || exit 0; \
dc_install_base=`CDPATH="${ZSH_VERSION+.}:" && cd fn99subdir-1.0/_inst && pwd | sed -e 's,^[^:\\/]:[\\/],/,'` \
  && dc_destdir="${TMPDIR-/tmp}/am-dc-$$/" \
  && am__cwd=`pwd` \
  && CDPATH="${ZSH_VERSION+.}:" && cd fn99subdir-1.0/_build/sub \
  && ../../configure \
     \
     \
    --srcdir=../.. --prefix="$dc_install_base" \
  && make  \
  && make  dvi \
  && make  check \
  && make  install \
  && make  installcheck \
  && make  uninstall \
  && make  distuninstallcheck_dir="$dc_install_base" \
        distuninstallcheck \
  && chmod -R a-w "$dc_install_base" \
  && ({ \
       (cd ../.. && umask 077 && mkdir "$dc_destdir") \
       && make  DESTDIR="$dc_destdir" install \
       && make  DESTDIR="$dc_destdir" uninstall \
       && make  DESTDIR="$dc_destdir" \
            distuninstallcheck_dir="$dc_destdir" distuninstallcheck; \
      } || { rm -rf "$dc_destdir"; exit 1; }) \
  && rm -rf "$dc_destdir" \
  && make  dist \
  && rm -rf fn99subdir-1.0.tar.gz \
  && make  distcleancheck \
  && cd "$am__cwd" \
  || exit 1
checking for a BSD-compatible install... /usr/bin/install -c
checking whether build environment is sane... yes
checking for a thread-safe mkdir -p... /tools/bin/mkdir -p
checking for gawk... gawk
checking whether make sets $(MAKE)... yes
checking whether make supports nested variables... yes
checking that generated files are newer than configure... done
configure: creating ./config.status
config.status: creating Makefile
=== configuring in cnfsubdir (/sources/automake-1.16.1/t/fn99subdir.dir/fn99subdir-1.0/_build/sub/cnfsubdir)
configure: running /bin/sh ../../../cnfsubdir/configure --disable-option-checking '--prefix=/sources/automake-1.16.1/t/fn99subdir.dir/fn99subdir-1.0/_inst'  'build_alias=' 'host_alias=' --cache-file=/dev/null --srcdir=../../../cnfsubdir
checking for a BSD-compatible install... /usr/bin/install -c
checking whether build environment is sane... yes
checking for a thread-safe mkdir -p... /tools/bin/mkdir -p
checking for gawk... gawk
checking whether make sets $(MAKE)... yes
checking whether make supports nested variables... yes
checking that generated files are newer than configure... done
configure: creating ./config.status
config.status: creating Makefile
make[1]: Entering directory '/sources/automake-1.16.1/t/fn99subdir.dir/fn99subdir-1.0/_build/sub'
Making all in cnfsubdir
make[2]: Entering directory '/sources/automake-1.16.1/t/fn99subdir.dir/fn99subdir-1.0/_build/sub/cnfsubdir'
make[2]: Nothing to be done for 'all'.
make[2]: Leaving directory '/sources/automake-1.16.1/t/fn99subdir.dir/fn99subdir-1.0/_build/sub/cnfsubdir'
make[2]: Entering directory '/sources/automake-1.16.1/t/fn99subdir.dir/fn99subdir-1.0/_build/sub'
make[2]: Nothing to be done for 'all-am'.
make[2]: Leaving directory '/sources/automake-1.16.1/t/fn99subdir.dir/fn99subdir-1.0/_build/sub'
make[1]: Leaving directory '/sources/automake-1.16.1/t/fn99subdir.dir/fn99subdir-1.0/_build/sub'
make[1]: Entering directory '/sources/automake-1.16.1/t/fn99subdir.dir/fn99subdir-1.0/_build/sub'
Making dvi in cnfsubdir
make[2]: Entering directory '/sources/automake-1.16.1/t/fn99subdir.dir/fn99subdir-1.0/_build/sub/cnfsubdir'
make[2]: Nothing to be done for 'dvi'.
make[2]: Leaving directory '/sources/automake-1.16.1/t/fn99subdir.dir/fn99subdir-1.0/_build/sub/cnfsubdir'
make[2]: Entering directory '/sources/automake-1.16.1/t/fn99subdir.dir/fn99subdir-1.0/_build/sub'
make[2]: Nothing to be done for 'dvi-am'.
make[2]: Leaving directory '/sources/automake-1.16.1/t/fn99subdir.dir/fn99subdir-1.0/_build/sub'
make[1]: Leaving directory '/sources/automake-1.16.1/t/fn99subdir.dir/fn99subdir-1.0/_build/sub'
make[1]: Entering directory '/sources/automake-1.16.1/t/fn99subdir.dir/fn99subdir-1.0/_build/sub'
Making check in cnfsubdir
make[2]: Entering directory '/sources/automake-1.16.1/t/fn99subdir.dir/fn99subdir-1.0/_build/sub/cnfsubdir'
make[2]: Nothing to be done for 'check'.
make[2]: Leaving directory '/sources/automake-1.16.1/t/fn99subdir.dir/fn99subdir-1.0/_build/sub/cnfsubdir'
make[2]: Entering directory '/sources/automake-1.16.1/t/fn99subdir.dir/fn99subdir-1.0/_build/sub'
make[2]: Nothing to be done for 'check-am'.
make[2]: Leaving directory '/sources/automake-1.16.1/t/fn99subdir.dir/fn99subdir-1.0/_build/sub'
make[1]: Leaving directory '/sources/automake-1.16.1/t/fn99subdir.dir/fn99subdir-1.0/_build/sub'
make[1]: Entering directory '/sources/automake-1.16.1/t/fn99subdir.dir/fn99subdir-1.0/_build/sub'
Making install in cnfsubdir
make[2]: Entering directory '/sources/automake-1.16.1/t/fn99subdir.dir/fn99subdir-1.0/_build/sub/cnfsubdir'
make[3]: Entering directory '/sources/automake-1.16.1/t/fn99subdir.dir/fn99subdir-1.0/_build/sub/cnfsubdir'
make[3]: Nothing to be done for 'install-exec-am'.
make[3]: Nothing to be done for 'install-data-am'.
make[3]: Leaving directory '/sources/automake-1.16.1/t/fn99subdir.dir/fn99subdir-1.0/_build/sub/cnfsubdir'
make[2]: Leaving directory '/sources/automake-1.16.1/t/fn99subdir.dir/fn99subdir-1.0/_build/sub/cnfsubdir'
make[2]: Entering directory '/sources/automake-1.16.1/t/fn99subdir.dir/fn99subdir-1.0/_build/sub'
make[3]: Entering directory '/sources/automake-1.16.1/t/fn99subdir.dir/fn99subdir-1.0/_build/sub'
make[3]: Nothing to be done for 'install-exec-am'.
make[3]: Nothing to be done for 'install-data-am'.
make[3]: Leaving directory '/sources/automake-1.16.1/t/fn99subdir.dir/fn99subdir-1.0/_build/sub'
make[2]: Leaving directory '/sources/automake-1.16.1/t/fn99subdir.dir/fn99subdir-1.0/_build/sub'
make[1]: Leaving directory '/sources/automake-1.16.1/t/fn99subdir.dir/fn99subdir-1.0/_build/sub'
make[1]: Entering directory '/sources/automake-1.16.1/t/fn99subdir.dir/fn99subdir-1.0/_build/sub'
Making installcheck in cnfsubdir
make[2]: Entering directory '/sources/automake-1.16.1/t/fn99subdir.dir/fn99subdir-1.0/_build/sub/cnfsubdir'
make[2]: Nothing to be done for 'installcheck'.
make[2]: Leaving directory '/sources/automake-1.16.1/t/fn99subdir.dir/fn99subdir-1.0/_build/sub/cnfsubdir'
make[2]: Entering directory '/sources/automake-1.16.1/t/fn99subdir.dir/fn99subdir-1.0/_build/sub'
make[2]: Nothing to be done for 'installcheck-am'.
make[2]: Leaving directory '/sources/automake-1.16.1/t/fn99subdir.dir/fn99subdir-1.0/_build/sub'
make[1]: Leaving directory '/sources/automake-1.16.1/t/fn99subdir.dir/fn99subdir-1.0/_build/sub'
make[1]: Entering directory '/sources/automake-1.16.1/t/fn99subdir.dir/fn99subdir-1.0/_build/sub'
Making uninstall in cnfsubdir
make[2]: Entering directory '/sources/automake-1.16.1/t/fn99subdir.dir/fn99subdir-1.0/_build/sub/cnfsubdir'
make[2]: Nothing to be done for 'uninstall'.
make[2]: Leaving directory '/sources/automake-1.16.1/t/fn99subdir.dir/fn99subdir-1.0/_build/sub/cnfsubdir'
make[2]: Entering directory '/sources/automake-1.16.1/t/fn99subdir.dir/fn99subdir-1.0/_build/sub'
make[2]: Nothing to be done for 'uninstall-am'.
make[2]: Leaving directory '/sources/automake-1.16.1/t/fn99subdir.dir/fn99subdir-1.0/_build/sub'
make[1]: Leaving directory '/sources/automake-1.16.1/t/fn99subdir.dir/fn99subdir-1.0/_build/sub'
make[1]: Entering directory '/sources/automake-1.16.1/t/fn99subdir.dir/fn99subdir-1.0/_build/sub'
make[1]: Leaving directory '/sources/automake-1.16.1/t/fn99subdir.dir/fn99subdir-1.0/_build/sub'
make[1]: Entering directory '/sources/automake-1.16.1/t/fn99subdir.dir/fn99subdir-1.0/_build/sub'
Making install in cnfsubdir
make[2]: Entering directory '/sources/automake-1.16.1/t/fn99subdir.dir/fn99subdir-1.0/_build/sub/cnfsubdir'
make[3]: Entering directory '/sources/automake-1.16.1/t/fn99subdir.dir/fn99subdir-1.0/_build/sub/cnfsubdir'
make[3]: Nothing to be done for 'install-exec-am'.
make[3]: Nothing to be done for 'install-data-am'.
make[3]: Leaving directory '/sources/automake-1.16.1/t/fn99subdir.dir/fn99subdir-1.0/_build/sub/cnfsubdir'
make[2]: Leaving directory '/sources/automake-1.16.1/t/fn99subdir.dir/fn99subdir-1.0/_build/sub/cnfsubdir'
make[2]: Entering directory '/sources/automake-1.16.1/t/fn99subdir.dir/fn99subdir-1.0/_build/sub'
make[3]: Entering directory '/sources/automake-1.16.1/t/fn99subdir.dir/fn99subdir-1.0/_build/sub'
make[3]: Nothing to be done for 'install-exec-am'.
make[3]: Nothing to be done for 'install-data-am'.
make[3]: Leaving directory '/sources/automake-1.16.1/t/fn99subdir.dir/fn99subdir-1.0/_build/sub'
make[2]: Leaving directory '/sources/automake-1.16.1/t/fn99subdir.dir/fn99subdir-1.0/_build/sub'
make[1]: Leaving directory '/sources/automake-1.16.1/t/fn99subdir.dir/fn99subdir-1.0/_build/sub'
make[1]: Entering directory '/sources/automake-1.16.1/t/fn99subdir.dir/fn99subdir-1.0/_build/sub'
Making uninstall in cnfsubdir
make[2]: Entering directory '/sources/automake-1.16.1/t/fn99subdir.dir/fn99subdir-1.0/_build/sub/cnfsubdir'
make[2]: Nothing to be done for 'uninstall'.
make[2]: Leaving directory '/sources/automake-1.16.1/t/fn99subdir.dir/fn99subdir-1.0/_build/sub/cnfsubdir'
make[2]: Entering directory '/sources/automake-1.16.1/t/fn99subdir.dir/fn99subdir-1.0/_build/sub'
make[2]: Nothing to be done for 'uninstall-am'.
make[2]: Leaving directory '/sources/automake-1.16.1/t/fn99subdir.dir/fn99subdir-1.0/_build/sub'
make[1]: Leaving directory '/sources/automake-1.16.1/t/fn99subdir.dir/fn99subdir-1.0/_build/sub'
make[1]: Entering directory '/sources/automake-1.16.1/t/fn99subdir.dir/fn99subdir-1.0/_build/sub'
make[1]: Leaving directory '/sources/automake-1.16.1/t/fn99subdir.dir/fn99subdir-1.0/_build/sub'
make[1]: Entering directory '/sources/automake-1.16.1/t/fn99subdir.dir/fn99subdir-1.0/_build/sub'
make  dist-gzip am__post_remove_distdir='@:'
make[2]: Entering directory '/sources/automake-1.16.1/t/fn99subdir.dir/fn99subdir-1.0/_build/sub'
make  distdir-am
make[3]: Entering directory '/sources/automake-1.16.1/t/fn99subdir.dir/fn99subdir-1.0/_build/sub'
if test -d "fn99subdir-1.0"; then find "fn99subdir-1.0" -type d ! -perm -200 -exec chmod u+w {} ';' && rm -rf "fn99subdir-1.0" || { sleep 5 && rm -rf "fn99subdir-1.0"; }; else :; fi
test -d "fn99subdir-1.0" || mkdir "fn99subdir-1.0"
 (cd cnfsubdir && make  top_distdir=../fn99subdir-1.0 distdir=../fn99subdir-1.0/cnfsubdir \
     am__remove_distdir=: am__skip_length_check=: am__skip_mode_fix=: distdir)
make[4]: Entering directory '/sources/automake-1.16.1/t/fn99subdir.dir/fn99subdir-1.0/_build/sub/cnfsubdir'
make  distdir-am
make[5]: Entering directory '/sources/automake-1.16.1/t/fn99subdir.dir/fn99subdir-1.0/_build/sub/cnfsubdir'
:
test -d "../fn99subdir-1.0/cnfsubdir" || mkdir "../fn99subdir-1.0/cnfsubdir"
test -n ":" \
|| find "../fn99subdir-1.0/cnfsubdir" -type d ! -perm -755 \
	-exec chmod u+rwx,go+rx {} \; -o \
  ! -type d ! -perm -444 -links 1 -exec chmod a+r {} \; -o \
  ! -type d ! -perm -400 -exec chmod a+r {} \; -o \
  ! -type d ! -perm -444 -exec /bin/sh /sources/automake-1.16.1/t/fn99subdir.dir/fn99subdir-1.0/install-sh -c -m a+r {} {} \; \
|| chmod -R a+r "../fn99subdir-1.0/cnfsubdir"
make[5]: Leaving directory '/sources/automake-1.16.1/t/fn99subdir.dir/fn99subdir-1.0/_build/sub/cnfsubdir'
make[4]: Leaving directory '/sources/automake-1.16.1/t/fn99subdir.dir/fn99subdir-1.0/_build/sub/cnfsubdir'
test -n "" \
|| find "fn99subdir-1.0" -type d ! -perm -755 \
	-exec chmod u+rwx,go+rx {} \; -o \
  ! -type d ! -perm -444 -links 1 -exec chmod a+r {} \; -o \
  ! -type d ! -perm -400 -exec chmod a+r {} \; -o \
  ! -type d ! -perm -444 -exec /bin/sh /sources/automake-1.16.1/t/fn99subdir.dir/fn99subdir-1.0/install-sh -c -m a+r {} {} \; \
|| chmod -R a+r "fn99subdir-1.0"
make[3]: Leaving directory '/sources/automake-1.16.1/t/fn99subdir.dir/fn99subdir-1.0/_build/sub'
tardir=fn99subdir-1.0 && ${TAR-tar} chof - "$tardir" | eval GZIP= gzip --best -c >fn99subdir-1.0.tar.gz
make[2]: Leaving directory '/sources/automake-1.16.1/t/fn99subdir.dir/fn99subdir-1.0/_build/sub'
if test -d "fn99subdir-1.0"; then find "fn99subdir-1.0" -type d ! -perm -200 -exec chmod u+w {} ';' && rm -rf "fn99subdir-1.0" || { sleep 5 && rm -rf "fn99subdir-1.0"; }; else :; fi
make[1]: Leaving directory '/sources/automake-1.16.1/t/fn99subdir.dir/fn99subdir-1.0/_build/sub'
make[1]: Entering directory '/sources/automake-1.16.1/t/fn99subdir.dir/fn99subdir-1.0/_build/sub'
Making distclean in cnfsubdir
make[2]: Entering directory '/sources/automake-1.16.1/t/fn99subdir.dir/fn99subdir-1.0/_build/sub/cnfsubdir'
test -z "" || rm -f 
test . = "../../../cnfsubdir" || test -z "" || rm -f 
rm -f config.status config.cache config.log configure.lineno config.status.lineno
rm -f Makefile
make[2]: Leaving directory '/sources/automake-1.16.1/t/fn99subdir.dir/fn99subdir-1.0/_build/sub/cnfsubdir'
make[2]: Entering directory '/sources/automake-1.16.1/t/fn99subdir.dir/fn99subdir-1.0/_build/sub'
test -z "" || rm -f 
test . = "../.." || test -z "" || rm -f 
rm -f TAGS ID GTAGS GRTAGS GSYMS GPATH tags
rm -f cscope.out cscope.in.out cscope.po.out cscope.files
make[2]: Leaving directory '/sources/automake-1.16.1/t/fn99subdir.dir/fn99subdir-1.0/_build/sub'
rm -f config.status config.cache config.log configure.lineno config.status.lineno
rm -f Makefile
make[1]: Leaving directory '/sources/automake-1.16.1/t/fn99subdir.dir/fn99subdir-1.0/_build/sub'
if test -d "fn99subdir-1.0"; then find "fn99subdir-1.0" -type d ! -perm -200 -exec chmod u+w {} ';' && rm -rf "fn99subdir-1.0" || { sleep 5 && rm -rf "fn99subdir-1.0"; }; else :; fi
================================================
fn99subdir-1.0 archives ready for distribution: 
fn99subdir-1.0.tar.gz
================================================
+ cd cnfsubdir
+ for i in 1 2 3 4 5 6 7 8 9
+ mkdir -p 12345678
+ cd 12345678
+ touch x
+ for i in 1 2 3 4 5 6 7 8 9
+ mkdir -p 12345678
+ cd 12345678
+ touch x
+ for i in 1 2 3 4 5 6 7 8 9
+ mkdir -p 12345678
+ cd 12345678
+ touch x
+ for i in 1 2 3 4 5 6 7 8 9
+ mkdir -p 12345678
+ cd 12345678
+ touch x
+ for i in 1 2 3 4 5 6 7 8 9
+ mkdir -p 12345678
+ cd 12345678
+ touch x
+ for i in 1 2 3 4 5 6 7 8 9
+ mkdir -p 12345678
+ cd 12345678
+ touch x
+ for i in 1 2 3 4 5 6 7 8 9
+ mkdir -p 12345678
+ cd 12345678
+ touch x
+ for i in 1 2 3 4 5 6 7 8 9
+ mkdir -p 12345678
+ cd 12345678
+ touch x
+ for i in 1 2 3 4 5 6 7 8 9
+ mkdir -p 12345678
+ cd 12345678
+ touch x
+ run_make -E -e FAIL dist
+ am__make_redirect_stdout=no
+ am__make_redirect_stderr=no
+ am__make_redirect_stdall=no
+ am__make_flags=
+ am__make_rc_exp=0
+ am_make_rc=0
+ test 4 -gt 0
+ case $1 in
+ am__make_redirect_stderr=yes
+ shift
+ test 3 -gt 0
+ case $1 in
+ am__make_rc_exp=FAIL
+ shift
+ shift
+ test 1 -gt 0
+ case $1 in
+ break
+ using_gmake
+ case $am__using_gmake in
+ make --version -v
+ grep GNU
GNU Make 4.2.1
License GPLv3+: GNU GPL version 3 or later <http://gnu.org/licenses/gpl.html>
+ am__using_gmake=yes
+ return 0
+ :
+ test x '!=' x
+ : exec make dist
+ set +x
make  dist-gzip am__post_remove_distdir='@:'
make[1]: Entering directory '/sources/automake-1.16.1/t/fn99subdir.dir'
make  distdir-am
make[2]: Entering directory '/sources/automake-1.16.1/t/fn99subdir.dir'
if test -d "fn99subdir-1.0"; then find "fn99subdir-1.0" -type d ! -perm -200 -exec chmod u+w {} ';' && rm -rf "fn99subdir-1.0" || { sleep 5 && rm -rf "fn99subdir-1.0"; }; else :; fi
test -d "fn99subdir-1.0" || mkdir "fn99subdir-1.0"
 (cd cnfsubdir && make  top_distdir=../fn99subdir-1.0 distdir=../fn99subdir-1.0/cnfsubdir \
     am__remove_distdir=: am__skip_length_check=: am__skip_mode_fix=: distdir)
make[3]: Entering directory '/sources/automake-1.16.1/t/fn99subdir.dir/cnfsubdir'
make  distdir-am
make[4]: Entering directory '/sources/automake-1.16.1/t/fn99subdir.dir/cnfsubdir'
:
test -d "../fn99subdir-1.0/cnfsubdir" || mkdir "../fn99subdir-1.0/cnfsubdir"
test -n ":" \
|| find "../fn99subdir-1.0/cnfsubdir" -type d ! -perm -755 \
	-exec chmod u+rwx,go+rx {} \; -o \
  ! -type d ! -perm -444 -links 1 -exec chmod a+r {} \; -o \
  ! -type d ! -perm -400 -exec chmod a+r {} \; -o \
  ! -type d ! -perm -444 -exec /bin/sh /sources/automake-1.16.1/t/fn99subdir.dir/install-sh -c -m a+r {} {} \; \
|| chmod -R a+r "../fn99subdir-1.0/cnfsubdir"
make[4]: Leaving directory '/sources/automake-1.16.1/t/fn99subdir.dir/cnfsubdir'
make[3]: Leaving directory '/sources/automake-1.16.1/t/fn99subdir.dir/cnfsubdir'
test -n "" \
|| find "fn99subdir-1.0" -type d ! -perm -755 \
	-exec chmod u+rwx,go+rx {} \; -o \
  ! -type d ! -perm -444 -links 1 -exec chmod a+r {} \; -o \
  ! -type d ! -perm -400 -exec chmod a+r {} \; -o \
  ! -type d ! -perm -444 -exec /bin/sh /sources/automake-1.16.1/t/fn99subdir.dir/install-sh -c -m a+r {} {} \; \
|| chmod -R a+r "fn99subdir-1.0"
make[2]: Leaving directory '/sources/automake-1.16.1/t/fn99subdir.dir'
make[1]: Leaving directory '/sources/automake-1.16.1/t/fn99subdir.dir'
+ am_make_rc=2
+ test 2 -eq 253
+ test no = yes
+ test no = yes
+ test yes = yes
+ cat stderr
fn99subdir-1.0/cnfsubdir/12345678/12345678/12345678/12345678/12345678/12345678/12345678/12345678/12345678/x
error: the above filenames are too long
make[2]: *** [Makefile:428: distdir-am] Error 1
make[1]: *** [Makefile:420: distdir] Error 2
make: *** [Makefile:527: dist] Error 2
+ case $am__make_rc_exp in
+ test 2 -gt 0
+ grep 'filenames are too long' stderr
error: the above filenames are too long
++ grep -c 12345678 stderr
+ test 1 -eq 1
+ :
+ am_exit_trap 0
+ exit_status=0
+ set +e
+ cd /sources/automake-1.16.1
+ test none = tap
+ case $am_explicit_skips in
+ test 0 -eq 0
+ am_keeping_testdirs
+ case $keep_testdirs in
+ return 1
+ rm_rf_ t/fn99subdir.dir
+ test 1 -gt 0
+ /usr/bin/perl /sources/automake-1.16.1/t/ax/deltree.pl t/fn99subdir.dir
+ set +x
PASS t/fn99subdir.sh (exit status: 0)
