Running from installcheck: no
Test Protocol: none
PATH = /sources/automake-1.16.1/bin:/sources/automake-1.16.1/t/ax:/bin:/usr/bin:/sbin:/usr/sbin:/tools/bin
++ pwd
/sources/automake-1.16.1/t/forcemiss2.dir
+ rm -f install-sh
+ echo zot
+ cp foo foo2
+ ln -s foo2 install-sh
+ :
+ aclocal-1.16 -Werror
+ ls -l install-sh
lrwxrwxrwx 1 root root 4 Nov 27 06:41 install-sh -> foo2
+ automake-1.16 --foreign -Werror -Wall --add-missing --force-missing
+ ls -l install-sh
lrwxrwxrwx 1 root root 39 Nov 27 06:41 install-sh -> /sources/automake-1.16.1/lib/install-sh
+ test -f install-sh
+ grep zot install-sh
+ diff foo foo2
+ :
+ am_exit_trap 0
+ exit_status=0
+ set +e
+ cd /sources/automake-1.16.1
+ test none = tap
+ case $am_explicit_skips in
+ test 0 -eq 0
+ am_keeping_testdirs
+ case $keep_testdirs in
+ return 1
+ rm_rf_ t/forcemiss2.dir
+ test 1 -gt 0
+ /usr/bin/perl /sources/automake-1.16.1/t/ax/deltree.pl t/forcemiss2.dir
+ set +x
PASS t/forcemiss2.sh (exit status: 0)
