Running from installcheck: no
Test Protocol: none
PATH = /sources/automake-1.16.1/bin:/sources/automake-1.16.1/t/ax:/bin:/usr/bin:/sbin:/usr/sbin:/tools/bin
++ pwd
/sources/automake-1.16.1/t/hdr-vars-defined-once.dir
+ cat
+ cat
+ id=0c35bbde7c95b569a
+ echo '# 0c35bbde7c95b569a'
+ aclocal-1.16 -Werror
+ automake-1.16 --foreign -Werror -Wall
++ grep -c '^srcdir' Makefile.in
+ test 1 -eq 1
+ autoconf
+ ./configure
checking for a BSD-compatible install... /usr/bin/install -c
checking whether build environment is sane... yes
checking for a thread-safe mkdir -p... /tools/bin/mkdir -p
checking for gawk... gawk
checking whether make sets $(MAKE)... yes
checking whether make supports nested variables... yes
checking that generated files are newer than configure... done
configure: creating ./config.status
config.status: creating Makefile
+ make test-distcommon
echo ' ' ./Makefile.am ./configure ./configure.ac  ./aclocal.m4 ./Makefile.in ./Will_Be_Included_In_Makefile compile depcomp install-sh missing ' ' \
          | grep '[ /]Will_Be_Included_In_Makefile '
  ./Makefile.am ./configure ./configure.ac ./aclocal.m4 ./Makefile.in ./Will_Be_Included_In_Makefile compile depcomp install-sh missing  
+ make distdir
make  distdir-am
make[1]: Entering directory '/sources/automake-1.16.1/t/hdr-vars-defined-once.dir'
if test -d "hdr-vars-defined-once-1.0"; then find "hdr-vars-defined-once-1.0" -type d ! -perm -200 -exec chmod u+w {} ';' && rm -rf "hdr-vars-defined-once-1.0" || { sleep 5 && rm -rf "hdr-vars-defined-once-1.0"; }; else :; fi
test -d "hdr-vars-defined-once-1.0" || mkdir "hdr-vars-defined-once-1.0"
test -n "" \
|| find "hdr-vars-defined-once-1.0" -type d ! -perm -755 \
	-exec chmod u+rwx,go+rx {} \; -o \
  ! -type d ! -perm -444 -links 1 -exec chmod a+r {} \; -o \
  ! -type d ! -perm -400 -exec chmod a+r {} \; -o \
  ! -type d ! -perm -444 -exec /bin/sh /sources/automake-1.16.1/t/hdr-vars-defined-once.dir/install-sh -c -m a+r {} {} \; \
|| chmod -R a+r "hdr-vars-defined-once-1.0"
make[1]: Leaving directory '/sources/automake-1.16.1/t/hdr-vars-defined-once.dir'
+ grep 0c35bbde7c95b569a hdr-vars-defined-once-1.0/Will_Be_Included_In_Makefile
# 0c35bbde7c95b569a
+ :
+ am_exit_trap 0
+ exit_status=0
+ set +e
+ cd /sources/automake-1.16.1
+ test none = tap
+ case $am_explicit_skips in
+ test 0 -eq 0
+ am_keeping_testdirs
+ case $keep_testdirs in
+ return 1
+ rm_rf_ t/hdr-vars-defined-once.dir
+ test 1 -gt 0
+ /usr/bin/perl /sources/automake-1.16.1/t/ax/deltree.pl t/hdr-vars-defined-once.dir
+ set +x
PASS t/hdr-vars-defined-once.sh (exit status: 0)
