Running from installcheck: no
Test Protocol: none
PATH = /sources/automake-1.16.1/bin:/sources/automake-1.16.1/t/ax:/bin:/usr/bin:/sbin:/usr/sbin:/tools/bin
++ pwd
/sources/automake-1.16.1/t/instdir2.dir
+ cat
+ mkdir sub
+ cat
+ :
+ :
+ :
+ :
+ :
+ :
+ :
+ :
+ :
+ :
+ :
+ :
+ :
+ :
+ :
+ :
+ :
+ :
+ :
+ aclocal-1.16 -Werror
+ autoconf
+ automake-1.16 --foreign -Werror -Wall --add-missing
++ pwd
+ cwd=/sources/automake-1.16.1/t/instdir2.dir
+ instdir=/sources/automake-1.16.1/t/instdir2.dir/inst
+ destdir=/sources/automake-1.16.1/t/instdir2.dir/dest
+ mkdir build
+ cd build
+ ../configure --prefix=/sources/automake-1.16.1/t/instdir2.dir/inst
checking for a BSD-compatible install... /usr/bin/install -c
checking whether build environment is sane... yes
checking for a thread-safe mkdir -p... /tools/bin/mkdir -p
checking for gawk... gawk
checking whether make sets $(MAKE)... yes
checking whether make supports nested variables... yes
checking that generated files are newer than configure... done
configure: creating ./config.status
config.status: creating Makefile
+ make
make: Nothing to be done for 'all'.
+ nulldirs='bindir= datadir= includedir= foodir= bardir= man1dir= man2dir='
+ null_install
+ for am__v in nulldirs destdir instdir
+ eval 'test -n "$nulldirs"'
++ test -n 'bindir= datadir= includedir= foodir= bardir= man1dir= man2dir='
+ for am__v in nulldirs destdir instdir
+ eval 'test -n "$destdir"'
++ test -n /sources/automake-1.16.1/t/instdir2.dir/dest
+ for am__v in nulldirs destdir instdir
+ eval 'test -n "$instdir"'
++ test -n /sources/automake-1.16.1/t/instdir2.dir/inst
+ unset am__v
+ case $#,$1 in
+ am__inst=install
+ run_make bindir= datadir= includedir= foodir= bardir= man1dir= man2dir= install
+ am__make_redirect_stdout=no
+ am__make_redirect_stderr=no
+ am__make_redirect_stdall=no
+ am__make_flags=
+ am__make_rc_exp=0
+ am_make_rc=0
+ test 8 -gt 0
+ case $1 in
+ break
+ using_gmake
+ case $am__using_gmake in
+ make --version -v
+ grep GNU
GNU Make 4.2.1
License GPLv3+: GNU GPL version 3 or later <http://gnu.org/licenses/gpl.html>
+ am__using_gmake=yes
+ return 0
+ :
+ test x '!=' x
+ : exec make bindir= datadir= includedir= foodir= bardir= man1dir= man2dir= install
+ set +x
make[1]: Entering directory '/sources/automake-1.16.1/t/instdir2.dir/build'
make[1]: Leaving directory '/sources/automake-1.16.1/t/instdir2.dir/build'
+ test 0 -eq 253
+ test no = yes
+ test no = yes
+ test no = yes
+ case $am__make_rc_exp in
+ test 0 -ge 0
+ test 0 -le 255
+ test 0 -eq 0
+ test '!' -e /sources/automake-1.16.1/t/instdir2.dir/inst
+ run_make bindir= datadir= includedir= foodir= bardir= man1dir= man2dir= install DESTDIR=/sources/automake-1.16.1/t/instdir2.dir/dest
+ am__make_redirect_stdout=no
+ am__make_redirect_stderr=no
+ am__make_redirect_stdall=no
+ am__make_flags=
+ am__make_rc_exp=0
+ am_make_rc=0
+ test 9 -gt 0
+ case $1 in
+ break
+ using_gmake
+ case $am__using_gmake in
+ return 0
+ :
+ test x '!=' x
+ : exec make bindir= datadir= includedir= foodir= bardir= man1dir= man2dir= install DESTDIR=/sources/automake-1.16.1/t/instdir2.dir/dest
+ set +x
make[1]: Entering directory '/sources/automake-1.16.1/t/instdir2.dir/build'
make[1]: Leaving directory '/sources/automake-1.16.1/t/instdir2.dir/build'
+ test 0 -eq 253
+ test no = yes
+ test no = yes
+ test no = yes
+ case $am__make_rc_exp in
+ test 0 -ge 0
+ test 0 -le 255
+ test 0 -eq 0
+ test '!' -e /sources/automake-1.16.1/t/instdir2.dir/inst
+ test '!' -e /sources/automake-1.16.1/t/instdir2.dir/dest
+ run_make -M bindir= datadir= includedir= foodir= bardir= man1dir= man2dir= uninstall
+ am__make_redirect_stdout=no
+ am__make_redirect_stderr=no
+ am__make_redirect_stdall=no
+ am__make_flags=
+ am__make_rc_exp=0
+ am_make_rc=0
+ test 9 -gt 0
+ case $1 in
+ am__make_redirect_stdall=yes
+ shift
+ test 8 -gt 0
+ case $1 in
+ break
+ using_gmake
+ case $am__using_gmake in
+ return 0
+ :
+ test x '!=' x
+ : exec make bindir= datadir= includedir= foodir= bardir= man1dir= man2dir= uninstall
+ set +x
+ test 0 -eq 253
+ test yes = yes
+ cat output
+ case $am__make_rc_exp in
+ test 0 -ge 0
+ test 0 -le 255
+ test 0 -eq 0
+ grep 'rm ' output
+ run_make -M bindir= datadir= includedir= foodir= bardir= man1dir= man2dir= uninstall DESTDIR=/sources/automake-1.16.1/t/instdir2.dir/dest
+ am__make_redirect_stdout=no
+ am__make_redirect_stderr=no
+ am__make_redirect_stdall=no
+ am__make_flags=
+ am__make_rc_exp=0
+ am_make_rc=0
+ test 10 -gt 0
+ case $1 in
+ am__make_redirect_stdall=yes
+ shift
+ test 9 -gt 0
+ case $1 in
+ break
+ using_gmake
+ case $am__using_gmake in
+ return 0
+ :
+ test x '!=' x
+ : exec make bindir= datadir= includedir= foodir= bardir= man1dir= man2dir= uninstall DESTDIR=/sources/automake-1.16.1/t/instdir2.dir/dest
+ set +x
+ test 0 -eq 253
+ test yes = yes
+ cat output
+ case $am__make_rc_exp in
+ test 0 -ge 0
+ test 0 -le 255
+ test 0 -eq 0
+ grep 'rm ' output
+ :
+ :
+ am_exit_trap 0
+ exit_status=0
+ set +e
+ cd /sources/automake-1.16.1
+ test none = tap
+ case $am_explicit_skips in
+ test 0 -eq 0
+ am_keeping_testdirs
+ case $keep_testdirs in
+ return 1
+ rm_rf_ t/instdir2.dir
+ test 1 -gt 0
+ /usr/bin/perl /sources/automake-1.16.1/t/ax/deltree.pl t/instdir2.dir
+ set +x
PASS t/instdir2.sh (exit status: 0)
