Running from installcheck: no
Test Protocol: none
PATH = /sources/automake-1.16.1/bin:/sources/automake-1.16.1/t/ax:/bin:/usr/bin:/sbin:/usr/sbin:/tools/bin
++ pwd
/sources/automake-1.16.1/t/instfail.dir
+ cat
+ cat
+ for n in 1 2 3
+ echo 'int main () { return 0; }'
+ echo 'int main () { return 0; }'
+ echo 'int foo1 () { return 0; }'
+ echo 'int foon1 () { return 0; }'
+ echo
+ echo
+ for n in 1 2 3
+ echo 'int main () { return 0; }'
+ echo 'int main () { return 0; }'
+ echo 'int foo2 () { return 0; }'
+ echo 'int foon2 () { return 0; }'
+ echo
+ echo
+ for n in 1 2 3
+ echo 'int main () { return 0; }'
+ echo 'int main () { return 0; }'
+ echo 'int foo3 () { return 0; }'
+ echo 'int foon3 () { return 0; }'
+ echo
+ echo
+ aclocal-1.16 -Werror
+ autoconf
+ automake-1.16 --foreign -Werror -Wall --add-missing
configure.ac:5: installing './ar-lib'
++ pwd
+ instdir=/sources/automake-1.16.1/t/instfail.dir/inst
+ ./configure --prefix=/sources/automake-1.16.1/t/instfail.dir/inst
checking for a BSD-compatible install... /usr/bin/install -c
checking whether build environment is sane... yes
checking for a thread-safe mkdir -p... /tools/bin/mkdir -p
checking for gawk... gawk
checking whether make sets $(MAKE)... yes
checking whether make supports nested variables... yes
checking for gcc... cc
checking whether the C compiler works... yes
checking for C compiler default output file name... a.out
checking for suffix of executables... 
checking whether we are cross compiling... no
checking for suffix of object files... o
checking whether we are using the GNU C compiler... yes
checking whether cc accepts -g... yes
checking for cc option to accept ISO C89... none needed
checking whether cc understands -c and -o together... yes
checking whether make supports the include directive... yes (GNU style)
checking dependency style of cc... gcc3
checking for ar... ar
checking the archiver (ar) interface... ar
checking for ranlib... ranlib
checking for emacs... no
checking for xemacs... no
checking where .elc files should go... ${datadir}/emacs/site-lisp
checking that generated files are newer than configure... done
configure: creating ./config.status
config.status: creating Makefile
config.status: executing depfiles commands
+ make
cc -DPACKAGE_NAME=\"instfail\" -DPACKAGE_TARNAME=\"instfail\" -DPACKAGE_VERSION=\"1.0\" -DPACKAGE_STRING=\"instfail\ 1.0\" -DPACKAGE_BUGREPORT=\"\" -DPACKAGE_URL=\"\" -DPACKAGE=\"instfail\" -DVERSION=\"1.0\" -I.     -g -O2 -MT prog1.o -MD -MP -MF .deps/prog1.Tpo -c -o prog1.o prog1.c
mv -f .deps/prog1.Tpo .deps/prog1.Po
cc  -g -O2   -o prog1 prog1.o  
cc -DPACKAGE_NAME=\"instfail\" -DPACKAGE_TARNAME=\"instfail\" -DPACKAGE_VERSION=\"1.0\" -DPACKAGE_STRING=\"instfail\ 1.0\" -DPACKAGE_BUGREPORT=\"\" -DPACKAGE_URL=\"\" -DPACKAGE=\"instfail\" -DVERSION=\"1.0\" -I.     -g -O2 -MT prog2.o -MD -MP -MF .deps/prog2.Tpo -c -o prog2.o prog2.c
mv -f .deps/prog2.Tpo .deps/prog2.Po
cc  -g -O2   -o prog2 prog2.o  
cc -DPACKAGE_NAME=\"instfail\" -DPACKAGE_TARNAME=\"instfail\" -DPACKAGE_VERSION=\"1.0\" -DPACKAGE_STRING=\"instfail\ 1.0\" -DPACKAGE_BUGREPORT=\"\" -DPACKAGE_URL=\"\" -DPACKAGE=\"instfail\" -DVERSION=\"1.0\" -I.     -g -O2 -MT prog3.o -MD -MP -MF .deps/prog3.Tpo -c -o prog3.o prog3.c
mv -f .deps/prog3.Tpo .deps/prog3.Po
cc  -g -O2   -o prog3 prog3.o  
cc -DPACKAGE_NAME=\"instfail\" -DPACKAGE_TARNAME=\"instfail\" -DPACKAGE_VERSION=\"1.0\" -DPACKAGE_STRING=\"instfail\ 1.0\" -DPACKAGE_BUGREPORT=\"\" -DPACKAGE_URL=\"\" -DPACKAGE=\"instfail\" -DVERSION=\"1.0\" -I.     -g -O2 -MT progn1.o -MD -MP -MF .deps/progn1.Tpo -c -o progn1.o progn1.c
mv -f .deps/progn1.Tpo .deps/progn1.Po
cc  -g -O2   -o progn1 progn1.o  
cc -DPACKAGE_NAME=\"instfail\" -DPACKAGE_TARNAME=\"instfail\" -DPACKAGE_VERSION=\"1.0\" -DPACKAGE_STRING=\"instfail\ 1.0\" -DPACKAGE_BUGREPORT=\"\" -DPACKAGE_URL=\"\" -DPACKAGE=\"instfail\" -DVERSION=\"1.0\" -I.     -g -O2 -MT progn2.o -MD -MP -MF .deps/progn2.Tpo -c -o progn2.o progn2.c
mv -f .deps/progn2.Tpo .deps/progn2.Po
cc  -g -O2   -o progn2 progn2.o  
cc -DPACKAGE_NAME=\"instfail\" -DPACKAGE_TARNAME=\"instfail\" -DPACKAGE_VERSION=\"1.0\" -DPACKAGE_STRING=\"instfail\ 1.0\" -DPACKAGE_BUGREPORT=\"\" -DPACKAGE_URL=\"\" -DPACKAGE=\"instfail\" -DVERSION=\"1.0\" -I.     -g -O2 -MT progn3.o -MD -MP -MF .deps/progn3.Tpo -c -o progn3.o progn3.c
mv -f .deps/progn3.Tpo .deps/progn3.Po
cc  -g -O2   -o progn3 progn3.o  
cc -DPACKAGE_NAME=\"instfail\" -DPACKAGE_TARNAME=\"instfail\" -DPACKAGE_VERSION=\"1.0\" -DPACKAGE_STRING=\"instfail\ 1.0\" -DPACKAGE_BUGREPORT=\"\" -DPACKAGE_URL=\"\" -DPACKAGE=\"instfail\" -DVERSION=\"1.0\" -I.     -g -O2 -MT lib1.o -MD -MP -MF .deps/lib1.Tpo -c -o lib1.o lib1.c
mv -f .deps/lib1.Tpo .deps/lib1.Po
rm -f lib1.a
ar cru lib1.a lib1.o 
ranlib lib1.a
cc -DPACKAGE_NAME=\"instfail\" -DPACKAGE_TARNAME=\"instfail\" -DPACKAGE_VERSION=\"1.0\" -DPACKAGE_STRING=\"instfail\ 1.0\" -DPACKAGE_BUGREPORT=\"\" -DPACKAGE_URL=\"\" -DPACKAGE=\"instfail\" -DVERSION=\"1.0\" -I.     -g -O2 -MT lib2.o -MD -MP -MF .deps/lib2.Tpo -c -o lib2.o lib2.c
mv -f .deps/lib2.Tpo .deps/lib2.Po
rm -f lib2.a
ar cru lib2.a lib2.o 
ranlib lib2.a
cc -DPACKAGE_NAME=\"instfail\" -DPACKAGE_TARNAME=\"instfail\" -DPACKAGE_VERSION=\"1.0\" -DPACKAGE_STRING=\"instfail\ 1.0\" -DPACKAGE_BUGREPORT=\"\" -DPACKAGE_URL=\"\" -DPACKAGE=\"instfail\" -DVERSION=\"1.0\" -I.     -g -O2 -MT lib3.o -MD -MP -MF .deps/lib3.Tpo -c -o lib3.o lib3.c
mv -f .deps/lib3.Tpo .deps/lib3.Po
rm -f lib3.a
ar cru lib3.a lib3.o 
ranlib lib3.a
cc -DPACKAGE_NAME=\"instfail\" -DPACKAGE_TARNAME=\"instfail\" -DPACKAGE_VERSION=\"1.0\" -DPACKAGE_STRING=\"instfail\ 1.0\" -DPACKAGE_BUGREPORT=\"\" -DPACKAGE_URL=\"\" -DPACKAGE=\"instfail\" -DVERSION=\"1.0\" -I.     -g -O2 -MT libn1.o -MD -MP -MF .deps/libn1.Tpo -c -o libn1.o libn1.c
mv -f .deps/libn1.Tpo .deps/libn1.Po
rm -f libn1.a
ar cru libn1.a libn1.o 
ranlib libn1.a
cc -DPACKAGE_NAME=\"instfail\" -DPACKAGE_TARNAME=\"instfail\" -DPACKAGE_VERSION=\"1.0\" -DPACKAGE_STRING=\"instfail\ 1.0\" -DPACKAGE_BUGREPORT=\"\" -DPACKAGE_URL=\"\" -DPACKAGE=\"instfail\" -DVERSION=\"1.0\" -I.     -g -O2 -MT libn2.o -MD -MP -MF .deps/libn2.Tpo -c -o libn2.o libn2.c
mv -f .deps/libn2.Tpo .deps/libn2.Po
rm -f libn2.a
ar cru libn2.a libn2.o 
ranlib libn2.a
cc -DPACKAGE_NAME=\"instfail\" -DPACKAGE_TARNAME=\"instfail\" -DPACKAGE_VERSION=\"1.0\" -DPACKAGE_STRING=\"instfail\ 1.0\" -DPACKAGE_BUGREPORT=\"\" -DPACKAGE_URL=\"\" -DPACKAGE=\"instfail\" -DVERSION=\"1.0\" -I.     -g -O2 -MT libn3.o -MD -MP -MF .deps/libn3.Tpo -c -o libn3.o libn3.c
mv -f .deps/libn3.Tpo .deps/libn3.Po
rm -f libn3.a
ar cru libn3.a libn3.o 
ranlib libn3.a
if test 'no' != no; then \
  am__dir=. am__subdir_includes=''; \
  case lisp1.elc in */*) \
    am__dir=`echo 'lisp1.elc' | sed 's,/[^/]*$,,'`; \
    am__subdir_includes="-L $am__dir -L ./$am__dir"; \
  esac; \
  test -d "$am__dir" || /tools/bin/mkdir -p "$am__dir" || exit 1; \
  no --batch \
      \
    $am__subdir_includes -L . -L . \
    --eval '(setq byte-compile-dest-file-function (lambda (_) "lisp1.elc"))' \
    -f batch-byte-compile 'lisp1.el'; \
else :; fi
if test 'no' != no; then \
  am__dir=. am__subdir_includes=''; \
  case lisp2.elc in */*) \
    am__dir=`echo 'lisp2.elc' | sed 's,/[^/]*$,,'`; \
    am__subdir_includes="-L $am__dir -L ./$am__dir"; \
  esac; \
  test -d "$am__dir" || /tools/bin/mkdir -p "$am__dir" || exit 1; \
  no --batch \
      \
    $am__subdir_includes -L . -L . \
    --eval '(setq byte-compile-dest-file-function (lambda (_) "lisp2.elc"))' \
    -f batch-byte-compile 'lisp2.el'; \
else :; fi
if test 'no' != no; then \
  am__dir=. am__subdir_includes=''; \
  case lisp3.elc in */*) \
    am__dir=`echo 'lisp3.elc' | sed 's,/[^/]*$,,'`; \
    am__subdir_includes="-L $am__dir -L ./$am__dir"; \
  esac; \
  test -d "$am__dir" || /tools/bin/mkdir -p "$am__dir" || exit 1; \
  no --batch \
      \
    $am__subdir_includes -L . -L . \
    --eval '(setq byte-compile-dest-file-function (lambda (_) "lisp3.elc"))' \
    -f batch-byte-compile 'lisp3.el'; \
else :; fi
if test 'no' != no; then \
  am__dir=. am__subdir_includes=''; \
  case lispn1.elc in */*) \
    am__dir=`echo 'lispn1.elc' | sed 's,/[^/]*$,,'`; \
    am__subdir_includes="-L $am__dir -L ./$am__dir"; \
  esac; \
  test -d "$am__dir" || /tools/bin/mkdir -p "$am__dir" || exit 1; \
  no --batch \
      \
    $am__subdir_includes -L . -L . \
    --eval '(setq byte-compile-dest-file-function (lambda (_) "lispn1.elc"))' \
    -f batch-byte-compile 'lispn1.el'; \
else :; fi
if test 'no' != no; then \
  am__dir=. am__subdir_includes=''; \
  case lispn2.elc in */*) \
    am__dir=`echo 'lispn2.elc' | sed 's,/[^/]*$,,'`; \
    am__subdir_includes="-L $am__dir -L ./$am__dir"; \
  esac; \
  test -d "$am__dir" || /tools/bin/mkdir -p "$am__dir" || exit 1; \
  no --batch \
      \
    $am__subdir_includes -L . -L . \
    --eval '(setq byte-compile-dest-file-function (lambda (_) "lispn2.elc"))' \
    -f batch-byte-compile 'lispn2.el'; \
else :; fi
if test 'no' != no; then \
  am__dir=. am__subdir_includes=''; \
  case lispn3.elc in */*) \
    am__dir=`echo 'lispn3.elc' | sed 's,/[^/]*$,,'`; \
    am__subdir_includes="-L $am__dir -L ./$am__dir"; \
  esac; \
  test -d "$am__dir" || /tools/bin/mkdir -p "$am__dir" || exit 1; \
  no --batch \
      \
    $am__subdir_includes -L . -L . \
    --eval '(setq byte-compile-dest-file-function (lambda (_) "lispn3.elc"))' \
    -f batch-byte-compile 'lispn3.el'; \
else :; fi
+ make install
if test 'no' != no; then \
  am__dir=. am__subdir_includes=''; \
  case lisp1.elc in */*) \
    am__dir=`echo 'lisp1.elc' | sed 's,/[^/]*$,,'`; \
    am__subdir_includes="-L $am__dir -L ./$am__dir"; \
  esac; \
  test -d "$am__dir" || /tools/bin/mkdir -p "$am__dir" || exit 1; \
  no --batch \
      \
    $am__subdir_includes -L . -L . \
    --eval '(setq byte-compile-dest-file-function (lambda (_) "lisp1.elc"))' \
    -f batch-byte-compile 'lisp1.el'; \
else :; fi
if test 'no' != no; then \
  am__dir=. am__subdir_includes=''; \
  case lisp2.elc in */*) \
    am__dir=`echo 'lisp2.elc' | sed 's,/[^/]*$,,'`; \
    am__subdir_includes="-L $am__dir -L ./$am__dir"; \
  esac; \
  test -d "$am__dir" || /tools/bin/mkdir -p "$am__dir" || exit 1; \
  no --batch \
      \
    $am__subdir_includes -L . -L . \
    --eval '(setq byte-compile-dest-file-function (lambda (_) "lisp2.elc"))' \
    -f batch-byte-compile 'lisp2.el'; \
else :; fi
if test 'no' != no; then \
  am__dir=. am__subdir_includes=''; \
  case lisp3.elc in */*) \
    am__dir=`echo 'lisp3.elc' | sed 's,/[^/]*$,,'`; \
    am__subdir_includes="-L $am__dir -L ./$am__dir"; \
  esac; \
  test -d "$am__dir" || /tools/bin/mkdir -p "$am__dir" || exit 1; \
  no --batch \
      \
    $am__subdir_includes -L . -L . \
    --eval '(setq byte-compile-dest-file-function (lambda (_) "lisp3.elc"))' \
    -f batch-byte-compile 'lisp3.el'; \
else :; fi
if test 'no' != no; then \
  am__dir=. am__subdir_includes=''; \
  case lispn1.elc in */*) \
    am__dir=`echo 'lispn1.elc' | sed 's,/[^/]*$,,'`; \
    am__subdir_includes="-L $am__dir -L ./$am__dir"; \
  esac; \
  test -d "$am__dir" || /tools/bin/mkdir -p "$am__dir" || exit 1; \
  no --batch \
      \
    $am__subdir_includes -L . -L . \
    --eval '(setq byte-compile-dest-file-function (lambda (_) "lispn1.elc"))' \
    -f batch-byte-compile 'lispn1.el'; \
else :; fi
if test 'no' != no; then \
  am__dir=. am__subdir_includes=''; \
  case lispn2.elc in */*) \
    am__dir=`echo 'lispn2.elc' | sed 's,/[^/]*$,,'`; \
    am__subdir_includes="-L $am__dir -L ./$am__dir"; \
  esac; \
  test -d "$am__dir" || /tools/bin/mkdir -p "$am__dir" || exit 1; \
  no --batch \
      \
    $am__subdir_includes -L . -L . \
    --eval '(setq byte-compile-dest-file-function (lambda (_) "lispn2.elc"))' \
    -f batch-byte-compile 'lispn2.el'; \
else :; fi
if test 'no' != no; then \
  am__dir=. am__subdir_includes=''; \
  case lispn3.elc in */*) \
    am__dir=`echo 'lispn3.elc' | sed 's,/[^/]*$,,'`; \
    am__subdir_includes="-L $am__dir -L ./$am__dir"; \
  esac; \
  test -d "$am__dir" || /tools/bin/mkdir -p "$am__dir" || exit 1; \
  no --batch \
      \
    $am__subdir_includes -L . -L . \
    --eval '(setq byte-compile-dest-file-function (lambda (_) "lispn3.elc"))' \
    -f batch-byte-compile 'lispn3.el'; \
else :; fi
make[1]: Entering directory '/sources/automake-1.16.1/t/instfail.dir'
 /tools/bin/mkdir -p '/sources/automake-1.16.1/t/instfail.dir/inst/bin'
  /usr/bin/install -c prog1 prog2 prog3 '/sources/automake-1.16.1/t/instfail.dir/inst/bin'
 /tools/bin/mkdir -p '/sources/automake-1.16.1/t/instfail.dir/inst/lib'
 /usr/bin/install -c -m 644  lib1.a lib2.a lib3.a '/sources/automake-1.16.1/t/instfail.dir/inst/lib'
 ( cd '/sources/automake-1.16.1/t/instfail.dir/inst/lib' && ranlib lib1.a )
 ( cd '/sources/automake-1.16.1/t/instfail.dir/inst/lib' && ranlib lib2.a )
 ( cd '/sources/automake-1.16.1/t/instfail.dir/inst/lib' && ranlib lib3.a )
 /tools/bin/mkdir -p '/sources/automake-1.16.1/t/instfail.dir/inst/bin'
  /usr/bin/install -c progn1 progn2 progn3 '/sources/automake-1.16.1/t/instfail.dir/inst/bin'
 /tools/bin/mkdir -p '/sources/automake-1.16.1/t/instfail.dir/inst/lib'
 /usr/bin/install -c -m 644  libn1.a libn2.a libn3.a '/sources/automake-1.16.1/t/instfail.dir/inst/lib/.'
 ( cd '/sources/automake-1.16.1/t/instfail.dir/inst/lib' && ranlib libn1.a )
 ( cd '/sources/automake-1.16.1/t/instfail.dir/inst/lib' && ranlib libn2.a )
 ( cd '/sources/automake-1.16.1/t/instfail.dir/inst/lib' && ranlib libn3.a )
if test 'no' != no; then \
  am__dir=. am__subdir_includes=''; \
  case lisp1.elc in */*) \
    am__dir=`echo 'lisp1.elc' | sed 's,/[^/]*$,,'`; \
    am__subdir_includes="-L $am__dir -L ./$am__dir"; \
  esac; \
  test -d "$am__dir" || /tools/bin/mkdir -p "$am__dir" || exit 1; \
  no --batch \
      \
    $am__subdir_includes -L . -L . \
    --eval '(setq byte-compile-dest-file-function (lambda (_) "lisp1.elc"))' \
    -f batch-byte-compile 'lisp1.el'; \
else :; fi
if test 'no' != no; then \
  am__dir=. am__subdir_includes=''; \
  case lisp2.elc in */*) \
    am__dir=`echo 'lisp2.elc' | sed 's,/[^/]*$,,'`; \
    am__subdir_includes="-L $am__dir -L ./$am__dir"; \
  esac; \
  test -d "$am__dir" || /tools/bin/mkdir -p "$am__dir" || exit 1; \
  no --batch \
      \
    $am__subdir_includes -L . -L . \
    --eval '(setq byte-compile-dest-file-function (lambda (_) "lisp2.elc"))' \
    -f batch-byte-compile 'lisp2.el'; \
else :; fi
if test 'no' != no; then \
  am__dir=. am__subdir_includes=''; \
  case lisp3.elc in */*) \
    am__dir=`echo 'lisp3.elc' | sed 's,/[^/]*$,,'`; \
    am__subdir_includes="-L $am__dir -L ./$am__dir"; \
  esac; \
  test -d "$am__dir" || /tools/bin/mkdir -p "$am__dir" || exit 1; \
  no --batch \
      \
    $am__subdir_includes -L . -L . \
    --eval '(setq byte-compile-dest-file-function (lambda (_) "lisp3.elc"))' \
    -f batch-byte-compile 'lisp3.el'; \
else :; fi
if test 'no' != no; then \
  am__dir=. am__subdir_includes=''; \
  case lispn1.elc in */*) \
    am__dir=`echo 'lispn1.elc' | sed 's,/[^/]*$,,'`; \
    am__subdir_includes="-L $am__dir -L ./$am__dir"; \
  esac; \
  test -d "$am__dir" || /tools/bin/mkdir -p "$am__dir" || exit 1; \
  no --batch \
      \
    $am__subdir_includes -L . -L . \
    --eval '(setq byte-compile-dest-file-function (lambda (_) "lispn1.elc"))' \
    -f batch-byte-compile 'lispn1.el'; \
else :; fi
if test 'no' != no; then \
  am__dir=. am__subdir_includes=''; \
  case lispn2.elc in */*) \
    am__dir=`echo 'lispn2.elc' | sed 's,/[^/]*$,,'`; \
    am__subdir_includes="-L $am__dir -L ./$am__dir"; \
  esac; \
  test -d "$am__dir" || /tools/bin/mkdir -p "$am__dir" || exit 1; \
  no --batch \
      \
    $am__subdir_includes -L . -L . \
    --eval '(setq byte-compile-dest-file-function (lambda (_) "lispn2.elc"))' \
    -f batch-byte-compile 'lispn2.el'; \
else :; fi
if test 'no' != no; then \
  am__dir=. am__subdir_includes=''; \
  case lispn3.elc in */*) \
    am__dir=`echo 'lispn3.elc' | sed 's,/[^/]*$,,'`; \
    am__subdir_includes="-L $am__dir -L ./$am__dir"; \
  esac; \
  test -d "$am__dir" || /tools/bin/mkdir -p "$am__dir" || exit 1; \
  no --batch \
      \
    $am__subdir_includes -L . -L . \
    --eval '(setq byte-compile-dest-file-function (lambda (_) "lispn3.elc"))' \
    -f batch-byte-compile 'lispn3.el'; \
else :; fi
make[1]: Leaving directory '/sources/automake-1.16.1/t/instfail.dir'
+ make uninstall
 ( cd '/sources/automake-1.16.1/t/instfail.dir/inst/bin' && rm -f prog1 prog2 prog3 )
 ( cd '/sources/automake-1.16.1/t/instfail.dir/inst/lib' && rm -f lib1.a lib2.a lib3.a )
 ( cd '/sources/automake-1.16.1/t/instfail.dir/inst/bin' && rm -f progn1 progn2 progn3 )
 ( cd '/sources/automake-1.16.1/t/instfail.dir/inst/lib' && rm -f libn1.a libn2.a libn3.a )
+ for file in lib1.a libn1.a
+ chmod a-r lib1.a
+ test '!' -r lib1.a
+ skip_ 'cannot drop file read permissions'
+ warn_ 'instfail: skipped test: cannot drop file read permissions'
+ echo 'instfail: skipped test: cannot drop file read permissions'
+ _am_exit 77
+ set +e
+ test 77 = 77
+ am__test_skipped=yes
+ exit 77
+ exit 77
+ am_exit_trap 77
+ exit_status=77
+ set +e
+ cd /sources/automake-1.16.1
+ test none = tap
+ case $am_explicit_skips in
+ test 77 -eq 0
+ keep_testdirs=yes
+ am_keeping_testdirs
+ case $keep_testdirs in
+ return 0
+ set +x
SKIP t/instfail.sh (exit status: 77)
