Running from installcheck: no
Test Protocol: none
PATH = /sources/automake-1.16.1/bin:/sources/automake-1.16.1/t/ax:/bin:/usr/bin:/sbin:/usr/sbin:/tools/bin
++ pwd
/sources/automake-1.16.1/t/instdir-no-empty.dir
+ cat
+ cat
+ for dir in sbin bin libexec pkglibexec myexec
+ for dst in '' dist_ nodist_
+ echo 'sbin_SCRIPTS ='
+ for dst in '' dist_ nodist_
+ echo 'dist_sbin_SCRIPTS ='
+ for dst in '' dist_ nodist_
+ echo 'nodist_sbin_SCRIPTS ='
+ echo 'sbin_PROGRAMS ='
+ for dir in sbin bin libexec pkglibexec myexec
+ for dst in '' dist_ nodist_
+ echo 'bin_SCRIPTS ='
+ for dst in '' dist_ nodist_
+ echo 'dist_bin_SCRIPTS ='
+ for dst in '' dist_ nodist_
+ echo 'nodist_bin_SCRIPTS ='
+ echo 'bin_PROGRAMS ='
+ for dir in sbin bin libexec pkglibexec myexec
+ for dst in '' dist_ nodist_
+ echo 'libexec_SCRIPTS ='
+ for dst in '' dist_ nodist_
+ echo 'dist_libexec_SCRIPTS ='
+ for dst in '' dist_ nodist_
+ echo 'nodist_libexec_SCRIPTS ='
+ echo 'libexec_PROGRAMS ='
+ for dir in sbin bin libexec pkglibexec myexec
+ for dst in '' dist_ nodist_
+ echo 'pkglibexec_SCRIPTS ='
+ for dst in '' dist_ nodist_
+ echo 'dist_pkglibexec_SCRIPTS ='
+ for dst in '' dist_ nodist_
+ echo 'nodist_pkglibexec_SCRIPTS ='
+ echo 'pkglibexec_PROGRAMS ='
+ for dir in sbin bin libexec pkglibexec myexec
+ for dst in '' dist_ nodist_
+ echo 'myexec_SCRIPTS ='
+ for dst in '' dist_ nodist_
+ echo 'dist_myexec_SCRIPTS ='
+ for dst in '' dist_ nodist_
+ echo 'nodist_myexec_SCRIPTS ='
+ echo 'myexec_PROGRAMS ='
+ for dir in lib pkglib myexec my
+ echo 'lib_LIBRARIES ='
+ echo 'lib_LTLIBRARIES ='
+ for dir in lib pkglib myexec my
+ echo 'pkglib_LIBRARIES ='
+ echo 'pkglib_LTLIBRARIES ='
+ for dir in lib pkglib myexec my
+ echo 'myexec_LIBRARIES ='
+ echo 'myexec_LTLIBRARIES ='
+ for dir in lib pkglib myexec my
+ echo 'my_LIBRARIES ='
+ echo 'my_LTLIBRARIES ='
+ for p1 in '' notrans_
+ for p2 in '' dist_ nodist_
+ for s in '' 1 2 3 4 5 6 7 8 9
+ echo 'man_MANS ='
+ for s in '' 1 2 3 4 5 6 7 8 9
+ echo 'man1_MANS ='
+ for s in '' 1 2 3 4 5 6 7 8 9
+ echo 'man2_MANS ='
+ for s in '' 1 2 3 4 5 6 7 8 9
+ echo 'man3_MANS ='
+ for s in '' 1 2 3 4 5 6 7 8 9
+ echo 'man4_MANS ='
+ for s in '' 1 2 3 4 5 6 7 8 9
+ echo 'man5_MANS ='
+ for s in '' 1 2 3 4 5 6 7 8 9
+ echo 'man6_MANS ='
+ for s in '' 1 2 3 4 5 6 7 8 9
+ echo 'man7_MANS ='
+ for s in '' 1 2 3 4 5 6 7 8 9
+ echo 'man8_MANS ='
+ for s in '' 1 2 3 4 5 6 7 8 9
+ echo 'man9_MANS ='
+ for p2 in '' dist_ nodist_
+ for s in '' 1 2 3 4 5 6 7 8 9
+ echo 'dist_man_MANS ='
+ for s in '' 1 2 3 4 5 6 7 8 9
+ echo 'dist_man1_MANS ='
+ for s in '' 1 2 3 4 5 6 7 8 9
+ echo 'dist_man2_MANS ='
+ for s in '' 1 2 3 4 5 6 7 8 9
+ echo 'dist_man3_MANS ='
+ for s in '' 1 2 3 4 5 6 7 8 9
+ echo 'dist_man4_MANS ='
+ for s in '' 1 2 3 4 5 6 7 8 9
+ echo 'dist_man5_MANS ='
+ for s in '' 1 2 3 4 5 6 7 8 9
+ echo 'dist_man6_MANS ='
+ for s in '' 1 2 3 4 5 6 7 8 9
+ echo 'dist_man7_MANS ='
+ for s in '' 1 2 3 4 5 6 7 8 9
+ echo 'dist_man8_MANS ='
+ for s in '' 1 2 3 4 5 6 7 8 9
+ echo 'dist_man9_MANS ='
+ for p2 in '' dist_ nodist_
+ for s in '' 1 2 3 4 5 6 7 8 9
+ echo 'nodist_man_MANS ='
+ for s in '' 1 2 3 4 5 6 7 8 9
+ echo 'nodist_man1_MANS ='
+ for s in '' 1 2 3 4 5 6 7 8 9
+ echo 'nodist_man2_MANS ='
+ for s in '' 1 2 3 4 5 6 7 8 9
+ echo 'nodist_man3_MANS ='
+ for s in '' 1 2 3 4 5 6 7 8 9
+ echo 'nodist_man4_MANS ='
+ for s in '' 1 2 3 4 5 6 7 8 9
+ echo 'nodist_man5_MANS ='
+ for s in '' 1 2 3 4 5 6 7 8 9
+ echo 'nodist_man6_MANS ='
+ for s in '' 1 2 3 4 5 6 7 8 9
+ echo 'nodist_man7_MANS ='
+ for s in '' 1 2 3 4 5 6 7 8 9
+ echo 'nodist_man8_MANS ='
+ for s in '' 1 2 3 4 5 6 7 8 9
+ echo 'nodist_man9_MANS ='
+ for p1 in '' notrans_
+ for p2 in '' dist_ nodist_
+ for s in '' 1 2 3 4 5 6 7 8 9
+ echo 'notrans_man_MANS ='
+ for s in '' 1 2 3 4 5 6 7 8 9
+ echo 'notrans_man1_MANS ='
+ for s in '' 1 2 3 4 5 6 7 8 9
+ echo 'notrans_man2_MANS ='
+ for s in '' 1 2 3 4 5 6 7 8 9
+ echo 'notrans_man3_MANS ='
+ for s in '' 1 2 3 4 5 6 7 8 9
+ echo 'notrans_man4_MANS ='
+ for s in '' 1 2 3 4 5 6 7 8 9
+ echo 'notrans_man5_MANS ='
+ for s in '' 1 2 3 4 5 6 7 8 9
+ echo 'notrans_man6_MANS ='
+ for s in '' 1 2 3 4 5 6 7 8 9
+ echo 'notrans_man7_MANS ='
+ for s in '' 1 2 3 4 5 6 7 8 9
+ echo 'notrans_man8_MANS ='
+ for s in '' 1 2 3 4 5 6 7 8 9
+ echo 'notrans_man9_MANS ='
+ for p2 in '' dist_ nodist_
+ for s in '' 1 2 3 4 5 6 7 8 9
+ echo 'notrans_dist_man_MANS ='
+ for s in '' 1 2 3 4 5 6 7 8 9
+ echo 'notrans_dist_man1_MANS ='
+ for s in '' 1 2 3 4 5 6 7 8 9
+ echo 'notrans_dist_man2_MANS ='
+ for s in '' 1 2 3 4 5 6 7 8 9
+ echo 'notrans_dist_man3_MANS ='
+ for s in '' 1 2 3 4 5 6 7 8 9
+ echo 'notrans_dist_man4_MANS ='
+ for s in '' 1 2 3 4 5 6 7 8 9
+ echo 'notrans_dist_man5_MANS ='
+ for s in '' 1 2 3 4 5 6 7 8 9
+ echo 'notrans_dist_man6_MANS ='
+ for s in '' 1 2 3 4 5 6 7 8 9
+ echo 'notrans_dist_man7_MANS ='
+ for s in '' 1 2 3 4 5 6 7 8 9
+ echo 'notrans_dist_man8_MANS ='
+ for s in '' 1 2 3 4 5 6 7 8 9
+ echo 'notrans_dist_man9_MANS ='
+ for p2 in '' dist_ nodist_
+ for s in '' 1 2 3 4 5 6 7 8 9
+ echo 'notrans_nodist_man_MANS ='
+ for s in '' 1 2 3 4 5 6 7 8 9
+ echo 'notrans_nodist_man1_MANS ='
+ for s in '' 1 2 3 4 5 6 7 8 9
+ echo 'notrans_nodist_man2_MANS ='
+ for s in '' 1 2 3 4 5 6 7 8 9
+ echo 'notrans_nodist_man3_MANS ='
+ for s in '' 1 2 3 4 5 6 7 8 9
+ echo 'notrans_nodist_man4_MANS ='
+ for s in '' 1 2 3 4 5 6 7 8 9
+ echo 'notrans_nodist_man5_MANS ='
+ for s in '' 1 2 3 4 5 6 7 8 9
+ echo 'notrans_nodist_man6_MANS ='
+ for s in '' 1 2 3 4 5 6 7 8 9
+ echo 'notrans_nodist_man7_MANS ='
+ for s in '' 1 2 3 4 5 6 7 8 9
+ echo 'notrans_nodist_man8_MANS ='
+ for s in '' 1 2 3 4 5 6 7 8 9
+ echo 'notrans_nodist_man9_MANS ='
+ for dst in '' dist_ nodist_
+ for dir in dataroot data pkgdata doc lisp my
+ echo 'dataroot_DATA ='
+ for dir in dataroot data pkgdata doc lisp my
+ echo 'data_DATA ='
+ for dir in dataroot data pkgdata doc lisp my
+ echo 'pkgdata_DATA ='
+ for dir in dataroot data pkgdata doc lisp my
+ echo 'doc_DATA ='
+ for dir in dataroot data pkgdata doc lisp my
+ echo 'lisp_DATA ='
+ for dir in dataroot data pkgdata doc lisp my
+ echo 'my_DATA ='
+ for dir in include pkginclude oldinclude my
+ echo 'include_HEADERS ='
+ for dir in include pkginclude oldinclude my
+ echo 'pkginclude_HEADERS ='
+ for dir in include pkginclude oldinclude my
+ echo 'oldinclude_HEADERS ='
+ for dir in include pkginclude oldinclude my
+ echo 'my_HEADERS ='
+ for dir in python my
+ echo 'python_PYTHON ='
+ for dir in python my
+ echo 'my_PYTHON ='
+ for dir in info my
+ echo 'info_TEXINFOS ='
+ for dir in info my
+ echo 'my_TEXINFOS ='
+ for dir in java my
+ echo 'java_JAVA ='
+ for dir in java my
+ echo 'my_JAVA ='
+ for dir in lisp my
+ echo 'lisp_LISP ='
+ for dir in lisp my
+ echo 'my_LISP ='
+ for dst in '' dist_ nodist_
+ for dir in dataroot data pkgdata doc lisp my
+ echo 'dist_dataroot_DATA ='
+ for dir in dataroot data pkgdata doc lisp my
+ echo 'dist_data_DATA ='
+ for dir in dataroot data pkgdata doc lisp my
+ echo 'dist_pkgdata_DATA ='
+ for dir in dataroot data pkgdata doc lisp my
+ echo 'dist_doc_DATA ='
+ for dir in dataroot data pkgdata doc lisp my
+ echo 'dist_lisp_DATA ='
+ for dir in dataroot data pkgdata doc lisp my
+ echo 'dist_my_DATA ='
+ for dir in include pkginclude oldinclude my
+ echo 'dist_include_HEADERS ='
+ for dir in include pkginclude oldinclude my
+ echo 'dist_pkginclude_HEADERS ='
+ for dir in include pkginclude oldinclude my
+ echo 'dist_oldinclude_HEADERS ='
+ for dir in include pkginclude oldinclude my
+ echo 'dist_my_HEADERS ='
+ for dir in python my
+ echo 'dist_python_PYTHON ='
+ for dir in python my
+ echo 'dist_my_PYTHON ='
+ for dir in info my
+ echo 'dist_info_TEXINFOS ='
+ for dir in info my
+ echo 'dist_my_TEXINFOS ='
+ for dir in java my
+ echo 'dist_java_JAVA ='
+ for dir in java my
+ echo 'dist_my_JAVA ='
+ for dir in lisp my
+ echo 'dist_lisp_LISP ='
+ for dir in lisp my
+ echo 'dist_my_LISP ='
+ for dst in '' dist_ nodist_
+ for dir in dataroot data pkgdata doc lisp my
+ echo 'nodist_dataroot_DATA ='
+ for dir in dataroot data pkgdata doc lisp my
+ echo 'nodist_data_DATA ='
+ for dir in dataroot data pkgdata doc lisp my
+ echo 'nodist_pkgdata_DATA ='
+ for dir in dataroot data pkgdata doc lisp my
+ echo 'nodist_doc_DATA ='
+ for dir in dataroot data pkgdata doc lisp my
+ echo 'nodist_lisp_DATA ='
+ for dir in dataroot data pkgdata doc lisp my
+ echo 'nodist_my_DATA ='
+ for dir in include pkginclude oldinclude my
+ echo 'nodist_include_HEADERS ='
+ for dir in include pkginclude oldinclude my
+ echo 'nodist_pkginclude_HEADERS ='
+ for dir in include pkginclude oldinclude my
+ echo 'nodist_oldinclude_HEADERS ='
+ for dir in include pkginclude oldinclude my
+ echo 'nodist_my_HEADERS ='
+ for dir in python my
+ echo 'nodist_python_PYTHON ='
+ for dir in python my
+ echo 'nodist_my_PYTHON ='
+ for dir in info my
+ echo 'nodist_info_TEXINFOS ='
+ for dir in info my
+ echo 'nodist_my_TEXINFOS ='
+ for dir in java my
+ echo 'nodist_java_JAVA ='
+ for dir in java my
+ echo 'nodist_my_JAVA ='
+ for dir in lisp my
+ echo 'nodist_lisp_LISP ='
+ for dir in lisp my
+ echo 'nodist_my_LISP ='
+ cat t
+ sed 's/^/nobase_/' t
+ rm -f t
+ cat Makefile.am
AUTOMAKE_OPTIONS = no-dependencies
mydir = $(prefix)/my
myexecdir = $(prefix)/myexec
javadir = $(prefix)/java
sbin_SCRIPTS =
dist_sbin_SCRIPTS =
nodist_sbin_SCRIPTS =
sbin_PROGRAMS =
bin_SCRIPTS =
dist_bin_SCRIPTS =
nodist_bin_SCRIPTS =
bin_PROGRAMS =
libexec_SCRIPTS =
dist_libexec_SCRIPTS =
nodist_libexec_SCRIPTS =
libexec_PROGRAMS =
pkglibexec_SCRIPTS =
dist_pkglibexec_SCRIPTS =
nodist_pkglibexec_SCRIPTS =
pkglibexec_PROGRAMS =
myexec_SCRIPTS =
dist_myexec_SCRIPTS =
nodist_myexec_SCRIPTS =
myexec_PROGRAMS =
lib_LIBRARIES =
lib_LTLIBRARIES =
pkglib_LIBRARIES =
pkglib_LTLIBRARIES =
myexec_LIBRARIES =
myexec_LTLIBRARIES =
my_LIBRARIES =
my_LTLIBRARIES =
man_MANS =
man1_MANS =
man2_MANS =
man3_MANS =
man4_MANS =
man5_MANS =
man6_MANS =
man7_MANS =
man8_MANS =
man9_MANS =
dist_man_MANS =
dist_man1_MANS =
dist_man2_MANS =
dist_man3_MANS =
dist_man4_MANS =
dist_man5_MANS =
dist_man6_MANS =
dist_man7_MANS =
dist_man8_MANS =
dist_man9_MANS =
nodist_man_MANS =
nodist_man1_MANS =
nodist_man2_MANS =
nodist_man3_MANS =
nodist_man4_MANS =
nodist_man5_MANS =
nodist_man6_MANS =
nodist_man7_MANS =
nodist_man8_MANS =
nodist_man9_MANS =
notrans_man_MANS =
notrans_man1_MANS =
notrans_man2_MANS =
notrans_man3_MANS =
notrans_man4_MANS =
notrans_man5_MANS =
notrans_man6_MANS =
notrans_man7_MANS =
notrans_man8_MANS =
notrans_man9_MANS =
notrans_dist_man_MANS =
notrans_dist_man1_MANS =
notrans_dist_man2_MANS =
notrans_dist_man3_MANS =
notrans_dist_man4_MANS =
notrans_dist_man5_MANS =
notrans_dist_man6_MANS =
notrans_dist_man7_MANS =
notrans_dist_man8_MANS =
notrans_dist_man9_MANS =
notrans_nodist_man_MANS =
notrans_nodist_man1_MANS =
notrans_nodist_man2_MANS =
notrans_nodist_man3_MANS =
notrans_nodist_man4_MANS =
notrans_nodist_man5_MANS =
notrans_nodist_man6_MANS =
notrans_nodist_man7_MANS =
notrans_nodist_man8_MANS =
notrans_nodist_man9_MANS =
dataroot_DATA =
data_DATA =
pkgdata_DATA =
doc_DATA =
lisp_DATA =
my_DATA =
include_HEADERS =
pkginclude_HEADERS =
oldinclude_HEADERS =
my_HEADERS =
python_PYTHON =
my_PYTHON =
info_TEXINFOS =
my_TEXINFOS =
java_JAVA =
my_JAVA =
lisp_LISP =
my_LISP =
dist_dataroot_DATA =
dist_data_DATA =
dist_pkgdata_DATA =
dist_doc_DATA =
dist_lisp_DATA =
dist_my_DATA =
dist_include_HEADERS =
dist_pkginclude_HEADERS =
dist_oldinclude_HEADERS =
dist_my_HEADERS =
dist_python_PYTHON =
dist_my_PYTHON =
dist_info_TEXINFOS =
dist_my_TEXINFOS =
dist_java_JAVA =
dist_my_JAVA =
dist_lisp_LISP =
dist_my_LISP =
nodist_dataroot_DATA =
nodist_data_DATA =
nodist_pkgdata_DATA =
nodist_doc_DATA =
nodist_lisp_DATA =
nodist_my_DATA =
nodist_include_HEADERS =
nodist_pkginclude_HEADERS =
nodist_oldinclude_HEADERS =
nodist_my_HEADERS =
nodist_python_PYTHON =
nodist_my_PYTHON =
nodist_info_TEXINFOS =
nodist_my_TEXINFOS =
nodist_java_JAVA =
nodist_my_JAVA =
nodist_lisp_LISP =
nodist_my_LISP =
nobase_sbin_SCRIPTS =
nobase_dist_sbin_SCRIPTS =
nobase_nodist_sbin_SCRIPTS =
nobase_sbin_PROGRAMS =
nobase_bin_SCRIPTS =
nobase_dist_bin_SCRIPTS =
nobase_nodist_bin_SCRIPTS =
nobase_bin_PROGRAMS =
nobase_libexec_SCRIPTS =
nobase_dist_libexec_SCRIPTS =
nobase_nodist_libexec_SCRIPTS =
nobase_libexec_PROGRAMS =
nobase_pkglibexec_SCRIPTS =
nobase_dist_pkglibexec_SCRIPTS =
nobase_nodist_pkglibexec_SCRIPTS =
nobase_pkglibexec_PROGRAMS =
nobase_myexec_SCRIPTS =
nobase_dist_myexec_SCRIPTS =
nobase_nodist_myexec_SCRIPTS =
nobase_myexec_PROGRAMS =
nobase_lib_LIBRARIES =
nobase_lib_LTLIBRARIES =
nobase_pkglib_LIBRARIES =
nobase_pkglib_LTLIBRARIES =
nobase_myexec_LIBRARIES =
nobase_myexec_LTLIBRARIES =
nobase_my_LIBRARIES =
nobase_my_LTLIBRARIES =
nobase_man_MANS =
nobase_man1_MANS =
nobase_man2_MANS =
nobase_man3_MANS =
nobase_man4_MANS =
nobase_man5_MANS =
nobase_man6_MANS =
nobase_man7_MANS =
nobase_man8_MANS =
nobase_man9_MANS =
nobase_dist_man_MANS =
nobase_dist_man1_MANS =
nobase_dist_man2_MANS =
nobase_dist_man3_MANS =
nobase_dist_man4_MANS =
nobase_dist_man5_MANS =
nobase_dist_man6_MANS =
nobase_dist_man7_MANS =
nobase_dist_man8_MANS =
nobase_dist_man9_MANS =
nobase_nodist_man_MANS =
nobase_nodist_man1_MANS =
nobase_nodist_man2_MANS =
nobase_nodist_man3_MANS =
nobase_nodist_man4_MANS =
nobase_nodist_man5_MANS =
nobase_nodist_man6_MANS =
nobase_nodist_man7_MANS =
nobase_nodist_man8_MANS =
nobase_nodist_man9_MANS =
nobase_notrans_man_MANS =
nobase_notrans_man1_MANS =
nobase_notrans_man2_MANS =
nobase_notrans_man3_MANS =
nobase_notrans_man4_MANS =
nobase_notrans_man5_MANS =
nobase_notrans_man6_MANS =
nobase_notrans_man7_MANS =
nobase_notrans_man8_MANS =
nobase_notrans_man9_MANS =
nobase_notrans_dist_man_MANS =
nobase_notrans_dist_man1_MANS =
nobase_notrans_dist_man2_MANS =
nobase_notrans_dist_man3_MANS =
nobase_notrans_dist_man4_MANS =
nobase_notrans_dist_man5_MANS =
nobase_notrans_dist_man6_MANS =
nobase_notrans_dist_man7_MANS =
nobase_notrans_dist_man8_MANS =
nobase_notrans_dist_man9_MANS =
nobase_notrans_nodist_man_MANS =
nobase_notrans_nodist_man1_MANS =
nobase_notrans_nodist_man2_MANS =
nobase_notrans_nodist_man3_MANS =
nobase_notrans_nodist_man4_MANS =
nobase_notrans_nodist_man5_MANS =
nobase_notrans_nodist_man6_MANS =
nobase_notrans_nodist_man7_MANS =
nobase_notrans_nodist_man8_MANS =
nobase_notrans_nodist_man9_MANS =
nobase_dataroot_DATA =
nobase_data_DATA =
nobase_pkgdata_DATA =
nobase_doc_DATA =
nobase_lisp_DATA =
nobase_my_DATA =
nobase_include_HEADERS =
nobase_pkginclude_HEADERS =
nobase_oldinclude_HEADERS =
nobase_my_HEADERS =
nobase_python_PYTHON =
nobase_my_PYTHON =
nobase_info_TEXINFOS =
nobase_my_TEXINFOS =
nobase_java_JAVA =
nobase_my_JAVA =
nobase_lisp_LISP =
nobase_my_LISP =
nobase_dist_dataroot_DATA =
nobase_dist_data_DATA =
nobase_dist_pkgdata_DATA =
nobase_dist_doc_DATA =
nobase_dist_lisp_DATA =
nobase_dist_my_DATA =
nobase_dist_include_HEADERS =
nobase_dist_pkginclude_HEADERS =
nobase_dist_oldinclude_HEADERS =
nobase_dist_my_HEADERS =
nobase_dist_python_PYTHON =
nobase_dist_my_PYTHON =
nobase_dist_info_TEXINFOS =
nobase_dist_my_TEXINFOS =
nobase_dist_java_JAVA =
nobase_dist_my_JAVA =
nobase_dist_lisp_LISP =
nobase_dist_my_LISP =
nobase_nodist_dataroot_DATA =
nobase_nodist_data_DATA =
nobase_nodist_pkgdata_DATA =
nobase_nodist_doc_DATA =
nobase_nodist_lisp_DATA =
nobase_nodist_my_DATA =
nobase_nodist_include_HEADERS =
nobase_nodist_pkginclude_HEADERS =
nobase_nodist_oldinclude_HEADERS =
nobase_nodist_my_HEADERS =
nobase_nodist_python_PYTHON =
nobase_nodist_my_PYTHON =
nobase_nodist_info_TEXINFOS =
nobase_nodist_my_TEXINFOS =
nobase_nodist_java_JAVA =
nobase_nodist_my_JAVA =
nobase_nodist_lisp_LISP =
nobase_nodist_my_LISP =
+ grep '^oldinclude_HEADERS =' Makefile.am
oldinclude_HEADERS =
+ grep '^nodist_my_PYTHON =' Makefile.am
nodist_my_PYTHON =
+ grep '^notrans_dist_man5_MANS =' Makefile.am
notrans_dist_man5_MANS =
+ aclocal-1.16 -Werror
+ autoconf
+ automake-1.16 --foreign -Werror -Wall -a
Makefile.am:105: installing './texinfo.tex'
++ pwd
+ cwd=/sources/automake-1.16.1/t/instdir-no-empty.dir
+ :
+ ./configure --prefix=/sources/automake-1.16.1/t/instdir-no-empty.dir/inst
checking for a BSD-compatible install... /usr/bin/install -c
checking whether build environment is sane... yes
checking for a thread-safe mkdir -p... /tools/bin/mkdir -p
checking for gawk... gawk
checking whether make sets $(MAKE)... yes
checking whether make supports nested variables... yes
checking for python... no
checking for python2... no
checking for python3... no
checking for python3.9... no
checking for python3.8... no
checking for python3.7... no
checking for python3.6... no
checking for python3.5... no
checking for python3.4... no
checking for python3.3... no
checking for python3.2... no
checking for python3.1... no
checking for python3.0... no
checking for python2.7... no
checking for python2.6... no
checking for python2.5... no
checking for python2.4... no
checking for python2.3... no
checking for python2.2... no
checking for python2.1... no
checking for python2.0... no
checking that generated files are newer than configure... done
configure: creating ./config.status
config.status: creating Makefile
+ doinst
+ run_make install install-pdf install-ps install-dvi
+ am__make_redirect_stdout=no
+ am__make_redirect_stderr=no
+ am__make_redirect_stdall=no
+ am__make_flags=
+ am__make_rc_exp=0
+ am_make_rc=0
+ test 4 -gt 0
+ case $1 in
+ break
+ using_gmake
+ case $am__using_gmake in
+ make --version -v
+ grep GNU
GNU Make 4.2.1
License GPLv3+: GNU GPL version 3 or later <http://gnu.org/licenses/gpl.html>
+ am__using_gmake=yes
+ return 0
+ :
+ test x '!=' x
+ : exec make install install-pdf install-ps install-dvi
+ set +x
make[1]: Entering directory '/sources/automake-1.16.1/t/instdir-no-empty.dir'
echo timestamp > classjava.stamp
echo timestamp > classmy.stamp
make[1]: Leaving directory '/sources/automake-1.16.1/t/instdir-no-empty.dir'
+ test 0 -eq 253
+ test no = yes
+ test no = yes
+ test no = yes
+ case $am__make_rc_exp in
+ test 0 -ge 0
+ test 0 -le 255
+ test 0 -eq 0
+ test '!' -e inst
+ make uninstall
+ doinst bin_SCRIPTS=foo.sh
+ run_make install install-pdf install-ps install-dvi bin_SCRIPTS=foo.sh
+ am__make_redirect_stdout=no
+ am__make_redirect_stderr=no
+ am__make_redirect_stdall=no
+ am__make_flags=
+ am__make_rc_exp=0
+ am_make_rc=0
+ test 5 -gt 0
+ case $1 in
+ break
+ using_gmake
+ case $am__using_gmake in
+ return 0
+ :
+ test x '!=' x
+ : exec make install install-pdf install-ps install-dvi bin_SCRIPTS=foo.sh
+ set +x
make[1]: Entering directory '/sources/automake-1.16.1/t/instdir-no-empty.dir'
 /tools/bin/mkdir -p '/sources/automake-1.16.1/t/instdir-no-empty.dir/inst/bin'
 /usr/bin/install -c foo.sh '/sources/automake-1.16.1/t/instdir-no-empty.dir/inst/bin'
make[1]: Leaving directory '/sources/automake-1.16.1/t/instdir-no-empty.dir'
+ test 0 -eq 253
+ test no = yes
+ test no = yes
+ test no = yes
+ case $am__make_rc_exp in
+ test 0 -ge 0
+ test 0 -le 255
+ test 0 -eq 0
+ test -f inst/bin/foo.sh
+ ./configure --prefix=/usr/local
checking for a BSD-compatible install... /usr/bin/install -c
checking whether build environment is sane... yes
checking for a thread-safe mkdir -p... /tools/bin/mkdir -p
checking for gawk... gawk
checking whether make sets $(MAKE)... yes
checking whether make supports nested variables... yes
checking for python... no
checking for python2... no
checking for python3... no
checking for python3.9... no
checking for python3.8... no
checking for python3.7... no
checking for python3.6... no
checking for python3.5... no
checking for python3.4... no
checking for python3.3... no
checking for python3.2... no
checking for python3.1... no
checking for python3.0... no
checking for python2.7... no
checking for python2.6... no
checking for python2.5... no
checking for python2.4... no
checking for python2.3... no
checking for python2.2... no
checking for python2.1... no
checking for python2.0... no
checking that generated files are newer than configure... done
configure: creating ./config.status
config.status: creating Makefile
+ test '!' -e dest
+ make uninstall
+ doinst DESTDIR=/sources/automake-1.16.1/t/instdir-no-empty.dir/dest bin_SCRIPTS=foo.sh
+ run_make install install-pdf install-ps install-dvi DESTDIR=/sources/automake-1.16.1/t/instdir-no-empty.dir/dest bin_SCRIPTS=foo.sh
+ am__make_redirect_stdout=no
+ am__make_redirect_stderr=no
+ am__make_redirect_stdall=no
+ am__make_flags=
+ am__make_rc_exp=0
+ am_make_rc=0
+ test 6 -gt 0
+ case $1 in
+ break
+ using_gmake
+ case $am__using_gmake in
+ return 0
+ :
+ test x '!=' x
+ : exec make install install-pdf install-ps install-dvi DESTDIR=/sources/automake-1.16.1/t/instdir-no-empty.dir/dest bin_SCRIPTS=foo.sh
+ set +x
make[1]: Entering directory '/sources/automake-1.16.1/t/instdir-no-empty.dir'
 /tools/bin/mkdir -p '/sources/automake-1.16.1/t/instdir-no-empty.dir/dest/usr/local/bin'
 /usr/bin/install -c foo.sh '/sources/automake-1.16.1/t/instdir-no-empty.dir/dest/usr/local/bin'
make[1]: Leaving directory '/sources/automake-1.16.1/t/instdir-no-empty.dir'
+ test 0 -eq 253
+ test no = yes
+ test no = yes
+ test no = yes
+ case $am__make_rc_exp in
+ test 0 -ge 0
+ test 0 -le 255
+ test 0 -eq 0
+ test -f dest/usr/local/bin/foo.sh
+ :
+ am_exit_trap 0
+ exit_status=0
+ set +e
+ cd /sources/automake-1.16.1
+ test none = tap
+ case $am_explicit_skips in
+ test 0 -eq 0
+ am_keeping_testdirs
+ case $keep_testdirs in
+ return 1
+ rm_rf_ t/instdir-no-empty.dir
+ test 1 -gt 0
+ /usr/bin/perl /sources/automake-1.16.1/t/ax/deltree.pl t/instdir-no-empty.dir
+ set +x
PASS t/instdir-no-empty.sh (exit status: 0)
