instfail-libtool: running libtool --version
libtool (GNU libtool) 2.4.6
Written by Gordon Matzigkeit, 1996

Copyright (C) 2014 Free Software Foundation, Inc.
This is free software; see the source for copying conditions.  There is NO
warranty; not even for MERCHANTABILITY or FITNESS FOR A PARTICULAR PURPOSE.
instfail-libtool: running libtoolize --version
libtoolize (GNU libtool) 2.4.6
Written by Gary V. Vaughan <gary@gnu.org>, 2003

Copyright (C) 2015 Free Software Foundation, Inc.
This is free software; see the source for copying conditions.  There is NO
warranty; not even for MERCHANTABILITY or FITNESS FOR A PARTICULAR PURPOSE.
Running from installcheck: no
Test Protocol: none
PATH = /sources/automake-1.16.1/bin:/sources/automake-1.16.1/t/ax:/bin:/usr/bin:/sbin:/usr/sbin:/tools/bin
++ pwd
/sources/automake-1.16.1/t/instfail-libtool.dir
+ cat
+ cat
+ for n in 1 2 3
+ echo 'int main () { return 0; }'
+ echo 'int main () { return 0; }'
+ echo 'int foolt1 () { return 0; }'
+ echo 'int fooltn1 () { return 0; }'
+ for n in 1 2 3
+ echo 'int main () { return 0; }'
+ echo 'int main () { return 0; }'
+ echo 'int foolt2 () { return 0; }'
+ echo 'int fooltn2 () { return 0; }'
+ for n in 1 2 3
+ echo 'int main () { return 0; }'
+ echo 'int main () { return 0; }'
+ echo 'int foolt3 () { return 0; }'
+ echo 'int fooltn3 () { return 0; }'
+ libtoolize
libtoolize: putting auxiliary files in '.'.
libtoolize: linking file './ltmain.sh'
libtoolize: You should add the contents of the following files to 'aclocal.m4':
libtoolize:   '/usr/share/aclocal/libtool.m4'
libtoolize:   '/usr/share/aclocal/ltoptions.m4'
libtoolize:   '/usr/share/aclocal/ltsugar.m4'
libtoolize:   '/usr/share/aclocal/ltversion.m4'
libtoolize:   '/usr/share/aclocal/lt~obsolete.m4'
libtoolize: Consider adding 'AC_CONFIG_MACRO_DIRS([m4])' to configure.ac,
libtoolize: and rerunning libtoolize and aclocal.
libtoolize: Consider adding '-I m4' to ACLOCAL_AMFLAGS in Makefile.am.
+ aclocal-1.16 -Werror
+ autoconf
+ automake-1.16 --foreign -Werror -Wall --add-missing
configure.ac:4: installing './ar-lib'
configure.ac:5: installing './config.guess'
configure.ac:5: installing './config.sub'
++ pwd
+ instdir=/sources/automake-1.16.1/t/instfail-libtool.dir/inst
+ ./configure --prefix=/sources/automake-1.16.1/t/instfail-libtool.dir/inst
checking for a BSD-compatible install... /usr/bin/install -c
checking whether build environment is sane... yes
checking for a thread-safe mkdir -p... /tools/bin/mkdir -p
checking for gawk... gawk
checking whether make sets $(MAKE)... yes
checking whether make supports nested variables... yes
checking whether make supports the include directive... yes (GNU style)
checking for gcc... cc
checking whether the C compiler works... yes
checking for C compiler default output file name... a.out
checking for suffix of executables... 
checking whether we are cross compiling... no
checking for suffix of object files... o
checking whether we are using the GNU C compiler... yes
checking whether cc accepts -g... yes
checking for cc option to accept ISO C89... none needed
checking whether cc understands -c and -o together... yes
checking dependency style of cc... gcc3
checking for ar... ar
checking the archiver (ar) interface... ar
checking build system type... x86_64-pc-linux-gnu
checking host system type... x86_64-pc-linux-gnu
checking how to print strings... printf
checking for a sed that does not truncate output... /bin/sed
checking for grep that handles long lines and -e... /bin/grep
checking for egrep... /bin/grep -E
checking for fgrep... /bin/grep -F
checking for ld used by cc... /usr/bin/ld
checking if the linker (/usr/bin/ld) is GNU ld... yes
checking for BSD- or MS-compatible name lister (nm)... /usr/bin/nm -B
checking the name lister (/usr/bin/nm -B) interface... BSD nm
checking whether ln -s works... yes
checking the maximum length of command line arguments... 6291456
checking how to convert x86_64-pc-linux-gnu file names to x86_64-pc-linux-gnu format... func_convert_file_noop
checking how to convert x86_64-pc-linux-gnu file names to toolchain format... func_convert_file_noop
checking for /usr/bin/ld option to reload object files... -r
checking for objdump... objdump
checking how to recognize dependent libraries... pass_all
checking for dlltool... no
checking how to associate runtime and link libraries... printf %s\n
checking for archiver @FILE support... @
checking for strip... strip
checking for ranlib... ranlib
checking command to parse /usr/bin/nm -B output from cc object... ok
checking for sysroot... no
checking for a working dd... /bin/dd
checking how to truncate binary pipes... /bin/dd bs=4096 count=1
checking for mt... no
checking if : is a manifest tool... no
checking how to run the C preprocessor... cc -E
checking for ANSI C header files... yes
checking for sys/types.h... yes
checking for sys/stat.h... yes
checking for stdlib.h... yes
checking for string.h... yes
checking for memory.h... yes
checking for strings.h... yes
checking for inttypes.h... yes
checking for stdint.h... yes
checking for unistd.h... yes
checking for dlfcn.h... yes
checking for objdir... .libs
checking if cc supports -fno-rtti -fno-exceptions... no
checking for cc option to produce PIC... -fPIC -DPIC
checking if cc PIC flag -fPIC -DPIC works... yes
checking if cc static flag -static works... yes
checking if cc supports -c -o file.o... yes
checking if cc supports -c -o file.o... (cached) yes
checking whether the cc linker (/usr/bin/ld -m elf_x86_64) supports shared libraries... yes
checking whether -lc should be explicitly linked in... no
checking dynamic linker characteristics... GNU/Linux ld.so
checking how to hardcode library paths into programs... immediate
checking whether stripping libraries is possible... yes
checking if libtool supports shared libraries... yes
checking whether to build shared libraries... yes
checking whether to build static libraries... yes
checking that generated files are newer than configure... done
configure: creating ./config.status
config.status: creating Makefile
config.status: executing depfiles commands
config.status: executing libtool commands
+ make
cc -DPACKAGE_NAME=\"instfail-libtool\" -DPACKAGE_TARNAME=\"instfail-libtool\" -DPACKAGE_VERSION=\"1.0\" -DPACKAGE_STRING=\"instfail-libtool\ 1.0\" -DPACKAGE_BUGREPORT=\"\" -DPACKAGE_URL=\"\" -DPACKAGE=\"instfail-libtool\" -DVERSION=\"1.0\" -DSTDC_HEADERS=1 -DHAVE_SYS_TYPES_H=1 -DHAVE_SYS_STAT_H=1 -DHAVE_STDLIB_H=1 -DHAVE_STRING_H=1 -DHAVE_MEMORY_H=1 -DHAVE_STRINGS_H=1 -DHAVE_INTTYPES_H=1 -DHAVE_STDINT_H=1 -DHAVE_UNISTD_H=1 -DHAVE_DLFCN_H=1 -DLT_OBJDIR=\".libs/\" -I.     -g -O2 -MT prog1.o -MD -MP -MF .deps/prog1.Tpo -c -o prog1.o prog1.c
mv -f .deps/prog1.Tpo .deps/prog1.Po
/bin/sh ./libtool  --tag=CC   --mode=link cc  -g -O2   -o prog1 prog1.o  
libtool: link: cc -g -O2 -o prog1 prog1.o 
cc -DPACKAGE_NAME=\"instfail-libtool\" -DPACKAGE_TARNAME=\"instfail-libtool\" -DPACKAGE_VERSION=\"1.0\" -DPACKAGE_STRING=\"instfail-libtool\ 1.0\" -DPACKAGE_BUGREPORT=\"\" -DPACKAGE_URL=\"\" -DPACKAGE=\"instfail-libtool\" -DVERSION=\"1.0\" -DSTDC_HEADERS=1 -DHAVE_SYS_TYPES_H=1 -DHAVE_SYS_STAT_H=1 -DHAVE_STDLIB_H=1 -DHAVE_STRING_H=1 -DHAVE_MEMORY_H=1 -DHAVE_STRINGS_H=1 -DHAVE_INTTYPES_H=1 -DHAVE_STDINT_H=1 -DHAVE_UNISTD_H=1 -DHAVE_DLFCN_H=1 -DLT_OBJDIR=\".libs/\" -I.     -g -O2 -MT prog2.o -MD -MP -MF .deps/prog2.Tpo -c -o prog2.o prog2.c
mv -f .deps/prog2.Tpo .deps/prog2.Po
/bin/sh ./libtool  --tag=CC   --mode=link cc  -g -O2   -o prog2 prog2.o  
libtool: link: cc -g -O2 -o prog2 prog2.o 
cc -DPACKAGE_NAME=\"instfail-libtool\" -DPACKAGE_TARNAME=\"instfail-libtool\" -DPACKAGE_VERSION=\"1.0\" -DPACKAGE_STRING=\"instfail-libtool\ 1.0\" -DPACKAGE_BUGREPORT=\"\" -DPACKAGE_URL=\"\" -DPACKAGE=\"instfail-libtool\" -DVERSION=\"1.0\" -DSTDC_HEADERS=1 -DHAVE_SYS_TYPES_H=1 -DHAVE_SYS_STAT_H=1 -DHAVE_STDLIB_H=1 -DHAVE_STRING_H=1 -DHAVE_MEMORY_H=1 -DHAVE_STRINGS_H=1 -DHAVE_INTTYPES_H=1 -DHAVE_STDINT_H=1 -DHAVE_UNISTD_H=1 -DHAVE_DLFCN_H=1 -DLT_OBJDIR=\".libs/\" -I.     -g -O2 -MT prog3.o -MD -MP -MF .deps/prog3.Tpo -c -o prog3.o prog3.c
mv -f .deps/prog3.Tpo .deps/prog3.Po
/bin/sh ./libtool  --tag=CC   --mode=link cc  -g -O2   -o prog3 prog3.o  
libtool: link: cc -g -O2 -o prog3 prog3.o 
cc -DPACKAGE_NAME=\"instfail-libtool\" -DPACKAGE_TARNAME=\"instfail-libtool\" -DPACKAGE_VERSION=\"1.0\" -DPACKAGE_STRING=\"instfail-libtool\ 1.0\" -DPACKAGE_BUGREPORT=\"\" -DPACKAGE_URL=\"\" -DPACKAGE=\"instfail-libtool\" -DVERSION=\"1.0\" -DSTDC_HEADERS=1 -DHAVE_SYS_TYPES_H=1 -DHAVE_SYS_STAT_H=1 -DHAVE_STDLIB_H=1 -DHAVE_STRING_H=1 -DHAVE_MEMORY_H=1 -DHAVE_STRINGS_H=1 -DHAVE_INTTYPES_H=1 -DHAVE_STDINT_H=1 -DHAVE_UNISTD_H=1 -DHAVE_DLFCN_H=1 -DLT_OBJDIR=\".libs/\" -I.     -g -O2 -MT progn1.o -MD -MP -MF .deps/progn1.Tpo -c -o progn1.o progn1.c
mv -f .deps/progn1.Tpo .deps/progn1.Po
/bin/sh ./libtool  --tag=CC   --mode=link cc  -g -O2   -o progn1 progn1.o  
libtool: link: cc -g -O2 -o progn1 progn1.o 
cc -DPACKAGE_NAME=\"instfail-libtool\" -DPACKAGE_TARNAME=\"instfail-libtool\" -DPACKAGE_VERSION=\"1.0\" -DPACKAGE_STRING=\"instfail-libtool\ 1.0\" -DPACKAGE_BUGREPORT=\"\" -DPACKAGE_URL=\"\" -DPACKAGE=\"instfail-libtool\" -DVERSION=\"1.0\" -DSTDC_HEADERS=1 -DHAVE_SYS_TYPES_H=1 -DHAVE_SYS_STAT_H=1 -DHAVE_STDLIB_H=1 -DHAVE_STRING_H=1 -DHAVE_MEMORY_H=1 -DHAVE_STRINGS_H=1 -DHAVE_INTTYPES_H=1 -DHAVE_STDINT_H=1 -DHAVE_UNISTD_H=1 -DHAVE_DLFCN_H=1 -DLT_OBJDIR=\".libs/\" -I.     -g -O2 -MT progn2.o -MD -MP -MF .deps/progn2.Tpo -c -o progn2.o progn2.c
mv -f .deps/progn2.Tpo .deps/progn2.Po
/bin/sh ./libtool  --tag=CC   --mode=link cc  -g -O2   -o progn2 progn2.o  
libtool: link: cc -g -O2 -o progn2 progn2.o 
cc -DPACKAGE_NAME=\"instfail-libtool\" -DPACKAGE_TARNAME=\"instfail-libtool\" -DPACKAGE_VERSION=\"1.0\" -DPACKAGE_STRING=\"instfail-libtool\ 1.0\" -DPACKAGE_BUGREPORT=\"\" -DPACKAGE_URL=\"\" -DPACKAGE=\"instfail-libtool\" -DVERSION=\"1.0\" -DSTDC_HEADERS=1 -DHAVE_SYS_TYPES_H=1 -DHAVE_SYS_STAT_H=1 -DHAVE_STDLIB_H=1 -DHAVE_STRING_H=1 -DHAVE_MEMORY_H=1 -DHAVE_STRINGS_H=1 -DHAVE_INTTYPES_H=1 -DHAVE_STDINT_H=1 -DHAVE_UNISTD_H=1 -DHAVE_DLFCN_H=1 -DLT_OBJDIR=\".libs/\" -I.     -g -O2 -MT progn3.o -MD -MP -MF .deps/progn3.Tpo -c -o progn3.o progn3.c
mv -f .deps/progn3.Tpo .deps/progn3.Po
/bin/sh ./libtool  --tag=CC   --mode=link cc  -g -O2   -o progn3 progn3.o  
libtool: link: cc -g -O2 -o progn3 progn3.o 
/bin/sh ./libtool  --tag=CC   --mode=compile cc -DPACKAGE_NAME=\"instfail-libtool\" -DPACKAGE_TARNAME=\"instfail-libtool\" -DPACKAGE_VERSION=\"1.0\" -DPACKAGE_STRING=\"instfail-libtool\ 1.0\" -DPACKAGE_BUGREPORT=\"\" -DPACKAGE_URL=\"\" -DPACKAGE=\"instfail-libtool\" -DVERSION=\"1.0\" -DSTDC_HEADERS=1 -DHAVE_SYS_TYPES_H=1 -DHAVE_SYS_STAT_H=1 -DHAVE_STDLIB_H=1 -DHAVE_STRING_H=1 -DHAVE_MEMORY_H=1 -DHAVE_STRINGS_H=1 -DHAVE_INTTYPES_H=1 -DHAVE_STDINT_H=1 -DHAVE_UNISTD_H=1 -DHAVE_DLFCN_H=1 -DLT_OBJDIR=\".libs/\" -I.     -g -O2 -MT liblt1.lo -MD -MP -MF .deps/liblt1.Tpo -c -o liblt1.lo liblt1.c
libtool: compile:  cc -DPACKAGE_NAME=\"instfail-libtool\" -DPACKAGE_TARNAME=\"instfail-libtool\" -DPACKAGE_VERSION=\"1.0\" "-DPACKAGE_STRING=\"instfail-libtool 1.0\"" -DPACKAGE_BUGREPORT=\"\" -DPACKAGE_URL=\"\" -DPACKAGE=\"instfail-libtool\" -DVERSION=\"1.0\" -DSTDC_HEADERS=1 -DHAVE_SYS_TYPES_H=1 -DHAVE_SYS_STAT_H=1 -DHAVE_STDLIB_H=1 -DHAVE_STRING_H=1 -DHAVE_MEMORY_H=1 -DHAVE_STRINGS_H=1 -DHAVE_INTTYPES_H=1 -DHAVE_STDINT_H=1 -DHAVE_UNISTD_H=1 -DHAVE_DLFCN_H=1 -DLT_OBJDIR=\".libs/\" -I. -g -O2 -MT liblt1.lo -MD -MP -MF .deps/liblt1.Tpo -c liblt1.c  -fPIC -DPIC -o .libs/liblt1.o
libtool: compile:  cc -DPACKAGE_NAME=\"instfail-libtool\" -DPACKAGE_TARNAME=\"instfail-libtool\" -DPACKAGE_VERSION=\"1.0\" "-DPACKAGE_STRING=\"instfail-libtool 1.0\"" -DPACKAGE_BUGREPORT=\"\" -DPACKAGE_URL=\"\" -DPACKAGE=\"instfail-libtool\" -DVERSION=\"1.0\" -DSTDC_HEADERS=1 -DHAVE_SYS_TYPES_H=1 -DHAVE_SYS_STAT_H=1 -DHAVE_STDLIB_H=1 -DHAVE_STRING_H=1 -DHAVE_MEMORY_H=1 -DHAVE_STRINGS_H=1 -DHAVE_INTTYPES_H=1 -DHAVE_STDINT_H=1 -DHAVE_UNISTD_H=1 -DHAVE_DLFCN_H=1 -DLT_OBJDIR=\".libs/\" -I. -g -O2 -MT liblt1.lo -MD -MP -MF .deps/liblt1.Tpo -c liblt1.c -o liblt1.o >/dev/null 2>&1
mv -f .deps/liblt1.Tpo .deps/liblt1.Plo
/bin/sh ./libtool  --tag=CC   --mode=link cc  -g -O2   -o liblt1.la -rpath /sources/automake-1.16.1/t/instfail-libtool.dir/inst/lib liblt1.lo  
libtool: link: cc -shared  -fPIC -DPIC  .libs/liblt1.o    -g -O2   -Wl,-soname -Wl,liblt1.so.0 -o .libs/liblt1.so.0.0.0
libtool: link: (cd ".libs" && rm -f "liblt1.so.0" && ln -s "liblt1.so.0.0.0" "liblt1.so.0")
libtool: link: (cd ".libs" && rm -f "liblt1.so" && ln -s "liblt1.so.0.0.0" "liblt1.so")
libtool: link: ar cru .libs/liblt1.a  liblt1.o
libtool: link: ranlib .libs/liblt1.a
libtool: link: ( cd ".libs" && rm -f "liblt1.la" && ln -s "../liblt1.la" "liblt1.la" )
/bin/sh ./libtool  --tag=CC   --mode=compile cc -DPACKAGE_NAME=\"instfail-libtool\" -DPACKAGE_TARNAME=\"instfail-libtool\" -DPACKAGE_VERSION=\"1.0\" -DPACKAGE_STRING=\"instfail-libtool\ 1.0\" -DPACKAGE_BUGREPORT=\"\" -DPACKAGE_URL=\"\" -DPACKAGE=\"instfail-libtool\" -DVERSION=\"1.0\" -DSTDC_HEADERS=1 -DHAVE_SYS_TYPES_H=1 -DHAVE_SYS_STAT_H=1 -DHAVE_STDLIB_H=1 -DHAVE_STRING_H=1 -DHAVE_MEMORY_H=1 -DHAVE_STRINGS_H=1 -DHAVE_INTTYPES_H=1 -DHAVE_STDINT_H=1 -DHAVE_UNISTD_H=1 -DHAVE_DLFCN_H=1 -DLT_OBJDIR=\".libs/\" -I.     -g -O2 -MT liblt2.lo -MD -MP -MF .deps/liblt2.Tpo -c -o liblt2.lo liblt2.c
libtool: compile:  cc -DPACKAGE_NAME=\"instfail-libtool\" -DPACKAGE_TARNAME=\"instfail-libtool\" -DPACKAGE_VERSION=\"1.0\" "-DPACKAGE_STRING=\"instfail-libtool 1.0\"" -DPACKAGE_BUGREPORT=\"\" -DPACKAGE_URL=\"\" -DPACKAGE=\"instfail-libtool\" -DVERSION=\"1.0\" -DSTDC_HEADERS=1 -DHAVE_SYS_TYPES_H=1 -DHAVE_SYS_STAT_H=1 -DHAVE_STDLIB_H=1 -DHAVE_STRING_H=1 -DHAVE_MEMORY_H=1 -DHAVE_STRINGS_H=1 -DHAVE_INTTYPES_H=1 -DHAVE_STDINT_H=1 -DHAVE_UNISTD_H=1 -DHAVE_DLFCN_H=1 -DLT_OBJDIR=\".libs/\" -I. -g -O2 -MT liblt2.lo -MD -MP -MF .deps/liblt2.Tpo -c liblt2.c  -fPIC -DPIC -o .libs/liblt2.o
libtool: compile:  cc -DPACKAGE_NAME=\"instfail-libtool\" -DPACKAGE_TARNAME=\"instfail-libtool\" -DPACKAGE_VERSION=\"1.0\" "-DPACKAGE_STRING=\"instfail-libtool 1.0\"" -DPACKAGE_BUGREPORT=\"\" -DPACKAGE_URL=\"\" -DPACKAGE=\"instfail-libtool\" -DVERSION=\"1.0\" -DSTDC_HEADERS=1 -DHAVE_SYS_TYPES_H=1 -DHAVE_SYS_STAT_H=1 -DHAVE_STDLIB_H=1 -DHAVE_STRING_H=1 -DHAVE_MEMORY_H=1 -DHAVE_STRINGS_H=1 -DHAVE_INTTYPES_H=1 -DHAVE_STDINT_H=1 -DHAVE_UNISTD_H=1 -DHAVE_DLFCN_H=1 -DLT_OBJDIR=\".libs/\" -I. -g -O2 -MT liblt2.lo -MD -MP -MF .deps/liblt2.Tpo -c liblt2.c -o liblt2.o >/dev/null 2>&1
mv -f .deps/liblt2.Tpo .deps/liblt2.Plo
/bin/sh ./libtool  --tag=CC   --mode=link cc  -g -O2   -o liblt2.la -rpath /sources/automake-1.16.1/t/instfail-libtool.dir/inst/lib liblt2.lo  
libtool: link: cc -shared  -fPIC -DPIC  .libs/liblt2.o    -g -O2   -Wl,-soname -Wl,liblt2.so.0 -o .libs/liblt2.so.0.0.0
libtool: link: (cd ".libs" && rm -f "liblt2.so.0" && ln -s "liblt2.so.0.0.0" "liblt2.so.0")
libtool: link: (cd ".libs" && rm -f "liblt2.so" && ln -s "liblt2.so.0.0.0" "liblt2.so")
libtool: link: ar cru .libs/liblt2.a  liblt2.o
libtool: link: ranlib .libs/liblt2.a
libtool: link: ( cd ".libs" && rm -f "liblt2.la" && ln -s "../liblt2.la" "liblt2.la" )
/bin/sh ./libtool  --tag=CC   --mode=compile cc -DPACKAGE_NAME=\"instfail-libtool\" -DPACKAGE_TARNAME=\"instfail-libtool\" -DPACKAGE_VERSION=\"1.0\" -DPACKAGE_STRING=\"instfail-libtool\ 1.0\" -DPACKAGE_BUGREPORT=\"\" -DPACKAGE_URL=\"\" -DPACKAGE=\"instfail-libtool\" -DVERSION=\"1.0\" -DSTDC_HEADERS=1 -DHAVE_SYS_TYPES_H=1 -DHAVE_SYS_STAT_H=1 -DHAVE_STDLIB_H=1 -DHAVE_STRING_H=1 -DHAVE_MEMORY_H=1 -DHAVE_STRINGS_H=1 -DHAVE_INTTYPES_H=1 -DHAVE_STDINT_H=1 -DHAVE_UNISTD_H=1 -DHAVE_DLFCN_H=1 -DLT_OBJDIR=\".libs/\" -I.     -g -O2 -MT liblt3.lo -MD -MP -MF .deps/liblt3.Tpo -c -o liblt3.lo liblt3.c
libtool: compile:  cc -DPACKAGE_NAME=\"instfail-libtool\" -DPACKAGE_TARNAME=\"instfail-libtool\" -DPACKAGE_VERSION=\"1.0\" "-DPACKAGE_STRING=\"instfail-libtool 1.0\"" -DPACKAGE_BUGREPORT=\"\" -DPACKAGE_URL=\"\" -DPACKAGE=\"instfail-libtool\" -DVERSION=\"1.0\" -DSTDC_HEADERS=1 -DHAVE_SYS_TYPES_H=1 -DHAVE_SYS_STAT_H=1 -DHAVE_STDLIB_H=1 -DHAVE_STRING_H=1 -DHAVE_MEMORY_H=1 -DHAVE_STRINGS_H=1 -DHAVE_INTTYPES_H=1 -DHAVE_STDINT_H=1 -DHAVE_UNISTD_H=1 -DHAVE_DLFCN_H=1 -DLT_OBJDIR=\".libs/\" -I. -g -O2 -MT liblt3.lo -MD -MP -MF .deps/liblt3.Tpo -c liblt3.c  -fPIC -DPIC -o .libs/liblt3.o
libtool: compile:  cc -DPACKAGE_NAME=\"instfail-libtool\" -DPACKAGE_TARNAME=\"instfail-libtool\" -DPACKAGE_VERSION=\"1.0\" "-DPACKAGE_STRING=\"instfail-libtool 1.0\"" -DPACKAGE_BUGREPORT=\"\" -DPACKAGE_URL=\"\" -DPACKAGE=\"instfail-libtool\" -DVERSION=\"1.0\" -DSTDC_HEADERS=1 -DHAVE_SYS_TYPES_H=1 -DHAVE_SYS_STAT_H=1 -DHAVE_STDLIB_H=1 -DHAVE_STRING_H=1 -DHAVE_MEMORY_H=1 -DHAVE_STRINGS_H=1 -DHAVE_INTTYPES_H=1 -DHAVE_STDINT_H=1 -DHAVE_UNISTD_H=1 -DHAVE_DLFCN_H=1 -DLT_OBJDIR=\".libs/\" -I. -g -O2 -MT liblt3.lo -MD -MP -MF .deps/liblt3.Tpo -c liblt3.c -o liblt3.o >/dev/null 2>&1
mv -f .deps/liblt3.Tpo .deps/liblt3.Plo
/bin/sh ./libtool  --tag=CC   --mode=link cc  -g -O2   -o liblt3.la -rpath /sources/automake-1.16.1/t/instfail-libtool.dir/inst/lib liblt3.lo  
libtool: link: cc -shared  -fPIC -DPIC  .libs/liblt3.o    -g -O2   -Wl,-soname -Wl,liblt3.so.0 -o .libs/liblt3.so.0.0.0
libtool: link: (cd ".libs" && rm -f "liblt3.so.0" && ln -s "liblt3.so.0.0.0" "liblt3.so.0")
libtool: link: (cd ".libs" && rm -f "liblt3.so" && ln -s "liblt3.so.0.0.0" "liblt3.so")
libtool: link: ar cru .libs/liblt3.a  liblt3.o
libtool: link: ranlib .libs/liblt3.a
libtool: link: ( cd ".libs" && rm -f "liblt3.la" && ln -s "../liblt3.la" "liblt3.la" )
/bin/sh ./libtool  --tag=CC   --mode=compile cc -DPACKAGE_NAME=\"instfail-libtool\" -DPACKAGE_TARNAME=\"instfail-libtool\" -DPACKAGE_VERSION=\"1.0\" -DPACKAGE_STRING=\"instfail-libtool\ 1.0\" -DPACKAGE_BUGREPORT=\"\" -DPACKAGE_URL=\"\" -DPACKAGE=\"instfail-libtool\" -DVERSION=\"1.0\" -DSTDC_HEADERS=1 -DHAVE_SYS_TYPES_H=1 -DHAVE_SYS_STAT_H=1 -DHAVE_STDLIB_H=1 -DHAVE_STRING_H=1 -DHAVE_MEMORY_H=1 -DHAVE_STRINGS_H=1 -DHAVE_INTTYPES_H=1 -DHAVE_STDINT_H=1 -DHAVE_UNISTD_H=1 -DHAVE_DLFCN_H=1 -DLT_OBJDIR=\".libs/\" -I.     -g -O2 -MT libltn1.lo -MD -MP -MF .deps/libltn1.Tpo -c -o libltn1.lo libltn1.c
libtool: compile:  cc -DPACKAGE_NAME=\"instfail-libtool\" -DPACKAGE_TARNAME=\"instfail-libtool\" -DPACKAGE_VERSION=\"1.0\" "-DPACKAGE_STRING=\"instfail-libtool 1.0\"" -DPACKAGE_BUGREPORT=\"\" -DPACKAGE_URL=\"\" -DPACKAGE=\"instfail-libtool\" -DVERSION=\"1.0\" -DSTDC_HEADERS=1 -DHAVE_SYS_TYPES_H=1 -DHAVE_SYS_STAT_H=1 -DHAVE_STDLIB_H=1 -DHAVE_STRING_H=1 -DHAVE_MEMORY_H=1 -DHAVE_STRINGS_H=1 -DHAVE_INTTYPES_H=1 -DHAVE_STDINT_H=1 -DHAVE_UNISTD_H=1 -DHAVE_DLFCN_H=1 -DLT_OBJDIR=\".libs/\" -I. -g -O2 -MT libltn1.lo -MD -MP -MF .deps/libltn1.Tpo -c libltn1.c  -fPIC -DPIC -o .libs/libltn1.o
libtool: compile:  cc -DPACKAGE_NAME=\"instfail-libtool\" -DPACKAGE_TARNAME=\"instfail-libtool\" -DPACKAGE_VERSION=\"1.0\" "-DPACKAGE_STRING=\"instfail-libtool 1.0\"" -DPACKAGE_BUGREPORT=\"\" -DPACKAGE_URL=\"\" -DPACKAGE=\"instfail-libtool\" -DVERSION=\"1.0\" -DSTDC_HEADERS=1 -DHAVE_SYS_TYPES_H=1 -DHAVE_SYS_STAT_H=1 -DHAVE_STDLIB_H=1 -DHAVE_STRING_H=1 -DHAVE_MEMORY_H=1 -DHAVE_STRINGS_H=1 -DHAVE_INTTYPES_H=1 -DHAVE_STDINT_H=1 -DHAVE_UNISTD_H=1 -DHAVE_DLFCN_H=1 -DLT_OBJDIR=\".libs/\" -I. -g -O2 -MT libltn1.lo -MD -MP -MF .deps/libltn1.Tpo -c libltn1.c -o libltn1.o >/dev/null 2>&1
mv -f .deps/libltn1.Tpo .deps/libltn1.Plo
/bin/sh ./libtool  --tag=CC   --mode=link cc  -g -O2   -o libltn1.la -rpath /sources/automake-1.16.1/t/instfail-libtool.dir/inst/lib/. libltn1.lo  
libtool: link: cc -shared  -fPIC -DPIC  .libs/libltn1.o    -g -O2   -Wl,-soname -Wl,libltn1.so.0 -o .libs/libltn1.so.0.0.0
libtool: link: (cd ".libs" && rm -f "libltn1.so.0" && ln -s "libltn1.so.0.0.0" "libltn1.so.0")
libtool: link: (cd ".libs" && rm -f "libltn1.so" && ln -s "libltn1.so.0.0.0" "libltn1.so")
libtool: link: ar cru .libs/libltn1.a  libltn1.o
libtool: link: ranlib .libs/libltn1.a
libtool: link: ( cd ".libs" && rm -f "libltn1.la" && ln -s "../libltn1.la" "libltn1.la" )
/bin/sh ./libtool  --tag=CC   --mode=compile cc -DPACKAGE_NAME=\"instfail-libtool\" -DPACKAGE_TARNAME=\"instfail-libtool\" -DPACKAGE_VERSION=\"1.0\" -DPACKAGE_STRING=\"instfail-libtool\ 1.0\" -DPACKAGE_BUGREPORT=\"\" -DPACKAGE_URL=\"\" -DPACKAGE=\"instfail-libtool\" -DVERSION=\"1.0\" -DSTDC_HEADERS=1 -DHAVE_SYS_TYPES_H=1 -DHAVE_SYS_STAT_H=1 -DHAVE_STDLIB_H=1 -DHAVE_STRING_H=1 -DHAVE_MEMORY_H=1 -DHAVE_STRINGS_H=1 -DHAVE_INTTYPES_H=1 -DHAVE_STDINT_H=1 -DHAVE_UNISTD_H=1 -DHAVE_DLFCN_H=1 -DLT_OBJDIR=\".libs/\" -I.     -g -O2 -MT libltn2.lo -MD -MP -MF .deps/libltn2.Tpo -c -o libltn2.lo libltn2.c
libtool: compile:  cc -DPACKAGE_NAME=\"instfail-libtool\" -DPACKAGE_TARNAME=\"instfail-libtool\" -DPACKAGE_VERSION=\"1.0\" "-DPACKAGE_STRING=\"instfail-libtool 1.0\"" -DPACKAGE_BUGREPORT=\"\" -DPACKAGE_URL=\"\" -DPACKAGE=\"instfail-libtool\" -DVERSION=\"1.0\" -DSTDC_HEADERS=1 -DHAVE_SYS_TYPES_H=1 -DHAVE_SYS_STAT_H=1 -DHAVE_STDLIB_H=1 -DHAVE_STRING_H=1 -DHAVE_MEMORY_H=1 -DHAVE_STRINGS_H=1 -DHAVE_INTTYPES_H=1 -DHAVE_STDINT_H=1 -DHAVE_UNISTD_H=1 -DHAVE_DLFCN_H=1 -DLT_OBJDIR=\".libs/\" -I. -g -O2 -MT libltn2.lo -MD -MP -MF .deps/libltn2.Tpo -c libltn2.c  -fPIC -DPIC -o .libs/libltn2.o
libtool: compile:  cc -DPACKAGE_NAME=\"instfail-libtool\" -DPACKAGE_TARNAME=\"instfail-libtool\" -DPACKAGE_VERSION=\"1.0\" "-DPACKAGE_STRING=\"instfail-libtool 1.0\"" -DPACKAGE_BUGREPORT=\"\" -DPACKAGE_URL=\"\" -DPACKAGE=\"instfail-libtool\" -DVERSION=\"1.0\" -DSTDC_HEADERS=1 -DHAVE_SYS_TYPES_H=1 -DHAVE_SYS_STAT_H=1 -DHAVE_STDLIB_H=1 -DHAVE_STRING_H=1 -DHAVE_MEMORY_H=1 -DHAVE_STRINGS_H=1 -DHAVE_INTTYPES_H=1 -DHAVE_STDINT_H=1 -DHAVE_UNISTD_H=1 -DHAVE_DLFCN_H=1 -DLT_OBJDIR=\".libs/\" -I. -g -O2 -MT libltn2.lo -MD -MP -MF .deps/libltn2.Tpo -c libltn2.c -o libltn2.o >/dev/null 2>&1
mv -f .deps/libltn2.Tpo .deps/libltn2.Plo
/bin/sh ./libtool  --tag=CC   --mode=link cc  -g -O2   -o libltn2.la -rpath /sources/automake-1.16.1/t/instfail-libtool.dir/inst/lib/. libltn2.lo  
libtool: link: cc -shared  -fPIC -DPIC  .libs/libltn2.o    -g -O2   -Wl,-soname -Wl,libltn2.so.0 -o .libs/libltn2.so.0.0.0
libtool: link: (cd ".libs" && rm -f "libltn2.so.0" && ln -s "libltn2.so.0.0.0" "libltn2.so.0")
libtool: link: (cd ".libs" && rm -f "libltn2.so" && ln -s "libltn2.so.0.0.0" "libltn2.so")
libtool: link: ar cru .libs/libltn2.a  libltn2.o
libtool: link: ranlib .libs/libltn2.a
libtool: link: ( cd ".libs" && rm -f "libltn2.la" && ln -s "../libltn2.la" "libltn2.la" )
/bin/sh ./libtool  --tag=CC   --mode=compile cc -DPACKAGE_NAME=\"instfail-libtool\" -DPACKAGE_TARNAME=\"instfail-libtool\" -DPACKAGE_VERSION=\"1.0\" -DPACKAGE_STRING=\"instfail-libtool\ 1.0\" -DPACKAGE_BUGREPORT=\"\" -DPACKAGE_URL=\"\" -DPACKAGE=\"instfail-libtool\" -DVERSION=\"1.0\" -DSTDC_HEADERS=1 -DHAVE_SYS_TYPES_H=1 -DHAVE_SYS_STAT_H=1 -DHAVE_STDLIB_H=1 -DHAVE_STRING_H=1 -DHAVE_MEMORY_H=1 -DHAVE_STRINGS_H=1 -DHAVE_INTTYPES_H=1 -DHAVE_STDINT_H=1 -DHAVE_UNISTD_H=1 -DHAVE_DLFCN_H=1 -DLT_OBJDIR=\".libs/\" -I.     -g -O2 -MT libltn3.lo -MD -MP -MF .deps/libltn3.Tpo -c -o libltn3.lo libltn3.c
libtool: compile:  cc -DPACKAGE_NAME=\"instfail-libtool\" -DPACKAGE_TARNAME=\"instfail-libtool\" -DPACKAGE_VERSION=\"1.0\" "-DPACKAGE_STRING=\"instfail-libtool 1.0\"" -DPACKAGE_BUGREPORT=\"\" -DPACKAGE_URL=\"\" -DPACKAGE=\"instfail-libtool\" -DVERSION=\"1.0\" -DSTDC_HEADERS=1 -DHAVE_SYS_TYPES_H=1 -DHAVE_SYS_STAT_H=1 -DHAVE_STDLIB_H=1 -DHAVE_STRING_H=1 -DHAVE_MEMORY_H=1 -DHAVE_STRINGS_H=1 -DHAVE_INTTYPES_H=1 -DHAVE_STDINT_H=1 -DHAVE_UNISTD_H=1 -DHAVE_DLFCN_H=1 -DLT_OBJDIR=\".libs/\" -I. -g -O2 -MT libltn3.lo -MD -MP -MF .deps/libltn3.Tpo -c libltn3.c  -fPIC -DPIC -o .libs/libltn3.o
libtool: compile:  cc -DPACKAGE_NAME=\"instfail-libtool\" -DPACKAGE_TARNAME=\"instfail-libtool\" -DPACKAGE_VERSION=\"1.0\" "-DPACKAGE_STRING=\"instfail-libtool 1.0\"" -DPACKAGE_BUGREPORT=\"\" -DPACKAGE_URL=\"\" -DPACKAGE=\"instfail-libtool\" -DVERSION=\"1.0\" -DSTDC_HEADERS=1 -DHAVE_SYS_TYPES_H=1 -DHAVE_SYS_STAT_H=1 -DHAVE_STDLIB_H=1 -DHAVE_STRING_H=1 -DHAVE_MEMORY_H=1 -DHAVE_STRINGS_H=1 -DHAVE_INTTYPES_H=1 -DHAVE_STDINT_H=1 -DHAVE_UNISTD_H=1 -DHAVE_DLFCN_H=1 -DLT_OBJDIR=\".libs/\" -I. -g -O2 -MT libltn3.lo -MD -MP -MF .deps/libltn3.Tpo -c libltn3.c -o libltn3.o >/dev/null 2>&1
mv -f .deps/libltn3.Tpo .deps/libltn3.Plo
/bin/sh ./libtool  --tag=CC   --mode=link cc  -g -O2   -o libltn3.la -rpath /sources/automake-1.16.1/t/instfail-libtool.dir/inst/lib/. libltn3.lo  
libtool: link: cc -shared  -fPIC -DPIC  .libs/libltn3.o    -g -O2   -Wl,-soname -Wl,libltn3.so.0 -o .libs/libltn3.so.0.0.0
libtool: link: (cd ".libs" && rm -f "libltn3.so.0" && ln -s "libltn3.so.0.0.0" "libltn3.so.0")
libtool: link: (cd ".libs" && rm -f "libltn3.so" && ln -s "libltn3.so.0.0.0" "libltn3.so")
libtool: link: ar cru .libs/libltn3.a  libltn3.o
libtool: link: ranlib .libs/libltn3.a
libtool: link: ( cd ".libs" && rm -f "libltn3.la" && ln -s "../libltn3.la" "libltn3.la" )
+ make install
make[1]: Entering directory '/sources/automake-1.16.1/t/instfail-libtool.dir'
 /tools/bin/mkdir -p '/sources/automake-1.16.1/t/instfail-libtool.dir/inst/lib'
 /bin/sh ./libtool   --mode=install /usr/bin/install -c   liblt1.la liblt2.la liblt3.la '/sources/automake-1.16.1/t/instfail-libtool.dir/inst/lib'
libtool: install: /usr/bin/install -c .libs/liblt1.so.0.0.0 /sources/automake-1.16.1/t/instfail-libtool.dir/inst/lib/liblt1.so.0.0.0
libtool: install: (cd /sources/automake-1.16.1/t/instfail-libtool.dir/inst/lib && { ln -s -f liblt1.so.0.0.0 liblt1.so.0 || { rm -f liblt1.so.0 && ln -s liblt1.so.0.0.0 liblt1.so.0; }; })
libtool: install: (cd /sources/automake-1.16.1/t/instfail-libtool.dir/inst/lib && { ln -s -f liblt1.so.0.0.0 liblt1.so || { rm -f liblt1.so && ln -s liblt1.so.0.0.0 liblt1.so; }; })
libtool: install: /usr/bin/install -c .libs/liblt1.lai /sources/automake-1.16.1/t/instfail-libtool.dir/inst/lib/liblt1.la
libtool: install: /usr/bin/install -c .libs/liblt2.so.0.0.0 /sources/automake-1.16.1/t/instfail-libtool.dir/inst/lib/liblt2.so.0.0.0
libtool: install: (cd /sources/automake-1.16.1/t/instfail-libtool.dir/inst/lib && { ln -s -f liblt2.so.0.0.0 liblt2.so.0 || { rm -f liblt2.so.0 && ln -s liblt2.so.0.0.0 liblt2.so.0; }; })
libtool: install: (cd /sources/automake-1.16.1/t/instfail-libtool.dir/inst/lib && { ln -s -f liblt2.so.0.0.0 liblt2.so || { rm -f liblt2.so && ln -s liblt2.so.0.0.0 liblt2.so; }; })
libtool: install: /usr/bin/install -c .libs/liblt2.lai /sources/automake-1.16.1/t/instfail-libtool.dir/inst/lib/liblt2.la
libtool: install: /usr/bin/install -c .libs/liblt3.so.0.0.0 /sources/automake-1.16.1/t/instfail-libtool.dir/inst/lib/liblt3.so.0.0.0
libtool: install: (cd /sources/automake-1.16.1/t/instfail-libtool.dir/inst/lib && { ln -s -f liblt3.so.0.0.0 liblt3.so.0 || { rm -f liblt3.so.0 && ln -s liblt3.so.0.0.0 liblt3.so.0; }; })
libtool: install: (cd /sources/automake-1.16.1/t/instfail-libtool.dir/inst/lib && { ln -s -f liblt3.so.0.0.0 liblt3.so || { rm -f liblt3.so && ln -s liblt3.so.0.0.0 liblt3.so; }; })
libtool: install: /usr/bin/install -c .libs/liblt3.lai /sources/automake-1.16.1/t/instfail-libtool.dir/inst/lib/liblt3.la
libtool: install: /usr/bin/install -c .libs/liblt1.a /sources/automake-1.16.1/t/instfail-libtool.dir/inst/lib/liblt1.a
libtool: install: chmod 644 /sources/automake-1.16.1/t/instfail-libtool.dir/inst/lib/liblt1.a
libtool: install: ranlib /sources/automake-1.16.1/t/instfail-libtool.dir/inst/lib/liblt1.a
libtool: install: /usr/bin/install -c .libs/liblt2.a /sources/automake-1.16.1/t/instfail-libtool.dir/inst/lib/liblt2.a
libtool: install: chmod 644 /sources/automake-1.16.1/t/instfail-libtool.dir/inst/lib/liblt2.a
libtool: install: ranlib /sources/automake-1.16.1/t/instfail-libtool.dir/inst/lib/liblt2.a
libtool: install: /usr/bin/install -c .libs/liblt3.a /sources/automake-1.16.1/t/instfail-libtool.dir/inst/lib/liblt3.a
libtool: install: chmod 644 /sources/automake-1.16.1/t/instfail-libtool.dir/inst/lib/liblt3.a
libtool: install: ranlib /sources/automake-1.16.1/t/instfail-libtool.dir/inst/lib/liblt3.a
libtool: finish: PATH="/sources/automake-1.16.1/bin:/sources/automake-1.16.1/t/ax:/bin:/usr/bin:/sbin:/usr/sbin:/tools/bin:/sbin" ldconfig -n /sources/automake-1.16.1/t/instfail-libtool.dir/inst/lib
----------------------------------------------------------------------
Libraries have been installed in:
   /sources/automake-1.16.1/t/instfail-libtool.dir/inst/lib

If you ever happen to want to link against installed libraries
in a given directory, LIBDIR, you must either use libtool, and
specify the full pathname of the library, or use the '-LLIBDIR'
flag during linking and do at least one of the following:
   - add LIBDIR to the 'LD_LIBRARY_PATH' environment variable
     during execution
   - add LIBDIR to the 'LD_RUN_PATH' environment variable
     during linking
   - use the '-Wl,-rpath -Wl,LIBDIR' linker flag
   - have your system administrator add LIBDIR to '/etc/ld.so.conf'

See any operating system documentation about shared libraries for
more information, such as the ld(1) and ld.so(8) manual pages.
----------------------------------------------------------------------
 /tools/bin/mkdir -p '/sources/automake-1.16.1/t/instfail-libtool.dir/inst/lib'
 /bin/sh ./libtool   --mode=install /usr/bin/install -c  libltn1.la libltn2.la libltn3.la '/sources/automake-1.16.1/t/instfail-libtool.dir/inst/lib/.'
libtool: install: /usr/bin/install -c .libs/libltn1.so.0.0.0 /sources/automake-1.16.1/t/instfail-libtool.dir/inst/lib/./libltn1.so.0.0.0
libtool: install: (cd /sources/automake-1.16.1/t/instfail-libtool.dir/inst/lib/. && { ln -s -f libltn1.so.0.0.0 libltn1.so.0 || { rm -f libltn1.so.0 && ln -s libltn1.so.0.0.0 libltn1.so.0; }; })
libtool: install: (cd /sources/automake-1.16.1/t/instfail-libtool.dir/inst/lib/. && { ln -s -f libltn1.so.0.0.0 libltn1.so || { rm -f libltn1.so && ln -s libltn1.so.0.0.0 libltn1.so; }; })
libtool: install: /usr/bin/install -c .libs/libltn1.lai /sources/automake-1.16.1/t/instfail-libtool.dir/inst/lib/./libltn1.la
libtool: install: /usr/bin/install -c .libs/libltn2.so.0.0.0 /sources/automake-1.16.1/t/instfail-libtool.dir/inst/lib/./libltn2.so.0.0.0
libtool: install: (cd /sources/automake-1.16.1/t/instfail-libtool.dir/inst/lib/. && { ln -s -f libltn2.so.0.0.0 libltn2.so.0 || { rm -f libltn2.so.0 && ln -s libltn2.so.0.0.0 libltn2.so.0; }; })
libtool: install: (cd /sources/automake-1.16.1/t/instfail-libtool.dir/inst/lib/. && { ln -s -f libltn2.so.0.0.0 libltn2.so || { rm -f libltn2.so && ln -s libltn2.so.0.0.0 libltn2.so; }; })
libtool: install: /usr/bin/install -c .libs/libltn2.lai /sources/automake-1.16.1/t/instfail-libtool.dir/inst/lib/./libltn2.la
libtool: install: /usr/bin/install -c .libs/libltn3.so.0.0.0 /sources/automake-1.16.1/t/instfail-libtool.dir/inst/lib/./libltn3.so.0.0.0
libtool: install: (cd /sources/automake-1.16.1/t/instfail-libtool.dir/inst/lib/. && { ln -s -f libltn3.so.0.0.0 libltn3.so.0 || { rm -f libltn3.so.0 && ln -s libltn3.so.0.0.0 libltn3.so.0; }; })
libtool: install: (cd /sources/automake-1.16.1/t/instfail-libtool.dir/inst/lib/. && { ln -s -f libltn3.so.0.0.0 libltn3.so || { rm -f libltn3.so && ln -s libltn3.so.0.0.0 libltn3.so; }; })
libtool: install: /usr/bin/install -c .libs/libltn3.lai /sources/automake-1.16.1/t/instfail-libtool.dir/inst/lib/./libltn3.la
libtool: install: /usr/bin/install -c .libs/libltn1.a /sources/automake-1.16.1/t/instfail-libtool.dir/inst/lib/./libltn1.a
libtool: install: chmod 644 /sources/automake-1.16.1/t/instfail-libtool.dir/inst/lib/./libltn1.a
libtool: install: ranlib /sources/automake-1.16.1/t/instfail-libtool.dir/inst/lib/./libltn1.a
libtool: install: /usr/bin/install -c .libs/libltn2.a /sources/automake-1.16.1/t/instfail-libtool.dir/inst/lib/./libltn2.a
libtool: install: chmod 644 /sources/automake-1.16.1/t/instfail-libtool.dir/inst/lib/./libltn2.a
libtool: install: ranlib /sources/automake-1.16.1/t/instfail-libtool.dir/inst/lib/./libltn2.a
libtool: install: /usr/bin/install -c .libs/libltn3.a /sources/automake-1.16.1/t/instfail-libtool.dir/inst/lib/./libltn3.a
libtool: install: chmod 644 /sources/automake-1.16.1/t/instfail-libtool.dir/inst/lib/./libltn3.a
libtool: install: ranlib /sources/automake-1.16.1/t/instfail-libtool.dir/inst/lib/./libltn3.a
libtool: finish: PATH="/sources/automake-1.16.1/bin:/sources/automake-1.16.1/t/ax:/bin:/usr/bin:/sbin:/usr/sbin:/tools/bin:/sbin" ldconfig -n /sources/automake-1.16.1/t/instfail-libtool.dir/inst/lib/.
----------------------------------------------------------------------
Libraries have been installed in:
   /sources/automake-1.16.1/t/instfail-libtool.dir/inst/lib/.

If you ever happen to want to link against installed libraries
in a given directory, LIBDIR, you must either use libtool, and
specify the full pathname of the library, or use the '-LLIBDIR'
flag during linking and do at least one of the following:
   - add LIBDIR to the 'LD_LIBRARY_PATH' environment variable
     during execution
   - add LIBDIR to the 'LD_RUN_PATH' environment variable
     during linking
   - use the '-Wl,-rpath -Wl,LIBDIR' linker flag
   - have your system administrator add LIBDIR to '/etc/ld.so.conf'

See any operating system documentation about shared libraries for
more information, such as the ld(1) and ld.so(8) manual pages.
----------------------------------------------------------------------
 /tools/bin/mkdir -p '/sources/automake-1.16.1/t/instfail-libtool.dir/inst/bin'
  /bin/sh ./libtool   --mode=install /usr/bin/install -c prog1 prog2 prog3 '/sources/automake-1.16.1/t/instfail-libtool.dir/inst/bin'
libtool: install: /usr/bin/install -c prog1 /sources/automake-1.16.1/t/instfail-libtool.dir/inst/bin/prog1
libtool: install: /usr/bin/install -c prog2 /sources/automake-1.16.1/t/instfail-libtool.dir/inst/bin/prog2
libtool: install: /usr/bin/install -c prog3 /sources/automake-1.16.1/t/instfail-libtool.dir/inst/bin/prog3
 /tools/bin/mkdir -p '/sources/automake-1.16.1/t/instfail-libtool.dir/inst/bin'
  /bin/sh ./libtool   --mode=install /usr/bin/install -c progn1 progn2 progn3 '/sources/automake-1.16.1/t/instfail-libtool.dir/inst/bin'
libtool: install: /usr/bin/install -c progn1 /sources/automake-1.16.1/t/instfail-libtool.dir/inst/bin/progn1
libtool: install: /usr/bin/install -c progn2 /sources/automake-1.16.1/t/instfail-libtool.dir/inst/bin/progn2
libtool: install: /usr/bin/install -c progn3 /sources/automake-1.16.1/t/instfail-libtool.dir/inst/bin/progn3
make[1]: Nothing to be done for 'install-data-am'.
make[1]: Leaving directory '/sources/automake-1.16.1/t/instfail-libtool.dir'
+ make uninstall
 ( cd '/sources/automake-1.16.1/t/instfail-libtool.dir/inst/bin' && rm -f prog1 prog2 prog3 )
 /bin/sh ./libtool   --mode=uninstall rm -f '/sources/automake-1.16.1/t/instfail-libtool.dir/inst/lib/liblt1.la'
libtool: uninstall: rm -f /sources/automake-1.16.1/t/instfail-libtool.dir/inst/lib/liblt1.la /sources/automake-1.16.1/t/instfail-libtool.dir/inst/lib/liblt1.so.0.0.0 /sources/automake-1.16.1/t/instfail-libtool.dir/inst/lib/liblt1.so.0 /sources/automake-1.16.1/t/instfail-libtool.dir/inst/lib/liblt1.so /sources/automake-1.16.1/t/instfail-libtool.dir/inst/lib/liblt1.a
 /bin/sh ./libtool   --mode=uninstall rm -f '/sources/automake-1.16.1/t/instfail-libtool.dir/inst/lib/liblt2.la'
libtool: uninstall: rm -f /sources/automake-1.16.1/t/instfail-libtool.dir/inst/lib/liblt2.la /sources/automake-1.16.1/t/instfail-libtool.dir/inst/lib/liblt2.so.0.0.0 /sources/automake-1.16.1/t/instfail-libtool.dir/inst/lib/liblt2.so.0 /sources/automake-1.16.1/t/instfail-libtool.dir/inst/lib/liblt2.so /sources/automake-1.16.1/t/instfail-libtool.dir/inst/lib/liblt2.a
 /bin/sh ./libtool   --mode=uninstall rm -f '/sources/automake-1.16.1/t/instfail-libtool.dir/inst/lib/liblt3.la'
libtool: uninstall: rm -f /sources/automake-1.16.1/t/instfail-libtool.dir/inst/lib/liblt3.la /sources/automake-1.16.1/t/instfail-libtool.dir/inst/lib/liblt3.so.0.0.0 /sources/automake-1.16.1/t/instfail-libtool.dir/inst/lib/liblt3.so.0 /sources/automake-1.16.1/t/instfail-libtool.dir/inst/lib/liblt3.so /sources/automake-1.16.1/t/instfail-libtool.dir/inst/lib/liblt3.a
 ( cd '/sources/automake-1.16.1/t/instfail-libtool.dir/inst/bin' && rm -f progn1 progn2 progn3 )
 /bin/sh ./libtool   --mode=uninstall rm -f '/sources/automake-1.16.1/t/instfail-libtool.dir/inst/lib/libltn1.la'
libtool: uninstall: rm -f /sources/automake-1.16.1/t/instfail-libtool.dir/inst/lib/libltn1.la /sources/automake-1.16.1/t/instfail-libtool.dir/inst/lib/libltn1.so.0.0.0 /sources/automake-1.16.1/t/instfail-libtool.dir/inst/lib/libltn1.so.0 /sources/automake-1.16.1/t/instfail-libtool.dir/inst/lib/libltn1.so /sources/automake-1.16.1/t/instfail-libtool.dir/inst/lib/libltn1.a
 /bin/sh ./libtool   --mode=uninstall rm -f '/sources/automake-1.16.1/t/instfail-libtool.dir/inst/lib/libltn2.la'
libtool: uninstall: rm -f /sources/automake-1.16.1/t/instfail-libtool.dir/inst/lib/libltn2.la /sources/automake-1.16.1/t/instfail-libtool.dir/inst/lib/libltn2.so.0.0.0 /sources/automake-1.16.1/t/instfail-libtool.dir/inst/lib/libltn2.so.0 /sources/automake-1.16.1/t/instfail-libtool.dir/inst/lib/libltn2.so /sources/automake-1.16.1/t/instfail-libtool.dir/inst/lib/libltn2.a
 /bin/sh ./libtool   --mode=uninstall rm -f '/sources/automake-1.16.1/t/instfail-libtool.dir/inst/lib/libltn3.la'
libtool: uninstall: rm -f /sources/automake-1.16.1/t/instfail-libtool.dir/inst/lib/libltn3.la /sources/automake-1.16.1/t/instfail-libtool.dir/inst/lib/libltn3.so.0.0.0 /sources/automake-1.16.1/t/instfail-libtool.dir/inst/lib/libltn3.so.0 /sources/automake-1.16.1/t/instfail-libtool.dir/inst/lib/libltn3.so /sources/automake-1.16.1/t/instfail-libtool.dir/inst/lib/libltn3.a
+ for file in liblt1.la libltn1.la
+ chmod a-r liblt1.la
+ test '!' -r liblt1.la
+ skip_ 'cannot drop file read permissions'
+ warn_ 'instfail-libtool: skipped test: cannot drop file read permissions'
+ echo 'instfail-libtool: skipped test: cannot drop file read permissions'
+ _am_exit 77
+ set +e
+ test 77 = 77
+ am__test_skipped=yes
+ exit 77
+ exit 77
+ am_exit_trap 77
+ exit_status=77
+ set +e
+ cd /sources/automake-1.16.1
+ test none = tap
+ case $am_explicit_skips in
+ test 77 -eq 0
+ keep_testdirs=yes
+ am_keeping_testdirs
+ case $keep_testdirs in
+ return 0
+ set +x
SKIP t/instfail-libtool.sh (exit status: 77)
