instfail-info: running makeinfo --version
Unescaped left brace in regex is deprecated here (and will be fatal in Perl 5.32), passed through in regex; marked by <-- HERE in m/^\s+@([[:alnum:]][[:alnum:]\-]*)({ <-- HERE })?\s*/ at /tools/share/texinfo/Texinfo/Parser.pm line 5481.
Unescaped left brace in regex is deprecated here (and will be fatal in Perl 5.32), passed through in regex; marked by <-- HERE in m/^\s+@([[:alnum:]][[:alnum:]\-]*)({ <-- HERE })?\s*(\@(c|comment)((\@|\s+).*)?)?/ at /tools/share/texinfo/Texinfo/Parser.pm line 5485.
texi2any (GNU texinfo) 6.5

Copyright (C) 2017 Free Software Foundation, Inc.
License GPLv3+: GNU GPL version 3 or later <http://gnu.org/licenses/gpl.html>
This is free software: you are free to change and redistribute it.
There is NO WARRANTY, to the extent permitted by law.
Running from installcheck: no
Test Protocol: none
PATH = /sources/automake-1.16.1/bin:/sources/automake-1.16.1/t/ax:/bin:/usr/bin:/sbin:/usr/sbin:/tools/bin
++ pwd
/sources/automake-1.16.1/t/instfail-info.dir
+ cat
+ cat
+ for n in 1 2 3
+ cat
+ for n in 1 2 3
+ cat
+ for n in 1 2 3
+ cat
+ aclocal-1.16 -Werror
+ autoconf
+ automake-1.16 --foreign -Werror -Wall --add-missing
Makefile.am:1: installing './texinfo.tex'
++ pwd
+ instdir=/sources/automake-1.16.1/t/instfail-info.dir/inst
+ ./configure --prefix=/sources/automake-1.16.1/t/instfail-info.dir/inst
checking for a BSD-compatible install... /usr/bin/install -c
checking whether build environment is sane... yes
checking for a thread-safe mkdir -p... /tools/bin/mkdir -p
checking for gawk... gawk
checking whether make sets $(MAKE)... yes
checking whether make supports nested variables... yes
checking that generated files are newer than configure... done
configure: creating ./config.status
config.status: creating Makefile
+ make
restore=: && backupdir=".am$$" && \
am__cwd=`pwd` && CDPATH="${ZSH_VERSION+.}:" && cd . && \
rm -rf $backupdir && mkdir $backupdir && \
if (/bin/sh /sources/automake-1.16.1/t/instfail-info.dir/missing makeinfo --version) >/dev/null 2>&1; then \
  for f in info1.info info1.info-[0-9] info1.info-[0-9][0-9] info1.i[0-9] info1.i[0-9][0-9]; do \
    if test -f $f; then mv $f $backupdir; restore=mv; else :; fi; \
  done; \
else :; fi && \
cd "$am__cwd"; \
if /bin/sh /sources/automake-1.16.1/t/instfail-info.dir/missing makeinfo   -I . \
 -o info1.info info1.texi; \
then \
  rc=0; \
  CDPATH="${ZSH_VERSION+.}:" && cd .; \
else \
  rc=$?; \
  CDPATH="${ZSH_VERSION+.}:" && cd . && \
  $restore $backupdir/* `echo "./info1.info" | sed 's|[^/]*$||'`; \
fi; \
rm -rf $backupdir; exit $rc
Unescaped left brace in regex is deprecated here (and will be fatal in Perl 5.32), passed through in regex; marked by <-- HERE in m/^\s+@([[:alnum:]][[:alnum:]\-]*)({ <-- HERE })?\s*/ at /tools/share/texinfo/Texinfo/Parser.pm line 5481.
Unescaped left brace in regex is deprecated here (and will be fatal in Perl 5.32), passed through in regex; marked by <-- HERE in m/^\s+@([[:alnum:]][[:alnum:]\-]*)({ <-- HERE })?\s*(\@(c|comment)((\@|\s+).*)?)?/ at /tools/share/texinfo/Texinfo/Parser.pm line 5485.
restore=: && backupdir=".am$$" && \
am__cwd=`pwd` && CDPATH="${ZSH_VERSION+.}:" && cd . && \
rm -rf $backupdir && mkdir $backupdir && \
if (/bin/sh /sources/automake-1.16.1/t/instfail-info.dir/missing makeinfo --version) >/dev/null 2>&1; then \
  for f in info2.info info2.info-[0-9] info2.info-[0-9][0-9] info2.i[0-9] info2.i[0-9][0-9]; do \
    if test -f $f; then mv $f $backupdir; restore=mv; else :; fi; \
  done; \
else :; fi && \
cd "$am__cwd"; \
if /bin/sh /sources/automake-1.16.1/t/instfail-info.dir/missing makeinfo   -I . \
 -o info2.info info2.texi; \
then \
  rc=0; \
  CDPATH="${ZSH_VERSION+.}:" && cd .; \
else \
  rc=$?; \
  CDPATH="${ZSH_VERSION+.}:" && cd . && \
  $restore $backupdir/* `echo "./info2.info" | sed 's|[^/]*$||'`; \
fi; \
rm -rf $backupdir; exit $rc
Unescaped left brace in regex is deprecated here (and will be fatal in Perl 5.32), passed through in regex; marked by <-- HERE in m/^\s+@([[:alnum:]][[:alnum:]\-]*)({ <-- HERE })?\s*/ at /tools/share/texinfo/Texinfo/Parser.pm line 5481.
Unescaped left brace in regex is deprecated here (and will be fatal in Perl 5.32), passed through in regex; marked by <-- HERE in m/^\s+@([[:alnum:]][[:alnum:]\-]*)({ <-- HERE })?\s*(\@(c|comment)((\@|\s+).*)?)?/ at /tools/share/texinfo/Texinfo/Parser.pm line 5485.
restore=: && backupdir=".am$$" && \
am__cwd=`pwd` && CDPATH="${ZSH_VERSION+.}:" && cd . && \
rm -rf $backupdir && mkdir $backupdir && \
if (/bin/sh /sources/automake-1.16.1/t/instfail-info.dir/missing makeinfo --version) >/dev/null 2>&1; then \
  for f in info3.info info3.info-[0-9] info3.info-[0-9][0-9] info3.i[0-9] info3.i[0-9][0-9]; do \
    if test -f $f; then mv $f $backupdir; restore=mv; else :; fi; \
  done; \
else :; fi && \
cd "$am__cwd"; \
if /bin/sh /sources/automake-1.16.1/t/instfail-info.dir/missing makeinfo   -I . \
 -o info3.info info3.texi; \
then \
  rc=0; \
  CDPATH="${ZSH_VERSION+.}:" && cd .; \
else \
  rc=$?; \
  CDPATH="${ZSH_VERSION+.}:" && cd . && \
  $restore $backupdir/* `echo "./info3.info" | sed 's|[^/]*$||'`; \
fi; \
rm -rf $backupdir; exit $rc
Unescaped left brace in regex is deprecated here (and will be fatal in Perl 5.32), passed through in regex; marked by <-- HERE in m/^\s+@([[:alnum:]][[:alnum:]\-]*)({ <-- HERE })?\s*/ at /tools/share/texinfo/Texinfo/Parser.pm line 5481.
Unescaped left brace in regex is deprecated here (and will be fatal in Perl 5.32), passed through in regex; marked by <-- HERE in m/^\s+@([[:alnum:]][[:alnum:]\-]*)({ <-- HERE })?\s*(\@(c|comment)((\@|\s+).*)?)?/ at /tools/share/texinfo/Texinfo/Parser.pm line 5485.
+ make install
make[1]: Entering directory '/sources/automake-1.16.1/t/instfail-info.dir'
make[1]: Nothing to be done for 'install-exec-am'.
 /tools/bin/mkdir -p '/sources/automake-1.16.1/t/instfail-info.dir/inst/share/info'
 /usr/bin/install -c -m 644 ./info1.info ./info2.info ./info3.info '/sources/automake-1.16.1/t/instfail-info.dir/inst/share/info'
 install-info --info-dir='/sources/automake-1.16.1/t/instfail-info.dir/inst/share/info' '/sources/automake-1.16.1/t/instfail-info.dir/inst/share/info/info1.info'
install-info: warning: no info dir entry in `/sources/automake-1.16.1/t/instfail-info.dir/inst/share/info/info1.info'
 install-info --info-dir='/sources/automake-1.16.1/t/instfail-info.dir/inst/share/info' '/sources/automake-1.16.1/t/instfail-info.dir/inst/share/info/info2.info'
install-info: warning: no info dir entry in `/sources/automake-1.16.1/t/instfail-info.dir/inst/share/info/info2.info'
 install-info --info-dir='/sources/automake-1.16.1/t/instfail-info.dir/inst/share/info' '/sources/automake-1.16.1/t/instfail-info.dir/inst/share/info/info3.info'
install-info: warning: no info dir entry in `/sources/automake-1.16.1/t/instfail-info.dir/inst/share/info/info3.info'
make[1]: Leaving directory '/sources/automake-1.16.1/t/instfail-info.dir'
+ make uninstall
 rm -f '/sources/automake-1.16.1/t/instfail-info.dir/inst/share/doc/instfail-info/info1.dvi'
 rm -f '/sources/automake-1.16.1/t/instfail-info.dir/inst/share/doc/instfail-info/info2.dvi'
 rm -f '/sources/automake-1.16.1/t/instfail-info.dir/inst/share/doc/instfail-info/info3.dvi'
 rm -rf '/sources/automake-1.16.1/t/instfail-info.dir/inst/share/doc/instfail-info/info1.html'
 rm -rf '/sources/automake-1.16.1/t/instfail-info.dir/inst/share/doc/instfail-info/info2.html'
 rm -rf '/sources/automake-1.16.1/t/instfail-info.dir/inst/share/doc/instfail-info/info3.html'
 install-info --info-dir='/sources/automake-1.16.1/t/instfail-info.dir/inst/share/info' --remove '/sources/automake-1.16.1/t/instfail-info.dir/inst/share/info/info1.info'
install-info: warning: no entries found for `/sources/automake-1.16.1/t/instfail-info.dir/inst/share/info/info1.info'; nothing deleted
 install-info --info-dir='/sources/automake-1.16.1/t/instfail-info.dir/inst/share/info' --remove '/sources/automake-1.16.1/t/instfail-info.dir/inst/share/info/info2.info'
install-info: warning: no entries found for `/sources/automake-1.16.1/t/instfail-info.dir/inst/share/info/info2.info'; nothing deleted
 install-info --info-dir='/sources/automake-1.16.1/t/instfail-info.dir/inst/share/info' --remove '/sources/automake-1.16.1/t/instfail-info.dir/inst/share/info/info3.info'
install-info: warning: no entries found for `/sources/automake-1.16.1/t/instfail-info.dir/inst/share/info/info3.info'; nothing deleted
 cd '/sources/automake-1.16.1/t/instfail-info.dir/inst/share/info' && rm -f info1.info info1.info-[0-9] info1.info-[0-9][0-9] info1.i[0-9] info1.i[0-9][0-9]
 cd '/sources/automake-1.16.1/t/instfail-info.dir/inst/share/info' && rm -f info2.info info2.info-[0-9] info2.info-[0-9][0-9] info2.i[0-9] info2.i[0-9][0-9]
 cd '/sources/automake-1.16.1/t/instfail-info.dir/inst/share/info' && rm -f info3.info info3.info-[0-9] info3.info-[0-9][0-9] info3.i[0-9] info3.i[0-9][0-9]
 rm -f '/sources/automake-1.16.1/t/instfail-info.dir/inst/share/doc/instfail-info/info1.pdf'
 rm -f '/sources/automake-1.16.1/t/instfail-info.dir/inst/share/doc/instfail-info/info2.pdf'
 rm -f '/sources/automake-1.16.1/t/instfail-info.dir/inst/share/doc/instfail-info/info3.pdf'
 rm -f '/sources/automake-1.16.1/t/instfail-info.dir/inst/share/doc/instfail-info/info1.ps'
 rm -f '/sources/automake-1.16.1/t/instfail-info.dir/inst/share/doc/instfail-info/info2.ps'
 rm -f '/sources/automake-1.16.1/t/instfail-info.dir/inst/share/doc/instfail-info/info3.ps'
+ for file in info1.info
+ chmod a-r info1.info
+ test '!' -r info1.info
+ skip_ 'cannot drop file read permissions'
+ warn_ 'instfail-info: skipped test: cannot drop file read permissions'
+ echo 'instfail-info: skipped test: cannot drop file read permissions'
+ _am_exit 77
+ set +e
+ test 77 = 77
+ am__test_skipped=yes
+ exit 77
+ exit 77
+ am_exit_trap 77
+ exit_status=77
+ set +e
+ cd /sources/automake-1.16.1
+ test none = tap
+ case $am_explicit_skips in
+ test 77 -eq 0
+ keep_testdirs=yes
+ am_keeping_testdirs
+ case $keep_testdirs in
+ return 0
+ set +x
SKIP t/instfail-info.sh (exit status: 77)
