Running from installcheck: no
Test Protocol: none
PATH = /sources/automake-1.16.1/bin:/sources/automake-1.16.1/t/ax:/bin:/usr/bin:/sbin:/usr/sbin:/tools/bin
++ pwd
/sources/automake-1.16.1/t/java-no-duplicate.dir
+ cat
+ aclocal-1.16 -Werror
+ automake-1.16 --foreign -Werror -Wall
+ /bin/grep -E -i '\.stamp|\.class|java|classpath' Makefile.in
	$(am__configure_deps) $(dist_java_JAVA) \
	$(nobase_dist_java_JAVA) $(am__DIST_COMMON)
JAVAC = javac
CLASSPATH_ENV = CLASSPATH=$(JAVAROOT):$(srcdir)/$(JAVAROOT)$${CLASSPATH:+":$$CLASSPATH"}
JAVAROOT = $(top_builddir)
am__installdirs = "$(DESTDIR)$(javadir)" "$(DESTDIR)$(javadir)" \
	"$(DESTDIR)$(javadir)" "$(DESTDIR)$(javadir)" \
	"$(DESTDIR)$(javadir)" "$(DESTDIR)$(javadir)"
am__java_sources = $(dist_java_JAVA) $(java_JAVA) \
	$(nobase_dist_java_JAVA) $(nobase_java_JAVA) \
	$(nobase_nodist_java_JAVA) $(nodist_java_JAVA)
javadir = $(datadir)/java
java_JAVA = a.java
dist_java_JAVA = b.java
nodist_java_JAVA = c.java
nobase_java_JAVA = d.java
nobase_dist_java_JAVA = e.java
nobase_nodist_java_JAVA = f.java
classjava.stamp: $(am__java_sources)
	  echo '$(CLASSPATH_ENV) $(JAVAC) -d $(JAVAROOT) $(AM_JAVACFLAGS) $(JAVACFLAGS) '"$$list2"; \
	  $(CLASSPATH_ENV) $(JAVAC) -d $(JAVAROOT) $(AM_JAVACFLAGS) $(JAVACFLAGS) $$list2; \
install-dist_javaJAVA: classjava.stamp
	@test -n "$(dist_java_JAVA)" && test -n "$(javadir)" || exit 0; \
	echo " $(MKDIR_P) '$(DESTDIR)$(javadir)'"; \
	$(MKDIR_P) "$(DESTDIR)$(javadir)"; \
	set x *.class; shift; test "$$1" != "*.class" || exit 0; \
	echo " $(INSTALL_DATA)" "$$@" "'$(DESTDIR)$(javadir)/$$p'"; \
	$(INSTALL_DATA) "$$@" "$(DESTDIR)$(javadir)"
uninstall-dist_javaJAVA:
	@test -n "$(dist_java_JAVA)" && test -n "$(javadir)" || exit 0; \
	set x *.class; shift; test "$$1" != "*.class" || exit 0; \
	echo " ( cd '$(DESTDIR)$(javadir)' && rm -f" "$$@" ")"; \
	cd "$(DESTDIR)$(javadir)" && rm -f "$$@"
clean-javaJAVA:
	-rm -f *.class classjava.stamp
install-javaJAVA: classjava.stamp
	@test -n "$(java_JAVA)" && test -n "$(javadir)" || exit 0; \
	echo " $(MKDIR_P) '$(DESTDIR)$(javadir)'"; \
	$(MKDIR_P) "$(DESTDIR)$(javadir)"; \
	set x *.class; shift; test "$$1" != "*.class" || exit 0; \
	echo " $(INSTALL_DATA)" "$$@" "'$(DESTDIR)$(javadir)/$$p'"; \
	$(INSTALL_DATA) "$$@" "$(DESTDIR)$(javadir)"
uninstall-javaJAVA:
	@test -n "$(java_JAVA)" && test -n "$(javadir)" || exit 0; \
	set x *.class; shift; test "$$1" != "*.class" || exit 0; \
	echo " ( cd '$(DESTDIR)$(javadir)' && rm -f" "$$@" ")"; \
	cd "$(DESTDIR)$(javadir)" && rm -f "$$@"
install-nobase_dist_javaJAVA: classjava.stamp
	@test -n "$(nobase_dist_java_JAVA)" && test -n "$(javadir)" || exit 0; \
	echo " $(MKDIR_P) '$(DESTDIR)$(javadir)'"; \
	$(MKDIR_P) "$(DESTDIR)$(javadir)"; \
	set x *.class; shift; test "$$1" != "*.class" || exit 0; \
	echo " $(INSTALL_DATA)" "$$@" "'$(DESTDIR)$(javadir)/$$p'"; \
	$(INSTALL_DATA) "$$@" "$(DESTDIR)$(javadir)"
uninstall-nobase_dist_javaJAVA:
	@test -n "$(nobase_dist_java_JAVA)" && test -n "$(javadir)" || exit 0; \
	set x *.class; shift; test "$$1" != "*.class" || exit 0; \
	echo " ( cd '$(DESTDIR)$(javadir)' && rm -f" "$$@" ")"; \
	cd "$(DESTDIR)$(javadir)" && rm -f "$$@"
install-nobase_javaJAVA: classjava.stamp
	@test -n "$(nobase_java_JAVA)" && test -n "$(javadir)" || exit 0; \
	echo " $(MKDIR_P) '$(DESTDIR)$(javadir)'"; \
	$(MKDIR_P) "$(DESTDIR)$(javadir)"; \
	set x *.class; shift; test "$$1" != "*.class" || exit 0; \
	echo " $(INSTALL_DATA)" "$$@" "'$(DESTDIR)$(javadir)/$$p'"; \
	$(INSTALL_DATA) "$$@" "$(DESTDIR)$(javadir)"
uninstall-nobase_javaJAVA:
	@test -n "$(nobase_java_JAVA)" && test -n "$(javadir)" || exit 0; \
	set x *.class; shift; test "$$1" != "*.class" || exit 0; \
	echo " ( cd '$(DESTDIR)$(javadir)' && rm -f" "$$@" ")"; \
	cd "$(DESTDIR)$(javadir)" && rm -f "$$@"
install-nobase_nodist_javaJAVA: classjava.stamp
	@test -n "$(nobase_nodist_java_JAVA)" && test -n "$(javadir)" || exit 0; \
	echo " $(MKDIR_P) '$(DESTDIR)$(javadir)'"; \
	$(MKDIR_P) "$(DESTDIR)$(javadir)"; \
	set x *.class; shift; test "$$1" != "*.class" || exit 0; \
	echo " $(INSTALL_DATA)" "$$@" "'$(DESTDIR)$(javadir)/$$p'"; \
	$(INSTALL_DATA) "$$@" "$(DESTDIR)$(javadir)"
uninstall-nobase_nodist_javaJAVA:
	@test -n "$(nobase_nodist_java_JAVA)" && test -n "$(javadir)" || exit 0; \
	set x *.class; shift; test "$$1" != "*.class" || exit 0; \
	echo " ( cd '$(DESTDIR)$(javadir)' && rm -f" "$$@" ")"; \
	cd "$(DESTDIR)$(javadir)" && rm -f "$$@"
install-nodist_javaJAVA: classjava.stamp
	@test -n "$(nodist_java_JAVA)" && test -n "$(javadir)" || exit 0; \
	echo " $(MKDIR_P) '$(DESTDIR)$(javadir)'"; \
	$(MKDIR_P) "$(DESTDIR)$(javadir)"; \
	set x *.class; shift; test "$$1" != "*.class" || exit 0; \
	echo " $(INSTALL_DATA)" "$$@" "'$(DESTDIR)$(javadir)/$$p'"; \
	$(INSTALL_DATA) "$$@" "$(DESTDIR)$(javadir)"
uninstall-nodist_javaJAVA:
	@test -n "$(nodist_java_JAVA)" && test -n "$(javadir)" || exit 0; \
	set x *.class; shift; test "$$1" != "*.class" || exit 0; \
	echo " ( cd '$(DESTDIR)$(javadir)' && rm -f" "$$@" ")"; \
	cd "$(DESTDIR)$(javadir)" && rm -f "$$@"
all-am: Makefile classjava.stamp
	for dir in "$(DESTDIR)$(javadir)" "$(DESTDIR)$(javadir)" "$(DESTDIR)$(javadir)" "$(DESTDIR)$(javadir)" "$(DESTDIR)$(javadir)" "$(DESTDIR)$(javadir)"; do \
clean-am: clean-generic clean-javaJAVA mostlyclean-am
install-data-am: install-dist_javaJAVA install-javaJAVA \
	install-nobase_dist_javaJAVA install-nobase_javaJAVA \
	install-nobase_nodist_javaJAVA install-nodist_javaJAVA
uninstall-am: uninstall-dist_javaJAVA uninstall-javaJAVA \
	uninstall-nobase_dist_javaJAVA uninstall-nobase_javaJAVA \
	uninstall-nobase_nodist_javaJAVA uninstall-nodist_javaJAVA
	clean-javaJAVA cscopelist-am ctags-am dist dist-all dist-bzip2 \
	install-dist_javaJAVA install-dvi install-dvi-am install-exec \
	install-info-am install-javaJAVA install-man \
	install-nobase_dist_javaJAVA install-nobase_javaJAVA \
	install-nobase_nodist_javaJAVA install-nodist_javaJAVA \
	uninstall-am uninstall-dist_javaJAVA uninstall-javaJAVA \
	uninstall-nobase_dist_javaJAVA uninstall-nobase_javaJAVA \
	uninstall-nobase_nodist_javaJAVA uninstall-nodist_javaJAVA
+ for var in JAVAC JAVAROOT CLASSPATH_ENV am__java_sources
+ grep '^JAVAC =' Makefile.in
JAVAC = javac
++ grep -c '^[ 	]*JAVAC[ 	]*=' Makefile.in
+ test 1 -eq 1
+ for var in JAVAC JAVAROOT CLASSPATH_ENV am__java_sources
+ grep '^JAVAROOT =' Makefile.in
JAVAROOT = $(top_builddir)
++ grep -c '^[ 	]*JAVAROOT[ 	]*=' Makefile.in
+ test 1 -eq 1
+ for var in JAVAC JAVAROOT CLASSPATH_ENV am__java_sources
+ grep '^CLASSPATH_ENV =' Makefile.in
CLASSPATH_ENV = CLASSPATH=$(JAVAROOT):$(srcdir)/$(JAVAROOT)$${CLASSPATH:+":$$CLASSPATH"}
++ grep -c '^[ 	]*CLASSPATH_ENV[ 	]*=' Makefile.in
+ test 1 -eq 1
+ for var in JAVAC JAVAROOT CLASSPATH_ENV am__java_sources
+ grep '^am__java_sources =' Makefile.in
am__java_sources = $(dist_java_JAVA) $(java_JAVA) \
++ grep -c '^[ 	]*am__java_sources[ 	]*=' Makefile.in
+ test 1 -eq 1
+ grep '^classjava\.stamp:' Makefile.in
classjava.stamp: $(am__java_sources)
++ grep -c 'class.*java.*\.stamp.*:' Makefile.in
+ test 1 -eq 1
+ :
+ am_exit_trap 0
+ exit_status=0
+ set +e
+ cd /sources/automake-1.16.1
+ test none = tap
+ case $am_explicit_skips in
+ test 0 -eq 0
+ am_keeping_testdirs
+ case $keep_testdirs in
+ return 1
+ rm_rf_ t/java-no-duplicate.dir
+ test 1 -gt 0
+ /usr/bin/perl /sources/automake-1.16.1/t/ax/deltree.pl t/java-no-duplicate.dir
+ set +x
PASS t/java-no-duplicate.sh (exit status: 0)
