Running from installcheck: no
Test Protocol: none
PATH = /sources/automake-1.16.1/bin:/sources/automake-1.16.1/t/ax:/bin:/usr/bin:/sbin:/usr/sbin:/tools/bin
++ pwd
/sources/automake-1.16.1/t/lex-clean-cxx.dir
+ cat
+ cat
+ cat
+ cp parsefoo.lxx parsebar.ll
+ cat
+ cp mainfoo.cc mainbar.cpp
+ cp mainfoo.cc mainbaz.c++
+ cp mainfoo.cc mainqux.cxx
+ aclocal-1.16 -Werror
+ autoconf
+ automake-1.16 --foreign -Werror -Wall -a
configure.ac: installing './ylwrap'
+ ./configure
checking for a BSD-compatible install... /usr/bin/install -c
checking whether build environment is sane... yes
checking for a thread-safe mkdir -p... /tools/bin/mkdir -p
checking for gawk... gawk
checking whether make sets $(MAKE)... yes
checking whether make supports nested variables... yes
checking whether the C++ compiler works... yes
checking for C++ compiler default output file name... a.out
checking for suffix of executables... 
checking whether we are cross compiling... no
checking for suffix of object files... o
checking whether we are using the GNU C++ compiler... yes
checking whether c++ accepts -g... yes
checking whether make supports the include directive... yes (GNU style)
checking dependency style of c++... gcc3
checking for gcc... gcc
checking whether we are using the GNU C compiler... yes
checking whether gcc accepts -g... yes
checking for gcc option to accept ISO C89... none needed
checking whether gcc understands -c and -o together... yes
checking dependency style of gcc... gcc3
checking for flex... lex
checking lex output file root... lex.yy
checking lex library... -lfl
checking whether yytext is a pointer... yes
checking that generated files are newer than configure... done
configure: creating ./config.status
config.status: creating Makefile
config.status: executing depfiles commands
+ cp config.status config.sav
+ make
c++ -DPACKAGE_NAME=\"lex-clean-cxx\" -DPACKAGE_TARNAME=\"lex-clean-cxx\" -DPACKAGE_VERSION=\"1.0\" -DPACKAGE_STRING=\"lex-clean-cxx\ 1.0\" -DPACKAGE_BUGREPORT=\"\" -DPACKAGE_URL=\"\" -DPACKAGE=\"lex-clean-cxx\" -DVERSION=\"1.0\" -DYYTEXT_POINTER=1 -I.     -g -O2 -MT mainfoo.o -MD -MP -MF .deps/mainfoo.Tpo -c -o mainfoo.o mainfoo.cc
mv -f .deps/mainfoo.Tpo .deps/mainfoo.Po
/bin/sh ./ylwrap parsefoo.lxx lex.yy.c parsefoo.cxx -- lex  
c++ -DPACKAGE_NAME=\"lex-clean-cxx\" -DPACKAGE_TARNAME=\"lex-clean-cxx\" -DPACKAGE_VERSION=\"1.0\" -DPACKAGE_STRING=\"lex-clean-cxx\ 1.0\" -DPACKAGE_BUGREPORT=\"\" -DPACKAGE_URL=\"\" -DPACKAGE=\"lex-clean-cxx\" -DVERSION=\"1.0\" -DYYTEXT_POINTER=1 -I.     -g -O2 -MT parsefoo.o -MD -MP -MF .deps/parsefoo.Tpo -c -o parsefoo.o parsefoo.cxx
mv -f .deps/parsefoo.Tpo .deps/parsefoo.Po
c++  -g -O2   -o foo mainfoo.o parsefoo.o -lfl 
c++ -DPACKAGE_NAME=\"lex-clean-cxx\" -DPACKAGE_TARNAME=\"lex-clean-cxx\" -DPACKAGE_VERSION=\"1.0\" -DPACKAGE_STRING=\"lex-clean-cxx\ 1.0\" -DPACKAGE_BUGREPORT=\"\" -DPACKAGE_URL=\"\" -DPACKAGE=\"lex-clean-cxx\" -DVERSION=\"1.0\" -DYYTEXT_POINTER=1 -I.     -g -O2 -MT mainbar.o -MD -MP -MF .deps/mainbar.Tpo -c -o mainbar.o mainbar.cpp
mv -f .deps/mainbar.Tpo .deps/mainbar.Po
\
 \
/bin/sh ./ylwrap `test -f 'parsebar.ll' || echo './'`parsebar.ll lex.yy.c bar-parsebar.cc -- lex  
c++ -DPACKAGE_NAME=\"lex-clean-cxx\" -DPACKAGE_TARNAME=\"lex-clean-cxx\" -DPACKAGE_VERSION=\"1.0\" -DPACKAGE_STRING=\"lex-clean-cxx\ 1.0\" -DPACKAGE_BUGREPORT=\"\" -DPACKAGE_URL=\"\" -DPACKAGE=\"lex-clean-cxx\" -DVERSION=\"1.0\" -DYYTEXT_POINTER=1 -I.     -g -O2 -MT bar-parsebar.o -MD -MP -MF .deps/bar-parsebar.Tpo -c -o bar-parsebar.o bar-parsebar.cc
mv -f .deps/bar-parsebar.Tpo .deps/bar-parsebar.Po
c++  -g -O2   -o bar mainbar.o bar-parsebar.o -lfl 
c++ -DPACKAGE_NAME=\"lex-clean-cxx\" -DPACKAGE_TARNAME=\"lex-clean-cxx\" -DPACKAGE_VERSION=\"1.0\" -DPACKAGE_STRING=\"lex-clean-cxx\ 1.0\" -DPACKAGE_BUGREPORT=\"\" -DPACKAGE_URL=\"\" -DPACKAGE=\"lex-clean-cxx\" -DVERSION=\"1.0\" -DYYTEXT_POINTER=1 -I.     -g -O2 -MT mainbaz.o -MD -MP -MF .deps/mainbaz.Tpo -c -o mainbaz.o mainbaz.c++
mv -f .deps/mainbaz.Tpo .deps/mainbaz.Po
cp ./parsefoo.lxx parsebaz.l++
\
/bin/sh ./ylwrap `test -f 'parsebaz.l++' || echo './'`parsebaz.l++ lex.yy.c parsebaz.c++ -- lex  
c++ -DPACKAGE_NAME=\"lex-clean-cxx\" -DPACKAGE_TARNAME=\"lex-clean-cxx\" -DPACKAGE_VERSION=\"1.0\" -DPACKAGE_STRING=\"lex-clean-cxx\ 1.0\" -DPACKAGE_BUGREPORT=\"\" -DPACKAGE_URL=\"\" -DPACKAGE=\"lex-clean-cxx\" -DVERSION=\"1.0\" -DYYTEXT_POINTER=1 -I.     -g -O2 -MT parsebaz.o -MD -MP -MF .deps/parsebaz.Tpo -c -o parsebaz.o parsebaz.c++
mv -f .deps/parsebaz.Tpo .deps/parsebaz.Po
c++  -g -O2   -o baz mainbaz.o parsebaz.o -lfl 
c++ -DPACKAGE_NAME=\"lex-clean-cxx\" -DPACKAGE_TARNAME=\"lex-clean-cxx\" -DPACKAGE_VERSION=\"1.0\" -DPACKAGE_STRING=\"lex-clean-cxx\ 1.0\" -DPACKAGE_BUGREPORT=\"\" -DPACKAGE_URL=\"\" -DPACKAGE=\"lex-clean-cxx\" -DVERSION=\"1.0\" -DYYTEXT_POINTER=1 -I.     -g -O2 -MT mainqux.o -MD -MP -MF .deps/mainqux.Tpo -c -o mainqux.o mainqux.cxx
mv -f .deps/mainqux.Tpo .deps/mainqux.Po
cp ./parsefoo.lxx parsequx.lpp
\
/bin/sh ./ylwrap `test -f 'parsequx.lpp' || echo './'`parsequx.lpp lex.yy.c qux-parsequx.cpp -- lex  
c++ -DPACKAGE_NAME=\"lex-clean-cxx\" -DPACKAGE_TARNAME=\"lex-clean-cxx\" -DPACKAGE_VERSION=\"1.0\" -DPACKAGE_STRING=\"lex-clean-cxx\ 1.0\" -DPACKAGE_BUGREPORT=\"\" -DPACKAGE_URL=\"\" -DPACKAGE=\"lex-clean-cxx\" -DVERSION=\"1.0\" -DYYTEXT_POINTER=1 -I.     -g -O2 -MT qux-parsequx.o -MD -MP -MF .deps/qux-parsequx.Tpo -c -o qux-parsequx.o qux-parsequx.cpp
mv -f .deps/qux-parsequx.Tpo .deps/qux-parsequx.Po
c++  -g -O2   -o qux mainqux.o qux-parsequx.o -lfl 
+ ls -l
total 1084
-rw-r--r-- 1 root root  30303 Nov 27 06:42 Makefile
-rw-r--r-- 1 root root    400 Nov 27 06:42 Makefile.am
-rw-r--r-- 1 root root  31414 Nov 27 06:42 Makefile.in
-rw-r--r-- 1 root root  41888 Nov 27 06:42 aclocal.m4
drwxr-xr-x 2 root root   4096 Nov 27 06:42 autom4te.cache
-rwxr-xr-x 1 root root  53464 Nov 27 06:42 bar
-rw-r--r-- 1 root root  44500 Nov 27 06:42 bar-parsebar.cc
-rw-r--r-- 1 root root  44296 Nov 27 06:42 bar-parsebar.o
-rwxr-xr-x 1 root root  53464 Nov 27 06:42 baz
-rwxr-xr-x 1 root root   7383 Nov 27 06:42 compile
-rw-r--r-- 1 root root  60711 Nov 27 06:42 config.log
-rwxr-xr-x 1 root root  29435 Nov 27 06:42 config.sav
-rwxr-xr-x 1 root root  29435 Nov 27 06:42 config.status
-rwxr-xr-x 1 root root 160000 Nov 27 06:42 configure
-rw-r--r-- 1 root root    111 Nov 27 06:42 configure.ac
-rwxr-xr-x 1 root root  23568 Nov 27 06:42 depcomp
-rwxr-xr-x 1 root root  53464 Nov 27 06:42 foo
-rwxr-xr-x 1 root root  15368 Nov 27 06:42 install-sh
-rw-r--r-- 1 root root    159 Nov 27 06:42 mainbar.cpp
-rw-r--r-- 1 root root   3840 Nov 27 06:42 mainbar.o
-rw-r--r-- 1 root root    159 Nov 27 06:42 mainbaz.c++
-rw-r--r-- 1 root root   3840 Nov 27 06:42 mainbaz.o
-rw-r--r-- 1 root root    159 Nov 27 06:42 mainfoo.cc
-rw-r--r-- 1 root root   3840 Nov 27 06:42 mainfoo.o
-rw-r--r-- 1 root root    159 Nov 27 06:42 mainqux.cxx
-rw-r--r-- 1 root root   3840 Nov 27 06:42 mainqux.o
-rwxr-xr-x 1 root root   6878 Nov 27 06:42 missing
-rw-r--r-- 1 root root    181 Nov 27 06:42 parsebar.ll
-rw-r--r-- 1 root root  44492 Nov 27 06:42 parsebaz.c++
-rw-r--r-- 1 root root    181 Nov 27 06:42 parsebaz.l++
-rw-r--r-- 1 root root  44296 Nov 27 06:42 parsebaz.o
-rw-r--r-- 1 root root  44492 Nov 27 06:42 parsefoo.cxx
-rw-r--r-- 1 root root    181 Nov 27 06:42 parsefoo.lxx
-rw-r--r-- 1 root root  44296 Nov 27 06:42 parsefoo.o
-rw-r--r-- 1 root root    181 Nov 27 06:42 parsequx.lpp
-rwxr-xr-x 1 root root  53464 Nov 27 06:42 qux
-rw-r--r-- 1 root root  44512 Nov 27 06:42 qux-parsequx.cpp
-rw-r--r-- 1 root root  44296 Nov 27 06:42 qux-parsequx.o
lrwxrwxrwx 1 root root     35 Nov 27 06:42 ylwrap -> /sources/automake-1.16.1/lib/ylwrap
+ test -f parsefoo.cxx
+ test -f bar-parsebar.cc
+ test -f parsebaz.l++
+ test -f parsebaz.c++
+ test -f parsequx.lpp
+ test -f qux-parsequx.cpp
+ for target in clean distclean
+ make clean
test -z "foo bar baz qux" || rm -f foo bar baz qux
rm -f parsebaz.c++
rm -f qux-parsequx.cpp
test -z "parsebaz.l++ parsequx.lpp" || rm -f parsebaz.l++ parsequx.lpp
rm -f *.o
+ ls -l
total 572
-rw-r--r-- 1 root root  30303 Nov 27 06:42 Makefile
-rw-r--r-- 1 root root    400 Nov 27 06:42 Makefile.am
-rw-r--r-- 1 root root  31414 Nov 27 06:42 Makefile.in
-rw-r--r-- 1 root root  41888 Nov 27 06:42 aclocal.m4
drwxr-xr-x 2 root root   4096 Nov 27 06:42 autom4te.cache
-rw-r--r-- 1 root root  44500 Nov 27 06:42 bar-parsebar.cc
-rwxr-xr-x 1 root root   7383 Nov 27 06:42 compile
-rw-r--r-- 1 root root  60711 Nov 27 06:42 config.log
-rwxr-xr-x 1 root root  29435 Nov 27 06:42 config.sav
-rwxr-xr-x 1 root root  29435 Nov 27 06:42 config.status
-rwxr-xr-x 1 root root 160000 Nov 27 06:42 configure
-rw-r--r-- 1 root root    111 Nov 27 06:42 configure.ac
-rwxr-xr-x 1 root root  23568 Nov 27 06:42 depcomp
-rwxr-xr-x 1 root root  15368 Nov 27 06:42 install-sh
-rw-r--r-- 1 root root    159 Nov 27 06:42 mainbar.cpp
-rw-r--r-- 1 root root    159 Nov 27 06:42 mainbaz.c++
-rw-r--r-- 1 root root    159 Nov 27 06:42 mainfoo.cc
-rw-r--r-- 1 root root    159 Nov 27 06:42 mainqux.cxx
-rwxr-xr-x 1 root root   6878 Nov 27 06:42 missing
-rw-r--r-- 1 root root    181 Nov 27 06:42 parsebar.ll
-rw-r--r-- 1 root root  44492 Nov 27 06:42 parsefoo.cxx
-rw-r--r-- 1 root root    181 Nov 27 06:42 parsefoo.lxx
lrwxrwxrwx 1 root root     35 Nov 27 06:42 ylwrap -> /sources/automake-1.16.1/lib/ylwrap
+ test -f parsefoo.cxx
+ test -f bar-parsebar.cc
+ test '!' -e parsebaz.l++
+ test '!' -e parsebaz.c++
+ test '!' -e parsequx.lpp
+ test '!' -e qux-parsequx.cpp
+ for target in clean distclean
+ make distclean
test -z "foo bar baz qux" || rm -f foo bar baz qux
rm -f parsebaz.c++
rm -f qux-parsequx.cpp
test -z "parsebaz.l++ parsequx.lpp" || rm -f parsebaz.l++ parsequx.lpp
rm -f *.o
rm -f *.tab.c
test -z "" || rm -f 
test . = "." || test -z "" || rm -f 
rm -f TAGS ID GTAGS GRTAGS GSYMS GPATH tags
rm -f cscope.out cscope.in.out cscope.po.out cscope.files
rm -f config.status config.cache config.log configure.lineno config.status.lineno
rm -f ./.deps/bar-parsebar.Po
rm -f ./.deps/mainbar.Po
rm -f ./.deps/mainbaz.Po
rm -f ./.deps/mainfoo.Po
rm -f ./.deps/mainqux.Po
rm -f ./.deps/parsebaz.Po
rm -f ./.deps/parsefoo.Po
rm -f ./.deps/qux-parsequx.Po
rm -f Makefile
+ ls -l
total 448
-rw-r--r-- 1 root root    400 Nov 27 06:42 Makefile.am
-rw-r--r-- 1 root root  31414 Nov 27 06:42 Makefile.in
-rw-r--r-- 1 root root  41888 Nov 27 06:42 aclocal.m4
drwxr-xr-x 2 root root   4096 Nov 27 06:42 autom4te.cache
-rw-r--r-- 1 root root  44500 Nov 27 06:42 bar-parsebar.cc
-rwxr-xr-x 1 root root   7383 Nov 27 06:42 compile
-rwxr-xr-x 1 root root  29435 Nov 27 06:42 config.sav
-rwxr-xr-x 1 root root 160000 Nov 27 06:42 configure
-rw-r--r-- 1 root root    111 Nov 27 06:42 configure.ac
-rwxr-xr-x 1 root root  23568 Nov 27 06:42 depcomp
-rwxr-xr-x 1 root root  15368 Nov 27 06:42 install-sh
-rw-r--r-- 1 root root    159 Nov 27 06:42 mainbar.cpp
-rw-r--r-- 1 root root    159 Nov 27 06:42 mainbaz.c++
-rw-r--r-- 1 root root    159 Nov 27 06:42 mainfoo.cc
-rw-r--r-- 1 root root    159 Nov 27 06:42 mainqux.cxx
-rwxr-xr-x 1 root root   6878 Nov 27 06:42 missing
-rw-r--r-- 1 root root    181 Nov 27 06:42 parsebar.ll
-rw-r--r-- 1 root root  44492 Nov 27 06:42 parsefoo.cxx
-rw-r--r-- 1 root root    181 Nov 27 06:42 parsefoo.lxx
lrwxrwxrwx 1 root root     35 Nov 27 06:42 ylwrap -> /sources/automake-1.16.1/lib/ylwrap
+ test -f parsefoo.cxx
+ test -f bar-parsebar.cc
+ test '!' -e parsebaz.l++
+ test '!' -e parsebaz.c++
+ test '!' -e parsequx.lpp
+ test '!' -e qux-parsequx.cpp
+ cp config.sav config.status
+ ./config.status
config.status: creating Makefile
config.status: executing depfiles commands
+ make maintainer-clean
test -z "foo bar baz qux" || rm -f foo bar baz qux
rm -f parsebaz.c++
rm -f qux-parsequx.cpp
test -z "parsebaz.l++ parsequx.lpp" || rm -f parsebaz.l++ parsequx.lpp
rm -f *.o
rm -f *.tab.c
test -z "" || rm -f 
test . = "." || test -z "" || rm -f 
rm -f TAGS ID GTAGS GRTAGS GSYMS GPATH tags
rm -f cscope.out cscope.in.out cscope.po.out cscope.files
This command is intended for maintainers to use
it deletes files that may require special tools to rebuild.
rm -f bar-parsebar.cc
rm -f parsefoo.cxx
rm -f config.status config.cache config.log configure.lineno config.status.lineno
rm -rf ./autom4te.cache
rm -f ./.deps/bar-parsebar.Po
rm -f ./.deps/mainbar.Po
rm -f ./.deps/mainbaz.Po
rm -f ./.deps/mainfoo.Po
rm -f ./.deps/mainqux.Po
rm -f ./.deps/parsebaz.Po
rm -f ./.deps/parsefoo.Po
rm -f ./.deps/qux-parsequx.Po
rm -f Makefile
+ ls -l
total 356
-rw-r--r-- 1 root root    400 Nov 27 06:42 Makefile.am
-rw-r--r-- 1 root root  31414 Nov 27 06:42 Makefile.in
-rw-r--r-- 1 root root  41888 Nov 27 06:42 aclocal.m4
-rwxr-xr-x 1 root root   7383 Nov 27 06:42 compile
-rwxr-xr-x 1 root root  29435 Nov 27 06:42 config.sav
-rwxr-xr-x 1 root root 160000 Nov 27 06:42 configure
-rw-r--r-- 1 root root    111 Nov 27 06:42 configure.ac
-rwxr-xr-x 1 root root  23568 Nov 27 06:42 depcomp
-rwxr-xr-x 1 root root  15368 Nov 27 06:42 install-sh
-rw-r--r-- 1 root root    159 Nov 27 06:42 mainbar.cpp
-rw-r--r-- 1 root root    159 Nov 27 06:42 mainbaz.c++
-rw-r--r-- 1 root root    159 Nov 27 06:42 mainfoo.cc
-rw-r--r-- 1 root root    159 Nov 27 06:42 mainqux.cxx
-rwxr-xr-x 1 root root   6878 Nov 27 06:42 missing
-rw-r--r-- 1 root root    181 Nov 27 06:42 parsebar.ll
-rw-r--r-- 1 root root    181 Nov 27 06:42 parsefoo.lxx
lrwxrwxrwx 1 root root     35 Nov 27 06:42 ylwrap -> /sources/automake-1.16.1/lib/ylwrap
+ test -f parsefoo.lxx
+ test -f parsebar.ll
+ test '!' -e parsefoo.cxx
+ test '!' -e bar-parsebar.cc
+ test -f parsefoo.lxx
+ test -f parsebar.ll
+ test '!' -e parsefoo.cxx
+ test '!' -e bar-parsebar.cc
+ :
+ am_exit_trap 0
+ exit_status=0
+ set +e
+ cd /sources/automake-1.16.1
+ test none = tap
+ case $am_explicit_skips in
+ test 0 -eq 0
+ am_keeping_testdirs
+ case $keep_testdirs in
+ return 1
+ rm_rf_ t/lex-clean-cxx.dir
+ test 1 -gt 0
+ /usr/bin/perl /sources/automake-1.16.1/t/ax/deltree.pl t/lex-clean-cxx.dir
+ set +x
PASS t/lex-clean-cxx.sh (exit status: 0)
