Running from installcheck: no
Test Protocol: none
PATH = /sources/automake-1.16.1/bin:/sources/automake-1.16.1/t/ax:/bin:/usr/bin:/sbin:/usr/sbin:/tools/bin
++ pwd
/sources/automake-1.16.1/t/lex-subobj-nodep.dir
+ cat
+ cat
+ mkdir sub1 sub2
+ cat
+ cp sub1/s1.l sub2/s2.l
+ aclocal-1.16 -Werror
+ autoconf
+ automake-1.16 --foreign -Werror -Wall -a
configure.ac: installing './ylwrap'
+ mkdir build
+ cd build
+ ../configure --disable-dependency-tracking
checking for a BSD-compatible install... /usr/bin/install -c
checking whether build environment is sane... yes
checking for a thread-safe mkdir -p... /tools/bin/mkdir -p
checking for gawk... gawk
checking whether make sets $(MAKE)... yes
checking whether make supports nested variables... yes
checking for gcc... cc
checking whether the C compiler works... yes
checking for C compiler default output file name... a.out
checking for suffix of executables... 
checking whether we are cross compiling... no
checking for suffix of object files... o
checking whether we are using the GNU C compiler... yes
checking whether cc accepts -g... yes
checking for cc option to accept ISO C89... none needed
checking whether cc understands -c and -o together... yes
checking whether make supports the include directive... yes (GNU style)
checking dependency style of cc... none
checking for flex... lex
checking lex output file root... lex.yy
checking lex library... -lfl
checking whether yytext is a pointer... yes
checking that generated files are newer than configure... done
configure: creating ./config.status
config.status: creating Makefile
config.status: executing depfiles commands
+ make sub1/s1.c
/bin/sh ../ylwrap ../sub1/s1.l lex.yy.c sub1/s1.c -- lex  
../ylwrap: line 206: ../sub1/s1.c: No such file or directory
make: *** [Makefile:439: sub1/s1.c] Error 1
+ am_exit_trap 2
+ exit_status=2
+ set +e
+ cd /sources/automake-1.16.1
+ test none = tap
+ case $am_explicit_skips in
+ test 2 -eq 0
+ keep_testdirs=yes
+ am_keeping_testdirs
+ case $keep_testdirs in
+ return 0
+ set +x
XFAIL t/lex-subobj-nodep.sh (exit status: 2)
