Running from installcheck: no
Test Protocol: none
PATH = /sources/automake-1.16.1/bin:/sources/automake-1.16.1/t/ax:/bin:/usr/bin:/sbin:/usr/sbin:/tools/bin
++ pwd
/sources/automake-1.16.1/t/lex3.dir
+ cat
+ cat
+ cat
+ aclocal-1.16 -Werror
+ autoconf
+ automake-1.16 --foreign -Werror -Wall -a
configure.ac: installing './ylwrap'
+ ./configure
checking for a BSD-compatible install... /usr/bin/install -c
checking whether build environment is sane... yes
checking for a thread-safe mkdir -p... /tools/bin/mkdir -p
checking for gawk... gawk
checking whether make sets $(MAKE)... yes
checking whether make supports nested variables... yes
checking for gcc... cc
checking whether the C compiler works... yes
checking for C compiler default output file name... a.out
checking for suffix of executables... 
checking whether we are cross compiling... no
checking for suffix of object files... o
checking whether we are using the GNU C compiler... yes
checking whether cc accepts -g... yes
checking for cc option to accept ISO C89... none needed
checking whether cc understands -c and -o together... yes
checking whether make supports the include directive... yes (GNU style)
checking dependency style of cc... gcc3
checking for flex... lex
checking lex output file root... lex.yy
checking lex library... -lfl
checking whether yytext is a pointer... yes
checking that generated files are newer than configure... done
configure: creating ./config.status
config.status: creating Makefile
config.status: executing depfiles commands
+ make
/bin/sh ./ylwrap foo.l lex.yy.c foo.c -- lex  
cc -DPACKAGE_NAME=\"lex3\" -DPACKAGE_TARNAME=\"lex3\" -DPACKAGE_VERSION=\"1.0\" -DPACKAGE_STRING=\"lex3\ 1.0\" -DPACKAGE_BUGREPORT=\"\" -DPACKAGE_URL=\"\" -DPACKAGE=\"lex3\" -DVERSION=\"1.0\" -DYYTEXT_POINTER=1 -I.     -g -O2 -MT foo.o -MD -MP -MF .deps/foo.Tpo -c -o foo.o foo.c
foo.c: In function 'yy_init_buffer':
foo.c:1319:40: warning: implicit declaration of function 'isatty' [-Wimplicit-function-declaration]
 
                                        ^     
mv -f .deps/foo.Tpo .deps/foo.Po
cc  -g -O2   -o foo foo.o  
+ cross_compiling
+ test x '!=' x
+ echo GOOD
+ ./foo
+ echo BAD
+ ./foo

+ : For shells with busted 'set -e.'
+ make distdir
make  distdir-am
make[1]: Entering directory '/sources/automake-1.16.1/t/lex3.dir'
if test -d "lex3-1.0"; then find "lex3-1.0" -type d ! -perm -200 -exec chmod u+w {} ';' && rm -rf "lex3-1.0" || { sleep 5 && rm -rf "lex3-1.0"; }; else :; fi
test -d "lex3-1.0" || mkdir "lex3-1.0"
test -n "" \
|| find "lex3-1.0" -type d ! -perm -755 \
	-exec chmod u+rwx,go+rx {} \; -o \
  ! -type d ! -perm -444 -links 1 -exec chmod a+r {} \; -o \
  ! -type d ! -perm -400 -exec chmod a+r {} \; -o \
  ! -type d ! -perm -444 -exec /bin/sh /sources/automake-1.16.1/t/lex3.dir/install-sh -c -m a+r {} {} \; \
|| chmod -R a+r "lex3-1.0"
make[1]: Leaving directory '/sources/automake-1.16.1/t/lex3.dir'
+ test -f lex3-1.0/foo.c
+ yl_distcheck
+ useless_vpath_rebuild
+ test -z ''
+ using_gmake
+ case $am__using_gmake in
+ make --version -v
+ grep GNU
GNU Make 4.2.1
License GPLv3+: GNU GPL version 3 or later <http://gnu.org/licenses/gpl.html>
+ am__using_gmake=yes
+ return 0
+ am__useless_vpath_rebuild=no
+ return 1
+ run_make distcheck
+ am__make_redirect_stdout=no
+ am__make_redirect_stderr=no
+ am__make_redirect_stdall=no
+ am__make_flags=
+ am__make_rc_exp=0
+ am_make_rc=0
+ test 1 -gt 0
+ case $1 in
+ break
+ using_gmake
+ case $am__using_gmake in
+ return 0
+ :
+ test x '!=' x
+ : exec make distcheck
+ set +x
make  dist-gzip am__post_remove_distdir='@:'
make[1]: Entering directory '/sources/automake-1.16.1/t/lex3.dir'
make  distdir-am
make[2]: Entering directory '/sources/automake-1.16.1/t/lex3.dir'
if test -d "lex3-1.0"; then find "lex3-1.0" -type d ! -perm -200 -exec chmod u+w {} ';' && rm -rf "lex3-1.0" || { sleep 5 && rm -rf "lex3-1.0"; }; else :; fi
test -d "lex3-1.0" || mkdir "lex3-1.0"
test -n "" \
|| find "lex3-1.0" -type d ! -perm -755 \
	-exec chmod u+rwx,go+rx {} \; -o \
  ! -type d ! -perm -444 -links 1 -exec chmod a+r {} \; -o \
  ! -type d ! -perm -400 -exec chmod a+r {} \; -o \
  ! -type d ! -perm -444 -exec /bin/sh /sources/automake-1.16.1/t/lex3.dir/install-sh -c -m a+r {} {} \; \
|| chmod -R a+r "lex3-1.0"
make[2]: Leaving directory '/sources/automake-1.16.1/t/lex3.dir'
tardir=lex3-1.0 && ${TAR-tar} chof - "$tardir" | eval GZIP= gzip --best -c >lex3-1.0.tar.gz
make[1]: Leaving directory '/sources/automake-1.16.1/t/lex3.dir'
if test -d "lex3-1.0"; then find "lex3-1.0" -type d ! -perm -200 -exec chmod u+w {} ';' && rm -rf "lex3-1.0" || { sleep 5 && rm -rf "lex3-1.0"; }; else :; fi
case 'lex3-1.0.tar.gz' in \
*.tar.gz*) \
  eval GZIP= gzip --best -dc lex3-1.0.tar.gz | ${TAR-tar} xf - ;;\
*.tar.bz2*) \
  bzip2 -dc lex3-1.0.tar.bz2 | ${TAR-tar} xf - ;;\
*.tar.lz*) \
  lzip -dc lex3-1.0.tar.lz | ${TAR-tar} xf - ;;\
*.tar.xz*) \
  xz -dc lex3-1.0.tar.xz | ${TAR-tar} xf - ;;\
*.tar.Z*) \
  uncompress -c lex3-1.0.tar.Z | ${TAR-tar} xf - ;;\
*.shar.gz*) \
  eval GZIP= gzip --best -dc lex3-1.0.shar.gz | unshar ;;\
*.zip*) \
  unzip lex3-1.0.zip ;;\
esac
chmod -R a-w lex3-1.0
chmod u+w lex3-1.0
mkdir lex3-1.0/_build lex3-1.0/_build/sub lex3-1.0/_inst
chmod a-w lex3-1.0
test -d lex3-1.0/_build || exit 0; \
dc_install_base=`CDPATH="${ZSH_VERSION+.}:" && cd lex3-1.0/_inst && pwd | sed -e 's,^[^:\\/]:[\\/],/,'` \
  && dc_destdir="${TMPDIR-/tmp}/am-dc-$$/" \
  && am__cwd=`pwd` \
  && CDPATH="${ZSH_VERSION+.}:" && cd lex3-1.0/_build/sub \
  && ../../configure \
     \
     \
    --srcdir=../.. --prefix="$dc_install_base" \
  && make  \
  && make  dvi \
  && make  check \
  && make  install \
  && make  installcheck \
  && make  uninstall \
  && make  distuninstallcheck_dir="$dc_install_base" \
        distuninstallcheck \
  && chmod -R a-w "$dc_install_base" \
  && ({ \
       (cd ../.. && umask 077 && mkdir "$dc_destdir") \
       && make  DESTDIR="$dc_destdir" install \
       && make  DESTDIR="$dc_destdir" uninstall \
       && make  DESTDIR="$dc_destdir" \
            distuninstallcheck_dir="$dc_destdir" distuninstallcheck; \
      } || { rm -rf "$dc_destdir"; exit 1; }) \
  && rm -rf "$dc_destdir" \
  && make  dist \
  && rm -rf lex3-1.0.tar.gz \
  && make  distcleancheck \
  && cd "$am__cwd" \
  || exit 1
checking for a BSD-compatible install... /usr/bin/install -c
checking whether build environment is sane... yes
checking for a thread-safe mkdir -p... /tools/bin/mkdir -p
checking for gawk... gawk
checking whether make sets $(MAKE)... yes
checking whether make supports nested variables... yes
checking for gcc... cc
checking whether the C compiler works... yes
checking for C compiler default output file name... a.out
checking for suffix of executables... 
checking whether we are cross compiling... no
checking for suffix of object files... o
checking whether we are using the GNU C compiler... yes
checking whether cc accepts -g... yes
checking for cc option to accept ISO C89... none needed
checking whether cc understands -c and -o together... yes
checking whether make supports the include directive... yes (GNU style)
checking dependency style of cc... gcc3
checking for flex... lex
checking lex output file root... lex.yy
checking lex library... -lfl
checking whether yytext is a pointer... yes
checking that generated files are newer than configure... done
configure: creating ./config.status
config.status: creating Makefile
config.status: executing depfiles commands
make[1]: Entering directory '/sources/automake-1.16.1/t/lex3.dir/lex3-1.0/_build/sub'
cc -DPACKAGE_NAME=\"lex3\" -DPACKAGE_TARNAME=\"lex3\" -DPACKAGE_VERSION=\"1.0\" -DPACKAGE_STRING=\"lex3\ 1.0\" -DPACKAGE_BUGREPORT=\"\" -DPACKAGE_URL=\"\" -DPACKAGE=\"lex3\" -DVERSION=\"1.0\" -DYYTEXT_POINTER=1 -I. -I../..     -g -O2 -MT foo.o -MD -MP -MF .deps/foo.Tpo -c -o foo.o ../../foo.c
foo.c: In function 'yy_init_buffer':
foo.c:1319:40: warning: implicit declaration of function 'isatty' [-Wimplicit-function-declaration]
mv -f .deps/foo.Tpo .deps/foo.Po
cc  -g -O2   -o foo foo.o  
make[1]: Leaving directory '/sources/automake-1.16.1/t/lex3.dir/lex3-1.0/_build/sub'
make[1]: Entering directory '/sources/automake-1.16.1/t/lex3.dir/lex3-1.0/_build/sub'
make[1]: Nothing to be done for 'dvi'.
make[1]: Leaving directory '/sources/automake-1.16.1/t/lex3.dir/lex3-1.0/_build/sub'
make[1]: Entering directory '/sources/automake-1.16.1/t/lex3.dir/lex3-1.0/_build/sub'
make[1]: Nothing to be done for 'check'.
make[1]: Leaving directory '/sources/automake-1.16.1/t/lex3.dir/lex3-1.0/_build/sub'
make[1]: Entering directory '/sources/automake-1.16.1/t/lex3.dir/lex3-1.0/_build/sub'
make[2]: Entering directory '/sources/automake-1.16.1/t/lex3.dir/lex3-1.0/_build/sub'
make[2]: Nothing to be done for 'install-exec-am'.
make[2]: Nothing to be done for 'install-data-am'.
make[2]: Leaving directory '/sources/automake-1.16.1/t/lex3.dir/lex3-1.0/_build/sub'
make[1]: Leaving directory '/sources/automake-1.16.1/t/lex3.dir/lex3-1.0/_build/sub'
make[1]: Entering directory '/sources/automake-1.16.1/t/lex3.dir/lex3-1.0/_build/sub'
make[1]: Nothing to be done for 'installcheck'.
make[1]: Leaving directory '/sources/automake-1.16.1/t/lex3.dir/lex3-1.0/_build/sub'
make[1]: Entering directory '/sources/automake-1.16.1/t/lex3.dir/lex3-1.0/_build/sub'
make[1]: Nothing to be done for 'uninstall'.
make[1]: Leaving directory '/sources/automake-1.16.1/t/lex3.dir/lex3-1.0/_build/sub'
make[1]: Entering directory '/sources/automake-1.16.1/t/lex3.dir/lex3-1.0/_build/sub'
make[1]: Leaving directory '/sources/automake-1.16.1/t/lex3.dir/lex3-1.0/_build/sub'
make[1]: Entering directory '/sources/automake-1.16.1/t/lex3.dir/lex3-1.0/_build/sub'
make[2]: Entering directory '/sources/automake-1.16.1/t/lex3.dir/lex3-1.0/_build/sub'
make[2]: Nothing to be done for 'install-exec-am'.
make[2]: Nothing to be done for 'install-data-am'.
make[2]: Leaving directory '/sources/automake-1.16.1/t/lex3.dir/lex3-1.0/_build/sub'
make[1]: Leaving directory '/sources/automake-1.16.1/t/lex3.dir/lex3-1.0/_build/sub'
make[1]: Entering directory '/sources/automake-1.16.1/t/lex3.dir/lex3-1.0/_build/sub'
make[1]: Nothing to be done for 'uninstall'.
make[1]: Leaving directory '/sources/automake-1.16.1/t/lex3.dir/lex3-1.0/_build/sub'
make[1]: Entering directory '/sources/automake-1.16.1/t/lex3.dir/lex3-1.0/_build/sub'
make[1]: Leaving directory '/sources/automake-1.16.1/t/lex3.dir/lex3-1.0/_build/sub'
make[1]: Entering directory '/sources/automake-1.16.1/t/lex3.dir/lex3-1.0/_build/sub'
make  dist-gzip am__post_remove_distdir='@:'
make[2]: Entering directory '/sources/automake-1.16.1/t/lex3.dir/lex3-1.0/_build/sub'
make  distdir-am
make[3]: Entering directory '/sources/automake-1.16.1/t/lex3.dir/lex3-1.0/_build/sub'
if test -d "lex3-1.0"; then find "lex3-1.0" -type d ! -perm -200 -exec chmod u+w {} ';' && rm -rf "lex3-1.0" || { sleep 5 && rm -rf "lex3-1.0"; }; else :; fi
test -d "lex3-1.0" || mkdir "lex3-1.0"
test -n "" \
|| find "lex3-1.0" -type d ! -perm -755 \
	-exec chmod u+rwx,go+rx {} \; -o \
  ! -type d ! -perm -444 -links 1 -exec chmod a+r {} \; -o \
  ! -type d ! -perm -400 -exec chmod a+r {} \; -o \
  ! -type d ! -perm -444 -exec /bin/sh /sources/automake-1.16.1/t/lex3.dir/lex3-1.0/install-sh -c -m a+r {} {} \; \
|| chmod -R a+r "lex3-1.0"
make[3]: Leaving directory '/sources/automake-1.16.1/t/lex3.dir/lex3-1.0/_build/sub'
tardir=lex3-1.0 && ${TAR-tar} chof - "$tardir" | eval GZIP= gzip --best -c >lex3-1.0.tar.gz
make[2]: Leaving directory '/sources/automake-1.16.1/t/lex3.dir/lex3-1.0/_build/sub'
if test -d "lex3-1.0"; then find "lex3-1.0" -type d ! -perm -200 -exec chmod u+w {} ';' && rm -rf "lex3-1.0" || { sleep 5 && rm -rf "lex3-1.0"; }; else :; fi
make[1]: Leaving directory '/sources/automake-1.16.1/t/lex3.dir/lex3-1.0/_build/sub'
make[1]: Entering directory '/sources/automake-1.16.1/t/lex3.dir/lex3-1.0/_build/sub'
test -z "foo" || rm -f foo
rm -f *.o
rm -f *.tab.c
test -z "" || rm -f 
test . = "../.." || test -z "" || rm -f 
rm -f TAGS ID GTAGS GRTAGS GSYMS GPATH tags
rm -f cscope.out cscope.in.out cscope.po.out cscope.files
rm -f config.status config.cache config.log configure.lineno config.status.lineno
rm -f ./.deps/foo.Po
rm -f Makefile
make[1]: Leaving directory '/sources/automake-1.16.1/t/lex3.dir/lex3-1.0/_build/sub'
if test -d "lex3-1.0"; then find "lex3-1.0" -type d ! -perm -200 -exec chmod u+w {} ';' && rm -rf "lex3-1.0" || { sleep 5 && rm -rf "lex3-1.0"; }; else :; fi
==========================================
lex3-1.0 archives ready for distribution: 
lex3-1.0.tar.gz
==========================================
+ test 0 -eq 253
+ test no = yes
+ test no = yes
+ test no = yes
+ case $am__make_rc_exp in
+ test 0 -ge 0
+ test 0 -le 255
+ test 0 -eq 0
+ test -f foo.c
+ make distclean
test -z "foo" || rm -f foo
rm -f *.o
rm -f *.tab.c
test -z "" || rm -f 
test . = "." || test -z "" || rm -f 
rm -f TAGS ID GTAGS GRTAGS GSYMS GPATH tags
rm -f cscope.out cscope.in.out cscope.po.out cscope.files
rm -f config.status config.cache config.log configure.lineno config.status.lineno
rm -f ./.deps/foo.Po
rm -f Makefile
+ test -f foo.c
+ ./configure
checking for a BSD-compatible install... /usr/bin/install -c
checking whether build environment is sane... yes
checking for a thread-safe mkdir -p... /tools/bin/mkdir -p
checking for gawk... gawk
checking whether make sets $(MAKE)... yes
checking whether make supports nested variables... yes
checking for gcc... cc
checking whether the C compiler works... yes
checking for C compiler default output file name... a.out
checking for suffix of executables... 
checking whether we are cross compiling... no
checking for suffix of object files... o
checking whether we are using the GNU C compiler... yes
checking whether cc accepts -g... yes
checking for cc option to accept ISO C89... none needed
checking whether cc understands -c and -o together... yes
checking whether make supports the include directive... yes (GNU style)
checking dependency style of cc... gcc3
checking for flex... lex
checking lex output file root... lex.yy
checking lex library... -lfl
checking whether yytext is a pointer... yes
checking that generated files are newer than configure... done
configure: creating ./config.status
config.status: creating Makefile
config.status: executing depfiles commands
+ make maintainer-clean
test -z "foo" || rm -f foo
rm -f *.o
rm -f *.tab.c
test -z "" || rm -f 
test . = "." || test -z "" || rm -f 
rm -f TAGS ID GTAGS GRTAGS GSYMS GPATH tags
rm -f cscope.out cscope.in.out cscope.po.out cscope.files
This command is intended for maintainers to use
it deletes files that may require special tools to rebuild.
rm -f foo.c
rm -f config.status config.cache config.log configure.lineno config.status.lineno
rm -rf ./autom4te.cache
rm -f ./.deps/foo.Po
rm -f Makefile
+ test '!' -e foo.c
+ :
+ am_exit_trap 0
+ exit_status=0
+ set +e
+ cd /sources/automake-1.16.1
+ test none = tap
+ case $am_explicit_skips in
+ test 0 -eq 0
+ am_keeping_testdirs
+ case $keep_testdirs in
+ return 1
+ rm_rf_ t/lex3.dir
+ test 1 -gt 0
+ /usr/bin/perl /sources/automake-1.16.1/t/ax/deltree.pl t/lex3.dir
+ set +x
PASS t/lex3.sh (exit status: 0)
