Running from installcheck: no
Test Protocol: none
PATH = /sources/automake-1.16.1/bin:/sources/automake-1.16.1/t/ax:/bin:/usr/bin:/sbin:/usr/sbin:/tools/bin
++ pwd
/sources/automake-1.16.1/t/lexcpp.dir
+ cat
+ cat
+ aclocal-1.16 -Werror
+ automake-1.16 --foreign -Werror -Wall -a
configure.ac: installing './ylwrap'
+ sed -e 's/^/ /' -e 's/$/ /' Makefile.in
+ /bin/grep -F ' foo.c++ ' mk
 	-rm -f foo.c++ 
+ /bin/grep -F ' bar.cpp ' mk
 am__DIST_COMMON = $(srcdir)/Makefile.in bar.cpp baz.cc compile depcomp \ 
 	-rm -f bar.cpp 
+ /bin/grep -F ' baz.cc ' mk
 am__DIST_COMMON = $(srcdir)/Makefile.in bar.cpp baz.cc compile depcomp \ 
 	-rm -f baz.cc 
+ /bin/grep -F ' qux.cxx ' mk
 	foo.c++ install-sh missing qux.cxx ylwrap 
 	-rm -f qux.cxx 
+ :
+ am_exit_trap 0
+ exit_status=0
+ set +e
+ cd /sources/automake-1.16.1
+ test none = tap
+ case $am_explicit_skips in
+ test 0 -eq 0
+ am_keeping_testdirs
+ case $keep_testdirs in
+ return 1
+ rm_rf_ t/lexcpp.dir
+ test 1 -gt 0
+ /usr/bin/perl /sources/automake-1.16.1/t/ax/deltree.pl t/lexcpp.dir
+ set +x
PASS t/lexcpp.sh (exit status: 0)
