Running from installcheck: no
Test Protocol: none
PATH = /sources/automake-1.16.1/bin:/sources/automake-1.16.1/t/ax:/bin:/usr/bin:/sbin:/usr/sbin:/tools/bin
++ pwd
/sources/automake-1.16.1/t/libobj17.dir
+ cat
+ cat
+ cat
+ cat
+ aclocal-1.16 -Werror
configure.ac:9: warning: AC_LIBOBJ($foo): you should use literals
../../lib/autoconf/general.m4:2938: AC_LIBOBJ is expanded from...
configure.ac:9: the top level
+ automake-1.16 --foreign -Werror -Wall -a
configure.ac:9: warning: AC_LIBOBJ($foo): you should use literals
../../lib/autoconf/general.m4:2938: AC_LIBOBJ is expanded from...
configure.ac:9: the top level
configure.ac:6: installing './ar-lib'
+ autoconf
configure.ac:9: warning: AC_LIBOBJ($foo): you should use literals
../../lib/autoconf/general.m4:2938: AC_LIBOBJ is expanded from...
configure.ac:9: the top level
+ ./configure FOO=quux
checking for a BSD-compatible install... /usr/bin/install -c
checking whether build environment is sane... yes
checking for a thread-safe mkdir -p... /tools/bin/mkdir -p
checking for gawk... gawk
checking whether make sets $(MAKE)... yes
checking whether make supports nested variables... yes
checking for gcc... cc
checking whether the C compiler works... yes
checking for C compiler default output file name... a.out
checking for suffix of executables... 
checking whether we are cross compiling... no
checking for suffix of object files... o
checking whether we are using the GNU C compiler... yes
checking whether cc accepts -g... yes
checking for cc option to accept ISO C89... none needed
checking whether cc understands -c and -o together... yes
checking whether make supports the include directive... yes (GNU style)
checking dependency style of cc... gcc3
checking for ranlib... ranlib
checking for ar... ar
checking the archiver (ar) interface... ar
checking that generated files are newer than configure... done
configure: creating ./config.status
config.status: creating Makefile
config.status: executing depfiles commands
+ make
cc -DPACKAGE_NAME=\"libobj17\" -DPACKAGE_TARNAME=\"libobj17\" -DPACKAGE_VERSION=\"1.0\" -DPACKAGE_STRING=\"libobj17\ 1.0\" -DPACKAGE_BUGREPORT=\"\" -DPACKAGE_URL=\"\" -DPACKAGE=\"libobj17\" -DVERSION=\"1.0\" -I.     -g -O2 -MT quux.o -MD -MP -MF .deps/quux.Tpo -c -o quux.o quux.c
mv -f .deps/quux.Tpo .deps/quux.Po
rm -f libtu.a
ar cru libtu.a  quux.o
ranlib libtu.a
+ ls -l
total 360
-rw-r--r-- 1 root root  20198 Nov 27 06:42 Makefile
-rw-r--r-- 1 root root    287 Nov 27 06:42 Makefile.am
-rw-r--r-- 1 root root  20144 Nov 27 06:42 Makefile.in
-rw-r--r-- 1 root root  43878 Nov 27 06:42 aclocal.m4
lrwxrwxrwx 1 root root     35 Nov 27 06:42 ar-lib -> /sources/automake-1.16.1/lib/ar-lib
drwxr-xr-x 2 root root   4096 Nov 27 06:42 autom4te.cache
-rwxr-xr-x 1 root root   7383 Nov 27 06:42 compile
-rw-r--r-- 1 root root   9224 Nov 27 06:42 config.log
-rwxr-xr-x 1 root root  29230 Nov 27 06:42 config.status
-rwxr-xr-x 1 root root 148841 Nov 27 06:42 configure
-rw-r--r-- 1 root root    187 Nov 27 06:42 configure.ac
-rwxr-xr-x 1 root root  23568 Nov 27 06:42 depcomp
-rwxr-xr-x 1 root root  15368 Nov 27 06:42 install-sh
-rw-r--r-- 1 root root   2116 Nov 27 06:42 libtu.a
-rwxr-xr-x 1 root root   6878 Nov 27 06:42 missing
-rw-r--r-- 1 root root     18 Nov 27 06:42 quux.c
-rw-r--r-- 1 root root   1984 Nov 27 06:42 quux.o
-rw-r--r-- 1 root root     18 Nov 27 06:42 zardoz.c
+ test -f libtu.a
+ make check-quux
ar t libtu.a | grep quux
quux.o
ar t libtu.a | grep zardoz && exit 1; exit 0
+ make distclean
test -z "libtu.a" || rm -f libtu.a
rm -f *.o
rm -f *.tab.c
test -z "" || rm -f 
test . = "." || test -z "" || rm -f 
rm -f config.status config.cache config.log configure.lineno config.status.lineno
rm -f .deps/quux.Po
rm -f .deps/zardoz.Po
rm -f Makefile
+ ./configure FOO=zardoz
checking for a BSD-compatible install... /usr/bin/install -c
checking whether build environment is sane... yes
checking for a thread-safe mkdir -p... /tools/bin/mkdir -p
checking for gawk... gawk
checking whether make sets $(MAKE)... yes
checking whether make supports nested variables... yes
checking for gcc... cc
checking whether the C compiler works... yes
checking for C compiler default output file name... a.out
checking for suffix of executables... 
checking whether we are cross compiling... no
checking for suffix of object files... o
checking whether we are using the GNU C compiler... yes
checking whether cc accepts -g... yes
checking for cc option to accept ISO C89... none needed
checking whether cc understands -c and -o together... yes
checking whether make supports the include directive... yes (GNU style)
checking dependency style of cc... gcc3
checking for ranlib... ranlib
checking for ar... ar
checking the archiver (ar) interface... ar
checking that generated files are newer than configure... done
configure: creating ./config.status
config.status: creating Makefile
config.status: executing depfiles commands
+ make
cc -DPACKAGE_NAME=\"libobj17\" -DPACKAGE_TARNAME=\"libobj17\" -DPACKAGE_VERSION=\"1.0\" -DPACKAGE_STRING=\"libobj17\ 1.0\" -DPACKAGE_BUGREPORT=\"\" -DPACKAGE_URL=\"\" -DPACKAGE=\"libobj17\" -DVERSION=\"1.0\" -I.     -g -O2 -MT zardoz.o -MD -MP -MF .deps/zardoz.Tpo -c -o zardoz.o zardoz.c
mv -f .deps/zardoz.Tpo .deps/zardoz.Po
rm -f libtu.a
ar cru libtu.a  zardoz.o
ranlib libtu.a
+ ls -l
total 360
-rw-r--r-- 1 root root  20202 Nov 27 06:42 Makefile
-rw-r--r-- 1 root root    287 Nov 27 06:42 Makefile.am
-rw-r--r-- 1 root root  20144 Nov 27 06:42 Makefile.in
-rw-r--r-- 1 root root  43878 Nov 27 06:42 aclocal.m4
lrwxrwxrwx 1 root root     35 Nov 27 06:42 ar-lib -> /sources/automake-1.16.1/lib/ar-lib
drwxr-xr-x 2 root root   4096 Nov 27 06:42 autom4te.cache
-rwxr-xr-x 1 root root   7383 Nov 27 06:42 compile
-rw-r--r-- 1 root root   9230 Nov 27 06:42 config.log
-rwxr-xr-x 1 root root  29238 Nov 27 06:42 config.status
-rwxr-xr-x 1 root root 148841 Nov 27 06:42 configure
-rw-r--r-- 1 root root    187 Nov 27 06:42 configure.ac
-rwxr-xr-x 1 root root  23568 Nov 27 06:42 depcomp
-rwxr-xr-x 1 root root  15368 Nov 27 06:42 install-sh
-rw-r--r-- 1 root root   2132 Nov 27 06:42 libtu.a
-rwxr-xr-x 1 root root   6878 Nov 27 06:42 missing
-rw-r--r-- 1 root root     18 Nov 27 06:42 quux.c
-rw-r--r-- 1 root root     18 Nov 27 06:42 zardoz.c
-rw-r--r-- 1 root root   2000 Nov 27 06:42 zardoz.o
+ test -f libtu.a
+ make check-zardoz
ar t libtu.a | grep zardoz
zardoz.o
ar t libtu.a | grep quux && exit 1; exit 0
+ :
+ am_exit_trap 0
+ exit_status=0
+ set +e
+ cd /sources/automake-1.16.1
+ test none = tap
+ case $am_explicit_skips in
+ test 0 -eq 0
+ am_keeping_testdirs
+ case $keep_testdirs in
+ return 1
+ rm_rf_ t/libobj17.dir
+ test 1 -gt 0
+ /usr/bin/perl /sources/automake-1.16.1/t/ax/deltree.pl t/libobj17.dir
+ set +x
PASS t/libobj17.sh (exit status: 0)
