Running from installcheck: no
Test Protocol: none
PATH = /sources/automake-1.16.1/bin:/sources/automake-1.16.1/t/ax:/bin:/usr/bin:/sbin:/usr/sbin:/tools/bin
++ pwd
/sources/automake-1.16.1/t/libobj-basic.dir
+ mv configure.ac configure.proto
+ cat
+ cat
+ cat
+ cat
+ cat
+ cat configure.proto -
+ cat
+ cp /sources/automake-1.16.1/lib/ar-lib .
+ aclocal-1.16 -Werror
+ autoconf
+ automake-1.16 --foreign -Werror -Wall
+ ./configure
checking for a BSD-compatible install... /usr/bin/install -c
checking whether build environment is sane... yes
checking for a thread-safe mkdir -p... /tools/bin/mkdir -p
checking for gawk... gawk
checking whether make sets $(MAKE)... yes
checking whether make supports nested variables... yes
checking for gcc... cc
checking whether the C compiler works... yes
checking for C compiler default output file name... a.out
checking for suffix of executables... 
checking whether we are cross compiling... no
checking for suffix of object files... o
checking whether we are using the GNU C compiler... yes
checking whether cc accepts -g... yes
checking for cc option to accept ISO C89... none needed
checking whether cc understands -c and -o together... yes
checking whether make supports the include directive... yes (GNU style)
checking dependency style of cc... gcc3
checking for ar... ar
checking the archiver (ar) interface... ar
checking for ranlib... ranlib
checking that generated files are newer than configure... done
configure: creating ./config.status
config.status: creating Makefile
config.status: executing depfiles commands
+ make check
cc -DPACKAGE_NAME=\"libobj-basic\" -DPACKAGE_TARNAME=\"libobj-basic\" -DPACKAGE_VERSION=\"1.0\" -DPACKAGE_STRING=\"libobj-basic\ 1.0\" -DPACKAGE_BUGREPORT=\"\" -DPACKAGE_URL=\"\" -DPACKAGE=\"libobj-basic\" -DVERSION=\"1.0\" -I.     -g -O2 -MT foo.o -MD -MP -MF .deps/foo.Tpo -c -o foo.o foo.c
mv -f .deps/foo.Tpo .deps/foo.Po
rm -f libtu.a
ar cru libtu.a foo.o 
ranlib libtu.a
make  check-local
make[1]: Entering directory '/sources/automake-1.16.1/t/libobj-basic.dir'
make  distdir-am
make[2]: Entering directory '/sources/automake-1.16.1/t/libobj-basic.dir'
if test -d "libobj-basic-1.0"; then find "libobj-basic-1.0" -type d ! -perm -200 -exec chmod u+w {} ';' && rm -rf "libobj-basic-1.0" || { sleep 5 && rm -rf "libobj-basic-1.0"; }; else :; fi
test -d "libobj-basic-1.0" || mkdir "libobj-basic-1.0"
test -n "" \
|| find "libobj-basic-1.0" -type d ! -perm -755 \
	-exec chmod u+rwx,go+rx {} \; -o \
  ! -type d ! -perm -444 -links 1 -exec chmod a+r {} \; -o \
  ! -type d ! -perm -400 -exec chmod a+r {} \; -o \
  ! -type d ! -perm -444 -exec /bin/sh /sources/automake-1.16.1/t/libobj-basic.dir/install-sh -c -m a+r {} {} \; \
|| chmod -R a+r "libobj-basic-1.0"
make[2]: Leaving directory '/sources/automake-1.16.1/t/libobj-basic.dir'
ls -l . . libobj-basic-1.0
.:
total 392
-rw-r--r-- 1 root root  23119 Nov 27 06:42 Makefile
-rw-r--r-- 1 root root    594 Nov 27 06:42 Makefile.am
-rw-r--r-- 1 root root  23020 Nov 27 06:42 Makefile.in
-rw-r--r-- 1 root root  43878 Nov 27 06:42 aclocal.m4
-rwxr-xr-x 1 root root   5827 Nov 27 06:42 ar-lib
drwxr-xr-x 2 root root   4096 Nov 27 06:42 autom4te.cache
-rwxr-xr-x 1 root root   7383 Nov 27 06:42 compile
-rw-r--r-- 1 root root   9253 Nov 27 06:42 config.log
-rwxr-xr-x 1 root root  29233 Nov 27 06:42 config.status
-rwxr-xr-x 1 root root 148773 Nov 27 06:42 configure
-rw-r--r-- 1 root root    147 Nov 27 06:42 configure.ac
-rw-r--r-- 1 root root    123 Nov 27 06:42 configure.proto
-rwxr-xr-x 1 root root  23568 Nov 27 06:42 depcomp
-rw-r--r-- 1 root root     51 Nov 27 06:42 extra-checks.am
-rw-r--r-- 1 root root     22 Nov 27 06:42 foo.c
-rw-r--r-- 1 root root   1992 Nov 27 06:42 foo.o
-rwxr-xr-x 1 root root  15368 Nov 27 06:42 install-sh
drwxr-xr-x 2 root root   4096 Nov 27 06:42 libobj-basic-1.0
-rw-r--r-- 1 root root   2124 Nov 27 06:42 libtu.a
-rw-r--r-- 1 root root     24 Nov 27 06:42 liver.c
-rw-r--r-- 1 root root     24 Nov 27 06:42 maude.c
-rwxr-xr-x 1 root root   6878 Nov 27 06:42 missing

.:
total 392
-rw-r--r-- 1 root root  23119 Nov 27 06:42 Makefile
-rw-r--r-- 1 root root    594 Nov 27 06:42 Makefile.am
-rw-r--r-- 1 root root  23020 Nov 27 06:42 Makefile.in
-rw-r--r-- 1 root root  43878 Nov 27 06:42 aclocal.m4
-rwxr-xr-x 1 root root   5827 Nov 27 06:42 ar-lib
drwxr-xr-x 2 root root   4096 Nov 27 06:42 autom4te.cache
-rwxr-xr-x 1 root root   7383 Nov 27 06:42 compile
-rw-r--r-- 1 root root   9253 Nov 27 06:42 config.log
-rwxr-xr-x 1 root root  29233 Nov 27 06:42 config.status
-rwxr-xr-x 1 root root 148773 Nov 27 06:42 configure
-rw-r--r-- 1 root root    147 Nov 27 06:42 configure.ac
-rw-r--r-- 1 root root    123 Nov 27 06:42 configure.proto
-rwxr-xr-x 1 root root  23568 Nov 27 06:42 depcomp
-rw-r--r-- 1 root root     51 Nov 27 06:42 extra-checks.am
-rw-r--r-- 1 root root     22 Nov 27 06:42 foo.c
-rw-r--r-- 1 root root   1992 Nov 27 06:42 foo.o
-rwxr-xr-x 1 root root  15368 Nov 27 06:42 install-sh
drwxr-xr-x 2 root root   4096 Nov 27 06:42 libobj-basic-1.0
-rw-r--r-- 1 root root   2124 Nov 27 06:42 libtu.a
-rw-r--r-- 1 root root     24 Nov 27 06:42 liver.c
-rw-r--r-- 1 root root     24 Nov 27 06:42 maude.c
-rwxr-xr-x 1 root root   6878 Nov 27 06:42 missing

libobj-basic-1.0:
total 300
-rw-r--r-- 1 root root    594 Nov 27 06:42 Makefile.am
-rw-r--r-- 1 root root  23020 Nov 27 06:42 Makefile.in
-rw-r--r-- 1 root root  43878 Nov 27 06:42 aclocal.m4
-rwxr-xr-x 1 root root   5827 Nov 27 06:42 ar-lib
-rwxr-xr-x 1 root root   7383 Nov 27 06:42 compile
-rwxr-xr-x 1 root root 148773 Nov 27 06:42 configure
-rw-r--r-- 1 root root    147 Nov 27 06:42 configure.ac
-rwxr-xr-x 1 root root  23568 Nov 27 06:42 depcomp
-rw-r--r-- 1 root root     51 Nov 27 06:42 extra-checks.am
-rw-r--r-- 1 root root     22 Nov 27 06:42 foo.c
-rwxr-xr-x 1 root root  15368 Nov 27 06:42 install-sh
-rw-r--r-- 1 root root     24 Nov 27 06:42 maude.c
-rwxr-xr-x 1 root root   6878 Nov 27 06:42 missing
ar tv libtu.a
rw-r--r-- 0/0   1992 Nov 26 22:42 2018 foo.o
grep dummy_maude ./maude.c
extern int dummy_maude;
grep dummy_maude libobj-basic-1.0/maude.c
extern int dummy_maude;
test -d libobj-basic-1.0
test ! -r libobj-basic-1.0/liver.c
make[1]: Leaving directory '/sources/automake-1.16.1/t/libobj-basic.dir'
+ make distcheck
make  dist-gzip am__post_remove_distdir='@:'
make[1]: Entering directory '/sources/automake-1.16.1/t/libobj-basic.dir'
make  distdir-am
make[2]: Entering directory '/sources/automake-1.16.1/t/libobj-basic.dir'
if test -d "libobj-basic-1.0"; then find "libobj-basic-1.0" -type d ! -perm -200 -exec chmod u+w {} ';' && rm -rf "libobj-basic-1.0" || { sleep 5 && rm -rf "libobj-basic-1.0"; }; else :; fi
test -d "libobj-basic-1.0" || mkdir "libobj-basic-1.0"
test -n "" \
|| find "libobj-basic-1.0" -type d ! -perm -755 \
	-exec chmod u+rwx,go+rx {} \; -o \
  ! -type d ! -perm -444 -links 1 -exec chmod a+r {} \; -o \
  ! -type d ! -perm -400 -exec chmod a+r {} \; -o \
  ! -type d ! -perm -444 -exec /bin/sh /sources/automake-1.16.1/t/libobj-basic.dir/install-sh -c -m a+r {} {} \; \
|| chmod -R a+r "libobj-basic-1.0"
make[2]: Leaving directory '/sources/automake-1.16.1/t/libobj-basic.dir'
tardir=libobj-basic-1.0 && ${TAR-tar} chof - "$tardir" | eval GZIP= gzip --best -c >libobj-basic-1.0.tar.gz
make[1]: Leaving directory '/sources/automake-1.16.1/t/libobj-basic.dir'
if test -d "libobj-basic-1.0"; then find "libobj-basic-1.0" -type d ! -perm -200 -exec chmod u+w {} ';' && rm -rf "libobj-basic-1.0" || { sleep 5 && rm -rf "libobj-basic-1.0"; }; else :; fi
case 'libobj-basic-1.0.tar.gz' in \
*.tar.gz*) \
  eval GZIP= gzip --best -dc libobj-basic-1.0.tar.gz | ${TAR-tar} xf - ;;\
*.tar.bz2*) \
  bzip2 -dc libobj-basic-1.0.tar.bz2 | ${TAR-tar} xf - ;;\
*.tar.lz*) \
  lzip -dc libobj-basic-1.0.tar.lz | ${TAR-tar} xf - ;;\
*.tar.xz*) \
  xz -dc libobj-basic-1.0.tar.xz | ${TAR-tar} xf - ;;\
*.tar.Z*) \
  uncompress -c libobj-basic-1.0.tar.Z | ${TAR-tar} xf - ;;\
*.shar.gz*) \
  eval GZIP= gzip --best -dc libobj-basic-1.0.shar.gz | unshar ;;\
*.zip*) \
  unzip libobj-basic-1.0.zip ;;\
esac
chmod -R a-w libobj-basic-1.0
chmod u+w libobj-basic-1.0
mkdir libobj-basic-1.0/_build libobj-basic-1.0/_build/sub libobj-basic-1.0/_inst
chmod a-w libobj-basic-1.0
test -d libobj-basic-1.0/_build || exit 0; \
dc_install_base=`CDPATH="${ZSH_VERSION+.}:" && cd libobj-basic-1.0/_inst && pwd | sed -e 's,^[^:\\/]:[\\/],/,'` \
  && dc_destdir="${TMPDIR-/tmp}/am-dc-$$/" \
  && am__cwd=`pwd` \
  && CDPATH="${ZSH_VERSION+.}:" && cd libobj-basic-1.0/_build/sub \
  && ../../configure \
     \
     \
    --srcdir=../.. --prefix="$dc_install_base" \
  && make  \
  && make  dvi \
  && make  check \
  && make  install \
  && make  installcheck \
  && make  uninstall \
  && make  distuninstallcheck_dir="$dc_install_base" \
        distuninstallcheck \
  && chmod -R a-w "$dc_install_base" \
  && ({ \
       (cd ../.. && umask 077 && mkdir "$dc_destdir") \
       && make  DESTDIR="$dc_destdir" install \
       && make  DESTDIR="$dc_destdir" uninstall \
       && make  DESTDIR="$dc_destdir" \
            distuninstallcheck_dir="$dc_destdir" distuninstallcheck; \
      } || { rm -rf "$dc_destdir"; exit 1; }) \
  && rm -rf "$dc_destdir" \
  && make  dist \
  && rm -rf libobj-basic-1.0.tar.gz \
  && make  distcleancheck \
  && cd "$am__cwd" \
  || exit 1
checking for a BSD-compatible install... /usr/bin/install -c
checking whether build environment is sane... yes
checking for a thread-safe mkdir -p... /tools/bin/mkdir -p
checking for gawk... gawk
checking whether make sets $(MAKE)... yes
checking whether make supports nested variables... yes
checking for gcc... cc
checking whether the C compiler works... yes
checking for C compiler default output file name... a.out
checking for suffix of executables... 
checking whether we are cross compiling... no
checking for suffix of object files... o
checking whether we are using the GNU C compiler... yes
checking whether cc accepts -g... yes
checking for cc option to accept ISO C89... none needed
checking whether cc understands -c and -o together... yes
checking whether make supports the include directive... yes (GNU style)
checking dependency style of cc... gcc3
checking for ar... ar
checking the archiver (ar) interface... ar
checking for ranlib... ranlib
checking that generated files are newer than configure... done
configure: creating ./config.status
config.status: creating Makefile
config.status: executing depfiles commands
make[1]: Entering directory '/sources/automake-1.16.1/t/libobj-basic.dir/libobj-basic-1.0/_build/sub'
cc -DPACKAGE_NAME=\"libobj-basic\" -DPACKAGE_TARNAME=\"libobj-basic\" -DPACKAGE_VERSION=\"1.0\" -DPACKAGE_STRING=\"libobj-basic\ 1.0\" -DPACKAGE_BUGREPORT=\"\" -DPACKAGE_URL=\"\" -DPACKAGE=\"libobj-basic\" -DVERSION=\"1.0\" -I. -I../..     -g -O2 -MT foo.o -MD -MP -MF .deps/foo.Tpo -c -o foo.o ../../foo.c
mv -f .deps/foo.Tpo .deps/foo.Po
rm -f libtu.a
ar cru libtu.a foo.o 
ranlib libtu.a
make[1]: Leaving directory '/sources/automake-1.16.1/t/libobj-basic.dir/libobj-basic-1.0/_build/sub'
make[1]: Entering directory '/sources/automake-1.16.1/t/libobj-basic.dir/libobj-basic-1.0/_build/sub'
make[1]: Nothing to be done for 'dvi'.
make[1]: Leaving directory '/sources/automake-1.16.1/t/libobj-basic.dir/libobj-basic-1.0/_build/sub'
make[1]: Entering directory '/sources/automake-1.16.1/t/libobj-basic.dir/libobj-basic-1.0/_build/sub'
make  check-local
make[2]: Entering directory '/sources/automake-1.16.1/t/libobj-basic.dir/libobj-basic-1.0/_build/sub'
make  distdir-am
make[3]: Entering directory '/sources/automake-1.16.1/t/libobj-basic.dir/libobj-basic-1.0/_build/sub'
if test -d "libobj-basic-1.0"; then find "libobj-basic-1.0" -type d ! -perm -200 -exec chmod u+w {} ';' && rm -rf "libobj-basic-1.0" || { sleep 5 && rm -rf "libobj-basic-1.0"; }; else :; fi
test -d "libobj-basic-1.0" || mkdir "libobj-basic-1.0"
test -n "" \
|| find "libobj-basic-1.0" -type d ! -perm -755 \
	-exec chmod u+rwx,go+rx {} \; -o \
  ! -type d ! -perm -444 -links 1 -exec chmod a+r {} \; -o \
  ! -type d ! -perm -400 -exec chmod a+r {} \; -o \
  ! -type d ! -perm -444 -exec /bin/sh /sources/automake-1.16.1/t/libobj-basic.dir/libobj-basic-1.0/install-sh -c -m a+r {} {} \; \
|| chmod -R a+r "libobj-basic-1.0"
make[3]: Leaving directory '/sources/automake-1.16.1/t/libobj-basic.dir/libobj-basic-1.0/_build/sub'
ls -l ../.. . libobj-basic-1.0
.:
total 80
-rw-r--r-- 1 root root 23434 Nov 27 06:42 Makefile
-rw-r--r-- 1 root root  9923 Nov 27 06:42 config.log
-rwxr-xr-x 1 root root 29461 Nov 27 06:42 config.status
-rw-r--r-- 1 root root  2032 Nov 27 06:42 foo.o
drwxr-xr-x 2 root root  4096 Nov 27 06:42 libobj-basic-1.0
-rw-r--r-- 1 root root  2164 Nov 27 06:42 libtu.a

../..:
total 308
-r--r--r-- 1 root root    594 Nov 27 06:42 Makefile.am
-r--r--r-- 1 root root  23020 Nov 27 06:42 Makefile.in
drwxr-xr-x 3 root root   4096 Nov 27 06:42 _build
drwxr-xr-x 2 root root   4096 Nov 27 06:42 _inst
-r--r--r-- 1 root root  43878 Nov 27 06:42 aclocal.m4
-r-xr-xr-x 1 root root   5827 Nov 27 06:42 ar-lib
-r-xr-xr-x 1 root root   7383 Nov 27 06:42 compile
-r-xr-xr-x 1 root root 148773 Nov 27 06:42 configure
-r--r--r-- 1 root root    147 Nov 27 06:42 configure.ac
-r-xr-xr-x 1 root root  23568 Nov 27 06:42 depcomp
-r--r--r-- 1 root root     51 Nov 27 06:42 extra-checks.am
-r--r--r-- 1 root root     22 Nov 27 06:42 foo.c
-r-xr-xr-x 1 root root  15368 Nov 27 06:42 install-sh
-r--r--r-- 1 root root     24 Nov 27 06:42 maude.c
-r-xr-xr-x 1 root root   6878 Nov 27 06:42 missing

libobj-basic-1.0:
total 300
-r--r--r-- 1 root root    594 Nov 27 06:42 Makefile.am
-r--r--r-- 1 root root  23020 Nov 27 06:42 Makefile.in
-r--r--r-- 1 root root  43878 Nov 27 06:42 aclocal.m4
-r-xr-xr-x 1 root root   5827 Nov 27 06:42 ar-lib
-r-xr-xr-x 1 root root   7383 Nov 27 06:42 compile
-r-xr-xr-x 1 root root 148773 Nov 27 06:42 configure
-r--r--r-- 1 root root    147 Nov 27 06:42 configure.ac
-r-xr-xr-x 1 root root  23568 Nov 27 06:42 depcomp
-r--r--r-- 1 root root     51 Nov 27 06:42 extra-checks.am
-r--r--r-- 1 root root     22 Nov 27 06:42 foo.c
-r-xr-xr-x 1 root root  15368 Nov 27 06:42 install-sh
-r--r--r-- 1 root root     24 Nov 27 06:42 maude.c
-r-xr-xr-x 1 root root   6878 Nov 27 06:42 missing
ar tv libtu.a
rw-r--r-- 0/0   2032 Nov 26 22:42 2018 foo.o
grep dummy_maude ../../maude.c
extern int dummy_maude;
grep dummy_maude libobj-basic-1.0/maude.c
extern int dummy_maude;
test -d libobj-basic-1.0
test ! -r libobj-basic-1.0/liver.c
make[2]: Leaving directory '/sources/automake-1.16.1/t/libobj-basic.dir/libobj-basic-1.0/_build/sub'
make[1]: Leaving directory '/sources/automake-1.16.1/t/libobj-basic.dir/libobj-basic-1.0/_build/sub'
make[1]: Entering directory '/sources/automake-1.16.1/t/libobj-basic.dir/libobj-basic-1.0/_build/sub'
make[2]: Entering directory '/sources/automake-1.16.1/t/libobj-basic.dir/libobj-basic-1.0/_build/sub'
make[2]: Nothing to be done for 'install-exec-am'.
make[2]: Nothing to be done for 'install-data-am'.
make[2]: Leaving directory '/sources/automake-1.16.1/t/libobj-basic.dir/libobj-basic-1.0/_build/sub'
make[1]: Leaving directory '/sources/automake-1.16.1/t/libobj-basic.dir/libobj-basic-1.0/_build/sub'
make[1]: Entering directory '/sources/automake-1.16.1/t/libobj-basic.dir/libobj-basic-1.0/_build/sub'
make[1]: Nothing to be done for 'installcheck'.
make[1]: Leaving directory '/sources/automake-1.16.1/t/libobj-basic.dir/libobj-basic-1.0/_build/sub'
make[1]: Entering directory '/sources/automake-1.16.1/t/libobj-basic.dir/libobj-basic-1.0/_build/sub'
make[1]: Nothing to be done for 'uninstall'.
make[1]: Leaving directory '/sources/automake-1.16.1/t/libobj-basic.dir/libobj-basic-1.0/_build/sub'
make[1]: Entering directory '/sources/automake-1.16.1/t/libobj-basic.dir/libobj-basic-1.0/_build/sub'
make[1]: Leaving directory '/sources/automake-1.16.1/t/libobj-basic.dir/libobj-basic-1.0/_build/sub'
make[1]: Entering directory '/sources/automake-1.16.1/t/libobj-basic.dir/libobj-basic-1.0/_build/sub'
make[2]: Entering directory '/sources/automake-1.16.1/t/libobj-basic.dir/libobj-basic-1.0/_build/sub'
make[2]: Nothing to be done for 'install-exec-am'.
make[2]: Nothing to be done for 'install-data-am'.
make[2]: Leaving directory '/sources/automake-1.16.1/t/libobj-basic.dir/libobj-basic-1.0/_build/sub'
make[1]: Leaving directory '/sources/automake-1.16.1/t/libobj-basic.dir/libobj-basic-1.0/_build/sub'
make[1]: Entering directory '/sources/automake-1.16.1/t/libobj-basic.dir/libobj-basic-1.0/_build/sub'
make[1]: Nothing to be done for 'uninstall'.
make[1]: Leaving directory '/sources/automake-1.16.1/t/libobj-basic.dir/libobj-basic-1.0/_build/sub'
make[1]: Entering directory '/sources/automake-1.16.1/t/libobj-basic.dir/libobj-basic-1.0/_build/sub'
make[1]: Leaving directory '/sources/automake-1.16.1/t/libobj-basic.dir/libobj-basic-1.0/_build/sub'
make[1]: Entering directory '/sources/automake-1.16.1/t/libobj-basic.dir/libobj-basic-1.0/_build/sub'
make  dist-gzip am__post_remove_distdir='@:'
make[2]: Entering directory '/sources/automake-1.16.1/t/libobj-basic.dir/libobj-basic-1.0/_build/sub'
make  distdir-am
make[3]: Entering directory '/sources/automake-1.16.1/t/libobj-basic.dir/libobj-basic-1.0/_build/sub'
if test -d "libobj-basic-1.0"; then find "libobj-basic-1.0" -type d ! -perm -200 -exec chmod u+w {} ';' && rm -rf "libobj-basic-1.0" || { sleep 5 && rm -rf "libobj-basic-1.0"; }; else :; fi
test -d "libobj-basic-1.0" || mkdir "libobj-basic-1.0"
test -n "" \
|| find "libobj-basic-1.0" -type d ! -perm -755 \
	-exec chmod u+rwx,go+rx {} \; -o \
  ! -type d ! -perm -444 -links 1 -exec chmod a+r {} \; -o \
  ! -type d ! -perm -400 -exec chmod a+r {} \; -o \
  ! -type d ! -perm -444 -exec /bin/sh /sources/automake-1.16.1/t/libobj-basic.dir/libobj-basic-1.0/install-sh -c -m a+r {} {} \; \
|| chmod -R a+r "libobj-basic-1.0"
make[3]: Leaving directory '/sources/automake-1.16.1/t/libobj-basic.dir/libobj-basic-1.0/_build/sub'
tardir=libobj-basic-1.0 && ${TAR-tar} chof - "$tardir" | eval GZIP= gzip --best -c >libobj-basic-1.0.tar.gz
make[2]: Leaving directory '/sources/automake-1.16.1/t/libobj-basic.dir/libobj-basic-1.0/_build/sub'
if test -d "libobj-basic-1.0"; then find "libobj-basic-1.0" -type d ! -perm -200 -exec chmod u+w {} ';' && rm -rf "libobj-basic-1.0" || { sleep 5 && rm -rf "libobj-basic-1.0"; }; else :; fi
make[1]: Leaving directory '/sources/automake-1.16.1/t/libobj-basic.dir/libobj-basic-1.0/_build/sub'
make[1]: Entering directory '/sources/automake-1.16.1/t/libobj-basic.dir/libobj-basic-1.0/_build/sub'
test -z "libtu.a" || rm -f libtu.a
rm -f *.o
rm -f *.tab.c
test -z "" || rm -f 
test . = "../.." || test -z "" || rm -f 
rm -f TAGS ID GTAGS GRTAGS GSYMS GPATH tags
rm -f cscope.out cscope.in.out cscope.po.out cscope.files
rm -f config.status config.cache config.log configure.lineno config.status.lineno
rm -f .deps/maude.Po
rm -f ./.deps/foo.Po
rm -f Makefile
make[1]: Leaving directory '/sources/automake-1.16.1/t/libobj-basic.dir/libobj-basic-1.0/_build/sub'
if test -d "libobj-basic-1.0"; then find "libobj-basic-1.0" -type d ! -perm -200 -exec chmod u+w {} ';' && rm -rf "libobj-basic-1.0" || { sleep 5 && rm -rf "libobj-basic-1.0"; }; else :; fi
==================================================
libobj-basic-1.0 archives ready for distribution: 
libobj-basic-1.0.tar.gz
==================================================
+ make distclean
test -z "libtu.a" || rm -f libtu.a
rm -f *.o
rm -f *.tab.c
test -z "" || rm -f 
test . = "." || test -z "" || rm -f 
rm -f TAGS ID GTAGS GRTAGS GSYMS GPATH tags
rm -f cscope.out cscope.in.out cscope.po.out cscope.files
rm -f config.status config.cache config.log configure.lineno config.status.lineno
rm -f .deps/maude.Po
rm -f ./.deps/foo.Po
rm -f Makefile
+ rm -rf autom4te.cache
+ cat
+ cat configure.proto -
+ aclocal-1.16 -Werror
+ autoconf
+ automake-1.16 --foreign -Werror -Wall
+ ./configure
checking for a BSD-compatible install... /usr/bin/install -c
checking whether build environment is sane... yes
checking for a thread-safe mkdir -p... /tools/bin/mkdir -p
checking for gawk... gawk
checking whether make sets $(MAKE)... yes
checking whether make supports nested variables... yes
checking for gcc... cc
checking whether the C compiler works... yes
checking for C compiler default output file name... a.out
checking for suffix of executables... 
checking whether we are cross compiling... no
checking for suffix of object files... o
checking whether we are using the GNU C compiler... yes
checking whether cc accepts -g... yes
checking for cc option to accept ISO C89... none needed
checking whether cc understands -c and -o together... yes
checking whether make supports the include directive... yes (GNU style)
checking dependency style of cc... gcc3
checking for ar... ar
checking the archiver (ar) interface... ar
checking for ranlib... ranlib
checking that generated files are newer than configure... done
configure: creating ./config.status
config.status: creating Makefile
config.status: executing depfiles commands
+ make check
cc -DPACKAGE_NAME=\"libobj-basic\" -DPACKAGE_TARNAME=\"libobj-basic\" -DPACKAGE_VERSION=\"1.0\" -DPACKAGE_STRING=\"libobj-basic\ 1.0\" -DPACKAGE_BUGREPORT=\"\" -DPACKAGE_URL=\"\" -DPACKAGE=\"libobj-basic\" -DVERSION=\"1.0\" -I.     -g -O2 -MT foo.o -MD -MP -MF .deps/foo.Tpo -c -o foo.o foo.c
mv -f .deps/foo.Tpo .deps/foo.Po
rm -f libtu.a
ar cru libtu.a foo.o 
ranlib libtu.a
make  check-local
make[1]: Entering directory '/sources/automake-1.16.1/t/libobj-basic.dir'
make  distdir-am
make[2]: Entering directory '/sources/automake-1.16.1/t/libobj-basic.dir'
if test -d "libobj-basic-1.0"; then find "libobj-basic-1.0" -type d ! -perm -200 -exec chmod u+w {} ';' && rm -rf "libobj-basic-1.0" || { sleep 5 && rm -rf "libobj-basic-1.0"; }; else :; fi
test -d "libobj-basic-1.0" || mkdir "libobj-basic-1.0"
test -n "" \
|| find "libobj-basic-1.0" -type d ! -perm -755 \
	-exec chmod u+rwx,go+rx {} \; -o \
  ! -type d ! -perm -444 -links 1 -exec chmod a+r {} \; -o \
  ! -type d ! -perm -400 -exec chmod a+r {} \; -o \
  ! -type d ! -perm -444 -exec /bin/sh /sources/automake-1.16.1/t/libobj-basic.dir/install-sh -c -m a+r {} {} \; \
|| chmod -R a+r "libobj-basic-1.0"
make[2]: Leaving directory '/sources/automake-1.16.1/t/libobj-basic.dir'
ls -l . . libobj-basic-1.0
.:
total 472
-rw-r--r-- 1 root root  23257 Nov 27 06:42 Makefile
-rw-r--r-- 1 root root    594 Nov 27 06:42 Makefile.am
-rw-r--r-- 1 root root  23198 Nov 27 06:42 Makefile.in
-rw-r--r-- 1 root root  43878 Nov 27 06:42 aclocal.m4
-rwxr-xr-x 1 root root   5827 Nov 27 06:42 ar-lib
drwxr-xr-x 2 root root   4096 Nov 27 06:42 autom4te.cache
-rwxr-xr-x 1 root root   7383 Nov 27 06:42 compile
-rw-r--r-- 1 root root   9253 Nov 27 06:42 config.log
-rwxr-xr-x 1 root root  29233 Nov 27 06:42 config.status
-rwxr-xr-x 1 root root 148773 Nov 27 06:42 configure
-rw-r--r-- 1 root root    157 Nov 27 06:42 configure.ac
-rw-r--r-- 1 root root    123 Nov 27 06:42 configure.proto
-rwxr-xr-x 1 root root  23568 Nov 27 06:42 depcomp
-rw-r--r-- 1 root root     57 Nov 27 06:42 extra-checks.am
-rw-r--r-- 1 root root     22 Nov 27 06:42 foo.c
-rw-r--r-- 1 root root   1992 Nov 27 06:42 foo.o
-rwxr-xr-x 1 root root  15368 Nov 27 06:42 install-sh
drwxr-xr-x 2 root root   4096 Nov 27 06:42 libobj-basic-1.0
-rw-r--r-- 1 root root  78798 Nov 27 06:42 libobj-basic-1.0.tar.gz
-rw-r--r-- 1 root root   2124 Nov 27 06:42 libtu.a
-rw-r--r-- 1 root root     24 Nov 27 06:42 liver.c
-rw-r--r-- 1 root root     24 Nov 27 06:42 maude.c
-rwxr-xr-x 1 root root   6878 Nov 27 06:42 missing

.:
total 472
-rw-r--r-- 1 root root  23257 Nov 27 06:42 Makefile
-rw-r--r-- 1 root root    594 Nov 27 06:42 Makefile.am
-rw-r--r-- 1 root root  23198 Nov 27 06:42 Makefile.in
-rw-r--r-- 1 root root  43878 Nov 27 06:42 aclocal.m4
-rwxr-xr-x 1 root root   5827 Nov 27 06:42 ar-lib
drwxr-xr-x 2 root root   4096 Nov 27 06:42 autom4te.cache
-rwxr-xr-x 1 root root   7383 Nov 27 06:42 compile
-rw-r--r-- 1 root root   9253 Nov 27 06:42 config.log
-rwxr-xr-x 1 root root  29233 Nov 27 06:42 config.status
-rwxr-xr-x 1 root root 148773 Nov 27 06:42 configure
-rw-r--r-- 1 root root    157 Nov 27 06:42 configure.ac
-rw-r--r-- 1 root root    123 Nov 27 06:42 configure.proto
-rwxr-xr-x 1 root root  23568 Nov 27 06:42 depcomp
-rw-r--r-- 1 root root     57 Nov 27 06:42 extra-checks.am
-rw-r--r-- 1 root root     22 Nov 27 06:42 foo.c
-rw-r--r-- 1 root root   1992 Nov 27 06:42 foo.o
-rwxr-xr-x 1 root root  15368 Nov 27 06:42 install-sh
drwxr-xr-x 2 root root   4096 Nov 27 06:42 libobj-basic-1.0
-rw-r--r-- 1 root root  78798 Nov 27 06:42 libobj-basic-1.0.tar.gz
-rw-r--r-- 1 root root   2124 Nov 27 06:42 libtu.a
-rw-r--r-- 1 root root     24 Nov 27 06:42 liver.c
-rw-r--r-- 1 root root     24 Nov 27 06:42 maude.c
-rwxr-xr-x 1 root root   6878 Nov 27 06:42 missing

libobj-basic-1.0:
total 304
-rw-r--r-- 1 root root    594 Nov 27 06:42 Makefile.am
-rw-r--r-- 1 root root  23198 Nov 27 06:42 Makefile.in
-rw-r--r-- 1 root root  43878 Nov 27 06:42 aclocal.m4
-rwxr-xr-x 1 root root   5827 Nov 27 06:42 ar-lib
-rwxr-xr-x 1 root root   7383 Nov 27 06:42 compile
-rwxr-xr-x 1 root root 148773 Nov 27 06:42 configure
-rw-r--r-- 1 root root    157 Nov 27 06:42 configure.ac
-rwxr-xr-x 1 root root  23568 Nov 27 06:42 depcomp
-rw-r--r-- 1 root root     57 Nov 27 06:42 extra-checks.am
-rw-r--r-- 1 root root     22 Nov 27 06:42 foo.c
-rwxr-xr-x 1 root root  15368 Nov 27 06:42 install-sh
-rw-r--r-- 1 root root     24 Nov 27 06:42 liver.c
-rw-r--r-- 1 root root     24 Nov 27 06:42 maude.c
-rwxr-xr-x 1 root root   6878 Nov 27 06:42 missing
ar tv libtu.a
rw-r--r-- 0/0   1992 Nov 26 22:42 2018 foo.o
grep dummy_maude ./maude.c
extern int dummy_maude;
grep dummy_maude libobj-basic-1.0/maude.c
extern int dummy_maude;
grep dummy_liver ./liver.c
extern int dummy_liver;
grep dummy_liver libobj-basic-1.0/liver.c
extern int dummy_liver;
make[1]: Leaving directory '/sources/automake-1.16.1/t/libobj-basic.dir'
+ make distcheck
make  dist-gzip am__post_remove_distdir='@:'
make[1]: Entering directory '/sources/automake-1.16.1/t/libobj-basic.dir'
make  distdir-am
make[2]: Entering directory '/sources/automake-1.16.1/t/libobj-basic.dir'
if test -d "libobj-basic-1.0"; then find "libobj-basic-1.0" -type d ! -perm -200 -exec chmod u+w {} ';' && rm -rf "libobj-basic-1.0" || { sleep 5 && rm -rf "libobj-basic-1.0"; }; else :; fi
test -d "libobj-basic-1.0" || mkdir "libobj-basic-1.0"
test -n "" \
|| find "libobj-basic-1.0" -type d ! -perm -755 \
	-exec chmod u+rwx,go+rx {} \; -o \
  ! -type d ! -perm -444 -links 1 -exec chmod a+r {} \; -o \
  ! -type d ! -perm -400 -exec chmod a+r {} \; -o \
  ! -type d ! -perm -444 -exec /bin/sh /sources/automake-1.16.1/t/libobj-basic.dir/install-sh -c -m a+r {} {} \; \
|| chmod -R a+r "libobj-basic-1.0"
make[2]: Leaving directory '/sources/automake-1.16.1/t/libobj-basic.dir'
tardir=libobj-basic-1.0 && ${TAR-tar} chof - "$tardir" | eval GZIP= gzip --best -c >libobj-basic-1.0.tar.gz
make[1]: Leaving directory '/sources/automake-1.16.1/t/libobj-basic.dir'
if test -d "libobj-basic-1.0"; then find "libobj-basic-1.0" -type d ! -perm -200 -exec chmod u+w {} ';' && rm -rf "libobj-basic-1.0" || { sleep 5 && rm -rf "libobj-basic-1.0"; }; else :; fi
case 'libobj-basic-1.0.tar.gz' in \
*.tar.gz*) \
  eval GZIP= gzip --best -dc libobj-basic-1.0.tar.gz | ${TAR-tar} xf - ;;\
*.tar.bz2*) \
  bzip2 -dc libobj-basic-1.0.tar.bz2 | ${TAR-tar} xf - ;;\
*.tar.lz*) \
  lzip -dc libobj-basic-1.0.tar.lz | ${TAR-tar} xf - ;;\
*.tar.xz*) \
  xz -dc libobj-basic-1.0.tar.xz | ${TAR-tar} xf - ;;\
*.tar.Z*) \
  uncompress -c libobj-basic-1.0.tar.Z | ${TAR-tar} xf - ;;\
*.shar.gz*) \
  eval GZIP= gzip --best -dc libobj-basic-1.0.shar.gz | unshar ;;\
*.zip*) \
  unzip libobj-basic-1.0.zip ;;\
esac
chmod -R a-w libobj-basic-1.0
chmod u+w libobj-basic-1.0
mkdir libobj-basic-1.0/_build libobj-basic-1.0/_build/sub libobj-basic-1.0/_inst
chmod a-w libobj-basic-1.0
test -d libobj-basic-1.0/_build || exit 0; \
dc_install_base=`CDPATH="${ZSH_VERSION+.}:" && cd libobj-basic-1.0/_inst && pwd | sed -e 's,^[^:\\/]:[\\/],/,'` \
  && dc_destdir="${TMPDIR-/tmp}/am-dc-$$/" \
  && am__cwd=`pwd` \
  && CDPATH="${ZSH_VERSION+.}:" && cd libobj-basic-1.0/_build/sub \
  && ../../configure \
     \
     \
    --srcdir=../.. --prefix="$dc_install_base" \
  && make  \
  && make  dvi \
  && make  check \
  && make  install \
  && make  installcheck \
  && make  uninstall \
  && make  distuninstallcheck_dir="$dc_install_base" \
        distuninstallcheck \
  && chmod -R a-w "$dc_install_base" \
  && ({ \
       (cd ../.. && umask 077 && mkdir "$dc_destdir") \
       && make  DESTDIR="$dc_destdir" install \
       && make  DESTDIR="$dc_destdir" uninstall \
       && make  DESTDIR="$dc_destdir" \
            distuninstallcheck_dir="$dc_destdir" distuninstallcheck; \
      } || { rm -rf "$dc_destdir"; exit 1; }) \
  && rm -rf "$dc_destdir" \
  && make  dist \
  && rm -rf libobj-basic-1.0.tar.gz \
  && make  distcleancheck \
  && cd "$am__cwd" \
  || exit 1
checking for a BSD-compatible install... /usr/bin/install -c
checking whether build environment is sane... yes
checking for a thread-safe mkdir -p... /tools/bin/mkdir -p
checking for gawk... gawk
checking whether make sets $(MAKE)... yes
checking whether make supports nested variables... yes
checking for gcc... cc
checking whether the C compiler works... yes
checking for C compiler default output file name... a.out
checking for suffix of executables... 
checking whether we are cross compiling... no
checking for suffix of object files... o
checking whether we are using the GNU C compiler... yes
checking whether cc accepts -g... yes
checking for cc option to accept ISO C89... none needed
checking whether cc understands -c and -o together... yes
checking whether make supports the include directive... yes (GNU style)
checking dependency style of cc... gcc3
checking for ar... ar
checking the archiver (ar) interface... ar
checking for ranlib... ranlib
checking that generated files are newer than configure... done
configure: creating ./config.status
config.status: creating Makefile
config.status: executing depfiles commands
make[1]: Entering directory '/sources/automake-1.16.1/t/libobj-basic.dir/libobj-basic-1.0/_build/sub'
cc -DPACKAGE_NAME=\"libobj-basic\" -DPACKAGE_TARNAME=\"libobj-basic\" -DPACKAGE_VERSION=\"1.0\" -DPACKAGE_STRING=\"libobj-basic\ 1.0\" -DPACKAGE_BUGREPORT=\"\" -DPACKAGE_URL=\"\" -DPACKAGE=\"libobj-basic\" -DVERSION=\"1.0\" -I. -I../..     -g -O2 -MT foo.o -MD -MP -MF .deps/foo.Tpo -c -o foo.o ../../foo.c
mv -f .deps/foo.Tpo .deps/foo.Po
rm -f libtu.a
ar cru libtu.a foo.o 
ranlib libtu.a
make[1]: Leaving directory '/sources/automake-1.16.1/t/libobj-basic.dir/libobj-basic-1.0/_build/sub'
make[1]: Entering directory '/sources/automake-1.16.1/t/libobj-basic.dir/libobj-basic-1.0/_build/sub'
make[1]: Nothing to be done for 'dvi'.
make[1]: Leaving directory '/sources/automake-1.16.1/t/libobj-basic.dir/libobj-basic-1.0/_build/sub'
make[1]: Entering directory '/sources/automake-1.16.1/t/libobj-basic.dir/libobj-basic-1.0/_build/sub'
make  check-local
make[2]: Entering directory '/sources/automake-1.16.1/t/libobj-basic.dir/libobj-basic-1.0/_build/sub'
make  distdir-am
make[3]: Entering directory '/sources/automake-1.16.1/t/libobj-basic.dir/libobj-basic-1.0/_build/sub'
if test -d "libobj-basic-1.0"; then find "libobj-basic-1.0" -type d ! -perm -200 -exec chmod u+w {} ';' && rm -rf "libobj-basic-1.0" || { sleep 5 && rm -rf "libobj-basic-1.0"; }; else :; fi
test -d "libobj-basic-1.0" || mkdir "libobj-basic-1.0"
test -n "" \
|| find "libobj-basic-1.0" -type d ! -perm -755 \
	-exec chmod u+rwx,go+rx {} \; -o \
  ! -type d ! -perm -444 -links 1 -exec chmod a+r {} \; -o \
  ! -type d ! -perm -400 -exec chmod a+r {} \; -o \
  ! -type d ! -perm -444 -exec /bin/sh /sources/automake-1.16.1/t/libobj-basic.dir/libobj-basic-1.0/install-sh -c -m a+r {} {} \; \
|| chmod -R a+r "libobj-basic-1.0"
make[3]: Leaving directory '/sources/automake-1.16.1/t/libobj-basic.dir/libobj-basic-1.0/_build/sub'
ls -l ../.. . libobj-basic-1.0
.:
total 80
-rw-r--r-- 1 root root 23572 Nov 27 06:42 Makefile
-rw-r--r-- 1 root root  9923 Nov 27 06:42 config.log
-rwxr-xr-x 1 root root 29461 Nov 27 06:42 config.status
-rw-r--r-- 1 root root  2032 Nov 27 06:42 foo.o
drwxr-xr-x 2 root root  4096 Nov 27 06:42 libobj-basic-1.0
-rw-r--r-- 1 root root  2164 Nov 27 06:42 libtu.a

../..:
total 312
-r--r--r-- 1 root root    594 Nov 27 06:42 Makefile.am
-r--r--r-- 1 root root  23198 Nov 27 06:42 Makefile.in
drwxr-xr-x 3 root root   4096 Nov 27 06:42 _build
drwxr-xr-x 2 root root   4096 Nov 27 06:42 _inst
-r--r--r-- 1 root root  43878 Nov 27 06:42 aclocal.m4
-r-xr-xr-x 1 root root   5827 Nov 27 06:42 ar-lib
-r-xr-xr-x 1 root root   7383 Nov 27 06:42 compile
-r-xr-xr-x 1 root root 148773 Nov 27 06:42 configure
-r--r--r-- 1 root root    157 Nov 27 06:42 configure.ac
-r-xr-xr-x 1 root root  23568 Nov 27 06:42 depcomp
-r--r--r-- 1 root root     57 Nov 27 06:42 extra-checks.am
-r--r--r-- 1 root root     22 Nov 27 06:42 foo.c
-r-xr-xr-x 1 root root  15368 Nov 27 06:42 install-sh
-r--r--r-- 1 root root     24 Nov 27 06:42 liver.c
-r--r--r-- 1 root root     24 Nov 27 06:42 maude.c
-r-xr-xr-x 1 root root   6878 Nov 27 06:42 missing

libobj-basic-1.0:
total 304
-r--r--r-- 1 root root    594 Nov 27 06:42 Makefile.am
-r--r--r-- 1 root root  23198 Nov 27 06:42 Makefile.in
-r--r--r-- 1 root root  43878 Nov 27 06:42 aclocal.m4
-r-xr-xr-x 1 root root   5827 Nov 27 06:42 ar-lib
-r-xr-xr-x 1 root root   7383 Nov 27 06:42 compile
-r-xr-xr-x 1 root root 148773 Nov 27 06:42 configure
-r--r--r-- 1 root root    157 Nov 27 06:42 configure.ac
-r-xr-xr-x 1 root root  23568 Nov 27 06:42 depcomp
-r--r--r-- 1 root root     57 Nov 27 06:42 extra-checks.am
-r--r--r-- 1 root root     22 Nov 27 06:42 foo.c
-r-xr-xr-x 1 root root  15368 Nov 27 06:42 install-sh
-r--r--r-- 1 root root     24 Nov 27 06:42 liver.c
-r--r--r-- 1 root root     24 Nov 27 06:42 maude.c
-r-xr-xr-x 1 root root   6878 Nov 27 06:42 missing
ar tv libtu.a
rw-r--r-- 0/0   2032 Nov 26 22:42 2018 foo.o
grep dummy_maude ../../maude.c
extern int dummy_maude;
grep dummy_maude libobj-basic-1.0/maude.c
extern int dummy_maude;
grep dummy_liver ../../liver.c
extern int dummy_liver;
grep dummy_liver libobj-basic-1.0/liver.c
extern int dummy_liver;
make[2]: Leaving directory '/sources/automake-1.16.1/t/libobj-basic.dir/libobj-basic-1.0/_build/sub'
make[1]: Leaving directory '/sources/automake-1.16.1/t/libobj-basic.dir/libobj-basic-1.0/_build/sub'
make[1]: Entering directory '/sources/automake-1.16.1/t/libobj-basic.dir/libobj-basic-1.0/_build/sub'
make[2]: Entering directory '/sources/automake-1.16.1/t/libobj-basic.dir/libobj-basic-1.0/_build/sub'
make[2]: Nothing to be done for 'install-exec-am'.
make[2]: Nothing to be done for 'install-data-am'.
make[2]: Leaving directory '/sources/automake-1.16.1/t/libobj-basic.dir/libobj-basic-1.0/_build/sub'
make[1]: Leaving directory '/sources/automake-1.16.1/t/libobj-basic.dir/libobj-basic-1.0/_build/sub'
make[1]: Entering directory '/sources/automake-1.16.1/t/libobj-basic.dir/libobj-basic-1.0/_build/sub'
make[1]: Nothing to be done for 'installcheck'.
make[1]: Leaving directory '/sources/automake-1.16.1/t/libobj-basic.dir/libobj-basic-1.0/_build/sub'
make[1]: Entering directory '/sources/automake-1.16.1/t/libobj-basic.dir/libobj-basic-1.0/_build/sub'
make[1]: Nothing to be done for 'uninstall'.
make[1]: Leaving directory '/sources/automake-1.16.1/t/libobj-basic.dir/libobj-basic-1.0/_build/sub'
make[1]: Entering directory '/sources/automake-1.16.1/t/libobj-basic.dir/libobj-basic-1.0/_build/sub'
make[1]: Leaving directory '/sources/automake-1.16.1/t/libobj-basic.dir/libobj-basic-1.0/_build/sub'
make[1]: Entering directory '/sources/automake-1.16.1/t/libobj-basic.dir/libobj-basic-1.0/_build/sub'
make[2]: Entering directory '/sources/automake-1.16.1/t/libobj-basic.dir/libobj-basic-1.0/_build/sub'
make[2]: Nothing to be done for 'install-exec-am'.
make[2]: Nothing to be done for 'install-data-am'.
make[2]: Leaving directory '/sources/automake-1.16.1/t/libobj-basic.dir/libobj-basic-1.0/_build/sub'
make[1]: Leaving directory '/sources/automake-1.16.1/t/libobj-basic.dir/libobj-basic-1.0/_build/sub'
make[1]: Entering directory '/sources/automake-1.16.1/t/libobj-basic.dir/libobj-basic-1.0/_build/sub'
make[1]: Nothing to be done for 'uninstall'.
make[1]: Leaving directory '/sources/automake-1.16.1/t/libobj-basic.dir/libobj-basic-1.0/_build/sub'
make[1]: Entering directory '/sources/automake-1.16.1/t/libobj-basic.dir/libobj-basic-1.0/_build/sub'
make[1]: Leaving directory '/sources/automake-1.16.1/t/libobj-basic.dir/libobj-basic-1.0/_build/sub'
make[1]: Entering directory '/sources/automake-1.16.1/t/libobj-basic.dir/libobj-basic-1.0/_build/sub'
make  dist-gzip am__post_remove_distdir='@:'
make[2]: Entering directory '/sources/automake-1.16.1/t/libobj-basic.dir/libobj-basic-1.0/_build/sub'
make  distdir-am
make[3]: Entering directory '/sources/automake-1.16.1/t/libobj-basic.dir/libobj-basic-1.0/_build/sub'
if test -d "libobj-basic-1.0"; then find "libobj-basic-1.0" -type d ! -perm -200 -exec chmod u+w {} ';' && rm -rf "libobj-basic-1.0" || { sleep 5 && rm -rf "libobj-basic-1.0"; }; else :; fi
test -d "libobj-basic-1.0" || mkdir "libobj-basic-1.0"
test -n "" \
|| find "libobj-basic-1.0" -type d ! -perm -755 \
	-exec chmod u+rwx,go+rx {} \; -o \
  ! -type d ! -perm -444 -links 1 -exec chmod a+r {} \; -o \
  ! -type d ! -perm -400 -exec chmod a+r {} \; -o \
  ! -type d ! -perm -444 -exec /bin/sh /sources/automake-1.16.1/t/libobj-basic.dir/libobj-basic-1.0/install-sh -c -m a+r {} {} \; \
|| chmod -R a+r "libobj-basic-1.0"
make[3]: Leaving directory '/sources/automake-1.16.1/t/libobj-basic.dir/libobj-basic-1.0/_build/sub'
tardir=libobj-basic-1.0 && ${TAR-tar} chof - "$tardir" | eval GZIP= gzip --best -c >libobj-basic-1.0.tar.gz
make[2]: Leaving directory '/sources/automake-1.16.1/t/libobj-basic.dir/libobj-basic-1.0/_build/sub'
if test -d "libobj-basic-1.0"; then find "libobj-basic-1.0" -type d ! -perm -200 -exec chmod u+w {} ';' && rm -rf "libobj-basic-1.0" || { sleep 5 && rm -rf "libobj-basic-1.0"; }; else :; fi
make[1]: Leaving directory '/sources/automake-1.16.1/t/libobj-basic.dir/libobj-basic-1.0/_build/sub'
make[1]: Entering directory '/sources/automake-1.16.1/t/libobj-basic.dir/libobj-basic-1.0/_build/sub'
test -z "libtu.a" || rm -f libtu.a
rm -f *.o
rm -f *.tab.c
test -z "" || rm -f 
test . = "../.." || test -z "" || rm -f 
rm -f TAGS ID GTAGS GRTAGS GSYMS GPATH tags
rm -f cscope.out cscope.in.out cscope.po.out cscope.files
rm -f config.status config.cache config.log configure.lineno config.status.lineno
rm -f .deps/liver.Po
rm -f .deps/maude.Po
rm -f ./.deps/foo.Po
rm -f Makefile
make[1]: Leaving directory '/sources/automake-1.16.1/t/libobj-basic.dir/libobj-basic-1.0/_build/sub'
if test -d "libobj-basic-1.0"; then find "libobj-basic-1.0" -type d ! -perm -200 -exec chmod u+w {} ';' && rm -rf "libobj-basic-1.0" || { sleep 5 && rm -rf "libobj-basic-1.0"; }; else :; fi
==================================================
libobj-basic-1.0 archives ready for distribution: 
libobj-basic-1.0.tar.gz
==================================================
+ :
+ am_exit_trap 0
+ exit_status=0
+ set +e
+ cd /sources/automake-1.16.1
+ test none = tap
+ case $am_explicit_skips in
+ test 0 -eq 0
+ am_keeping_testdirs
+ case $keep_testdirs in
+ return 1
+ rm_rf_ t/libobj-basic.dir
+ test 1 -gt 0
+ /usr/bin/perl /sources/automake-1.16.1/t/ax/deltree.pl t/libobj-basic.dir
+ set +x
PASS t/libobj-basic.sh (exit status: 0)
