Running from installcheck: no
Test Protocol: none
PATH = /sources/automake-1.16.1/bin:/sources/automake-1.16.1/t/ax:/bin:/usr/bin:/sbin:/usr/sbin:/tools/bin
++ pwd
/sources/automake-1.16.1/t/libobj19.dir
+ cat
+ cat
+ mkdir libobj-dir
+ cat
+ cp /sources/automake-1.16.1/lib/ar-lib .
+ aclocal-1.16 -Werror
+ autoconf
+ automake-1.16 --foreign -Werror -Wall
+ ./configure
checking for a BSD-compatible install... /usr/bin/install -c
checking whether build environment is sane... yes
checking for a thread-safe mkdir -p... /tools/bin/mkdir -p
checking for gawk... gawk
checking whether make sets $(MAKE)... yes
checking whether make supports nested variables... yes
checking for gcc... cc
checking whether the C compiler works... yes
checking for C compiler default output file name... a.out
checking for suffix of executables... 
checking whether we are cross compiling... no
checking for suffix of object files... o
checking whether we are using the GNU C compiler... yes
checking whether cc accepts -g... yes
checking for cc option to accept ISO C89... none needed
checking whether cc understands -c and -o together... yes
checking whether make supports the include directive... yes (GNU style)
checking dependency style of cc... gcc3
checking for ar... ar
checking the archiver (ar) interface... ar
checking for ranlib... ranlib
checking that generated files are newer than configure... done
configure: creating ./config.status
config.status: creating Makefile
config.status: executing depfiles commands
+ make
depbase=`echo libobj-dir/foobar.o | sed 's|[^/]*$|.deps/&|;s|\.o$||'`;\
cc -DPACKAGE_NAME=\"libobj19\" -DPACKAGE_TARNAME=\"libobj19\" -DPACKAGE_VERSION=\"1.0\" -DPACKAGE_STRING=\"libobj19\ 1.0\" -DPACKAGE_BUGREPORT=\"\" -DPACKAGE_URL=\"\" -DPACKAGE=\"libobj19\" -DVERSION=\"1.0\" -I.     -g -O2 -MT libobj-dir/foobar.o -MD -MP -MF $depbase.Tpo -c -o libobj-dir/foobar.o libobj-dir/foobar.c &&\
mv -f $depbase.Tpo $depbase.Po
rm -f libtu.a
ar cru libtu.a  libobj-dir/foobar.o
ranlib libtu.a
+ make check
make  check-local
make[1]: Entering directory '/sources/automake-1.16.1/t/libobj19.dir'
(cd . && make  distdir)
make[2]: Entering directory '/sources/automake-1.16.1/t/libobj19.dir'
make  distdir-am
make[3]: Entering directory '/sources/automake-1.16.1/t/libobj19.dir'
if test -d "libobj19-1.0"; then find "libobj19-1.0" -type d ! -perm -200 -exec chmod u+w {} ';' && rm -rf "libobj19-1.0" || { sleep 5 && rm -rf "libobj19-1.0"; }; else :; fi
test -d "libobj19-1.0" || mkdir "libobj19-1.0"
test -n "" \
|| find "libobj19-1.0" -type d ! -perm -755 \
	-exec chmod u+rwx,go+rx {} \; -o \
  ! -type d ! -perm -444 -links 1 -exec chmod a+r {} \; -o \
  ! -type d ! -perm -400 -exec chmod a+r {} \; -o \
  ! -type d ! -perm -444 -exec /bin/sh /sources/automake-1.16.1/t/libobj19.dir/install-sh -c -m a+r {} {} \; \
|| chmod -R a+r "libobj19-1.0"
make[3]: Leaving directory '/sources/automake-1.16.1/t/libobj19.dir'
make[2]: Leaving directory '/sources/automake-1.16.1/t/libobj19.dir'
ls -l ./* ./* ./libobj19-1.0/*
-rw-r--r-- 1 root root  20800 Nov 27 06:42 ./Makefile
-rw-r--r-- 1 root root  20800 Nov 27 06:42 ./Makefile
-rw-r--r-- 1 root root    652 Nov 27 06:42 ./Makefile.am
-rw-r--r-- 1 root root    652 Nov 27 06:42 ./Makefile.am
-rw-r--r-- 1 root root  20742 Nov 27 06:42 ./Makefile.in
-rw-r--r-- 1 root root  20742 Nov 27 06:42 ./Makefile.in
-rw-r--r-- 1 root root  43878 Nov 27 06:42 ./aclocal.m4
-rw-r--r-- 1 root root  43878 Nov 27 06:42 ./aclocal.m4
-rwxr-xr-x 1 root root   5827 Nov 27 06:42 ./ar-lib
-rwxr-xr-x 1 root root   5827 Nov 27 06:42 ./ar-lib
-rwxr-xr-x 1 root root   7383 Nov 27 06:42 ./compile
-rwxr-xr-x 1 root root   7383 Nov 27 06:42 ./compile
-rw-r--r-- 1 root root   9220 Nov 27 06:42 ./config.log
-rw-r--r-- 1 root root   9220 Nov 27 06:42 ./config.log
-rwxr-xr-x 1 root root  29212 Nov 27 06:42 ./config.status
-rwxr-xr-x 1 root root  29212 Nov 27 06:42 ./config.status
-rwxr-xr-x 1 root root 148861 Nov 27 06:42 ./configure
-rwxr-xr-x 1 root root 148861 Nov 27 06:42 ./configure
-rw-r--r-- 1 root root    174 Nov 27 06:42 ./configure.ac
-rw-r--r-- 1 root root    174 Nov 27 06:42 ./configure.ac
-rwxr-xr-x 1 root root  23568 Nov 27 06:42 ./depcomp
-rwxr-xr-x 1 root root  23568 Nov 27 06:42 ./depcomp
-rwxr-xr-x 1 root root  15368 Nov 27 06:42 ./install-sh
-rwxr-xr-x 1 root root  15368 Nov 27 06:42 ./install-sh
-rw-r--r-- 1 root root    652 Nov 27 06:42 ./libobj19-1.0/Makefile.am
-rw-r--r-- 1 root root  20742 Nov 27 06:42 ./libobj19-1.0/Makefile.in
-rw-r--r-- 1 root root  43878 Nov 27 06:42 ./libobj19-1.0/aclocal.m4
-rwxr-xr-x 1 root root   5827 Nov 27 06:42 ./libobj19-1.0/ar-lib
-rwxr-xr-x 1 root root   7383 Nov 27 06:42 ./libobj19-1.0/compile
-rwxr-xr-x 1 root root 148861 Nov 27 06:42 ./libobj19-1.0/configure
-rw-r--r-- 1 root root    174 Nov 27 06:42 ./libobj19-1.0/configure.ac
-rwxr-xr-x 1 root root  23568 Nov 27 06:42 ./libobj19-1.0/depcomp
-rwxr-xr-x 1 root root  15368 Nov 27 06:42 ./libobj19-1.0/install-sh
-rwxr-xr-x 1 root root   6878 Nov 27 06:42 ./libobj19-1.0/missing
-rw-r--r-- 1 root root   2156 Nov 27 06:42 ./libtu.a
-rw-r--r-- 1 root root   2156 Nov 27 06:42 ./libtu.a
-rwxr-xr-x 1 root root   6878 Nov 27 06:42 ./missing
-rwxr-xr-x 1 root root   6878 Nov 27 06:42 ./missing

./autom4te.cache:
total 372
-rw-r--r-- 1 root root 149364 Nov 27 06:42 output.0
-rw-r--r-- 1 root root 149364 Nov 27 06:42 output.1
-rw-r--r-- 1 root root   7266 Nov 27 06:42 requests
-rw-r--r-- 1 root root  41374 Nov 27 06:42 traces.0
-rw-r--r-- 1 root root  22187 Nov 27 06:42 traces.1

./autom4te.cache:
total 372
-rw-r--r-- 1 root root 149364 Nov 27 06:42 output.0
-rw-r--r-- 1 root root 149364 Nov 27 06:42 output.1
-rw-r--r-- 1 root root   7266 Nov 27 06:42 requests
-rw-r--r-- 1 root root  41374 Nov 27 06:42 traces.0
-rw-r--r-- 1 root root  22187 Nov 27 06:42 traces.1

./libobj-dir:
total 8
-rw-r--r-- 1 root root   18 Nov 27 06:42 foobar.c
-rw-r--r-- 1 root root 2024 Nov 27 06:42 foobar.o

./libobj-dir:
total 8
-rw-r--r-- 1 root root   18 Nov 27 06:42 foobar.c
-rw-r--r-- 1 root root 2024 Nov 27 06:42 foobar.o

./libobj19-1.0:
total 292
-rw-r--r-- 1 root root    652 Nov 27 06:42 Makefile.am
-rw-r--r-- 1 root root  20742 Nov 27 06:42 Makefile.in
-rw-r--r-- 1 root root  43878 Nov 27 06:42 aclocal.m4
-rwxr-xr-x 1 root root   5827 Nov 27 06:42 ar-lib
-rwxr-xr-x 1 root root   7383 Nov 27 06:42 compile
-rwxr-xr-x 1 root root 148861 Nov 27 06:42 configure
-rw-r--r-- 1 root root    174 Nov 27 06:42 configure.ac
-rwxr-xr-x 1 root root  23568 Nov 27 06:42 depcomp
-rwxr-xr-x 1 root root  15368 Nov 27 06:42 install-sh
drwxr-xr-x 2 root root   4096 Nov 27 06:42 libobj-dir
-rwxr-xr-x 1 root root   6878 Nov 27 06:42 missing

./libobj19-1.0:
total 292
-rw-r--r-- 1 root root    652 Nov 27 06:42 Makefile.am
-rw-r--r-- 1 root root  20742 Nov 27 06:42 Makefile.in
-rw-r--r-- 1 root root  43878 Nov 27 06:42 aclocal.m4
-rwxr-xr-x 1 root root   5827 Nov 27 06:42 ar-lib
-rwxr-xr-x 1 root root   7383 Nov 27 06:42 compile
-rwxr-xr-x 1 root root 148861 Nov 27 06:42 configure
-rw-r--r-- 1 root root    174 Nov 27 06:42 configure.ac
-rwxr-xr-x 1 root root  23568 Nov 27 06:42 depcomp
-rwxr-xr-x 1 root root  15368 Nov 27 06:42 install-sh
drwxr-xr-x 2 root root   4096 Nov 27 06:42 libobj-dir
-rwxr-xr-x 1 root root   6878 Nov 27 06:42 missing

./libobj19-1.0/libobj-dir:
total 4
-rw-r--r-- 1 root root 18 Nov 27 06:42 foobar.c
test -f libtu.a
test ! -r ./foobar.c
test -f ./libobj-dir/foobar.c
test ! -r ./libobj19-1.0/foobar.c
test -f ./libobj19-1.0/libobj-dir/foobar.c
ar t libtu.a
foobar.o
ar t libtu.a | grep foobar
foobar.o
make[1]: Leaving directory '/sources/automake-1.16.1/t/libobj19.dir'
+ make distcheck
make  dist-gzip am__post_remove_distdir='@:'
make[1]: Entering directory '/sources/automake-1.16.1/t/libobj19.dir'
make  distdir-am
make[2]: Entering directory '/sources/automake-1.16.1/t/libobj19.dir'
if test -d "libobj19-1.0"; then find "libobj19-1.0" -type d ! -perm -200 -exec chmod u+w {} ';' && rm -rf "libobj19-1.0" || { sleep 5 && rm -rf "libobj19-1.0"; }; else :; fi
test -d "libobj19-1.0" || mkdir "libobj19-1.0"
test -n "" \
|| find "libobj19-1.0" -type d ! -perm -755 \
	-exec chmod u+rwx,go+rx {} \; -o \
  ! -type d ! -perm -444 -links 1 -exec chmod a+r {} \; -o \
  ! -type d ! -perm -400 -exec chmod a+r {} \; -o \
  ! -type d ! -perm -444 -exec /bin/sh /sources/automake-1.16.1/t/libobj19.dir/install-sh -c -m a+r {} {} \; \
|| chmod -R a+r "libobj19-1.0"
make[2]: Leaving directory '/sources/automake-1.16.1/t/libobj19.dir'
tardir=libobj19-1.0 && ${TAR-tar} chof - "$tardir" | eval GZIP= gzip --best -c >libobj19-1.0.tar.gz
make[1]: Leaving directory '/sources/automake-1.16.1/t/libobj19.dir'
if test -d "libobj19-1.0"; then find "libobj19-1.0" -type d ! -perm -200 -exec chmod u+w {} ';' && rm -rf "libobj19-1.0" || { sleep 5 && rm -rf "libobj19-1.0"; }; else :; fi
case 'libobj19-1.0.tar.gz' in \
*.tar.gz*) \
  eval GZIP= gzip --best -dc libobj19-1.0.tar.gz | ${TAR-tar} xf - ;;\
*.tar.bz2*) \
  bzip2 -dc libobj19-1.0.tar.bz2 | ${TAR-tar} xf - ;;\
*.tar.lz*) \
  lzip -dc libobj19-1.0.tar.lz | ${TAR-tar} xf - ;;\
*.tar.xz*) \
  xz -dc libobj19-1.0.tar.xz | ${TAR-tar} xf - ;;\
*.tar.Z*) \
  uncompress -c libobj19-1.0.tar.Z | ${TAR-tar} xf - ;;\
*.shar.gz*) \
  eval GZIP= gzip --best -dc libobj19-1.0.shar.gz | unshar ;;\
*.zip*) \
  unzip libobj19-1.0.zip ;;\
esac
chmod -R a-w libobj19-1.0
chmod u+w libobj19-1.0
mkdir libobj19-1.0/_build libobj19-1.0/_build/sub libobj19-1.0/_inst
chmod a-w libobj19-1.0
test -d libobj19-1.0/_build || exit 0; \
dc_install_base=`CDPATH="${ZSH_VERSION+.}:" && cd libobj19-1.0/_inst && pwd | sed -e 's,^[^:\\/]:[\\/],/,'` \
  && dc_destdir="${TMPDIR-/tmp}/am-dc-$$/" \
  && am__cwd=`pwd` \
  && CDPATH="${ZSH_VERSION+.}:" && cd libobj19-1.0/_build/sub \
  && ../../configure \
     \
     \
    --srcdir=../.. --prefix="$dc_install_base" \
  && make  \
  && make  dvi \
  && make  check \
  && make  install \
  && make  installcheck \
  && make  uninstall \
  && make  distuninstallcheck_dir="$dc_install_base" \
        distuninstallcheck \
  && chmod -R a-w "$dc_install_base" \
  && ({ \
       (cd ../.. && umask 077 && mkdir "$dc_destdir") \
       && make  DESTDIR="$dc_destdir" install \
       && make  DESTDIR="$dc_destdir" uninstall \
       && make  DESTDIR="$dc_destdir" \
            distuninstallcheck_dir="$dc_destdir" distuninstallcheck; \
      } || { rm -rf "$dc_destdir"; exit 1; }) \
  && rm -rf "$dc_destdir" \
  && make  dist \
  && rm -rf libobj19-1.0.tar.gz \
  && make  distcleancheck \
  && cd "$am__cwd" \
  || exit 1
checking for a BSD-compatible install... /usr/bin/install -c
checking whether build environment is sane... yes
checking for a thread-safe mkdir -p... /tools/bin/mkdir -p
checking for gawk... gawk
checking whether make sets $(MAKE)... yes
checking whether make supports nested variables... yes
checking for gcc... cc
checking whether the C compiler works... yes
checking for C compiler default output file name... a.out
checking for suffix of executables... 
checking whether we are cross compiling... no
checking for suffix of object files... o
checking whether we are using the GNU C compiler... yes
checking whether cc accepts -g... yes
checking for cc option to accept ISO C89... none needed
checking whether cc understands -c and -o together... yes
checking whether make supports the include directive... yes (GNU style)
checking dependency style of cc... gcc3
checking for ar... ar
checking the archiver (ar) interface... ar
checking for ranlib... ranlib
checking that generated files are newer than configure... done
configure: creating ./config.status
config.status: creating Makefile
config.status: executing depfiles commands
make[1]: Entering directory '/sources/automake-1.16.1/t/libobj19.dir/libobj19-1.0/_build/sub'
depbase=`echo libobj-dir/foobar.o | sed 's|[^/]*$|.deps/&|;s|\.o$||'`;\
cc -DPACKAGE_NAME=\"libobj19\" -DPACKAGE_TARNAME=\"libobj19\" -DPACKAGE_VERSION=\"1.0\" -DPACKAGE_STRING=\"libobj19\ 1.0\" -DPACKAGE_BUGREPORT=\"\" -DPACKAGE_URL=\"\" -DPACKAGE=\"libobj19\" -DVERSION=\"1.0\" -I. -I../..     -g -O2 -MT libobj-dir/foobar.o -MD -MP -MF $depbase.Tpo -c -o libobj-dir/foobar.o ../../libobj-dir/foobar.c &&\
mv -f $depbase.Tpo $depbase.Po
rm -f libtu.a
ar cru libtu.a  libobj-dir/foobar.o
ranlib libtu.a
make[1]: Leaving directory '/sources/automake-1.16.1/t/libobj19.dir/libobj19-1.0/_build/sub'
make[1]: Entering directory '/sources/automake-1.16.1/t/libobj19.dir/libobj19-1.0/_build/sub'
make[1]: Nothing to be done for 'dvi'.
make[1]: Leaving directory '/sources/automake-1.16.1/t/libobj19.dir/libobj19-1.0/_build/sub'
make[1]: Entering directory '/sources/automake-1.16.1/t/libobj19.dir/libobj19-1.0/_build/sub'
make  check-local
make[2]: Entering directory '/sources/automake-1.16.1/t/libobj19.dir/libobj19-1.0/_build/sub'
(cd . && make  distdir)
make[3]: Entering directory '/sources/automake-1.16.1/t/libobj19.dir/libobj19-1.0/_build/sub'
make  distdir-am
make[4]: Entering directory '/sources/automake-1.16.1/t/libobj19.dir/libobj19-1.0/_build/sub'
if test -d "libobj19-1.0"; then find "libobj19-1.0" -type d ! -perm -200 -exec chmod u+w {} ';' && rm -rf "libobj19-1.0" || { sleep 5 && rm -rf "libobj19-1.0"; }; else :; fi
test -d "libobj19-1.0" || mkdir "libobj19-1.0"
test -n "" \
|| find "libobj19-1.0" -type d ! -perm -755 \
	-exec chmod u+rwx,go+rx {} \; -o \
  ! -type d ! -perm -444 -links 1 -exec chmod a+r {} \; -o \
  ! -type d ! -perm -400 -exec chmod a+r {} \; -o \
  ! -type d ! -perm -444 -exec /bin/sh /sources/automake-1.16.1/t/libobj19.dir/libobj19-1.0/install-sh -c -m a+r {} {} \; \
|| chmod -R a+r "libobj19-1.0"
make[4]: Leaving directory '/sources/automake-1.16.1/t/libobj19.dir/libobj19-1.0/_build/sub'
make[3]: Leaving directory '/sources/automake-1.16.1/t/libobj19.dir/libobj19-1.0/_build/sub'
ls -l ../../* ./* ./libobj19-1.0/*
-r--r--r-- 1 root root    652 Nov 27 06:42 ../../Makefile.am
-r--r--r-- 1 root root  20742 Nov 27 06:42 ../../Makefile.in
-r--r--r-- 1 root root  43878 Nov 27 06:42 ../../aclocal.m4
-r-xr-xr-x 1 root root   5827 Nov 27 06:42 ../../ar-lib
-r-xr-xr-x 1 root root   7383 Nov 27 06:42 ../../compile
-r-xr-xr-x 1 root root 148861 Nov 27 06:42 ../../configure
-r--r--r-- 1 root root    174 Nov 27 06:42 ../../configure.ac
-r-xr-xr-x 1 root root  23568 Nov 27 06:42 ../../depcomp
-r-xr-xr-x 1 root root  15368 Nov 27 06:42 ../../install-sh
-r-xr-xr-x 1 root root   6878 Nov 27 06:42 ../../missing
-rw-r--r-- 1 root root  21067 Nov 27 06:42 ./Makefile
-rw-r--r-- 1 root root   9818 Nov 27 06:42 ./config.log
-rwxr-xr-x 1 root root  29388 Nov 27 06:42 ./config.status
-r--r--r-- 1 root root    652 Nov 27 06:42 ./libobj19-1.0/Makefile.am
-r--r--r-- 1 root root  20742 Nov 27 06:42 ./libobj19-1.0/Makefile.in
-r--r--r-- 1 root root  43878 Nov 27 06:42 ./libobj19-1.0/aclocal.m4
-r-xr-xr-x 1 root root   5827 Nov 27 06:42 ./libobj19-1.0/ar-lib
-r-xr-xr-x 1 root root   7383 Nov 27 06:42 ./libobj19-1.0/compile
-r-xr-xr-x 1 root root 148861 Nov 27 06:42 ./libobj19-1.0/configure
-r--r--r-- 1 root root    174 Nov 27 06:42 ./libobj19-1.0/configure.ac
-r-xr-xr-x 1 root root  23568 Nov 27 06:42 ./libobj19-1.0/depcomp
-r-xr-xr-x 1 root root  15368 Nov 27 06:42 ./libobj19-1.0/install-sh
-r-xr-xr-x 1 root root   6878 Nov 27 06:42 ./libobj19-1.0/missing
-rw-r--r-- 1 root root   2188 Nov 27 06:42 ./libtu.a

../../_build:
total 4
drwxr-xr-x 4 root root 4096 Nov 27 06:42 sub

../../_inst:
total 0

../../libobj-dir:
total 4
-r--r--r-- 1 root root 18 Nov 27 06:42 foobar.c

./libobj-dir:
total 4
-rw-r--r-- 1 root root 2056 Nov 27 06:42 foobar.o

./libobj19-1.0:
total 292
-r--r--r-- 1 root root    652 Nov 27 06:42 Makefile.am
-r--r--r-- 1 root root  20742 Nov 27 06:42 Makefile.in
-r--r--r-- 1 root root  43878 Nov 27 06:42 aclocal.m4
-r-xr-xr-x 1 root root   5827 Nov 27 06:42 ar-lib
-r-xr-xr-x 1 root root   7383 Nov 27 06:42 compile
-r-xr-xr-x 1 root root 148861 Nov 27 06:42 configure
-r--r--r-- 1 root root    174 Nov 27 06:42 configure.ac
-r-xr-xr-x 1 root root  23568 Nov 27 06:42 depcomp
-r-xr-xr-x 1 root root  15368 Nov 27 06:42 install-sh
drwxr-xr-x 2 root root   4096 Nov 27 06:42 libobj-dir
-r-xr-xr-x 1 root root   6878 Nov 27 06:42 missing

./libobj19-1.0/libobj-dir:
total 4
-r--r--r-- 1 root root 18 Nov 27 06:42 foobar.c
test -f libtu.a
test ! -r ../../foobar.c
test -f ../../libobj-dir/foobar.c
test ! -r ./libobj19-1.0/foobar.c
test -f ./libobj19-1.0/libobj-dir/foobar.c
ar t libtu.a
foobar.o
ar t libtu.a | grep foobar
foobar.o
make[2]: Leaving directory '/sources/automake-1.16.1/t/libobj19.dir/libobj19-1.0/_build/sub'
make[1]: Leaving directory '/sources/automake-1.16.1/t/libobj19.dir/libobj19-1.0/_build/sub'
make[1]: Entering directory '/sources/automake-1.16.1/t/libobj19.dir/libobj19-1.0/_build/sub'
make[2]: Entering directory '/sources/automake-1.16.1/t/libobj19.dir/libobj19-1.0/_build/sub'
make[2]: Nothing to be done for 'install-exec-am'.
make[2]: Nothing to be done for 'install-data-am'.
make[2]: Leaving directory '/sources/automake-1.16.1/t/libobj19.dir/libobj19-1.0/_build/sub'
make[1]: Leaving directory '/sources/automake-1.16.1/t/libobj19.dir/libobj19-1.0/_build/sub'
make[1]: Entering directory '/sources/automake-1.16.1/t/libobj19.dir/libobj19-1.0/_build/sub'
make[1]: Nothing to be done for 'installcheck'.
make[1]: Leaving directory '/sources/automake-1.16.1/t/libobj19.dir/libobj19-1.0/_build/sub'
make[1]: Entering directory '/sources/automake-1.16.1/t/libobj19.dir/libobj19-1.0/_build/sub'
make[1]: Nothing to be done for 'uninstall'.
make[1]: Leaving directory '/sources/automake-1.16.1/t/libobj19.dir/libobj19-1.0/_build/sub'
make[1]: Entering directory '/sources/automake-1.16.1/t/libobj19.dir/libobj19-1.0/_build/sub'
make[1]: Leaving directory '/sources/automake-1.16.1/t/libobj19.dir/libobj19-1.0/_build/sub'
make[1]: Entering directory '/sources/automake-1.16.1/t/libobj19.dir/libobj19-1.0/_build/sub'
make[2]: Entering directory '/sources/automake-1.16.1/t/libobj19.dir/libobj19-1.0/_build/sub'
make[2]: Nothing to be done for 'install-exec-am'.
make[2]: Nothing to be done for 'install-data-am'.
make[2]: Leaving directory '/sources/automake-1.16.1/t/libobj19.dir/libobj19-1.0/_build/sub'
make[1]: Leaving directory '/sources/automake-1.16.1/t/libobj19.dir/libobj19-1.0/_build/sub'
make[1]: Entering directory '/sources/automake-1.16.1/t/libobj19.dir/libobj19-1.0/_build/sub'
make[1]: Nothing to be done for 'uninstall'.
make[1]: Leaving directory '/sources/automake-1.16.1/t/libobj19.dir/libobj19-1.0/_build/sub'
make[1]: Entering directory '/sources/automake-1.16.1/t/libobj19.dir/libobj19-1.0/_build/sub'
make[1]: Leaving directory '/sources/automake-1.16.1/t/libobj19.dir/libobj19-1.0/_build/sub'
make[1]: Entering directory '/sources/automake-1.16.1/t/libobj19.dir/libobj19-1.0/_build/sub'
make  dist-gzip am__post_remove_distdir='@:'
make[2]: Entering directory '/sources/automake-1.16.1/t/libobj19.dir/libobj19-1.0/_build/sub'
make  distdir-am
make[3]: Entering directory '/sources/automake-1.16.1/t/libobj19.dir/libobj19-1.0/_build/sub'
if test -d "libobj19-1.0"; then find "libobj19-1.0" -type d ! -perm -200 -exec chmod u+w {} ';' && rm -rf "libobj19-1.0" || { sleep 5 && rm -rf "libobj19-1.0"; }; else :; fi
test -d "libobj19-1.0" || mkdir "libobj19-1.0"
test -n "" \
|| find "libobj19-1.0" -type d ! -perm -755 \
	-exec chmod u+rwx,go+rx {} \; -o \
  ! -type d ! -perm -444 -links 1 -exec chmod a+r {} \; -o \
  ! -type d ! -perm -400 -exec chmod a+r {} \; -o \
  ! -type d ! -perm -444 -exec /bin/sh /sources/automake-1.16.1/t/libobj19.dir/libobj19-1.0/install-sh -c -m a+r {} {} \; \
|| chmod -R a+r "libobj19-1.0"
make[3]: Leaving directory '/sources/automake-1.16.1/t/libobj19.dir/libobj19-1.0/_build/sub'
tardir=libobj19-1.0 && ${TAR-tar} chof - "$tardir" | eval GZIP= gzip --best -c >libobj19-1.0.tar.gz
make[2]: Leaving directory '/sources/automake-1.16.1/t/libobj19.dir/libobj19-1.0/_build/sub'
if test -d "libobj19-1.0"; then find "libobj19-1.0" -type d ! -perm -200 -exec chmod u+w {} ';' && rm -rf "libobj19-1.0" || { sleep 5 && rm -rf "libobj19-1.0"; }; else :; fi
make[1]: Leaving directory '/sources/automake-1.16.1/t/libobj19.dir/libobj19-1.0/_build/sub'
make[1]: Entering directory '/sources/automake-1.16.1/t/libobj19.dir/libobj19-1.0/_build/sub'
test -z "libtu.a" || rm -f libtu.a
rm -f *.o
rm -f libobj-dir/foobar.o
rm -f *.tab.c
test -z "" || rm -f 
test . = "../.." || test -z "" || rm -f 
rm -f libobj-dir/.dirstamp
rm -f config.status config.cache config.log configure.lineno config.status.lineno
rm -f libobj-dir/.deps/foobar.Po
rm -f Makefile
make[1]: Leaving directory '/sources/automake-1.16.1/t/libobj19.dir/libobj19-1.0/_build/sub'
if test -d "libobj19-1.0"; then find "libobj19-1.0" -type d ! -perm -200 -exec chmod u+w {} ';' && rm -rf "libobj19-1.0" || { sleep 5 && rm -rf "libobj19-1.0"; }; else :; fi
==============================================
libobj19-1.0 archives ready for distribution: 
libobj19-1.0.tar.gz
==============================================
+ make distclean
test -z "libtu.a" || rm -f libtu.a
rm -f *.o
rm -f libobj-dir/foobar.o
rm -f *.tab.c
test -z "" || rm -f 
test . = "." || test -z "" || rm -f 
rm -f libobj-dir/.dirstamp
rm -f config.status config.cache config.log configure.lineno config.status.lineno
rm -f libobj-dir/.deps/foobar.Po
rm -f Makefile
+ rm -rf autom4te.cache aclocal.m4 configure
+ mkdir sub
+ mv -f Makefile.am sub
+ echo SUBDIRS = sub
+ sed '/^AC_OUTPUT/i\
AC_CONFIG_FILES([sub/Makefile])
' configure.ac
+ mv -f t configure.ac
+ cat configure.ac
AC_INIT([libobj19], [1.0])
AM_INIT_AUTOMAKE
AC_CONFIG_FILES([Makefile])
AC_CONFIG_LIBOBJ_DIR([libobj-dir])
AC_PROG_CC
AM_PROG_AR
AC_PROG_RANLIB
AC_LIBOBJ([foobar])
AC_CONFIG_FILES([sub/Makefile])
AC_OUTPUT
+ aclocal-1.16 -Werror
+ autoconf
+ automake-1.16 --foreign -Werror -Wall
+ ./configure
checking for a BSD-compatible install... /usr/bin/install -c
checking whether build environment is sane... yes
checking for a thread-safe mkdir -p... /tools/bin/mkdir -p
checking for gawk... gawk
checking whether make sets $(MAKE)... yes
checking whether make supports nested variables... yes
checking for gcc... cc
checking whether the C compiler works... yes
checking for C compiler default output file name... a.out
checking for suffix of executables... 
checking whether we are cross compiling... no
checking for suffix of object files... o
checking whether we are using the GNU C compiler... yes
checking whether cc accepts -g... yes
checking for cc option to accept ISO C89... none needed
checking whether cc understands -c and -o together... yes
checking whether make supports the include directive... yes (GNU style)
checking dependency style of cc... gcc3
checking for ar... ar
checking the archiver (ar) interface... ar
checking for ranlib... ranlib
checking that generated files are newer than configure... done
configure: creating ./config.status
config.status: creating Makefile
config.status: creating sub/Makefile
config.status: executing depfiles commands
+ make
Making all in sub
make[1]: Entering directory '/sources/automake-1.16.1/t/libobj19.dir/sub'
depbase=`echo ../libobj-dir/foobar.o | sed 's|[^/]*$|.deps/&|;s|\.o$||'`;\
cc -DPACKAGE_NAME=\"libobj19\" -DPACKAGE_TARNAME=\"libobj19\" -DPACKAGE_VERSION=\"1.0\" -DPACKAGE_STRING=\"libobj19\ 1.0\" -DPACKAGE_BUGREPORT=\"\" -DPACKAGE_URL=\"\" -DPACKAGE=\"libobj19\" -DVERSION=\"1.0\" -I.     -g -O2 -MT ../libobj-dir/foobar.o -MD -MP -MF $depbase.Tpo -c -o ../libobj-dir/foobar.o ../libobj-dir/foobar.c &&\
mv -f $depbase.Tpo $depbase.Po
rm -f libtu.a
ar cru libtu.a  ../libobj-dir/foobar.o
ranlib libtu.a
make[1]: Leaving directory '/sources/automake-1.16.1/t/libobj19.dir/sub'
make[1]: Entering directory '/sources/automake-1.16.1/t/libobj19.dir'
make[1]: Nothing to be done for 'all-am'.
make[1]: Leaving directory '/sources/automake-1.16.1/t/libobj19.dir'
+ make check
Making check in sub
make[1]: Entering directory '/sources/automake-1.16.1/t/libobj19.dir/sub'
make  check-local
make[2]: Entering directory '/sources/automake-1.16.1/t/libobj19.dir/sub'
(cd .. && make  distdir)
make[3]: Entering directory '/sources/automake-1.16.1/t/libobj19.dir'
make  distdir-am
make[4]: Entering directory '/sources/automake-1.16.1/t/libobj19.dir'
if test -d "libobj19-1.0"; then find "libobj19-1.0" -type d ! -perm -200 -exec chmod u+w {} ';' && rm -rf "libobj19-1.0" || { sleep 5 && rm -rf "libobj19-1.0"; }; else :; fi
test -d "libobj19-1.0" || mkdir "libobj19-1.0"
 (cd sub && make  top_distdir=../libobj19-1.0 distdir=../libobj19-1.0/sub \
     am__remove_distdir=: am__skip_length_check=: am__skip_mode_fix=: distdir)
make[5]: Entering directory '/sources/automake-1.16.1/t/libobj19.dir/sub'
make  distdir-am
make[6]: Entering directory '/sources/automake-1.16.1/t/libobj19.dir/sub'
make[6]: Leaving directory '/sources/automake-1.16.1/t/libobj19.dir/sub'
make[5]: Leaving directory '/sources/automake-1.16.1/t/libobj19.dir/sub'
test -n "" \
|| find "libobj19-1.0" -type d ! -perm -755 \
	-exec chmod u+rwx,go+rx {} \; -o \
  ! -type d ! -perm -444 -links 1 -exec chmod a+r {} \; -o \
  ! -type d ! -perm -400 -exec chmod a+r {} \; -o \
  ! -type d ! -perm -444 -exec /bin/sh /sources/automake-1.16.1/t/libobj19.dir/install-sh -c -m a+r {} {} \; \
|| chmod -R a+r "libobj19-1.0"
make[4]: Leaving directory '/sources/automake-1.16.1/t/libobj19.dir'
make[3]: Leaving directory '/sources/automake-1.16.1/t/libobj19.dir'
ls -l ../* ../* ../libobj19-1.0/*
-rw-r--r-- 1 root root  24235 Nov 27 06:42 ../Makefile
-rw-r--r-- 1 root root  24235 Nov 27 06:42 ../Makefile
-rw-r--r-- 1 root root     14 Nov 27 06:42 ../Makefile.am
-rw-r--r-- 1 root root     14 Nov 27 06:42 ../Makefile.am
-rw-r--r-- 1 root root  23784 Nov 27 06:42 ../Makefile.in
-rw-r--r-- 1 root root  23784 Nov 27 06:42 ../Makefile.in
-rw-r--r-- 1 root root  43878 Nov 27 06:42 ../aclocal.m4
-rw-r--r-- 1 root root  43878 Nov 27 06:42 ../aclocal.m4
-rwxr-xr-x 1 root root   5827 Nov 27 06:42 ../ar-lib
-rwxr-xr-x 1 root root   5827 Nov 27 06:42 ../ar-lib
-rwxr-xr-x 1 root root   7383 Nov 27 06:42 ../compile
-rwxr-xr-x 1 root root   7383 Nov 27 06:42 ../compile
-rw-r--r-- 1 root root   9263 Nov 27 06:42 ../config.log
-rw-r--r-- 1 root root   9263 Nov 27 06:42 ../config.log
-rwxr-xr-x 1 root root  29290 Nov 27 06:42 ../config.status
-rwxr-xr-x 1 root root  29290 Nov 27 06:42 ../config.status
-rwxr-xr-x 1 root root 148975 Nov 27 06:42 ../configure
-rwxr-xr-x 1 root root 148975 Nov 27 06:42 ../configure
-rw-r--r-- 1 root root    206 Nov 27 06:42 ../configure.ac
-rw-r--r-- 1 root root    206 Nov 27 06:42 ../configure.ac
-rwxr-xr-x 1 root root  23568 Nov 27 06:42 ../depcomp
-rwxr-xr-x 1 root root  23568 Nov 27 06:42 ../depcomp
-rwxr-xr-x 1 root root  15368 Nov 27 06:42 ../install-sh
-rwxr-xr-x 1 root root  15368 Nov 27 06:42 ../install-sh
-rw-r--r-- 1 root root  77392 Nov 27 06:42 ../libobj19-1.0.tar.gz
-rw-r--r-- 1 root root  77392 Nov 27 06:42 ../libobj19-1.0.tar.gz
-rw-r--r-- 1 root root     14 Nov 27 06:42 ../libobj19-1.0/Makefile.am
-rw-r--r-- 1 root root  23784 Nov 27 06:42 ../libobj19-1.0/Makefile.in
-rw-r--r-- 1 root root  43878 Nov 27 06:42 ../libobj19-1.0/aclocal.m4
-rwxr-xr-x 1 root root   5827 Nov 27 06:42 ../libobj19-1.0/ar-lib
-rwxr-xr-x 1 root root   7383 Nov 27 06:42 ../libobj19-1.0/compile
-rwxr-xr-x 1 root root 148975 Nov 27 06:42 ../libobj19-1.0/configure
-rw-r--r-- 1 root root    206 Nov 27 06:42 ../libobj19-1.0/configure.ac
-rwxr-xr-x 1 root root  23568 Nov 27 06:42 ../libobj19-1.0/depcomp
-rwxr-xr-x 1 root root  15368 Nov 27 06:42 ../libobj19-1.0/install-sh
-rwxr-xr-x 1 root root   6878 Nov 27 06:42 ../libobj19-1.0/missing
-rwxr-xr-x 1 root root   6878 Nov 27 06:42 ../missing
-rwxr-xr-x 1 root root   6878 Nov 27 06:42 ../missing

../autom4te.cache:
total 372
-rw-r--r-- 1 root root 149478 Nov 27 06:42 output.0
-rw-r--r-- 1 root root 149478 Nov 27 06:42 output.1
-rw-r--r-- 1 root root   7266 Nov 27 06:42 requests
-rw-r--r-- 1 root root  41383 Nov 27 06:42 traces.0
-rw-r--r-- 1 root root  22273 Nov 27 06:42 traces.1

../autom4te.cache:
total 372
-rw-r--r-- 1 root root 149478 Nov 27 06:42 output.0
-rw-r--r-- 1 root root 149478 Nov 27 06:42 output.1
-rw-r--r-- 1 root root   7266 Nov 27 06:42 requests
-rw-r--r-- 1 root root  41383 Nov 27 06:42 traces.0
-rw-r--r-- 1 root root  22273 Nov 27 06:42 traces.1

../libobj-dir:
total 8
-rw-r--r-- 1 root root   18 Nov 27 06:42 foobar.c
-rw-r--r-- 1 root root 2032 Nov 27 06:42 foobar.o

../libobj-dir:
total 8
-rw-r--r-- 1 root root   18 Nov 27 06:42 foobar.c
-rw-r--r-- 1 root root 2032 Nov 27 06:42 foobar.o

../libobj19-1.0:
total 296
-rw-r--r-- 1 root root     14 Nov 27 06:42 Makefile.am
-rw-r--r-- 1 root root  23784 Nov 27 06:42 Makefile.in
-rw-r--r-- 1 root root  43878 Nov 27 06:42 aclocal.m4
-rwxr-xr-x 1 root root   5827 Nov 27 06:42 ar-lib
-rwxr-xr-x 1 root root   7383 Nov 27 06:42 compile
-rwxr-xr-x 1 root root 148975 Nov 27 06:42 configure
-rw-r--r-- 1 root root    206 Nov 27 06:42 configure.ac
-rwxr-xr-x 1 root root  23568 Nov 27 06:42 depcomp
-rwxr-xr-x 1 root root  15368 Nov 27 06:42 install-sh
drwxr-xr-x 2 root root   4096 Nov 27 06:42 libobj-dir
-rwxr-xr-x 1 root root   6878 Nov 27 06:42 missing
drwxr-xr-x 2 root root   4096 Nov 27 06:42 sub

../libobj19-1.0:
total 296
-rw-r--r-- 1 root root     14 Nov 27 06:42 Makefile.am
-rw-r--r-- 1 root root  23784 Nov 27 06:42 Makefile.in
-rw-r--r-- 1 root root  43878 Nov 27 06:42 aclocal.m4
-rwxr-xr-x 1 root root   5827 Nov 27 06:42 ar-lib
-rwxr-xr-x 1 root root   7383 Nov 27 06:42 compile
-rwxr-xr-x 1 root root 148975 Nov 27 06:42 configure
-rw-r--r-- 1 root root    206 Nov 27 06:42 configure.ac
-rwxr-xr-x 1 root root  23568 Nov 27 06:42 depcomp
-rwxr-xr-x 1 root root  15368 Nov 27 06:42 install-sh
drwxr-xr-x 2 root root   4096 Nov 27 06:42 libobj-dir
-rwxr-xr-x 1 root root   6878 Nov 27 06:42 missing
drwxr-xr-x 2 root root   4096 Nov 27 06:42 sub

../libobj19-1.0/libobj-dir:
total 4
-rw-r--r-- 1 root root 18 Nov 27 06:42 foobar.c

../libobj19-1.0/sub:
total 20
-rw-r--r-- 1 root root   652 Nov 27 06:42 Makefile.am
-rw-r--r-- 1 root root 14759 Nov 27 06:42 Makefile.in

../sub:
total 40
-rw-r--r-- 1 root root 14834 Nov 27 06:42 Makefile
-rw-r--r-- 1 root root   652 Nov 27 06:42 Makefile.am
-rw-r--r-- 1 root root 14759 Nov 27 06:42 Makefile.in
-rw-r--r-- 1 root root  2164 Nov 27 06:42 libtu.a

../sub:
total 40
-rw-r--r-- 1 root root 14834 Nov 27 06:42 Makefile
-rw-r--r-- 1 root root   652 Nov 27 06:42 Makefile.am
-rw-r--r-- 1 root root 14759 Nov 27 06:42 Makefile.in
-rw-r--r-- 1 root root  2164 Nov 27 06:42 libtu.a
test -f libtu.a
test ! -r ../foobar.c
test -f ../libobj-dir/foobar.c
test ! -r ../libobj19-1.0/foobar.c
test -f ../libobj19-1.0/libobj-dir/foobar.c
ar t libtu.a
foobar.o
ar t libtu.a | grep foobar
foobar.o
make[2]: Leaving directory '/sources/automake-1.16.1/t/libobj19.dir/sub'
make[1]: Leaving directory '/sources/automake-1.16.1/t/libobj19.dir/sub'
make[1]: Entering directory '/sources/automake-1.16.1/t/libobj19.dir'
make[1]: Nothing to be done for 'check-am'.
make[1]: Leaving directory '/sources/automake-1.16.1/t/libobj19.dir'
+ make distcheck
make  dist-gzip am__post_remove_distdir='@:'
make[1]: Entering directory '/sources/automake-1.16.1/t/libobj19.dir'
make  distdir-am
make[2]: Entering directory '/sources/automake-1.16.1/t/libobj19.dir'
if test -d "libobj19-1.0"; then find "libobj19-1.0" -type d ! -perm -200 -exec chmod u+w {} ';' && rm -rf "libobj19-1.0" || { sleep 5 && rm -rf "libobj19-1.0"; }; else :; fi
test -d "libobj19-1.0" || mkdir "libobj19-1.0"
 (cd sub && make  top_distdir=../libobj19-1.0 distdir=../libobj19-1.0/sub \
     am__remove_distdir=: am__skip_length_check=: am__skip_mode_fix=: distdir)
make[3]: Entering directory '/sources/automake-1.16.1/t/libobj19.dir/sub'
make  distdir-am
make[4]: Entering directory '/sources/automake-1.16.1/t/libobj19.dir/sub'
make[4]: Leaving directory '/sources/automake-1.16.1/t/libobj19.dir/sub'
make[3]: Leaving directory '/sources/automake-1.16.1/t/libobj19.dir/sub'
test -n "" \
|| find "libobj19-1.0" -type d ! -perm -755 \
	-exec chmod u+rwx,go+rx {} \; -o \
  ! -type d ! -perm -444 -links 1 -exec chmod a+r {} \; -o \
  ! -type d ! -perm -400 -exec chmod a+r {} \; -o \
  ! -type d ! -perm -444 -exec /bin/sh /sources/automake-1.16.1/t/libobj19.dir/install-sh -c -m a+r {} {} \; \
|| chmod -R a+r "libobj19-1.0"
make[2]: Leaving directory '/sources/automake-1.16.1/t/libobj19.dir'
tardir=libobj19-1.0 && ${TAR-tar} chof - "$tardir" | eval GZIP= gzip --best -c >libobj19-1.0.tar.gz
make[1]: Leaving directory '/sources/automake-1.16.1/t/libobj19.dir'
if test -d "libobj19-1.0"; then find "libobj19-1.0" -type d ! -perm -200 -exec chmod u+w {} ';' && rm -rf "libobj19-1.0" || { sleep 5 && rm -rf "libobj19-1.0"; }; else :; fi
case 'libobj19-1.0.tar.gz' in \
*.tar.gz*) \
  eval GZIP= gzip --best -dc libobj19-1.0.tar.gz | ${TAR-tar} xf - ;;\
*.tar.bz2*) \
  bzip2 -dc libobj19-1.0.tar.bz2 | ${TAR-tar} xf - ;;\
*.tar.lz*) \
  lzip -dc libobj19-1.0.tar.lz | ${TAR-tar} xf - ;;\
*.tar.xz*) \
  xz -dc libobj19-1.0.tar.xz | ${TAR-tar} xf - ;;\
*.tar.Z*) \
  uncompress -c libobj19-1.0.tar.Z | ${TAR-tar} xf - ;;\
*.shar.gz*) \
  eval GZIP= gzip --best -dc libobj19-1.0.shar.gz | unshar ;;\
*.zip*) \
  unzip libobj19-1.0.zip ;;\
esac
chmod -R a-w libobj19-1.0
chmod u+w libobj19-1.0
mkdir libobj19-1.0/_build libobj19-1.0/_build/sub libobj19-1.0/_inst
chmod a-w libobj19-1.0
test -d libobj19-1.0/_build || exit 0; \
dc_install_base=`CDPATH="${ZSH_VERSION+.}:" && cd libobj19-1.0/_inst && pwd | sed -e 's,^[^:\\/]:[\\/],/,'` \
  && dc_destdir="${TMPDIR-/tmp}/am-dc-$$/" \
  && am__cwd=`pwd` \
  && CDPATH="${ZSH_VERSION+.}:" && cd libobj19-1.0/_build/sub \
  && ../../configure \
     \
     \
    --srcdir=../.. --prefix="$dc_install_base" \
  && make  \
  && make  dvi \
  && make  check \
  && make  install \
  && make  installcheck \
  && make  uninstall \
  && make  distuninstallcheck_dir="$dc_install_base" \
        distuninstallcheck \
  && chmod -R a-w "$dc_install_base" \
  && ({ \
       (cd ../.. && umask 077 && mkdir "$dc_destdir") \
       && make  DESTDIR="$dc_destdir" install \
       && make  DESTDIR="$dc_destdir" uninstall \
       && make  DESTDIR="$dc_destdir" \
            distuninstallcheck_dir="$dc_destdir" distuninstallcheck; \
      } || { rm -rf "$dc_destdir"; exit 1; }) \
  && rm -rf "$dc_destdir" \
  && make  dist \
  && rm -rf libobj19-1.0.tar.gz \
  && make  distcleancheck \
  && cd "$am__cwd" \
  || exit 1
checking for a BSD-compatible install... /usr/bin/install -c
checking whether build environment is sane... yes
checking for a thread-safe mkdir -p... /tools/bin/mkdir -p
checking for gawk... gawk
checking whether make sets $(MAKE)... yes
checking whether make supports nested variables... yes
checking for gcc... cc
checking whether the C compiler works... yes
checking for C compiler default output file name... a.out
checking for suffix of executables... 
checking whether we are cross compiling... no
checking for suffix of object files... o
checking whether we are using the GNU C compiler... yes
checking whether cc accepts -g... yes
checking for cc option to accept ISO C89... none needed
checking whether cc understands -c and -o together... yes
checking whether make supports the include directive... yes (GNU style)
checking dependency style of cc... gcc3
checking for ar... ar
checking the archiver (ar) interface... ar
checking for ranlib... ranlib
checking that generated files are newer than configure... done
configure: creating ./config.status
config.status: creating Makefile
config.status: creating sub/Makefile
config.status: executing depfiles commands
make[1]: Entering directory '/sources/automake-1.16.1/t/libobj19.dir/libobj19-1.0/_build/sub'
Making all in sub
make[2]: Entering directory '/sources/automake-1.16.1/t/libobj19.dir/libobj19-1.0/_build/sub/sub'
depbase=`echo ../libobj-dir/foobar.o | sed 's|[^/]*$|.deps/&|;s|\.o$||'`;\
cc -DPACKAGE_NAME=\"libobj19\" -DPACKAGE_TARNAME=\"libobj19\" -DPACKAGE_VERSION=\"1.0\" -DPACKAGE_STRING=\"libobj19\ 1.0\" -DPACKAGE_BUGREPORT=\"\" -DPACKAGE_URL=\"\" -DPACKAGE=\"libobj19\" -DVERSION=\"1.0\" -I. -I../../../sub     -g -O2 -MT ../libobj-dir/foobar.o -MD -MP -MF $depbase.Tpo -c -o ../libobj-dir/foobar.o ../../../sub/../libobj-dir/foobar.c &&\
mv -f $depbase.Tpo $depbase.Po
rm -f libtu.a
ar cru libtu.a  ../libobj-dir/foobar.o
ranlib libtu.a
make[2]: Leaving directory '/sources/automake-1.16.1/t/libobj19.dir/libobj19-1.0/_build/sub/sub'
make[2]: Entering directory '/sources/automake-1.16.1/t/libobj19.dir/libobj19-1.0/_build/sub'
make[2]: Nothing to be done for 'all-am'.
make[2]: Leaving directory '/sources/automake-1.16.1/t/libobj19.dir/libobj19-1.0/_build/sub'
make[1]: Leaving directory '/sources/automake-1.16.1/t/libobj19.dir/libobj19-1.0/_build/sub'
make[1]: Entering directory '/sources/automake-1.16.1/t/libobj19.dir/libobj19-1.0/_build/sub'
Making dvi in sub
make[2]: Entering directory '/sources/automake-1.16.1/t/libobj19.dir/libobj19-1.0/_build/sub/sub'
make[2]: Nothing to be done for 'dvi'.
make[2]: Leaving directory '/sources/automake-1.16.1/t/libobj19.dir/libobj19-1.0/_build/sub/sub'
make[2]: Entering directory '/sources/automake-1.16.1/t/libobj19.dir/libobj19-1.0/_build/sub'
make[2]: Nothing to be done for 'dvi-am'.
make[2]: Leaving directory '/sources/automake-1.16.1/t/libobj19.dir/libobj19-1.0/_build/sub'
make[1]: Leaving directory '/sources/automake-1.16.1/t/libobj19.dir/libobj19-1.0/_build/sub'
make[1]: Entering directory '/sources/automake-1.16.1/t/libobj19.dir/libobj19-1.0/_build/sub'
Making check in sub
make[2]: Entering directory '/sources/automake-1.16.1/t/libobj19.dir/libobj19-1.0/_build/sub/sub'
make  check-local
make[3]: Entering directory '/sources/automake-1.16.1/t/libobj19.dir/libobj19-1.0/_build/sub/sub'
(cd .. && make  distdir)
make[4]: Entering directory '/sources/automake-1.16.1/t/libobj19.dir/libobj19-1.0/_build/sub'
make  distdir-am
make[5]: Entering directory '/sources/automake-1.16.1/t/libobj19.dir/libobj19-1.0/_build/sub'
if test -d "libobj19-1.0"; then find "libobj19-1.0" -type d ! -perm -200 -exec chmod u+w {} ';' && rm -rf "libobj19-1.0" || { sleep 5 && rm -rf "libobj19-1.0"; }; else :; fi
test -d "libobj19-1.0" || mkdir "libobj19-1.0"
 (cd sub && make  top_distdir=../libobj19-1.0 distdir=../libobj19-1.0/sub \
     am__remove_distdir=: am__skip_length_check=: am__skip_mode_fix=: distdir)
make[6]: Entering directory '/sources/automake-1.16.1/t/libobj19.dir/libobj19-1.0/_build/sub/sub'
make  distdir-am
make[7]: Entering directory '/sources/automake-1.16.1/t/libobj19.dir/libobj19-1.0/_build/sub/sub'
make[7]: Leaving directory '/sources/automake-1.16.1/t/libobj19.dir/libobj19-1.0/_build/sub/sub'
make[6]: Leaving directory '/sources/automake-1.16.1/t/libobj19.dir/libobj19-1.0/_build/sub/sub'
test -n "" \
|| find "libobj19-1.0" -type d ! -perm -755 \
	-exec chmod u+rwx,go+rx {} \; -o \
  ! -type d ! -perm -444 -links 1 -exec chmod a+r {} \; -o \
  ! -type d ! -perm -400 -exec chmod a+r {} \; -o \
  ! -type d ! -perm -444 -exec /bin/sh /sources/automake-1.16.1/t/libobj19.dir/libobj19-1.0/install-sh -c -m a+r {} {} \; \
|| chmod -R a+r "libobj19-1.0"
make[5]: Leaving directory '/sources/automake-1.16.1/t/libobj19.dir/libobj19-1.0/_build/sub'
make[4]: Leaving directory '/sources/automake-1.16.1/t/libobj19.dir/libobj19-1.0/_build/sub'
ls -l ../../../* ../* ../libobj19-1.0/*
-r--r--r-- 1 root root     14 Nov 27 06:42 ../../../Makefile.am
-r--r--r-- 1 root root  23784 Nov 27 06:42 ../../../Makefile.in
-r--r--r-- 1 root root  43878 Nov 27 06:42 ../../../aclocal.m4
-r-xr-xr-x 1 root root   5827 Nov 27 06:42 ../../../ar-lib
-r-xr-xr-x 1 root root   7383 Nov 27 06:42 ../../../compile
-r-xr-xr-x 1 root root 148975 Nov 27 06:42 ../../../configure
-r--r--r-- 1 root root    206 Nov 27 06:42 ../../../configure.ac
-r-xr-xr-x 1 root root  23568 Nov 27 06:42 ../../../depcomp
-r-xr-xr-x 1 root root  15368 Nov 27 06:42 ../../../install-sh
-r-xr-xr-x 1 root root   6878 Nov 27 06:42 ../../../missing
-rw-r--r-- 1 root root  24490 Nov 27 06:42 ../Makefile
-rw-r--r-- 1 root root   9869 Nov 27 06:42 ../config.log
-rwxr-xr-x 1 root root  29466 Nov 27 06:42 ../config.status
-r--r--r-- 1 root root     14 Nov 27 06:42 ../libobj19-1.0/Makefile.am
-r--r--r-- 1 root root  23784 Nov 27 06:42 ../libobj19-1.0/Makefile.in
-r--r--r-- 1 root root  43878 Nov 27 06:42 ../libobj19-1.0/aclocal.m4
-r-xr-xr-x 1 root root   5827 Nov 27 06:42 ../libobj19-1.0/ar-lib
-r-xr-xr-x 1 root root   7383 Nov 27 06:42 ../libobj19-1.0/compile
-r-xr-xr-x 1 root root 148975 Nov 27 06:42 ../libobj19-1.0/configure
-r--r--r-- 1 root root    206 Nov 27 06:42 ../libobj19-1.0/configure.ac
-r-xr-xr-x 1 root root  23568 Nov 27 06:42 ../libobj19-1.0/depcomp
-r-xr-xr-x 1 root root  15368 Nov 27 06:42 ../libobj19-1.0/install-sh
-r-xr-xr-x 1 root root   6878 Nov 27 06:42 ../libobj19-1.0/missing

../../../_build:
total 4
drwxr-xr-x 5 root root 4096 Nov 27 06:42 sub

../../../_inst:
total 0

../../../libobj-dir:
total 4
-r--r--r-- 1 root root 18 Nov 27 06:42 foobar.c

../../../sub:
total 20
-r--r--r-- 1 root root   652 Nov 27 06:42 Makefile.am
-r--r--r-- 1 root root 14759 Nov 27 06:42 Makefile.in

../libobj-dir:
total 4
-rw-r--r-- 1 root root 2080 Nov 27 06:42 foobar.o

../libobj19-1.0:
total 296
-r--r--r-- 1 root root     14 Nov 27 06:42 Makefile.am
-r--r--r-- 1 root root  23784 Nov 27 06:42 Makefile.in
-r--r--r-- 1 root root  43878 Nov 27 06:42 aclocal.m4
-r-xr-xr-x 1 root root   5827 Nov 27 06:42 ar-lib
-r-xr-xr-x 1 root root   7383 Nov 27 06:42 compile
-r-xr-xr-x 1 root root 148975 Nov 27 06:42 configure
-r--r--r-- 1 root root    206 Nov 27 06:42 configure.ac
-r-xr-xr-x 1 root root  23568 Nov 27 06:42 depcomp
-r-xr-xr-x 1 root root  15368 Nov 27 06:42 install-sh
drwxr-xr-x 2 root root   4096 Nov 27 06:42 libobj-dir
-r-xr-xr-x 1 root root   6878 Nov 27 06:42 missing
drwxr-xr-x 2 root root   4096 Nov 27 06:42 sub

../libobj19-1.0/libobj-dir:
total 4
-r--r--r-- 1 root root 18 Nov 27 06:42 foobar.c

../libobj19-1.0/sub:
total 20
-r--r--r-- 1 root root   652 Nov 27 06:42 Makefile.am
-r--r--r-- 1 root root 14759 Nov 27 06:42 Makefile.in

../sub:
total 20
-rw-r--r-- 1 root root 15117 Nov 27 06:42 Makefile
-rw-r--r-- 1 root root  2212 Nov 27 06:42 libtu.a
test -f libtu.a
test ! -r ../../../foobar.c
test -f ../../../libobj-dir/foobar.c
test ! -r ../libobj19-1.0/foobar.c
test -f ../libobj19-1.0/libobj-dir/foobar.c
ar t libtu.a
foobar.o
ar t libtu.a | grep foobar
foobar.o
make[3]: Leaving directory '/sources/automake-1.16.1/t/libobj19.dir/libobj19-1.0/_build/sub/sub'
make[2]: Leaving directory '/sources/automake-1.16.1/t/libobj19.dir/libobj19-1.0/_build/sub/sub'
make[2]: Entering directory '/sources/automake-1.16.1/t/libobj19.dir/libobj19-1.0/_build/sub'
make[2]: Nothing to be done for 'check-am'.
make[2]: Leaving directory '/sources/automake-1.16.1/t/libobj19.dir/libobj19-1.0/_build/sub'
make[1]: Leaving directory '/sources/automake-1.16.1/t/libobj19.dir/libobj19-1.0/_build/sub'
make[1]: Entering directory '/sources/automake-1.16.1/t/libobj19.dir/libobj19-1.0/_build/sub'
Making install in sub
make[2]: Entering directory '/sources/automake-1.16.1/t/libobj19.dir/libobj19-1.0/_build/sub/sub'
make[3]: Entering directory '/sources/automake-1.16.1/t/libobj19.dir/libobj19-1.0/_build/sub/sub'
make[3]: Nothing to be done for 'install-exec-am'.
make[3]: Nothing to be done for 'install-data-am'.
make[3]: Leaving directory '/sources/automake-1.16.1/t/libobj19.dir/libobj19-1.0/_build/sub/sub'
make[2]: Leaving directory '/sources/automake-1.16.1/t/libobj19.dir/libobj19-1.0/_build/sub/sub'
make[2]: Entering directory '/sources/automake-1.16.1/t/libobj19.dir/libobj19-1.0/_build/sub'
make[3]: Entering directory '/sources/automake-1.16.1/t/libobj19.dir/libobj19-1.0/_build/sub'
make[3]: Nothing to be done for 'install-exec-am'.
make[3]: Nothing to be done for 'install-data-am'.
make[3]: Leaving directory '/sources/automake-1.16.1/t/libobj19.dir/libobj19-1.0/_build/sub'
make[2]: Leaving directory '/sources/automake-1.16.1/t/libobj19.dir/libobj19-1.0/_build/sub'
make[1]: Leaving directory '/sources/automake-1.16.1/t/libobj19.dir/libobj19-1.0/_build/sub'
make[1]: Entering directory '/sources/automake-1.16.1/t/libobj19.dir/libobj19-1.0/_build/sub'
Making installcheck in sub
make[2]: Entering directory '/sources/automake-1.16.1/t/libobj19.dir/libobj19-1.0/_build/sub/sub'
make[2]: Nothing to be done for 'installcheck'.
make[2]: Leaving directory '/sources/automake-1.16.1/t/libobj19.dir/libobj19-1.0/_build/sub/sub'
make[2]: Entering directory '/sources/automake-1.16.1/t/libobj19.dir/libobj19-1.0/_build/sub'
make[2]: Nothing to be done for 'installcheck-am'.
make[2]: Leaving directory '/sources/automake-1.16.1/t/libobj19.dir/libobj19-1.0/_build/sub'
make[1]: Leaving directory '/sources/automake-1.16.1/t/libobj19.dir/libobj19-1.0/_build/sub'
make[1]: Entering directory '/sources/automake-1.16.1/t/libobj19.dir/libobj19-1.0/_build/sub'
Making uninstall in sub
make[2]: Entering directory '/sources/automake-1.16.1/t/libobj19.dir/libobj19-1.0/_build/sub/sub'
make[2]: Nothing to be done for 'uninstall'.
make[2]: Leaving directory '/sources/automake-1.16.1/t/libobj19.dir/libobj19-1.0/_build/sub/sub'
make[2]: Entering directory '/sources/automake-1.16.1/t/libobj19.dir/libobj19-1.0/_build/sub'
make[2]: Nothing to be done for 'uninstall-am'.
make[2]: Leaving directory '/sources/automake-1.16.1/t/libobj19.dir/libobj19-1.0/_build/sub'
make[1]: Leaving directory '/sources/automake-1.16.1/t/libobj19.dir/libobj19-1.0/_build/sub'
make[1]: Entering directory '/sources/automake-1.16.1/t/libobj19.dir/libobj19-1.0/_build/sub'
make[1]: Leaving directory '/sources/automake-1.16.1/t/libobj19.dir/libobj19-1.0/_build/sub'
make[1]: Entering directory '/sources/automake-1.16.1/t/libobj19.dir/libobj19-1.0/_build/sub'
Making install in sub
make[2]: Entering directory '/sources/automake-1.16.1/t/libobj19.dir/libobj19-1.0/_build/sub/sub'
make[3]: Entering directory '/sources/automake-1.16.1/t/libobj19.dir/libobj19-1.0/_build/sub/sub'
make[3]: Nothing to be done for 'install-exec-am'.
make[3]: Nothing to be done for 'install-data-am'.
make[3]: Leaving directory '/sources/automake-1.16.1/t/libobj19.dir/libobj19-1.0/_build/sub/sub'
make[2]: Leaving directory '/sources/automake-1.16.1/t/libobj19.dir/libobj19-1.0/_build/sub/sub'
make[2]: Entering directory '/sources/automake-1.16.1/t/libobj19.dir/libobj19-1.0/_build/sub'
make[3]: Entering directory '/sources/automake-1.16.1/t/libobj19.dir/libobj19-1.0/_build/sub'
make[3]: Nothing to be done for 'install-exec-am'.
make[3]: Nothing to be done for 'install-data-am'.
make[3]: Leaving directory '/sources/automake-1.16.1/t/libobj19.dir/libobj19-1.0/_build/sub'
make[2]: Leaving directory '/sources/automake-1.16.1/t/libobj19.dir/libobj19-1.0/_build/sub'
make[1]: Leaving directory '/sources/automake-1.16.1/t/libobj19.dir/libobj19-1.0/_build/sub'
make[1]: Entering directory '/sources/automake-1.16.1/t/libobj19.dir/libobj19-1.0/_build/sub'
Making uninstall in sub
make[2]: Entering directory '/sources/automake-1.16.1/t/libobj19.dir/libobj19-1.0/_build/sub/sub'
make[2]: Nothing to be done for 'uninstall'.
make[2]: Leaving directory '/sources/automake-1.16.1/t/libobj19.dir/libobj19-1.0/_build/sub/sub'
make[2]: Entering directory '/sources/automake-1.16.1/t/libobj19.dir/libobj19-1.0/_build/sub'
make[2]: Nothing to be done for 'uninstall-am'.
make[2]: Leaving directory '/sources/automake-1.16.1/t/libobj19.dir/libobj19-1.0/_build/sub'
make[1]: Leaving directory '/sources/automake-1.16.1/t/libobj19.dir/libobj19-1.0/_build/sub'
make[1]: Entering directory '/sources/automake-1.16.1/t/libobj19.dir/libobj19-1.0/_build/sub'
make[1]: Leaving directory '/sources/automake-1.16.1/t/libobj19.dir/libobj19-1.0/_build/sub'
make[1]: Entering directory '/sources/automake-1.16.1/t/libobj19.dir/libobj19-1.0/_build/sub'
make  dist-gzip am__post_remove_distdir='@:'
make[2]: Entering directory '/sources/automake-1.16.1/t/libobj19.dir/libobj19-1.0/_build/sub'
make  distdir-am
make[3]: Entering directory '/sources/automake-1.16.1/t/libobj19.dir/libobj19-1.0/_build/sub'
if test -d "libobj19-1.0"; then find "libobj19-1.0" -type d ! -perm -200 -exec chmod u+w {} ';' && rm -rf "libobj19-1.0" || { sleep 5 && rm -rf "libobj19-1.0"; }; else :; fi
test -d "libobj19-1.0" || mkdir "libobj19-1.0"
 (cd sub && make  top_distdir=../libobj19-1.0 distdir=../libobj19-1.0/sub \
     am__remove_distdir=: am__skip_length_check=: am__skip_mode_fix=: distdir)
make[4]: Entering directory '/sources/automake-1.16.1/t/libobj19.dir/libobj19-1.0/_build/sub/sub'
make  distdir-am
make[5]: Entering directory '/sources/automake-1.16.1/t/libobj19.dir/libobj19-1.0/_build/sub/sub'
make[5]: Leaving directory '/sources/automake-1.16.1/t/libobj19.dir/libobj19-1.0/_build/sub/sub'
make[4]: Leaving directory '/sources/automake-1.16.1/t/libobj19.dir/libobj19-1.0/_build/sub/sub'
test -n "" \
|| find "libobj19-1.0" -type d ! -perm -755 \
	-exec chmod u+rwx,go+rx {} \; -o \
  ! -type d ! -perm -444 -links 1 -exec chmod a+r {} \; -o \
  ! -type d ! -perm -400 -exec chmod a+r {} \; -o \
  ! -type d ! -perm -444 -exec /bin/sh /sources/automake-1.16.1/t/libobj19.dir/libobj19-1.0/install-sh -c -m a+r {} {} \; \
|| chmod -R a+r "libobj19-1.0"
make[3]: Leaving directory '/sources/automake-1.16.1/t/libobj19.dir/libobj19-1.0/_build/sub'
tardir=libobj19-1.0 && ${TAR-tar} chof - "$tardir" | eval GZIP= gzip --best -c >libobj19-1.0.tar.gz
make[2]: Leaving directory '/sources/automake-1.16.1/t/libobj19.dir/libobj19-1.0/_build/sub'
if test -d "libobj19-1.0"; then find "libobj19-1.0" -type d ! -perm -200 -exec chmod u+w {} ';' && rm -rf "libobj19-1.0" || { sleep 5 && rm -rf "libobj19-1.0"; }; else :; fi
make[1]: Leaving directory '/sources/automake-1.16.1/t/libobj19.dir/libobj19-1.0/_build/sub'
make[1]: Entering directory '/sources/automake-1.16.1/t/libobj19.dir/libobj19-1.0/_build/sub'
Making distclean in sub
make[2]: Entering directory '/sources/automake-1.16.1/t/libobj19.dir/libobj19-1.0/_build/sub/sub'
test -z "libtu.a" || rm -f libtu.a
rm -f *.o
rm -f ../libobj-dir/foobar.o
rm -f *.tab.c
test -z "" || rm -f 
test . = "../../../sub" || test -z "" || rm -f 
rm -f ../libobj-dir/.dirstamp
rm -f ../libobj-dir/.deps/foobar.Po
rm -f Makefile
make[2]: Leaving directory '/sources/automake-1.16.1/t/libobj19.dir/libobj19-1.0/_build/sub/sub'
make[2]: Entering directory '/sources/automake-1.16.1/t/libobj19.dir/libobj19-1.0/_build/sub'
test -z "" || rm -f 
test . = "../.." || test -z "" || rm -f 
rm -f TAGS ID GTAGS GRTAGS GSYMS GPATH tags
rm -f cscope.out cscope.in.out cscope.po.out cscope.files
make[2]: Leaving directory '/sources/automake-1.16.1/t/libobj19.dir/libobj19-1.0/_build/sub'
rm -f config.status config.cache config.log configure.lineno config.status.lineno
rm -f Makefile
make[1]: Leaving directory '/sources/automake-1.16.1/t/libobj19.dir/libobj19-1.0/_build/sub'
if test -d "libobj19-1.0"; then find "libobj19-1.0" -type d ! -perm -200 -exec chmod u+w {} ';' && rm -rf "libobj19-1.0" || { sleep 5 && rm -rf "libobj19-1.0"; }; else :; fi
==============================================
libobj19-1.0 archives ready for distribution: 
libobj19-1.0.tar.gz
==============================================
+ :
+ am_exit_trap 0
+ exit_status=0
+ set +e
+ cd /sources/automake-1.16.1
+ test none = tap
+ case $am_explicit_skips in
+ test 0 -eq 0
+ am_keeping_testdirs
+ case $keep_testdirs in
+ return 1
+ rm_rf_ t/libobj19.dir
+ test 1 -gt 0
+ /usr/bin/perl /sources/automake-1.16.1/t/ax/deltree.pl t/libobj19.dir
+ set +x
PASS t/libobj19.sh (exit status: 0)
