Running from installcheck: no
Test Protocol: none
PATH = /sources/automake-1.16.1/bin:/sources/automake-1.16.1/t/ax:/bin:/usr/bin:/sbin:/usr/sbin:/tools/bin
++ pwd
/sources/automake-1.16.1/t/libobj7.dir
+ cat
+ cat
+ cat
+ cat
+ cat
+ aclocal-1.16 -Werror
+ autoconf
+ automake-1.16 --foreign -Werror -Wall --add-missing
configure.ac:5: installing './ar-lib'
+ ./configure
checking for a BSD-compatible install... /usr/bin/install -c
checking whether build environment is sane... yes
checking for a thread-safe mkdir -p... /tools/bin/mkdir -p
checking for gawk... gawk
checking whether make sets $(MAKE)... yes
checking whether make supports nested variables... yes
checking for gcc... cc
checking whether the C compiler works... yes
checking for C compiler default output file name... a.out
checking for suffix of executables... 
checking whether we are cross compiling... no
checking for suffix of object files... o
checking whether we are using the GNU C compiler... yes
checking whether cc accepts -g... yes
checking for cc option to accept ISO C89... none needed
checking whether cc understands -c and -o together... yes
checking whether make supports the include directive... yes (GNU style)
checking dependency style of cc... gcc3
checking for ar... ar
checking the archiver (ar) interface... ar
checking for ranlib... ranlib
checking for basename... yes
checking for dirname... yes
checking for am__dummy_function... no
checking that generated files are newer than configure... done
configure: creating ./config.status
config.status: creating Makefile
config.status: executing depfiles commands
+ make
cc -DPACKAGE_NAME=\"libobj7\" -DPACKAGE_TARNAME=\"libobj7\" -DPACKAGE_VERSION=\"1.0\" -DPACKAGE_STRING=\"libobj7\ 1.0\" -DPACKAGE_BUGREPORT=\"\" -DPACKAGE_URL=\"\" -DPACKAGE=\"libobj7\" -DVERSION=\"1.0\" -DHAVE_BASENAME=1 -DHAVE_DIRNAME=1 -I.     -g -O2 -MT am__dummy_function.o -MD -MP -MF .deps/am__dummy_function.Tpo -c -o am__dummy_function.o am__dummy_function.c
mv -f .deps/am__dummy_function.Tpo .deps/am__dummy_function.Po
rm -f libtu.a
ar cru libtu.a  am__dummy_function.o
ranlib libtu.a
+ make check
make  check-local
make[1]: Entering directory '/sources/automake-1.16.1/t/libobj7.dir'
ar tv libtu.a
rw-r--r-- 0/0   2032 Nov 26 22:42 2018 am__dummy_function.o
DIST_COMMON = ./Makefile.am ./configure ./configure.ac ./aclocal.m4 ./Makefile.in am__dummy_function.c ar-lib basename.c compile depcomp dirname.c install-sh missing
echo ' ' ./Makefile.am ./configure ./configure.ac  ./aclocal.m4 ./Makefile.in am__dummy_function.c ar-lib basename.c compile depcomp dirname.c install-sh missing ' ' | grep '[ /]basename\.c '
  ./Makefile.am ./configure ./configure.ac ./aclocal.m4 ./Makefile.in am__dummy_function.c ar-lib basename.c compile depcomp dirname.c install-sh missing  
echo ' ' ./Makefile.am ./configure ./configure.ac  ./aclocal.m4 ./Makefile.in am__dummy_function.c ar-lib basename.c compile depcomp dirname.c install-sh missing ' ' | grep '[ /]dirname\.c '
  ./Makefile.am ./configure ./configure.ac ./aclocal.m4 ./Makefile.in am__dummy_function.c ar-lib basename.c compile depcomp dirname.c install-sh missing  
echo ' ' ./Makefile.am ./configure ./configure.ac  ./aclocal.m4 ./Makefile.in am__dummy_function.c ar-lib basename.c compile depcomp dirname.c install-sh missing ' ' | grep '[ /]am__dummy_function\.c '
  ./Makefile.am ./configure ./configure.ac ./aclocal.m4 ./Makefile.in am__dummy_function.c ar-lib basename.c compile depcomp dirname.c install-sh missing  
make  distdir-am
make[2]: Entering directory '/sources/automake-1.16.1/t/libobj7.dir'
if test -d "libobj7-1.0"; then find "libobj7-1.0" -type d ! -perm -200 -exec chmod u+w {} ';' && rm -rf "libobj7-1.0" || { sleep 5 && rm -rf "libobj7-1.0"; }; else :; fi
test -d "libobj7-1.0" || mkdir "libobj7-1.0"
test -n "" \
|| find "libobj7-1.0" -type d ! -perm -755 \
	-exec chmod u+rwx,go+rx {} \; -o \
  ! -type d ! -perm -444 -links 1 -exec chmod a+r {} \; -o \
  ! -type d ! -perm -400 -exec chmod a+r {} \; -o \
  ! -type d ! -perm -444 -exec /bin/sh /sources/automake-1.16.1/t/libobj7.dir/install-sh -c -m a+r {} {} \; \
|| chmod -R a+r "libobj7-1.0"
make[2]: Leaving directory '/sources/automake-1.16.1/t/libobj7.dir'
test -f libobj7-1.0/basename.c
test -f libobj7-1.0/dirname.c
test -f libobj7-1.0/am__dummy_function.c
make[1]: Leaving directory '/sources/automake-1.16.1/t/libobj7.dir'
+ make distcheck
make  dist-gzip am__post_remove_distdir='@:'
make[1]: Entering directory '/sources/automake-1.16.1/t/libobj7.dir'
make  distdir-am
make[2]: Entering directory '/sources/automake-1.16.1/t/libobj7.dir'
if test -d "libobj7-1.0"; then find "libobj7-1.0" -type d ! -perm -200 -exec chmod u+w {} ';' && rm -rf "libobj7-1.0" || { sleep 5 && rm -rf "libobj7-1.0"; }; else :; fi
test -d "libobj7-1.0" || mkdir "libobj7-1.0"
test -n "" \
|| find "libobj7-1.0" -type d ! -perm -755 \
	-exec chmod u+rwx,go+rx {} \; -o \
  ! -type d ! -perm -444 -links 1 -exec chmod a+r {} \; -o \
  ! -type d ! -perm -400 -exec chmod a+r {} \; -o \
  ! -type d ! -perm -444 -exec /bin/sh /sources/automake-1.16.1/t/libobj7.dir/install-sh -c -m a+r {} {} \; \
|| chmod -R a+r "libobj7-1.0"
make[2]: Leaving directory '/sources/automake-1.16.1/t/libobj7.dir'
tardir=libobj7-1.0 && ${TAR-tar} chof - "$tardir" | eval GZIP= gzip --best -c >libobj7-1.0.tar.gz
make[1]: Leaving directory '/sources/automake-1.16.1/t/libobj7.dir'
if test -d "libobj7-1.0"; then find "libobj7-1.0" -type d ! -perm -200 -exec chmod u+w {} ';' && rm -rf "libobj7-1.0" || { sleep 5 && rm -rf "libobj7-1.0"; }; else :; fi
case 'libobj7-1.0.tar.gz' in \
*.tar.gz*) \
  eval GZIP= gzip --best -dc libobj7-1.0.tar.gz | ${TAR-tar} xf - ;;\
*.tar.bz2*) \
  bzip2 -dc libobj7-1.0.tar.bz2 | ${TAR-tar} xf - ;;\
*.tar.lz*) \
  lzip -dc libobj7-1.0.tar.lz | ${TAR-tar} xf - ;;\
*.tar.xz*) \
  xz -dc libobj7-1.0.tar.xz | ${TAR-tar} xf - ;;\
*.tar.Z*) \
  uncompress -c libobj7-1.0.tar.Z | ${TAR-tar} xf - ;;\
*.shar.gz*) \
  eval GZIP= gzip --best -dc libobj7-1.0.shar.gz | unshar ;;\
*.zip*) \
  unzip libobj7-1.0.zip ;;\
esac
chmod -R a-w libobj7-1.0
chmod u+w libobj7-1.0
mkdir libobj7-1.0/_build libobj7-1.0/_build/sub libobj7-1.0/_inst
chmod a-w libobj7-1.0
test -d libobj7-1.0/_build || exit 0; \
dc_install_base=`CDPATH="${ZSH_VERSION+.}:" && cd libobj7-1.0/_inst && pwd | sed -e 's,^[^:\\/]:[\\/],/,'` \
  && dc_destdir="${TMPDIR-/tmp}/am-dc-$$/" \
  && am__cwd=`pwd` \
  && CDPATH="${ZSH_VERSION+.}:" && cd libobj7-1.0/_build/sub \
  && ../../configure \
     \
     \
    --srcdir=../.. --prefix="$dc_install_base" \
  && make  \
  && make  dvi \
  && make  check \
  && make  install \
  && make  installcheck \
  && make  uninstall \
  && make  distuninstallcheck_dir="$dc_install_base" \
        distuninstallcheck \
  && chmod -R a-w "$dc_install_base" \
  && ({ \
       (cd ../.. && umask 077 && mkdir "$dc_destdir") \
       && make  DESTDIR="$dc_destdir" install \
       && make  DESTDIR="$dc_destdir" uninstall \
       && make  DESTDIR="$dc_destdir" \
            distuninstallcheck_dir="$dc_destdir" distuninstallcheck; \
      } || { rm -rf "$dc_destdir"; exit 1; }) \
  && rm -rf "$dc_destdir" \
  && make  dist \
  && rm -rf libobj7-1.0.tar.gz \
  && make  distcleancheck \
  && cd "$am__cwd" \
  || exit 1
checking for a BSD-compatible install... /usr/bin/install -c
checking whether build environment is sane... yes
checking for a thread-safe mkdir -p... /tools/bin/mkdir -p
checking for gawk... gawk
checking whether make sets $(MAKE)... yes
checking whether make supports nested variables... yes
checking for gcc... cc
checking whether the C compiler works... yes
checking for C compiler default output file name... a.out
checking for suffix of executables... 
checking whether we are cross compiling... no
checking for suffix of object files... o
checking whether we are using the GNU C compiler... yes
checking whether cc accepts -g... yes
checking for cc option to accept ISO C89... none needed
checking whether cc understands -c and -o together... yes
checking whether make supports the include directive... yes (GNU style)
checking dependency style of cc... gcc3
checking for ar... ar
checking the archiver (ar) interface... ar
checking for ranlib... ranlib
checking for basename... yes
checking for dirname... yes
checking for am__dummy_function... no
checking that generated files are newer than configure... done
configure: creating ./config.status
config.status: creating Makefile
config.status: executing depfiles commands
make[1]: Entering directory '/sources/automake-1.16.1/t/libobj7.dir/libobj7-1.0/_build/sub'
cc -DPACKAGE_NAME=\"libobj7\" -DPACKAGE_TARNAME=\"libobj7\" -DPACKAGE_VERSION=\"1.0\" -DPACKAGE_STRING=\"libobj7\ 1.0\" -DPACKAGE_BUGREPORT=\"\" -DPACKAGE_URL=\"\" -DPACKAGE=\"libobj7\" -DVERSION=\"1.0\" -DHAVE_BASENAME=1 -DHAVE_DIRNAME=1 -I. -I../..     -g -O2 -MT am__dummy_function.o -MD -MP -MF .deps/am__dummy_function.Tpo -c -o am__dummy_function.o ../../am__dummy_function.c
mv -f .deps/am__dummy_function.Tpo .deps/am__dummy_function.Po
rm -f libtu.a
ar cru libtu.a  am__dummy_function.o
ranlib libtu.a
make[1]: Leaving directory '/sources/automake-1.16.1/t/libobj7.dir/libobj7-1.0/_build/sub'
make[1]: Entering directory '/sources/automake-1.16.1/t/libobj7.dir/libobj7-1.0/_build/sub'
make[1]: Nothing to be done for 'dvi'.
make[1]: Leaving directory '/sources/automake-1.16.1/t/libobj7.dir/libobj7-1.0/_build/sub'
make[1]: Entering directory '/sources/automake-1.16.1/t/libobj7.dir/libobj7-1.0/_build/sub'
make  check-local
make[2]: Entering directory '/sources/automake-1.16.1/t/libobj7.dir/libobj7-1.0/_build/sub'
ar tv libtu.a
rw-r--r-- 0/0   2064 Nov 26 22:42 2018 am__dummy_function.o
DIST_COMMON = ../../Makefile.am ../../configure ../../configure.ac ../../aclocal.m4 ../../Makefile.in am__dummy_function.c ar-lib basename.c compile depcomp dirname.c install-sh missing
echo ' ' ../../Makefile.am ../../configure ../../configure.ac  ../../aclocal.m4 ../../Makefile.in am__dummy_function.c ar-lib basename.c compile depcomp dirname.c install-sh missing ' ' | grep '[ /]basename\.c '
  ../../Makefile.am ../../configure ../../configure.ac ../../aclocal.m4 ../../Makefile.in am__dummy_function.c ar-lib basename.c compile depcomp dirname.c install-sh missing  
echo ' ' ../../Makefile.am ../../configure ../../configure.ac  ../../aclocal.m4 ../../Makefile.in am__dummy_function.c ar-lib basename.c compile depcomp dirname.c install-sh missing ' ' | grep '[ /]dirname\.c '
  ../../Makefile.am ../../configure ../../configure.ac ../../aclocal.m4 ../../Makefile.in am__dummy_function.c ar-lib basename.c compile depcomp dirname.c install-sh missing  
echo ' ' ../../Makefile.am ../../configure ../../configure.ac  ../../aclocal.m4 ../../Makefile.in am__dummy_function.c ar-lib basename.c compile depcomp dirname.c install-sh missing ' ' | grep '[ /]am__dummy_function\.c '
  ../../Makefile.am ../../configure ../../configure.ac ../../aclocal.m4 ../../Makefile.in am__dummy_function.c ar-lib basename.c compile depcomp dirname.c install-sh missing  
make  distdir-am
make[3]: Entering directory '/sources/automake-1.16.1/t/libobj7.dir/libobj7-1.0/_build/sub'
if test -d "libobj7-1.0"; then find "libobj7-1.0" -type d ! -perm -200 -exec chmod u+w {} ';' && rm -rf "libobj7-1.0" || { sleep 5 && rm -rf "libobj7-1.0"; }; else :; fi
test -d "libobj7-1.0" || mkdir "libobj7-1.0"
test -n "" \
|| find "libobj7-1.0" -type d ! -perm -755 \
	-exec chmod u+rwx,go+rx {} \; -o \
  ! -type d ! -perm -444 -links 1 -exec chmod a+r {} \; -o \
  ! -type d ! -perm -400 -exec chmod a+r {} \; -o \
  ! -type d ! -perm -444 -exec /bin/sh /sources/automake-1.16.1/t/libobj7.dir/libobj7-1.0/install-sh -c -m a+r {} {} \; \
|| chmod -R a+r "libobj7-1.0"
make[3]: Leaving directory '/sources/automake-1.16.1/t/libobj7.dir/libobj7-1.0/_build/sub'
test -f libobj7-1.0/basename.c
test -f libobj7-1.0/dirname.c
test -f libobj7-1.0/am__dummy_function.c
make[2]: Leaving directory '/sources/automake-1.16.1/t/libobj7.dir/libobj7-1.0/_build/sub'
make[1]: Leaving directory '/sources/automake-1.16.1/t/libobj7.dir/libobj7-1.0/_build/sub'
make[1]: Entering directory '/sources/automake-1.16.1/t/libobj7.dir/libobj7-1.0/_build/sub'
make[2]: Entering directory '/sources/automake-1.16.1/t/libobj7.dir/libobj7-1.0/_build/sub'
make[2]: Nothing to be done for 'install-exec-am'.
make[2]: Nothing to be done for 'install-data-am'.
make[2]: Leaving directory '/sources/automake-1.16.1/t/libobj7.dir/libobj7-1.0/_build/sub'
make[1]: Leaving directory '/sources/automake-1.16.1/t/libobj7.dir/libobj7-1.0/_build/sub'
make[1]: Entering directory '/sources/automake-1.16.1/t/libobj7.dir/libobj7-1.0/_build/sub'
make[1]: Nothing to be done for 'installcheck'.
make[1]: Leaving directory '/sources/automake-1.16.1/t/libobj7.dir/libobj7-1.0/_build/sub'
make[1]: Entering directory '/sources/automake-1.16.1/t/libobj7.dir/libobj7-1.0/_build/sub'
make[1]: Nothing to be done for 'uninstall'.
make[1]: Leaving directory '/sources/automake-1.16.1/t/libobj7.dir/libobj7-1.0/_build/sub'
make[1]: Entering directory '/sources/automake-1.16.1/t/libobj7.dir/libobj7-1.0/_build/sub'
make[1]: Leaving directory '/sources/automake-1.16.1/t/libobj7.dir/libobj7-1.0/_build/sub'
make[1]: Entering directory '/sources/automake-1.16.1/t/libobj7.dir/libobj7-1.0/_build/sub'
make[2]: Entering directory '/sources/automake-1.16.1/t/libobj7.dir/libobj7-1.0/_build/sub'
make[2]: Nothing to be done for 'install-exec-am'.
make[2]: Nothing to be done for 'install-data-am'.
make[2]: Leaving directory '/sources/automake-1.16.1/t/libobj7.dir/libobj7-1.0/_build/sub'
make[1]: Leaving directory '/sources/automake-1.16.1/t/libobj7.dir/libobj7-1.0/_build/sub'
make[1]: Entering directory '/sources/automake-1.16.1/t/libobj7.dir/libobj7-1.0/_build/sub'
make[1]: Nothing to be done for 'uninstall'.
make[1]: Leaving directory '/sources/automake-1.16.1/t/libobj7.dir/libobj7-1.0/_build/sub'
make[1]: Entering directory '/sources/automake-1.16.1/t/libobj7.dir/libobj7-1.0/_build/sub'
make[1]: Leaving directory '/sources/automake-1.16.1/t/libobj7.dir/libobj7-1.0/_build/sub'
make[1]: Entering directory '/sources/automake-1.16.1/t/libobj7.dir/libobj7-1.0/_build/sub'
make  dist-gzip am__post_remove_distdir='@:'
make[2]: Entering directory '/sources/automake-1.16.1/t/libobj7.dir/libobj7-1.0/_build/sub'
make  distdir-am
make[3]: Entering directory '/sources/automake-1.16.1/t/libobj7.dir/libobj7-1.0/_build/sub'
if test -d "libobj7-1.0"; then find "libobj7-1.0" -type d ! -perm -200 -exec chmod u+w {} ';' && rm -rf "libobj7-1.0" || { sleep 5 && rm -rf "libobj7-1.0"; }; else :; fi
test -d "libobj7-1.0" || mkdir "libobj7-1.0"
test -n "" \
|| find "libobj7-1.0" -type d ! -perm -755 \
	-exec chmod u+rwx,go+rx {} \; -o \
  ! -type d ! -perm -444 -links 1 -exec chmod a+r {} \; -o \
  ! -type d ! -perm -400 -exec chmod a+r {} \; -o \
  ! -type d ! -perm -444 -exec /bin/sh /sources/automake-1.16.1/t/libobj7.dir/libobj7-1.0/install-sh -c -m a+r {} {} \; \
|| chmod -R a+r "libobj7-1.0"
make[3]: Leaving directory '/sources/automake-1.16.1/t/libobj7.dir/libobj7-1.0/_build/sub'
tardir=libobj7-1.0 && ${TAR-tar} chof - "$tardir" | eval GZIP= gzip --best -c >libobj7-1.0.tar.gz
make[2]: Leaving directory '/sources/automake-1.16.1/t/libobj7.dir/libobj7-1.0/_build/sub'
if test -d "libobj7-1.0"; then find "libobj7-1.0" -type d ! -perm -200 -exec chmod u+w {} ';' && rm -rf "libobj7-1.0" || { sleep 5 && rm -rf "libobj7-1.0"; }; else :; fi
make[1]: Leaving directory '/sources/automake-1.16.1/t/libobj7.dir/libobj7-1.0/_build/sub'
make[1]: Entering directory '/sources/automake-1.16.1/t/libobj7.dir/libobj7-1.0/_build/sub'
test -z "libtu.a" || rm -f libtu.a
rm -f *.o
rm -f *.tab.c
test -z "" || rm -f 
test . = "../.." || test -z "" || rm -f 
rm -f config.status config.cache config.log configure.lineno config.status.lineno
rm -f .deps/am__dummy_function.Po
rm -f .deps/basename.Po
rm -f .deps/dirname.Po
rm -f Makefile
make[1]: Leaving directory '/sources/automake-1.16.1/t/libobj7.dir/libobj7-1.0/_build/sub'
if test -d "libobj7-1.0"; then find "libobj7-1.0" -type d ! -perm -200 -exec chmod u+w {} ';' && rm -rf "libobj7-1.0" || { sleep 5 && rm -rf "libobj7-1.0"; }; else :; fi
=============================================
libobj7-1.0 archives ready for distribution: 
libobj7-1.0.tar.gz
=============================================
+ :
+ am_exit_trap 0
+ exit_status=0
+ set +e
+ cd /sources/automake-1.16.1
+ test none = tap
+ case $am_explicit_skips in
+ test 0 -eq 0
+ am_keeping_testdirs
+ case $keep_testdirs in
+ return 1
+ rm_rf_ t/libobj7.dir
+ test 1 -gt 0
+ /usr/bin/perl /sources/automake-1.16.1/t/ax/deltree.pl t/libobj7.dir
+ set +x
PASS t/libobj7.sh (exit status: 0)
