Running from installcheck: no
Test Protocol: none
PATH = /sources/automake-1.16.1/bin:/sources/automake-1.16.1/t/ax:/bin:/usr/bin:/sbin:/usr/sbin:/tools/bin
++ pwd
/sources/automake-1.16.1/t/libobj20b.dir
+ cat
+ cat
+ :
+ aclocal-1.16 -Werror
+ AUTOMAKE_fails
+ AUTOMAKE_run -e 1
+ am__desc=
+ am__exp_rc=0
+ test 2 -gt 0
+ case $1 in
+ am__exp_rc=1
+ shift
+ shift
+ test 0 -gt 0
+ am__got_rc=0
+ automake-1.16 --foreign -Werror -Wall
+ am__got_rc=1
+ cat stderr
configure.ac:4: error: required directory ./libobj-dir does not exist
configure.ac:11: error: required file 'libobj-dir/foobar.c' not found
+ cat stdout
+ test none = none
+ test 1 -eq 1
+ return
+ grep 'configure\.ac:.*required directory.*libobj-dir' stderr
configure.ac:4: error: required directory ./libobj-dir does not exist
+ mkdir libobj-dir
+ :
+ AUTOMAKE_fails
+ AUTOMAKE_run -e 1
+ am__desc=
+ am__exp_rc=0
+ test 2 -gt 0
+ case $1 in
+ am__exp_rc=1
+ shift
+ shift
+ test 0 -gt 0
+ am__got_rc=0
+ automake-1.16 --foreign -Werror -Wall
+ am__got_rc=1
+ cat stderr
configure.ac:11: error: required file 'libobj-dir/foobar.c' not found
+ cat stdout
+ test none = none
+ test 1 -eq 1
+ return
+ grep 'configure\.ac:.*required file.*libobj-dir/foobar.c.*' stderr
configure.ac:11: error: required file 'libobj-dir/foobar.c' not found
+ rm -f foobar.c
+ :
+ automake-1.16 --foreign -Werror -Wall
+ :
+ am_exit_trap 0
+ exit_status=0
+ set +e
+ cd /sources/automake-1.16.1
+ test none = tap
+ case $am_explicit_skips in
+ test 0 -eq 0
+ am_keeping_testdirs
+ case $keep_testdirs in
+ return 1
+ rm_rf_ t/libobj20b.dir
+ test 1 -gt 0
+ /usr/bin/perl /sources/automake-1.16.1/t/ax/deltree.pl t/libobj20b.dir
+ set +x
PASS t/libobj20b.sh (exit status: 0)
