libtoo11: running libtoolize --version
libtoolize (GNU libtool) 2.4.6
Written by Gary V. Vaughan <gary@gnu.org>, 2003

Copyright (C) 2015 Free Software Foundation, Inc.
This is free software; see the source for copying conditions.  There is NO
warranty; not even for MERCHANTABILITY or FITNESS FOR A PARTICULAR PURPOSE.
Running from installcheck: no
Test Protocol: none
PATH = /sources/automake-1.16.1/bin:/sources/automake-1.16.1/t/ax:/bin:/usr/bin:/sbin:/usr/sbin:/tools/bin
++ pwd
/sources/automake-1.16.1/t/libtoo11.dir
+ cat
+ :
+ libtoolize
libtoolize: putting auxiliary files in '.'.
libtoolize: linking file './ltmain.sh'
libtoolize: You should add the contents of the following files to 'aclocal.m4':
libtoolize:   '/usr/share/aclocal/libtool.m4'
libtoolize:   '/usr/share/aclocal/ltoptions.m4'
libtoolize:   '/usr/share/aclocal/ltsugar.m4'
libtoolize:   '/usr/share/aclocal/ltversion.m4'
libtoolize:   '/usr/share/aclocal/lt~obsolete.m4'
libtoolize: Consider adding 'AC_CONFIG_MACRO_DIRS([m4])' to configure.ac,
libtoolize: and rerunning libtoolize and aclocal.
libtoolize: Consider adding '-I m4' to ACLOCAL_AMFLAGS in Makefile.am.
+ aclocal-1.16 -Werror
+ automake-1.16 --foreign -Werror -Wall --add-missing
configure.ac:4: installing './config.guess'
configure.ac:4: installing './config.sub'
+ autoconf
+ ./configure
checking for a BSD-compatible install... /usr/bin/install -c
checking whether build environment is sane... yes
checking for a thread-safe mkdir -p... /tools/bin/mkdir -p
checking for gawk... gawk
checking whether make sets $(MAKE)... yes
checking whether make supports nested variables... yes
checking build system type... x86_64-pc-linux-gnu
checking host system type... x86_64-pc-linux-gnu
checking how to print strings... printf
checking whether make supports the include directive... yes (GNU style)
checking for gcc... cc
checking whether the C compiler works... yes
checking for C compiler default output file name... a.out
checking for suffix of executables... 
checking whether we are cross compiling... no
checking for suffix of object files... o
checking whether we are using the GNU C compiler... yes
checking whether cc accepts -g... yes
checking for cc option to accept ISO C89... none needed
checking whether cc understands -c and -o together... yes
checking dependency style of cc... gcc3
checking for a sed that does not truncate output... /bin/sed
checking for grep that handles long lines and -e... /bin/grep
checking for egrep... /bin/grep -E
checking for fgrep... /bin/grep -F
checking for ld used by cc... /usr/bin/ld
checking if the linker (/usr/bin/ld) is GNU ld... yes
checking for BSD- or MS-compatible name lister (nm)... /usr/bin/nm -B
checking the name lister (/usr/bin/nm -B) interface... BSD nm
checking whether ln -s works... yes
checking the maximum length of command line arguments... 6291456
checking how to convert x86_64-pc-linux-gnu file names to x86_64-pc-linux-gnu format... func_convert_file_noop
checking how to convert x86_64-pc-linux-gnu file names to toolchain format... func_convert_file_noop
checking for /usr/bin/ld option to reload object files... -r
checking for objdump... objdump
checking how to recognize dependent libraries... pass_all
checking for dlltool... no
checking how to associate runtime and link libraries... printf %s\n
checking for ar... ar
checking for archiver @FILE support... @
checking for strip... strip
checking for ranlib... ranlib
checking command to parse /usr/bin/nm -B output from cc object... ok
checking for sysroot... no
checking for a working dd... /bin/dd
checking how to truncate binary pipes... /bin/dd bs=4096 count=1
checking for mt... no
checking if : is a manifest tool... no
checking how to run the C preprocessor... cc -E
checking for ANSI C header files... yes
checking for sys/types.h... yes
checking for sys/stat.h... yes
checking for stdlib.h... yes
checking for string.h... yes
checking for memory.h... yes
checking for strings.h... yes
checking for inttypes.h... yes
checking for stdint.h... yes
checking for unistd.h... yes
checking for dlfcn.h... yes
checking for objdir... .libs
checking if cc supports -fno-rtti -fno-exceptions... no
checking for cc option to produce PIC... -fPIC -DPIC
checking if cc PIC flag -fPIC -DPIC works... yes
checking if cc static flag -static works... yes
checking if cc supports -c -o file.o... yes
checking if cc supports -c -o file.o... (cached) yes
checking whether the cc linker (/usr/bin/ld -m elf_x86_64) supports shared libraries... yes
checking whether -lc should be explicitly linked in... no
checking dynamic linker characteristics... GNU/Linux ld.so
checking how to hardcode library paths into programs... immediate
checking whether stripping libraries is possible... yes
checking if libtool supports shared libraries... yes
checking whether to build shared libraries... yes
checking whether to build static libraries... yes
configure: creating ./config.lt
config.lt: creating libtool
checking that generated files are newer than configure... done
configure: creating ./config.status
config.status: creating Makefile
config.status: executing depfiles commands
config.status: executing libtool commands
+ make distcheck
make  dist-gzip am__post_remove_distdir='@:'
make[1]: Entering directory '/sources/automake-1.16.1/t/libtoo11.dir'
make  distdir-am
make[2]: Entering directory '/sources/automake-1.16.1/t/libtoo11.dir'
if test -d "libtoo11-1.0"; then find "libtoo11-1.0" -type d ! -perm -200 -exec chmod u+w {} ';' && rm -rf "libtoo11-1.0" || { sleep 5 && rm -rf "libtoo11-1.0"; }; else :; fi
test -d "libtoo11-1.0" || mkdir "libtoo11-1.0"
test -n "" \
|| find "libtoo11-1.0" -type d ! -perm -755 \
	-exec chmod u+rwx,go+rx {} \; -o \
  ! -type d ! -perm -444 -links 1 -exec chmod a+r {} \; -o \
  ! -type d ! -perm -400 -exec chmod a+r {} \; -o \
  ! -type d ! -perm -444 -exec /bin/sh /sources/automake-1.16.1/t/libtoo11.dir/install-sh -c -m a+r {} {} \; \
|| chmod -R a+r "libtoo11-1.0"
make[2]: Leaving directory '/sources/automake-1.16.1/t/libtoo11.dir'
tardir=libtoo11-1.0 && ${TAR-tar} chof - "$tardir" | eval GZIP= gzip --best -c >libtoo11-1.0.tar.gz
make[1]: Leaving directory '/sources/automake-1.16.1/t/libtoo11.dir'
if test -d "libtoo11-1.0"; then find "libtoo11-1.0" -type d ! -perm -200 -exec chmod u+w {} ';' && rm -rf "libtoo11-1.0" || { sleep 5 && rm -rf "libtoo11-1.0"; }; else :; fi
case 'libtoo11-1.0.tar.gz' in \
*.tar.gz*) \
  eval GZIP= gzip --best -dc libtoo11-1.0.tar.gz | ${TAR-tar} xf - ;;\
*.tar.bz2*) \
  bzip2 -dc libtoo11-1.0.tar.bz2 | ${TAR-tar} xf - ;;\
*.tar.lz*) \
  lzip -dc libtoo11-1.0.tar.lz | ${TAR-tar} xf - ;;\
*.tar.xz*) \
  xz -dc libtoo11-1.0.tar.xz | ${TAR-tar} xf - ;;\
*.tar.Z*) \
  uncompress -c libtoo11-1.0.tar.Z | ${TAR-tar} xf - ;;\
*.shar.gz*) \
  eval GZIP= gzip --best -dc libtoo11-1.0.shar.gz | unshar ;;\
*.zip*) \
  unzip libtoo11-1.0.zip ;;\
esac
chmod -R a-w libtoo11-1.0
chmod u+w libtoo11-1.0
mkdir libtoo11-1.0/_build libtoo11-1.0/_build/sub libtoo11-1.0/_inst
chmod a-w libtoo11-1.0
test -d libtoo11-1.0/_build || exit 0; \
dc_install_base=`CDPATH="${ZSH_VERSION+.}:" && cd libtoo11-1.0/_inst && pwd | sed -e 's,^[^:\\/]:[\\/],/,'` \
  && dc_destdir="${TMPDIR-/tmp}/am-dc-$$/" \
  && am__cwd=`pwd` \
  && CDPATH="${ZSH_VERSION+.}:" && cd libtoo11-1.0/_build/sub \
  && ../../configure \
     \
     \
    --srcdir=../.. --prefix="$dc_install_base" \
  && make  \
  && make  dvi \
  && make  check \
  && make  install \
  && make  installcheck \
  && make  uninstall \
  && make  distuninstallcheck_dir="$dc_install_base" \
        distuninstallcheck \
  && chmod -R a-w "$dc_install_base" \
  && ({ \
       (cd ../.. && umask 077 && mkdir "$dc_destdir") \
       && make  DESTDIR="$dc_destdir" install \
       && make  DESTDIR="$dc_destdir" uninstall \
       && make  DESTDIR="$dc_destdir" \
            distuninstallcheck_dir="$dc_destdir" distuninstallcheck; \
      } || { rm -rf "$dc_destdir"; exit 1; }) \
  && rm -rf "$dc_destdir" \
  && make  dist \
  && rm -rf libtoo11-1.0.tar.gz \
  && make  distcleancheck \
  && cd "$am__cwd" \
  || exit 1
checking for a BSD-compatible install... /usr/bin/install -c
checking whether build environment is sane... yes
checking for a thread-safe mkdir -p... /tools/bin/mkdir -p
checking for gawk... gawk
checking whether make sets $(MAKE)... yes
checking whether make supports nested variables... yes
checking build system type... x86_64-pc-linux-gnu
checking host system type... x86_64-pc-linux-gnu
checking how to print strings... printf
checking whether make supports the include directive... yes (GNU style)
checking for gcc... cc
checking whether the C compiler works... yes
checking for C compiler default output file name... a.out
checking for suffix of executables... 
checking whether we are cross compiling... no
checking for suffix of object files... o
checking whether we are using the GNU C compiler... yes
checking whether cc accepts -g... yes
checking for cc option to accept ISO C89... none needed
checking whether cc understands -c and -o together... yes
checking dependency style of cc... gcc3
checking for a sed that does not truncate output... /bin/sed
checking for grep that handles long lines and -e... /bin/grep
checking for egrep... /bin/grep -E
checking for fgrep... /bin/grep -F
checking for ld used by cc... /usr/bin/ld
checking if the linker (/usr/bin/ld) is GNU ld... yes
checking for BSD- or MS-compatible name lister (nm)... /usr/bin/nm -B
checking the name lister (/usr/bin/nm -B) interface... BSD nm
checking whether ln -s works... yes
checking the maximum length of command line arguments... 6291456
checking how to convert x86_64-pc-linux-gnu file names to x86_64-pc-linux-gnu format... func_convert_file_noop
checking how to convert x86_64-pc-linux-gnu file names to toolchain format... func_convert_file_noop
checking for /usr/bin/ld option to reload object files... -r
checking for objdump... objdump
checking how to recognize dependent libraries... pass_all
checking for dlltool... no
checking how to associate runtime and link libraries... printf %s\n
checking for ar... ar
checking for archiver @FILE support... @
checking for strip... strip
checking for ranlib... ranlib
checking command to parse /usr/bin/nm -B output from cc object... ok
checking for sysroot... no
checking for a working dd... /bin/dd
checking how to truncate binary pipes... /bin/dd bs=4096 count=1
checking for mt... no
checking if : is a manifest tool... no
checking how to run the C preprocessor... cc -E
checking for ANSI C header files... yes
checking for sys/types.h... yes
checking for sys/stat.h... yes
checking for stdlib.h... yes
checking for string.h... yes
checking for memory.h... yes
checking for strings.h... yes
checking for inttypes.h... yes
checking for stdint.h... yes
checking for unistd.h... yes
checking for dlfcn.h... yes
checking for objdir... .libs
checking if cc supports -fno-rtti -fno-exceptions... no
checking for cc option to produce PIC... -fPIC -DPIC
checking if cc PIC flag -fPIC -DPIC works... yes
checking if cc static flag -static works... yes
checking if cc supports -c -o file.o... yes
checking if cc supports -c -o file.o... (cached) yes
checking whether the cc linker (/usr/bin/ld -m elf_x86_64) supports shared libraries... yes
checking whether -lc should be explicitly linked in... no
checking dynamic linker characteristics... GNU/Linux ld.so
checking how to hardcode library paths into programs... immediate
checking whether stripping libraries is possible... yes
checking if libtool supports shared libraries... yes
checking whether to build shared libraries... yes
checking whether to build static libraries... yes
configure: creating ./config.lt
config.lt: creating libtool
checking that generated files are newer than configure... done
configure: creating ./config.status
config.status: creating Makefile
config.status: executing depfiles commands
config.status: executing libtool commands
make[1]: Entering directory '/sources/automake-1.16.1/t/libtoo11.dir/libtoo11-1.0/_build/sub'
make[1]: Nothing to be done for 'all'.
make[1]: Leaving directory '/sources/automake-1.16.1/t/libtoo11.dir/libtoo11-1.0/_build/sub'
make[1]: Entering directory '/sources/automake-1.16.1/t/libtoo11.dir/libtoo11-1.0/_build/sub'
make[1]: Nothing to be done for 'dvi'.
make[1]: Leaving directory '/sources/automake-1.16.1/t/libtoo11.dir/libtoo11-1.0/_build/sub'
make[1]: Entering directory '/sources/automake-1.16.1/t/libtoo11.dir/libtoo11-1.0/_build/sub'
make[1]: Nothing to be done for 'check'.
make[1]: Leaving directory '/sources/automake-1.16.1/t/libtoo11.dir/libtoo11-1.0/_build/sub'
make[1]: Entering directory '/sources/automake-1.16.1/t/libtoo11.dir/libtoo11-1.0/_build/sub'
make[2]: Entering directory '/sources/automake-1.16.1/t/libtoo11.dir/libtoo11-1.0/_build/sub'
make[2]: Nothing to be done for 'install-exec-am'.
make[2]: Nothing to be done for 'install-data-am'.
make[2]: Leaving directory '/sources/automake-1.16.1/t/libtoo11.dir/libtoo11-1.0/_build/sub'
make[1]: Leaving directory '/sources/automake-1.16.1/t/libtoo11.dir/libtoo11-1.0/_build/sub'
make[1]: Entering directory '/sources/automake-1.16.1/t/libtoo11.dir/libtoo11-1.0/_build/sub'
make[1]: Nothing to be done for 'installcheck'.
make[1]: Leaving directory '/sources/automake-1.16.1/t/libtoo11.dir/libtoo11-1.0/_build/sub'
make[1]: Entering directory '/sources/automake-1.16.1/t/libtoo11.dir/libtoo11-1.0/_build/sub'
make[1]: Nothing to be done for 'uninstall'.
make[1]: Leaving directory '/sources/automake-1.16.1/t/libtoo11.dir/libtoo11-1.0/_build/sub'
make[1]: Entering directory '/sources/automake-1.16.1/t/libtoo11.dir/libtoo11-1.0/_build/sub'
make[1]: Leaving directory '/sources/automake-1.16.1/t/libtoo11.dir/libtoo11-1.0/_build/sub'
make[1]: Entering directory '/sources/automake-1.16.1/t/libtoo11.dir/libtoo11-1.0/_build/sub'
make[2]: Entering directory '/sources/automake-1.16.1/t/libtoo11.dir/libtoo11-1.0/_build/sub'
make[2]: Nothing to be done for 'install-exec-am'.
make[2]: Nothing to be done for 'install-data-am'.
make[2]: Leaving directory '/sources/automake-1.16.1/t/libtoo11.dir/libtoo11-1.0/_build/sub'
make[1]: Leaving directory '/sources/automake-1.16.1/t/libtoo11.dir/libtoo11-1.0/_build/sub'
make[1]: Entering directory '/sources/automake-1.16.1/t/libtoo11.dir/libtoo11-1.0/_build/sub'
make[1]: Nothing to be done for 'uninstall'.
make[1]: Leaving directory '/sources/automake-1.16.1/t/libtoo11.dir/libtoo11-1.0/_build/sub'
make[1]: Entering directory '/sources/automake-1.16.1/t/libtoo11.dir/libtoo11-1.0/_build/sub'
make[1]: Leaving directory '/sources/automake-1.16.1/t/libtoo11.dir/libtoo11-1.0/_build/sub'
make[1]: Entering directory '/sources/automake-1.16.1/t/libtoo11.dir/libtoo11-1.0/_build/sub'
make  dist-gzip am__post_remove_distdir='@:'
make[2]: Entering directory '/sources/automake-1.16.1/t/libtoo11.dir/libtoo11-1.0/_build/sub'
make  distdir-am
make[3]: Entering directory '/sources/automake-1.16.1/t/libtoo11.dir/libtoo11-1.0/_build/sub'
if test -d "libtoo11-1.0"; then find "libtoo11-1.0" -type d ! -perm -200 -exec chmod u+w {} ';' && rm -rf "libtoo11-1.0" || { sleep 5 && rm -rf "libtoo11-1.0"; }; else :; fi
test -d "libtoo11-1.0" || mkdir "libtoo11-1.0"
test -n "" \
|| find "libtoo11-1.0" -type d ! -perm -755 \
	-exec chmod u+rwx,go+rx {} \; -o \
  ! -type d ! -perm -444 -links 1 -exec chmod a+r {} \; -o \
  ! -type d ! -perm -400 -exec chmod a+r {} \; -o \
  ! -type d ! -perm -444 -exec /bin/sh /sources/automake-1.16.1/t/libtoo11.dir/libtoo11-1.0/install-sh -c -m a+r {} {} \; \
|| chmod -R a+r "libtoo11-1.0"
make[3]: Leaving directory '/sources/automake-1.16.1/t/libtoo11.dir/libtoo11-1.0/_build/sub'
tardir=libtoo11-1.0 && ${TAR-tar} chof - "$tardir" | eval GZIP= gzip --best -c >libtoo11-1.0.tar.gz
make[2]: Leaving directory '/sources/automake-1.16.1/t/libtoo11.dir/libtoo11-1.0/_build/sub'
if test -d "libtoo11-1.0"; then find "libtoo11-1.0" -type d ! -perm -200 -exec chmod u+w {} ';' && rm -rf "libtoo11-1.0" || { sleep 5 && rm -rf "libtoo11-1.0"; }; else :; fi
make[1]: Leaving directory '/sources/automake-1.16.1/t/libtoo11.dir/libtoo11-1.0/_build/sub'
make[1]: Entering directory '/sources/automake-1.16.1/t/libtoo11.dir/libtoo11-1.0/_build/sub'
rm -rf .libs _libs
rm -f *.lo
test -z "" || rm -f 
test . = "../.." || test -z "" || rm -f 
rm -f libtool config.lt
rm -f config.status config.cache config.log configure.lineno config.status.lineno
rm -f Makefile
make[1]: Leaving directory '/sources/automake-1.16.1/t/libtoo11.dir/libtoo11-1.0/_build/sub'
if test -d "libtoo11-1.0"; then find "libtoo11-1.0" -type d ! -perm -200 -exec chmod u+w {} ';' && rm -rf "libtoo11-1.0" || { sleep 5 && rm -rf "libtoo11-1.0"; }; else :; fi
==============================================
libtoo11-1.0 archives ready for distribution: 
libtoo11-1.0.tar.gz
==============================================
+ :
+ am_exit_trap 0
+ exit_status=0
+ set +e
+ cd /sources/automake-1.16.1
+ test none = tap
+ case $am_explicit_skips in
+ test 0 -eq 0
+ am_keeping_testdirs
+ case $keep_testdirs in
+ return 1
+ rm_rf_ t/libtoo11.dir
+ test 1 -gt 0
+ /usr/bin/perl /sources/automake-1.16.1/t/ax/deltree.pl t/libtoo11.dir
+ set +x
PASS t/libtoo11.sh (exit status: 0)
