Running from installcheck: no
Test Protocol: none
PATH = /sources/automake-1.16.1/bin:/sources/automake-1.16.1/t/ax:/bin:/usr/bin:/sbin:/usr/sbin:/tools/bin
++ pwd
/sources/automake-1.16.1/t/libtool-macros.dir
+ echo '# Automatically generated by libtool-macros.'
+ echo :
+ echo ACLOCAL_AMFLAGS = -I m4
+ libtoolize --copy --install
libtoolize: putting auxiliary files in '.'.
libtoolize: copying file './config.guess'
libtoolize: copying file './config.sub'
libtoolize: copying file './ltmain.sh'
libtoolize: putting macros in 'm4'.
libtoolize: copying file 'm4/libtool.m4'
libtoolize: copying file 'm4/ltoptions.m4'
libtoolize: copying file 'm4/ltsugar.m4'
libtoolize: copying file 'm4/ltversion.m4'
libtoolize: copying file 'm4/lt~obsolete.m4'
libtoolize: Remember to add 'LT_INIT' to configure.ac.
libtoolize: Consider adding 'AC_CONFIG_MACRO_DIRS([m4])' to configure.ac,
libtoolize: and rerunning libtoolize and aclocal.
+ test -f m4/libtool.m4
++ pwd
+ echo 'ACLOCAL_PATH='\''/sources/automake-1.16.1/t/libtool-macros.dir/m4'\'':$ACLOCAL_PATH'
+ echo 'export ACLOCAL_PATH'
+ . ./get.sh
++ :
++ ACLOCAL_PATH=/sources/automake-1.16.1/t/libtool-macros.dir/m4:/sources/automake-1.16.1/m4/acdir
++ export ACLOCAL_PATH
+ aclocal-1.16 -Werror --force -I m4
+ keep_testdirs=yes
+ :
+ am_exit_trap 0
+ exit_status=0
+ set +e
+ cd /sources/automake-1.16.1
+ test none = tap
+ case $am_explicit_skips in
+ test 0 -eq 0
+ am_keeping_testdirs
+ case $keep_testdirs in
+ return 0
+ set +x
PASS t/libtool-macros.sh (exit status: 0)
