libtool2: running libtoolize --version
libtoolize (GNU libtool) 2.4.6
Written by Gary V. Vaughan <gary@gnu.org>, 2003

Copyright (C) 2015 Free Software Foundation, Inc.
This is free software; see the source for copying conditions.  There is NO
warranty; not even for MERCHANTABILITY or FITNESS FOR A PARTICULAR PURPOSE.
Running from installcheck: no
Test Protocol: none
PATH = /sources/automake-1.16.1/bin:/sources/automake-1.16.1/t/ax:/bin:/usr/bin:/sbin:/usr/sbin:/tools/bin
++ pwd
/sources/automake-1.16.1/t/libtool2.dir
+ cat
+ cat
+ mkdir sub
+ cat
+ aclocal-1.16 -Werror
+ :
+ automake-1.16 --foreign -Werror -Wall -a
configure.ac:5: installing './ar-lib'
configure.ac:6: installing './config.guess'
configure.ac:6: installing './config.sub'
+ grep 'rm -f .*\.lo' sub/Makefile.in
	-rm -f *.lo
+ :
+ am_exit_trap 0
+ exit_status=0
+ set +e
+ cd /sources/automake-1.16.1
+ test none = tap
+ case $am_explicit_skips in
+ test 0 -eq 0
+ am_keeping_testdirs
+ case $keep_testdirs in
+ return 1
+ rm_rf_ t/libtool2.dir
+ test 1 -gt 0
+ /usr/bin/perl /sources/automake-1.16.1/t/ax/deltree.pl t/libtool2.dir
+ set +x
PASS t/libtool2.sh (exit status: 0)
