libtool9: running libtoolize --version
libtoolize (GNU libtool) 2.4.6
Written by Gary V. Vaughan <gary@gnu.org>, 2003

Copyright (C) 2015 Free Software Foundation, Inc.
This is free software; see the source for copying conditions.  There is NO
warranty; not even for MERCHANTABILITY or FITNESS FOR A PARTICULAR PURPOSE.
Running from installcheck: no
Test Protocol: none
PATH = /sources/automake-1.16.1/bin:/sources/automake-1.16.1/t/ax:/bin:/usr/bin:/sbin:/usr/sbin:/tools/bin
++ pwd
/sources/automake-1.16.1/t/libtool9.dir
+ cat
+ cat
+ mkdir liba
+ cat
+ cat
+ cat
+ libtoolize --force --copy
libtoolize: putting auxiliary files in '.'.
libtoolize: copying file './ltmain.sh'
libtoolize: You should add the contents of the following files to 'aclocal.m4':
libtoolize:   '/usr/share/aclocal/libtool.m4'
libtoolize:   '/usr/share/aclocal/ltoptions.m4'
libtoolize:   '/usr/share/aclocal/ltsugar.m4'
libtoolize:   '/usr/share/aclocal/ltversion.m4'
libtoolize:   '/usr/share/aclocal/lt~obsolete.m4'
libtoolize: Consider adding 'AC_CONFIG_MACRO_DIRS([m4])' to configure.ac,
libtoolize: and rerunning libtoolize and aclocal.
libtoolize: Consider adding '-I m4' to ACLOCAL_AMFLAGS in Makefile.am.
+ aclocal-1.16 -Werror
+ autoconf
+ automake-1.16 --foreign -Werror -Wall --add-missing --copy
configure.ac:5: installing './ar-lib'
configure.ac:4: installing './compile'
configure.ac:7: installing './config.guess'
configure.ac:7: installing './config.sub'
configure.ac:2: installing './missing'
Makefile.am: installing './depcomp'
+ ./configure
checking for a BSD-compatible install... /usr/bin/install -c
checking whether build environment is sane... yes
checking for a thread-safe mkdir -p... /tools/bin/mkdir -p
checking for gawk... gawk
checking whether make sets $(MAKE)... yes
checking whether make supports nested variables... yes
checking for gcc... cc
checking whether the C compiler works... yes
checking for C compiler default output file name... a.out
checking for suffix of executables... 
checking whether we are cross compiling... no
checking for suffix of object files... o
checking whether we are using the GNU C compiler... yes
checking whether cc accepts -g... yes
checking for cc option to accept ISO C89... none needed
checking whether cc understands -c and -o together... yes
checking whether make supports the include directive... yes (GNU style)
checking dependency style of cc... gcc3
checking for ar... ar
checking the archiver (ar) interface... ar
checking build system type... x86_64-pc-linux-gnu
checking host system type... x86_64-pc-linux-gnu
checking how to print strings... printf
checking for a sed that does not truncate output... /bin/sed
checking for grep that handles long lines and -e... /bin/grep
checking for egrep... /bin/grep -E
checking for fgrep... /bin/grep -F
checking for ld used by cc... /usr/bin/ld
checking if the linker (/usr/bin/ld) is GNU ld... yes
checking for BSD- or MS-compatible name lister (nm)... /usr/bin/nm -B
checking the name lister (/usr/bin/nm -B) interface... BSD nm
checking whether ln -s works... yes
checking the maximum length of command line arguments... 6291456
checking how to convert x86_64-pc-linux-gnu file names to x86_64-pc-linux-gnu format... func_convert_file_noop
checking how to convert x86_64-pc-linux-gnu file names to toolchain format... func_convert_file_noop
checking for /usr/bin/ld option to reload object files... -r
checking for objdump... objdump
checking how to recognize dependent libraries... pass_all
checking for dlltool... no
checking how to associate runtime and link libraries... printf %s\n
checking for archiver @FILE support... @
checking for strip... strip
checking for ranlib... ranlib
checking command to parse /usr/bin/nm -B output from cc object... ok
checking for sysroot... no
checking for a working dd... /bin/dd
checking how to truncate binary pipes... /bin/dd bs=4096 count=1
checking for mt... no
checking if : is a manifest tool... no
checking how to run the C preprocessor... cc -E
checking for ANSI C header files... yes
checking for sys/types.h... yes
checking for sys/stat.h... yes
checking for stdlib.h... yes
checking for string.h... yes
checking for memory.h... yes
checking for strings.h... yes
checking for inttypes.h... yes
checking for stdint.h... yes
checking for unistd.h... yes
checking for dlfcn.h... yes
checking for objdir... .libs
checking if cc supports -fno-rtti -fno-exceptions... no
checking for cc option to produce PIC... -fPIC -DPIC
checking if cc PIC flag -fPIC -DPIC works... yes
checking if cc static flag -static works... yes
checking if cc supports -c -o file.o... yes
checking if cc supports -c -o file.o... (cached) yes
checking whether the cc linker (/usr/bin/ld -m elf_x86_64) supports shared libraries... yes
checking whether -lc should be explicitly linked in... no
checking dynamic linker characteristics... GNU/Linux ld.so
checking how to hardcode library paths into programs... immediate
checking for shl_load... no
checking for shl_load in -ldld... no
checking for dlopen... no
checking for dlopen in -ldl... yes
checking whether a program can dlopen itself... yes
checking whether a statically linked program can dlopen itself... no
checking whether stripping libraries is possible... yes
checking if libtool supports shared libraries... yes
checking whether to build shared libraries... yes
checking whether to build static libraries... yes
checking that generated files are newer than configure... done
configure: creating ./config.status
config.status: creating Makefile
config.status: executing depfiles commands
config.status: executing libtool commands
+ run_make -M -- print LDFLAGS=ldflags AM_LDFLAGS=am_ldflags libmod1_la_LDFLAGS=lm1_la_ldflags CFLAGS=cflags AM_CFLAGS=am_cflags prg2_CFLAGS=prg2_cflags
+ am__make_redirect_stdout=no
+ am__make_redirect_stderr=no
+ am__make_redirect_stdall=no
+ am__make_flags=
+ am__make_rc_exp=0
+ am_make_rc=0
+ test 9 -gt 0
+ case $1 in
+ am__make_redirect_stdall=yes
+ shift
+ test 8 -gt 0
+ case $1 in
+ shift
+ break
+ using_gmake
+ case $am__using_gmake in
+ make --version -v
+ grep GNU
GNU Make 4.2.1
License GPLv3+: GNU GPL version 3 or later <http://gnu.org/licenses/gpl.html>
+ am__using_gmake=yes
+ return 0
+ :
+ test x '!=' x
+ : exec make print LDFLAGS=ldflags AM_LDFLAGS=am_ldflags libmod1_la_LDFLAGS=lm1_la_ldflags CFLAGS=cflags AM_CFLAGS=am_cflags prg2_CFLAGS=prg2_cflags
+ set +x
+ test 0 -eq 253
+ test yes = yes
+ cat output
1BEG: libmod1.la mod2.la :END1
2BEG: mod2.la :END2
3BEG: /bin/sh ./libtool --tag=CC --mode=link cc am_cflags cflags lm1_la_ldflags ldflags -o print :END3
4BEG: :END4
5BEG: :END5
6BEG: /bin/sh ./libtool --tag=CC --mode=link cc prg2_cflags cflags am_ldflags ldflags -o print :END6
+ case $am__make_rc_exp in
+ test 0 -ge 0
+ test 0 -le 255
+ test 0 -eq 0
+ grep '1BEG: libmod1.la mod2.la :END1' output
1BEG: libmod1.la mod2.la :END1
+ grep '2BEG: mod2.la :END2' output
2BEG: mod2.la :END2
+ grep '3BEG:.* am_cflags cflags .*lm1_la_ldflags ldflags.* :END3' output
3BEG: /bin/sh ./libtool --tag=CC --mode=link cc am_cflags cflags lm1_la_ldflags ldflags -o print :END3
+ grep '3BEG: .*am_ldflags.* :END3' output
+ grep '4BEG: :END4' output
4BEG: :END4
+ grep '5BEG: :END5' output
5BEG: :END5
+ grep '6BEG:.* prg2_cflags cflags .*am_ldflags ldflags.* :END6' output
6BEG: /bin/sh ./libtool --tag=CC --mode=link cc prg2_cflags cflags am_ldflags ldflags -o print :END6
+ grep '6BEG: .*am_cflags.* :END6' output
+ make
cc -DPACKAGE_NAME=\"libtool9\" -DPACKAGE_TARNAME=\"libtool9\" -DPACKAGE_VERSION=\"1.0\" -DPACKAGE_STRING=\"libtool9\ 1.0\" -DPACKAGE_BUGREPORT=\"\" -DPACKAGE_URL=\"\" -DPACKAGE=\"libtool9\" -DVERSION=\"1.0\" -DSTDC_HEADERS=1 -DHAVE_SYS_TYPES_H=1 -DHAVE_SYS_STAT_H=1 -DHAVE_STDLIB_H=1 -DHAVE_STRING_H=1 -DHAVE_MEMORY_H=1 -DHAVE_STRINGS_H=1 -DHAVE_INTTYPES_H=1 -DHAVE_STDINT_H=1 -DHAVE_UNISTD_H=1 -DHAVE_DLFCN_H=1 -DLT_OBJDIR=\".libs/\" -I.  -DXYZ=1   -g -O2 -MT prg-prg.o -MD -MP -MF .deps/prg-prg.Tpo -c -o prg-prg.o `test -f 'prg.c' || echo './'`prg.c
mv -f .deps/prg-prg.Tpo .deps/prg-prg.Po
/bin/sh ./libtool  --tag=CC   --mode=compile cc -DPACKAGE_NAME=\"libtool9\" -DPACKAGE_TARNAME=\"libtool9\" -DPACKAGE_VERSION=\"1.0\" -DPACKAGE_STRING=\"libtool9\ 1.0\" -DPACKAGE_BUGREPORT=\"\" -DPACKAGE_URL=\"\" -DPACKAGE=\"libtool9\" -DVERSION=\"1.0\" -DSTDC_HEADERS=1 -DHAVE_SYS_TYPES_H=1 -DHAVE_SYS_STAT_H=1 -DHAVE_STDLIB_H=1 -DHAVE_STRING_H=1 -DHAVE_MEMORY_H=1 -DHAVE_STRINGS_H=1 -DHAVE_INTTYPES_H=1 -DHAVE_STDINT_H=1 -DHAVE_UNISTD_H=1 -DHAVE_DLFCN_H=1 -DLT_OBJDIR=\".libs/\" -I.     -g -O2 -MT mod1.lo -MD -MP -MF .deps/mod1.Tpo -c -o mod1.lo mod1.c
libtool: compile:  cc -DPACKAGE_NAME=\"libtool9\" -DPACKAGE_TARNAME=\"libtool9\" -DPACKAGE_VERSION=\"1.0\" "-DPACKAGE_STRING=\"libtool9 1.0\"" -DPACKAGE_BUGREPORT=\"\" -DPACKAGE_URL=\"\" -DPACKAGE=\"libtool9\" -DVERSION=\"1.0\" -DSTDC_HEADERS=1 -DHAVE_SYS_TYPES_H=1 -DHAVE_SYS_STAT_H=1 -DHAVE_STDLIB_H=1 -DHAVE_STRING_H=1 -DHAVE_MEMORY_H=1 -DHAVE_STRINGS_H=1 -DHAVE_INTTYPES_H=1 -DHAVE_STDINT_H=1 -DHAVE_UNISTD_H=1 -DHAVE_DLFCN_H=1 -DLT_OBJDIR=\".libs/\" -I. -g -O2 -MT mod1.lo -MD -MP -MF .deps/mod1.Tpo -c mod1.c  -fPIC -DPIC -o .libs/mod1.o
libtool: compile:  cc -DPACKAGE_NAME=\"libtool9\" -DPACKAGE_TARNAME=\"libtool9\" -DPACKAGE_VERSION=\"1.0\" "-DPACKAGE_STRING=\"libtool9 1.0\"" -DPACKAGE_BUGREPORT=\"\" -DPACKAGE_URL=\"\" -DPACKAGE=\"libtool9\" -DVERSION=\"1.0\" -DSTDC_HEADERS=1 -DHAVE_SYS_TYPES_H=1 -DHAVE_SYS_STAT_H=1 -DHAVE_STDLIB_H=1 -DHAVE_STRING_H=1 -DHAVE_MEMORY_H=1 -DHAVE_STRINGS_H=1 -DHAVE_INTTYPES_H=1 -DHAVE_STDINT_H=1 -DHAVE_UNISTD_H=1 -DHAVE_DLFCN_H=1 -DLT_OBJDIR=\".libs/\" -I. -g -O2 -MT mod1.lo -MD -MP -MF .deps/mod1.Tpo -c mod1.c -o mod1.o >/dev/null 2>&1
mv -f .deps/mod1.Tpo .deps/mod1.Plo
/bin/sh ./libtool  --tag=CC   --mode=compile cc -DPACKAGE_NAME=\"libtool9\" -DPACKAGE_TARNAME=\"libtool9\" -DPACKAGE_VERSION=\"1.0\" -DPACKAGE_STRING=\"libtool9\ 1.0\" -DPACKAGE_BUGREPORT=\"\" -DPACKAGE_URL=\"\" -DPACKAGE=\"libtool9\" -DVERSION=\"1.0\" -DSTDC_HEADERS=1 -DHAVE_SYS_TYPES_H=1 -DHAVE_SYS_STAT_H=1 -DHAVE_STDLIB_H=1 -DHAVE_STRING_H=1 -DHAVE_MEMORY_H=1 -DHAVE_STRINGS_H=1 -DHAVE_INTTYPES_H=1 -DHAVE_STDINT_H=1 -DHAVE_UNISTD_H=1 -DHAVE_DLFCN_H=1 -DLT_OBJDIR=\".libs/\" -I.     -g -O2 -MT mod2.lo -MD -MP -MF .deps/mod2.Tpo -c -o mod2.lo mod2.c
libtool: compile:  cc -DPACKAGE_NAME=\"libtool9\" -DPACKAGE_TARNAME=\"libtool9\" -DPACKAGE_VERSION=\"1.0\" "-DPACKAGE_STRING=\"libtool9 1.0\"" -DPACKAGE_BUGREPORT=\"\" -DPACKAGE_URL=\"\" -DPACKAGE=\"libtool9\" -DVERSION=\"1.0\" -DSTDC_HEADERS=1 -DHAVE_SYS_TYPES_H=1 -DHAVE_SYS_STAT_H=1 -DHAVE_STDLIB_H=1 -DHAVE_STRING_H=1 -DHAVE_MEMORY_H=1 -DHAVE_STRINGS_H=1 -DHAVE_INTTYPES_H=1 -DHAVE_STDINT_H=1 -DHAVE_UNISTD_H=1 -DHAVE_DLFCN_H=1 -DLT_OBJDIR=\".libs/\" -I. -g -O2 -MT mod2.lo -MD -MP -MF .deps/mod2.Tpo -c mod2.c  -fPIC -DPIC -o .libs/mod2.o
libtool: compile:  cc -DPACKAGE_NAME=\"libtool9\" -DPACKAGE_TARNAME=\"libtool9\" -DPACKAGE_VERSION=\"1.0\" "-DPACKAGE_STRING=\"libtool9 1.0\"" -DPACKAGE_BUGREPORT=\"\" -DPACKAGE_URL=\"\" -DPACKAGE=\"libtool9\" -DVERSION=\"1.0\" -DSTDC_HEADERS=1 -DHAVE_SYS_TYPES_H=1 -DHAVE_SYS_STAT_H=1 -DHAVE_STDLIB_H=1 -DHAVE_STRING_H=1 -DHAVE_MEMORY_H=1 -DHAVE_STRINGS_H=1 -DHAVE_INTTYPES_H=1 -DHAVE_STDINT_H=1 -DHAVE_UNISTD_H=1 -DHAVE_DLFCN_H=1 -DLT_OBJDIR=\".libs/\" -I. -g -O2 -MT mod2.lo -MD -MP -MF .deps/mod2.Tpo -c mod2.c -o mod2.o >/dev/null 2>&1
mv -f .deps/mod2.Tpo .deps/mod2.Plo
/bin/sh ./libtool  --tag=CC   --mode=link cc  -g -O2 -module  -o mod2.la -rpath /usr/local/lib mod2.lo  
libtool: link: cc -shared  -fPIC -DPIC  .libs/mod2.o    -g -O2   -Wl,-soname -Wl,mod2.so.0 -o .libs/mod2.so.0.0.0
libtool: link: (cd ".libs" && rm -f "mod2.so.0" && ln -s "mod2.so.0.0.0" "mod2.so.0")
libtool: link: (cd ".libs" && rm -f "mod2.so" && ln -s "mod2.so.0.0.0" "mod2.so")
libtool: link: ar cru .libs/mod2.a  mod2.o
libtool: link: ranlib .libs/mod2.a
libtool: link: ( cd ".libs" && rm -f "mod2.la" && ln -s "../mod2.la" "mod2.la" )
/bin/sh ./libtool  --tag=CC   --mode=link cc  -g -O2   -o libmod1.la -rpath /usr/local/lib mod1.lo -dlopen mod2.la 
libtool: link: rm -f .libs/libmod1.nm .libs/libmod1.nmS .libs/libmod1.nmT
libtool: link: rm -f ".libs/libmod1.nmI"
libtool: link: (cd .libs && cc -g -O2 -c -fno-builtin  -fPIC -DPIC "libmod1S.c")
libtool: link: rm -f ".libs/libmod1S.c" ".libs/libmod1.nm" ".libs/libmod1.nmS" ".libs/libmod1.nmT" ".libs/libmod1.nmI"
libtool: link: cc -shared  -fPIC -DPIC  .libs/mod1.o .libs/libmod1S.o   -g -O2   -Wl,-soname -Wl,libmod1.so.0 -o .libs/libmod1.so.0.0.0
libtool: link: (cd ".libs" && rm -f "libmod1.so.0" && ln -s "libmod1.so.0.0.0" "libmod1.so.0")
libtool: link: (cd ".libs" && rm -f "libmod1.so" && ln -s "libmod1.so.0.0.0" "libmod1.so")
libtool: link: ar cru .libs/libmod1.a  mod1.o .libs/libmod1S.o
libtool: link: ranlib .libs/libmod1.a
libtool: link: ( cd ".libs" && rm -f "libmod1.la" && ln -s "../libmod1.la" "libmod1.la" )
/bin/sh ./libtool  --tag=CC   --mode=link cc  -g -O2 -module  -o prg prg-prg.o -dlopen libmod1.la -dlpreopen mod2.la 
libtool: link: rm -f .libs/prg.nm .libs/prg.nmS .libs/prg.nmT
libtool: link: rm -f ".libs/prg.nmI"
libtool: link: (cd .libs && cc -g -O2 -c -fno-builtin "prgS.c")
libtool: link: rm -f ".libs/prgS.c" ".libs/prg.nm" ".libs/prg.nmS" ".libs/prg.nmT" ".libs/prg.nmI"
libtool: link: cc -g -O2 -o .libs/prg prg-prg.o .libs/prgS.o  ./.libs/mod2.so
cc -DPACKAGE_NAME=\"libtool9\" -DPACKAGE_TARNAME=\"libtool9\" -DPACKAGE_VERSION=\"1.0\" -DPACKAGE_STRING=\"libtool9\ 1.0\" -DPACKAGE_BUGREPORT=\"\" -DPACKAGE_URL=\"\" -DPACKAGE=\"libtool9\" -DVERSION=\"1.0\" -DSTDC_HEADERS=1 -DHAVE_SYS_TYPES_H=1 -DHAVE_SYS_STAT_H=1 -DHAVE_STDLIB_H=1 -DHAVE_STRING_H=1 -DHAVE_MEMORY_H=1 -DHAVE_STRINGS_H=1 -DHAVE_INTTYPES_H=1 -DHAVE_STDINT_H=1 -DHAVE_UNISTD_H=1 -DHAVE_DLFCN_H=1 -DLT_OBJDIR=\".libs/\" -I.     -g -O2 -MT prg2-prg.o -MD -MP -MF .deps/prg2-prg.Tpo -c -o prg2-prg.o `test -f 'prg.c' || echo './'`prg.c
mv -f .deps/prg2-prg.Tpo .deps/prg2-prg.Po
/bin/sh ./libtool  --tag=CC   --mode=link cc  -g -O2 -module  -o prg2 prg2-prg.o  
libtool: link: cc -g -O2 -o prg2 prg2-prg.o 
+ :
+ am_exit_trap 0
+ exit_status=0
+ set +e
+ cd /sources/automake-1.16.1
+ test none = tap
+ case $am_explicit_skips in
+ test 0 -eq 0
+ am_keeping_testdirs
+ case $keep_testdirs in
+ return 1
+ rm_rf_ t/libtool9.dir
+ test 1 -gt 0
+ /usr/bin/perl /sources/automake-1.16.1/t/ax/deltree.pl t/libtool9.dir
+ set +x
PASS t/libtool9.sh (exit status: 0)
