libtoo10: running libtoolize --version
libtoolize (GNU libtool) 2.4.6
Written by Gary V. Vaughan <gary@gnu.org>, 2003

Copyright (C) 2015 Free Software Foundation, Inc.
This is free software; see the source for copying conditions.  There is NO
warranty; not even for MERCHANTABILITY or FITNESS FOR A PARTICULAR PURPOSE.
Running from installcheck: no
Test Protocol: none
PATH = /sources/automake-1.16.1/bin:/sources/automake-1.16.1/t/ax:/bin:/usr/bin:/sbin:/usr/sbin:/tools/bin
++ pwd
/sources/automake-1.16.1/t/libtoo10.dir
+ cat
+ cat
+ mkdir lib src check
+ cat
+ cat
+ libtoolize
libtoolize: putting auxiliary files in '.'.
libtoolize: linking file './ltmain.sh'
libtoolize: You should add the contents of the following files to 'aclocal.m4':
libtoolize:   '/usr/share/aclocal/libtool.m4'
libtoolize:   '/usr/share/aclocal/ltoptions.m4'
libtoolize:   '/usr/share/aclocal/ltsugar.m4'
libtoolize:   '/usr/share/aclocal/ltversion.m4'
libtoolize:   '/usr/share/aclocal/lt~obsolete.m4'
libtoolize: Consider adding 'AC_CONFIG_MACRO_DIRS([m4])' to configure.ac,
libtoolize: and rerunning libtoolize and aclocal.
libtoolize: Consider adding '-I m4' to ACLOCAL_AMFLAGS in Makefile.am.
+ aclocal-1.16 -Werror
+ automake-1.16 --foreign -Werror -Wall --add-missing
configure.ac:4: installing './ar-lib'
configure.ac:5: installing './config.guess'
configure.ac:5: installing './config.sub'
+ autoconf
+ ./configure
checking for a BSD-compatible install... /usr/bin/install -c
checking whether build environment is sane... yes
checking for a thread-safe mkdir -p... /tools/bin/mkdir -p
checking for gawk... gawk
checking whether make sets $(MAKE)... yes
checking whether make supports nested variables... yes
checking whether make supports the include directive... yes (GNU style)
checking for gcc... cc
checking whether the C compiler works... yes
checking for C compiler default output file name... a.out
checking for suffix of executables... 
checking whether we are cross compiling... no
checking for suffix of object files... o
checking whether we are using the GNU C compiler... yes
checking whether cc accepts -g... yes
checking for cc option to accept ISO C89... none needed
checking whether cc understands -c and -o together... yes
checking dependency style of cc... gcc3
checking for ar... ar
checking the archiver (ar) interface... ar
checking build system type... x86_64-pc-linux-gnu
checking host system type... x86_64-pc-linux-gnu
checking how to print strings... printf
checking for a sed that does not truncate output... /bin/sed
checking for grep that handles long lines and -e... /bin/grep
checking for egrep... /bin/grep -E
checking for fgrep... /bin/grep -F
checking for ld used by cc... /usr/bin/ld
checking if the linker (/usr/bin/ld) is GNU ld... yes
checking for BSD- or MS-compatible name lister (nm)... /usr/bin/nm -B
checking the name lister (/usr/bin/nm -B) interface... BSD nm
checking whether ln -s works... yes
checking the maximum length of command line arguments... 6291456
checking how to convert x86_64-pc-linux-gnu file names to x86_64-pc-linux-gnu format... func_convert_file_noop
checking how to convert x86_64-pc-linux-gnu file names to toolchain format... func_convert_file_noop
checking for /usr/bin/ld option to reload object files... -r
checking for objdump... objdump
checking how to recognize dependent libraries... pass_all
checking for dlltool... no
checking how to associate runtime and link libraries... printf %s\n
checking for archiver @FILE support... @
checking for strip... strip
checking for ranlib... ranlib
checking command to parse /usr/bin/nm -B output from cc object... ok
checking for sysroot... no
checking for a working dd... /bin/dd
checking how to truncate binary pipes... /bin/dd bs=4096 count=1
checking for mt... no
checking if : is a manifest tool... no
checking how to run the C preprocessor... cc -E
checking for ANSI C header files... yes
checking for sys/types.h... yes
checking for sys/stat.h... yes
checking for stdlib.h... yes
checking for string.h... yes
checking for memory.h... yes
checking for strings.h... yes
checking for inttypes.h... yes
checking for stdint.h... yes
checking for unistd.h... yes
checking for dlfcn.h... yes
checking for objdir... .libs
checking if cc supports -fno-rtti -fno-exceptions... no
checking for cc option to produce PIC... -fPIC -DPIC
checking if cc PIC flag -fPIC -DPIC works... yes
checking if cc static flag -static works... yes
checking if cc supports -c -o file.o... yes
checking if cc supports -c -o file.o... (cached) yes
checking whether the cc linker (/usr/bin/ld -m elf_x86_64) supports shared libraries... yes
checking whether -lc should be explicitly linked in... no
checking dynamic linker characteristics... GNU/Linux ld.so
checking how to hardcode library paths into programs... immediate
checking whether stripping libraries is possible... yes
checking if libtool supports shared libraries... yes
checking whether to build shared libraries... yes
checking whether to build static libraries... yes
checking that generated files are newer than configure... done
configure: creating ./config.status
config.status: creating Makefile
config.status: executing depfiles commands
config.status: executing libtool commands
+ make all check
cc -DPACKAGE_NAME=\"libtoo10\" -DPACKAGE_TARNAME=\"libtoo10\" -DPACKAGE_VERSION=\"1.0\" -DPACKAGE_STRING=\"libtoo10\ 1.0\" -DPACKAGE_BUGREPORT=\"\" -DPACKAGE_URL=\"\" -DPACKAGE=\"libtoo10\" -DVERSION=\"1.0\" -DSTDC_HEADERS=1 -DHAVE_SYS_TYPES_H=1 -DHAVE_SYS_STAT_H=1 -DHAVE_STDLIB_H=1 -DHAVE_STRING_H=1 -DHAVE_MEMORY_H=1 -DHAVE_STRINGS_H=1 -DHAVE_INTTYPES_H=1 -DHAVE_STDINT_H=1 -DHAVE_UNISTD_H=1 -DHAVE_DLFCN_H=1 -DLT_OBJDIR=\".libs/\" -I.     -g -O2 -MT main.o -MD -MP -MF .deps/main.Tpo -c -o main.o main.c
mv -f .deps/main.Tpo .deps/main.Po
/bin/sh ./libtool  --tag=CC   --mode=compile cc -DPACKAGE_NAME=\"libtoo10\" -DPACKAGE_TARNAME=\"libtoo10\" -DPACKAGE_VERSION=\"1.0\" -DPACKAGE_STRING=\"libtoo10\ 1.0\" -DPACKAGE_BUGREPORT=\"\" -DPACKAGE_URL=\"\" -DPACKAGE=\"libtoo10\" -DVERSION=\"1.0\" -DSTDC_HEADERS=1 -DHAVE_SYS_TYPES_H=1 -DHAVE_SYS_STAT_H=1 -DHAVE_STDLIB_H=1 -DHAVE_STRING_H=1 -DHAVE_MEMORY_H=1 -DHAVE_STRINGS_H=1 -DHAVE_INTTYPES_H=1 -DHAVE_STDINT_H=1 -DHAVE_UNISTD_H=1 -DHAVE_DLFCN_H=1 -DLT_OBJDIR=\".libs/\" -I.     -g -O2 -MT foo.lo -MD -MP -MF .deps/foo.Tpo -c -o foo.lo foo.c
libtool: compile:  cc -DPACKAGE_NAME=\"libtoo10\" -DPACKAGE_TARNAME=\"libtoo10\" -DPACKAGE_VERSION=\"1.0\" "-DPACKAGE_STRING=\"libtoo10 1.0\"" -DPACKAGE_BUGREPORT=\"\" -DPACKAGE_URL=\"\" -DPACKAGE=\"libtoo10\" -DVERSION=\"1.0\" -DSTDC_HEADERS=1 -DHAVE_SYS_TYPES_H=1 -DHAVE_SYS_STAT_H=1 -DHAVE_STDLIB_H=1 -DHAVE_STRING_H=1 -DHAVE_MEMORY_H=1 -DHAVE_STRINGS_H=1 -DHAVE_INTTYPES_H=1 -DHAVE_STDINT_H=1 -DHAVE_UNISTD_H=1 -DHAVE_DLFCN_H=1 -DLT_OBJDIR=\".libs/\" -I. -g -O2 -MT foo.lo -MD -MP -MF .deps/foo.Tpo -c foo.c  -fPIC -DPIC -o .libs/foo.o
libtool: compile:  cc -DPACKAGE_NAME=\"libtoo10\" -DPACKAGE_TARNAME=\"libtoo10\" -DPACKAGE_VERSION=\"1.0\" "-DPACKAGE_STRING=\"libtoo10 1.0\"" -DPACKAGE_BUGREPORT=\"\" -DPACKAGE_URL=\"\" -DPACKAGE=\"libtoo10\" -DVERSION=\"1.0\" -DSTDC_HEADERS=1 -DHAVE_SYS_TYPES_H=1 -DHAVE_SYS_STAT_H=1 -DHAVE_STDLIB_H=1 -DHAVE_STRING_H=1 -DHAVE_MEMORY_H=1 -DHAVE_STRINGS_H=1 -DHAVE_INTTYPES_H=1 -DHAVE_STDINT_H=1 -DHAVE_UNISTD_H=1 -DHAVE_DLFCN_H=1 -DLT_OBJDIR=\".libs/\" -I. -g -O2 -MT foo.lo -MD -MP -MF .deps/foo.Tpo -c foo.c -o foo.o >/dev/null 2>&1
mv -f .deps/foo.Tpo .deps/foo.Plo
/bin/sh ./libtool  --tag=CC   --mode=link cc  -g -O2   -o lib/libfoo.la -rpath /usr/local/lib foo.lo  
libtool: link: cc -shared  -fPIC -DPIC  .libs/foo.o    -g -O2   -Wl,-soname -Wl,libfoo.so.0 -o lib/.libs/libfoo.so.0.0.0
libtool: link: (cd "lib/.libs" && rm -f "libfoo.so.0" && ln -s "libfoo.so.0.0.0" "libfoo.so.0")
libtool: link: (cd "lib/.libs" && rm -f "libfoo.so" && ln -s "libfoo.so.0.0.0" "libfoo.so")
libtool: link: ar cru lib/.libs/libfoo.a  foo.o
libtool: link: ranlib lib/.libs/libfoo.a
libtool: link: ( cd "lib/.libs" && rm -f "libfoo.la" && ln -s "../libfoo.la" "libfoo.la" )
/bin/sh ./libtool  --tag=CC   --mode=link cc  -g -O2   -o src/main main.o lib/libfoo.la 
libtool: link: cc -g -O2 -o src/.libs/main main.o  lib/.libs/libfoo.so
make  check/test
make[1]: Entering directory '/sources/automake-1.16.1/t/libtoo10.dir'
/bin/sh ./libtool  --tag=CC   --mode=link cc  -g -O2   -o check/test main.o lib/libfoo.la 
libtool: link: cc -g -O2 -o check/.libs/test main.o  lib/.libs/libfoo.so
make[1]: Leaving directory '/sources/automake-1.16.1/t/libtoo10.dir'
+ make clean
 rm -f src/main
 rm -f check/test
test -z "lib/libfoo.la" || rm -f lib/libfoo.la
rm -f lib/so_locations
rm -rf .libs _libs
rm -rf check/.libs check/_libs
rm -rf lib/.libs lib/_libs
rm -rf src/.libs src/_libs
rm -f *.o
rm -f *.lo
+ test '!' -e src/.libs
+ test '!' -e src/_libs
+ test '!' -e check/.libs
+ test '!' -e check/_libs
+ make distcheck
make  dist-gzip am__post_remove_distdir='@:'
make[1]: Entering directory '/sources/automake-1.16.1/t/libtoo10.dir'
make  distdir-am
make[2]: Entering directory '/sources/automake-1.16.1/t/libtoo10.dir'
if test -d "libtoo10-1.0"; then find "libtoo10-1.0" -type d ! -perm -200 -exec chmod u+w {} ';' && rm -rf "libtoo10-1.0" || { sleep 5 && rm -rf "libtoo10-1.0"; }; else :; fi
test -d "libtoo10-1.0" || mkdir "libtoo10-1.0"
test -n "" \
|| find "libtoo10-1.0" -type d ! -perm -755 \
	-exec chmod u+rwx,go+rx {} \; -o \
  ! -type d ! -perm -444 -links 1 -exec chmod a+r {} \; -o \
  ! -type d ! -perm -400 -exec chmod a+r {} \; -o \
  ! -type d ! -perm -444 -exec /bin/sh /sources/automake-1.16.1/t/libtoo10.dir/install-sh -c -m a+r {} {} \; \
|| chmod -R a+r "libtoo10-1.0"
make[2]: Leaving directory '/sources/automake-1.16.1/t/libtoo10.dir'
tardir=libtoo10-1.0 && ${TAR-tar} chof - "$tardir" | eval GZIP= gzip --best -c >libtoo10-1.0.tar.gz
make[1]: Leaving directory '/sources/automake-1.16.1/t/libtoo10.dir'
if test -d "libtoo10-1.0"; then find "libtoo10-1.0" -type d ! -perm -200 -exec chmod u+w {} ';' && rm -rf "libtoo10-1.0" || { sleep 5 && rm -rf "libtoo10-1.0"; }; else :; fi
case 'libtoo10-1.0.tar.gz' in \
*.tar.gz*) \
  eval GZIP= gzip --best -dc libtoo10-1.0.tar.gz | ${TAR-tar} xf - ;;\
*.tar.bz2*) \
  bzip2 -dc libtoo10-1.0.tar.bz2 | ${TAR-tar} xf - ;;\
*.tar.lz*) \
  lzip -dc libtoo10-1.0.tar.lz | ${TAR-tar} xf - ;;\
*.tar.xz*) \
  xz -dc libtoo10-1.0.tar.xz | ${TAR-tar} xf - ;;\
*.tar.Z*) \
  uncompress -c libtoo10-1.0.tar.Z | ${TAR-tar} xf - ;;\
*.shar.gz*) \
  eval GZIP= gzip --best -dc libtoo10-1.0.shar.gz | unshar ;;\
*.zip*) \
  unzip libtoo10-1.0.zip ;;\
esac
chmod -R a-w libtoo10-1.0
chmod u+w libtoo10-1.0
mkdir libtoo10-1.0/_build libtoo10-1.0/_build/sub libtoo10-1.0/_inst
chmod a-w libtoo10-1.0
test -d libtoo10-1.0/_build || exit 0; \
dc_install_base=`CDPATH="${ZSH_VERSION+.}:" && cd libtoo10-1.0/_inst && pwd | sed -e 's,^[^:\\/]:[\\/],/,'` \
  && dc_destdir="${TMPDIR-/tmp}/am-dc-$$/" \
  && am__cwd=`pwd` \
  && CDPATH="${ZSH_VERSION+.}:" && cd libtoo10-1.0/_build/sub \
  && ../../configure \
     \
     \
    --srcdir=../.. --prefix="$dc_install_base" \
  && make  \
  && make  dvi \
  && make  check \
  && make  install \
  && make  installcheck \
  && make  uninstall \
  && make  distuninstallcheck_dir="$dc_install_base" \
        distuninstallcheck \
  && chmod -R a-w "$dc_install_base" \
  && ({ \
       (cd ../.. && umask 077 && mkdir "$dc_destdir") \
       && make  DESTDIR="$dc_destdir" install \
       && make  DESTDIR="$dc_destdir" uninstall \
       && make  DESTDIR="$dc_destdir" \
            distuninstallcheck_dir="$dc_destdir" distuninstallcheck; \
      } || { rm -rf "$dc_destdir"; exit 1; }) \
  && rm -rf "$dc_destdir" \
  && make  dist \
  && rm -rf libtoo10-1.0.tar.gz \
  && make  distcleancheck \
  && cd "$am__cwd" \
  || exit 1
checking for a BSD-compatible install... /usr/bin/install -c
checking whether build environment is sane... yes
checking for a thread-safe mkdir -p... /tools/bin/mkdir -p
checking for gawk... gawk
checking whether make sets $(MAKE)... yes
checking whether make supports nested variables... yes
checking whether make supports the include directive... yes (GNU style)
checking for gcc... cc
checking whether the C compiler works... yes
checking for C compiler default output file name... a.out
checking for suffix of executables... 
checking whether we are cross compiling... no
checking for suffix of object files... o
checking whether we are using the GNU C compiler... yes
checking whether cc accepts -g... yes
checking for cc option to accept ISO C89... none needed
checking whether cc understands -c and -o together... yes
checking dependency style of cc... gcc3
checking for ar... ar
checking the archiver (ar) interface... ar
checking build system type... x86_64-pc-linux-gnu
checking host system type... x86_64-pc-linux-gnu
checking how to print strings... printf
checking for a sed that does not truncate output... /bin/sed
checking for grep that handles long lines and -e... /bin/grep
checking for egrep... /bin/grep -E
checking for fgrep... /bin/grep -F
checking for ld used by cc... /usr/bin/ld
checking if the linker (/usr/bin/ld) is GNU ld... yes
checking for BSD- or MS-compatible name lister (nm)... /usr/bin/nm -B
checking the name lister (/usr/bin/nm -B) interface... BSD nm
checking whether ln -s works... yes
checking the maximum length of command line arguments... 6291456
checking how to convert x86_64-pc-linux-gnu file names to x86_64-pc-linux-gnu format... func_convert_file_noop
checking how to convert x86_64-pc-linux-gnu file names to toolchain format... func_convert_file_noop
checking for /usr/bin/ld option to reload object files... -r
checking for objdump... objdump
checking how to recognize dependent libraries... pass_all
checking for dlltool... no
checking how to associate runtime and link libraries... printf %s\n
checking for archiver @FILE support... @
checking for strip... strip
checking for ranlib... ranlib
checking command to parse /usr/bin/nm -B output from cc object... ok
checking for sysroot... no
checking for a working dd... /bin/dd
checking how to truncate binary pipes... /bin/dd bs=4096 count=1
checking for mt... no
checking if : is a manifest tool... no
checking how to run the C preprocessor... cc -E
checking for ANSI C header files... yes
checking for sys/types.h... yes
checking for sys/stat.h... yes
checking for stdlib.h... yes
checking for string.h... yes
checking for memory.h... yes
checking for strings.h... yes
checking for inttypes.h... yes
checking for stdint.h... yes
checking for unistd.h... yes
checking for dlfcn.h... yes
checking for objdir... .libs
checking if cc supports -fno-rtti -fno-exceptions... no
checking for cc option to produce PIC... -fPIC -DPIC
checking if cc PIC flag -fPIC -DPIC works... yes
checking if cc static flag -static works... yes
checking if cc supports -c -o file.o... yes
checking if cc supports -c -o file.o... (cached) yes
checking whether the cc linker (/usr/bin/ld -m elf_x86_64) supports shared libraries... yes
checking whether -lc should be explicitly linked in... no
checking dynamic linker characteristics... GNU/Linux ld.so
checking how to hardcode library paths into programs... immediate
checking whether stripping libraries is possible... yes
checking if libtool supports shared libraries... yes
checking whether to build shared libraries... yes
checking whether to build static libraries... yes
checking that generated files are newer than configure... done
configure: creating ./config.status
config.status: creating Makefile
config.status: executing depfiles commands
config.status: executing libtool commands
make[1]: Entering directory '/sources/automake-1.16.1/t/libtoo10.dir/libtoo10-1.0/_build/sub'
cc -DPACKAGE_NAME=\"libtoo10\" -DPACKAGE_TARNAME=\"libtoo10\" -DPACKAGE_VERSION=\"1.0\" -DPACKAGE_STRING=\"libtoo10\ 1.0\" -DPACKAGE_BUGREPORT=\"\" -DPACKAGE_URL=\"\" -DPACKAGE=\"libtoo10\" -DVERSION=\"1.0\" -DSTDC_HEADERS=1 -DHAVE_SYS_TYPES_H=1 -DHAVE_SYS_STAT_H=1 -DHAVE_STDLIB_H=1 -DHAVE_STRING_H=1 -DHAVE_MEMORY_H=1 -DHAVE_STRINGS_H=1 -DHAVE_INTTYPES_H=1 -DHAVE_STDINT_H=1 -DHAVE_UNISTD_H=1 -DHAVE_DLFCN_H=1 -DLT_OBJDIR=\".libs/\" -I. -I../..     -g -O2 -MT main.o -MD -MP -MF .deps/main.Tpo -c -o main.o ../../main.c
mv -f .deps/main.Tpo .deps/main.Po
/bin/sh ./libtool  --tag=CC   --mode=compile cc -DPACKAGE_NAME=\"libtoo10\" -DPACKAGE_TARNAME=\"libtoo10\" -DPACKAGE_VERSION=\"1.0\" -DPACKAGE_STRING=\"libtoo10\ 1.0\" -DPACKAGE_BUGREPORT=\"\" -DPACKAGE_URL=\"\" -DPACKAGE=\"libtoo10\" -DVERSION=\"1.0\" -DSTDC_HEADERS=1 -DHAVE_SYS_TYPES_H=1 -DHAVE_SYS_STAT_H=1 -DHAVE_STDLIB_H=1 -DHAVE_STRING_H=1 -DHAVE_MEMORY_H=1 -DHAVE_STRINGS_H=1 -DHAVE_INTTYPES_H=1 -DHAVE_STDINT_H=1 -DHAVE_UNISTD_H=1 -DHAVE_DLFCN_H=1 -DLT_OBJDIR=\".libs/\" -I. -I../..     -g -O2 -MT foo.lo -MD -MP -MF .deps/foo.Tpo -c -o foo.lo ../../foo.c
libtool: compile:  cc -DPACKAGE_NAME=\"libtoo10\" -DPACKAGE_TARNAME=\"libtoo10\" -DPACKAGE_VERSION=\"1.0\" "-DPACKAGE_STRING=\"libtoo10 1.0\"" -DPACKAGE_BUGREPORT=\"\" -DPACKAGE_URL=\"\" -DPACKAGE=\"libtoo10\" -DVERSION=\"1.0\" -DSTDC_HEADERS=1 -DHAVE_SYS_TYPES_H=1 -DHAVE_SYS_STAT_H=1 -DHAVE_STDLIB_H=1 -DHAVE_STRING_H=1 -DHAVE_MEMORY_H=1 -DHAVE_STRINGS_H=1 -DHAVE_INTTYPES_H=1 -DHAVE_STDINT_H=1 -DHAVE_UNISTD_H=1 -DHAVE_DLFCN_H=1 -DLT_OBJDIR=\".libs/\" -I. -I../.. -g -O2 -MT foo.lo -MD -MP -MF .deps/foo.Tpo -c ../../foo.c  -fPIC -DPIC -o .libs/foo.o
libtool: compile:  cc -DPACKAGE_NAME=\"libtoo10\" -DPACKAGE_TARNAME=\"libtoo10\" -DPACKAGE_VERSION=\"1.0\" "-DPACKAGE_STRING=\"libtoo10 1.0\"" -DPACKAGE_BUGREPORT=\"\" -DPACKAGE_URL=\"\" -DPACKAGE=\"libtoo10\" -DVERSION=\"1.0\" -DSTDC_HEADERS=1 -DHAVE_SYS_TYPES_H=1 -DHAVE_SYS_STAT_H=1 -DHAVE_STDLIB_H=1 -DHAVE_STRING_H=1 -DHAVE_MEMORY_H=1 -DHAVE_STRINGS_H=1 -DHAVE_INTTYPES_H=1 -DHAVE_STDINT_H=1 -DHAVE_UNISTD_H=1 -DHAVE_DLFCN_H=1 -DLT_OBJDIR=\".libs/\" -I. -I../.. -g -O2 -MT foo.lo -MD -MP -MF .deps/foo.Tpo -c ../../foo.c -o foo.o >/dev/null 2>&1
mv -f .deps/foo.Tpo .deps/foo.Plo
/bin/sh ./libtool  --tag=CC   --mode=link cc  -g -O2   -o lib/libfoo.la -rpath /sources/automake-1.16.1/t/libtoo10.dir/libtoo10-1.0/_inst/lib foo.lo  
libtool: link: cc -shared  -fPIC -DPIC  .libs/foo.o    -g -O2   -Wl,-soname -Wl,libfoo.so.0 -o lib/.libs/libfoo.so.0.0.0
libtool: link: (cd "lib/.libs" && rm -f "libfoo.so.0" && ln -s "libfoo.so.0.0.0" "libfoo.so.0")
libtool: link: (cd "lib/.libs" && rm -f "libfoo.so" && ln -s "libfoo.so.0.0.0" "libfoo.so")
libtool: link: ar cru lib/.libs/libfoo.a  foo.o
libtool: link: ranlib lib/.libs/libfoo.a
libtool: link: ( cd "lib/.libs" && rm -f "libfoo.la" && ln -s "../libfoo.la" "libfoo.la" )
/bin/sh ./libtool  --tag=CC   --mode=link cc  -g -O2   -o src/main main.o lib/libfoo.la 
libtool: link: cc -g -O2 -o src/.libs/main main.o  lib/.libs/libfoo.so -Wl,-rpath -Wl,/sources/automake-1.16.1/t/libtoo10.dir/libtoo10-1.0/_inst/lib
make[1]: Leaving directory '/sources/automake-1.16.1/t/libtoo10.dir/libtoo10-1.0/_build/sub'
make[1]: Entering directory '/sources/automake-1.16.1/t/libtoo10.dir/libtoo10-1.0/_build/sub'
make[1]: Nothing to be done for 'dvi'.
make[1]: Leaving directory '/sources/automake-1.16.1/t/libtoo10.dir/libtoo10-1.0/_build/sub'
make[1]: Entering directory '/sources/automake-1.16.1/t/libtoo10.dir/libtoo10-1.0/_build/sub'
make  check/test
make[2]: Entering directory '/sources/automake-1.16.1/t/libtoo10.dir/libtoo10-1.0/_build/sub'
/bin/sh ./libtool  --tag=CC   --mode=link cc  -g -O2   -o check/test main.o lib/libfoo.la 
libtool: link: cc -g -O2 -o check/.libs/test main.o  lib/.libs/libfoo.so -Wl,-rpath -Wl,/sources/automake-1.16.1/t/libtoo10.dir/libtoo10-1.0/_inst/lib
make[2]: Leaving directory '/sources/automake-1.16.1/t/libtoo10.dir/libtoo10-1.0/_build/sub'
make[1]: Leaving directory '/sources/automake-1.16.1/t/libtoo10.dir/libtoo10-1.0/_build/sub'
make[1]: Entering directory '/sources/automake-1.16.1/t/libtoo10.dir/libtoo10-1.0/_build/sub'
make[2]: Entering directory '/sources/automake-1.16.1/t/libtoo10.dir/libtoo10-1.0/_build/sub'
 /tools/bin/mkdir -p '/sources/automake-1.16.1/t/libtoo10.dir/libtoo10-1.0/_inst/lib'
 /bin/sh ./libtool   --mode=install /usr/bin/install -c   lib/libfoo.la '/sources/automake-1.16.1/t/libtoo10.dir/libtoo10-1.0/_inst/lib'
libtool: install: /usr/bin/install -c lib/.libs/libfoo.so.0.0.0 /sources/automake-1.16.1/t/libtoo10.dir/libtoo10-1.0/_inst/lib/libfoo.so.0.0.0
libtool: install: (cd /sources/automake-1.16.1/t/libtoo10.dir/libtoo10-1.0/_inst/lib && { ln -s -f libfoo.so.0.0.0 libfoo.so.0 || { rm -f libfoo.so.0 && ln -s libfoo.so.0.0.0 libfoo.so.0; }; })
libtool: install: (cd /sources/automake-1.16.1/t/libtoo10.dir/libtoo10-1.0/_inst/lib && { ln -s -f libfoo.so.0.0.0 libfoo.so || { rm -f libfoo.so && ln -s libfoo.so.0.0.0 libfoo.so; }; })
libtool: install: /usr/bin/install -c lib/.libs/libfoo.lai /sources/automake-1.16.1/t/libtoo10.dir/libtoo10-1.0/_inst/lib/libfoo.la
libtool: install: /usr/bin/install -c lib/.libs/libfoo.a /sources/automake-1.16.1/t/libtoo10.dir/libtoo10-1.0/_inst/lib/libfoo.a
libtool: install: chmod 644 /sources/automake-1.16.1/t/libtoo10.dir/libtoo10-1.0/_inst/lib/libfoo.a
libtool: install: ranlib /sources/automake-1.16.1/t/libtoo10.dir/libtoo10-1.0/_inst/lib/libfoo.a
libtool: finish: PATH="/sources/automake-1.16.1/bin:/sources/automake-1.16.1/t/ax:/bin:/usr/bin:/sbin:/usr/sbin:/tools/bin:/sbin" ldconfig -n /sources/automake-1.16.1/t/libtoo10.dir/libtoo10-1.0/_inst/lib
----------------------------------------------------------------------
Libraries have been installed in:
   /sources/automake-1.16.1/t/libtoo10.dir/libtoo10-1.0/_inst/lib

If you ever happen to want to link against installed libraries
in a given directory, LIBDIR, you must either use libtool, and
specify the full pathname of the library, or use the '-LLIBDIR'
flag during linking and do at least one of the following:
   - add LIBDIR to the 'LD_LIBRARY_PATH' environment variable
     during execution
   - add LIBDIR to the 'LD_RUN_PATH' environment variable
     during linking
   - use the '-Wl,-rpath -Wl,LIBDIR' linker flag
   - have your system administrator add LIBDIR to '/etc/ld.so.conf'

See any operating system documentation about shared libraries for
more information, such as the ld(1) and ld.so(8) manual pages.
----------------------------------------------------------------------
 /tools/bin/mkdir -p '/sources/automake-1.16.1/t/libtoo10.dir/libtoo10-1.0/_inst/bin'
  /bin/sh ./libtool   --mode=install /usr/bin/install -c src/main '/sources/automake-1.16.1/t/libtoo10.dir/libtoo10-1.0/_inst/bin'
libtool: install: /usr/bin/install -c src/.libs/main /sources/automake-1.16.1/t/libtoo10.dir/libtoo10-1.0/_inst/bin/main
make[2]: Nothing to be done for 'install-data-am'.
make[2]: Leaving directory '/sources/automake-1.16.1/t/libtoo10.dir/libtoo10-1.0/_build/sub'
make[1]: Leaving directory '/sources/automake-1.16.1/t/libtoo10.dir/libtoo10-1.0/_build/sub'
make[1]: Entering directory '/sources/automake-1.16.1/t/libtoo10.dir/libtoo10-1.0/_build/sub'
make[1]: Nothing to be done for 'installcheck'.
make[1]: Leaving directory '/sources/automake-1.16.1/t/libtoo10.dir/libtoo10-1.0/_build/sub'
make[1]: Entering directory '/sources/automake-1.16.1/t/libtoo10.dir/libtoo10-1.0/_build/sub'
 ( cd '/sources/automake-1.16.1/t/libtoo10.dir/libtoo10-1.0/_inst/bin' && rm -f main )
 /bin/sh ./libtool   --mode=uninstall rm -f '/sources/automake-1.16.1/t/libtoo10.dir/libtoo10-1.0/_inst/lib/libfoo.la'
libtool: uninstall: rm -f /sources/automake-1.16.1/t/libtoo10.dir/libtoo10-1.0/_inst/lib/libfoo.la /sources/automake-1.16.1/t/libtoo10.dir/libtoo10-1.0/_inst/lib/libfoo.so.0.0.0 /sources/automake-1.16.1/t/libtoo10.dir/libtoo10-1.0/_inst/lib/libfoo.so.0 /sources/automake-1.16.1/t/libtoo10.dir/libtoo10-1.0/_inst/lib/libfoo.so /sources/automake-1.16.1/t/libtoo10.dir/libtoo10-1.0/_inst/lib/libfoo.a
make[1]: Leaving directory '/sources/automake-1.16.1/t/libtoo10.dir/libtoo10-1.0/_build/sub'
make[1]: Entering directory '/sources/automake-1.16.1/t/libtoo10.dir/libtoo10-1.0/_build/sub'
make[1]: Leaving directory '/sources/automake-1.16.1/t/libtoo10.dir/libtoo10-1.0/_build/sub'
make[1]: Entering directory '/sources/automake-1.16.1/t/libtoo10.dir/libtoo10-1.0/_build/sub'
make[2]: Entering directory '/sources/automake-1.16.1/t/libtoo10.dir/libtoo10-1.0/_build/sub'
 /tools/bin/mkdir -p '/tmp/am-dc-55154//sources/automake-1.16.1/t/libtoo10.dir/libtoo10-1.0/_inst/lib'
 /bin/sh ./libtool   --mode=install /usr/bin/install -c   lib/libfoo.la '/tmp/am-dc-55154//sources/automake-1.16.1/t/libtoo10.dir/libtoo10-1.0/_inst/lib'
libtool: install: /usr/bin/install -c lib/.libs/libfoo.so.0.0.0 /tmp/am-dc-55154//sources/automake-1.16.1/t/libtoo10.dir/libtoo10-1.0/_inst/lib/libfoo.so.0.0.0
libtool: install: (cd /tmp/am-dc-55154//sources/automake-1.16.1/t/libtoo10.dir/libtoo10-1.0/_inst/lib && { ln -s -f libfoo.so.0.0.0 libfoo.so.0 || { rm -f libfoo.so.0 && ln -s libfoo.so.0.0.0 libfoo.so.0; }; })
libtool: install: (cd /tmp/am-dc-55154//sources/automake-1.16.1/t/libtoo10.dir/libtoo10-1.0/_inst/lib && { ln -s -f libfoo.so.0.0.0 libfoo.so || { rm -f libfoo.so && ln -s libfoo.so.0.0.0 libfoo.so; }; })
libtool: install: /usr/bin/install -c lib/.libs/libfoo.lai /tmp/am-dc-55154//sources/automake-1.16.1/t/libtoo10.dir/libtoo10-1.0/_inst/lib/libfoo.la
libtool: install: /usr/bin/install -c lib/.libs/libfoo.a /tmp/am-dc-55154//sources/automake-1.16.1/t/libtoo10.dir/libtoo10-1.0/_inst/lib/libfoo.a
libtool: install: chmod 644 /tmp/am-dc-55154//sources/automake-1.16.1/t/libtoo10.dir/libtoo10-1.0/_inst/lib/libfoo.a
libtool: install: ranlib /tmp/am-dc-55154//sources/automake-1.16.1/t/libtoo10.dir/libtoo10-1.0/_inst/lib/libfoo.a
libtool: warning: remember to run 'libtool --finish /sources/automake-1.16.1/t/libtoo10.dir/libtoo10-1.0/_inst/lib'
 /tools/bin/mkdir -p '/tmp/am-dc-55154//sources/automake-1.16.1/t/libtoo10.dir/libtoo10-1.0/_inst/bin'
  /bin/sh ./libtool   --mode=install /usr/bin/install -c src/main '/tmp/am-dc-55154//sources/automake-1.16.1/t/libtoo10.dir/libtoo10-1.0/_inst/bin'
libtool: warning: 'lib/libfoo.la' has not been installed in '/sources/automake-1.16.1/t/libtoo10.dir/libtoo10-1.0/_inst/lib'
libtool: install: /usr/bin/install -c src/.libs/main /tmp/am-dc-55154//sources/automake-1.16.1/t/libtoo10.dir/libtoo10-1.0/_inst/bin/main
make[2]: Nothing to be done for 'install-data-am'.
make[2]: Leaving directory '/sources/automake-1.16.1/t/libtoo10.dir/libtoo10-1.0/_build/sub'
make[1]: Leaving directory '/sources/automake-1.16.1/t/libtoo10.dir/libtoo10-1.0/_build/sub'
make[1]: Entering directory '/sources/automake-1.16.1/t/libtoo10.dir/libtoo10-1.0/_build/sub'
 ( cd '/tmp/am-dc-55154//sources/automake-1.16.1/t/libtoo10.dir/libtoo10-1.0/_inst/bin' && rm -f main )
 /bin/sh ./libtool   --mode=uninstall rm -f '/tmp/am-dc-55154//sources/automake-1.16.1/t/libtoo10.dir/libtoo10-1.0/_inst/lib/libfoo.la'
libtool: uninstall: rm -f /tmp/am-dc-55154//sources/automake-1.16.1/t/libtoo10.dir/libtoo10-1.0/_inst/lib/libfoo.la /tmp/am-dc-55154//sources/automake-1.16.1/t/libtoo10.dir/libtoo10-1.0/_inst/lib/libfoo.so.0.0.0 /tmp/am-dc-55154//sources/automake-1.16.1/t/libtoo10.dir/libtoo10-1.0/_inst/lib/libfoo.so.0 /tmp/am-dc-55154//sources/automake-1.16.1/t/libtoo10.dir/libtoo10-1.0/_inst/lib/libfoo.so /tmp/am-dc-55154//sources/automake-1.16.1/t/libtoo10.dir/libtoo10-1.0/_inst/lib/libfoo.a
make[1]: Leaving directory '/sources/automake-1.16.1/t/libtoo10.dir/libtoo10-1.0/_build/sub'
make[1]: Entering directory '/sources/automake-1.16.1/t/libtoo10.dir/libtoo10-1.0/_build/sub'
make[1]: Leaving directory '/sources/automake-1.16.1/t/libtoo10.dir/libtoo10-1.0/_build/sub'
make[1]: Entering directory '/sources/automake-1.16.1/t/libtoo10.dir/libtoo10-1.0/_build/sub'
make  dist-gzip am__post_remove_distdir='@:'
make[2]: Entering directory '/sources/automake-1.16.1/t/libtoo10.dir/libtoo10-1.0/_build/sub'
make  distdir-am
make[3]: Entering directory '/sources/automake-1.16.1/t/libtoo10.dir/libtoo10-1.0/_build/sub'
if test -d "libtoo10-1.0"; then find "libtoo10-1.0" -type d ! -perm -200 -exec chmod u+w {} ';' && rm -rf "libtoo10-1.0" || { sleep 5 && rm -rf "libtoo10-1.0"; }; else :; fi
test -d "libtoo10-1.0" || mkdir "libtoo10-1.0"
test -n "" \
|| find "libtoo10-1.0" -type d ! -perm -755 \
	-exec chmod u+rwx,go+rx {} \; -o \
  ! -type d ! -perm -444 -links 1 -exec chmod a+r {} \; -o \
  ! -type d ! -perm -400 -exec chmod a+r {} \; -o \
  ! -type d ! -perm -444 -exec /bin/sh /sources/automake-1.16.1/t/libtoo10.dir/libtoo10-1.0/install-sh -c -m a+r {} {} \; \
|| chmod -R a+r "libtoo10-1.0"
make[3]: Leaving directory '/sources/automake-1.16.1/t/libtoo10.dir/libtoo10-1.0/_build/sub'
tardir=libtoo10-1.0 && ${TAR-tar} chof - "$tardir" | eval GZIP= gzip --best -c >libtoo10-1.0.tar.gz
make[2]: Leaving directory '/sources/automake-1.16.1/t/libtoo10.dir/libtoo10-1.0/_build/sub'
if test -d "libtoo10-1.0"; then find "libtoo10-1.0" -type d ! -perm -200 -exec chmod u+w {} ';' && rm -rf "libtoo10-1.0" || { sleep 5 && rm -rf "libtoo10-1.0"; }; else :; fi
make[1]: Leaving directory '/sources/automake-1.16.1/t/libtoo10.dir/libtoo10-1.0/_build/sub'
make[1]: Entering directory '/sources/automake-1.16.1/t/libtoo10.dir/libtoo10-1.0/_build/sub'
 rm -f src/main
 rm -f check/test
test -z "lib/libfoo.la" || rm -f lib/libfoo.la
rm -f lib/so_locations
rm -rf .libs _libs
rm -rf check/.libs check/_libs
rm -rf lib/.libs lib/_libs
rm -rf src/.libs src/_libs
rm -f *.o
rm -f *.lo
rm -f *.tab.c
test -z "" || rm -f 
test . = "../.." || test -z "" || rm -f 
rm -f check/.dirstamp
rm -f lib/.dirstamp
rm -f src/.dirstamp
rm -f libtool config.lt
rm -f TAGS ID GTAGS GRTAGS GSYMS GPATH tags
rm -f cscope.out cscope.in.out cscope.po.out cscope.files
rm -f config.status config.cache config.log configure.lineno config.status.lineno
rm -f ./.deps/foo.Plo
rm -f ./.deps/main.Po
rm -f Makefile
make[1]: Leaving directory '/sources/automake-1.16.1/t/libtoo10.dir/libtoo10-1.0/_build/sub'
if test -d "libtoo10-1.0"; then find "libtoo10-1.0" -type d ! -perm -200 -exec chmod u+w {} ';' && rm -rf "libtoo10-1.0" || { sleep 5 && rm -rf "libtoo10-1.0"; }; else :; fi
==============================================
libtoo10-1.0 archives ready for distribution: 
libtoo10-1.0.tar.gz
==============================================
+ :
+ am_exit_trap 0
+ exit_status=0
+ set +e
+ cd /sources/automake-1.16.1
+ test none = tap
+ case $am_explicit_skips in
+ test 0 -eq 0
+ am_keeping_testdirs
+ case $keep_testdirs in
+ return 1
+ rm_rf_ t/libtoo10.dir
+ test 1 -gt 0
+ /usr/bin/perl /sources/automake-1.16.1/t/ax/deltree.pl t/libtoo10.dir
+ set +x
PASS t/libtoo10.sh (exit status: 0)
