Running from installcheck: no
Test Protocol: none
PATH = /sources/automake-1.16.1/bin:/sources/automake-1.16.1/t/ax:/bin:/usr/bin:/sbin:/usr/sbin:/tools/bin
++ pwd
/sources/automake-1.16.1/t/license.dir
+ echo AC_OUTPUT
+ cat
+ :
+ :
+ :
+ :
+ test '!' -e COPYING
+ aclocal-1.16 -Werror
+ autoconf
+ automake-1.16 --foreign -Werror -Wall --gnu --add-missing
Makefile.am: installing './INSTALL'
Makefile.am: installing './COPYING' using GNU General Public License v3 file
Makefile.am:     Consider adding the COPYING file to the version control system
Makefile.am:     for your code, to avoid questions about which license your project uses
+ ./configure
checking for a BSD-compatible install... /usr/bin/install -c
checking whether build environment is sane... yes
checking for a thread-safe mkdir -p... /tools/bin/mkdir -p
checking for gawk... gawk
checking whether make sets $(MAKE)... yes
checking whether make supports nested variables... yes
checking that generated files are newer than configure... done
configure: creating ./config.status
config.status: creating Makefile
+ make test1
make  distdir-am
make[1]: Entering directory '/sources/automake-1.16.1/t/license.dir'
if test -d "license-1.0"; then find "license-1.0" -type d ! -perm -200 -exec chmod u+w {} ';' && rm -rf "license-1.0" || { sleep 5 && rm -rf "license-1.0"; }; else :; fi
test -d "license-1.0" || mkdir "license-1.0"
test -n "" \
|| find "license-1.0" -type d ! -perm -755 \
	-exec chmod u+rwx,go+rx {} \; -o \
  ! -type d ! -perm -444 -links 1 -exec chmod a+r {} \; -o \
  ! -type d ! -perm -400 -exec chmod a+r {} \; -o \
  ! -type d ! -perm -444 -exec /bin/sh /sources/automake-1.16.1/t/license.dir/install-sh -c -m a+r {} {} \; \
|| chmod -R a+r "license-1.0"
make[1]: Leaving directory '/sources/automake-1.16.1/t/license.dir'
grep 'GNU GENERAL PUBLIC LICENSE' license-1.0/COPYING
                    GNU GENERAL PUBLIC LICENSE
+ rm -f COPYING
+ echo MY-OWN-LICENSE
+ make test2
make  distdir-am
make[1]: Entering directory '/sources/automake-1.16.1/t/license.dir'
if test -d "license-1.0"; then find "license-1.0" -type d ! -perm -200 -exec chmod u+w {} ';' && rm -rf "license-1.0" || { sleep 5 && rm -rf "license-1.0"; }; else :; fi
test -d "license-1.0" || mkdir "license-1.0"
test -n "" \
|| find "license-1.0" -type d ! -perm -755 \
	-exec chmod u+rwx,go+rx {} \; -o \
  ! -type d ! -perm -444 -links 1 -exec chmod a+r {} \; -o \
  ! -type d ! -perm -400 -exec chmod a+r {} \; -o \
  ! -type d ! -perm -444 -exec /bin/sh /sources/automake-1.16.1/t/license.dir/install-sh -c -m a+r {} {} \; \
|| chmod -R a+r "license-1.0"
make[1]: Leaving directory '/sources/automake-1.16.1/t/license.dir'
grep 'MY-OWN-LICENSE' license-1.0/COPYING
MY-OWN-LICENSE
+ automake-1.16 --foreign -Werror -Wall --gnu --add-missing --force-missing
+ ./configure
checking for a BSD-compatible install... /usr/bin/install -c
checking whether build environment is sane... yes
checking for a thread-safe mkdir -p... /tools/bin/mkdir -p
checking for gawk... gawk
checking whether make sets $(MAKE)... yes
checking whether make supports nested variables... yes
checking that generated files are newer than configure... done
configure: creating ./config.status
config.status: creating Makefile
+ make test2
make  distdir-am
make[1]: Entering directory '/sources/automake-1.16.1/t/license.dir'
if test -d "license-1.0"; then find "license-1.0" -type d ! -perm -200 -exec chmod u+w {} ';' && rm -rf "license-1.0" || { sleep 5 && rm -rf "license-1.0"; }; else :; fi
test -d "license-1.0" || mkdir "license-1.0"
test -n "" \
|| find "license-1.0" -type d ! -perm -755 \
	-exec chmod u+rwx,go+rx {} \; -o \
  ! -type d ! -perm -444 -links 1 -exec chmod a+r {} \; -o \
  ! -type d ! -perm -400 -exec chmod a+r {} \; -o \
  ! -type d ! -perm -444 -exec /bin/sh /sources/automake-1.16.1/t/license.dir/install-sh -c -m a+r {} {} \; \
|| chmod -R a+r "license-1.0"
make[1]: Leaving directory '/sources/automake-1.16.1/t/license.dir'
grep 'MY-OWN-LICENSE' license-1.0/COPYING
MY-OWN-LICENSE
+ rm -f COPYING
+ echo MY-OWN-LICENSE
+ automake-1.16 --foreign -Werror -Wall --gnu --add-missing --force-missing
+ ./configure
checking for a BSD-compatible install... /usr/bin/install -c
checking whether build environment is sane... yes
checking for a thread-safe mkdir -p... /tools/bin/mkdir -p
checking for gawk... gawk
checking whether make sets $(MAKE)... yes
checking whether make supports nested variables... yes
checking that generated files are newer than configure... done
configure: creating ./config.status
config.status: creating Makefile
+ make test3
make  distdir-am
make[1]: Entering directory '/sources/automake-1.16.1/t/license.dir'
if test -d "license-1.0"; then find "license-1.0" -type d ! -perm -200 -exec chmod u+w {} ';' && rm -rf "license-1.0" || { sleep 5 && rm -rf "license-1.0"; }; else :; fi
test -d "license-1.0" || mkdir "license-1.0"
test -n "" \
|| find "license-1.0" -type d ! -perm -755 \
	-exec chmod u+rwx,go+rx {} \; -o \
  ! -type d ! -perm -444 -links 1 -exec chmod a+r {} \; -o \
  ! -type d ! -perm -400 -exec chmod a+r {} \; -o \
  ! -type d ! -perm -444 -exec /bin/sh /sources/automake-1.16.1/t/license.dir/install-sh -c -m a+r {} {} \; \
|| chmod -R a+r "license-1.0"
make[1]: Leaving directory '/sources/automake-1.16.1/t/license.dir'
test ! -f license-1.0/COPYING
grep 'MY-OWN-LICENSE' license-1.0/COPYING.LIB
MY-OWN-LICENSE
+ am_exit_trap 0
+ exit_status=0
+ set +e
+ cd /sources/automake-1.16.1
+ test none = tap
+ case $am_explicit_skips in
+ test 0 -eq 0
+ am_keeping_testdirs
+ case $keep_testdirs in
+ return 1
+ rm_rf_ t/license.dir
+ test 1 -gt 0
+ /usr/bin/perl /sources/automake-1.16.1/t/ax/deltree.pl t/license.dir
+ set +x
PASS t/license.sh (exit status: 0)
