Running from installcheck: no
Test Protocol: none
PATH = /sources/automake-1.16.1/bin:/sources/automake-1.16.1/t/ax:/bin:/usr/bin:/sbin:/usr/sbin:/tools/bin
++ pwd
/sources/automake-1.16.1/t/longline.dir
+ echo DUMMY = some_long_filename_1
+ for i in 2 3 4 5 6 7 8 9 10 11 12 13 14 15 16 17 18 19 20
+ echo DUMMY += some_long_filename_2
+ for i in 2 3 4 5 6 7 8 9 10 11 12 13 14 15 16 17 18 19 20
+ echo DUMMY += some_long_filename_3
+ for i in 2 3 4 5 6 7 8 9 10 11 12 13 14 15 16 17 18 19 20
+ echo DUMMY += some_long_filename_4
+ for i in 2 3 4 5 6 7 8 9 10 11 12 13 14 15 16 17 18 19 20
+ echo DUMMY += some_long_filename_5
+ for i in 2 3 4 5 6 7 8 9 10 11 12 13 14 15 16 17 18 19 20
+ echo DUMMY += some_long_filename_6
+ for i in 2 3 4 5 6 7 8 9 10 11 12 13 14 15 16 17 18 19 20
+ echo DUMMY += some_long_filename_7
+ for i in 2 3 4 5 6 7 8 9 10 11 12 13 14 15 16 17 18 19 20
+ echo DUMMY += some_long_filename_8
+ for i in 2 3 4 5 6 7 8 9 10 11 12 13 14 15 16 17 18 19 20
+ echo DUMMY += some_long_filename_9
+ for i in 2 3 4 5 6 7 8 9 10 11 12 13 14 15 16 17 18 19 20
+ echo DUMMY += some_long_filename_10
+ for i in 2 3 4 5 6 7 8 9 10 11 12 13 14 15 16 17 18 19 20
+ echo DUMMY += some_long_filename_11
+ for i in 2 3 4 5 6 7 8 9 10 11 12 13 14 15 16 17 18 19 20
+ echo DUMMY += some_long_filename_12
+ for i in 2 3 4 5 6 7 8 9 10 11 12 13 14 15 16 17 18 19 20
+ echo DUMMY += some_long_filename_13
+ for i in 2 3 4 5 6 7 8 9 10 11 12 13 14 15 16 17 18 19 20
+ echo DUMMY += some_long_filename_14
+ for i in 2 3 4 5 6 7 8 9 10 11 12 13 14 15 16 17 18 19 20
+ echo DUMMY += some_long_filename_15
+ for i in 2 3 4 5 6 7 8 9 10 11 12 13 14 15 16 17 18 19 20
+ echo DUMMY += some_long_filename_16
+ for i in 2 3 4 5 6 7 8 9 10 11 12 13 14 15 16 17 18 19 20
+ echo DUMMY += some_long_filename_17
+ for i in 2 3 4 5 6 7 8 9 10 11 12 13 14 15 16 17 18 19 20
+ echo DUMMY += some_long_filename_18
+ for i in 2 3 4 5 6 7 8 9 10 11 12 13 14 15 16 17 18 19 20
+ echo DUMMY += some_long_filename_19
+ for i in 2 3 4 5 6 7 8 9 10 11 12 13 14 15 16 17 18 19 20
+ echo DUMMY += some_long_filename_20
+ aclocal-1.16 -Werror
+ automake-1.16 --foreign -Werror -Wall
++ grep DUMMY Makefile.in
++ wc -c
+ test 80 -ge 73
+ :
+ am_exit_trap 0
+ exit_status=0
+ set +e
+ cd /sources/automake-1.16.1
+ test none = tap
+ case $am_explicit_skips in
+ test 0 -eq 0
+ am_keeping_testdirs
+ case $keep_testdirs in
+ return 1
+ rm_rf_ t/longline.dir
+ test 1 -gt 0
+ /usr/bin/perl /sources/automake-1.16.1/t/ax/deltree.pl t/longline.dir
+ set +x
PASS t/longline.sh (exit status: 0)
