Running from installcheck: no
Test Protocol: none
PATH = /sources/automake-1.16.1/bin:/sources/automake-1.16.1/t/ax:/bin:/usr/bin:/sbin:/usr/sbin:/tools/bin
++ pwd
/sources/automake-1.16.1/t/man2.dir
+ cat
+ cat
+ :
+ :
+ :
+ aclocal-1.16 -Werror
+ autoconf
+ automake-1.16 --foreign -Werror -Wall
++ pwd
+ cwd=/sources/automake-1.16.1/t/man2.dir
+ ./configure --prefix= --mandir=/man
checking for a BSD-compatible install... /usr/bin/install -c
checking whether build environment is sane... yes
checking for a thread-safe mkdir -p... /tools/bin/mkdir -p
checking for gawk... gawk
checking whether make sets $(MAKE)... yes
checking whether make supports nested variables... yes
checking that generated files are newer than configure... done
configure: creating ./config.status
config.status: creating Makefile
+ make DESTDIR=/sources/automake-1.16.1/t/man2.dir/_inst install
make[1]: Entering directory '/sources/automake-1.16.1/t/man2.dir'
make[1]: Nothing to be done for 'install-exec-am'.
 /tools/bin/mkdir -p '/sources/automake-1.16.1/t/man2.dir/_inst/man/man2'
 /usr/bin/install -c -m 644 foo.2 '/sources/automake-1.16.1/t/man2.dir/_inst/man/man2'
 /tools/bin/mkdir -p '/sources/automake-1.16.1/t/man2.dir/_inst/man/man4'
 /usr/bin/install -c -m 644 'bar.man' '/sources/automake-1.16.1/t/man2.dir/_inst/man/man4/bar.4'
 /usr/bin/install -c -m 644 foo.4 '/sources/automake-1.16.1/t/man2.dir/_inst/man/man4'
make[1]: Leaving directory '/sources/automake-1.16.1/t/man2.dir'
+ test -f _inst/man/man2/foo.2
+ test -f _inst/man/man4/foo.4
+ test -f _inst/man/man4/bar.4
+ make DESTDIR=/sources/automake-1.16.1/t/man2.dir/_inst uninstall
 ( cd '/sources/automake-1.16.1/t/man2.dir/_inst/man/man2' && rm -f foo.2 )
 ( cd '/sources/automake-1.16.1/t/man2.dir/_inst/man/man4' && rm -f foo.4 bar.4 )
+ test '!' -e _inst/man/man2/foo.2
+ test '!' -e _inst/man/man4/foo.4
+ test '!' -e _inst/man/man4/bar.4
+ :
+ am_exit_trap 0
+ exit_status=0
+ set +e
+ cd /sources/automake-1.16.1
+ test none = tap
+ case $am_explicit_skips in
+ test 0 -eq 0
+ am_keeping_testdirs
+ case $keep_testdirs in
+ return 1
+ rm_rf_ t/man2.dir
+ test 1 -gt 0
+ /usr/bin/perl /sources/automake-1.16.1/t/ax/deltree.pl t/man2.dir
+ set +x
PASS t/man2.sh (exit status: 0)
