Running from installcheck: no
Test Protocol: none
PATH = /sources/automake-1.16.1/bin:/sources/automake-1.16.1/t/ax:/bin:/usr/bin:/sbin:/usr/sbin:/tools/bin
++ pwd
/sources/automake-1.16.1/t/man8.dir
+ useless_vpath_rebuild
+ test -z ''
+ using_gmake
+ case $am__using_gmake in
+ make --version -v
+ grep GNU
GNU Make 4.2.1
License GPLv3+: GNU GPL version 3 or later <http://gnu.org/licenses/gpl.html>
+ am__using_gmake=yes
+ return 0
+ am__useless_vpath_rebuild=no
+ return 1
+ cat
+ cat
+ aclocal-1.16 -Werror
+ automake-1.16 --foreign -Werror -Wall
+ autoconf
+ mkdir build
+ cd build
+ ../configure
checking for a BSD-compatible install... /usr/bin/install -c
checking whether build environment is sane... yes
checking for a thread-safe mkdir -p... /tools/bin/mkdir -p
checking for gawk... gawk
checking whether make sets $(MAKE)... yes
checking whether make supports nested variables... yes
checking that generated files are newer than configure... done
configure: creating ./config.status
config.status: creating Makefile
+ make
rm -f ../foo.1
: > ../foo.1
+ test -f ../foo.1
+ make distdir
make  distdir-am
make[1]: Entering directory '/sources/automake-1.16.1/t/man8.dir/build'
if test -d "man8-1.0"; then find "man8-1.0" -type d ! -perm -200 -exec chmod u+w {} ';' && rm -rf "man8-1.0" || { sleep 5 && rm -rf "man8-1.0"; }; else :; fi
test -d "man8-1.0" || mkdir "man8-1.0"
test -n "" \
|| find "man8-1.0" -type d ! -perm -755 \
	-exec chmod u+rwx,go+rx {} \; -o \
  ! -type d ! -perm -444 -links 1 -exec chmod a+r {} \; -o \
  ! -type d ! -perm -400 -exec chmod a+r {} \; -o \
  ! -type d ! -perm -444 -exec /bin/sh /sources/automake-1.16.1/t/man8.dir/install-sh -c -m a+r {} {} \; \
|| chmod -R a+r "man8-1.0"
make[1]: Leaving directory '/sources/automake-1.16.1/t/man8.dir/build'
+ test -f man8-1.0/foo.1
+ make distcheck
make  dist-gzip am__post_remove_distdir='@:'
make[1]: Entering directory '/sources/automake-1.16.1/t/man8.dir/build'
make  distdir-am
make[2]: Entering directory '/sources/automake-1.16.1/t/man8.dir/build'
if test -d "man8-1.0"; then find "man8-1.0" -type d ! -perm -200 -exec chmod u+w {} ';' && rm -rf "man8-1.0" || { sleep 5 && rm -rf "man8-1.0"; }; else :; fi
test -d "man8-1.0" || mkdir "man8-1.0"
test -n "" \
|| find "man8-1.0" -type d ! -perm -755 \
	-exec chmod u+rwx,go+rx {} \; -o \
  ! -type d ! -perm -444 -links 1 -exec chmod a+r {} \; -o \
  ! -type d ! -perm -400 -exec chmod a+r {} \; -o \
  ! -type d ! -perm -444 -exec /bin/sh /sources/automake-1.16.1/t/man8.dir/install-sh -c -m a+r {} {} \; \
|| chmod -R a+r "man8-1.0"
make[2]: Leaving directory '/sources/automake-1.16.1/t/man8.dir/build'
tardir=man8-1.0 && ${TAR-tar} chof - "$tardir" | eval GZIP= gzip --best -c >man8-1.0.tar.gz
make[1]: Leaving directory '/sources/automake-1.16.1/t/man8.dir/build'
if test -d "man8-1.0"; then find "man8-1.0" -type d ! -perm -200 -exec chmod u+w {} ';' && rm -rf "man8-1.0" || { sleep 5 && rm -rf "man8-1.0"; }; else :; fi
case 'man8-1.0.tar.gz' in \
*.tar.gz*) \
  eval GZIP= gzip --best -dc man8-1.0.tar.gz | ${TAR-tar} xf - ;;\
*.tar.bz2*) \
  bzip2 -dc man8-1.0.tar.bz2 | ${TAR-tar} xf - ;;\
*.tar.lz*) \
  lzip -dc man8-1.0.tar.lz | ${TAR-tar} xf - ;;\
*.tar.xz*) \
  xz -dc man8-1.0.tar.xz | ${TAR-tar} xf - ;;\
*.tar.Z*) \
  uncompress -c man8-1.0.tar.Z | ${TAR-tar} xf - ;;\
*.shar.gz*) \
  eval GZIP= gzip --best -dc man8-1.0.shar.gz | unshar ;;\
*.zip*) \
  unzip man8-1.0.zip ;;\
esac
chmod -R a-w man8-1.0
chmod u+w man8-1.0
mkdir man8-1.0/_build man8-1.0/_build/sub man8-1.0/_inst
chmod a-w man8-1.0
test -d man8-1.0/_build || exit 0; \
dc_install_base=`CDPATH="${ZSH_VERSION+.}:" && cd man8-1.0/_inst && pwd | sed -e 's,^[^:\\/]:[\\/],/,'` \
  && dc_destdir="${TMPDIR-/tmp}/am-dc-$$/" \
  && am__cwd=`pwd` \
  && CDPATH="${ZSH_VERSION+.}:" && cd man8-1.0/_build/sub \
  && ../../configure \
     \
     \
    --srcdir=../.. --prefix="$dc_install_base" \
  && make  \
  && make  dvi \
  && make  check \
  && make  install \
  && make  installcheck \
  && make  uninstall \
  && make  distuninstallcheck_dir="$dc_install_base" \
        distuninstallcheck \
  && chmod -R a-w "$dc_install_base" \
  && ({ \
       (cd ../.. && umask 077 && mkdir "$dc_destdir") \
       && make  DESTDIR="$dc_destdir" install \
       && make  DESTDIR="$dc_destdir" uninstall \
       && make  DESTDIR="$dc_destdir" \
            distuninstallcheck_dir="$dc_destdir" distuninstallcheck; \
      } || { rm -rf "$dc_destdir"; exit 1; }) \
  && rm -rf "$dc_destdir" \
  && make  dist \
  && rm -rf man8-1.0.tar.gz \
  && make  distcleancheck \
  && cd "$am__cwd" \
  || exit 1
checking for a BSD-compatible install... /usr/bin/install -c
checking whether build environment is sane... yes
checking for a thread-safe mkdir -p... /tools/bin/mkdir -p
checking for gawk... gawk
checking whether make sets $(MAKE)... yes
checking whether make supports nested variables... yes
checking that generated files are newer than configure... done
configure: creating ./config.status
config.status: creating Makefile
make[1]: Entering directory '/sources/automake-1.16.1/t/man8.dir/build/man8-1.0/_build/sub'
make[1]: Nothing to be done for 'all'.
make[1]: Leaving directory '/sources/automake-1.16.1/t/man8.dir/build/man8-1.0/_build/sub'
make[1]: Entering directory '/sources/automake-1.16.1/t/man8.dir/build/man8-1.0/_build/sub'
make[1]: Nothing to be done for 'dvi'.
make[1]: Leaving directory '/sources/automake-1.16.1/t/man8.dir/build/man8-1.0/_build/sub'
make[1]: Entering directory '/sources/automake-1.16.1/t/man8.dir/build/man8-1.0/_build/sub'
make[1]: Nothing to be done for 'check'.
make[1]: Leaving directory '/sources/automake-1.16.1/t/man8.dir/build/man8-1.0/_build/sub'
make[1]: Entering directory '/sources/automake-1.16.1/t/man8.dir/build/man8-1.0/_build/sub'
make[2]: Entering directory '/sources/automake-1.16.1/t/man8.dir/build/man8-1.0/_build/sub'
make[2]: Nothing to be done for 'install-exec-am'.
 /tools/bin/mkdir -p '/sources/automake-1.16.1/t/man8.dir/build/man8-1.0/_inst/share/man/man1'
 /usr/bin/install -c -m 644 ../../foo.1 '/sources/automake-1.16.1/t/man8.dir/build/man8-1.0/_inst/share/man/man1'
make[2]: Leaving directory '/sources/automake-1.16.1/t/man8.dir/build/man8-1.0/_build/sub'
make[1]: Leaving directory '/sources/automake-1.16.1/t/man8.dir/build/man8-1.0/_build/sub'
make[1]: Entering directory '/sources/automake-1.16.1/t/man8.dir/build/man8-1.0/_build/sub'
make[1]: Nothing to be done for 'installcheck'.
make[1]: Leaving directory '/sources/automake-1.16.1/t/man8.dir/build/man8-1.0/_build/sub'
make[1]: Entering directory '/sources/automake-1.16.1/t/man8.dir/build/man8-1.0/_build/sub'
 ( cd '/sources/automake-1.16.1/t/man8.dir/build/man8-1.0/_inst/share/man/man1' && rm -f foo.1 )
make[1]: Leaving directory '/sources/automake-1.16.1/t/man8.dir/build/man8-1.0/_build/sub'
make[1]: Entering directory '/sources/automake-1.16.1/t/man8.dir/build/man8-1.0/_build/sub'
make[1]: Leaving directory '/sources/automake-1.16.1/t/man8.dir/build/man8-1.0/_build/sub'
make[1]: Entering directory '/sources/automake-1.16.1/t/man8.dir/build/man8-1.0/_build/sub'
make[2]: Entering directory '/sources/automake-1.16.1/t/man8.dir/build/man8-1.0/_build/sub'
make[2]: Nothing to be done for 'install-exec-am'.
 /tools/bin/mkdir -p '/tmp/am-dc-44383//sources/automake-1.16.1/t/man8.dir/build/man8-1.0/_inst/share/man/man1'
 /usr/bin/install -c -m 644 ../../foo.1 '/tmp/am-dc-44383//sources/automake-1.16.1/t/man8.dir/build/man8-1.0/_inst/share/man/man1'
make[2]: Leaving directory '/sources/automake-1.16.1/t/man8.dir/build/man8-1.0/_build/sub'
make[1]: Leaving directory '/sources/automake-1.16.1/t/man8.dir/build/man8-1.0/_build/sub'
make[1]: Entering directory '/sources/automake-1.16.1/t/man8.dir/build/man8-1.0/_build/sub'
 ( cd '/tmp/am-dc-44383//sources/automake-1.16.1/t/man8.dir/build/man8-1.0/_inst/share/man/man1' && rm -f foo.1 )
make[1]: Leaving directory '/sources/automake-1.16.1/t/man8.dir/build/man8-1.0/_build/sub'
make[1]: Entering directory '/sources/automake-1.16.1/t/man8.dir/build/man8-1.0/_build/sub'
make[1]: Leaving directory '/sources/automake-1.16.1/t/man8.dir/build/man8-1.0/_build/sub'
make[1]: Entering directory '/sources/automake-1.16.1/t/man8.dir/build/man8-1.0/_build/sub'
make  dist-gzip am__post_remove_distdir='@:'
make[2]: Entering directory '/sources/automake-1.16.1/t/man8.dir/build/man8-1.0/_build/sub'
make  distdir-am
make[3]: Entering directory '/sources/automake-1.16.1/t/man8.dir/build/man8-1.0/_build/sub'
if test -d "man8-1.0"; then find "man8-1.0" -type d ! -perm -200 -exec chmod u+w {} ';' && rm -rf "man8-1.0" || { sleep 5 && rm -rf "man8-1.0"; }; else :; fi
test -d "man8-1.0" || mkdir "man8-1.0"
test -n "" \
|| find "man8-1.0" -type d ! -perm -755 \
	-exec chmod u+rwx,go+rx {} \; -o \
  ! -type d ! -perm -444 -links 1 -exec chmod a+r {} \; -o \
  ! -type d ! -perm -400 -exec chmod a+r {} \; -o \
  ! -type d ! -perm -444 -exec /bin/sh /sources/automake-1.16.1/t/man8.dir/build/man8-1.0/install-sh -c -m a+r {} {} \; \
|| chmod -R a+r "man8-1.0"
make[3]: Leaving directory '/sources/automake-1.16.1/t/man8.dir/build/man8-1.0/_build/sub'
tardir=man8-1.0 && ${TAR-tar} chof - "$tardir" | eval GZIP= gzip --best -c >man8-1.0.tar.gz
make[2]: Leaving directory '/sources/automake-1.16.1/t/man8.dir/build/man8-1.0/_build/sub'
if test -d "man8-1.0"; then find "man8-1.0" -type d ! -perm -200 -exec chmod u+w {} ';' && rm -rf "man8-1.0" || { sleep 5 && rm -rf "man8-1.0"; }; else :; fi
make[1]: Leaving directory '/sources/automake-1.16.1/t/man8.dir/build/man8-1.0/_build/sub'
make[1]: Entering directory '/sources/automake-1.16.1/t/man8.dir/build/man8-1.0/_build/sub'
test -z "" || rm -f 
test . = "../.." || test -z "" || rm -f 
rm -f config.status config.cache config.log configure.lineno config.status.lineno
rm -f Makefile
make[1]: Leaving directory '/sources/automake-1.16.1/t/man8.dir/build/man8-1.0/_build/sub'
if test -d "man8-1.0"; then find "man8-1.0" -type d ! -perm -200 -exec chmod u+w {} ';' && rm -rf "man8-1.0" || { sleep 5 && rm -rf "man8-1.0"; }; else :; fi
==========================================
man8-1.0 archives ready for distribution: 
man8-1.0.tar.gz
==========================================
+ cd ..
+ rm -f foo.1
+ ./configure
checking for a BSD-compatible install... /usr/bin/install -c
checking whether build environment is sane... yes
checking for a thread-safe mkdir -p... /tools/bin/mkdir -p
checking for gawk... gawk
checking whether make sets $(MAKE)... yes
checking whether make supports nested variables... yes
checking that generated files are newer than configure... done
configure: creating ./config.status
config.status: creating Makefile
+ make
rm -f ./foo.1
: > ./foo.1
+ test -f foo.1
+ make distdir
make  distdir-am
make[1]: Entering directory '/sources/automake-1.16.1/t/man8.dir'
if test -d "man8-1.0"; then find "man8-1.0" -type d ! -perm -200 -exec chmod u+w {} ';' && rm -rf "man8-1.0" || { sleep 5 && rm -rf "man8-1.0"; }; else :; fi
test -d "man8-1.0" || mkdir "man8-1.0"
test -n "" \
|| find "man8-1.0" -type d ! -perm -755 \
	-exec chmod u+rwx,go+rx {} \; -o \
  ! -type d ! -perm -444 -links 1 -exec chmod a+r {} \; -o \
  ! -type d ! -perm -400 -exec chmod a+r {} \; -o \
  ! -type d ! -perm -444 -exec /bin/sh /sources/automake-1.16.1/t/man8.dir/install-sh -c -m a+r {} {} \; \
|| chmod -R a+r "man8-1.0"
make[1]: Leaving directory '/sources/automake-1.16.1/t/man8.dir'
+ test -f man8-1.0/foo.1
+ make distcheck
make  dist-gzip am__post_remove_distdir='@:'
make[1]: Entering directory '/sources/automake-1.16.1/t/man8.dir'
make  distdir-am
make[2]: Entering directory '/sources/automake-1.16.1/t/man8.dir'
if test -d "man8-1.0"; then find "man8-1.0" -type d ! -perm -200 -exec chmod u+w {} ';' && rm -rf "man8-1.0" || { sleep 5 && rm -rf "man8-1.0"; }; else :; fi
test -d "man8-1.0" || mkdir "man8-1.0"
test -n "" \
|| find "man8-1.0" -type d ! -perm -755 \
	-exec chmod u+rwx,go+rx {} \; -o \
  ! -type d ! -perm -444 -links 1 -exec chmod a+r {} \; -o \
  ! -type d ! -perm -400 -exec chmod a+r {} \; -o \
  ! -type d ! -perm -444 -exec /bin/sh /sources/automake-1.16.1/t/man8.dir/install-sh -c -m a+r {} {} \; \
|| chmod -R a+r "man8-1.0"
make[2]: Leaving directory '/sources/automake-1.16.1/t/man8.dir'
tardir=man8-1.0 && ${TAR-tar} chof - "$tardir" | eval GZIP= gzip --best -c >man8-1.0.tar.gz
make[1]: Leaving directory '/sources/automake-1.16.1/t/man8.dir'
if test -d "man8-1.0"; then find "man8-1.0" -type d ! -perm -200 -exec chmod u+w {} ';' && rm -rf "man8-1.0" || { sleep 5 && rm -rf "man8-1.0"; }; else :; fi
case 'man8-1.0.tar.gz' in \
*.tar.gz*) \
  eval GZIP= gzip --best -dc man8-1.0.tar.gz | ${TAR-tar} xf - ;;\
*.tar.bz2*) \
  bzip2 -dc man8-1.0.tar.bz2 | ${TAR-tar} xf - ;;\
*.tar.lz*) \
  lzip -dc man8-1.0.tar.lz | ${TAR-tar} xf - ;;\
*.tar.xz*) \
  xz -dc man8-1.0.tar.xz | ${TAR-tar} xf - ;;\
*.tar.Z*) \
  uncompress -c man8-1.0.tar.Z | ${TAR-tar} xf - ;;\
*.shar.gz*) \
  eval GZIP= gzip --best -dc man8-1.0.shar.gz | unshar ;;\
*.zip*) \
  unzip man8-1.0.zip ;;\
esac
chmod -R a-w man8-1.0
chmod u+w man8-1.0
mkdir man8-1.0/_build man8-1.0/_build/sub man8-1.0/_inst
chmod a-w man8-1.0
test -d man8-1.0/_build || exit 0; \
dc_install_base=`CDPATH="${ZSH_VERSION+.}:" && cd man8-1.0/_inst && pwd | sed -e 's,^[^:\\/]:[\\/],/,'` \
  && dc_destdir="${TMPDIR-/tmp}/am-dc-$$/" \
  && am__cwd=`pwd` \
  && CDPATH="${ZSH_VERSION+.}:" && cd man8-1.0/_build/sub \
  && ../../configure \
     \
     \
    --srcdir=../.. --prefix="$dc_install_base" \
  && make  \
  && make  dvi \
  && make  check \
  && make  install \
  && make  installcheck \
  && make  uninstall \
  && make  distuninstallcheck_dir="$dc_install_base" \
        distuninstallcheck \
  && chmod -R a-w "$dc_install_base" \
  && ({ \
       (cd ../.. && umask 077 && mkdir "$dc_destdir") \
       && make  DESTDIR="$dc_destdir" install \
       && make  DESTDIR="$dc_destdir" uninstall \
       && make  DESTDIR="$dc_destdir" \
            distuninstallcheck_dir="$dc_destdir" distuninstallcheck; \
      } || { rm -rf "$dc_destdir"; exit 1; }) \
  && rm -rf "$dc_destdir" \
  && make  dist \
  && rm -rf man8-1.0.tar.gz \
  && make  distcleancheck \
  && cd "$am__cwd" \
  || exit 1
checking for a BSD-compatible install... /usr/bin/install -c
checking whether build environment is sane... yes
checking for a thread-safe mkdir -p... /tools/bin/mkdir -p
checking for gawk... gawk
checking whether make sets $(MAKE)... yes
checking whether make supports nested variables... yes
checking that generated files are newer than configure... done
configure: creating ./config.status
config.status: creating Makefile
make[1]: Entering directory '/sources/automake-1.16.1/t/man8.dir/man8-1.0/_build/sub'
make[1]: Nothing to be done for 'all'.
make[1]: Leaving directory '/sources/automake-1.16.1/t/man8.dir/man8-1.0/_build/sub'
make[1]: Entering directory '/sources/automake-1.16.1/t/man8.dir/man8-1.0/_build/sub'
make[1]: Nothing to be done for 'dvi'.
make[1]: Leaving directory '/sources/automake-1.16.1/t/man8.dir/man8-1.0/_build/sub'
make[1]: Entering directory '/sources/automake-1.16.1/t/man8.dir/man8-1.0/_build/sub'
make[1]: Nothing to be done for 'check'.
make[1]: Leaving directory '/sources/automake-1.16.1/t/man8.dir/man8-1.0/_build/sub'
make[1]: Entering directory '/sources/automake-1.16.1/t/man8.dir/man8-1.0/_build/sub'
make[2]: Entering directory '/sources/automake-1.16.1/t/man8.dir/man8-1.0/_build/sub'
make[2]: Nothing to be done for 'install-exec-am'.
 /tools/bin/mkdir -p '/sources/automake-1.16.1/t/man8.dir/man8-1.0/_inst/share/man/man1'
 /usr/bin/install -c -m 644 ../../foo.1 '/sources/automake-1.16.1/t/man8.dir/man8-1.0/_inst/share/man/man1'
make[2]: Leaving directory '/sources/automake-1.16.1/t/man8.dir/man8-1.0/_build/sub'
make[1]: Leaving directory '/sources/automake-1.16.1/t/man8.dir/man8-1.0/_build/sub'
make[1]: Entering directory '/sources/automake-1.16.1/t/man8.dir/man8-1.0/_build/sub'
make[1]: Nothing to be done for 'installcheck'.
make[1]: Leaving directory '/sources/automake-1.16.1/t/man8.dir/man8-1.0/_build/sub'
make[1]: Entering directory '/sources/automake-1.16.1/t/man8.dir/man8-1.0/_build/sub'
 ( cd '/sources/automake-1.16.1/t/man8.dir/man8-1.0/_inst/share/man/man1' && rm -f foo.1 )
make[1]: Leaving directory '/sources/automake-1.16.1/t/man8.dir/man8-1.0/_build/sub'
make[1]: Entering directory '/sources/automake-1.16.1/t/man8.dir/man8-1.0/_build/sub'
make[1]: Leaving directory '/sources/automake-1.16.1/t/man8.dir/man8-1.0/_build/sub'
make[1]: Entering directory '/sources/automake-1.16.1/t/man8.dir/man8-1.0/_build/sub'
make[2]: Entering directory '/sources/automake-1.16.1/t/man8.dir/man8-1.0/_build/sub'
make[2]: Nothing to be done for 'install-exec-am'.
 /tools/bin/mkdir -p '/tmp/am-dc-47967//sources/automake-1.16.1/t/man8.dir/man8-1.0/_inst/share/man/man1'
 /usr/bin/install -c -m 644 ../../foo.1 '/tmp/am-dc-47967//sources/automake-1.16.1/t/man8.dir/man8-1.0/_inst/share/man/man1'
make[2]: Leaving directory '/sources/automake-1.16.1/t/man8.dir/man8-1.0/_build/sub'
make[1]: Leaving directory '/sources/automake-1.16.1/t/man8.dir/man8-1.0/_build/sub'
make[1]: Entering directory '/sources/automake-1.16.1/t/man8.dir/man8-1.0/_build/sub'
 ( cd '/tmp/am-dc-47967//sources/automake-1.16.1/t/man8.dir/man8-1.0/_inst/share/man/man1' && rm -f foo.1 )
make[1]: Leaving directory '/sources/automake-1.16.1/t/man8.dir/man8-1.0/_build/sub'
make[1]: Entering directory '/sources/automake-1.16.1/t/man8.dir/man8-1.0/_build/sub'
make[1]: Leaving directory '/sources/automake-1.16.1/t/man8.dir/man8-1.0/_build/sub'
make[1]: Entering directory '/sources/automake-1.16.1/t/man8.dir/man8-1.0/_build/sub'
make  dist-gzip am__post_remove_distdir='@:'
make[2]: Entering directory '/sources/automake-1.16.1/t/man8.dir/man8-1.0/_build/sub'
make  distdir-am
make[3]: Entering directory '/sources/automake-1.16.1/t/man8.dir/man8-1.0/_build/sub'
if test -d "man8-1.0"; then find "man8-1.0" -type d ! -perm -200 -exec chmod u+w {} ';' && rm -rf "man8-1.0" || { sleep 5 && rm -rf "man8-1.0"; }; else :; fi
test -d "man8-1.0" || mkdir "man8-1.0"
test -n "" \
|| find "man8-1.0" -type d ! -perm -755 \
	-exec chmod u+rwx,go+rx {} \; -o \
  ! -type d ! -perm -444 -links 1 -exec chmod a+r {} \; -o \
  ! -type d ! -perm -400 -exec chmod a+r {} \; -o \
  ! -type d ! -perm -444 -exec /bin/sh /sources/automake-1.16.1/t/man8.dir/man8-1.0/install-sh -c -m a+r {} {} \; \
|| chmod -R a+r "man8-1.0"
make[3]: Leaving directory '/sources/automake-1.16.1/t/man8.dir/man8-1.0/_build/sub'
tardir=man8-1.0 && ${TAR-tar} chof - "$tardir" | eval GZIP= gzip --best -c >man8-1.0.tar.gz
make[2]: Leaving directory '/sources/automake-1.16.1/t/man8.dir/man8-1.0/_build/sub'
if test -d "man8-1.0"; then find "man8-1.0" -type d ! -perm -200 -exec chmod u+w {} ';' && rm -rf "man8-1.0" || { sleep 5 && rm -rf "man8-1.0"; }; else :; fi
make[1]: Leaving directory '/sources/automake-1.16.1/t/man8.dir/man8-1.0/_build/sub'
make[1]: Entering directory '/sources/automake-1.16.1/t/man8.dir/man8-1.0/_build/sub'
test -z "" || rm -f 
test . = "../.." || test -z "" || rm -f 
rm -f config.status config.cache config.log configure.lineno config.status.lineno
rm -f Makefile
make[1]: Leaving directory '/sources/automake-1.16.1/t/man8.dir/man8-1.0/_build/sub'
if test -d "man8-1.0"; then find "man8-1.0" -type d ! -perm -200 -exec chmod u+w {} ';' && rm -rf "man8-1.0" || { sleep 5 && rm -rf "man8-1.0"; }; else :; fi
==========================================
man8-1.0 archives ready for distribution: 
man8-1.0.tar.gz
==========================================
+ :
+ am_exit_trap 0
+ exit_status=0
+ set +e
+ cd /sources/automake-1.16.1
+ test none = tap
+ case $am_explicit_skips in
+ test 0 -eq 0
+ am_keeping_testdirs
+ case $keep_testdirs in
+ return 1
+ rm_rf_ t/man8.dir
+ test 1 -gt 0
+ /usr/bin/perl /sources/automake-1.16.1/t/ax/deltree.pl t/man8.dir
+ set +x
PASS t/man8.sh (exit status: 0)
