Running from installcheck: no
Test Protocol: none
PATH = /sources/automake-1.16.1/bin:/sources/automake-1.16.1/t/ax:/bin:/usr/bin:/sbin:/usr/sbin:/tools/bin
++ pwd
/sources/automake-1.16.1/t/mdate5.dir
+ get_shell_script mdate-sh
+ am_source=mdate-sh
+ am_target=mdate-sh
+ test '!' -f mdate-sh
+ test x = xyes
+ cp -f /sources/automake-1.16.1/lib/mdate-sh mdate-sh
+ sed 10q mdate-sh
#!/bin/sh
# Get modification time of a file or directory and pretty-print it.

scriptversion=2018-03-07.03; # UTC

# Copyright (C) 1995-2018 Free Software Foundation, Inc.
# written by Ulrich Drepper <drepper@gnu.ai.mit.edu>, June 1995
#
# This program is free software; you can redistribute it and/or modify
# it under the terms of the GNU General Public License as published by
+ unset am_target am_source
++ ./mdate-sh mdate-sh
+ set x 27 November 2018
+ shift
+ echo '27 November 2018'
27 November 2018
+ test 3 = 3
+ case $1$3 in
+ test 27 -lt 32
+ case $3 in
+ :
+ case $2 in
++ date +%Y
+ year=2018
+ test 2018 -gt 2010
+ test 2018 = 2018
+ :
+ am_exit_trap 0
+ exit_status=0
+ set +e
+ cd /sources/automake-1.16.1
+ test none = tap
+ case $am_explicit_skips in
+ test 0 -eq 0
+ am_keeping_testdirs
+ case $keep_testdirs in
+ return 1
+ rm_rf_ t/mdate5.dir
+ test 1 -gt 0
+ /usr/bin/perl /sources/automake-1.16.1/t/ax/deltree.pl t/mdate5.dir
+ set +x
PASS t/mdate5.sh (exit status: 0)
