./t/mdate6-w.sh: will source ./t/mdate6.sh
Running from installcheck: no
Test Protocol: none
PATH = /sources/automake-1.16.1/bin:/sources/automake-1.16.1/t/ax:/bin:/usr/bin:/sbin:/usr/sbin:/tools/bin
+++ pwd
/sources/automake-1.16.1/t/mdate6-w.dir
++ a=
++ file='file  name $a'
++ :
++ get_shell_script mdate-sh
++ am_source=mdate-sh
++ am_target=mdate-sh
++ test '!' -f mdate-sh
++ test xyes = xyes
++ sed '1s|#!.*|#! /bin/sh|' /sources/automake-1.16.1/lib/mdate-sh
++ chmod a+x mdate-sh
++ sed 10q mdate-sh
#! /bin/sh
# Get modification time of a file or directory and pretty-print it.

scriptversion=2018-03-07.03; # UTC

# Copyright (C) 1995-2018 Free Software Foundation, Inc.
# written by Ulrich Drepper <drepper@gnu.ai.mit.edu>, June 1995
#
# This program is free software; you can redistribute it and/or modify
# it under the terms of the GNU General Public License as published by
++ unset am_target am_source
++ ./mdate-sh 'file  name $a'
++ cat stdout
27 November 2018
++ cat stderr
++ grep '[12][0-9]\{3\}' stdout
27 November 2018
++ test '!' -s stderr
++ :
+ _am_exit 0
+ set +e
+ test 77 = 0
+ exit 0
+ exit 0
+ am_exit_trap 0
+ exit_status=0
+ set +e
+ cd /sources/automake-1.16.1
+ test none = tap
+ case $am_explicit_skips in
+ test 0 -eq 0
+ am_keeping_testdirs
+ case $keep_testdirs in
+ return 1
+ rm_rf_ t/mdate6-w.dir
+ test 1 -gt 0
+ /usr/bin/perl /sources/automake-1.16.1/t/ax/deltree.pl t/mdate6-w.dir
+ set +x
PASS t/mdate6-w.sh (exit status: 0)
