Running from installcheck: no
Test Protocol: none
PATH = /sources/automake-1.16.1/bin:/sources/automake-1.16.1/t/ax:/bin:/usr/bin:/sbin:/usr/sbin:/tools/bin
++ pwd
/sources/automake-1.16.1/t/mkdir_p.dir
+ cat
+ cat
+ mkdir sub
+ cat
+ aclocal-1.16 -Werror
+ autoconf -Werror -Wall
+ automake-1.16 --foreign -Werror -Wall
+ ./configure
checking for a BSD-compatible install... /usr/bin/install -c
checking whether build environment is sane... yes
checking for a thread-safe mkdir -p... /tools/bin/mkdir -p
checking for gawk... gawk
checking whether make sets $(MAKE)... yes
checking whether make supports nested variables... yes
checking that generated files are newer than configure... done
configure: creating ./config.status
config.status: creating Makefile
config.status: creating sub/Makefile
+ make check-local
Making all in sub
make[1]: Entering directory '/sources/automake-1.16.1/t/mkdir_p.dir/sub'
/tools/bin/mkdir -p .. ../dir3/c
/tools/bin/mkdir -p .. ../dir3/d
make[1]: Leaving directory '/sources/automake-1.16.1/t/mkdir_p.dir/sub'
make[1]: Entering directory '/sources/automake-1.16.1/t/mkdir_p.dir'
/tools/bin/mkdir -p . dir1/a
/tools/bin/mkdir -p . dir2/b
make[1]: Leaving directory '/sources/automake-1.16.1/t/mkdir_p.dir'
test -d dir1/a
test -d dir2/b
test -d dir3/c
test -d dir3/d
+ make distcheck
make  dist-gzip am__post_remove_distdir='@:'
make[1]: Entering directory '/sources/automake-1.16.1/t/mkdir_p.dir'
make  distdir-am
make[2]: Entering directory '/sources/automake-1.16.1/t/mkdir_p.dir'
if test -d "mkdir_p-1.0"; then find "mkdir_p-1.0" -type d ! -perm -200 -exec chmod u+w {} ';' && rm -rf "mkdir_p-1.0" || { sleep 5 && rm -rf "mkdir_p-1.0"; }; else :; fi
test -d "mkdir_p-1.0" || mkdir "mkdir_p-1.0"
 (cd sub && make  top_distdir=../mkdir_p-1.0 distdir=../mkdir_p-1.0/sub \
     am__remove_distdir=: am__skip_length_check=: am__skip_mode_fix=: distdir)
make[3]: Entering directory '/sources/automake-1.16.1/t/mkdir_p.dir/sub'
make  distdir-am
make[4]: Entering directory '/sources/automake-1.16.1/t/mkdir_p.dir/sub'
make[4]: Leaving directory '/sources/automake-1.16.1/t/mkdir_p.dir/sub'
make[3]: Leaving directory '/sources/automake-1.16.1/t/mkdir_p.dir/sub'
test -n "" \
|| find "mkdir_p-1.0" -type d ! -perm -755 \
	-exec chmod u+rwx,go+rx {} \; -o \
  ! -type d ! -perm -444 -links 1 -exec chmod a+r {} \; -o \
  ! -type d ! -perm -400 -exec chmod a+r {} \; -o \
  ! -type d ! -perm -444 -exec /bin/sh /sources/automake-1.16.1/t/mkdir_p.dir/install-sh -c -m a+r {} {} \; \
|| chmod -R a+r "mkdir_p-1.0"
make[2]: Leaving directory '/sources/automake-1.16.1/t/mkdir_p.dir'
tardir=mkdir_p-1.0 && ${TAR-tar} chof - "$tardir" | eval GZIP= gzip --best -c >mkdir_p-1.0.tar.gz
make[1]: Leaving directory '/sources/automake-1.16.1/t/mkdir_p.dir'
if test -d "mkdir_p-1.0"; then find "mkdir_p-1.0" -type d ! -perm -200 -exec chmod u+w {} ';' && rm -rf "mkdir_p-1.0" || { sleep 5 && rm -rf "mkdir_p-1.0"; }; else :; fi
case 'mkdir_p-1.0.tar.gz' in \
*.tar.gz*) \
  eval GZIP= gzip --best -dc mkdir_p-1.0.tar.gz | ${TAR-tar} xf - ;;\
*.tar.bz2*) \
  bzip2 -dc mkdir_p-1.0.tar.bz2 | ${TAR-tar} xf - ;;\
*.tar.lz*) \
  lzip -dc mkdir_p-1.0.tar.lz | ${TAR-tar} xf - ;;\
*.tar.xz*) \
  xz -dc mkdir_p-1.0.tar.xz | ${TAR-tar} xf - ;;\
*.tar.Z*) \
  uncompress -c mkdir_p-1.0.tar.Z | ${TAR-tar} xf - ;;\
*.shar.gz*) \
  eval GZIP= gzip --best -dc mkdir_p-1.0.shar.gz | unshar ;;\
*.zip*) \
  unzip mkdir_p-1.0.zip ;;\
esac
chmod -R a-w mkdir_p-1.0
chmod u+w mkdir_p-1.0
mkdir mkdir_p-1.0/_build mkdir_p-1.0/_build/sub mkdir_p-1.0/_inst
chmod a-w mkdir_p-1.0
test -d mkdir_p-1.0/_build || exit 0; \
dc_install_base=`CDPATH="${ZSH_VERSION+.}:" && cd mkdir_p-1.0/_inst && pwd | sed -e 's,^[^:\\/]:[\\/],/,'` \
  && dc_destdir="${TMPDIR-/tmp}/am-dc-$$/" \
  && am__cwd=`pwd` \
  && CDPATH="${ZSH_VERSION+.}:" && cd mkdir_p-1.0/_build/sub \
  && ../../configure \
     \
     \
    --srcdir=../.. --prefix="$dc_install_base" \
  && make  \
  && make  dvi \
  && make  check \
  && make  install \
  && make  installcheck \
  && make  uninstall \
  && make  distuninstallcheck_dir="$dc_install_base" \
        distuninstallcheck \
  && chmod -R a-w "$dc_install_base" \
  && ({ \
       (cd ../.. && umask 077 && mkdir "$dc_destdir") \
       && make  DESTDIR="$dc_destdir" install \
       && make  DESTDIR="$dc_destdir" uninstall \
       && make  DESTDIR="$dc_destdir" \
            distuninstallcheck_dir="$dc_destdir" distuninstallcheck; \
      } || { rm -rf "$dc_destdir"; exit 1; }) \
  && rm -rf "$dc_destdir" \
  && make  dist \
  && rm -rf mkdir_p-1.0.tar.gz \
  && make  distcleancheck \
  && cd "$am__cwd" \
  || exit 1
checking for a BSD-compatible install... /usr/bin/install -c
checking whether build environment is sane... yes
checking for a thread-safe mkdir -p... /tools/bin/mkdir -p
checking for gawk... gawk
checking whether make sets $(MAKE)... yes
checking whether make supports nested variables... yes
checking that generated files are newer than configure... done
configure: creating ./config.status
config.status: creating Makefile
config.status: creating sub/Makefile
make[1]: Entering directory '/sources/automake-1.16.1/t/mkdir_p.dir/mkdir_p-1.0/_build/sub'
Making all in sub
make[2]: Entering directory '/sources/automake-1.16.1/t/mkdir_p.dir/mkdir_p-1.0/_build/sub/sub'
/tools/bin/mkdir -p .. ../dir3/c
/tools/bin/mkdir -p .. ../dir3/d
make[2]: Leaving directory '/sources/automake-1.16.1/t/mkdir_p.dir/mkdir_p-1.0/_build/sub/sub'
make[2]: Entering directory '/sources/automake-1.16.1/t/mkdir_p.dir/mkdir_p-1.0/_build/sub'
/tools/bin/mkdir -p . dir1/a
/tools/bin/mkdir -p . dir2/b
make[2]: Leaving directory '/sources/automake-1.16.1/t/mkdir_p.dir/mkdir_p-1.0/_build/sub'
make[1]: Leaving directory '/sources/automake-1.16.1/t/mkdir_p.dir/mkdir_p-1.0/_build/sub'
make[1]: Entering directory '/sources/automake-1.16.1/t/mkdir_p.dir/mkdir_p-1.0/_build/sub'
Making dvi in sub
make[2]: Entering directory '/sources/automake-1.16.1/t/mkdir_p.dir/mkdir_p-1.0/_build/sub/sub'
make[2]: Nothing to be done for 'dvi'.
make[2]: Leaving directory '/sources/automake-1.16.1/t/mkdir_p.dir/mkdir_p-1.0/_build/sub/sub'
make[2]: Entering directory '/sources/automake-1.16.1/t/mkdir_p.dir/mkdir_p-1.0/_build/sub'
make[2]: Nothing to be done for 'dvi-am'.
make[2]: Leaving directory '/sources/automake-1.16.1/t/mkdir_p.dir/mkdir_p-1.0/_build/sub'
make[1]: Leaving directory '/sources/automake-1.16.1/t/mkdir_p.dir/mkdir_p-1.0/_build/sub'
make[1]: Entering directory '/sources/automake-1.16.1/t/mkdir_p.dir/mkdir_p-1.0/_build/sub'
Making check in sub
make[2]: Entering directory '/sources/automake-1.16.1/t/mkdir_p.dir/mkdir_p-1.0/_build/sub/sub'
/tools/bin/mkdir -p .. ../dir3/c
/tools/bin/mkdir -p .. ../dir3/d
make[2]: Leaving directory '/sources/automake-1.16.1/t/mkdir_p.dir/mkdir_p-1.0/_build/sub/sub'
make[2]: Entering directory '/sources/automake-1.16.1/t/mkdir_p.dir/mkdir_p-1.0/_build/sub'
/tools/bin/mkdir -p . dir1/a
/tools/bin/mkdir -p . dir2/b
make  check-local
make[3]: Entering directory '/sources/automake-1.16.1/t/mkdir_p.dir/mkdir_p-1.0/_build/sub'
Making all in sub
make[4]: Entering directory '/sources/automake-1.16.1/t/mkdir_p.dir/mkdir_p-1.0/_build/sub/sub'
/tools/bin/mkdir -p .. ../dir3/c
/tools/bin/mkdir -p .. ../dir3/d
make[4]: Leaving directory '/sources/automake-1.16.1/t/mkdir_p.dir/mkdir_p-1.0/_build/sub/sub'
make[4]: Entering directory '/sources/automake-1.16.1/t/mkdir_p.dir/mkdir_p-1.0/_build/sub'
/tools/bin/mkdir -p . dir1/a
/tools/bin/mkdir -p . dir2/b
make[4]: Leaving directory '/sources/automake-1.16.1/t/mkdir_p.dir/mkdir_p-1.0/_build/sub'
test -d dir1/a
test -d dir2/b
test -d dir3/c
test -d dir3/d
make[3]: Leaving directory '/sources/automake-1.16.1/t/mkdir_p.dir/mkdir_p-1.0/_build/sub'
make[2]: Leaving directory '/sources/automake-1.16.1/t/mkdir_p.dir/mkdir_p-1.0/_build/sub'
make[1]: Leaving directory '/sources/automake-1.16.1/t/mkdir_p.dir/mkdir_p-1.0/_build/sub'
make[1]: Entering directory '/sources/automake-1.16.1/t/mkdir_p.dir/mkdir_p-1.0/_build/sub'
Making install in sub
make[2]: Entering directory '/sources/automake-1.16.1/t/mkdir_p.dir/mkdir_p-1.0/_build/sub/sub'
/tools/bin/mkdir -p .. ../dir3/c
/tools/bin/mkdir -p .. ../dir3/d
make[3]: Entering directory '/sources/automake-1.16.1/t/mkdir_p.dir/mkdir_p-1.0/_build/sub/sub'
make[3]: Nothing to be done for 'install-exec-am'.
make[3]: Nothing to be done for 'install-data-am'.
make[3]: Leaving directory '/sources/automake-1.16.1/t/mkdir_p.dir/mkdir_p-1.0/_build/sub/sub'
make[2]: Leaving directory '/sources/automake-1.16.1/t/mkdir_p.dir/mkdir_p-1.0/_build/sub/sub'
make[2]: Entering directory '/sources/automake-1.16.1/t/mkdir_p.dir/mkdir_p-1.0/_build/sub'
/tools/bin/mkdir -p . dir1/a
/tools/bin/mkdir -p . dir2/b
make[3]: Entering directory '/sources/automake-1.16.1/t/mkdir_p.dir/mkdir_p-1.0/_build/sub'
make[3]: Nothing to be done for 'install-exec-am'.
make[3]: Nothing to be done for 'install-data-am'.
make[3]: Leaving directory '/sources/automake-1.16.1/t/mkdir_p.dir/mkdir_p-1.0/_build/sub'
make[2]: Leaving directory '/sources/automake-1.16.1/t/mkdir_p.dir/mkdir_p-1.0/_build/sub'
make[1]: Leaving directory '/sources/automake-1.16.1/t/mkdir_p.dir/mkdir_p-1.0/_build/sub'
make[1]: Entering directory '/sources/automake-1.16.1/t/mkdir_p.dir/mkdir_p-1.0/_build/sub'
Making installcheck in sub
make[2]: Entering directory '/sources/automake-1.16.1/t/mkdir_p.dir/mkdir_p-1.0/_build/sub/sub'
make[2]: Nothing to be done for 'installcheck'.
make[2]: Leaving directory '/sources/automake-1.16.1/t/mkdir_p.dir/mkdir_p-1.0/_build/sub/sub'
make[2]: Entering directory '/sources/automake-1.16.1/t/mkdir_p.dir/mkdir_p-1.0/_build/sub'
make[2]: Nothing to be done for 'installcheck-am'.
make[2]: Leaving directory '/sources/automake-1.16.1/t/mkdir_p.dir/mkdir_p-1.0/_build/sub'
make[1]: Leaving directory '/sources/automake-1.16.1/t/mkdir_p.dir/mkdir_p-1.0/_build/sub'
make[1]: Entering directory '/sources/automake-1.16.1/t/mkdir_p.dir/mkdir_p-1.0/_build/sub'
Making uninstall in sub
make[2]: Entering directory '/sources/automake-1.16.1/t/mkdir_p.dir/mkdir_p-1.0/_build/sub/sub'
make[2]: Nothing to be done for 'uninstall'.
make[2]: Leaving directory '/sources/automake-1.16.1/t/mkdir_p.dir/mkdir_p-1.0/_build/sub/sub'
make[2]: Entering directory '/sources/automake-1.16.1/t/mkdir_p.dir/mkdir_p-1.0/_build/sub'
make[2]: Nothing to be done for 'uninstall-am'.
make[2]: Leaving directory '/sources/automake-1.16.1/t/mkdir_p.dir/mkdir_p-1.0/_build/sub'
make[1]: Leaving directory '/sources/automake-1.16.1/t/mkdir_p.dir/mkdir_p-1.0/_build/sub'
make[1]: Entering directory '/sources/automake-1.16.1/t/mkdir_p.dir/mkdir_p-1.0/_build/sub'
make[1]: Leaving directory '/sources/automake-1.16.1/t/mkdir_p.dir/mkdir_p-1.0/_build/sub'
make[1]: Entering directory '/sources/automake-1.16.1/t/mkdir_p.dir/mkdir_p-1.0/_build/sub'
Making install in sub
make[2]: Entering directory '/sources/automake-1.16.1/t/mkdir_p.dir/mkdir_p-1.0/_build/sub/sub'
/tools/bin/mkdir -p .. ../dir3/c
/tools/bin/mkdir -p .. ../dir3/d
make[3]: Entering directory '/sources/automake-1.16.1/t/mkdir_p.dir/mkdir_p-1.0/_build/sub/sub'
make[3]: Nothing to be done for 'install-exec-am'.
make[3]: Nothing to be done for 'install-data-am'.
make[3]: Leaving directory '/sources/automake-1.16.1/t/mkdir_p.dir/mkdir_p-1.0/_build/sub/sub'
make[2]: Leaving directory '/sources/automake-1.16.1/t/mkdir_p.dir/mkdir_p-1.0/_build/sub/sub'
make[2]: Entering directory '/sources/automake-1.16.1/t/mkdir_p.dir/mkdir_p-1.0/_build/sub'
/tools/bin/mkdir -p . dir1/a
/tools/bin/mkdir -p . dir2/b
make[3]: Entering directory '/sources/automake-1.16.1/t/mkdir_p.dir/mkdir_p-1.0/_build/sub'
make[3]: Nothing to be done for 'install-exec-am'.
make[3]: Nothing to be done for 'install-data-am'.
make[3]: Leaving directory '/sources/automake-1.16.1/t/mkdir_p.dir/mkdir_p-1.0/_build/sub'
make[2]: Leaving directory '/sources/automake-1.16.1/t/mkdir_p.dir/mkdir_p-1.0/_build/sub'
make[1]: Leaving directory '/sources/automake-1.16.1/t/mkdir_p.dir/mkdir_p-1.0/_build/sub'
make[1]: Entering directory '/sources/automake-1.16.1/t/mkdir_p.dir/mkdir_p-1.0/_build/sub'
Making uninstall in sub
make[2]: Entering directory '/sources/automake-1.16.1/t/mkdir_p.dir/mkdir_p-1.0/_build/sub/sub'
make[2]: Nothing to be done for 'uninstall'.
make[2]: Leaving directory '/sources/automake-1.16.1/t/mkdir_p.dir/mkdir_p-1.0/_build/sub/sub'
make[2]: Entering directory '/sources/automake-1.16.1/t/mkdir_p.dir/mkdir_p-1.0/_build/sub'
make[2]: Nothing to be done for 'uninstall-am'.
make[2]: Leaving directory '/sources/automake-1.16.1/t/mkdir_p.dir/mkdir_p-1.0/_build/sub'
make[1]: Leaving directory '/sources/automake-1.16.1/t/mkdir_p.dir/mkdir_p-1.0/_build/sub'
make[1]: Entering directory '/sources/automake-1.16.1/t/mkdir_p.dir/mkdir_p-1.0/_build/sub'
make[1]: Leaving directory '/sources/automake-1.16.1/t/mkdir_p.dir/mkdir_p-1.0/_build/sub'
make[1]: Entering directory '/sources/automake-1.16.1/t/mkdir_p.dir/mkdir_p-1.0/_build/sub'
make  dist-gzip am__post_remove_distdir='@:'
make[2]: Entering directory '/sources/automake-1.16.1/t/mkdir_p.dir/mkdir_p-1.0/_build/sub'
make  distdir-am
make[3]: Entering directory '/sources/automake-1.16.1/t/mkdir_p.dir/mkdir_p-1.0/_build/sub'
if test -d "mkdir_p-1.0"; then find "mkdir_p-1.0" -type d ! -perm -200 -exec chmod u+w {} ';' && rm -rf "mkdir_p-1.0" || { sleep 5 && rm -rf "mkdir_p-1.0"; }; else :; fi
test -d "mkdir_p-1.0" || mkdir "mkdir_p-1.0"
 (cd sub && make  top_distdir=../mkdir_p-1.0 distdir=../mkdir_p-1.0/sub \
     am__remove_distdir=: am__skip_length_check=: am__skip_mode_fix=: distdir)
make[4]: Entering directory '/sources/automake-1.16.1/t/mkdir_p.dir/mkdir_p-1.0/_build/sub/sub'
make  distdir-am
make[5]: Entering directory '/sources/automake-1.16.1/t/mkdir_p.dir/mkdir_p-1.0/_build/sub/sub'
make[5]: Leaving directory '/sources/automake-1.16.1/t/mkdir_p.dir/mkdir_p-1.0/_build/sub/sub'
make[4]: Leaving directory '/sources/automake-1.16.1/t/mkdir_p.dir/mkdir_p-1.0/_build/sub/sub'
test -n "" \
|| find "mkdir_p-1.0" -type d ! -perm -755 \
	-exec chmod u+rwx,go+rx {} \; -o \
  ! -type d ! -perm -444 -links 1 -exec chmod a+r {} \; -o \
  ! -type d ! -perm -400 -exec chmod a+r {} \; -o \
  ! -type d ! -perm -444 -exec /bin/sh /sources/automake-1.16.1/t/mkdir_p.dir/mkdir_p-1.0/install-sh -c -m a+r {} {} \; \
|| chmod -R a+r "mkdir_p-1.0"
make[3]: Leaving directory '/sources/automake-1.16.1/t/mkdir_p.dir/mkdir_p-1.0/_build/sub'
tardir=mkdir_p-1.0 && ${TAR-tar} chof - "$tardir" | eval GZIP= gzip --best -c >mkdir_p-1.0.tar.gz
make[2]: Leaving directory '/sources/automake-1.16.1/t/mkdir_p.dir/mkdir_p-1.0/_build/sub'
if test -d "mkdir_p-1.0"; then find "mkdir_p-1.0" -type d ! -perm -200 -exec chmod u+w {} ';' && rm -rf "mkdir_p-1.0" || { sleep 5 && rm -rf "mkdir_p-1.0"; }; else :; fi
make[1]: Leaving directory '/sources/automake-1.16.1/t/mkdir_p.dir/mkdir_p-1.0/_build/sub'
make[1]: Entering directory '/sources/automake-1.16.1/t/mkdir_p.dir/mkdir_p-1.0/_build/sub'
Making distclean in sub
make[2]: Entering directory '/sources/automake-1.16.1/t/mkdir_p.dir/mkdir_p-1.0/_build/sub/sub'
test -z "" || rm -f 
test . = "../../../sub" || test -z "" || rm -f 
rm -f Makefile
make[2]: Leaving directory '/sources/automake-1.16.1/t/mkdir_p.dir/mkdir_p-1.0/_build/sub/sub'
make[2]: Entering directory '/sources/automake-1.16.1/t/mkdir_p.dir/mkdir_p-1.0/_build/sub'
test -z "" || rm -f 
test . = "../.." || test -z "" || rm -f 
rm -f TAGS ID GTAGS GRTAGS GSYMS GPATH tags
rm -f cscope.out cscope.in.out cscope.po.out cscope.files
make[2]: Leaving directory '/sources/automake-1.16.1/t/mkdir_p.dir/mkdir_p-1.0/_build/sub'
rm -f config.status config.cache config.log configure.lineno config.status.lineno
rm -f Makefile
make[1]: Leaving directory '/sources/automake-1.16.1/t/mkdir_p.dir/mkdir_p-1.0/_build/sub'
if test -d "mkdir_p-1.0"; then find "mkdir_p-1.0" -type d ! -perm -200 -exec chmod u+w {} ';' && rm -rf "mkdir_p-1.0" || { sleep 5 && rm -rf "mkdir_p-1.0"; }; else :; fi
=============================================
mkdir_p-1.0 archives ready for distribution: 
mkdir_p-1.0.tar.gz
=============================================
+ :
+ am_exit_trap 0
+ exit_status=0
+ set +e
+ cd /sources/automake-1.16.1
+ test none = tap
+ case $am_explicit_skips in
+ test 0 -eq 0
+ am_keeping_testdirs
+ case $keep_testdirs in
+ return 1
+ rm_rf_ t/mkdir_p.dir
+ test 1 -gt 0
+ /usr/bin/perl /sources/automake-1.16.1/t/ax/deltree.pl t/mkdir_p.dir
+ set +x
PASS t/mkdir_p.sh (exit status: 0)
