Running from installcheck: no
Test Protocol: none
PATH = /sources/automake-1.16.1/bin:/sources/automake-1.16.1/t/ax:/bin:/usr/bin:/sbin:/usr/sbin:/tools/bin
++ pwd
/sources/automake-1.16.1/t/mmode.dir
+ cat
+ :
+ aclocal-1.16 -Werror
+ autoconf
+ automake-1.16 --foreign -Werror -Wall -a
+ ./configure
checking for a BSD-compatible install... /usr/bin/install -c
checking whether build environment is sane... yes
checking for a thread-safe mkdir -p... /tools/bin/mkdir -p
checking for gawk... gawk
checking whether make sets $(MAKE)... yes
checking whether make supports nested variables... yes
checking whether to enable maintainer-specific portions of Makefiles... no
checking that generated files are newer than configure... done
configure: creating ./config.status
config.status: creating Makefile
+ grep '^MAINT.*#' Makefile
MAINT = #
+ ./configure --disable-maintainer-mode
checking for a BSD-compatible install... /usr/bin/install -c
checking whether build environment is sane... yes
checking for a thread-safe mkdir -p... /tools/bin/mkdir -p
checking for gawk... gawk
checking whether make sets $(MAKE)... yes
checking whether make supports nested variables... yes
checking whether to enable maintainer-specific portions of Makefiles... no
checking that generated files are newer than configure... done
configure: creating ./config.status
config.status: creating Makefile
+ grep '^MAINT.*#' Makefile
MAINT = #
+ ./configure --enable-maintainer-mode
checking for a BSD-compatible install... /usr/bin/install -c
checking whether build environment is sane... yes
checking for a thread-safe mkdir -p... /tools/bin/mkdir -p
checking for gawk... gawk
checking whether make sets $(MAKE)... yes
checking whether make supports nested variables... yes
checking whether to enable maintainer-specific portions of Makefiles... yes
checking that generated files are newer than configure... done
configure: creating ./config.status
config.status: creating Makefile
+ grep '^MAINT.*#' Makefile
+ sed 's/\(AM_MAINTAINER_MODE\).*/\1([disable])/' configure.ac
+ mv -f configure.tmp configure.ac
+ mv configure configure1
+ autoconf --force
+ diff configure configure1
+ sed 's/\(AM_MAINTAINER_MODE\).*/\1([enable])/' configure.ac
+ mv -f configure.tmp configure.ac
+ autoconf --force
+ ./configure
checking for a BSD-compatible install... /usr/bin/install -c
checking whether build environment is sane... yes
checking for a thread-safe mkdir -p... /tools/bin/mkdir -p
checking for gawk... gawk
checking whether make sets $(MAKE)... yes
checking whether make supports nested variables... yes
checking whether to enable maintainer-specific portions of Makefiles... yes
checking that generated files are newer than configure... done
configure: creating ./config.status
config.status: creating Makefile
+ grep '^MAINT.*#' Makefile
+ ./configure --enable-maintainer-mode
checking for a BSD-compatible install... /usr/bin/install -c
checking whether build environment is sane... yes
checking for a thread-safe mkdir -p... /tools/bin/mkdir -p
checking for gawk... gawk
checking whether make sets $(MAKE)... yes
checking whether make supports nested variables... yes
checking whether to enable maintainer-specific portions of Makefiles... yes
checking that generated files are newer than configure... done
configure: creating ./config.status
config.status: creating Makefile
+ grep '^MAINT.*#' Makefile
+ ./configure --disable-maintainer-mode
checking for a BSD-compatible install... /usr/bin/install -c
checking whether build environment is sane... yes
checking for a thread-safe mkdir -p... /tools/bin/mkdir -p
checking for gawk... gawk
checking whether make sets $(MAKE)... yes
checking whether make supports nested variables... yes
checking whether to enable maintainer-specific portions of Makefiles... no
checking that generated files are newer than configure... done
configure: creating ./config.status
config.status: creating Makefile
+ grep '^MAINT.*#' Makefile
MAINT = #
+ sed 's/\(AM_MAINTAINER_MODE\).*/\1([foo])/' configure.ac
+ mv -f configure.tmp configure.ac
+ autoconf --force -Werror
configure.ac:4: warning: unexpected argument to AM_MAINTAINER_MODE: foo
aclocal.m4:398: AM_MAINTAINER_MODE is expanded from...
configure.ac:4: the top level
+ :
+ am_exit_trap 0
+ exit_status=0
+ set +e
+ cd /sources/automake-1.16.1
+ test none = tap
+ case $am_explicit_skips in
+ test 0 -eq 0
+ am_keeping_testdirs
+ case $keep_testdirs in
+ return 1
+ rm_rf_ t/mmode.dir
+ test 1 -gt 0
+ /usr/bin/perl /sources/automake-1.16.1/t/ax/deltree.pl t/mmode.dir
+ set +x
PASS t/mmode.sh (exit status: 0)
