nobase-libtool: running libtoolize --version
libtoolize (GNU libtool) 2.4.6
Written by Gary V. Vaughan <gary@gnu.org>, 2003

Copyright (C) 2015 Free Software Foundation, Inc.
This is free software; see the source for copying conditions.  There is NO
warranty; not even for MERCHANTABILITY or FITNESS FOR A PARTICULAR PURPOSE.
Running from installcheck: no
Test Protocol: none
PATH = /sources/automake-1.16.1/bin:/sources/automake-1.16.1/t/ax:/bin:/usr/bin:/sbin:/usr/sbin:/tools/bin
++ pwd
/sources/automake-1.16.1/t/nobase-libtool.dir
+ cat
+ cat
+ mkdir sub
+ cat
+ cp source.c source2.c
+ rm -f install-sh
+ libtoolize
libtoolize: putting auxiliary files in '.'.
libtoolize: linking file './ltmain.sh'
libtoolize: You should add the contents of the following files to 'aclocal.m4':
libtoolize:   '/usr/share/aclocal/libtool.m4'
libtoolize:   '/usr/share/aclocal/ltoptions.m4'
libtoolize:   '/usr/share/aclocal/ltsugar.m4'
libtoolize:   '/usr/share/aclocal/ltversion.m4'
libtoolize:   '/usr/share/aclocal/lt~obsolete.m4'
libtoolize: Consider adding 'AC_CONFIG_MACRO_DIRS([m4])' to configure.ac,
libtoolize: and rerunning libtoolize and aclocal.
libtoolize: Consider adding '-I m4' to ACLOCAL_AMFLAGS in Makefile.am.
+ aclocal-1.16 -Werror
+ autoconf
+ automake-1.16 --foreign -Werror -Wall -a --copy
configure.ac:5: installing './ar-lib'
configure.ac:6: installing './config.guess'
configure.ac:6: installing './config.sub'
configure.ac:2: installing './install-sh'
++ pwd
+ ./configure --prefix /sources/automake-1.16.1/t/nobase-libtool.dir/inst --program-prefix=p
checking for a BSD-compatible install... /usr/bin/install -c
checking whether build environment is sane... yes
checking for a thread-safe mkdir -p... /tools/bin/mkdir -p
checking for gawk... gawk
checking whether make sets $(MAKE)... yes
checking whether make supports nested variables... yes
checking for gcc... cc
checking whether the C compiler works... yes
checking for C compiler default output file name... a.out
checking for suffix of executables... 
checking whether we are cross compiling... no
checking for suffix of object files... o
checking whether we are using the GNU C compiler... yes
checking whether cc accepts -g... yes
checking for cc option to accept ISO C89... none needed
checking whether cc understands -c and -o together... yes
checking whether make supports the include directive... yes (GNU style)
checking dependency style of cc... gcc3
checking for ar... ar
checking the archiver (ar) interface... ar
checking build system type... x86_64-pc-linux-gnu
checking host system type... x86_64-pc-linux-gnu
checking how to print strings... printf
checking for a sed that does not truncate output... /bin/sed
checking for grep that handles long lines and -e... /bin/grep
checking for egrep... /bin/grep -E
checking for fgrep... /bin/grep -F
checking for ld used by cc... /usr/bin/ld
checking if the linker (/usr/bin/ld) is GNU ld... yes
checking for BSD- or MS-compatible name lister (nm)... /usr/bin/nm -B
checking the name lister (/usr/bin/nm -B) interface... BSD nm
checking whether ln -s works... yes
checking the maximum length of command line arguments... 6291456
checking how to convert x86_64-pc-linux-gnu file names to x86_64-pc-linux-gnu format... func_convert_file_noop
checking how to convert x86_64-pc-linux-gnu file names to toolchain format... func_convert_file_noop
checking for /usr/bin/ld option to reload object files... -r
checking for objdump... objdump
checking how to recognize dependent libraries... pass_all
checking for dlltool... no
checking how to associate runtime and link libraries... printf %s\n
checking for archiver @FILE support... @
checking for strip... strip
checking for ranlib... ranlib
checking command to parse /usr/bin/nm -B output from cc object... ok
checking for sysroot... no
checking for a working dd... /bin/dd
checking how to truncate binary pipes... /bin/dd bs=4096 count=1
checking for mt... no
checking if : is a manifest tool... no
checking how to run the C preprocessor... cc -E
checking for ANSI C header files... yes
checking for sys/types.h... yes
checking for sys/stat.h... yes
checking for stdlib.h... yes
checking for string.h... yes
checking for memory.h... yes
checking for strings.h... yes
checking for inttypes.h... yes
checking for stdint.h... yes
checking for unistd.h... yes
checking for dlfcn.h... yes
checking for objdir... .libs
checking if cc supports -fno-rtti -fno-exceptions... no
checking for cc option to produce PIC... -fPIC -DPIC
checking if cc PIC flag -fPIC -DPIC works... yes
checking if cc static flag -static works... yes
checking if cc supports -c -o file.o... yes
checking if cc supports -c -o file.o... (cached) yes
checking whether the cc linker (/usr/bin/ld -m elf_x86_64) supports shared libraries... yes
checking whether -lc should be explicitly linked in... no
checking dynamic linker characteristics... GNU/Linux ld.so
checking how to hardcode library paths into programs... immediate
checking whether stripping libraries is possible... yes
checking if libtool supports shared libraries... yes
checking whether to build shared libraries... yes
checking whether to build static libraries... yes
checking that generated files are newer than configure... done
configure: creating ./config.status
config.status: creating Makefile
config.status: executing depfiles commands
config.status: executing libtool commands
+ make
cc -DPACKAGE_NAME=\"nobase-libtool\" -DPACKAGE_TARNAME=\"nobase-libtool\" -DPACKAGE_VERSION=\"1.0\" -DPACKAGE_STRING=\"nobase-libtool\ 1.0\" -DPACKAGE_BUGREPORT=\"\" -DPACKAGE_URL=\"\" -DPACKAGE=\"nobase-libtool\" -DVERSION=\"1.0\" -DSTDC_HEADERS=1 -DHAVE_SYS_TYPES_H=1 -DHAVE_SYS_STAT_H=1 -DHAVE_STDLIB_H=1 -DHAVE_STRING_H=1 -DHAVE_MEMORY_H=1 -DHAVE_STRINGS_H=1 -DHAVE_INTTYPES_H=1 -DHAVE_STDINT_H=1 -DHAVE_UNISTD_H=1 -DHAVE_DLFCN_H=1 -DLT_OBJDIR=\".libs/\" -I.     -g -O2 -MT source.o -MD -MP -MF .deps/source.Tpo -c -o source.o source.c
mv -f .deps/source.Tpo .deps/source.Po
/bin/sh ./libtool  --tag=CC   --mode=link cc  -g -O2   -o sub/base source.o  
libtool: link: cc -g -O2 -o sub/base source.o 
/bin/sh ./libtool  --tag=CC   --mode=link cc  -g -O2   -o sub/nobase source.o  
libtool: link: cc -g -O2 -o sub/nobase source.o 
/bin/sh ./libtool  --tag=CC   --mode=compile cc -DPACKAGE_NAME=\"nobase-libtool\" -DPACKAGE_TARNAME=\"nobase-libtool\" -DPACKAGE_VERSION=\"1.0\" -DPACKAGE_STRING=\"nobase-libtool\ 1.0\" -DPACKAGE_BUGREPORT=\"\" -DPACKAGE_URL=\"\" -DPACKAGE=\"nobase-libtool\" -DVERSION=\"1.0\" -DSTDC_HEADERS=1 -DHAVE_SYS_TYPES_H=1 -DHAVE_SYS_STAT_H=1 -DHAVE_STDLIB_H=1 -DHAVE_STRING_H=1 -DHAVE_MEMORY_H=1 -DHAVE_STRINGS_H=1 -DHAVE_INTTYPES_H=1 -DHAVE_STDINT_H=1 -DHAVE_UNISTD_H=1 -DHAVE_DLFCN_H=1 -DLT_OBJDIR=\".libs/\" -I.     -g -O2 -MT source2.lo -MD -MP -MF .deps/source2.Tpo -c -o source2.lo source2.c
libtool: compile:  cc -DPACKAGE_NAME=\"nobase-libtool\" -DPACKAGE_TARNAME=\"nobase-libtool\" -DPACKAGE_VERSION=\"1.0\" "-DPACKAGE_STRING=\"nobase-libtool 1.0\"" -DPACKAGE_BUGREPORT=\"\" -DPACKAGE_URL=\"\" -DPACKAGE=\"nobase-libtool\" -DVERSION=\"1.0\" -DSTDC_HEADERS=1 -DHAVE_SYS_TYPES_H=1 -DHAVE_SYS_STAT_H=1 -DHAVE_STDLIB_H=1 -DHAVE_STRING_H=1 -DHAVE_MEMORY_H=1 -DHAVE_STRINGS_H=1 -DHAVE_INTTYPES_H=1 -DHAVE_STDINT_H=1 -DHAVE_UNISTD_H=1 -DHAVE_DLFCN_H=1 -DLT_OBJDIR=\".libs/\" -I. -g -O2 -MT source2.lo -MD -MP -MF .deps/source2.Tpo -c source2.c  -fPIC -DPIC -o .libs/source2.o
libtool: compile:  cc -DPACKAGE_NAME=\"nobase-libtool\" -DPACKAGE_TARNAME=\"nobase-libtool\" -DPACKAGE_VERSION=\"1.0\" "-DPACKAGE_STRING=\"nobase-libtool 1.0\"" -DPACKAGE_BUGREPORT=\"\" -DPACKAGE_URL=\"\" -DPACKAGE=\"nobase-libtool\" -DVERSION=\"1.0\" -DSTDC_HEADERS=1 -DHAVE_SYS_TYPES_H=1 -DHAVE_SYS_STAT_H=1 -DHAVE_STDLIB_H=1 -DHAVE_STRING_H=1 -DHAVE_MEMORY_H=1 -DHAVE_STRINGS_H=1 -DHAVE_INTTYPES_H=1 -DHAVE_STDINT_H=1 -DHAVE_UNISTD_H=1 -DHAVE_DLFCN_H=1 -DLT_OBJDIR=\".libs/\" -I. -g -O2 -MT source2.lo -MD -MP -MF .deps/source2.Tpo -c source2.c -o source2.o >/dev/null 2>&1
mv -f .deps/source2.Tpo .deps/source2.Plo
/bin/sh ./libtool  --tag=CC   --mode=link cc  -g -O2   -o sub/libbase.la -rpath /sources/automake-1.16.1/t/nobase-libtool.dir/inst/foo source2.lo  
libtool: link: cc -shared  -fPIC -DPIC  .libs/source2.o    -g -O2   -Wl,-soname -Wl,libbase.so.0 -o sub/.libs/libbase.so.0.0.0
libtool: link: (cd "sub/.libs" && rm -f "libbase.so.0" && ln -s "libbase.so.0.0.0" "libbase.so.0")
libtool: link: (cd "sub/.libs" && rm -f "libbase.so" && ln -s "libbase.so.0.0.0" "libbase.so")
libtool: link: ar cru sub/.libs/libbase.a  source2.o
libtool: link: ranlib sub/.libs/libbase.a
libtool: link: ( cd "sub/.libs" && rm -f "libbase.la" && ln -s "../libbase.la" "libbase.la" )
/bin/sh ./libtool  --tag=CC   --mode=link cc  -g -O2   -o sub/libnobase.la -rpath /sources/automake-1.16.1/t/nobase-libtool.dir/inst/foo/sub source2.lo  
libtool: link: cc -shared  -fPIC -DPIC  .libs/source2.o    -g -O2   -Wl,-soname -Wl,libnobase.so.0 -o sub/.libs/libnobase.so.0.0.0
libtool: link: (cd "sub/.libs" && rm -f "libnobase.so.0" && ln -s "libnobase.so.0.0.0" "libnobase.so.0")
libtool: link: (cd "sub/.libs" && rm -f "libnobase.so" && ln -s "libnobase.so.0.0.0" "libnobase.so")
libtool: link: ar cru sub/.libs/libnobase.a  source2.o
libtool: link: ranlib sub/.libs/libnobase.a
libtool: link: ( cd "sub/.libs" && rm -f "libnobase.la" && ln -s "../libnobase.la" "libnobase.la" )
+ make test-install-data
test ! -f inst/foo/sub/libnobase.la
test ! -f inst/foo/libbase.la
+ make test-install-exec
 /tools/bin/mkdir -p '/sources/automake-1.16.1/t/nobase-libtool.dir/inst/foo'
 /bin/sh ./libtool   --mode=install /usr/bin/install -c   sub/libbase.la '/sources/automake-1.16.1/t/nobase-libtool.dir/inst/foo'
libtool: install: /usr/bin/install -c sub/.libs/libbase.so.0.0.0 /sources/automake-1.16.1/t/nobase-libtool.dir/inst/foo/libbase.so.0.0.0
libtool: install: (cd /sources/automake-1.16.1/t/nobase-libtool.dir/inst/foo && { ln -s -f libbase.so.0.0.0 libbase.so.0 || { rm -f libbase.so.0 && ln -s libbase.so.0.0.0 libbase.so.0; }; })
libtool: install: (cd /sources/automake-1.16.1/t/nobase-libtool.dir/inst/foo && { ln -s -f libbase.so.0.0.0 libbase.so || { rm -f libbase.so && ln -s libbase.so.0.0.0 libbase.so; }; })
libtool: install: /usr/bin/install -c sub/.libs/libbase.lai /sources/automake-1.16.1/t/nobase-libtool.dir/inst/foo/libbase.la
libtool: install: /usr/bin/install -c sub/.libs/libbase.a /sources/automake-1.16.1/t/nobase-libtool.dir/inst/foo/libbase.a
libtool: install: chmod 644 /sources/automake-1.16.1/t/nobase-libtool.dir/inst/foo/libbase.a
libtool: install: ranlib /sources/automake-1.16.1/t/nobase-libtool.dir/inst/foo/libbase.a
libtool: finish: PATH="/sources/automake-1.16.1/bin:/sources/automake-1.16.1/t/ax:/bin:/usr/bin:/sbin:/usr/sbin:/tools/bin:/sbin" ldconfig -n /sources/automake-1.16.1/t/nobase-libtool.dir/inst/foo
----------------------------------------------------------------------
Libraries have been installed in:
   /sources/automake-1.16.1/t/nobase-libtool.dir/inst/foo

If you ever happen to want to link against installed libraries
in a given directory, LIBDIR, you must either use libtool, and
specify the full pathname of the library, or use the '-LLIBDIR'
flag during linking and do at least one of the following:
   - add LIBDIR to the 'LD_LIBRARY_PATH' environment variable
     during execution
   - add LIBDIR to the 'LD_RUN_PATH' environment variable
     during linking
   - use the '-Wl,-rpath -Wl,LIBDIR' linker flag
   - have your system administrator add LIBDIR to '/etc/ld.so.conf'

See any operating system documentation about shared libraries for
more information, such as the ld(1) and ld.so(8) manual pages.
----------------------------------------------------------------------
 /tools/bin/mkdir -p '/sources/automake-1.16.1/t/nobase-libtool.dir/inst/foo'
  /bin/sh ./libtool   --mode=install /usr/bin/install -c sub/base '/sources/automake-1.16.1/t/nobase-libtool.dir/inst/foo/./pbase'
libtool: install: /usr/bin/install -c sub/base /sources/automake-1.16.1/t/nobase-libtool.dir/inst/foo/./pbase
 /tools/bin/mkdir -p '/sources/automake-1.16.1/t/nobase-libtool.dir/inst/foo'
 /tools/bin/mkdir -p '/sources/automake-1.16.1/t/nobase-libtool.dir/inst/foo/sub'
 /bin/sh ./libtool   --mode=install /usr/bin/install -c  sub/libnobase.la '/sources/automake-1.16.1/t/nobase-libtool.dir/inst/foo/sub'
libtool: install: /usr/bin/install -c sub/.libs/libnobase.so.0.0.0 /sources/automake-1.16.1/t/nobase-libtool.dir/inst/foo/sub/libnobase.so.0.0.0
libtool: install: (cd /sources/automake-1.16.1/t/nobase-libtool.dir/inst/foo/sub && { ln -s -f libnobase.so.0.0.0 libnobase.so.0 || { rm -f libnobase.so.0 && ln -s libnobase.so.0.0.0 libnobase.so.0; }; })
libtool: install: (cd /sources/automake-1.16.1/t/nobase-libtool.dir/inst/foo/sub && { ln -s -f libnobase.so.0.0.0 libnobase.so || { rm -f libnobase.so && ln -s libnobase.so.0.0.0 libnobase.so; }; })
libtool: install: /usr/bin/install -c sub/.libs/libnobase.lai /sources/automake-1.16.1/t/nobase-libtool.dir/inst/foo/sub/libnobase.la
libtool: install: /usr/bin/install -c sub/.libs/libnobase.a /sources/automake-1.16.1/t/nobase-libtool.dir/inst/foo/sub/libnobase.a
libtool: install: chmod 644 /sources/automake-1.16.1/t/nobase-libtool.dir/inst/foo/sub/libnobase.a
libtool: install: ranlib /sources/automake-1.16.1/t/nobase-libtool.dir/inst/foo/sub/libnobase.a
libtool: finish: PATH="/sources/automake-1.16.1/bin:/sources/automake-1.16.1/t/ax:/bin:/usr/bin:/sbin:/usr/sbin:/tools/bin:/sbin" ldconfig -n /sources/automake-1.16.1/t/nobase-libtool.dir/inst/foo/sub
----------------------------------------------------------------------
Libraries have been installed in:
   /sources/automake-1.16.1/t/nobase-libtool.dir/inst/foo/sub

If you ever happen to want to link against installed libraries
in a given directory, LIBDIR, you must either use libtool, and
specify the full pathname of the library, or use the '-LLIBDIR'
flag during linking and do at least one of the following:
   - add LIBDIR to the 'LD_LIBRARY_PATH' environment variable
     during execution
   - add LIBDIR to the 'LD_RUN_PATH' environment variable
     during linking
   - use the '-Wl,-rpath -Wl,LIBDIR' linker flag
   - have your system administrator add LIBDIR to '/etc/ld.so.conf'

See any operating system documentation about shared libraries for
more information, such as the ld(1) and ld.so(8) manual pages.
----------------------------------------------------------------------
 /tools/bin/mkdir -p '/sources/automake-1.16.1/t/nobase-libtool.dir/inst/foo'
 /tools/bin/mkdir -p '/sources/automake-1.16.1/t/nobase-libtool.dir/inst/foo/sub/'
  /bin/sh ./libtool   --mode=install /usr/bin/install -c sub/nobase '/sources/automake-1.16.1/t/nobase-libtool.dir/inst/foo/sub//pnobase'
libtool: install: /usr/bin/install -c sub/nobase /sources/automake-1.16.1/t/nobase-libtool.dir/inst/foo/sub//pnobase
test   -f inst/foo/sub/libnobase.la
test ! -f inst/foo/libnobase.la
test   -f inst/foo/libbase.la
+ make uninstall
 /bin/sh ./libtool   --mode=uninstall rm -f '/sources/automake-1.16.1/t/nobase-libtool.dir/inst/foo/libbase.la'
libtool: uninstall: rm -f /sources/automake-1.16.1/t/nobase-libtool.dir/inst/foo/libbase.la /sources/automake-1.16.1/t/nobase-libtool.dir/inst/foo/libbase.so.0.0.0 /sources/automake-1.16.1/t/nobase-libtool.dir/inst/foo/libbase.so.0 /sources/automake-1.16.1/t/nobase-libtool.dir/inst/foo/libbase.so /sources/automake-1.16.1/t/nobase-libtool.dir/inst/foo/libbase.a
 ( cd '/sources/automake-1.16.1/t/nobase-libtool.dir/inst/foo' && rm -f pbase )
 /bin/sh ./libtool   --mode=uninstall rm -f '/sources/automake-1.16.1/t/nobase-libtool.dir/inst/foo/sub/libnobase.la'
libtool: uninstall: rm -f /sources/automake-1.16.1/t/nobase-libtool.dir/inst/foo/sub/libnobase.la /sources/automake-1.16.1/t/nobase-libtool.dir/inst/foo/sub/libnobase.so.0.0.0 /sources/automake-1.16.1/t/nobase-libtool.dir/inst/foo/sub/libnobase.so.0 /sources/automake-1.16.1/t/nobase-libtool.dir/inst/foo/sub/libnobase.so /sources/automake-1.16.1/t/nobase-libtool.dir/inst/foo/sub/libnobase.a
 ( cd '/sources/automake-1.16.1/t/nobase-libtool.dir/inst/foo' && rm -f sub/pnobase )
++ find inst/foo -type f -print
++ wc -l
+ test 0 -eq 0
+ make install-strip
if test -z 'strip'; then \
  make  INSTALL_PROGRAM="/bin/sh /sources/automake-1.16.1/t/nobase-libtool.dir/install-sh -c -s" \
    install_sh_PROGRAM="/bin/sh /sources/automake-1.16.1/t/nobase-libtool.dir/install-sh -c -s" INSTALL_STRIP_FLAG=-s \
      install; \
else \
  make  INSTALL_PROGRAM="/bin/sh /sources/automake-1.16.1/t/nobase-libtool.dir/install-sh -c -s" \
    install_sh_PROGRAM="/bin/sh /sources/automake-1.16.1/t/nobase-libtool.dir/install-sh -c -s" INSTALL_STRIP_FLAG=-s \
    "INSTALL_PROGRAM_ENV=STRIPPROG='strip'" install; \
fi
make[1]: Entering directory '/sources/automake-1.16.1/t/nobase-libtool.dir'
make[2]: Entering directory '/sources/automake-1.16.1/t/nobase-libtool.dir'
 /tools/bin/mkdir -p '/sources/automake-1.16.1/t/nobase-libtool.dir/inst/foo'
 /bin/sh ./libtool   --mode=install /usr/bin/install -c -s  sub/libbase.la '/sources/automake-1.16.1/t/nobase-libtool.dir/inst/foo'
libtool: install: /usr/bin/install -c sub/.libs/libbase.so.0.0.0 /sources/automake-1.16.1/t/nobase-libtool.dir/inst/foo/libbase.so.0.0.0
libtool: install: strip --strip-unneeded /sources/automake-1.16.1/t/nobase-libtool.dir/inst/foo/libbase.so.0.0.0
libtool: install: (cd /sources/automake-1.16.1/t/nobase-libtool.dir/inst/foo && { ln -s -f libbase.so.0.0.0 libbase.so.0 || { rm -f libbase.so.0 && ln -s libbase.so.0.0.0 libbase.so.0; }; })
libtool: install: (cd /sources/automake-1.16.1/t/nobase-libtool.dir/inst/foo && { ln -s -f libbase.so.0.0.0 libbase.so || { rm -f libbase.so && ln -s libbase.so.0.0.0 libbase.so; }; })
libtool: install: /usr/bin/install -c sub/.libs/libbase.lai /sources/automake-1.16.1/t/nobase-libtool.dir/inst/foo/libbase.la
libtool: install: /usr/bin/install -c sub/.libs/libbase.a /sources/automake-1.16.1/t/nobase-libtool.dir/inst/foo/libbase.a
libtool: install: strip --strip-debug /sources/automake-1.16.1/t/nobase-libtool.dir/inst/foo/libbase.a
libtool: install: chmod 644 /sources/automake-1.16.1/t/nobase-libtool.dir/inst/foo/libbase.a
libtool: install: ranlib /sources/automake-1.16.1/t/nobase-libtool.dir/inst/foo/libbase.a
libtool: finish: PATH="/sources/automake-1.16.1/bin:/sources/automake-1.16.1/t/ax:/bin:/usr/bin:/sbin:/usr/sbin:/tools/bin:/sbin" ldconfig -n /sources/automake-1.16.1/t/nobase-libtool.dir/inst/foo
----------------------------------------------------------------------
Libraries have been installed in:
   /sources/automake-1.16.1/t/nobase-libtool.dir/inst/foo

If you ever happen to want to link against installed libraries
in a given directory, LIBDIR, you must either use libtool, and
specify the full pathname of the library, or use the '-LLIBDIR'
flag during linking and do at least one of the following:
   - add LIBDIR to the 'LD_LIBRARY_PATH' environment variable
     during execution
   - add LIBDIR to the 'LD_RUN_PATH' environment variable
     during linking
   - use the '-Wl,-rpath -Wl,LIBDIR' linker flag
   - have your system administrator add LIBDIR to '/etc/ld.so.conf'

See any operating system documentation about shared libraries for
more information, such as the ld(1) and ld.so(8) manual pages.
----------------------------------------------------------------------
 /tools/bin/mkdir -p '/sources/automake-1.16.1/t/nobase-libtool.dir/inst/foo'
 STRIPPROG='strip' /bin/sh ./libtool   --mode=install /bin/sh /sources/automake-1.16.1/t/nobase-libtool.dir/install-sh -c -s sub/base '/sources/automake-1.16.1/t/nobase-libtool.dir/inst/foo/./pbase'
libtool: install: /bin/sh /sources/automake-1.16.1/t/nobase-libtool.dir/install-sh -c -s sub/base /sources/automake-1.16.1/t/nobase-libtool.dir/inst/foo/./pbase
 /tools/bin/mkdir -p '/sources/automake-1.16.1/t/nobase-libtool.dir/inst/foo'
 /tools/bin/mkdir -p '/sources/automake-1.16.1/t/nobase-libtool.dir/inst/foo/sub'
 /bin/sh ./libtool   --mode=install /usr/bin/install -c -s sub/libnobase.la '/sources/automake-1.16.1/t/nobase-libtool.dir/inst/foo/sub'
libtool: install: /usr/bin/install -c sub/.libs/libnobase.so.0.0.0 /sources/automake-1.16.1/t/nobase-libtool.dir/inst/foo/sub/libnobase.so.0.0.0
libtool: install: strip --strip-unneeded /sources/automake-1.16.1/t/nobase-libtool.dir/inst/foo/sub/libnobase.so.0.0.0
libtool: install: (cd /sources/automake-1.16.1/t/nobase-libtool.dir/inst/foo/sub && { ln -s -f libnobase.so.0.0.0 libnobase.so.0 || { rm -f libnobase.so.0 && ln -s libnobase.so.0.0.0 libnobase.so.0; }; })
libtool: install: (cd /sources/automake-1.16.1/t/nobase-libtool.dir/inst/foo/sub && { ln -s -f libnobase.so.0.0.0 libnobase.so || { rm -f libnobase.so && ln -s libnobase.so.0.0.0 libnobase.so; }; })
libtool: install: /usr/bin/install -c sub/.libs/libnobase.lai /sources/automake-1.16.1/t/nobase-libtool.dir/inst/foo/sub/libnobase.la
libtool: install: /usr/bin/install -c sub/.libs/libnobase.a /sources/automake-1.16.1/t/nobase-libtool.dir/inst/foo/sub/libnobase.a
libtool: install: strip --strip-debug /sources/automake-1.16.1/t/nobase-libtool.dir/inst/foo/sub/libnobase.a
libtool: install: chmod 644 /sources/automake-1.16.1/t/nobase-libtool.dir/inst/foo/sub/libnobase.a
libtool: install: ranlib /sources/automake-1.16.1/t/nobase-libtool.dir/inst/foo/sub/libnobase.a
libtool: finish: PATH="/sources/automake-1.16.1/bin:/sources/automake-1.16.1/t/ax:/bin:/usr/bin:/sbin:/usr/sbin:/tools/bin:/sbin" ldconfig -n /sources/automake-1.16.1/t/nobase-libtool.dir/inst/foo/sub
----------------------------------------------------------------------
Libraries have been installed in:
   /sources/automake-1.16.1/t/nobase-libtool.dir/inst/foo/sub

If you ever happen to want to link against installed libraries
in a given directory, LIBDIR, you must either use libtool, and
specify the full pathname of the library, or use the '-LLIBDIR'
flag during linking and do at least one of the following:
   - add LIBDIR to the 'LD_LIBRARY_PATH' environment variable
     during execution
   - add LIBDIR to the 'LD_RUN_PATH' environment variable
     during linking
   - use the '-Wl,-rpath -Wl,LIBDIR' linker flag
   - have your system administrator add LIBDIR to '/etc/ld.so.conf'

See any operating system documentation about shared libraries for
more information, such as the ld(1) and ld.so(8) manual pages.
----------------------------------------------------------------------
 /tools/bin/mkdir -p '/sources/automake-1.16.1/t/nobase-libtool.dir/inst/foo'
 /tools/bin/mkdir -p '/sources/automake-1.16.1/t/nobase-libtool.dir/inst/foo/sub/'
 STRIPPROG='strip' /bin/sh ./libtool   --mode=install /bin/sh /sources/automake-1.16.1/t/nobase-libtool.dir/install-sh -c -s sub/nobase '/sources/automake-1.16.1/t/nobase-libtool.dir/inst/foo/sub//pnobase'
libtool: install: /bin/sh /sources/automake-1.16.1/t/nobase-libtool.dir/install-sh -c -s sub/nobase /sources/automake-1.16.1/t/nobase-libtool.dir/inst/foo/sub//pnobase
make[2]: Nothing to be done for 'install-data-am'.
make[2]: Leaving directory '/sources/automake-1.16.1/t/nobase-libtool.dir'
make[1]: Leaving directory '/sources/automake-1.16.1/t/nobase-libtool.dir'
+ make uninstall
 /bin/sh ./libtool   --mode=uninstall rm -f '/sources/automake-1.16.1/t/nobase-libtool.dir/inst/foo/libbase.la'
libtool: uninstall: rm -f /sources/automake-1.16.1/t/nobase-libtool.dir/inst/foo/libbase.la /sources/automake-1.16.1/t/nobase-libtool.dir/inst/foo/libbase.so.0.0.0 /sources/automake-1.16.1/t/nobase-libtool.dir/inst/foo/libbase.so.0 /sources/automake-1.16.1/t/nobase-libtool.dir/inst/foo/libbase.so /sources/automake-1.16.1/t/nobase-libtool.dir/inst/foo/libbase.a
 ( cd '/sources/automake-1.16.1/t/nobase-libtool.dir/inst/foo' && rm -f pbase )
 /bin/sh ./libtool   --mode=uninstall rm -f '/sources/automake-1.16.1/t/nobase-libtool.dir/inst/foo/sub/libnobase.la'
libtool: uninstall: rm -f /sources/automake-1.16.1/t/nobase-libtool.dir/inst/foo/sub/libnobase.la /sources/automake-1.16.1/t/nobase-libtool.dir/inst/foo/sub/libnobase.so.0.0.0 /sources/automake-1.16.1/t/nobase-libtool.dir/inst/foo/sub/libnobase.so.0 /sources/automake-1.16.1/t/nobase-libtool.dir/inst/foo/sub/libnobase.so /sources/automake-1.16.1/t/nobase-libtool.dir/inst/foo/sub/libnobase.a
 ( cd '/sources/automake-1.16.1/t/nobase-libtool.dir/inst/foo' && rm -f sub/pnobase )
+ make distclean
test -z "sub/libbase.la" || rm -f sub/libbase.la
rm -f sub/so_locations
 rm -f sub/base
rm -rf .libs _libs
rm -rf sub/.libs sub/_libs
test -z "sub/libnobase.la" || rm -f sub/libnobase.la
rm -f sub/so_locations
 rm -f sub/nobase
rm -f *.o
rm -f *.lo
rm -f *.tab.c
test -z "" || rm -f 
test . = "." || test -z "" || rm -f 
rm -f sub/.dirstamp
rm -f libtool config.lt
rm -f TAGS ID GTAGS GRTAGS GSYMS GPATH tags
rm -f cscope.out cscope.in.out cscope.po.out cscope.files
rm -f config.status config.cache config.log configure.lineno config.status.lineno
rm -f ./.deps/source.Po
rm -f ./.deps/source2.Plo
rm -f Makefile
+ mkdir build
+ cd build
++ pwd
+ ../configure --prefix /sources/automake-1.16.1/t/nobase-libtool.dir/build/inst --program-prefix=p
checking for a BSD-compatible install... /usr/bin/install -c
checking whether build environment is sane... yes
checking for a thread-safe mkdir -p... /tools/bin/mkdir -p
checking for gawk... gawk
checking whether make sets $(MAKE)... yes
checking whether make supports nested variables... yes
checking for gcc... cc
checking whether the C compiler works... yes
checking for C compiler default output file name... a.out
checking for suffix of executables... 
checking whether we are cross compiling... no
checking for suffix of object files... o
checking whether we are using the GNU C compiler... yes
checking whether cc accepts -g... yes
checking for cc option to accept ISO C89... none needed
checking whether cc understands -c and -o together... yes
checking whether make supports the include directive... yes (GNU style)
checking dependency style of cc... gcc3
checking for ar... ar
checking the archiver (ar) interface... ar
checking build system type... x86_64-pc-linux-gnu
checking host system type... x86_64-pc-linux-gnu
checking how to print strings... printf
checking for a sed that does not truncate output... /bin/sed
checking for grep that handles long lines and -e... /bin/grep
checking for egrep... /bin/grep -E
checking for fgrep... /bin/grep -F
checking for ld used by cc... /usr/bin/ld
checking if the linker (/usr/bin/ld) is GNU ld... yes
checking for BSD- or MS-compatible name lister (nm)... /usr/bin/nm -B
checking the name lister (/usr/bin/nm -B) interface... BSD nm
checking whether ln -s works... yes
checking the maximum length of command line arguments... 6291456
checking how to convert x86_64-pc-linux-gnu file names to x86_64-pc-linux-gnu format... func_convert_file_noop
checking how to convert x86_64-pc-linux-gnu file names to toolchain format... func_convert_file_noop
checking for /usr/bin/ld option to reload object files... -r
checking for objdump... objdump
checking how to recognize dependent libraries... pass_all
checking for dlltool... no
checking how to associate runtime and link libraries... printf %s\n
checking for archiver @FILE support... @
checking for strip... strip
checking for ranlib... ranlib
checking command to parse /usr/bin/nm -B output from cc object... ok
checking for sysroot... no
checking for a working dd... /bin/dd
checking how to truncate binary pipes... /bin/dd bs=4096 count=1
checking for mt... no
checking if : is a manifest tool... no
checking how to run the C preprocessor... cc -E
checking for ANSI C header files... yes
checking for sys/types.h... yes
checking for sys/stat.h... yes
checking for stdlib.h... yes
checking for string.h... yes
checking for memory.h... yes
checking for strings.h... yes
checking for inttypes.h... yes
checking for stdint.h... yes
checking for unistd.h... yes
checking for dlfcn.h... yes
checking for objdir... .libs
checking if cc supports -fno-rtti -fno-exceptions... no
checking for cc option to produce PIC... -fPIC -DPIC
checking if cc PIC flag -fPIC -DPIC works... yes
checking if cc static flag -static works... yes
checking if cc supports -c -o file.o... yes
checking if cc supports -c -o file.o... (cached) yes
checking whether the cc linker (/usr/bin/ld -m elf_x86_64) supports shared libraries... yes
checking whether -lc should be explicitly linked in... no
checking dynamic linker characteristics... GNU/Linux ld.so
checking how to hardcode library paths into programs... immediate
checking whether stripping libraries is possible... yes
checking if libtool supports shared libraries... yes
checking whether to build shared libraries... yes
checking whether to build static libraries... yes
checking that generated files are newer than configure... done
configure: creating ./config.status
config.status: creating Makefile
config.status: executing depfiles commands
config.status: executing libtool commands
+ make
cc -DPACKAGE_NAME=\"nobase-libtool\" -DPACKAGE_TARNAME=\"nobase-libtool\" -DPACKAGE_VERSION=\"1.0\" -DPACKAGE_STRING=\"nobase-libtool\ 1.0\" -DPACKAGE_BUGREPORT=\"\" -DPACKAGE_URL=\"\" -DPACKAGE=\"nobase-libtool\" -DVERSION=\"1.0\" -DSTDC_HEADERS=1 -DHAVE_SYS_TYPES_H=1 -DHAVE_SYS_STAT_H=1 -DHAVE_STDLIB_H=1 -DHAVE_STRING_H=1 -DHAVE_MEMORY_H=1 -DHAVE_STRINGS_H=1 -DHAVE_INTTYPES_H=1 -DHAVE_STDINT_H=1 -DHAVE_UNISTD_H=1 -DHAVE_DLFCN_H=1 -DLT_OBJDIR=\".libs/\" -I. -I..     -g -O2 -MT source.o -MD -MP -MF .deps/source.Tpo -c -o source.o ../source.c
mv -f .deps/source.Tpo .deps/source.Po
/bin/sh ./libtool  --tag=CC   --mode=link cc  -g -O2   -o sub/base source.o  
libtool: link: cc -g -O2 -o sub/base source.o 
/bin/sh ./libtool  --tag=CC   --mode=link cc  -g -O2   -o sub/nobase source.o  
libtool: link: cc -g -O2 -o sub/nobase source.o 
/bin/sh ./libtool  --tag=CC   --mode=compile cc -DPACKAGE_NAME=\"nobase-libtool\" -DPACKAGE_TARNAME=\"nobase-libtool\" -DPACKAGE_VERSION=\"1.0\" -DPACKAGE_STRING=\"nobase-libtool\ 1.0\" -DPACKAGE_BUGREPORT=\"\" -DPACKAGE_URL=\"\" -DPACKAGE=\"nobase-libtool\" -DVERSION=\"1.0\" -DSTDC_HEADERS=1 -DHAVE_SYS_TYPES_H=1 -DHAVE_SYS_STAT_H=1 -DHAVE_STDLIB_H=1 -DHAVE_STRING_H=1 -DHAVE_MEMORY_H=1 -DHAVE_STRINGS_H=1 -DHAVE_INTTYPES_H=1 -DHAVE_STDINT_H=1 -DHAVE_UNISTD_H=1 -DHAVE_DLFCN_H=1 -DLT_OBJDIR=\".libs/\" -I. -I..     -g -O2 -MT source2.lo -MD -MP -MF .deps/source2.Tpo -c -o source2.lo ../source2.c
libtool: compile:  cc -DPACKAGE_NAME=\"nobase-libtool\" -DPACKAGE_TARNAME=\"nobase-libtool\" -DPACKAGE_VERSION=\"1.0\" "-DPACKAGE_STRING=\"nobase-libtool 1.0\"" -DPACKAGE_BUGREPORT=\"\" -DPACKAGE_URL=\"\" -DPACKAGE=\"nobase-libtool\" -DVERSION=\"1.0\" -DSTDC_HEADERS=1 -DHAVE_SYS_TYPES_H=1 -DHAVE_SYS_STAT_H=1 -DHAVE_STDLIB_H=1 -DHAVE_STRING_H=1 -DHAVE_MEMORY_H=1 -DHAVE_STRINGS_H=1 -DHAVE_INTTYPES_H=1 -DHAVE_STDINT_H=1 -DHAVE_UNISTD_H=1 -DHAVE_DLFCN_H=1 -DLT_OBJDIR=\".libs/\" -I. -I.. -g -O2 -MT source2.lo -MD -MP -MF .deps/source2.Tpo -c ../source2.c  -fPIC -DPIC -o .libs/source2.o
libtool: compile:  cc -DPACKAGE_NAME=\"nobase-libtool\" -DPACKAGE_TARNAME=\"nobase-libtool\" -DPACKAGE_VERSION=\"1.0\" "-DPACKAGE_STRING=\"nobase-libtool 1.0\"" -DPACKAGE_BUGREPORT=\"\" -DPACKAGE_URL=\"\" -DPACKAGE=\"nobase-libtool\" -DVERSION=\"1.0\" -DSTDC_HEADERS=1 -DHAVE_SYS_TYPES_H=1 -DHAVE_SYS_STAT_H=1 -DHAVE_STDLIB_H=1 -DHAVE_STRING_H=1 -DHAVE_MEMORY_H=1 -DHAVE_STRINGS_H=1 -DHAVE_INTTYPES_H=1 -DHAVE_STDINT_H=1 -DHAVE_UNISTD_H=1 -DHAVE_DLFCN_H=1 -DLT_OBJDIR=\".libs/\" -I. -I.. -g -O2 -MT source2.lo -MD -MP -MF .deps/source2.Tpo -c ../source2.c -o source2.o >/dev/null 2>&1
mv -f .deps/source2.Tpo .deps/source2.Plo
/bin/sh ./libtool  --tag=CC   --mode=link cc  -g -O2   -o sub/libbase.la -rpath /sources/automake-1.16.1/t/nobase-libtool.dir/build/inst/foo source2.lo  
libtool: link: cc -shared  -fPIC -DPIC  .libs/source2.o    -g -O2   -Wl,-soname -Wl,libbase.so.0 -o sub/.libs/libbase.so.0.0.0
libtool: link: (cd "sub/.libs" && rm -f "libbase.so.0" && ln -s "libbase.so.0.0.0" "libbase.so.0")
libtool: link: (cd "sub/.libs" && rm -f "libbase.so" && ln -s "libbase.so.0.0.0" "libbase.so")
libtool: link: ar cru sub/.libs/libbase.a  source2.o
libtool: link: ranlib sub/.libs/libbase.a
libtool: link: ( cd "sub/.libs" && rm -f "libbase.la" && ln -s "../libbase.la" "libbase.la" )
/bin/sh ./libtool  --tag=CC   --mode=link cc  -g -O2   -o sub/libnobase.la -rpath /sources/automake-1.16.1/t/nobase-libtool.dir/build/inst/foo/sub source2.lo  
libtool: link: cc -shared  -fPIC -DPIC  .libs/source2.o    -g -O2   -Wl,-soname -Wl,libnobase.so.0 -o sub/.libs/libnobase.so.0.0.0
libtool: link: (cd "sub/.libs" && rm -f "libnobase.so.0" && ln -s "libnobase.so.0.0.0" "libnobase.so.0")
libtool: link: (cd "sub/.libs" && rm -f "libnobase.so" && ln -s "libnobase.so.0.0.0" "libnobase.so")
libtool: link: ar cru sub/.libs/libnobase.a  source2.o
libtool: link: ranlib sub/.libs/libnobase.a
libtool: link: ( cd "sub/.libs" && rm -f "libnobase.la" && ln -s "../libnobase.la" "libnobase.la" )
+ make test-install-data
test ! -f inst/foo/sub/libnobase.la
test ! -f inst/foo/libbase.la
+ make test-install-exec
 /tools/bin/mkdir -p '/sources/automake-1.16.1/t/nobase-libtool.dir/build/inst/foo'
 /bin/sh ./libtool   --mode=install /usr/bin/install -c   sub/libbase.la '/sources/automake-1.16.1/t/nobase-libtool.dir/build/inst/foo'
libtool: install: /usr/bin/install -c sub/.libs/libbase.so.0.0.0 /sources/automake-1.16.1/t/nobase-libtool.dir/build/inst/foo/libbase.so.0.0.0
libtool: install: (cd /sources/automake-1.16.1/t/nobase-libtool.dir/build/inst/foo && { ln -s -f libbase.so.0.0.0 libbase.so.0 || { rm -f libbase.so.0 && ln -s libbase.so.0.0.0 libbase.so.0; }; })
libtool: install: (cd /sources/automake-1.16.1/t/nobase-libtool.dir/build/inst/foo && { ln -s -f libbase.so.0.0.0 libbase.so || { rm -f libbase.so && ln -s libbase.so.0.0.0 libbase.so; }; })
libtool: install: /usr/bin/install -c sub/.libs/libbase.lai /sources/automake-1.16.1/t/nobase-libtool.dir/build/inst/foo/libbase.la
libtool: install: /usr/bin/install -c sub/.libs/libbase.a /sources/automake-1.16.1/t/nobase-libtool.dir/build/inst/foo/libbase.a
libtool: install: chmod 644 /sources/automake-1.16.1/t/nobase-libtool.dir/build/inst/foo/libbase.a
libtool: install: ranlib /sources/automake-1.16.1/t/nobase-libtool.dir/build/inst/foo/libbase.a
libtool: finish: PATH="/sources/automake-1.16.1/bin:/sources/automake-1.16.1/t/ax:/bin:/usr/bin:/sbin:/usr/sbin:/tools/bin:/sbin" ldconfig -n /sources/automake-1.16.1/t/nobase-libtool.dir/build/inst/foo
----------------------------------------------------------------------
Libraries have been installed in:
   /sources/automake-1.16.1/t/nobase-libtool.dir/build/inst/foo

If you ever happen to want to link against installed libraries
in a given directory, LIBDIR, you must either use libtool, and
specify the full pathname of the library, or use the '-LLIBDIR'
flag during linking and do at least one of the following:
   - add LIBDIR to the 'LD_LIBRARY_PATH' environment variable
     during execution
   - add LIBDIR to the 'LD_RUN_PATH' environment variable
     during linking
   - use the '-Wl,-rpath -Wl,LIBDIR' linker flag
   - have your system administrator add LIBDIR to '/etc/ld.so.conf'

See any operating system documentation about shared libraries for
more information, such as the ld(1) and ld.so(8) manual pages.
----------------------------------------------------------------------
 /tools/bin/mkdir -p '/sources/automake-1.16.1/t/nobase-libtool.dir/build/inst/foo'
  /bin/sh ./libtool   --mode=install /usr/bin/install -c sub/base '/sources/automake-1.16.1/t/nobase-libtool.dir/build/inst/foo/./pbase'
libtool: install: /usr/bin/install -c sub/base /sources/automake-1.16.1/t/nobase-libtool.dir/build/inst/foo/./pbase
 /tools/bin/mkdir -p '/sources/automake-1.16.1/t/nobase-libtool.dir/build/inst/foo'
 /tools/bin/mkdir -p '/sources/automake-1.16.1/t/nobase-libtool.dir/build/inst/foo/sub'
 /bin/sh ./libtool   --mode=install /usr/bin/install -c  sub/libnobase.la '/sources/automake-1.16.1/t/nobase-libtool.dir/build/inst/foo/sub'
libtool: install: /usr/bin/install -c sub/.libs/libnobase.so.0.0.0 /sources/automake-1.16.1/t/nobase-libtool.dir/build/inst/foo/sub/libnobase.so.0.0.0
libtool: install: (cd /sources/automake-1.16.1/t/nobase-libtool.dir/build/inst/foo/sub && { ln -s -f libnobase.so.0.0.0 libnobase.so.0 || { rm -f libnobase.so.0 && ln -s libnobase.so.0.0.0 libnobase.so.0; }; })
libtool: install: (cd /sources/automake-1.16.1/t/nobase-libtool.dir/build/inst/foo/sub && { ln -s -f libnobase.so.0.0.0 libnobase.so || { rm -f libnobase.so && ln -s libnobase.so.0.0.0 libnobase.so; }; })
libtool: install: /usr/bin/install -c sub/.libs/libnobase.lai /sources/automake-1.16.1/t/nobase-libtool.dir/build/inst/foo/sub/libnobase.la
libtool: install: /usr/bin/install -c sub/.libs/libnobase.a /sources/automake-1.16.1/t/nobase-libtool.dir/build/inst/foo/sub/libnobase.a
libtool: install: chmod 644 /sources/automake-1.16.1/t/nobase-libtool.dir/build/inst/foo/sub/libnobase.a
libtool: install: ranlib /sources/automake-1.16.1/t/nobase-libtool.dir/build/inst/foo/sub/libnobase.a
libtool: finish: PATH="/sources/automake-1.16.1/bin:/sources/automake-1.16.1/t/ax:/bin:/usr/bin:/sbin:/usr/sbin:/tools/bin:/sbin" ldconfig -n /sources/automake-1.16.1/t/nobase-libtool.dir/build/inst/foo/sub
----------------------------------------------------------------------
Libraries have been installed in:
   /sources/automake-1.16.1/t/nobase-libtool.dir/build/inst/foo/sub

If you ever happen to want to link against installed libraries
in a given directory, LIBDIR, you must either use libtool, and
specify the full pathname of the library, or use the '-LLIBDIR'
flag during linking and do at least one of the following:
   - add LIBDIR to the 'LD_LIBRARY_PATH' environment variable
     during execution
   - add LIBDIR to the 'LD_RUN_PATH' environment variable
     during linking
   - use the '-Wl,-rpath -Wl,LIBDIR' linker flag
   - have your system administrator add LIBDIR to '/etc/ld.so.conf'

See any operating system documentation about shared libraries for
more information, such as the ld(1) and ld.so(8) manual pages.
----------------------------------------------------------------------
 /tools/bin/mkdir -p '/sources/automake-1.16.1/t/nobase-libtool.dir/build/inst/foo'
 /tools/bin/mkdir -p '/sources/automake-1.16.1/t/nobase-libtool.dir/build/inst/foo/sub/'
  /bin/sh ./libtool   --mode=install /usr/bin/install -c sub/nobase '/sources/automake-1.16.1/t/nobase-libtool.dir/build/inst/foo/sub//pnobase'
libtool: install: /usr/bin/install -c sub/nobase /sources/automake-1.16.1/t/nobase-libtool.dir/build/inst/foo/sub//pnobase
test   -f inst/foo/sub/libnobase.la
test ! -f inst/foo/libnobase.la
test   -f inst/foo/libbase.la
+ make uninstall
 /bin/sh ./libtool   --mode=uninstall rm -f '/sources/automake-1.16.1/t/nobase-libtool.dir/build/inst/foo/libbase.la'
libtool: uninstall: rm -f /sources/automake-1.16.1/t/nobase-libtool.dir/build/inst/foo/libbase.la /sources/automake-1.16.1/t/nobase-libtool.dir/build/inst/foo/libbase.so.0.0.0 /sources/automake-1.16.1/t/nobase-libtool.dir/build/inst/foo/libbase.so.0 /sources/automake-1.16.1/t/nobase-libtool.dir/build/inst/foo/libbase.so /sources/automake-1.16.1/t/nobase-libtool.dir/build/inst/foo/libbase.a
 ( cd '/sources/automake-1.16.1/t/nobase-libtool.dir/build/inst/foo' && rm -f pbase )
 /bin/sh ./libtool   --mode=uninstall rm -f '/sources/automake-1.16.1/t/nobase-libtool.dir/build/inst/foo/sub/libnobase.la'
libtool: uninstall: rm -f /sources/automake-1.16.1/t/nobase-libtool.dir/build/inst/foo/sub/libnobase.la /sources/automake-1.16.1/t/nobase-libtool.dir/build/inst/foo/sub/libnobase.so.0.0.0 /sources/automake-1.16.1/t/nobase-libtool.dir/build/inst/foo/sub/libnobase.so.0 /sources/automake-1.16.1/t/nobase-libtool.dir/build/inst/foo/sub/libnobase.so /sources/automake-1.16.1/t/nobase-libtool.dir/build/inst/foo/sub/libnobase.a
 ( cd '/sources/automake-1.16.1/t/nobase-libtool.dir/build/inst/foo' && rm -f sub/pnobase )
++ find inst/foo -type f -print
++ wc -l
+ test 0 -eq 0
+ :
+ am_exit_trap 0
+ exit_status=0
+ set +e
+ cd /sources/automake-1.16.1
+ test none = tap
+ case $am_explicit_skips in
+ test 0 -eq 0
+ am_keeping_testdirs
+ case $keep_testdirs in
+ return 1
+ rm_rf_ t/nobase-libtool.dir
+ test 1 -gt 0
+ /usr/bin/perl /sources/automake-1.16.1/t/ax/deltree.pl t/nobase-libtool.dir
+ set +x
PASS t/nobase-libtool.sh (exit status: 0)
