Running from installcheck: no
Test Protocol: none
PATH = /sources/automake-1.16.1/bin:/sources/automake-1.16.1/t/ax:/bin:/usr/bin:/sbin:/usr/sbin:/tools/bin
++ pwd
/sources/automake-1.16.1/t/nobase-nodist.dir
+ EMACS=no
+ PYTHON=:
+ export EMCAS PYTHON
+ cat
+ cat
+ aclocal-1.16 -Werror
+ autoconf
+ automake-1.16 --foreign -Werror -Wall -a
Makefile.am:1: installing './py-compile'
+ ./configure
checking for a BSD-compatible install... /usr/bin/install -c
checking whether build environment is sane... yes
checking for a thread-safe mkdir -p... /tools/bin/mkdir -p
checking for gawk... gawk
checking whether make sets $(MAKE)... yes
checking whether make supports nested variables... yes
checking for emacs... no
checking for xemacs... no
checking where .elc files should go... ${datadir}/emacs/site-lisp
checking that generated files are newer than configure... done
configure: creating ./config.status
config.status: creating Makefile
+ make distdir
make  distdir-am
make[1]: Entering directory '/sources/automake-1.16.1/t/nobase-nodist.dir'
if test -d "nobase-nodist-1.0"; then find "nobase-nodist-1.0" -type d ! -perm -200 -exec chmod u+w {} ';' && rm -rf "nobase-nodist-1.0" || { sleep 5 && rm -rf "nobase-nodist-1.0"; }; else :; fi
test -d "nobase-nodist-1.0" || mkdir "nobase-nodist-1.0"
test -n "" \
|| find "nobase-nodist-1.0" -type d ! -perm -755 \
	-exec chmod u+rwx,go+rx {} \; -o \
  ! -type d ! -perm -444 -links 1 -exec chmod a+r {} \; -o \
  ! -type d ! -perm -400 -exec chmod a+r {} \; -o \
  ! -type d ! -perm -444 -exec /bin/sh /sources/automake-1.16.1/t/nobase-nodist.dir/install-sh -c -m a+r {} {} \; \
|| chmod -R a+r "nobase-nodist-1.0"
make[1]: Leaving directory '/sources/automake-1.16.1/t/nobase-nodist.dir'
+ ls -l nobase-nodist-1.0 nobase-nodist-1.0/Makefile.am nobase-nodist-1.0/Makefile.in nobase-nodist-1.0/aclocal.m4 nobase-nodist-1.0/compile nobase-nodist-1.0/configure nobase-nodist-1.0/configure.ac nobase-nodist-1.0/depcomp nobase-nodist-1.0/install-sh nobase-nodist-1.0/missing nobase-nodist-1.0/py-compile
-rw-r--r-- 1 root root    364 Nov 27 06:43 nobase-nodist-1.0/Makefile.am
-rw-r--r-- 1 root root  21496 Nov 27 06:43 nobase-nodist-1.0/Makefile.in
-rw-r--r-- 1 root root  38242 Nov 27 06:43 nobase-nodist-1.0/aclocal.m4
-rwxr-xr-x 1 root root   7383 Nov 27 06:43 nobase-nodist-1.0/compile
-rwxr-xr-x 1 root root 114054 Nov 27 06:43 nobase-nodist-1.0/configure
-rw-r--r-- 1 root root    217 Nov 27 06:43 nobase-nodist-1.0/configure.ac
-rwxr-xr-x 1 root root  23568 Nov 27 06:43 nobase-nodist-1.0/depcomp
-rwxr-xr-x 1 root root  15368 Nov 27 06:43 nobase-nodist-1.0/install-sh
-rwxr-xr-x 1 root root   6878 Nov 27 06:43 nobase-nodist-1.0/missing
-rwxr-xr-x 1 1000  998   4672 Mar  8  2018 nobase-nodist-1.0/py-compile

nobase-nodist-1.0:
total 248
-rw-r--r-- 1 root root    364 Nov 27 06:43 Makefile.am
-rw-r--r-- 1 root root  21496 Nov 27 06:43 Makefile.in
-rw-r--r-- 1 root root  38242 Nov 27 06:43 aclocal.m4
-rwxr-xr-x 1 root root   7383 Nov 27 06:43 compile
-rwxr-xr-x 1 root root 114054 Nov 27 06:43 configure
-rw-r--r-- 1 root root    217 Nov 27 06:43 configure.ac
-rwxr-xr-x 1 root root  23568 Nov 27 06:43 depcomp
-rwxr-xr-x 1 root root  15368 Nov 27 06:43 install-sh
-rwxr-xr-x 1 root root   6878 Nov 27 06:43 missing
-rwxr-xr-x 1 1000  998   4672 Mar  8  2018 py-compile
+ test '!' -e nobase-nodist-1.0/foo1.el
+ test '!' -e nobase-nodist-1.0/sub/foo2.el
+ test '!' -e nobase-nodist-1.0/foo3.el
+ test '!' -e nobase-nodist-1.0/sub/foo4.el
+ test '!' -e nobase-nodist-1.0/bar1.java
+ test '!' -e nobase-nodist-1.0/sub/bar2.java
+ test '!' -e nobase-nodist-1.0/bar3.java
+ test '!' -e nobase-nodist-1.0/sub/bar4.java
+ test '!' -e nobase-nodist-1.0/baz1.py
+ test '!' -e nobase-nodist-1.0/sub/baz2.py
+ :
+ am_exit_trap 0
+ exit_status=0
+ set +e
+ cd /sources/automake-1.16.1
+ test none = tap
+ case $am_explicit_skips in
+ test 0 -eq 0
+ am_keeping_testdirs
+ case $keep_testdirs in
+ return 1
+ rm_rf_ t/nobase-nodist.dir
+ test 1 -gt 0
+ /usr/bin/perl /sources/automake-1.16.1/t/ax/deltree.pl t/nobase-nodist.dir
+ set +x
PASS t/nobase-nodist.sh (exit status: 0)
