Running from installcheck: no
Test Protocol: none
PATH = /sources/automake-1.16.1/bin:/sources/automake-1.16.1/t/ax:/bin:/usr/bin:/sbin:/usr/sbin:/tools/bin
++ pwd
/sources/automake-1.16.1/t/nodep.dir
+ cat
+ cat
+ mkdir x
+ :
+ aclocal-1.16 -Werror
+ automake-1.16 --foreign -Werror -Wall
+ sed 's/printf .*%s//' Makefile.in
+ grep % Makefile.tmp
+ :
+ am_exit_trap 0
+ exit_status=0
+ set +e
+ cd /sources/automake-1.16.1
+ test none = tap
+ case $am_explicit_skips in
+ test 0 -eq 0
+ am_keeping_testdirs
+ case $keep_testdirs in
+ return 1
+ rm_rf_ t/nodep.dir
+ test 1 -gt 0
+ /usr/bin/perl /sources/automake-1.16.1/t/ax/deltree.pl t/nodep.dir
+ set +x
PASS t/nodep.sh (exit status: 0)
