Running from installcheck: no
Test Protocol: none
PATH = /sources/automake-1.16.1/bin:/sources/automake-1.16.1/t/ax:/bin:/usr/bin:/sbin:/usr/sbin:/tools/bin
++ pwd
/sources/automake-1.16.1/t/oldvars.dir
+ cat
+ aclocal-1.16 -Werror
+ AUTOMAKE_fails
+ AUTOMAKE_run -e 1
+ am__desc=
+ am__exp_rc=0
+ test 2 -gt 0
+ case $1 in
+ am__exp_rc=1
+ shift
+ shift
+ test 0 -gt 0
+ am__got_rc=0
+ automake-1.16 --foreign -Werror -Wall
+ am__got_rc=1
+ cat stderr
Makefile.am:7: error: 'PROGRAMS' is an anachronism
Makefile.am:3: error: 'LIBRARIES' is an anachronism
Makefile.am:5: error: 'LTLIBRARIES' is an anachronism
Makefile.am:8: error: 'SCRIPTS' is an anachronism
Makefile.am:4: error: 'LISP' is an anachronism
Makefile.am:6: error: 'MANS' is an anachronism; use 'man_MANS'
Makefile.am:1: error: 'DATA' is an anachronism
Makefile.am:2: error: 'HEADERS' is an anachronism
+ cat stdout
+ test none = none
+ test 1 -eq 1
+ return
++ grep -c anachronism stderr
+ test 8 -eq 8
+ :
+ am_exit_trap 0
+ exit_status=0
+ set +e
+ cd /sources/automake-1.16.1
+ test none = tap
+ case $am_explicit_skips in
+ test 0 -eq 0
+ am_keeping_testdirs
+ case $keep_testdirs in
+ return 1
+ rm_rf_ t/oldvars.dir
+ test 1 -gt 0
+ /usr/bin/perl /sources/automake-1.16.1/t/ax/deltree.pl t/oldvars.dir
+ set +x
PASS t/oldvars.sh (exit status: 0)
