Running from installcheck: no
Test Protocol: none
PATH = /sources/automake-1.16.1/bin:/sources/automake-1.16.1/t/ax:/bin:/usr/bin:/sbin:/usr/sbin:/tools/bin
++ pwd
/sources/automake-1.16.1/t/output5.dir
+ cat
+ :
+ aclocal-1.16 -Werror
+ AUTOMAKE_fails
+ AUTOMAKE_run -e 1
+ am__desc=
+ am__exp_rc=0
+ test 2 -gt 0
+ case $1 in
+ am__exp_rc=1
+ shift
+ shift
+ test 0 -gt 0
+ am__got_rc=0
+ automake-1.16 --foreign -Werror -Wall
+ am__got_rc=1
+ cat stderr
automake-1.16: error: no 'Makefile.am' found for any configure output
automake-1.16: Did you forget AC_CONFIG_FILES([Makefile]) in configure.ac?
+ cat stdout
+ test none = none
+ test 1 -eq 1
+ return
+ grep 'AC_CONFIG_FILES(.Makefile.)' stderr
automake-1.16: Did you forget AC_CONFIG_FILES([Makefile]) in configure.ac?
+ am_exit_trap 0
+ exit_status=0
+ set +e
+ cd /sources/automake-1.16.1
+ test none = tap
+ case $am_explicit_skips in
+ test 0 -eq 0
+ am_keeping_testdirs
+ case $keep_testdirs in
+ return 1
+ rm_rf_ t/output5.dir
+ test 1 -gt 0
+ /usr/bin/perl /sources/automake-1.16.1/t/ax/deltree.pl t/output5.dir
+ set +x
PASS t/output5.sh (exit status: 0)
