Running from installcheck: no
Test Protocol: none
PATH = /sources/automake-1.16.1/bin:/sources/automake-1.16.1/t/ax:/bin:/usr/bin:/sbin:/usr/sbin:/tools/bin
++ pwd
/sources/automake-1.16.1/t/parallel-am3.dir
+ cat
+ cat
+ list='1 2 3'
+ for i in $list
+ echo 'AC_CONFIG_FILES([sub1/Makefile])'
+ echo 'SUBDIRS += sub1'
+ mkdir sub1
+ unindent
+ test x = x
++ printf '%s\n' '
  /^$/b                    # Nothing to do for empty lines.
  x                        # Get x<indent> into pattern space.
  /^$/{                    # No prior x<indent>, go prepare it.
    g                      # Copy this 1st non-blank line into pattern space.
    s/^\([	 ]*\).*/x\1/   # Prepare x<indent> in pattern space.
  }                        # Now: x<indent> in pattern and <line> in hold.
  G                        # Build x<indent>\n<line> in pattern space, and
  h                        # duplicate it into hold space.
  s/\n.*$//                # Restore x<indent> in pattern space, and
  x                        # exchange with the above duplicate in hold space.
  s/^x\(.*\)\n\1//         # Remove leading <indent> from <line>.
  s/^x.*\n//               # Restore <line> when there is no leading <indent>.
'
++ sed -e 's/  *# .*//'
+ sed_unindent_prog='
  /^$/b
  x
  /^$/{
    g
    s/^\([	 ]*\).*/x\1/
  }
  G
  h
  s/\n.*$//
  x
  s/^x\(.*\)\n\1//
  s/^x.*\n//'
+ sed '
  /^$/b
  x
  /^$/{
    g
    s/^\([	 ]*\).*/x\1/
  }
  G
  h
  s/\n.*$//
  x
  s/^x\(.*\)\n\1//
  s/^x.*\n//'
+ for i in $list
+ echo 'AC_CONFIG_FILES([sub2/Makefile])'
+ echo 'SUBDIRS += sub2'
+ mkdir sub2
+ unindent
+ test 'x
  /^$/b
  x
  /^$/{
    g
    s/^\([	 ]*\).*/x\1/
  }
  G
  h
  s/\n.*$//
  x
  s/^x\(.*\)\n\1//
  s/^x.*\n//' = x
+ sed '
  /^$/b
  x
  /^$/{
    g
    s/^\([	 ]*\).*/x\1/
  }
  G
  h
  s/\n.*$//
  x
  s/^x\(.*\)\n\1//
  s/^x.*\n//'
+ for i in $list
+ echo 'AC_CONFIG_FILES([sub3/Makefile])'
+ echo 'SUBDIRS += sub3'
+ mkdir sub3
+ unindent
+ test 'x
  /^$/b
  x
  /^$/{
    g
    s/^\([	 ]*\).*/x\1/
  }
  G
  h
  s/\n.*$//
  x
  s/^x\(.*\)\n\1//
  s/^x.*\n//' = x
+ sed '
  /^$/b
  x
  /^$/{
    g
    s/^\([	 ]*\).*/x\1/
  }
  G
  h
  s/\n.*$//
  x
  s/^x\(.*\)\n\1//
  s/^x.*\n//'
+ rm -f install-sh missing depcomp
+ mkdir build-aux
+ aclocal-1.16 -Werror
+ unset AUTOMAKE_JOBS
+ AUTOMAKE_run --add-missing
+ am__desc=
+ am__exp_rc=0
+ test 1 -gt 0
+ case $1 in
+ break
+ am__got_rc=0
+ automake-1.16 --foreign -Werror -Wall --add-missing
+ cat stderr
configure.ac:4: installing 'build-aux/compile'
configure.ac:3: installing 'build-aux/install-sh'
configure.ac:3: installing 'build-aux/missing'
sub1/Makefile.am: installing 'build-aux/depcomp'
sub1/Makefile.am:1: installing 'build-aux/py-compile'
+ cat stdout
+ test none = none
+ test 0 -eq 0
+ return
+ mv stderr expected
+ mv Makefile.in Makefile.in.exp
+ AUTOMAKE_JOBS=3
+ export AUTOMAKE_JOBS
+ for run in 1 2 3 4 5 6 7
+ rm -f build-aux/compile build-aux/depcomp build-aux/install-sh build-aux/missing build-aux/py-compile sub1/Makefile.in sub2/Makefile.in sub3/Makefile.in
+ AUTOMAKE_run --add-missing
+ am__desc=
+ am__exp_rc=0
+ test 1 -gt 0
+ case $1 in
+ break
+ am__got_rc=0
+ automake-1.16 --foreign -Werror -Wall --add-missing
+ cat stderr
configure.ac:4: installing 'build-aux/compile'
configure.ac:3: installing 'build-aux/install-sh'
configure.ac:3: installing 'build-aux/missing'
sub1/Makefile.am: installing 'build-aux/depcomp'
sub1/Makefile.am:1: installing 'build-aux/py-compile'
+ cat stdout
+ test none = none
+ test 0 -eq 0
+ return
+ diff stderr expected
+ diff Makefile.in Makefile.in.exp
+ for run in 1 2 3 4 5 6 7
+ rm -f build-aux/compile build-aux/depcomp build-aux/install-sh build-aux/missing build-aux/py-compile sub1/Makefile.in sub2/Makefile.in sub3/Makefile.in
+ AUTOMAKE_run --add-missing
+ am__desc=
+ am__exp_rc=0
+ test 1 -gt 0
+ case $1 in
+ break
+ am__got_rc=0
+ automake-1.16 --foreign -Werror -Wall --add-missing
+ cat stderr
configure.ac:4: installing 'build-aux/compile'
configure.ac:3: installing 'build-aux/install-sh'
configure.ac:3: installing 'build-aux/missing'
sub1/Makefile.am: installing 'build-aux/depcomp'
sub1/Makefile.am:1: installing 'build-aux/py-compile'
+ cat stdout
+ test none = none
+ test 0 -eq 0
+ return
+ diff stderr expected
+ diff Makefile.in Makefile.in.exp
+ for run in 1 2 3 4 5 6 7
+ rm -f build-aux/compile build-aux/depcomp build-aux/install-sh build-aux/missing build-aux/py-compile sub1/Makefile.in sub2/Makefile.in sub3/Makefile.in
+ AUTOMAKE_run --add-missing
+ am__desc=
+ am__exp_rc=0
+ test 1 -gt 0
+ case $1 in
+ break
+ am__got_rc=0
+ automake-1.16 --foreign -Werror -Wall --add-missing
+ cat stderr
configure.ac:4: installing 'build-aux/compile'
configure.ac:3: installing 'build-aux/install-sh'
configure.ac:3: installing 'build-aux/missing'
sub1/Makefile.am: installing 'build-aux/depcomp'
sub1/Makefile.am:1: installing 'build-aux/py-compile'
+ cat stdout
+ test none = none
+ test 0 -eq 0
+ return
+ diff stderr expected
+ diff Makefile.in Makefile.in.exp
+ for run in 1 2 3 4 5 6 7
+ rm -f build-aux/compile build-aux/depcomp build-aux/install-sh build-aux/missing build-aux/py-compile sub1/Makefile.in sub2/Makefile.in sub3/Makefile.in
+ AUTOMAKE_run --add-missing
+ am__desc=
+ am__exp_rc=0
+ test 1 -gt 0
+ case $1 in
+ break
+ am__got_rc=0
+ automake-1.16 --foreign -Werror -Wall --add-missing
+ cat stderr
configure.ac:4: installing 'build-aux/compile'
configure.ac:3: installing 'build-aux/install-sh'
configure.ac:3: installing 'build-aux/missing'
sub1/Makefile.am: installing 'build-aux/depcomp'
sub1/Makefile.am:1: installing 'build-aux/py-compile'
+ cat stdout
+ test none = none
+ test 0 -eq 0
+ return
+ diff stderr expected
+ diff Makefile.in Makefile.in.exp
+ for run in 1 2 3 4 5 6 7
+ rm -f build-aux/compile build-aux/depcomp build-aux/install-sh build-aux/missing build-aux/py-compile sub1/Makefile.in sub2/Makefile.in sub3/Makefile.in
+ AUTOMAKE_run --add-missing
+ am__desc=
+ am__exp_rc=0
+ test 1 -gt 0
+ case $1 in
+ break
+ am__got_rc=0
+ automake-1.16 --foreign -Werror -Wall --add-missing
+ cat stderr
configure.ac:4: installing 'build-aux/compile'
configure.ac:3: installing 'build-aux/install-sh'
configure.ac:3: installing 'build-aux/missing'
sub1/Makefile.am: installing 'build-aux/depcomp'
sub1/Makefile.am:1: installing 'build-aux/py-compile'
+ cat stdout
+ test none = none
+ test 0 -eq 0
+ return
+ diff stderr expected
+ diff Makefile.in Makefile.in.exp
+ for run in 1 2 3 4 5 6 7
+ rm -f build-aux/compile build-aux/depcomp build-aux/install-sh build-aux/missing build-aux/py-compile sub1/Makefile.in sub2/Makefile.in sub3/Makefile.in
+ AUTOMAKE_run --add-missing
+ am__desc=
+ am__exp_rc=0
+ test 1 -gt 0
+ case $1 in
+ break
+ am__got_rc=0
+ automake-1.16 --foreign -Werror -Wall --add-missing
+ cat stderr
configure.ac:4: installing 'build-aux/compile'
configure.ac:3: installing 'build-aux/install-sh'
configure.ac:3: installing 'build-aux/missing'
sub1/Makefile.am: installing 'build-aux/depcomp'
sub1/Makefile.am:1: installing 'build-aux/py-compile'
+ cat stdout
+ test none = none
+ test 0 -eq 0
+ return
+ diff stderr expected
+ diff Makefile.in Makefile.in.exp
+ for run in 1 2 3 4 5 6 7
+ rm -f build-aux/compile build-aux/depcomp build-aux/install-sh build-aux/missing build-aux/py-compile sub1/Makefile.in sub2/Makefile.in sub3/Makefile.in
+ AUTOMAKE_run --add-missing
+ am__desc=
+ am__exp_rc=0
+ test 1 -gt 0
+ case $1 in
+ break
+ am__got_rc=0
+ automake-1.16 --foreign -Werror -Wall --add-missing
+ cat stderr
configure.ac:4: installing 'build-aux/compile'
configure.ac:3: installing 'build-aux/install-sh'
configure.ac:3: installing 'build-aux/missing'
sub1/Makefile.am: installing 'build-aux/depcomp'
sub1/Makefile.am:1: installing 'build-aux/py-compile'
+ cat stdout
+ test none = none
+ test 0 -eq 0
+ return
+ diff stderr expected
+ diff Makefile.in Makefile.in.exp
+ :
+ am_exit_trap 0
+ exit_status=0
+ set +e
+ cd /sources/automake-1.16.1
+ test none = tap
+ case $am_explicit_skips in
+ test 0 -eq 0
+ am_keeping_testdirs
+ case $keep_testdirs in
+ return 1
+ rm_rf_ t/parallel-am3.dir
+ test 1 -gt 0
+ /usr/bin/perl /sources/automake-1.16.1/t/ax/deltree.pl t/parallel-am3.dir
+ set +x
PASS t/parallel-am3.sh (exit status: 0)
