Running from installcheck: no
Test Protocol: none
PATH = /sources/automake-1.16.1/bin:/sources/automake-1.16.1/t/ax:/bin:/usr/bin:/sbin:/usr/sbin:/tools/bin
++ pwd
/sources/automake-1.16.1/t/posixsubst-extradist.dir
+ cat
+ cat
+ :
+ :
+ aclocal-1.16 -Werror
+ autoconf
+ automake-1.16 --foreign -Werror -Wall
+ ./configure
checking for a BSD-compatible install... /usr/bin/install -c
checking whether build environment is sane... yes
checking for a thread-safe mkdir -p... /tools/bin/mkdir -p
checking for gawk... gawk
checking whether make sets $(MAKE)... yes
checking whether make supports nested variables... yes
checking that generated files are newer than configure... done
configure: creating ./config.status
config.status: creating Makefile
+ make test
make  distdir-am
make[1]: Entering directory '/sources/automake-1.16.1/t/posixsubst-extradist.dir'
: > bar.f
: > bazar
if test -d "posixsubst-extradist-1.0"; then find "posixsubst-extradist-1.0" -type d ! -perm -200 -exec chmod u+w {} ';' && rm -rf "posixsubst-extradist-1.0" || { sleep 5 && rm -rf "posixsubst-extradist-1.0"; }; else :; fi
test -d "posixsubst-extradist-1.0" || mkdir "posixsubst-extradist-1.0"
test -n "" \
|| find "posixsubst-extradist-1.0" -type d ! -perm -755 \
	-exec chmod u+rwx,go+rx {} \; -o \
  ! -type d ! -perm -444 -links 1 -exec chmod a+r {} \; -o \
  ! -type d ! -perm -400 -exec chmod a+r {} \; -o \
  ! -type d ! -perm -444 -exec /bin/sh /sources/automake-1.16.1/t/posixsubst-extradist.dir/install-sh -c -m a+r {} {} \; \
|| chmod -R a+r "posixsubst-extradist-1.0"
make[1]: Leaving directory '/sources/automake-1.16.1/t/posixsubst-extradist.dir'
ls -l posixsubst-extradist-1.0
total 216
-rw-r--r-- 1 root root    395 Nov 27 06:45 Makefile.am
-rw-r--r-- 1 root root  17161 Nov 27 06:45 Makefile.in
-rw-r--r-- 1 root root  27316 Nov 27 06:45 aclocal.m4
-rw-r--r-- 1 root root      0 Nov 27 06:45 bar.f
-rw-r--r-- 1 root root      0 Nov 27 06:45 bazar
-rwxr-xr-x 1 root root   7383 Nov 27 06:45 compile
-rwxr-xr-x 1 root root 104244 Nov 27 06:45 configure
-rw-r--r-- 1 root root     94 Nov 27 06:45 configure.ac
-rwxr-xr-x 1 root root  23568 Nov 27 06:45 depcomp
-rw-r--r-- 1 root root      0 Nov 27 06:45 foo1.c
-rw-r--r-- 1 root root      0 Nov 27 06:45 foo2.c
-rwxr-xr-x 1 root root  15368 Nov 27 06:45 install-sh
-rwxr-xr-x 1 root root   6878 Nov 27 06:45 missing
test -f posixsubst-extradist-1.0/foo1.c
test -f posixsubst-extradist-1.0/foo2.c
test -f posixsubst-extradist-1.0/bar.f
test -f posixsubst-extradist-1.0/bazar
+ :
+ am_exit_trap 0
+ exit_status=0
+ set +e
+ cd /sources/automake-1.16.1
+ test none = tap
+ case $am_explicit_skips in
+ test 0 -eq 0
+ am_keeping_testdirs
+ case $keep_testdirs in
+ return 1
+ rm_rf_ t/posixsubst-extradist.dir
+ test 1 -gt 0
+ /usr/bin/perl /sources/automake-1.16.1/t/ax/deltree.pl t/posixsubst-extradist.dir
+ set +x
PASS t/posixsubst-extradist.sh (exit status: 0)
