Running from installcheck: no
Test Protocol: none
PATH = /sources/automake-1.16.1/bin:/sources/automake-1.16.1/t/ax:/bin:/usr/bin:/sbin:/usr/sbin:/tools/bin
++ pwd
/sources/automake-1.16.1/t/posixsubst-ldadd.dir
+ cat
+ cat
+ cat
+ cat
+ echo 'int quux2(void) { return 0; }'
+ echo 'int quux3(void) { return 0; }'
+ aclocal-1.16 -Werror
+ autoconf
+ automake-1.16 --foreign -Werror -Wall -a
configure.ac:6: installing './ar-lib'
+ ./configure
checking for a BSD-compatible install... /usr/bin/install -c
checking whether build environment is sane... yes
checking for a thread-safe mkdir -p... /tools/bin/mkdir -p
checking for gawk... gawk
checking whether make sets $(MAKE)... yes
checking whether make supports nested variables... yes
checking for gcc... cc
checking whether the C compiler works... yes
checking for C compiler default output file name... a.out
checking for suffix of executables... 
checking whether we are cross compiling... no
checking for suffix of object files... o
checking whether we are using the GNU C compiler... yes
checking whether cc accepts -g... yes
checking for cc option to accept ISO C89... none needed
checking whether cc understands -c and -o together... yes
checking whether make supports the include directive... yes (GNU style)
checking dependency style of cc... gcc3
checking for ranlib... ranlib
checking for ar... ar
checking the archiver (ar) interface... ar
checking that generated files are newer than configure... done
configure: creating ./config.status
config.status: creating Makefile
config.status: executing depfiles commands
+ make
cc -DPACKAGE_NAME=\"posixsubst-ldadd\" -DPACKAGE_TARNAME=\"posixsubst-ldadd\" -DPACKAGE_VERSION=\"1.0\" -DPACKAGE_STRING=\"posixsubst-ldadd\ 1.0\" -DPACKAGE_BUGREPORT=\"\" -DPACKAGE_URL=\"\" -DPACKAGE=\"posixsubst-ldadd\" -DVERSION=\"1.0\" -I.     -g -O2 -MT foo.o -MD -MP -MF .deps/foo.Tpo -c -o foo.o foo.c
mv -f .deps/foo.Tpo .deps/foo.Po
echo 'int quux1(void) { return 0; }' > libquux1.c
cc -DPACKAGE_NAME=\"posixsubst-ldadd\" -DPACKAGE_TARNAME=\"posixsubst-ldadd\" -DPACKAGE_VERSION=\"1.0\" -DPACKAGE_STRING=\"posixsubst-ldadd\ 1.0\" -DPACKAGE_BUGREPORT=\"\" -DPACKAGE_URL=\"\" -DPACKAGE=\"posixsubst-ldadd\" -DVERSION=\"1.0\" -I.     -g -O2 -MT libquux1.o -MD -MP -MF .deps/libquux1.Tpo -c -o libquux1.o libquux1.c
mv -f .deps/libquux1.Tpo .deps/libquux1.Po
rm -f libquux1.a
ar cru libquux1.a libquux1.o 
ranlib libquux1.a
cc -DPACKAGE_NAME=\"posixsubst-ldadd\" -DPACKAGE_TARNAME=\"posixsubst-ldadd\" -DPACKAGE_VERSION=\"1.0\" -DPACKAGE_STRING=\"posixsubst-ldadd\ 1.0\" -DPACKAGE_BUGREPORT=\"\" -DPACKAGE_URL=\"\" -DPACKAGE=\"posixsubst-ldadd\" -DVERSION=\"1.0\" -I.     -g -O2 -MT libquux2.o -MD -MP -MF .deps/libquux2.Tpo -c -o libquux2.o libquux2.c
mv -f .deps/libquux2.Tpo .deps/libquux2.Po
rm -f libquux2.a
ar cru libquux2.a libquux2.o 
ranlib libquux2.a
cc  -g -O2   -o foo foo.o libquux1.a libquux2.a 
cc -DPACKAGE_NAME=\"posixsubst-ldadd\" -DPACKAGE_TARNAME=\"posixsubst-ldadd\" -DPACKAGE_VERSION=\"1.0\" -DPACKAGE_STRING=\"posixsubst-ldadd\ 1.0\" -DPACKAGE_BUGREPORT=\"\" -DPACKAGE_URL=\"\" -DPACKAGE=\"posixsubst-ldadd\" -DVERSION=\"1.0\" -I.     -g -O2 -MT bar.o -MD -MP -MF .deps/bar.Tpo -c -o bar.o bar.c
mv -f .deps/bar.Tpo .deps/bar.Po
cc -DPACKAGE_NAME=\"posixsubst-ldadd\" -DPACKAGE_TARNAME=\"posixsubst-ldadd\" -DPACKAGE_VERSION=\"1.0\" -DPACKAGE_STRING=\"posixsubst-ldadd\ 1.0\" -DPACKAGE_BUGREPORT=\"\" -DPACKAGE_URL=\"\" -DPACKAGE=\"posixsubst-ldadd\" -DVERSION=\"1.0\" -I.     -g -O2 -MT libquux3.o -MD -MP -MF .deps/libquux3.Tpo -c -o libquux3.o libquux3.c
mv -f .deps/libquux3.Tpo .deps/libquux3.Po
rm -f libquux3.a
ar cru libquux3.a libquux3.o 
ranlib libquux3.a
cc  -g -O2   -o bar bar.o libquux1.a libquux2.a libquux3.a 
+ test -f libquux1.c
+ make distcheck
make  dist-gzip am__post_remove_distdir='@:'
make[1]: Entering directory '/sources/automake-1.16.1/t/posixsubst-ldadd.dir'
make  distdir-am
make[2]: Entering directory '/sources/automake-1.16.1/t/posixsubst-ldadd.dir'
if test -d "posixsubst-ldadd-1.0"; then find "posixsubst-ldadd-1.0" -type d ! -perm -200 -exec chmod u+w {} ';' && rm -rf "posixsubst-ldadd-1.0" || { sleep 5 && rm -rf "posixsubst-ldadd-1.0"; }; else :; fi
test -d "posixsubst-ldadd-1.0" || mkdir "posixsubst-ldadd-1.0"
test -n "" \
|| find "posixsubst-ldadd-1.0" -type d ! -perm -755 \
	-exec chmod u+rwx,go+rx {} \; -o \
  ! -type d ! -perm -444 -links 1 -exec chmod a+r {} \; -o \
  ! -type d ! -perm -400 -exec chmod a+r {} \; -o \
  ! -type d ! -perm -444 -exec /bin/sh /sources/automake-1.16.1/t/posixsubst-ldadd.dir/install-sh -c -m a+r {} {} \; \
|| chmod -R a+r "posixsubst-ldadd-1.0"
make[2]: Leaving directory '/sources/automake-1.16.1/t/posixsubst-ldadd.dir'
tardir=posixsubst-ldadd-1.0 && ${TAR-tar} chof - "$tardir" | eval GZIP= gzip --best -c >posixsubst-ldadd-1.0.tar.gz
make[1]: Leaving directory '/sources/automake-1.16.1/t/posixsubst-ldadd.dir'
if test -d "posixsubst-ldadd-1.0"; then find "posixsubst-ldadd-1.0" -type d ! -perm -200 -exec chmod u+w {} ';' && rm -rf "posixsubst-ldadd-1.0" || { sleep 5 && rm -rf "posixsubst-ldadd-1.0"; }; else :; fi
case 'posixsubst-ldadd-1.0.tar.gz' in \
*.tar.gz*) \
  eval GZIP= gzip --best -dc posixsubst-ldadd-1.0.tar.gz | ${TAR-tar} xf - ;;\
*.tar.bz2*) \
  bzip2 -dc posixsubst-ldadd-1.0.tar.bz2 | ${TAR-tar} xf - ;;\
*.tar.lz*) \
  lzip -dc posixsubst-ldadd-1.0.tar.lz | ${TAR-tar} xf - ;;\
*.tar.xz*) \
  xz -dc posixsubst-ldadd-1.0.tar.xz | ${TAR-tar} xf - ;;\
*.tar.Z*) \
  uncompress -c posixsubst-ldadd-1.0.tar.Z | ${TAR-tar} xf - ;;\
*.shar.gz*) \
  eval GZIP= gzip --best -dc posixsubst-ldadd-1.0.shar.gz | unshar ;;\
*.zip*) \
  unzip posixsubst-ldadd-1.0.zip ;;\
esac
chmod -R a-w posixsubst-ldadd-1.0
chmod u+w posixsubst-ldadd-1.0
mkdir posixsubst-ldadd-1.0/_build posixsubst-ldadd-1.0/_build/sub posixsubst-ldadd-1.0/_inst
chmod a-w posixsubst-ldadd-1.0
test -d posixsubst-ldadd-1.0/_build || exit 0; \
dc_install_base=`CDPATH="${ZSH_VERSION+.}:" && cd posixsubst-ldadd-1.0/_inst && pwd | sed -e 's,^[^:\\/]:[\\/],/,'` \
  && dc_destdir="${TMPDIR-/tmp}/am-dc-$$/" \
  && am__cwd=`pwd` \
  && CDPATH="${ZSH_VERSION+.}:" && cd posixsubst-ldadd-1.0/_build/sub \
  && ../../configure \
     \
     \
    --srcdir=../.. --prefix="$dc_install_base" \
  && make  \
  && make  dvi \
  && make  check \
  && make  install \
  && make  installcheck \
  && make  uninstall \
  && make  distuninstallcheck_dir="$dc_install_base" \
        distuninstallcheck \
  && chmod -R a-w "$dc_install_base" \
  && ({ \
       (cd ../.. && umask 077 && mkdir "$dc_destdir") \
       && make  DESTDIR="$dc_destdir" install \
       && make  DESTDIR="$dc_destdir" uninstall \
       && make  DESTDIR="$dc_destdir" \
            distuninstallcheck_dir="$dc_destdir" distuninstallcheck; \
      } || { rm -rf "$dc_destdir"; exit 1; }) \
  && rm -rf "$dc_destdir" \
  && make  dist \
  && rm -rf posixsubst-ldadd-1.0.tar.gz \
  && make  distcleancheck \
  && cd "$am__cwd" \
  || exit 1
checking for a BSD-compatible install... /usr/bin/install -c
checking whether build environment is sane... yes
checking for a thread-safe mkdir -p... /tools/bin/mkdir -p
checking for gawk... gawk
checking whether make sets $(MAKE)... yes
checking whether make supports nested variables... yes
checking for gcc... cc
checking whether the C compiler works... yes
checking for C compiler default output file name... a.out
checking for suffix of executables... 
checking whether we are cross compiling... no
checking for suffix of object files... o
checking whether we are using the GNU C compiler... yes
checking whether cc accepts -g... yes
checking for cc option to accept ISO C89... none needed
checking whether cc understands -c and -o together... yes
checking whether make supports the include directive... yes (GNU style)
checking dependency style of cc... gcc3
checking for ranlib... ranlib
checking for ar... ar
checking the archiver (ar) interface... ar
checking that generated files are newer than configure... done
configure: creating ./config.status
config.status: creating Makefile
config.status: executing depfiles commands
make[1]: Entering directory '/sources/automake-1.16.1/t/posixsubst-ldadd.dir/posixsubst-ldadd-1.0/_build/sub'
cc -DPACKAGE_NAME=\"posixsubst-ldadd\" -DPACKAGE_TARNAME=\"posixsubst-ldadd\" -DPACKAGE_VERSION=\"1.0\" -DPACKAGE_STRING=\"posixsubst-ldadd\ 1.0\" -DPACKAGE_BUGREPORT=\"\" -DPACKAGE_URL=\"\" -DPACKAGE=\"posixsubst-ldadd\" -DVERSION=\"1.0\" -I. -I../..     -g -O2 -MT foo.o -MD -MP -MF .deps/foo.Tpo -c -o foo.o ../../foo.c
mv -f .deps/foo.Tpo .deps/foo.Po
cc -DPACKAGE_NAME=\"posixsubst-ldadd\" -DPACKAGE_TARNAME=\"posixsubst-ldadd\" -DPACKAGE_VERSION=\"1.0\" -DPACKAGE_STRING=\"posixsubst-ldadd\ 1.0\" -DPACKAGE_BUGREPORT=\"\" -DPACKAGE_URL=\"\" -DPACKAGE=\"posixsubst-ldadd\" -DVERSION=\"1.0\" -I. -I../..     -g -O2 -MT libquux1.o -MD -MP -MF .deps/libquux1.Tpo -c -o libquux1.o ../../libquux1.c
mv -f .deps/libquux1.Tpo .deps/libquux1.Po
rm -f libquux1.a
ar cru libquux1.a libquux1.o 
ranlib libquux1.a
cc -DPACKAGE_NAME=\"posixsubst-ldadd\" -DPACKAGE_TARNAME=\"posixsubst-ldadd\" -DPACKAGE_VERSION=\"1.0\" -DPACKAGE_STRING=\"posixsubst-ldadd\ 1.0\" -DPACKAGE_BUGREPORT=\"\" -DPACKAGE_URL=\"\" -DPACKAGE=\"posixsubst-ldadd\" -DVERSION=\"1.0\" -I. -I../..     -g -O2 -MT libquux2.o -MD -MP -MF .deps/libquux2.Tpo -c -o libquux2.o ../../libquux2.c
mv -f .deps/libquux2.Tpo .deps/libquux2.Po
rm -f libquux2.a
ar cru libquux2.a libquux2.o 
ranlib libquux2.a
cc  -g -O2   -o foo foo.o libquux1.a libquux2.a 
cc -DPACKAGE_NAME=\"posixsubst-ldadd\" -DPACKAGE_TARNAME=\"posixsubst-ldadd\" -DPACKAGE_VERSION=\"1.0\" -DPACKAGE_STRING=\"posixsubst-ldadd\ 1.0\" -DPACKAGE_BUGREPORT=\"\" -DPACKAGE_URL=\"\" -DPACKAGE=\"posixsubst-ldadd\" -DVERSION=\"1.0\" -I. -I../..     -g -O2 -MT bar.o -MD -MP -MF .deps/bar.Tpo -c -o bar.o ../../bar.c
mv -f .deps/bar.Tpo .deps/bar.Po
cc -DPACKAGE_NAME=\"posixsubst-ldadd\" -DPACKAGE_TARNAME=\"posixsubst-ldadd\" -DPACKAGE_VERSION=\"1.0\" -DPACKAGE_STRING=\"posixsubst-ldadd\ 1.0\" -DPACKAGE_BUGREPORT=\"\" -DPACKAGE_URL=\"\" -DPACKAGE=\"posixsubst-ldadd\" -DVERSION=\"1.0\" -I. -I../..     -g -O2 -MT libquux3.o -MD -MP -MF .deps/libquux3.Tpo -c -o libquux3.o ../../libquux3.c
mv -f .deps/libquux3.Tpo .deps/libquux3.Po
rm -f libquux3.a
ar cru libquux3.a libquux3.o 
ranlib libquux3.a
cc  -g -O2   -o bar bar.o libquux1.a libquux2.a libquux3.a 
make[1]: Leaving directory '/sources/automake-1.16.1/t/posixsubst-ldadd.dir/posixsubst-ldadd-1.0/_build/sub'
make[1]: Entering directory '/sources/automake-1.16.1/t/posixsubst-ldadd.dir/posixsubst-ldadd-1.0/_build/sub'
make[1]: Nothing to be done for 'dvi'.
make[1]: Leaving directory '/sources/automake-1.16.1/t/posixsubst-ldadd.dir/posixsubst-ldadd-1.0/_build/sub'
make[1]: Entering directory '/sources/automake-1.16.1/t/posixsubst-ldadd.dir/posixsubst-ldadd-1.0/_build/sub'
make[1]: Nothing to be done for 'check'.
make[1]: Leaving directory '/sources/automake-1.16.1/t/posixsubst-ldadd.dir/posixsubst-ldadd-1.0/_build/sub'
make[1]: Entering directory '/sources/automake-1.16.1/t/posixsubst-ldadd.dir/posixsubst-ldadd-1.0/_build/sub'
make[2]: Entering directory '/sources/automake-1.16.1/t/posixsubst-ldadd.dir/posixsubst-ldadd-1.0/_build/sub'
make[2]: Nothing to be done for 'install-exec-am'.
 /tools/bin/mkdir -p '/sources/automake-1.16.1/t/posixsubst-ldadd.dir/posixsubst-ldadd-1.0/_inst/zardoz'
  /usr/bin/install -c foo bar '/sources/automake-1.16.1/t/posixsubst-ldadd.dir/posixsubst-ldadd-1.0/_inst/zardoz'
make[2]: Leaving directory '/sources/automake-1.16.1/t/posixsubst-ldadd.dir/posixsubst-ldadd-1.0/_build/sub'
make[1]: Leaving directory '/sources/automake-1.16.1/t/posixsubst-ldadd.dir/posixsubst-ldadd-1.0/_build/sub'
make[1]: Entering directory '/sources/automake-1.16.1/t/posixsubst-ldadd.dir/posixsubst-ldadd-1.0/_build/sub'
make[1]: Nothing to be done for 'installcheck'.
make[1]: Leaving directory '/sources/automake-1.16.1/t/posixsubst-ldadd.dir/posixsubst-ldadd-1.0/_build/sub'
make[1]: Entering directory '/sources/automake-1.16.1/t/posixsubst-ldadd.dir/posixsubst-ldadd-1.0/_build/sub'
 ( cd '/sources/automake-1.16.1/t/posixsubst-ldadd.dir/posixsubst-ldadd-1.0/_inst/zardoz' && rm -f foo bar )
make[1]: Leaving directory '/sources/automake-1.16.1/t/posixsubst-ldadd.dir/posixsubst-ldadd-1.0/_build/sub'
make[1]: Entering directory '/sources/automake-1.16.1/t/posixsubst-ldadd.dir/posixsubst-ldadd-1.0/_build/sub'
make[1]: Leaving directory '/sources/automake-1.16.1/t/posixsubst-ldadd.dir/posixsubst-ldadd-1.0/_build/sub'
make[1]: Entering directory '/sources/automake-1.16.1/t/posixsubst-ldadd.dir/posixsubst-ldadd-1.0/_build/sub'
make[2]: Entering directory '/sources/automake-1.16.1/t/posixsubst-ldadd.dir/posixsubst-ldadd-1.0/_build/sub'
make[2]: Nothing to be done for 'install-exec-am'.
 /tools/bin/mkdir -p '/tmp/am-dc-41027//sources/automake-1.16.1/t/posixsubst-ldadd.dir/posixsubst-ldadd-1.0/_inst/zardoz'
  /usr/bin/install -c foo bar '/tmp/am-dc-41027//sources/automake-1.16.1/t/posixsubst-ldadd.dir/posixsubst-ldadd-1.0/_inst/zardoz'
make[2]: Leaving directory '/sources/automake-1.16.1/t/posixsubst-ldadd.dir/posixsubst-ldadd-1.0/_build/sub'
make[1]: Leaving directory '/sources/automake-1.16.1/t/posixsubst-ldadd.dir/posixsubst-ldadd-1.0/_build/sub'
make[1]: Entering directory '/sources/automake-1.16.1/t/posixsubst-ldadd.dir/posixsubst-ldadd-1.0/_build/sub'
 ( cd '/tmp/am-dc-41027//sources/automake-1.16.1/t/posixsubst-ldadd.dir/posixsubst-ldadd-1.0/_inst/zardoz' && rm -f foo bar )
make[1]: Leaving directory '/sources/automake-1.16.1/t/posixsubst-ldadd.dir/posixsubst-ldadd-1.0/_build/sub'
make[1]: Entering directory '/sources/automake-1.16.1/t/posixsubst-ldadd.dir/posixsubst-ldadd-1.0/_build/sub'
make[1]: Leaving directory '/sources/automake-1.16.1/t/posixsubst-ldadd.dir/posixsubst-ldadd-1.0/_build/sub'
make[1]: Entering directory '/sources/automake-1.16.1/t/posixsubst-ldadd.dir/posixsubst-ldadd-1.0/_build/sub'
make  dist-gzip am__post_remove_distdir='@:'
make[2]: Entering directory '/sources/automake-1.16.1/t/posixsubst-ldadd.dir/posixsubst-ldadd-1.0/_build/sub'
make  distdir-am
make[3]: Entering directory '/sources/automake-1.16.1/t/posixsubst-ldadd.dir/posixsubst-ldadd-1.0/_build/sub'
if test -d "posixsubst-ldadd-1.0"; then find "posixsubst-ldadd-1.0" -type d ! -perm -200 -exec chmod u+w {} ';' && rm -rf "posixsubst-ldadd-1.0" || { sleep 5 && rm -rf "posixsubst-ldadd-1.0"; }; else :; fi
test -d "posixsubst-ldadd-1.0" || mkdir "posixsubst-ldadd-1.0"
test -n "" \
|| find "posixsubst-ldadd-1.0" -type d ! -perm -755 \
	-exec chmod u+rwx,go+rx {} \; -o \
  ! -type d ! -perm -444 -links 1 -exec chmod a+r {} \; -o \
  ! -type d ! -perm -400 -exec chmod a+r {} \; -o \
  ! -type d ! -perm -444 -exec /bin/sh /sources/automake-1.16.1/t/posixsubst-ldadd.dir/posixsubst-ldadd-1.0/install-sh -c -m a+r {} {} \; \
|| chmod -R a+r "posixsubst-ldadd-1.0"
make[3]: Leaving directory '/sources/automake-1.16.1/t/posixsubst-ldadd.dir/posixsubst-ldadd-1.0/_build/sub'
tardir=posixsubst-ldadd-1.0 && ${TAR-tar} chof - "$tardir" | eval GZIP= gzip --best -c >posixsubst-ldadd-1.0.tar.gz
make[2]: Leaving directory '/sources/automake-1.16.1/t/posixsubst-ldadd.dir/posixsubst-ldadd-1.0/_build/sub'
if test -d "posixsubst-ldadd-1.0"; then find "posixsubst-ldadd-1.0" -type d ! -perm -200 -exec chmod u+w {} ';' && rm -rf "posixsubst-ldadd-1.0" || { sleep 5 && rm -rf "posixsubst-ldadd-1.0"; }; else :; fi
make[1]: Leaving directory '/sources/automake-1.16.1/t/posixsubst-ldadd.dir/posixsubst-ldadd-1.0/_build/sub'
make[1]: Entering directory '/sources/automake-1.16.1/t/posixsubst-ldadd.dir/posixsubst-ldadd-1.0/_build/sub'
test -z "libquux1.c " || rm -f libquux1.c 
test -z "libquux1.a libquux2.a libquux3.a" || rm -f libquux1.a libquux2.a libquux3.a
test -z "foo bar" || rm -f foo bar
rm -f *.o
rm -f *.tab.c
test -z "" || rm -f 
test . = "../.." || test -z "" || rm -f 
rm -f TAGS ID GTAGS GRTAGS GSYMS GPATH tags
rm -f cscope.out cscope.in.out cscope.po.out cscope.files
rm -f config.status config.cache config.log configure.lineno config.status.lineno
rm -f ./.deps/bar.Po
rm -f ./.deps/foo.Po
rm -f ./.deps/libquux1.Po
rm -f ./.deps/libquux2.Po
rm -f ./.deps/libquux3.Po
rm -f Makefile
make[1]: Leaving directory '/sources/automake-1.16.1/t/posixsubst-ldadd.dir/posixsubst-ldadd-1.0/_build/sub'
if test -d "posixsubst-ldadd-1.0"; then find "posixsubst-ldadd-1.0" -type d ! -perm -200 -exec chmod u+w {} ';' && rm -rf "posixsubst-ldadd-1.0" || { sleep 5 && rm -rf "posixsubst-ldadd-1.0"; }; else :; fi
======================================================
posixsubst-ldadd-1.0 archives ready for distribution: 
posixsubst-ldadd-1.0.tar.gz
======================================================
+ :
+ am_exit_trap 0
+ exit_status=0
+ set +e
+ cd /sources/automake-1.16.1
+ test none = tap
+ case $am_explicit_skips in
+ test 0 -eq 0
+ am_keeping_testdirs
+ case $keep_testdirs in
+ return 1
+ rm_rf_ t/posixsubst-ldadd.dir
+ test 1 -gt 0
+ /usr/bin/perl /sources/automake-1.16.1/t/ax/deltree.pl t/posixsubst-ldadd.dir
+ set +x
PASS t/posixsubst-ldadd.sh (exit status: 0)
