pr307: running libtoolize --version
libtoolize (GNU libtool) 2.4.6
Written by Gary V. Vaughan <gary@gnu.org>, 2003

Copyright (C) 2015 Free Software Foundation, Inc.
This is free software; see the source for copying conditions.  There is NO
warranty; not even for MERCHANTABILITY or FITNESS FOR A PARTICULAR PURPOSE.
Running from installcheck: no
Test Protocol: none
PATH = /sources/automake-1.16.1/bin:/sources/automake-1.16.1/t/ax:/bin:/usr/bin:/sbin:/usr/sbin:/tools/bin
++ pwd
/sources/automake-1.16.1/t/pr307.dir
+ cat
+ cat
+ :
+ for i in a b c d e f g h
+ unindent
+ test x = x
++ printf '%s\n' '
  /^$/b                    # Nothing to do for empty lines.
  x                        # Get x<indent> into pattern space.
  /^$/{                    # No prior x<indent>, go prepare it.
    g                      # Copy this 1st non-blank line into pattern space.
    s/^\([	 ]*\).*/x\1/   # Prepare x<indent> in pattern space.
  }                        # Now: x<indent> in pattern and <line> in hold.
  G                        # Build x<indent>\n<line> in pattern space, and
  h                        # duplicate it into hold space.
  s/\n.*$//                # Restore x<indent> in pattern space, and
  x                        # exchange with the above duplicate in hold space.
  s/^x\(.*\)\n\1//         # Remove leading <indent> from <line>.
  s/^x.*\n//               # Restore <line> when there is no leading <indent>.
'
++ sed -e 's/  *# .*//'
+ sed_unindent_prog='
  /^$/b
  x
  /^$/{
    g
    s/^\([	 ]*\).*/x\1/
  }
  G
  h
  s/\n.*$//
  x
  s/^x\(.*\)\n\1//
  s/^x.*\n//'
+ sed '
  /^$/b
  x
  /^$/{
    g
    s/^\([	 ]*\).*/x\1/
  }
  G
  h
  s/\n.*$//
  x
  s/^x\(.*\)\n\1//
  s/^x.*\n//'
+ for i in a b c d e f g h
+ unindent
+ test 'x
  /^$/b
  x
  /^$/{
    g
    s/^\([	 ]*\).*/x\1/
  }
  G
  h
  s/\n.*$//
  x
  s/^x\(.*\)\n\1//
  s/^x.*\n//' = x
+ sed '
  /^$/b
  x
  /^$/{
    g
    s/^\([	 ]*\).*/x\1/
  }
  G
  h
  s/\n.*$//
  x
  s/^x\(.*\)\n\1//
  s/^x.*\n//'
+ for i in a b c d e f g h
+ unindent
+ test 'x
  /^$/b
  x
  /^$/{
    g
    s/^\([	 ]*\).*/x\1/
  }
  G
  h
  s/\n.*$//
  x
  s/^x\(.*\)\n\1//
  s/^x.*\n//' = x
+ sed '
  /^$/b
  x
  /^$/{
    g
    s/^\([	 ]*\).*/x\1/
  }
  G
  h
  s/\n.*$//
  x
  s/^x\(.*\)\n\1//
  s/^x.*\n//'
+ for i in a b c d e f g h
+ unindent
+ test 'x
  /^$/b
  x
  /^$/{
    g
    s/^\([	 ]*\).*/x\1/
  }
  G
  h
  s/\n.*$//
  x
  s/^x\(.*\)\n\1//
  s/^x.*\n//' = x
+ sed '
  /^$/b
  x
  /^$/{
    g
    s/^\([	 ]*\).*/x\1/
  }
  G
  h
  s/\n.*$//
  x
  s/^x\(.*\)\n\1//
  s/^x.*\n//'
+ for i in a b c d e f g h
+ unindent
+ test 'x
  /^$/b
  x
  /^$/{
    g
    s/^\([	 ]*\).*/x\1/
  }
  G
  h
  s/\n.*$//
  x
  s/^x\(.*\)\n\1//
  s/^x.*\n//' = x
+ sed '
  /^$/b
  x
  /^$/{
    g
    s/^\([	 ]*\).*/x\1/
  }
  G
  h
  s/\n.*$//
  x
  s/^x\(.*\)\n\1//
  s/^x.*\n//'
+ for i in a b c d e f g h
+ unindent
+ test 'x
  /^$/b
  x
  /^$/{
    g
    s/^\([	 ]*\).*/x\1/
  }
  G
  h
  s/\n.*$//
  x
  s/^x\(.*\)\n\1//
  s/^x.*\n//' = x
+ sed '
  /^$/b
  x
  /^$/{
    g
    s/^\([	 ]*\).*/x\1/
  }
  G
  h
  s/\n.*$//
  x
  s/^x\(.*\)\n\1//
  s/^x.*\n//'
+ for i in a b c d e f g h
+ unindent
+ test 'x
  /^$/b
  x
  /^$/{
    g
    s/^\([	 ]*\).*/x\1/
  }
  G
  h
  s/\n.*$//
  x
  s/^x\(.*\)\n\1//
  s/^x.*\n//' = x
+ sed '
  /^$/b
  x
  /^$/{
    g
    s/^\([	 ]*\).*/x\1/
  }
  G
  h
  s/\n.*$//
  x
  s/^x\(.*\)\n\1//
  s/^x.*\n//'
+ for i in a b c d e f g h
+ unindent
+ test 'x
  /^$/b
  x
  /^$/{
    g
    s/^\([	 ]*\).*/x\1/
  }
  G
  h
  s/\n.*$//
  x
  s/^x\(.*\)\n\1//
  s/^x.*\n//' = x
+ sed '
  /^$/b
  x
  /^$/{
    g
    s/^\([	 ]*\).*/x\1/
  }
  G
  h
  s/\n.*$//
  x
  s/^x\(.*\)\n\1//
  s/^x.*\n//'
+ libtoolize --force
libtoolize: putting auxiliary files in '.'.
libtoolize: linking file './ltmain.sh'
libtoolize: You should add the contents of the following files to 'aclocal.m4':
libtoolize:   '/usr/share/aclocal/libtool.m4'
libtoolize:   '/usr/share/aclocal/ltoptions.m4'
libtoolize:   '/usr/share/aclocal/ltsugar.m4'
libtoolize:   '/usr/share/aclocal/ltversion.m4'
libtoolize:   '/usr/share/aclocal/lt~obsolete.m4'
libtoolize: Consider adding 'AC_CONFIG_MACRO_DIRS([m4])' to configure.ac,
libtoolize: and rerunning libtoolize and aclocal.
libtoolize: Consider adding '-I m4' to ACLOCAL_AMFLAGS in Makefile.am.
+ aclocal-1.16 -Werror
+ autoconf
+ automake-1.16 --foreign -Werror -Wall -a
configure.ac:5: installing './ar-lib'
configure.ac:4: installing './compile'
configure.ac:6: installing './config.guess'
configure.ac:6: installing './config.sub'
configure.ac:2: installing './missing'
Makefile.am: installing './depcomp'
+ grep am_cv_CC_dependencies_compiler_type configure
if ${am_cv_CC_dependencies_compiler_type+:} false; then :
  am_cv_CC_dependencies_compiler_type=none
        am_cv_CC_dependencies_compiler_type=$depmode
  am_cv_CC_dependencies_compiler_type=none
{ $as_echo "$as_me:${as_lineno-$LINENO}: result: $am_cv_CC_dependencies_compiler_type" >&5
$as_echo "$am_cv_CC_dependencies_compiler_type" >&6; }
CCDEPMODE=depmode=$am_cv_CC_dependencies_compiler_type
  && test "$am_cv_CC_dependencies_compiler_type" = gcc3; then
+ ./configure am_cv_CC_dependencies_compiler_type=dashmstdout
checking for a BSD-compatible install... /usr/bin/install -c
checking whether build environment is sane... yes
checking for a thread-safe mkdir -p... /tools/bin/mkdir -p
checking for gawk... gawk
checking whether make sets $(MAKE)... yes
checking whether make supports nested variables... yes
checking for gcc... cc
checking whether the C compiler works... yes
checking for C compiler default output file name... a.out
checking for suffix of executables... 
checking whether we are cross compiling... no
checking for suffix of object files... o
checking whether we are using the GNU C compiler... yes
checking whether cc accepts -g... yes
checking for cc option to accept ISO C89... none needed
checking whether cc understands -c and -o together... yes
checking whether make supports the include directive... yes (GNU style)
checking dependency style of cc... (cached) dashmstdout
checking for ar... ar
checking the archiver (ar) interface... ar
checking build system type... x86_64-pc-linux-gnu
checking host system type... x86_64-pc-linux-gnu
checking how to print strings... printf
checking for a sed that does not truncate output... /bin/sed
checking for grep that handles long lines and -e... /bin/grep
checking for egrep... /bin/grep -E
checking for fgrep... /bin/grep -F
checking for ld used by cc... /usr/bin/ld
checking if the linker (/usr/bin/ld) is GNU ld... yes
checking for BSD- or MS-compatible name lister (nm)... /usr/bin/nm -B
checking the name lister (/usr/bin/nm -B) interface... BSD nm
checking whether ln -s works... yes
checking the maximum length of command line arguments... 6291456
checking how to convert x86_64-pc-linux-gnu file names to x86_64-pc-linux-gnu format... func_convert_file_noop
checking how to convert x86_64-pc-linux-gnu file names to toolchain format... func_convert_file_noop
checking for /usr/bin/ld option to reload object files... -r
checking for objdump... objdump
checking how to recognize dependent libraries... pass_all
checking for dlltool... no
checking how to associate runtime and link libraries... printf %s\n
checking for archiver @FILE support... @
checking for strip... strip
checking for ranlib... ranlib
checking command to parse /usr/bin/nm -B output from cc object... ok
checking for sysroot... no
checking for a working dd... /bin/dd
checking how to truncate binary pipes... /bin/dd bs=4096 count=1
checking for mt... no
checking if : is a manifest tool... no
checking how to run the C preprocessor... cc -E
checking for ANSI C header files... yes
checking for sys/types.h... yes
checking for sys/stat.h... yes
checking for stdlib.h... yes
checking for string.h... yes
checking for memory.h... yes
checking for strings.h... yes
checking for inttypes.h... yes
checking for stdint.h... yes
checking for unistd.h... yes
checking for dlfcn.h... yes
checking for objdir... .libs
checking if cc supports -fno-rtti -fno-exceptions... no
checking for cc option to produce PIC... -fPIC -DPIC
checking if cc PIC flag -fPIC -DPIC works... yes
checking if cc static flag -static works... yes
checking if cc supports -c -o file.o... yes
checking if cc supports -c -o file.o... (cached) yes
checking whether the cc linker (/usr/bin/ld -m elf_x86_64) supports shared libraries... yes
checking whether -lc should be explicitly linked in... no
checking dynamic linker characteristics... GNU/Linux ld.so
checking how to hardcode library paths into programs... immediate
checking whether stripping libraries is possible... yes
checking if libtool supports shared libraries... yes
checking whether to build shared libraries... yes
checking whether to build static libraries... yes
checking that generated files are newer than configure... done
configure: creating ./config.status
config.status: creating Makefile
config.status: executing depfiles commands
config.status: executing libtool commands
+ make
make: Nothing to be done for 'all'.
+ test -f librace.la
+ make check
make  librace.la
make[1]: Entering directory '/sources/automake-1.16.1/t/pr307.dir'
source='a.c' object='a.lo' libtool=yes \
DEPDIR=.deps depmode=dashmstdout /bin/sh ./depcomp \
/bin/sh ./libtool  --tag=CC   --mode=compile cc -DPACKAGE_NAME=\"pr307\" -DPACKAGE_TARNAME=\"pr307\" -DPACKAGE_VERSION=\"1.0\" -DPACKAGE_STRING=\"pr307\ 1.0\" -DPACKAGE_BUGREPORT=\"\" -DPACKAGE_URL=\"\" -DPACKAGE=\"pr307\" -DVERSION=\"1.0\" -DSTDC_HEADERS=1 -DHAVE_SYS_TYPES_H=1 -DHAVE_SYS_STAT_H=1 -DHAVE_STDLIB_H=1 -DHAVE_STRING_H=1 -DHAVE_MEMORY_H=1 -DHAVE_STRINGS_H=1 -DHAVE_INTTYPES_H=1 -DHAVE_STDINT_H=1 -DHAVE_UNISTD_H=1 -DHAVE_DLFCN_H=1 -DLT_OBJDIR=\".libs/\" -I.     -g -O2 -c -o a.lo a.c
libtool: compile:  cc -DPACKAGE_NAME=\"pr307\" -DPACKAGE_TARNAME=\"pr307\" -DPACKAGE_VERSION=\"1.0\" "-DPACKAGE_STRING=\"pr307 1.0\"" -DPACKAGE_BUGREPORT=\"\" -DPACKAGE_URL=\"\" -DPACKAGE=\"pr307\" -DVERSION=\"1.0\" -DSTDC_HEADERS=1 -DHAVE_SYS_TYPES_H=1 -DHAVE_SYS_STAT_H=1 -DHAVE_STDLIB_H=1 -DHAVE_STRING_H=1 -DHAVE_MEMORY_H=1 -DHAVE_STRINGS_H=1 -DHAVE_INTTYPES_H=1 -DHAVE_STDINT_H=1 -DHAVE_UNISTD_H=1 -DHAVE_DLFCN_H=1 -DLT_OBJDIR=\".libs/\" -I. -g -O2 -c a.c  -fPIC -DPIC -o .libs/a.o
libtool: compile:  cc -DPACKAGE_NAME=\"pr307\" -DPACKAGE_TARNAME=\"pr307\" -DPACKAGE_VERSION=\"1.0\" "-DPACKAGE_STRING=\"pr307 1.0\"" -DPACKAGE_BUGREPORT=\"\" -DPACKAGE_URL=\"\" -DPACKAGE=\"pr307\" -DVERSION=\"1.0\" -DSTDC_HEADERS=1 -DHAVE_SYS_TYPES_H=1 -DHAVE_SYS_STAT_H=1 -DHAVE_STDLIB_H=1 -DHAVE_STRING_H=1 -DHAVE_MEMORY_H=1 -DHAVE_STRINGS_H=1 -DHAVE_INTTYPES_H=1 -DHAVE_STDINT_H=1 -DHAVE_UNISTD_H=1 -DHAVE_DLFCN_H=1 -DLT_OBJDIR=\".libs/\" -I. -g -O2 -c a.c -o a.o >/dev/null 2>&1
source='b.c' object='b.lo' libtool=yes \
DEPDIR=.deps depmode=dashmstdout /bin/sh ./depcomp \
/bin/sh ./libtool  --tag=CC   --mode=compile cc -DPACKAGE_NAME=\"pr307\" -DPACKAGE_TARNAME=\"pr307\" -DPACKAGE_VERSION=\"1.0\" -DPACKAGE_STRING=\"pr307\ 1.0\" -DPACKAGE_BUGREPORT=\"\" -DPACKAGE_URL=\"\" -DPACKAGE=\"pr307\" -DVERSION=\"1.0\" -DSTDC_HEADERS=1 -DHAVE_SYS_TYPES_H=1 -DHAVE_SYS_STAT_H=1 -DHAVE_STDLIB_H=1 -DHAVE_STRING_H=1 -DHAVE_MEMORY_H=1 -DHAVE_STRINGS_H=1 -DHAVE_INTTYPES_H=1 -DHAVE_STDINT_H=1 -DHAVE_UNISTD_H=1 -DHAVE_DLFCN_H=1 -DLT_OBJDIR=\".libs/\" -I.     -g -O2 -c -o b.lo b.c
libtool: compile:  cc -DPACKAGE_NAME=\"pr307\" -DPACKAGE_TARNAME=\"pr307\" -DPACKAGE_VERSION=\"1.0\" "-DPACKAGE_STRING=\"pr307 1.0\"" -DPACKAGE_BUGREPORT=\"\" -DPACKAGE_URL=\"\" -DPACKAGE=\"pr307\" -DVERSION=\"1.0\" -DSTDC_HEADERS=1 -DHAVE_SYS_TYPES_H=1 -DHAVE_SYS_STAT_H=1 -DHAVE_STDLIB_H=1 -DHAVE_STRING_H=1 -DHAVE_MEMORY_H=1 -DHAVE_STRINGS_H=1 -DHAVE_INTTYPES_H=1 -DHAVE_STDINT_H=1 -DHAVE_UNISTD_H=1 -DHAVE_DLFCN_H=1 -DLT_OBJDIR=\".libs/\" -I. -g -O2 -c b.c  -fPIC -DPIC -o .libs/b.o
libtool: compile:  cc -DPACKAGE_NAME=\"pr307\" -DPACKAGE_TARNAME=\"pr307\" -DPACKAGE_VERSION=\"1.0\" "-DPACKAGE_STRING=\"pr307 1.0\"" -DPACKAGE_BUGREPORT=\"\" -DPACKAGE_URL=\"\" -DPACKAGE=\"pr307\" -DVERSION=\"1.0\" -DSTDC_HEADERS=1 -DHAVE_SYS_TYPES_H=1 -DHAVE_SYS_STAT_H=1 -DHAVE_STDLIB_H=1 -DHAVE_STRING_H=1 -DHAVE_MEMORY_H=1 -DHAVE_STRINGS_H=1 -DHAVE_INTTYPES_H=1 -DHAVE_STDINT_H=1 -DHAVE_UNISTD_H=1 -DHAVE_DLFCN_H=1 -DLT_OBJDIR=\".libs/\" -I. -g -O2 -c b.c -o b.o >/dev/null 2>&1
source='c.c' object='c.lo' libtool=yes \
DEPDIR=.deps depmode=dashmstdout /bin/sh ./depcomp \
/bin/sh ./libtool  --tag=CC   --mode=compile cc -DPACKAGE_NAME=\"pr307\" -DPACKAGE_TARNAME=\"pr307\" -DPACKAGE_VERSION=\"1.0\" -DPACKAGE_STRING=\"pr307\ 1.0\" -DPACKAGE_BUGREPORT=\"\" -DPACKAGE_URL=\"\" -DPACKAGE=\"pr307\" -DVERSION=\"1.0\" -DSTDC_HEADERS=1 -DHAVE_SYS_TYPES_H=1 -DHAVE_SYS_STAT_H=1 -DHAVE_STDLIB_H=1 -DHAVE_STRING_H=1 -DHAVE_MEMORY_H=1 -DHAVE_STRINGS_H=1 -DHAVE_INTTYPES_H=1 -DHAVE_STDINT_H=1 -DHAVE_UNISTD_H=1 -DHAVE_DLFCN_H=1 -DLT_OBJDIR=\".libs/\" -I.     -g -O2 -c -o c.lo c.c
libtool: compile:  cc -DPACKAGE_NAME=\"pr307\" -DPACKAGE_TARNAME=\"pr307\" -DPACKAGE_VERSION=\"1.0\" "-DPACKAGE_STRING=\"pr307 1.0\"" -DPACKAGE_BUGREPORT=\"\" -DPACKAGE_URL=\"\" -DPACKAGE=\"pr307\" -DVERSION=\"1.0\" -DSTDC_HEADERS=1 -DHAVE_SYS_TYPES_H=1 -DHAVE_SYS_STAT_H=1 -DHAVE_STDLIB_H=1 -DHAVE_STRING_H=1 -DHAVE_MEMORY_H=1 -DHAVE_STRINGS_H=1 -DHAVE_INTTYPES_H=1 -DHAVE_STDINT_H=1 -DHAVE_UNISTD_H=1 -DHAVE_DLFCN_H=1 -DLT_OBJDIR=\".libs/\" -I. -g -O2 -c c.c  -fPIC -DPIC -o .libs/c.o
libtool: compile:  cc -DPACKAGE_NAME=\"pr307\" -DPACKAGE_TARNAME=\"pr307\" -DPACKAGE_VERSION=\"1.0\" "-DPACKAGE_STRING=\"pr307 1.0\"" -DPACKAGE_BUGREPORT=\"\" -DPACKAGE_URL=\"\" -DPACKAGE=\"pr307\" -DVERSION=\"1.0\" -DSTDC_HEADERS=1 -DHAVE_SYS_TYPES_H=1 -DHAVE_SYS_STAT_H=1 -DHAVE_STDLIB_H=1 -DHAVE_STRING_H=1 -DHAVE_MEMORY_H=1 -DHAVE_STRINGS_H=1 -DHAVE_INTTYPES_H=1 -DHAVE_STDINT_H=1 -DHAVE_UNISTD_H=1 -DHAVE_DLFCN_H=1 -DLT_OBJDIR=\".libs/\" -I. -g -O2 -c c.c -o c.o >/dev/null 2>&1
source='d.c' object='d.lo' libtool=yes \
DEPDIR=.deps depmode=dashmstdout /bin/sh ./depcomp \
/bin/sh ./libtool  --tag=CC   --mode=compile cc -DPACKAGE_NAME=\"pr307\" -DPACKAGE_TARNAME=\"pr307\" -DPACKAGE_VERSION=\"1.0\" -DPACKAGE_STRING=\"pr307\ 1.0\" -DPACKAGE_BUGREPORT=\"\" -DPACKAGE_URL=\"\" -DPACKAGE=\"pr307\" -DVERSION=\"1.0\" -DSTDC_HEADERS=1 -DHAVE_SYS_TYPES_H=1 -DHAVE_SYS_STAT_H=1 -DHAVE_STDLIB_H=1 -DHAVE_STRING_H=1 -DHAVE_MEMORY_H=1 -DHAVE_STRINGS_H=1 -DHAVE_INTTYPES_H=1 -DHAVE_STDINT_H=1 -DHAVE_UNISTD_H=1 -DHAVE_DLFCN_H=1 -DLT_OBJDIR=\".libs/\" -I.     -g -O2 -c -o d.lo d.c
libtool: compile:  cc -DPACKAGE_NAME=\"pr307\" -DPACKAGE_TARNAME=\"pr307\" -DPACKAGE_VERSION=\"1.0\" "-DPACKAGE_STRING=\"pr307 1.0\"" -DPACKAGE_BUGREPORT=\"\" -DPACKAGE_URL=\"\" -DPACKAGE=\"pr307\" -DVERSION=\"1.0\" -DSTDC_HEADERS=1 -DHAVE_SYS_TYPES_H=1 -DHAVE_SYS_STAT_H=1 -DHAVE_STDLIB_H=1 -DHAVE_STRING_H=1 -DHAVE_MEMORY_H=1 -DHAVE_STRINGS_H=1 -DHAVE_INTTYPES_H=1 -DHAVE_STDINT_H=1 -DHAVE_UNISTD_H=1 -DHAVE_DLFCN_H=1 -DLT_OBJDIR=\".libs/\" -I. -g -O2 -c d.c  -fPIC -DPIC -o .libs/d.o
libtool: compile:  cc -DPACKAGE_NAME=\"pr307\" -DPACKAGE_TARNAME=\"pr307\" -DPACKAGE_VERSION=\"1.0\" "-DPACKAGE_STRING=\"pr307 1.0\"" -DPACKAGE_BUGREPORT=\"\" -DPACKAGE_URL=\"\" -DPACKAGE=\"pr307\" -DVERSION=\"1.0\" -DSTDC_HEADERS=1 -DHAVE_SYS_TYPES_H=1 -DHAVE_SYS_STAT_H=1 -DHAVE_STDLIB_H=1 -DHAVE_STRING_H=1 -DHAVE_MEMORY_H=1 -DHAVE_STRINGS_H=1 -DHAVE_INTTYPES_H=1 -DHAVE_STDINT_H=1 -DHAVE_UNISTD_H=1 -DHAVE_DLFCN_H=1 -DLT_OBJDIR=\".libs/\" -I. -g -O2 -c d.c -o d.o >/dev/null 2>&1
source='e.c' object='e.lo' libtool=yes \
DEPDIR=.deps depmode=dashmstdout /bin/sh ./depcomp \
/bin/sh ./libtool  --tag=CC   --mode=compile cc -DPACKAGE_NAME=\"pr307\" -DPACKAGE_TARNAME=\"pr307\" -DPACKAGE_VERSION=\"1.0\" -DPACKAGE_STRING=\"pr307\ 1.0\" -DPACKAGE_BUGREPORT=\"\" -DPACKAGE_URL=\"\" -DPACKAGE=\"pr307\" -DVERSION=\"1.0\" -DSTDC_HEADERS=1 -DHAVE_SYS_TYPES_H=1 -DHAVE_SYS_STAT_H=1 -DHAVE_STDLIB_H=1 -DHAVE_STRING_H=1 -DHAVE_MEMORY_H=1 -DHAVE_STRINGS_H=1 -DHAVE_INTTYPES_H=1 -DHAVE_STDINT_H=1 -DHAVE_UNISTD_H=1 -DHAVE_DLFCN_H=1 -DLT_OBJDIR=\".libs/\" -I.     -g -O2 -c -o e.lo e.c
libtool: compile:  cc -DPACKAGE_NAME=\"pr307\" -DPACKAGE_TARNAME=\"pr307\" -DPACKAGE_VERSION=\"1.0\" "-DPACKAGE_STRING=\"pr307 1.0\"" -DPACKAGE_BUGREPORT=\"\" -DPACKAGE_URL=\"\" -DPACKAGE=\"pr307\" -DVERSION=\"1.0\" -DSTDC_HEADERS=1 -DHAVE_SYS_TYPES_H=1 -DHAVE_SYS_STAT_H=1 -DHAVE_STDLIB_H=1 -DHAVE_STRING_H=1 -DHAVE_MEMORY_H=1 -DHAVE_STRINGS_H=1 -DHAVE_INTTYPES_H=1 -DHAVE_STDINT_H=1 -DHAVE_UNISTD_H=1 -DHAVE_DLFCN_H=1 -DLT_OBJDIR=\".libs/\" -I. -g -O2 -c e.c  -fPIC -DPIC -o .libs/e.o
libtool: compile:  cc -DPACKAGE_NAME=\"pr307\" -DPACKAGE_TARNAME=\"pr307\" -DPACKAGE_VERSION=\"1.0\" "-DPACKAGE_STRING=\"pr307 1.0\"" -DPACKAGE_BUGREPORT=\"\" -DPACKAGE_URL=\"\" -DPACKAGE=\"pr307\" -DVERSION=\"1.0\" -DSTDC_HEADERS=1 -DHAVE_SYS_TYPES_H=1 -DHAVE_SYS_STAT_H=1 -DHAVE_STDLIB_H=1 -DHAVE_STRING_H=1 -DHAVE_MEMORY_H=1 -DHAVE_STRINGS_H=1 -DHAVE_INTTYPES_H=1 -DHAVE_STDINT_H=1 -DHAVE_UNISTD_H=1 -DHAVE_DLFCN_H=1 -DLT_OBJDIR=\".libs/\" -I. -g -O2 -c e.c -o e.o >/dev/null 2>&1
source='f.c' object='f.lo' libtool=yes \
DEPDIR=.deps depmode=dashmstdout /bin/sh ./depcomp \
/bin/sh ./libtool  --tag=CC   --mode=compile cc -DPACKAGE_NAME=\"pr307\" -DPACKAGE_TARNAME=\"pr307\" -DPACKAGE_VERSION=\"1.0\" -DPACKAGE_STRING=\"pr307\ 1.0\" -DPACKAGE_BUGREPORT=\"\" -DPACKAGE_URL=\"\" -DPACKAGE=\"pr307\" -DVERSION=\"1.0\" -DSTDC_HEADERS=1 -DHAVE_SYS_TYPES_H=1 -DHAVE_SYS_STAT_H=1 -DHAVE_STDLIB_H=1 -DHAVE_STRING_H=1 -DHAVE_MEMORY_H=1 -DHAVE_STRINGS_H=1 -DHAVE_INTTYPES_H=1 -DHAVE_STDINT_H=1 -DHAVE_UNISTD_H=1 -DHAVE_DLFCN_H=1 -DLT_OBJDIR=\".libs/\" -I.     -g -O2 -c -o f.lo f.c
libtool: compile:  cc -DPACKAGE_NAME=\"pr307\" -DPACKAGE_TARNAME=\"pr307\" -DPACKAGE_VERSION=\"1.0\" "-DPACKAGE_STRING=\"pr307 1.0\"" -DPACKAGE_BUGREPORT=\"\" -DPACKAGE_URL=\"\" -DPACKAGE=\"pr307\" -DVERSION=\"1.0\" -DSTDC_HEADERS=1 -DHAVE_SYS_TYPES_H=1 -DHAVE_SYS_STAT_H=1 -DHAVE_STDLIB_H=1 -DHAVE_STRING_H=1 -DHAVE_MEMORY_H=1 -DHAVE_STRINGS_H=1 -DHAVE_INTTYPES_H=1 -DHAVE_STDINT_H=1 -DHAVE_UNISTD_H=1 -DHAVE_DLFCN_H=1 -DLT_OBJDIR=\".libs/\" -I. -g -O2 -c f.c  -fPIC -DPIC -o .libs/f.o
libtool: compile:  cc -DPACKAGE_NAME=\"pr307\" -DPACKAGE_TARNAME=\"pr307\" -DPACKAGE_VERSION=\"1.0\" "-DPACKAGE_STRING=\"pr307 1.0\"" -DPACKAGE_BUGREPORT=\"\" -DPACKAGE_URL=\"\" -DPACKAGE=\"pr307\" -DVERSION=\"1.0\" -DSTDC_HEADERS=1 -DHAVE_SYS_TYPES_H=1 -DHAVE_SYS_STAT_H=1 -DHAVE_STDLIB_H=1 -DHAVE_STRING_H=1 -DHAVE_MEMORY_H=1 -DHAVE_STRINGS_H=1 -DHAVE_INTTYPES_H=1 -DHAVE_STDINT_H=1 -DHAVE_UNISTD_H=1 -DHAVE_DLFCN_H=1 -DLT_OBJDIR=\".libs/\" -I. -g -O2 -c f.c -o f.o >/dev/null 2>&1
source='g.c' object='g.lo' libtool=yes \
DEPDIR=.deps depmode=dashmstdout /bin/sh ./depcomp \
/bin/sh ./libtool  --tag=CC   --mode=compile cc -DPACKAGE_NAME=\"pr307\" -DPACKAGE_TARNAME=\"pr307\" -DPACKAGE_VERSION=\"1.0\" -DPACKAGE_STRING=\"pr307\ 1.0\" -DPACKAGE_BUGREPORT=\"\" -DPACKAGE_URL=\"\" -DPACKAGE=\"pr307\" -DVERSION=\"1.0\" -DSTDC_HEADERS=1 -DHAVE_SYS_TYPES_H=1 -DHAVE_SYS_STAT_H=1 -DHAVE_STDLIB_H=1 -DHAVE_STRING_H=1 -DHAVE_MEMORY_H=1 -DHAVE_STRINGS_H=1 -DHAVE_INTTYPES_H=1 -DHAVE_STDINT_H=1 -DHAVE_UNISTD_H=1 -DHAVE_DLFCN_H=1 -DLT_OBJDIR=\".libs/\" -I.     -g -O2 -c -o g.lo g.c
libtool: compile:  cc -DPACKAGE_NAME=\"pr307\" -DPACKAGE_TARNAME=\"pr307\" -DPACKAGE_VERSION=\"1.0\" "-DPACKAGE_STRING=\"pr307 1.0\"" -DPACKAGE_BUGREPORT=\"\" -DPACKAGE_URL=\"\" -DPACKAGE=\"pr307\" -DVERSION=\"1.0\" -DSTDC_HEADERS=1 -DHAVE_SYS_TYPES_H=1 -DHAVE_SYS_STAT_H=1 -DHAVE_STDLIB_H=1 -DHAVE_STRING_H=1 -DHAVE_MEMORY_H=1 -DHAVE_STRINGS_H=1 -DHAVE_INTTYPES_H=1 -DHAVE_STDINT_H=1 -DHAVE_UNISTD_H=1 -DHAVE_DLFCN_H=1 -DLT_OBJDIR=\".libs/\" -I. -g -O2 -c g.c  -fPIC -DPIC -o .libs/g.o
libtool: compile:  cc -DPACKAGE_NAME=\"pr307\" -DPACKAGE_TARNAME=\"pr307\" -DPACKAGE_VERSION=\"1.0\" "-DPACKAGE_STRING=\"pr307 1.0\"" -DPACKAGE_BUGREPORT=\"\" -DPACKAGE_URL=\"\" -DPACKAGE=\"pr307\" -DVERSION=\"1.0\" -DSTDC_HEADERS=1 -DHAVE_SYS_TYPES_H=1 -DHAVE_SYS_STAT_H=1 -DHAVE_STDLIB_H=1 -DHAVE_STRING_H=1 -DHAVE_MEMORY_H=1 -DHAVE_STRINGS_H=1 -DHAVE_INTTYPES_H=1 -DHAVE_STDINT_H=1 -DHAVE_UNISTD_H=1 -DHAVE_DLFCN_H=1 -DLT_OBJDIR=\".libs/\" -I. -g -O2 -c g.c -o g.o >/dev/null 2>&1
source='h.c' object='h.lo' libtool=yes \
DEPDIR=.deps depmode=dashmstdout /bin/sh ./depcomp \
/bin/sh ./libtool  --tag=CC   --mode=compile cc -DPACKAGE_NAME=\"pr307\" -DPACKAGE_TARNAME=\"pr307\" -DPACKAGE_VERSION=\"1.0\" -DPACKAGE_STRING=\"pr307\ 1.0\" -DPACKAGE_BUGREPORT=\"\" -DPACKAGE_URL=\"\" -DPACKAGE=\"pr307\" -DVERSION=\"1.0\" -DSTDC_HEADERS=1 -DHAVE_SYS_TYPES_H=1 -DHAVE_SYS_STAT_H=1 -DHAVE_STDLIB_H=1 -DHAVE_STRING_H=1 -DHAVE_MEMORY_H=1 -DHAVE_STRINGS_H=1 -DHAVE_INTTYPES_H=1 -DHAVE_STDINT_H=1 -DHAVE_UNISTD_H=1 -DHAVE_DLFCN_H=1 -DLT_OBJDIR=\".libs/\" -I.     -g -O2 -c -o h.lo h.c
libtool: compile:  cc -DPACKAGE_NAME=\"pr307\" -DPACKAGE_TARNAME=\"pr307\" -DPACKAGE_VERSION=\"1.0\" "-DPACKAGE_STRING=\"pr307 1.0\"" -DPACKAGE_BUGREPORT=\"\" -DPACKAGE_URL=\"\" -DPACKAGE=\"pr307\" -DVERSION=\"1.0\" -DSTDC_HEADERS=1 -DHAVE_SYS_TYPES_H=1 -DHAVE_SYS_STAT_H=1 -DHAVE_STDLIB_H=1 -DHAVE_STRING_H=1 -DHAVE_MEMORY_H=1 -DHAVE_STRINGS_H=1 -DHAVE_INTTYPES_H=1 -DHAVE_STDINT_H=1 -DHAVE_UNISTD_H=1 -DHAVE_DLFCN_H=1 -DLT_OBJDIR=\".libs/\" -I. -g -O2 -c h.c  -fPIC -DPIC -o .libs/h.o
libtool: compile:  cc -DPACKAGE_NAME=\"pr307\" -DPACKAGE_TARNAME=\"pr307\" -DPACKAGE_VERSION=\"1.0\" "-DPACKAGE_STRING=\"pr307 1.0\"" -DPACKAGE_BUGREPORT=\"\" -DPACKAGE_URL=\"\" -DPACKAGE=\"pr307\" -DVERSION=\"1.0\" -DSTDC_HEADERS=1 -DHAVE_SYS_TYPES_H=1 -DHAVE_SYS_STAT_H=1 -DHAVE_STDLIB_H=1 -DHAVE_STRING_H=1 -DHAVE_MEMORY_H=1 -DHAVE_STRINGS_H=1 -DHAVE_INTTYPES_H=1 -DHAVE_STDINT_H=1 -DHAVE_UNISTD_H=1 -DHAVE_DLFCN_H=1 -DLT_OBJDIR=\".libs/\" -I. -g -O2 -c h.c -o h.o >/dev/null 2>&1
/bin/sh ./libtool  --tag=CC   --mode=link cc  -g -O2   -o librace.la  a.lo b.lo c.lo d.lo e.lo f.lo g.lo h.lo  
libtool: link: ar cru .libs/librace.a .libs/a.o .libs/b.o .libs/c.o .libs/d.o .libs/e.o .libs/f.o .libs/g.o .libs/h.o 
libtool: link: ranlib .libs/librace.a
libtool: link: ( cd ".libs" && rm -f "librace.la" && ln -s "../librace.la" "librace.la" )
make[1]: Leaving directory '/sources/automake-1.16.1/t/pr307.dir'
make  check-local
make[1]: Entering directory '/sources/automake-1.16.1/t/pr307.dir'
for i in a.Plo b.Plo c.Plo d.Plo e.Plo f.Plo g.Plo h.Plo; do \
  echo "checking ./.deps/$i"; \
  grep 'foo\.h' ./.deps/$i >tst || exit 1; \
  test `wc -l <tst` -eq 2 || exit 1; \
done
checking ./.deps/a.Plo
checking ./.deps/b.Plo
checking ./.deps/c.Plo
checking ./.deps/d.Plo
checking ./.deps/e.Plo
checking ./.deps/f.Plo
checking ./.deps/g.Plo
checking ./.deps/h.Plo
make[1]: Leaving directory '/sources/automake-1.16.1/t/pr307.dir'
+ test -f librace.la
+ test -f tst
+ :
+ am_exit_trap 0
+ exit_status=0
+ set +e
+ cd /sources/automake-1.16.1
+ test none = tap
+ case $am_explicit_skips in
+ test 0 -eq 0
+ am_keeping_testdirs
+ case $keep_testdirs in
+ return 1
+ rm_rf_ t/pr307.dir
+ test 1 -gt 0
+ /usr/bin/perl /sources/automake-1.16.1/t/ax/deltree.pl t/pr307.dir
+ set +x
PASS t/pr307.sh (exit status: 0)
