Running from installcheck: no
Test Protocol: none
PATH = /sources/automake-1.16.1/bin:/sources/automake-1.16.1/t/ax:/bin:/usr/bin:/sbin:/usr/sbin:/tools/bin
++ pwd
/sources/automake-1.16.1/t/pr87.dir
+ subdirs='foo bar'
+ for i in $subdirs
+ mkdir foo
+ unindent
+ test x = x
++ printf '%s\n' '
  /^$/b                    # Nothing to do for empty lines.
  x                        # Get x<indent> into pattern space.
  /^$/{                    # No prior x<indent>, go prepare it.
    g                      # Copy this 1st non-blank line into pattern space.
    s/^\([	 ]*\).*/x\1/   # Prepare x<indent> in pattern space.
  }                        # Now: x<indent> in pattern and <line> in hold.
  G                        # Build x<indent>\n<line> in pattern space, and
  h                        # duplicate it into hold space.
  s/\n.*$//                # Restore x<indent> in pattern space, and
  x                        # exchange with the above duplicate in hold space.
  s/^x\(.*\)\n\1//         # Remove leading <indent> from <line>.
  s/^x.*\n//               # Restore <line> when there is no leading <indent>.
'
++ sed -e 's/  *# .*//'
+ sed_unindent_prog='
  /^$/b
  x
  /^$/{
    g
    s/^\([	 ]*\).*/x\1/
  }
  G
  h
  s/\n.*$//
  x
  s/^x\(.*\)\n\1//
  s/^x.*\n//'
+ sed '
  /^$/b
  x
  /^$/{
    g
    s/^\([	 ]*\).*/x\1/
  }
  G
  h
  s/\n.*$//
  x
  s/^x\(.*\)\n\1//
  s/^x.*\n//'
+ unindent
+ test 'x
  /^$/b
  x
  /^$/{
    g
    s/^\([	 ]*\).*/x\1/
  }
  G
  h
  s/\n.*$//
  x
  s/^x\(.*\)\n\1//
  s/^x.*\n//' = x
+ sed '
  /^$/b
  x
  /^$/{
    g
    s/^\([	 ]*\).*/x\1/
  }
  G
  h
  s/\n.*$//
  x
  s/^x\(.*\)\n\1//
  s/^x.*\n//'
+ for i in $subdirs
+ mkdir bar
+ unindent
+ test 'x
  /^$/b
  x
  /^$/{
    g
    s/^\([	 ]*\).*/x\1/
  }
  G
  h
  s/\n.*$//
  x
  s/^x\(.*\)\n\1//
  s/^x.*\n//' = x
+ sed '
  /^$/b
  x
  /^$/{
    g
    s/^\([	 ]*\).*/x\1/
  }
  G
  h
  s/\n.*$//
  x
  s/^x\(.*\)\n\1//
  s/^x.*\n//'
+ unindent
+ test 'x
  /^$/b
  x
  /^$/{
    g
    s/^\([	 ]*\).*/x\1/
  }
  G
  h
  s/\n.*$//
  x
  s/^x\(.*\)\n\1//
  s/^x.*\n//' = x
+ sed '
  /^$/b
  x
  /^$/{
    g
    s/^\([	 ]*\).*/x\1/
  }
  G
  h
  s/\n.*$//
  x
  s/^x\(.*\)\n\1//
  s/^x.*\n//'
+ echo 'SUBDIRS = foo bar'
+ cat
++ echo foo bar
++ sed 's|\([a-z][a-z]*\)|\1/Makefile|g'
+ mkdir build
+ aclocal-1.16 -Werror
+ autoconf
+ automake-1.16 --foreign -Werror -Wall -a
+ read line
+ test '# Makefile.in generated by automake 1.16.1 from Makefile.am.' = .c.o:
+ read line
+ test '# @configure_input@' = .c.o:
+ read line
+ test '' = .c.o:
+ read line
+ test '# Copyright (C) 1994-2018 Free Software Foundation, Inc.' = .c.o:
+ read line
+ test '' = .c.o:
+ read line
+ test '# This Makefile.in is free software; the Free Software Foundation' = .c.o:
+ read line
+ test '# gives unlimited permission to copy and/or distribute it,' = .c.o:
+ read line
+ test '# with or without modifications, as long as this notice is preserved.' = .c.o:
+ read line
+ test '' = .c.o:
+ read line
+ test '# This program is distributed in the hope that it will be useful,' = .c.o:
+ read line
+ test '# but WITHOUT ANY WARRANTY, to the extent permitted by law; without' = .c.o:
+ read line
+ test '# even the implied warranty of MERCHANTABILITY or FITNESS FOR A' = .c.o:
+ read line
+ test '# PARTICULAR PURPOSE.' = .c.o:
+ read line
+ test '' = .c.o:
+ read line
+ test @SET_MAKE@ = .c.o:
+ read line
+ test '' = .c.o:
+ read line
+ test 'VPATH = @srcdir@' = .c.o:
+ read line
+ test 'am__is_gnu_make = {   if test -z '\''$(MAKELEVEL)'\''; then     false;   elif test -n '\''$(MAKE_HOST)'\''; then     true;   elif test -n '\''$(MAKE_VERSION)'\'' && test -n '\''$(CURDIR)'\''; then     true;   else     false;   fi; }' = .c.o:
+ read line
+ test 'am__make_running_with_option =   case $${target_option-} in       ?) ;;       *) echo "am__make_running_with_option: internal error: invalid"               "target option '\''$${target_option-}'\'' specified" >&2;          exit 1;;   esac;   has_opt=no;   sane_makeflags=$$MAKEFLAGS;   if $(am__is_gnu_make); then     sane_makeflags=$$MFLAGS;   else     case $$MAKEFLAGS in       *\[ 	]*)         bs=\;         sane_makeflags=`printf '\''%sn'\'' "$$MAKEFLAGS"           | sed "s/$$bs$$bs[$$bs $$bs	]*//g"`;;     esac;   fi;   skip_next=no;   strip_trailopt ()   {     flg=`printf '\''%sn'\'' "$$flg" | sed "s/$$1.*$$//"`;   };   for flg in $$sane_makeflags; do     test $$skip_next = yes && { skip_next=no; continue; };     case $$flg in       *=*|--*) continue;;         -*I) strip_trailopt '\''I'\''; skip_next=yes;;       -*I?*) strip_trailopt '\''I'\'';;         -*O) strip_trailopt '\''O'\''; skip_next=yes;;       -*O?*) strip_trailopt '\''O'\'';;         -*l) strip_trailopt '\''l'\''; skip_next=yes;;       -*l?*) strip_trailopt '\''l'\'';;       -[dEDm]) skip_next=yes;;       -[JT]) skip_next=yes;;     esac;     case $$flg in       *$$target_option*) has_opt=yes; break;;     esac;   done;   test $$has_opt = yes' = .c.o:
+ read line
+ test 'am__make_dryrun = (target_option=n; $(am__make_running_with_option))' = .c.o:
+ read line
+ test 'am__make_keepgoing = (target_option=k; $(am__make_running_with_option))' = .c.o:
+ read line
+ test 'pkgdatadir = $(datadir)/@PACKAGE@' = .c.o:
+ read line
+ test 'pkgincludedir = $(includedir)/@PACKAGE@' = .c.o:
+ read line
+ test 'pkglibdir = $(libdir)/@PACKAGE@' = .c.o:
+ read line
+ test 'pkglibexecdir = $(libexecdir)/@PACKAGE@' = .c.o:
+ read line
+ test 'am__cd = CDPATH="$${ZSH_VERSION+.}$(PATH_SEPARATOR)" && cd' = .c.o:
+ read line
+ test 'install_sh_DATA = $(install_sh) -c -m 644' = .c.o:
+ read line
+ test 'install_sh_PROGRAM = $(install_sh) -c' = .c.o:
+ read line
+ test 'install_sh_SCRIPT = $(install_sh) -c' = .c.o:
+ read line
+ test 'INSTALL_HEADER = $(INSTALL_DATA)' = .c.o:
+ read line
+ test 'transform = $(program_transform_name)' = .c.o:
+ read line
+ test 'NORMAL_INSTALL = :' = .c.o:
+ read line
+ test 'PRE_INSTALL = :' = .c.o:
+ read line
+ test 'POST_INSTALL = :' = .c.o:
+ read line
+ test 'NORMAL_UNINSTALL = :' = .c.o:
+ read line
+ test 'PRE_UNINSTALL = :' = .c.o:
+ read line
+ test 'POST_UNINSTALL = :' = .c.o:
+ read line
+ test 'bin_PROGRAMS = foo$(EXEEXT)' = .c.o:
+ read line
+ test 'subdir = foo' = .c.o:
+ read line
+ test 'ACLOCAL_M4 = $(top_srcdir)/aclocal.m4' = .c.o:
+ read line
+ test 'am__aclocal_m4_deps = $(top_srcdir)/configure.ac' = .c.o:
+ read line
+ test 'am__configure_deps = $(am__aclocal_m4_deps) $(CONFIGURE_DEPENDENCIES) 	$(ACLOCAL_M4)' = .c.o:
+ read line
+ test 'DIST_COMMON = $(srcdir)/Makefile.am $(am__DIST_COMMON)' = .c.o:
+ read line
+ test 'mkinstalldirs = $(install_sh) -d' = .c.o:
+ read line
+ test 'CONFIG_CLEAN_FILES =' = .c.o:
+ read line
+ test 'CONFIG_CLEAN_VPATH_FILES =' = .c.o:
+ read line
+ test 'am__installdirs = "$(DESTDIR)$(bindir)"' = .c.o:
+ read line
+ test 'PROGRAMS = $(bin_PROGRAMS)' = .c.o:
+ read line
+ test 'am_foo_OBJECTS = foo.$(OBJEXT)' = .c.o:
+ read line
+ test 'foo_OBJECTS = $(am_foo_OBJECTS)' = .c.o:
+ read line
+ test 'foo_LDADD = $(LDADD)' = .c.o:
+ read line
+ test 'AM_V_P = $(am__v_P_@AM_V@)' = .c.o:
+ read line
+ test 'am__v_P_ = $(am__v_P_@AM_DEFAULT_V@)' = .c.o:
+ read line
+ test 'am__v_P_0 = false' = .c.o:
+ read line
+ test 'am__v_P_1 = :' = .c.o:
+ read line
+ test 'AM_V_GEN = $(am__v_GEN_@AM_V@)' = .c.o:
+ read line
+ test 'am__v_GEN_ = $(am__v_GEN_@AM_DEFAULT_V@)' = .c.o:
+ read line
+ test 'am__v_GEN_0 = @echo "  GEN     " $@;' = .c.o:
+ read line
+ test 'am__v_GEN_1 =' = .c.o:
+ read line
+ test 'AM_V_at = $(am__v_at_@AM_V@)' = .c.o:
+ read line
+ test 'am__v_at_ = $(am__v_at_@AM_DEFAULT_V@)' = .c.o:
+ read line
+ test 'am__v_at_0 = @' = .c.o:
+ read line
+ test 'am__v_at_1 =' = .c.o:
+ read line
+ test 'DEFAULT_INCLUDES = -I.@am__isrc@' = .c.o:
+ read line
+ test 'depcomp = $(SHELL) $(top_srcdir)/depcomp' = .c.o:
+ read line
+ test 'am__maybe_remake_depfiles = depfiles' = .c.o:
+ read line
+ test 'am__depfiles_remade = ./$(DEPDIR)/foo.Po' = .c.o:
+ read line
+ test 'am__mv = mv -f' = .c.o:
+ read line
+ test 'COMPILE = $(CC) $(DEFS) $(DEFAULT_INCLUDES) $(INCLUDES) $(AM_CPPFLAGS) 	$(CPPFLAGS) $(AM_CFLAGS) $(CFLAGS)' = .c.o:
+ read line
+ test 'AM_V_CC = $(am__v_CC_@AM_V@)' = .c.o:
+ read line
+ test 'am__v_CC_ = $(am__v_CC_@AM_DEFAULT_V@)' = .c.o:
+ read line
+ test 'am__v_CC_0 = @echo "  CC      " $@;' = .c.o:
+ read line
+ test 'am__v_CC_1 =' = .c.o:
+ read line
+ test 'CCLD = $(CC)' = .c.o:
+ read line
+ test 'LINK = $(CCLD) $(AM_CFLAGS) $(CFLAGS) $(AM_LDFLAGS) $(LDFLAGS) -o $@' = .c.o:
+ read line
+ test 'AM_V_CCLD = $(am__v_CCLD_@AM_V@)' = .c.o:
+ read line
+ test 'am__v_CCLD_ = $(am__v_CCLD_@AM_DEFAULT_V@)' = .c.o:
+ read line
+ test 'am__v_CCLD_0 = @echo "  CCLD    " $@;' = .c.o:
+ read line
+ test 'am__v_CCLD_1 =' = .c.o:
+ read line
+ test 'SOURCES = $(foo_SOURCES)' = .c.o:
+ read line
+ test 'DIST_SOURCES = $(foo_SOURCES)' = .c.o:
+ read line
+ test 'am__can_run_installinfo =   case $$AM_UPDATE_INFO_DIR in     n|no|NO) false;;     *) (install-info --version) >/dev/null 2>&1;;   esac' = .c.o:
+ read line
+ test 'am__tagged_files = $(HEADERS) $(SOURCES) $(TAGS_FILES) $(LISP)' = .c.o:
+ read line
+ test '# Read a list of newline-separated strings from the standard input,' = .c.o:
+ read line
+ test '# and print each of them once, without duplicates.  Input order is' = .c.o:
+ read line
+ test '# *not* preserved.' = .c.o:
+ read line
+ test 'am__uniquify_input = $(AWK) '\''  BEGIN { nonempty = 0; }   { items[$$0] = 1; nonempty = 1; }   END { if (nonempty) { for (i in items) print i; }; } '\''' = .c.o:
+ read line
+ test '# Make sure the list of sources is unique.  This is necessary because,' = .c.o:
+ read line
+ test '# e.g., the same source file might be shared among _SOURCES variables' = .c.o:
+ read line
+ test '# for different programs/libraries.' = .c.o:
+ read line
+ test 'am__define_uniq_tagged_files =   list='\''$(am__tagged_files)'\'';   unique=`for i in $$list; do     if test -f "$$i"; then echo $$i; else echo $(srcdir)/$$i; fi;   done | $(am__uniquify_input)`' = .c.o:
+ read line
+ test 'ETAGS = etags' = .c.o:
+ read line
+ test 'CTAGS = ctags' = .c.o:
+ read line
+ test 'am__DIST_COMMON = $(srcdir)/Makefile.in $(top_srcdir)/depcomp' = .c.o:
+ read line
+ test 'DISTFILES = $(DIST_COMMON) $(DIST_SOURCES) $(TEXINFOS) $(EXTRA_DIST)' = .c.o:
+ read line
+ test 'ACLOCAL = @ACLOCAL@' = .c.o:
+ read line
+ test 'AMTAR = @AMTAR@' = .c.o:
+ read line
+ test 'AM_DEFAULT_VERBOSITY = @AM_DEFAULT_VERBOSITY@' = .c.o:
+ read line
+ test 'AUTOCONF = @AUTOCONF@' = .c.o:
+ read line
+ test 'AUTOHEADER = @AUTOHEADER@' = .c.o:
+ read line
+ test 'AUTOMAKE = @AUTOMAKE@' = .c.o:
+ read line
+ test 'AWK = @AWK@' = .c.o:
+ read line
+ test 'CC = @CC@' = .c.o:
+ read line
+ test 'CCDEPMODE = @CCDEPMODE@' = .c.o:
+ read line
+ test 'CFLAGS = @CFLAGS@' = .c.o:
+ read line
+ test 'CPPFLAGS = @CPPFLAGS@' = .c.o:
+ read line
+ test 'CYGPATH_W = @CYGPATH_W@' = .c.o:
+ read line
+ test 'DEFS = @DEFS@' = .c.o:
+ read line
+ test 'DEPDIR = @DEPDIR@' = .c.o:
+ read line
+ test 'ECHO_C = @ECHO_C@' = .c.o:
+ read line
+ test 'ECHO_N = @ECHO_N@' = .c.o:
+ read line
+ test 'ECHO_T = @ECHO_T@' = .c.o:
+ read line
+ test 'EXEEXT = @EXEEXT@' = .c.o:
+ read line
+ test 'INSTALL = @INSTALL@' = .c.o:
+ read line
+ test 'INSTALL_DATA = @INSTALL_DATA@' = .c.o:
+ read line
+ test 'INSTALL_PROGRAM = @INSTALL_PROGRAM@' = .c.o:
+ read line
+ test 'INSTALL_SCRIPT = @INSTALL_SCRIPT@' = .c.o:
+ read line
+ test 'INSTALL_STRIP_PROGRAM = @INSTALL_STRIP_PROGRAM@' = .c.o:
+ read line
+ test 'LDFLAGS = @LDFLAGS@' = .c.o:
+ read line
+ test 'LIBOBJS = @LIBOBJS@' = .c.o:
+ read line
+ test 'LIBS = @LIBS@' = .c.o:
+ read line
+ test 'LTLIBOBJS = @LTLIBOBJS@' = .c.o:
+ read line
+ test 'MAKEINFO = @MAKEINFO@' = .c.o:
+ read line
+ test 'MKDIR_P = @MKDIR_P@' = .c.o:
+ read line
+ test 'OBJEXT = @OBJEXT@' = .c.o:
+ read line
+ test 'PACKAGE = @PACKAGE@' = .c.o:
+ read line
+ test 'PACKAGE_BUGREPORT = @PACKAGE_BUGREPORT@' = .c.o:
+ read line
+ test 'PACKAGE_NAME = @PACKAGE_NAME@' = .c.o:
+ read line
+ test 'PACKAGE_STRING = @PACKAGE_STRING@' = .c.o:
+ read line
+ test 'PACKAGE_TARNAME = @PACKAGE_TARNAME@' = .c.o:
+ read line
+ test 'PACKAGE_URL = @PACKAGE_URL@' = .c.o:
+ read line
+ test 'PACKAGE_VERSION = @PACKAGE_VERSION@' = .c.o:
+ read line
+ test 'PATH_SEPARATOR = @PATH_SEPARATOR@' = .c.o:
+ read line
+ test 'SET_MAKE = @SET_MAKE@' = .c.o:
+ read line
+ test 'SHELL = @SHELL@' = .c.o:
+ read line
+ test 'STRIP = @STRIP@' = .c.o:
+ read line
+ test 'VERSION = @VERSION@' = .c.o:
+ read line
+ test 'abs_builddir = @abs_builddir@' = .c.o:
+ read line
+ test 'abs_srcdir = @abs_srcdir@' = .c.o:
+ read line
+ test 'abs_top_builddir = @abs_top_builddir@' = .c.o:
+ read line
+ test 'abs_top_srcdir = @abs_top_srcdir@' = .c.o:
+ read line
+ test 'ac_ct_CC = @ac_ct_CC@' = .c.o:
+ read line
+ test 'am__include = @am__include@' = .c.o:
+ read line
+ test 'am__leading_dot = @am__leading_dot@' = .c.o:
+ read line
+ test 'am__quote = @am__quote@' = .c.o:
+ read line
+ test 'am__tar = @am__tar@' = .c.o:
+ read line
+ test 'am__untar = @am__untar@' = .c.o:
+ read line
+ test 'bindir = @bindir@' = .c.o:
+ read line
+ test 'build_alias = @build_alias@' = .c.o:
+ read line
+ test 'builddir = @builddir@' = .c.o:
+ read line
+ test 'datadir = @datadir@' = .c.o:
+ read line
+ test 'datarootdir = @datarootdir@' = .c.o:
+ read line
+ test 'docdir = @docdir@' = .c.o:
+ read line
+ test 'dvidir = @dvidir@' = .c.o:
+ read line
+ test 'exec_prefix = @exec_prefix@' = .c.o:
+ read line
+ test 'host_alias = @host_alias@' = .c.o:
+ read line
+ test 'htmldir = @htmldir@' = .c.o:
+ read line
+ test 'includedir = @includedir@' = .c.o:
+ read line
+ test 'infodir = @infodir@' = .c.o:
+ read line
+ test 'install_sh = @install_sh@' = .c.o:
+ read line
+ test 'libdir = @libdir@' = .c.o:
+ read line
+ test 'libexecdir = @libexecdir@' = .c.o:
+ read line
+ test 'localedir = @localedir@' = .c.o:
+ read line
+ test 'localstatedir = @localstatedir@' = .c.o:
+ read line
+ test 'mandir = @mandir@' = .c.o:
+ read line
+ test 'mkdir_p = @mkdir_p@' = .c.o:
+ read line
+ test 'oldincludedir = @oldincludedir@' = .c.o:
+ read line
+ test 'pdfdir = @pdfdir@' = .c.o:
+ read line
+ test 'prefix = @prefix@' = .c.o:
+ read line
+ test 'program_transform_name = @program_transform_name@' = .c.o:
+ read line
+ test 'psdir = @psdir@' = .c.o:
+ read line
+ test 'sbindir = @sbindir@' = .c.o:
+ read line
+ test 'sharedstatedir = @sharedstatedir@' = .c.o:
+ read line
+ test 'srcdir = @srcdir@' = .c.o:
+ read line
+ test 'sysconfdir = @sysconfdir@' = .c.o:
+ read line
+ test 'target_alias = @target_alias@' = .c.o:
+ read line
+ test 'top_build_prefix = @top_build_prefix@' = .c.o:
+ read line
+ test 'top_builddir = @top_builddir@' = .c.o:
+ read line
+ test 'top_srcdir = @top_srcdir@' = .c.o:
+ read line
+ test 'foo_SOURCES = foo.c' = .c.o:
+ read line
+ test 'all: all-am' = .c.o:
+ read line
+ test '' = .c.o:
+ read line
+ test .SUFFIXES: = .c.o:
+ read line
+ test '.SUFFIXES: .c .o .obj' = .c.o:
+ read line
+ test '$(srcdir)/Makefile.in:  $(srcdir)/Makefile.am  $(am__configure_deps)' = .c.o:
+ read line
+ test '@for dep in $?; do 	  case '\''$(am__configure_deps)'\'' in 	    *$$dep*) 	      ( cd $(top_builddir) && $(MAKE) $(AM_MAKEFLAGS) am--refresh ) 	        && { if test -f $@; then exit 0; else break; fi; }; 	      exit 1;; 	  esac; 	done; 	echo '\'' cd $(top_srcdir) && $(AUTOMAKE) --foreign foo/Makefile'\''; 	$(am__cd) $(top_srcdir) && 	  $(AUTOMAKE) --foreign foo/Makefile' = .c.o:
+ read line
+ test 'Makefile: $(srcdir)/Makefile.in $(top_builddir)/config.status' = .c.o:
+ read line
+ test '@case '\''$?'\'' in 	  *config.status*) 	    cd $(top_builddir) && $(MAKE) $(AM_MAKEFLAGS) am--refresh;; 	  *) 	    echo '\'' cd $(top_builddir) && $(SHELL) ./config.status $(subdir)/$@ $(am__maybe_remake_depfiles)'\''; 	    cd $(top_builddir) && $(SHELL) ./config.status $(subdir)/$@ $(am__maybe_remake_depfiles);; 	esac;' = .c.o:
+ read line
+ test '' = .c.o:
+ read line
+ test '$(top_builddir)/config.status: $(top_srcdir)/configure $(CONFIG_STATUS_DEPENDENCIES)' = .c.o:
+ read line
+ test 'cd $(top_builddir) && $(MAKE) $(AM_MAKEFLAGS) am--refresh' = .c.o:
+ read line
+ test '' = .c.o:
+ read line
+ test '$(top_srcdir)/configure:  $(am__configure_deps)' = .c.o:
+ read line
+ test 'cd $(top_builddir) && $(MAKE) $(AM_MAKEFLAGS) am--refresh' = .c.o:
+ read line
+ test '$(ACLOCAL_M4):  $(am__aclocal_m4_deps)' = .c.o:
+ read line
+ test 'cd $(top_builddir) && $(MAKE) $(AM_MAKEFLAGS) am--refresh' = .c.o:
+ read line
+ test '$(am__aclocal_m4_deps):' = .c.o:
+ read line
+ test 'install-binPROGRAMS: $(bin_PROGRAMS)' = .c.o:
+ read line
+ test '@$(NORMAL_INSTALL)' = .c.o:
+ read line
+ test '@list='\''$(bin_PROGRAMS)'\''; test -n "$(bindir)" || list=; 	if test -n "$$list"; then 	  echo " $(MKDIR_P) '\''$(DESTDIR)$(bindir)'\''"; 	  $(MKDIR_P) "$(DESTDIR)$(bindir)" || exit 1; 	fi; 	for p in $$list; do echo "$$p $$p"; done | 	sed '\''s/$(EXEEXT)$$//'\'' | 	while read p p1; do if test -f $$p 	  ; then echo "$$p"; echo "$$p"; else :; fi; 	done | 	sed -e '\''p;s,.*/,,;n;h'\'' 	    -e '\''s|.*|.|'\'' 	    -e '\''p;x;s,.*/,,;s/$(EXEEXT)$$//;$(transform);s/$$/$(EXEEXT)/'\'' | 	sed '\''N;N;N;s,n, ,g'\'' | 	$(AWK) '\''BEGIN { files["."] = ""; dirs["."] = 1 } 	  { d=$$3; if (dirs[d] != 1) { print "d", d; dirs[d] = 1 } 	    if ($$2 == $$4) files[d] = files[d] " " $$1; 	    else { print "f", $$3 "/" $$4, $$1; } } 	  END { for (d in files) print "f", d, files[d] }'\'' | 	while read type dir files; do 	    if test "$$dir" = .; then dir=; else dir=/$$dir; fi; 	    test -z "$$files" || { 	      echo " $(INSTALL_PROGRAM_ENV) $(INSTALL_PROGRAM) $$files '\''$(DESTDIR)$(bindir)$$dir'\''"; 	      $(INSTALL_PROGRAM_ENV) $(INSTALL_PROGRAM) $$files "$(DESTDIR)$(bindir)$$dir" || exit $$?; 	    } 	; done' = .c.o:
+ read line
+ test '' = .c.o:
+ read line
+ test uninstall-binPROGRAMS: = .c.o:
+ read line
+ test '@$(NORMAL_UNINSTALL)' = .c.o:
+ read line
+ test '@list='\''$(bin_PROGRAMS)'\''; test -n "$(bindir)" || list=; 	files=`for p in $$list; do echo "$$p"; done | 	  sed -e '\''h;s,^.*/,,;s/$(EXEEXT)$$//;$(transform)'\'' 	      -e '\''s/$$/$(EXEEXT)/'\'' 	`; 	test -n "$$list" || exit 0; 	echo " ( cd '\''$(DESTDIR)$(bindir)'\'' && rm -f" $$files ")"; 	cd "$(DESTDIR)$(bindir)" && rm -f $$files' = .c.o:
+ read line
+ test '' = .c.o:
+ read line
+ test clean-binPROGRAMS: = .c.o:
+ read line
+ test '-test -z "$(bin_PROGRAMS)" || rm -f $(bin_PROGRAMS)' = .c.o:
+ read line
+ test '' = .c.o:
+ read line
+ test 'foo$(EXEEXT): $(foo_OBJECTS) $(foo_DEPENDENCIES) $(EXTRA_foo_DEPENDENCIES)' = .c.o:
+ read line
+ test '@rm -f foo$(EXEEXT)' = .c.o:
+ read line
+ test '$(AM_V_CCLD)$(LINK) $(foo_OBJECTS) $(foo_LDADD) $(LIBS)' = .c.o:
+ read line
+ test '' = .c.o:
+ read line
+ test mostlyclean-compile: = .c.o:
+ read line
+ test '-rm -f *.$(OBJEXT)' = .c.o:
+ read line
+ test '' = .c.o:
+ read line
+ test distclean-compile: = .c.o:
+ read line
+ test '-rm -f *.tab.c' = .c.o:
+ read line
+ test '' = .c.o:
+ read line
+ test '@AMDEP_TRUE@@am__include@ @am__quote@./$(DEPDIR)/foo.Po@am__quote@ # am--include-marker' = .c.o:
+ read line
+ test '' = .c.o:
+ read line
+ test '$(am__depfiles_remade):' = .c.o:
+ read line
+ test '@$(MKDIR_P) $(@D)' = .c.o:
+ read line
+ test '@echo '\''# dummy'\'' >$@-t && $(am__mv) $@-t $@' = .c.o:
+ read line
+ test '' = .c.o:
+ read line
+ test 'am--depfiles: $(am__depfiles_remade)' = .c.o:
+ read line
+ test '' = .c.o:
+ read line
+ test .c.o: = .c.o:
+ read next
+ test -z '@am__fastdepCC_TRUE@	$(AM_V_CC)$(COMPILE) -MT $@ -MD -MP -MF $(DEPDIR)/$*.Tpo -c -o $@ $<'
+ :
+ break
+ cd build
+ ../configure
checking for a BSD-compatible install... /usr/bin/install -c
checking whether build environment is sane... yes
checking for a thread-safe mkdir -p... /tools/bin/mkdir -p
checking for gawk... gawk
checking whether make sets $(MAKE)... yes
checking whether make supports nested variables... yes
checking for gcc... cc
checking whether the C compiler works... yes
checking for C compiler default output file name... a.out
checking for suffix of executables... 
checking whether we are cross compiling... no
checking for suffix of object files... o
checking whether we are using the GNU C compiler... yes
checking whether cc accepts -g... yes
checking for cc option to accept ISO C89... none needed
checking whether cc understands -c and -o together... yes
checking whether make supports the include directive... yes (GNU style)
checking dependency style of cc... gcc3
checking that generated files are newer than configure... done
configure: creating ./config.status
config.status: creating Makefile
config.status: creating foo/Makefile
config.status: creating bar/Makefile
config.status: executing depfiles commands
+ make distcheck
make  dist-gzip am__post_remove_distdir='@:'
make[1]: Entering directory '/sources/automake-1.16.1/t/pr87.dir/build'
make  distdir-am
make[2]: Entering directory '/sources/automake-1.16.1/t/pr87.dir/build'
if test -d "pr87-1.0"; then find "pr87-1.0" -type d ! -perm -200 -exec chmod u+w {} ';' && rm -rf "pr87-1.0" || { sleep 5 && rm -rf "pr87-1.0"; }; else :; fi
test -d "pr87-1.0" || mkdir "pr87-1.0"
 (cd foo && make  top_distdir=../pr87-1.0 distdir=../pr87-1.0/foo \
     am__remove_distdir=: am__skip_length_check=: am__skip_mode_fix=: distdir)
make[3]: Entering directory '/sources/automake-1.16.1/t/pr87.dir/build/foo'
make  distdir-am
make[4]: Entering directory '/sources/automake-1.16.1/t/pr87.dir/build/foo'
make[4]: Leaving directory '/sources/automake-1.16.1/t/pr87.dir/build/foo'
make[3]: Leaving directory '/sources/automake-1.16.1/t/pr87.dir/build/foo'
 (cd bar && make  top_distdir=../pr87-1.0 distdir=../pr87-1.0/bar \
     am__remove_distdir=: am__skip_length_check=: am__skip_mode_fix=: distdir)
make[3]: Entering directory '/sources/automake-1.16.1/t/pr87.dir/build/bar'
make  distdir-am
make[4]: Entering directory '/sources/automake-1.16.1/t/pr87.dir/build/bar'
make[4]: Leaving directory '/sources/automake-1.16.1/t/pr87.dir/build/bar'
make[3]: Leaving directory '/sources/automake-1.16.1/t/pr87.dir/build/bar'
test -n "" \
|| find "pr87-1.0" -type d ! -perm -755 \
	-exec chmod u+rwx,go+rx {} \; -o \
  ! -type d ! -perm -444 -links 1 -exec chmod a+r {} \; -o \
  ! -type d ! -perm -400 -exec chmod a+r {} \; -o \
  ! -type d ! -perm -444 -exec /bin/sh /sources/automake-1.16.1/t/pr87.dir/install-sh -c -m a+r {} {} \; \
|| chmod -R a+r "pr87-1.0"
make[2]: Leaving directory '/sources/automake-1.16.1/t/pr87.dir/build'
tardir=pr87-1.0 && ${TAR-tar} chof - "$tardir" | eval GZIP= gzip --best -c >pr87-1.0.tar.gz
make[1]: Leaving directory '/sources/automake-1.16.1/t/pr87.dir/build'
if test -d "pr87-1.0"; then find "pr87-1.0" -type d ! -perm -200 -exec chmod u+w {} ';' && rm -rf "pr87-1.0" || { sleep 5 && rm -rf "pr87-1.0"; }; else :; fi
case 'pr87-1.0.tar.gz' in \
*.tar.gz*) \
  eval GZIP= gzip --best -dc pr87-1.0.tar.gz | ${TAR-tar} xf - ;;\
*.tar.bz2*) \
  bzip2 -dc pr87-1.0.tar.bz2 | ${TAR-tar} xf - ;;\
*.tar.lz*) \
  lzip -dc pr87-1.0.tar.lz | ${TAR-tar} xf - ;;\
*.tar.xz*) \
  xz -dc pr87-1.0.tar.xz | ${TAR-tar} xf - ;;\
*.tar.Z*) \
  uncompress -c pr87-1.0.tar.Z | ${TAR-tar} xf - ;;\
*.shar.gz*) \
  eval GZIP= gzip --best -dc pr87-1.0.shar.gz | unshar ;;\
*.zip*) \
  unzip pr87-1.0.zip ;;\
esac
chmod -R a-w pr87-1.0
chmod u+w pr87-1.0
mkdir pr87-1.0/_build pr87-1.0/_build/sub pr87-1.0/_inst
chmod a-w pr87-1.0
test -d pr87-1.0/_build || exit 0; \
dc_install_base=`CDPATH="${ZSH_VERSION+.}:" && cd pr87-1.0/_inst && pwd | sed -e 's,^[^:\\/]:[\\/],/,'` \
  && dc_destdir="${TMPDIR-/tmp}/am-dc-$$/" \
  && am__cwd=`pwd` \
  && CDPATH="${ZSH_VERSION+.}:" && cd pr87-1.0/_build/sub \
  && ../../configure \
     \
     \
    --srcdir=../.. --prefix="$dc_install_base" \
  && make  \
  && make  dvi \
  && make  check \
  && make  install \
  && make  installcheck \
  && make  uninstall \
  && make  distuninstallcheck_dir="$dc_install_base" \
        distuninstallcheck \
  && chmod -R a-w "$dc_install_base" \
  && ({ \
       (cd ../.. && umask 077 && mkdir "$dc_destdir") \
       && make  DESTDIR="$dc_destdir" install \
       && make  DESTDIR="$dc_destdir" uninstall \
       && make  DESTDIR="$dc_destdir" \
            distuninstallcheck_dir="$dc_destdir" distuninstallcheck; \
      } || { rm -rf "$dc_destdir"; exit 1; }) \
  && rm -rf "$dc_destdir" \
  && make  dist \
  && rm -rf pr87-1.0.tar.gz \
  && make  distcleancheck \
  && cd "$am__cwd" \
  || exit 1
checking for a BSD-compatible install... /usr/bin/install -c
checking whether build environment is sane... yes
checking for a thread-safe mkdir -p... /tools/bin/mkdir -p
checking for gawk... gawk
checking whether make sets $(MAKE)... yes
checking whether make supports nested variables... yes
checking for gcc... cc
checking whether the C compiler works... yes
checking for C compiler default output file name... a.out
checking for suffix of executables... 
checking whether we are cross compiling... no
checking for suffix of object files... o
checking whether we are using the GNU C compiler... yes
checking whether cc accepts -g... yes
checking for cc option to accept ISO C89... none needed
checking whether cc understands -c and -o together... yes
checking whether make supports the include directive... yes (GNU style)
checking dependency style of cc... gcc3
checking that generated files are newer than configure... done
configure: creating ./config.status
config.status: creating Makefile
config.status: creating foo/Makefile
config.status: creating bar/Makefile
config.status: executing depfiles commands
make[1]: Entering directory '/sources/automake-1.16.1/t/pr87.dir/build/pr87-1.0/_build/sub'
Making all in foo
make[2]: Entering directory '/sources/automake-1.16.1/t/pr87.dir/build/pr87-1.0/_build/sub/foo'
cc -DPACKAGE_NAME=\"pr87\" -DPACKAGE_TARNAME=\"pr87\" -DPACKAGE_VERSION=\"1.0\" -DPACKAGE_STRING=\"pr87\ 1.0\" -DPACKAGE_BUGREPORT=\"\" -DPACKAGE_URL=\"\" -DPACKAGE=\"pr87\" -DVERSION=\"1.0\" -I. -I../../../foo     -g -O2 -MT foo.o -MD -MP -MF .deps/foo.Tpo -c -o foo.o ../../../foo/foo.c
mv -f .deps/foo.Tpo .deps/foo.Po
cc  -g -O2   -o foo foo.o  
make[2]: Leaving directory '/sources/automake-1.16.1/t/pr87.dir/build/pr87-1.0/_build/sub/foo'
Making all in bar
make[2]: Entering directory '/sources/automake-1.16.1/t/pr87.dir/build/pr87-1.0/_build/sub/bar'
cc -DPACKAGE_NAME=\"pr87\" -DPACKAGE_TARNAME=\"pr87\" -DPACKAGE_VERSION=\"1.0\" -DPACKAGE_STRING=\"pr87\ 1.0\" -DPACKAGE_BUGREPORT=\"\" -DPACKAGE_URL=\"\" -DPACKAGE=\"pr87\" -DVERSION=\"1.0\" -I. -I../../../bar     -g -O2 -MT bar.o -MD -MP -MF .deps/bar.Tpo -c -o bar.o ../../../bar/bar.c
mv -f .deps/bar.Tpo .deps/bar.Po
cc  -g -O2   -o bar bar.o  
make[2]: Leaving directory '/sources/automake-1.16.1/t/pr87.dir/build/pr87-1.0/_build/sub/bar'
make[2]: Entering directory '/sources/automake-1.16.1/t/pr87.dir/build/pr87-1.0/_build/sub'
make[2]: Nothing to be done for 'all-am'.
make[2]: Leaving directory '/sources/automake-1.16.1/t/pr87.dir/build/pr87-1.0/_build/sub'
make[1]: Leaving directory '/sources/automake-1.16.1/t/pr87.dir/build/pr87-1.0/_build/sub'
make[1]: Entering directory '/sources/automake-1.16.1/t/pr87.dir/build/pr87-1.0/_build/sub'
Making dvi in foo
make[2]: Entering directory '/sources/automake-1.16.1/t/pr87.dir/build/pr87-1.0/_build/sub/foo'
make[2]: Nothing to be done for 'dvi'.
make[2]: Leaving directory '/sources/automake-1.16.1/t/pr87.dir/build/pr87-1.0/_build/sub/foo'
Making dvi in bar
make[2]: Entering directory '/sources/automake-1.16.1/t/pr87.dir/build/pr87-1.0/_build/sub/bar'
make[2]: Nothing to be done for 'dvi'.
make[2]: Leaving directory '/sources/automake-1.16.1/t/pr87.dir/build/pr87-1.0/_build/sub/bar'
make[2]: Entering directory '/sources/automake-1.16.1/t/pr87.dir/build/pr87-1.0/_build/sub'
make[2]: Nothing to be done for 'dvi-am'.
make[2]: Leaving directory '/sources/automake-1.16.1/t/pr87.dir/build/pr87-1.0/_build/sub'
make[1]: Leaving directory '/sources/automake-1.16.1/t/pr87.dir/build/pr87-1.0/_build/sub'
make[1]: Entering directory '/sources/automake-1.16.1/t/pr87.dir/build/pr87-1.0/_build/sub'
Making check in foo
make[2]: Entering directory '/sources/automake-1.16.1/t/pr87.dir/build/pr87-1.0/_build/sub/foo'
make[2]: Nothing to be done for 'check'.
make[2]: Leaving directory '/sources/automake-1.16.1/t/pr87.dir/build/pr87-1.0/_build/sub/foo'
Making check in bar
make[2]: Entering directory '/sources/automake-1.16.1/t/pr87.dir/build/pr87-1.0/_build/sub/bar'
make[2]: Nothing to be done for 'check'.
make[2]: Leaving directory '/sources/automake-1.16.1/t/pr87.dir/build/pr87-1.0/_build/sub/bar'
make[2]: Entering directory '/sources/automake-1.16.1/t/pr87.dir/build/pr87-1.0/_build/sub'
make[2]: Nothing to be done for 'check-am'.
make[2]: Leaving directory '/sources/automake-1.16.1/t/pr87.dir/build/pr87-1.0/_build/sub'
make[1]: Leaving directory '/sources/automake-1.16.1/t/pr87.dir/build/pr87-1.0/_build/sub'
make[1]: Entering directory '/sources/automake-1.16.1/t/pr87.dir/build/pr87-1.0/_build/sub'
Making install in foo
make[2]: Entering directory '/sources/automake-1.16.1/t/pr87.dir/build/pr87-1.0/_build/sub/foo'
make[3]: Entering directory '/sources/automake-1.16.1/t/pr87.dir/build/pr87-1.0/_build/sub/foo'
 /tools/bin/mkdir -p '/sources/automake-1.16.1/t/pr87.dir/build/pr87-1.0/_inst/bin'
  /usr/bin/install -c foo '/sources/automake-1.16.1/t/pr87.dir/build/pr87-1.0/_inst/bin'
make[3]: Nothing to be done for 'install-data-am'.
make[3]: Leaving directory '/sources/automake-1.16.1/t/pr87.dir/build/pr87-1.0/_build/sub/foo'
make[2]: Leaving directory '/sources/automake-1.16.1/t/pr87.dir/build/pr87-1.0/_build/sub/foo'
Making install in bar
make[2]: Entering directory '/sources/automake-1.16.1/t/pr87.dir/build/pr87-1.0/_build/sub/bar'
make[3]: Entering directory '/sources/automake-1.16.1/t/pr87.dir/build/pr87-1.0/_build/sub/bar'
 /tools/bin/mkdir -p '/sources/automake-1.16.1/t/pr87.dir/build/pr87-1.0/_inst/bin'
  /usr/bin/install -c bar '/sources/automake-1.16.1/t/pr87.dir/build/pr87-1.0/_inst/bin'
make[3]: Nothing to be done for 'install-data-am'.
make[3]: Leaving directory '/sources/automake-1.16.1/t/pr87.dir/build/pr87-1.0/_build/sub/bar'
make[2]: Leaving directory '/sources/automake-1.16.1/t/pr87.dir/build/pr87-1.0/_build/sub/bar'
make[2]: Entering directory '/sources/automake-1.16.1/t/pr87.dir/build/pr87-1.0/_build/sub'
make[3]: Entering directory '/sources/automake-1.16.1/t/pr87.dir/build/pr87-1.0/_build/sub'
make[3]: Nothing to be done for 'install-exec-am'.
make[3]: Nothing to be done for 'install-data-am'.
make[3]: Leaving directory '/sources/automake-1.16.1/t/pr87.dir/build/pr87-1.0/_build/sub'
make[2]: Leaving directory '/sources/automake-1.16.1/t/pr87.dir/build/pr87-1.0/_build/sub'
make[1]: Leaving directory '/sources/automake-1.16.1/t/pr87.dir/build/pr87-1.0/_build/sub'
make[1]: Entering directory '/sources/automake-1.16.1/t/pr87.dir/build/pr87-1.0/_build/sub'
Making installcheck in foo
make[2]: Entering directory '/sources/automake-1.16.1/t/pr87.dir/build/pr87-1.0/_build/sub/foo'
make[2]: Nothing to be done for 'installcheck'.
make[2]: Leaving directory '/sources/automake-1.16.1/t/pr87.dir/build/pr87-1.0/_build/sub/foo'
Making installcheck in bar
make[2]: Entering directory '/sources/automake-1.16.1/t/pr87.dir/build/pr87-1.0/_build/sub/bar'
make[2]: Nothing to be done for 'installcheck'.
make[2]: Leaving directory '/sources/automake-1.16.1/t/pr87.dir/build/pr87-1.0/_build/sub/bar'
make[2]: Entering directory '/sources/automake-1.16.1/t/pr87.dir/build/pr87-1.0/_build/sub'
make[2]: Nothing to be done for 'installcheck-am'.
make[2]: Leaving directory '/sources/automake-1.16.1/t/pr87.dir/build/pr87-1.0/_build/sub'
make[1]: Leaving directory '/sources/automake-1.16.1/t/pr87.dir/build/pr87-1.0/_build/sub'
make[1]: Entering directory '/sources/automake-1.16.1/t/pr87.dir/build/pr87-1.0/_build/sub'
Making uninstall in foo
make[2]: Entering directory '/sources/automake-1.16.1/t/pr87.dir/build/pr87-1.0/_build/sub/foo'
 ( cd '/sources/automake-1.16.1/t/pr87.dir/build/pr87-1.0/_inst/bin' && rm -f foo )
make[2]: Leaving directory '/sources/automake-1.16.1/t/pr87.dir/build/pr87-1.0/_build/sub/foo'
Making uninstall in bar
make[2]: Entering directory '/sources/automake-1.16.1/t/pr87.dir/build/pr87-1.0/_build/sub/bar'
 ( cd '/sources/automake-1.16.1/t/pr87.dir/build/pr87-1.0/_inst/bin' && rm -f bar )
make[2]: Leaving directory '/sources/automake-1.16.1/t/pr87.dir/build/pr87-1.0/_build/sub/bar'
make[2]: Entering directory '/sources/automake-1.16.1/t/pr87.dir/build/pr87-1.0/_build/sub'
make[2]: Nothing to be done for 'uninstall-am'.
make[2]: Leaving directory '/sources/automake-1.16.1/t/pr87.dir/build/pr87-1.0/_build/sub'
make[1]: Leaving directory '/sources/automake-1.16.1/t/pr87.dir/build/pr87-1.0/_build/sub'
make[1]: Entering directory '/sources/automake-1.16.1/t/pr87.dir/build/pr87-1.0/_build/sub'
make[1]: Leaving directory '/sources/automake-1.16.1/t/pr87.dir/build/pr87-1.0/_build/sub'
make[1]: Entering directory '/sources/automake-1.16.1/t/pr87.dir/build/pr87-1.0/_build/sub'
Making install in foo
make[2]: Entering directory '/sources/automake-1.16.1/t/pr87.dir/build/pr87-1.0/_build/sub/foo'
make[3]: Entering directory '/sources/automake-1.16.1/t/pr87.dir/build/pr87-1.0/_build/sub/foo'
 /tools/bin/mkdir -p '/tmp/am-dc-58362//sources/automake-1.16.1/t/pr87.dir/build/pr87-1.0/_inst/bin'
  /usr/bin/install -c foo '/tmp/am-dc-58362//sources/automake-1.16.1/t/pr87.dir/build/pr87-1.0/_inst/bin'
make[3]: Nothing to be done for 'install-data-am'.
make[3]: Leaving directory '/sources/automake-1.16.1/t/pr87.dir/build/pr87-1.0/_build/sub/foo'
make[2]: Leaving directory '/sources/automake-1.16.1/t/pr87.dir/build/pr87-1.0/_build/sub/foo'
Making install in bar
make[2]: Entering directory '/sources/automake-1.16.1/t/pr87.dir/build/pr87-1.0/_build/sub/bar'
make[3]: Entering directory '/sources/automake-1.16.1/t/pr87.dir/build/pr87-1.0/_build/sub/bar'
 /tools/bin/mkdir -p '/tmp/am-dc-58362//sources/automake-1.16.1/t/pr87.dir/build/pr87-1.0/_inst/bin'
  /usr/bin/install -c bar '/tmp/am-dc-58362//sources/automake-1.16.1/t/pr87.dir/build/pr87-1.0/_inst/bin'
make[3]: Nothing to be done for 'install-data-am'.
make[3]: Leaving directory '/sources/automake-1.16.1/t/pr87.dir/build/pr87-1.0/_build/sub/bar'
make[2]: Leaving directory '/sources/automake-1.16.1/t/pr87.dir/build/pr87-1.0/_build/sub/bar'
make[2]: Entering directory '/sources/automake-1.16.1/t/pr87.dir/build/pr87-1.0/_build/sub'
make[3]: Entering directory '/sources/automake-1.16.1/t/pr87.dir/build/pr87-1.0/_build/sub'
make[3]: Nothing to be done for 'install-exec-am'.
make[3]: Nothing to be done for 'install-data-am'.
make[3]: Leaving directory '/sources/automake-1.16.1/t/pr87.dir/build/pr87-1.0/_build/sub'
make[2]: Leaving directory '/sources/automake-1.16.1/t/pr87.dir/build/pr87-1.0/_build/sub'
make[1]: Leaving directory '/sources/automake-1.16.1/t/pr87.dir/build/pr87-1.0/_build/sub'
make[1]: Entering directory '/sources/automake-1.16.1/t/pr87.dir/build/pr87-1.0/_build/sub'
Making uninstall in foo
make[2]: Entering directory '/sources/automake-1.16.1/t/pr87.dir/build/pr87-1.0/_build/sub/foo'
 ( cd '/tmp/am-dc-58362//sources/automake-1.16.1/t/pr87.dir/build/pr87-1.0/_inst/bin' && rm -f foo )
make[2]: Leaving directory '/sources/automake-1.16.1/t/pr87.dir/build/pr87-1.0/_build/sub/foo'
Making uninstall in bar
make[2]: Entering directory '/sources/automake-1.16.1/t/pr87.dir/build/pr87-1.0/_build/sub/bar'
 ( cd '/tmp/am-dc-58362//sources/automake-1.16.1/t/pr87.dir/build/pr87-1.0/_inst/bin' && rm -f bar )
make[2]: Leaving directory '/sources/automake-1.16.1/t/pr87.dir/build/pr87-1.0/_build/sub/bar'
make[2]: Entering directory '/sources/automake-1.16.1/t/pr87.dir/build/pr87-1.0/_build/sub'
make[2]: Nothing to be done for 'uninstall-am'.
make[2]: Leaving directory '/sources/automake-1.16.1/t/pr87.dir/build/pr87-1.0/_build/sub'
make[1]: Leaving directory '/sources/automake-1.16.1/t/pr87.dir/build/pr87-1.0/_build/sub'
make[1]: Entering directory '/sources/automake-1.16.1/t/pr87.dir/build/pr87-1.0/_build/sub'
make[1]: Leaving directory '/sources/automake-1.16.1/t/pr87.dir/build/pr87-1.0/_build/sub'
make[1]: Entering directory '/sources/automake-1.16.1/t/pr87.dir/build/pr87-1.0/_build/sub'
make  dist-gzip am__post_remove_distdir='@:'
make[2]: Entering directory '/sources/automake-1.16.1/t/pr87.dir/build/pr87-1.0/_build/sub'
make  distdir-am
make[3]: Entering directory '/sources/automake-1.16.1/t/pr87.dir/build/pr87-1.0/_build/sub'
if test -d "pr87-1.0"; then find "pr87-1.0" -type d ! -perm -200 -exec chmod u+w {} ';' && rm -rf "pr87-1.0" || { sleep 5 && rm -rf "pr87-1.0"; }; else :; fi
test -d "pr87-1.0" || mkdir "pr87-1.0"
 (cd foo && make  top_distdir=../pr87-1.0 distdir=../pr87-1.0/foo \
     am__remove_distdir=: am__skip_length_check=: am__skip_mode_fix=: distdir)
make[4]: Entering directory '/sources/automake-1.16.1/t/pr87.dir/build/pr87-1.0/_build/sub/foo'
make  distdir-am
make[5]: Entering directory '/sources/automake-1.16.1/t/pr87.dir/build/pr87-1.0/_build/sub/foo'
make[5]: Leaving directory '/sources/automake-1.16.1/t/pr87.dir/build/pr87-1.0/_build/sub/foo'
make[4]: Leaving directory '/sources/automake-1.16.1/t/pr87.dir/build/pr87-1.0/_build/sub/foo'
 (cd bar && make  top_distdir=../pr87-1.0 distdir=../pr87-1.0/bar \
     am__remove_distdir=: am__skip_length_check=: am__skip_mode_fix=: distdir)
make[4]: Entering directory '/sources/automake-1.16.1/t/pr87.dir/build/pr87-1.0/_build/sub/bar'
make  distdir-am
make[5]: Entering directory '/sources/automake-1.16.1/t/pr87.dir/build/pr87-1.0/_build/sub/bar'
make[5]: Leaving directory '/sources/automake-1.16.1/t/pr87.dir/build/pr87-1.0/_build/sub/bar'
make[4]: Leaving directory '/sources/automake-1.16.1/t/pr87.dir/build/pr87-1.0/_build/sub/bar'
test -n "" \
|| find "pr87-1.0" -type d ! -perm -755 \
	-exec chmod u+rwx,go+rx {} \; -o \
  ! -type d ! -perm -444 -links 1 -exec chmod a+r {} \; -o \
  ! -type d ! -perm -400 -exec chmod a+r {} \; -o \
  ! -type d ! -perm -444 -exec /bin/sh /sources/automake-1.16.1/t/pr87.dir/build/pr87-1.0/install-sh -c -m a+r {} {} \; \
|| chmod -R a+r "pr87-1.0"
make[3]: Leaving directory '/sources/automake-1.16.1/t/pr87.dir/build/pr87-1.0/_build/sub'
tardir=pr87-1.0 && ${TAR-tar} chof - "$tardir" | eval GZIP= gzip --best -c >pr87-1.0.tar.gz
make[2]: Leaving directory '/sources/automake-1.16.1/t/pr87.dir/build/pr87-1.0/_build/sub'
if test -d "pr87-1.0"; then find "pr87-1.0" -type d ! -perm -200 -exec chmod u+w {} ';' && rm -rf "pr87-1.0" || { sleep 5 && rm -rf "pr87-1.0"; }; else :; fi
make[1]: Leaving directory '/sources/automake-1.16.1/t/pr87.dir/build/pr87-1.0/_build/sub'
make[1]: Entering directory '/sources/automake-1.16.1/t/pr87.dir/build/pr87-1.0/_build/sub'
Making distclean in foo
make[2]: Entering directory '/sources/automake-1.16.1/t/pr87.dir/build/pr87-1.0/_build/sub/foo'
test -z "foo" || rm -f foo
rm -f *.o
rm -f *.tab.c
test -z "" || rm -f 
test . = "../../../foo" || test -z "" || rm -f 
rm -f TAGS ID GTAGS GRTAGS GSYMS GPATH tags
rm -f ./.deps/foo.Po
rm -f Makefile
make[2]: Leaving directory '/sources/automake-1.16.1/t/pr87.dir/build/pr87-1.0/_build/sub/foo'
Making distclean in bar
make[2]: Entering directory '/sources/automake-1.16.1/t/pr87.dir/build/pr87-1.0/_build/sub/bar'
test -z "bar" || rm -f bar
rm -f *.o
rm -f *.tab.c
test -z "" || rm -f 
test . = "../../../bar" || test -z "" || rm -f 
rm -f TAGS ID GTAGS GRTAGS GSYMS GPATH tags
rm -f ./.deps/bar.Po
rm -f Makefile
make[2]: Leaving directory '/sources/automake-1.16.1/t/pr87.dir/build/pr87-1.0/_build/sub/bar'
make[2]: Entering directory '/sources/automake-1.16.1/t/pr87.dir/build/pr87-1.0/_build/sub'
test -z "" || rm -f 
test . = "../.." || test -z "" || rm -f 
rm -f TAGS ID GTAGS GRTAGS GSYMS GPATH tags
rm -f cscope.out cscope.in.out cscope.po.out cscope.files
make[2]: Leaving directory '/sources/automake-1.16.1/t/pr87.dir/build/pr87-1.0/_build/sub'
rm -f config.status config.cache config.log configure.lineno config.status.lineno
rm -f Makefile
make[1]: Leaving directory '/sources/automake-1.16.1/t/pr87.dir/build/pr87-1.0/_build/sub'
if test -d "pr87-1.0"; then find "pr87-1.0" -type d ! -perm -200 -exec chmod u+w {} ';' && rm -rf "pr87-1.0" || { sleep 5 && rm -rf "pr87-1.0"; }; else :; fi
==========================================
pr87-1.0 archives ready for distribution: 
pr87-1.0.tar.gz
==========================================
+ :
+ am_exit_trap 0
+ exit_status=0
+ set +e
+ cd /sources/automake-1.16.1
+ test none = tap
+ case $am_explicit_skips in
+ test 0 -eq 0
+ am_keeping_testdirs
+ case $keep_testdirs in
+ return 1
+ rm_rf_ t/pr87.dir
+ test 1 -gt 0
+ /usr/bin/perl /sources/automake-1.16.1/t/ax/deltree.pl t/pr87.dir
+ set +x
PASS t/pr87.sh (exit status: 0)
