Running from installcheck: no
Test Protocol: none
PATH = /sources/automake-1.16.1/bin:/sources/automake-1.16.1/t/ax:/bin:/usr/bin:/sbin:/usr/sbin:/tools/bin
++ pwd
/sources/automake-1.16.1/t/print-libdir.dir
++ automake-1.16 --foreign -Werror -Wall --print-libdir
+ libdir=/sources/automake-1.16.1/lib
+ case $libdir in
+ test -d /sources/automake-1.16.1/lib
+ test /sources/automake-1.16.1/lib = /sources/automake-1.16.1/lib
+ test /sources/automake-1.16.1/lib = /sources/automake-1.16.1/lib
+ :
+ cat
+ touch ChangeLog README NEWS AUTHORS COPYING
+ aclocal-1.16 -Werror
+ automake-1.16 --foreign -Werror -Wall --gnu --add-missing
configure.ac:3: installing './install-sh'
configure.ac:3: installing './missing'
Makefile.am: installing './INSTALL'
+ ls -l
total 56
-rw-r--r-- 1 root root     0 Nov 27 06:45 AUTHORS
-rw-r--r-- 1 root root     0 Nov 27 06:45 COPYING
-rw-r--r-- 1 root root     0 Nov 27 06:45 ChangeLog
lrwxrwxrwx 1 root root    36 Nov 27 06:45 INSTALL -> /sources/automake-1.16.1/lib/INSTALL
-rw-r--r-- 1 root root     0 Nov 27 06:45 Makefile.am
-rw-r--r-- 1 root root 16454 Nov 27 06:45 Makefile.in
-rw-r--r-- 1 root root     0 Nov 27 06:45 NEWS
-rw-r--r-- 1 root root     0 Nov 27 06:45 README
-rw-r--r-- 1 root root 27316 Nov 27 06:45 aclocal.m4
drwxr-xr-x 2 root root  4096 Nov 27 06:45 autom4te.cache
-rw-r--r-- 1 root root    99 Nov 27 06:45 configure.ac
lrwxrwxrwx 1 root root    39 Nov 27 06:45 install-sh -> /sources/automake-1.16.1/lib/install-sh
lrwxrwxrwx 1 root root    36 Nov 27 06:45 missing -> /sources/automake-1.16.1/lib/missing
+ diff missing /sources/automake-1.16.1/lib/missing
+ diff INSTALL /sources/automake-1.16.1/lib/INSTALL
+ :
+ am_exit_trap 0
+ exit_status=0
+ set +e
+ cd /sources/automake-1.16.1
+ test none = tap
+ case $am_explicit_skips in
+ test 0 -eq 0
+ am_keeping_testdirs
+ case $keep_testdirs in
+ return 1
+ rm_rf_ t/print-libdir.dir
+ test 1 -gt 0
+ /usr/bin/perl /sources/automake-1.16.1/t/ax/deltree.pl t/print-libdir.dir
+ set +x
PASS t/print-libdir.sh (exit status: 0)
