recurs-user-phony: determine whether make is GNU make
GNU Make 4.2.1
License GPLv3+: GNU GPL version 3 or later <http://gnu.org/licenses/gpl.html>
Running from installcheck: no
Test Protocol: none
PATH = /sources/automake-1.16.1/bin:/sources/automake-1.16.1/t/ax:/bin:/usr/bin:/sbin:/usr/sbin:/tools/bin
++ pwd
/sources/automake-1.16.1/t/recurs-user-phony.dir
+ cat
+ cat
+ mkdir sub
+ cat
+ dummy_files='
  foo
  foo-local
  foo-am
  foo-recursive
  sub/foo
  sub/foo-local
  sub/foo-am
'
+ aclocal-1.16 -Werror
+ autoconf
+ automake-1.16 --foreign -Werror -Wall
+ ./configure
checking for a BSD-compatible install... /usr/bin/install -c
checking whether build environment is sane... yes
checking for a thread-safe mkdir -p... /tools/bin/mkdir -p
checking for gawk... gawk
checking whether make sets $(MAKE)... yes
checking whether make supports nested variables... yes
checking that generated files are newer than configure... done
configure: creating ./config.status
config.status: creating Makefile
config.status: creating sub/Makefile
+ touch foo foo-local foo-am foo-recursive sub/foo sub/foo-local sub/foo-am
+ make foo
Making foo in sub
make[1]: Entering directory '/sources/automake-1.16.1/t/recurs-user-phony.dir/sub'
echo 'GOOD!' > foo
make[1]: Leaving directory '/sources/automake-1.16.1/t/recurs-user-phony.dir/sub'
make[1]: Entering directory '/sources/automake-1.16.1/t/recurs-user-phony.dir'
echo 'GOOD!' > foo
make[1]: Leaving directory '/sources/automake-1.16.1/t/recurs-user-phony.dir'
+ grep 'GOOD!' foo
GOOD!
+ grep 'GOOD!' sub/foo
GOOD!
+ :
+ am_exit_trap 0
+ exit_status=0
+ set +e
+ cd /sources/automake-1.16.1
+ test none = tap
+ case $am_explicit_skips in
+ test 0 -eq 0
+ am_keeping_testdirs
+ case $keep_testdirs in
+ return 1
+ rm_rf_ t/recurs-user-phony.dir
+ test 1 -gt 0
+ /usr/bin/perl /sources/automake-1.16.1/t/ax/deltree.pl t/recurs-user-phony.dir
+ set +x
PASS t/recurs-user-phony.sh (exit status: 0)
