recurs-user-wrap: determine whether make is GNU make
GNU Make 4.2.1
License GPLv3+: GNU GPL version 3 or later <http://gnu.org/licenses/gpl.html>
Running from installcheck: no
Test Protocol: none
PATH = /sources/automake-1.16.1/bin:/sources/automake-1.16.1/t/ax:/bin:/usr/bin:/sbin:/usr/sbin:/tools/bin
++ pwd
/sources/automake-1.16.1/t/recurs-user-wrap.dir
+ cat
+ mkdir src
+ echo SUBDIRS = src
+ echo 'bar: ; : > $@ '
+ aclocal-1.16 -Werror
+ autoconf
+ automake-1.16 --foreign -Werror -Wall
+ ./configure
checking for a BSD-compatible install... /usr/bin/install -c
checking whether build environment is sane... yes
checking for a thread-safe mkdir -p... /tools/bin/mkdir -p
checking for gawk... gawk
checking whether make sets $(MAKE)... yes
checking whether make supports nested variables... yes
checking that generated files are newer than configure... done
configure: creating ./config.status
config.status: creating Makefile
config.status: creating src/Makefile
+ make extra
Making extra in src
make[1]: Entering directory '/sources/automake-1.16.1/t/recurs-user-wrap.dir/src'
make[1]: Nothing to be done for 'extra'.
make[1]: Leaving directory '/sources/automake-1.16.1/t/recurs-user-wrap.dir/src'
make[1]: Entering directory '/sources/automake-1.16.1/t/recurs-user-wrap.dir'
make[1]: Nothing to be done for 'extra-am'.
make[1]: Leaving directory '/sources/automake-1.16.1/t/recurs-user-wrap.dir'
+ test '!' -f extra-local
+ test '!' -f src/bar
+ cat
+ cat
+ make extra
Making extra in src
make[1]: Entering directory '/sources/automake-1.16.1/t/recurs-user-wrap.dir/src'
: > bar 
make[1]: Leaving directory '/sources/automake-1.16.1/t/recurs-user-wrap.dir/src'
make[1]: Entering directory '/sources/automake-1.16.1/t/recurs-user-wrap.dir'
: > extra-local
make[1]: Leaving directory '/sources/automake-1.16.1/t/recurs-user-wrap.dir'
+ test -f extra-local
+ test -f src/bar
+ :
+ am_exit_trap 0
+ exit_status=0
+ set +e
+ cd /sources/automake-1.16.1
+ test none = tap
+ case $am_explicit_skips in
+ test 0 -eq 0
+ am_keeping_testdirs
+ case $keep_testdirs in
+ return 1
+ rm_rf_ t/recurs-user-wrap.dir
+ test 1 -gt 0
+ /usr/bin/perl /sources/automake-1.16.1/t/ax/deltree.pl t/recurs-user-wrap.dir
+ set +x
PASS t/recurs-user-wrap.sh (exit status: 0)
