Running from installcheck: no
Test Protocol: none
PATH = /sources/automake-1.16.1/bin:/sources/automake-1.16.1/t/ax:/bin:/usr/bin:/sbin:/usr/sbin:/tools/bin
++ pwd
/sources/automake-1.16.1/t/recurs-user.dir
+ cat
+ mkdir sub1 sub2 sub3 sub3/deeper
+ cat
+ for i in 1 2 3
+ cat
+ for i in 1 2 3
+ cat
+ for i in 1 2 3
+ cat
+ echo SUBDIRS = deeper
+ cat
+ cat
+ aclocal-1.16 -Werror
+ autoconf
+ automake-1.16 --foreign -Werror -Wall
+ ./configure
checking for a BSD-compatible install... /usr/bin/install -c
checking whether build environment is sane... yes
checking for a thread-safe mkdir -p... /tools/bin/mkdir -p
checking for gawk... gawk
checking whether make sets $(MAKE)... yes
checking whether make supports nested variables... yes
checking that generated files are newer than configure... done
configure: creating ./config.status
config.status: creating Makefile
config.status: creating sub1/Makefile
config.status: creating sub2/Makefile
config.status: creating sub3/Makefile
config.status: creating sub3/deeper/Makefile
+ make test
Making foo in sub1
make[1]: Entering directory '/sources/automake-1.16.1/t/recurs-user.dir/sub1'
echo 'sub1' >> ../got
make[1]: Leaving directory '/sources/automake-1.16.1/t/recurs-user.dir/sub1'
Making foo in .
make[1]: Entering directory '/sources/automake-1.16.1/t/recurs-user.dir'
echo '.' >> ./got
make[1]: Leaving directory '/sources/automake-1.16.1/t/recurs-user.dir'
Making foo in sub3
make[1]: Entering directory '/sources/automake-1.16.1/t/recurs-user.dir/sub3'
Making foo in deeper
make[2]: Entering directory '/sources/automake-1.16.1/t/recurs-user.dir/sub3/deeper'
echo sub3/deeper >> ../../got
make[2]: Leaving directory '/sources/automake-1.16.1/t/recurs-user.dir/sub3/deeper'
make[2]: Entering directory '/sources/automake-1.16.1/t/recurs-user.dir/sub3'
echo 'sub3' >> ../got
make[2]: Leaving directory '/sources/automake-1.16.1/t/recurs-user.dir/sub3'
make[1]: Leaving directory '/sources/automake-1.16.1/t/recurs-user.dir/sub3'
Making foo in sub2
make[1]: Entering directory '/sources/automake-1.16.1/t/recurs-user.dir/sub2'
echo 'sub2' >> ../got
make[1]: Leaving directory '/sources/automake-1.16.1/t/recurs-user.dir/sub2'
cat ./exp
sub1
.
sub3/deeper
sub3
sub2
cat ./got
sub1
.
sub3/deeper
sub3
sub2
diff ./exp ./got
+ make distcheck
make  dist-gzip am__post_remove_distdir='@:'
make[1]: Entering directory '/sources/automake-1.16.1/t/recurs-user.dir'
make  distdir-am
make[2]: Entering directory '/sources/automake-1.16.1/t/recurs-user.dir'
if test -d "recurs-user-1.0"; then find "recurs-user-1.0" -type d ! -perm -200 -exec chmod u+w {} ';' && rm -rf "recurs-user-1.0" || { sleep 5 && rm -rf "recurs-user-1.0"; }; else :; fi
test -d "recurs-user-1.0" || mkdir "recurs-user-1.0"
 (cd sub1 && make  top_distdir=../recurs-user-1.0 distdir=../recurs-user-1.0/sub1 \
     am__remove_distdir=: am__skip_length_check=: am__skip_mode_fix=: distdir)
make[3]: Entering directory '/sources/automake-1.16.1/t/recurs-user.dir/sub1'
make  distdir-am
make[4]: Entering directory '/sources/automake-1.16.1/t/recurs-user.dir/sub1'
make[4]: Leaving directory '/sources/automake-1.16.1/t/recurs-user.dir/sub1'
make[3]: Leaving directory '/sources/automake-1.16.1/t/recurs-user.dir/sub1'
 (cd sub3 && make  top_distdir=../recurs-user-1.0 distdir=../recurs-user-1.0/sub3 \
     am__remove_distdir=: am__skip_length_check=: am__skip_mode_fix=: distdir)
make[3]: Entering directory '/sources/automake-1.16.1/t/recurs-user.dir/sub3'
make  distdir-am
make[4]: Entering directory '/sources/automake-1.16.1/t/recurs-user.dir/sub3'
 (cd deeper && make  top_distdir=../../recurs-user-1.0 distdir=../../recurs-user-1.0/sub3/deeper \
     am__remove_distdir=: am__skip_length_check=: am__skip_mode_fix=: distdir)
make[5]: Entering directory '/sources/automake-1.16.1/t/recurs-user.dir/sub3/deeper'
make  distdir-am
make[6]: Entering directory '/sources/automake-1.16.1/t/recurs-user.dir/sub3/deeper'
make[6]: Leaving directory '/sources/automake-1.16.1/t/recurs-user.dir/sub3/deeper'
make[5]: Leaving directory '/sources/automake-1.16.1/t/recurs-user.dir/sub3/deeper'
make[4]: Leaving directory '/sources/automake-1.16.1/t/recurs-user.dir/sub3'
make[3]: Leaving directory '/sources/automake-1.16.1/t/recurs-user.dir/sub3'
 (cd sub2 && make  top_distdir=../recurs-user-1.0 distdir=../recurs-user-1.0/sub2 \
     am__remove_distdir=: am__skip_length_check=: am__skip_mode_fix=: distdir)
make[3]: Entering directory '/sources/automake-1.16.1/t/recurs-user.dir/sub2'
make  distdir-am
make[4]: Entering directory '/sources/automake-1.16.1/t/recurs-user.dir/sub2'
make[4]: Leaving directory '/sources/automake-1.16.1/t/recurs-user.dir/sub2'
make[3]: Leaving directory '/sources/automake-1.16.1/t/recurs-user.dir/sub2'
test -n "" \
|| find "recurs-user-1.0" -type d ! -perm -755 \
	-exec chmod u+rwx,go+rx {} \; -o \
  ! -type d ! -perm -444 -links 1 -exec chmod a+r {} \; -o \
  ! -type d ! -perm -400 -exec chmod a+r {} \; -o \
  ! -type d ! -perm -444 -exec /bin/sh /sources/automake-1.16.1/t/recurs-user.dir/install-sh -c -m a+r {} {} \; \
|| chmod -R a+r "recurs-user-1.0"
make[2]: Leaving directory '/sources/automake-1.16.1/t/recurs-user.dir'
tardir=recurs-user-1.0 && ${TAR-tar} chof - "$tardir" | eval GZIP= gzip --best -c >recurs-user-1.0.tar.gz
make[1]: Leaving directory '/sources/automake-1.16.1/t/recurs-user.dir'
if test -d "recurs-user-1.0"; then find "recurs-user-1.0" -type d ! -perm -200 -exec chmod u+w {} ';' && rm -rf "recurs-user-1.0" || { sleep 5 && rm -rf "recurs-user-1.0"; }; else :; fi
case 'recurs-user-1.0.tar.gz' in \
*.tar.gz*) \
  eval GZIP= gzip --best -dc recurs-user-1.0.tar.gz | ${TAR-tar} xf - ;;\
*.tar.bz2*) \
  bzip2 -dc recurs-user-1.0.tar.bz2 | ${TAR-tar} xf - ;;\
*.tar.lz*) \
  lzip -dc recurs-user-1.0.tar.lz | ${TAR-tar} xf - ;;\
*.tar.xz*) \
  xz -dc recurs-user-1.0.tar.xz | ${TAR-tar} xf - ;;\
*.tar.Z*) \
  uncompress -c recurs-user-1.0.tar.Z | ${TAR-tar} xf - ;;\
*.shar.gz*) \
  eval GZIP= gzip --best -dc recurs-user-1.0.shar.gz | unshar ;;\
*.zip*) \
  unzip recurs-user-1.0.zip ;;\
esac
chmod -R a-w recurs-user-1.0
chmod u+w recurs-user-1.0
mkdir recurs-user-1.0/_build recurs-user-1.0/_build/sub recurs-user-1.0/_inst
chmod a-w recurs-user-1.0
test -d recurs-user-1.0/_build || exit 0; \
dc_install_base=`CDPATH="${ZSH_VERSION+.}:" && cd recurs-user-1.0/_inst && pwd | sed -e 's,^[^:\\/]:[\\/],/,'` \
  && dc_destdir="${TMPDIR-/tmp}/am-dc-$$/" \
  && am__cwd=`pwd` \
  && CDPATH="${ZSH_VERSION+.}:" && cd recurs-user-1.0/_build/sub \
  && ../../configure \
     \
     \
    --srcdir=../.. --prefix="$dc_install_base" \
  && make  \
  && make  dvi \
  && make  check \
  && make  install \
  && make  installcheck \
  && make  uninstall \
  && make  distuninstallcheck_dir="$dc_install_base" \
        distuninstallcheck \
  && chmod -R a-w "$dc_install_base" \
  && ({ \
       (cd ../.. && umask 077 && mkdir "$dc_destdir") \
       && make  DESTDIR="$dc_destdir" install \
       && make  DESTDIR="$dc_destdir" uninstall \
       && make  DESTDIR="$dc_destdir" \
            distuninstallcheck_dir="$dc_destdir" distuninstallcheck; \
      } || { rm -rf "$dc_destdir"; exit 1; }) \
  && rm -rf "$dc_destdir" \
  && make  dist \
  && rm -rf recurs-user-1.0.tar.gz \
  && make  distcleancheck \
  && cd "$am__cwd" \
  || exit 1
checking for a BSD-compatible install... /usr/bin/install -c
checking whether build environment is sane... yes
checking for a thread-safe mkdir -p... /tools/bin/mkdir -p
checking for gawk... gawk
checking whether make sets $(MAKE)... yes
checking whether make supports nested variables... yes
checking that generated files are newer than configure... done
configure: creating ./config.status
config.status: creating Makefile
config.status: creating sub1/Makefile
config.status: creating sub2/Makefile
config.status: creating sub3/Makefile
config.status: creating sub3/deeper/Makefile
make[1]: Entering directory '/sources/automake-1.16.1/t/recurs-user.dir/recurs-user-1.0/_build/sub'
Making all in sub1
make[2]: Entering directory '/sources/automake-1.16.1/t/recurs-user.dir/recurs-user-1.0/_build/sub/sub1'
make[2]: Nothing to be done for 'all'.
make[2]: Leaving directory '/sources/automake-1.16.1/t/recurs-user.dir/recurs-user-1.0/_build/sub/sub1'
Making all in .
make[2]: Entering directory '/sources/automake-1.16.1/t/recurs-user.dir/recurs-user-1.0/_build/sub'
make[2]: Nothing to be done for 'all-am'.
make[2]: Leaving directory '/sources/automake-1.16.1/t/recurs-user.dir/recurs-user-1.0/_build/sub'
Making all in sub3
make[2]: Entering directory '/sources/automake-1.16.1/t/recurs-user.dir/recurs-user-1.0/_build/sub/sub3'
Making all in deeper
make[3]: Entering directory '/sources/automake-1.16.1/t/recurs-user.dir/recurs-user-1.0/_build/sub/sub3/deeper'
make[3]: Nothing to be done for 'all'.
make[3]: Leaving directory '/sources/automake-1.16.1/t/recurs-user.dir/recurs-user-1.0/_build/sub/sub3/deeper'
make[3]: Entering directory '/sources/automake-1.16.1/t/recurs-user.dir/recurs-user-1.0/_build/sub/sub3'
make[3]: Nothing to be done for 'all-am'.
make[3]: Leaving directory '/sources/automake-1.16.1/t/recurs-user.dir/recurs-user-1.0/_build/sub/sub3'
make[2]: Leaving directory '/sources/automake-1.16.1/t/recurs-user.dir/recurs-user-1.0/_build/sub/sub3'
Making all in sub2
make[2]: Entering directory '/sources/automake-1.16.1/t/recurs-user.dir/recurs-user-1.0/_build/sub/sub2'
make[2]: Nothing to be done for 'all'.
make[2]: Leaving directory '/sources/automake-1.16.1/t/recurs-user.dir/recurs-user-1.0/_build/sub/sub2'
make[1]: Leaving directory '/sources/automake-1.16.1/t/recurs-user.dir/recurs-user-1.0/_build/sub'
make[1]: Entering directory '/sources/automake-1.16.1/t/recurs-user.dir/recurs-user-1.0/_build/sub'
Making dvi in sub1
make[2]: Entering directory '/sources/automake-1.16.1/t/recurs-user.dir/recurs-user-1.0/_build/sub/sub1'
make[2]: Nothing to be done for 'dvi'.
make[2]: Leaving directory '/sources/automake-1.16.1/t/recurs-user.dir/recurs-user-1.0/_build/sub/sub1'
Making dvi in .
make[2]: Entering directory '/sources/automake-1.16.1/t/recurs-user.dir/recurs-user-1.0/_build/sub'
make[2]: Nothing to be done for 'dvi-am'.
make[2]: Leaving directory '/sources/automake-1.16.1/t/recurs-user.dir/recurs-user-1.0/_build/sub'
Making dvi in sub3
make[2]: Entering directory '/sources/automake-1.16.1/t/recurs-user.dir/recurs-user-1.0/_build/sub/sub3'
Making dvi in deeper
make[3]: Entering directory '/sources/automake-1.16.1/t/recurs-user.dir/recurs-user-1.0/_build/sub/sub3/deeper'
make[3]: Nothing to be done for 'dvi'.
make[3]: Leaving directory '/sources/automake-1.16.1/t/recurs-user.dir/recurs-user-1.0/_build/sub/sub3/deeper'
make[3]: Entering directory '/sources/automake-1.16.1/t/recurs-user.dir/recurs-user-1.0/_build/sub/sub3'
make[3]: Nothing to be done for 'dvi-am'.
make[3]: Leaving directory '/sources/automake-1.16.1/t/recurs-user.dir/recurs-user-1.0/_build/sub/sub3'
make[2]: Leaving directory '/sources/automake-1.16.1/t/recurs-user.dir/recurs-user-1.0/_build/sub/sub3'
Making dvi in sub2
make[2]: Entering directory '/sources/automake-1.16.1/t/recurs-user.dir/recurs-user-1.0/_build/sub/sub2'
make[2]: Nothing to be done for 'dvi'.
make[2]: Leaving directory '/sources/automake-1.16.1/t/recurs-user.dir/recurs-user-1.0/_build/sub/sub2'
make[1]: Leaving directory '/sources/automake-1.16.1/t/recurs-user.dir/recurs-user-1.0/_build/sub'
make[1]: Entering directory '/sources/automake-1.16.1/t/recurs-user.dir/recurs-user-1.0/_build/sub'
Making check in sub1
make[2]: Entering directory '/sources/automake-1.16.1/t/recurs-user.dir/recurs-user-1.0/_build/sub/sub1'
make[2]: Nothing to be done for 'check'.
make[2]: Leaving directory '/sources/automake-1.16.1/t/recurs-user.dir/recurs-user-1.0/_build/sub/sub1'
Making check in .
make[2]: Entering directory '/sources/automake-1.16.1/t/recurs-user.dir/recurs-user-1.0/_build/sub'
make  check-local
make[3]: Entering directory '/sources/automake-1.16.1/t/recurs-user.dir/recurs-user-1.0/_build/sub'
Making foo in sub1
make[4]: Entering directory '/sources/automake-1.16.1/t/recurs-user.dir/recurs-user-1.0/_build/sub/sub1'
echo 'sub1' >> ../got
make[4]: Leaving directory '/sources/automake-1.16.1/t/recurs-user.dir/recurs-user-1.0/_build/sub/sub1'
Making foo in .
make[4]: Entering directory '/sources/automake-1.16.1/t/recurs-user.dir/recurs-user-1.0/_build/sub'
echo '.' >> ./got
make[4]: Leaving directory '/sources/automake-1.16.1/t/recurs-user.dir/recurs-user-1.0/_build/sub'
Making foo in sub3
make[4]: Entering directory '/sources/automake-1.16.1/t/recurs-user.dir/recurs-user-1.0/_build/sub/sub3'
Making foo in deeper
make[5]: Entering directory '/sources/automake-1.16.1/t/recurs-user.dir/recurs-user-1.0/_build/sub/sub3/deeper'
echo sub3/deeper >> ../../got
make[5]: Leaving directory '/sources/automake-1.16.1/t/recurs-user.dir/recurs-user-1.0/_build/sub/sub3/deeper'
make[5]: Entering directory '/sources/automake-1.16.1/t/recurs-user.dir/recurs-user-1.0/_build/sub/sub3'
echo 'sub3' >> ../got
make[5]: Leaving directory '/sources/automake-1.16.1/t/recurs-user.dir/recurs-user-1.0/_build/sub/sub3'
make[4]: Leaving directory '/sources/automake-1.16.1/t/recurs-user.dir/recurs-user-1.0/_build/sub/sub3'
Making foo in sub2
make[4]: Entering directory '/sources/automake-1.16.1/t/recurs-user.dir/recurs-user-1.0/_build/sub/sub2'
echo 'sub2' >> ../got
make[4]: Leaving directory '/sources/automake-1.16.1/t/recurs-user.dir/recurs-user-1.0/_build/sub/sub2'
cat ../../exp
sub1
.
sub3/deeper
sub3
sub2
cat ./got
sub1
.
sub3/deeper
sub3
sub2
diff ../../exp ./got
make[3]: Leaving directory '/sources/automake-1.16.1/t/recurs-user.dir/recurs-user-1.0/_build/sub'
make[2]: Leaving directory '/sources/automake-1.16.1/t/recurs-user.dir/recurs-user-1.0/_build/sub'
Making check in sub3
make[2]: Entering directory '/sources/automake-1.16.1/t/recurs-user.dir/recurs-user-1.0/_build/sub/sub3'
Making check in deeper
make[3]: Entering directory '/sources/automake-1.16.1/t/recurs-user.dir/recurs-user-1.0/_build/sub/sub3/deeper'
make[3]: Nothing to be done for 'check'.
make[3]: Leaving directory '/sources/automake-1.16.1/t/recurs-user.dir/recurs-user-1.0/_build/sub/sub3/deeper'
make[3]: Entering directory '/sources/automake-1.16.1/t/recurs-user.dir/recurs-user-1.0/_build/sub/sub3'
make[3]: Nothing to be done for 'check-am'.
make[3]: Leaving directory '/sources/automake-1.16.1/t/recurs-user.dir/recurs-user-1.0/_build/sub/sub3'
make[2]: Leaving directory '/sources/automake-1.16.1/t/recurs-user.dir/recurs-user-1.0/_build/sub/sub3'
Making check in sub2
make[2]: Entering directory '/sources/automake-1.16.1/t/recurs-user.dir/recurs-user-1.0/_build/sub/sub2'
make[2]: Nothing to be done for 'check'.
make[2]: Leaving directory '/sources/automake-1.16.1/t/recurs-user.dir/recurs-user-1.0/_build/sub/sub2'
make[1]: Leaving directory '/sources/automake-1.16.1/t/recurs-user.dir/recurs-user-1.0/_build/sub'
make[1]: Entering directory '/sources/automake-1.16.1/t/recurs-user.dir/recurs-user-1.0/_build/sub'
Making install in sub1
make[2]: Entering directory '/sources/automake-1.16.1/t/recurs-user.dir/recurs-user-1.0/_build/sub/sub1'
make[3]: Entering directory '/sources/automake-1.16.1/t/recurs-user.dir/recurs-user-1.0/_build/sub/sub1'
make[3]: Nothing to be done for 'install-exec-am'.
make[3]: Nothing to be done for 'install-data-am'.
make[3]: Leaving directory '/sources/automake-1.16.1/t/recurs-user.dir/recurs-user-1.0/_build/sub/sub1'
make[2]: Leaving directory '/sources/automake-1.16.1/t/recurs-user.dir/recurs-user-1.0/_build/sub/sub1'
Making install in .
make[2]: Entering directory '/sources/automake-1.16.1/t/recurs-user.dir/recurs-user-1.0/_build/sub'
make[3]: Entering directory '/sources/automake-1.16.1/t/recurs-user.dir/recurs-user-1.0/_build/sub'
make[3]: Nothing to be done for 'install-exec-am'.
make[3]: Nothing to be done for 'install-data-am'.
make[3]: Leaving directory '/sources/automake-1.16.1/t/recurs-user.dir/recurs-user-1.0/_build/sub'
make[2]: Leaving directory '/sources/automake-1.16.1/t/recurs-user.dir/recurs-user-1.0/_build/sub'
Making install in sub3
make[2]: Entering directory '/sources/automake-1.16.1/t/recurs-user.dir/recurs-user-1.0/_build/sub/sub3'
Making install in deeper
make[3]: Entering directory '/sources/automake-1.16.1/t/recurs-user.dir/recurs-user-1.0/_build/sub/sub3/deeper'
make[4]: Entering directory '/sources/automake-1.16.1/t/recurs-user.dir/recurs-user-1.0/_build/sub/sub3/deeper'
make[4]: Nothing to be done for 'install-exec-am'.
make[4]: Nothing to be done for 'install-data-am'.
make[4]: Leaving directory '/sources/automake-1.16.1/t/recurs-user.dir/recurs-user-1.0/_build/sub/sub3/deeper'
make[3]: Leaving directory '/sources/automake-1.16.1/t/recurs-user.dir/recurs-user-1.0/_build/sub/sub3/deeper'
make[3]: Entering directory '/sources/automake-1.16.1/t/recurs-user.dir/recurs-user-1.0/_build/sub/sub3'
make[4]: Entering directory '/sources/automake-1.16.1/t/recurs-user.dir/recurs-user-1.0/_build/sub/sub3'
make[4]: Nothing to be done for 'install-exec-am'.
make[4]: Nothing to be done for 'install-data-am'.
make[4]: Leaving directory '/sources/automake-1.16.1/t/recurs-user.dir/recurs-user-1.0/_build/sub/sub3'
make[3]: Leaving directory '/sources/automake-1.16.1/t/recurs-user.dir/recurs-user-1.0/_build/sub/sub3'
make[2]: Leaving directory '/sources/automake-1.16.1/t/recurs-user.dir/recurs-user-1.0/_build/sub/sub3'
Making install in sub2
make[2]: Entering directory '/sources/automake-1.16.1/t/recurs-user.dir/recurs-user-1.0/_build/sub/sub2'
make[3]: Entering directory '/sources/automake-1.16.1/t/recurs-user.dir/recurs-user-1.0/_build/sub/sub2'
make[3]: Nothing to be done for 'install-exec-am'.
make[3]: Nothing to be done for 'install-data-am'.
make[3]: Leaving directory '/sources/automake-1.16.1/t/recurs-user.dir/recurs-user-1.0/_build/sub/sub2'
make[2]: Leaving directory '/sources/automake-1.16.1/t/recurs-user.dir/recurs-user-1.0/_build/sub/sub2'
make[1]: Leaving directory '/sources/automake-1.16.1/t/recurs-user.dir/recurs-user-1.0/_build/sub'
make[1]: Entering directory '/sources/automake-1.16.1/t/recurs-user.dir/recurs-user-1.0/_build/sub'
Making installcheck in sub1
make[2]: Entering directory '/sources/automake-1.16.1/t/recurs-user.dir/recurs-user-1.0/_build/sub/sub1'
make[2]: Nothing to be done for 'installcheck'.
make[2]: Leaving directory '/sources/automake-1.16.1/t/recurs-user.dir/recurs-user-1.0/_build/sub/sub1'
Making installcheck in .
make[2]: Entering directory '/sources/automake-1.16.1/t/recurs-user.dir/recurs-user-1.0/_build/sub'
make[2]: Nothing to be done for 'installcheck-am'.
make[2]: Leaving directory '/sources/automake-1.16.1/t/recurs-user.dir/recurs-user-1.0/_build/sub'
Making installcheck in sub3
make[2]: Entering directory '/sources/automake-1.16.1/t/recurs-user.dir/recurs-user-1.0/_build/sub/sub3'
Making installcheck in deeper
make[3]: Entering directory '/sources/automake-1.16.1/t/recurs-user.dir/recurs-user-1.0/_build/sub/sub3/deeper'
make[3]: Nothing to be done for 'installcheck'.
make[3]: Leaving directory '/sources/automake-1.16.1/t/recurs-user.dir/recurs-user-1.0/_build/sub/sub3/deeper'
make[3]: Entering directory '/sources/automake-1.16.1/t/recurs-user.dir/recurs-user-1.0/_build/sub/sub3'
make[3]: Nothing to be done for 'installcheck-am'.
make[3]: Leaving directory '/sources/automake-1.16.1/t/recurs-user.dir/recurs-user-1.0/_build/sub/sub3'
make[2]: Leaving directory '/sources/automake-1.16.1/t/recurs-user.dir/recurs-user-1.0/_build/sub/sub3'
Making installcheck in sub2
make[2]: Entering directory '/sources/automake-1.16.1/t/recurs-user.dir/recurs-user-1.0/_build/sub/sub2'
make[2]: Nothing to be done for 'installcheck'.
make[2]: Leaving directory '/sources/automake-1.16.1/t/recurs-user.dir/recurs-user-1.0/_build/sub/sub2'
make[1]: Leaving directory '/sources/automake-1.16.1/t/recurs-user.dir/recurs-user-1.0/_build/sub'
make[1]: Entering directory '/sources/automake-1.16.1/t/recurs-user.dir/recurs-user-1.0/_build/sub'
Making uninstall in sub1
make[2]: Entering directory '/sources/automake-1.16.1/t/recurs-user.dir/recurs-user-1.0/_build/sub/sub1'
make[2]: Nothing to be done for 'uninstall'.
make[2]: Leaving directory '/sources/automake-1.16.1/t/recurs-user.dir/recurs-user-1.0/_build/sub/sub1'
Making uninstall in .
make[2]: Entering directory '/sources/automake-1.16.1/t/recurs-user.dir/recurs-user-1.0/_build/sub'
make[2]: Nothing to be done for 'uninstall-am'.
make[2]: Leaving directory '/sources/automake-1.16.1/t/recurs-user.dir/recurs-user-1.0/_build/sub'
Making uninstall in sub3
make[2]: Entering directory '/sources/automake-1.16.1/t/recurs-user.dir/recurs-user-1.0/_build/sub/sub3'
Making uninstall in deeper
make[3]: Entering directory '/sources/automake-1.16.1/t/recurs-user.dir/recurs-user-1.0/_build/sub/sub3/deeper'
make[3]: Nothing to be done for 'uninstall'.
make[3]: Leaving directory '/sources/automake-1.16.1/t/recurs-user.dir/recurs-user-1.0/_build/sub/sub3/deeper'
make[3]: Entering directory '/sources/automake-1.16.1/t/recurs-user.dir/recurs-user-1.0/_build/sub/sub3'
make[3]: Nothing to be done for 'uninstall-am'.
make[3]: Leaving directory '/sources/automake-1.16.1/t/recurs-user.dir/recurs-user-1.0/_build/sub/sub3'
make[2]: Leaving directory '/sources/automake-1.16.1/t/recurs-user.dir/recurs-user-1.0/_build/sub/sub3'
Making uninstall in sub2
make[2]: Entering directory '/sources/automake-1.16.1/t/recurs-user.dir/recurs-user-1.0/_build/sub/sub2'
make[2]: Nothing to be done for 'uninstall'.
make[2]: Leaving directory '/sources/automake-1.16.1/t/recurs-user.dir/recurs-user-1.0/_build/sub/sub2'
make[1]: Leaving directory '/sources/automake-1.16.1/t/recurs-user.dir/recurs-user-1.0/_build/sub'
make[1]: Entering directory '/sources/automake-1.16.1/t/recurs-user.dir/recurs-user-1.0/_build/sub'
make[1]: Leaving directory '/sources/automake-1.16.1/t/recurs-user.dir/recurs-user-1.0/_build/sub'
make[1]: Entering directory '/sources/automake-1.16.1/t/recurs-user.dir/recurs-user-1.0/_build/sub'
Making install in sub1
make[2]: Entering directory '/sources/automake-1.16.1/t/recurs-user.dir/recurs-user-1.0/_build/sub/sub1'
make[3]: Entering directory '/sources/automake-1.16.1/t/recurs-user.dir/recurs-user-1.0/_build/sub/sub1'
make[3]: Nothing to be done for 'install-exec-am'.
make[3]: Nothing to be done for 'install-data-am'.
make[3]: Leaving directory '/sources/automake-1.16.1/t/recurs-user.dir/recurs-user-1.0/_build/sub/sub1'
make[2]: Leaving directory '/sources/automake-1.16.1/t/recurs-user.dir/recurs-user-1.0/_build/sub/sub1'
Making install in .
make[2]: Entering directory '/sources/automake-1.16.1/t/recurs-user.dir/recurs-user-1.0/_build/sub'
make[3]: Entering directory '/sources/automake-1.16.1/t/recurs-user.dir/recurs-user-1.0/_build/sub'
make[3]: Nothing to be done for 'install-exec-am'.
make[3]: Nothing to be done for 'install-data-am'.
make[3]: Leaving directory '/sources/automake-1.16.1/t/recurs-user.dir/recurs-user-1.0/_build/sub'
make[2]: Leaving directory '/sources/automake-1.16.1/t/recurs-user.dir/recurs-user-1.0/_build/sub'
Making install in sub3
make[2]: Entering directory '/sources/automake-1.16.1/t/recurs-user.dir/recurs-user-1.0/_build/sub/sub3'
Making install in deeper
make[3]: Entering directory '/sources/automake-1.16.1/t/recurs-user.dir/recurs-user-1.0/_build/sub/sub3/deeper'
make[4]: Entering directory '/sources/automake-1.16.1/t/recurs-user.dir/recurs-user-1.0/_build/sub/sub3/deeper'
make[4]: Nothing to be done for 'install-exec-am'.
make[4]: Nothing to be done for 'install-data-am'.
make[4]: Leaving directory '/sources/automake-1.16.1/t/recurs-user.dir/recurs-user-1.0/_build/sub/sub3/deeper'
make[3]: Leaving directory '/sources/automake-1.16.1/t/recurs-user.dir/recurs-user-1.0/_build/sub/sub3/deeper'
make[3]: Entering directory '/sources/automake-1.16.1/t/recurs-user.dir/recurs-user-1.0/_build/sub/sub3'
make[4]: Entering directory '/sources/automake-1.16.1/t/recurs-user.dir/recurs-user-1.0/_build/sub/sub3'
make[4]: Nothing to be done for 'install-exec-am'.
make[4]: Nothing to be done for 'install-data-am'.
make[4]: Leaving directory '/sources/automake-1.16.1/t/recurs-user.dir/recurs-user-1.0/_build/sub/sub3'
make[3]: Leaving directory '/sources/automake-1.16.1/t/recurs-user.dir/recurs-user-1.0/_build/sub/sub3'
make[2]: Leaving directory '/sources/automake-1.16.1/t/recurs-user.dir/recurs-user-1.0/_build/sub/sub3'
Making install in sub2
make[2]: Entering directory '/sources/automake-1.16.1/t/recurs-user.dir/recurs-user-1.0/_build/sub/sub2'
make[3]: Entering directory '/sources/automake-1.16.1/t/recurs-user.dir/recurs-user-1.0/_build/sub/sub2'
make[3]: Nothing to be done for 'install-exec-am'.
make[3]: Nothing to be done for 'install-data-am'.
make[3]: Leaving directory '/sources/automake-1.16.1/t/recurs-user.dir/recurs-user-1.0/_build/sub/sub2'
make[2]: Leaving directory '/sources/automake-1.16.1/t/recurs-user.dir/recurs-user-1.0/_build/sub/sub2'
make[1]: Leaving directory '/sources/automake-1.16.1/t/recurs-user.dir/recurs-user-1.0/_build/sub'
make[1]: Entering directory '/sources/automake-1.16.1/t/recurs-user.dir/recurs-user-1.0/_build/sub'
Making uninstall in sub1
make[2]: Entering directory '/sources/automake-1.16.1/t/recurs-user.dir/recurs-user-1.0/_build/sub/sub1'
make[2]: Nothing to be done for 'uninstall'.
make[2]: Leaving directory '/sources/automake-1.16.1/t/recurs-user.dir/recurs-user-1.0/_build/sub/sub1'
Making uninstall in .
make[2]: Entering directory '/sources/automake-1.16.1/t/recurs-user.dir/recurs-user-1.0/_build/sub'
make[2]: Nothing to be done for 'uninstall-am'.
make[2]: Leaving directory '/sources/automake-1.16.1/t/recurs-user.dir/recurs-user-1.0/_build/sub'
Making uninstall in sub3
make[2]: Entering directory '/sources/automake-1.16.1/t/recurs-user.dir/recurs-user-1.0/_build/sub/sub3'
Making uninstall in deeper
make[3]: Entering directory '/sources/automake-1.16.1/t/recurs-user.dir/recurs-user-1.0/_build/sub/sub3/deeper'
make[3]: Nothing to be done for 'uninstall'.
make[3]: Leaving directory '/sources/automake-1.16.1/t/recurs-user.dir/recurs-user-1.0/_build/sub/sub3/deeper'
make[3]: Entering directory '/sources/automake-1.16.1/t/recurs-user.dir/recurs-user-1.0/_build/sub/sub3'
make[3]: Nothing to be done for 'uninstall-am'.
make[3]: Leaving directory '/sources/automake-1.16.1/t/recurs-user.dir/recurs-user-1.0/_build/sub/sub3'
make[2]: Leaving directory '/sources/automake-1.16.1/t/recurs-user.dir/recurs-user-1.0/_build/sub/sub3'
Making uninstall in sub2
make[2]: Entering directory '/sources/automake-1.16.1/t/recurs-user.dir/recurs-user-1.0/_build/sub/sub2'
make[2]: Nothing to be done for 'uninstall'.
make[2]: Leaving directory '/sources/automake-1.16.1/t/recurs-user.dir/recurs-user-1.0/_build/sub/sub2'
make[1]: Leaving directory '/sources/automake-1.16.1/t/recurs-user.dir/recurs-user-1.0/_build/sub'
make[1]: Entering directory '/sources/automake-1.16.1/t/recurs-user.dir/recurs-user-1.0/_build/sub'
make[1]: Leaving directory '/sources/automake-1.16.1/t/recurs-user.dir/recurs-user-1.0/_build/sub'
make[1]: Entering directory '/sources/automake-1.16.1/t/recurs-user.dir/recurs-user-1.0/_build/sub'
make  dist-gzip am__post_remove_distdir='@:'
make[2]: Entering directory '/sources/automake-1.16.1/t/recurs-user.dir/recurs-user-1.0/_build/sub'
make  distdir-am
make[3]: Entering directory '/sources/automake-1.16.1/t/recurs-user.dir/recurs-user-1.0/_build/sub'
if test -d "recurs-user-1.0"; then find "recurs-user-1.0" -type d ! -perm -200 -exec chmod u+w {} ';' && rm -rf "recurs-user-1.0" || { sleep 5 && rm -rf "recurs-user-1.0"; }; else :; fi
test -d "recurs-user-1.0" || mkdir "recurs-user-1.0"
 (cd sub1 && make  top_distdir=../recurs-user-1.0 distdir=../recurs-user-1.0/sub1 \
     am__remove_distdir=: am__skip_length_check=: am__skip_mode_fix=: distdir)
make[4]: Entering directory '/sources/automake-1.16.1/t/recurs-user.dir/recurs-user-1.0/_build/sub/sub1'
make  distdir-am
make[5]: Entering directory '/sources/automake-1.16.1/t/recurs-user.dir/recurs-user-1.0/_build/sub/sub1'
make[5]: Leaving directory '/sources/automake-1.16.1/t/recurs-user.dir/recurs-user-1.0/_build/sub/sub1'
make[4]: Leaving directory '/sources/automake-1.16.1/t/recurs-user.dir/recurs-user-1.0/_build/sub/sub1'
 (cd sub3 && make  top_distdir=../recurs-user-1.0 distdir=../recurs-user-1.0/sub3 \
     am__remove_distdir=: am__skip_length_check=: am__skip_mode_fix=: distdir)
make[4]: Entering directory '/sources/automake-1.16.1/t/recurs-user.dir/recurs-user-1.0/_build/sub/sub3'
make  distdir-am
make[5]: Entering directory '/sources/automake-1.16.1/t/recurs-user.dir/recurs-user-1.0/_build/sub/sub3'
 (cd deeper && make  top_distdir=../../recurs-user-1.0 distdir=../../recurs-user-1.0/sub3/deeper \
     am__remove_distdir=: am__skip_length_check=: am__skip_mode_fix=: distdir)
make[6]: Entering directory '/sources/automake-1.16.1/t/recurs-user.dir/recurs-user-1.0/_build/sub/sub3/deeper'
make  distdir-am
make[7]: Entering directory '/sources/automake-1.16.1/t/recurs-user.dir/recurs-user-1.0/_build/sub/sub3/deeper'
make[7]: Leaving directory '/sources/automake-1.16.1/t/recurs-user.dir/recurs-user-1.0/_build/sub/sub3/deeper'
make[6]: Leaving directory '/sources/automake-1.16.1/t/recurs-user.dir/recurs-user-1.0/_build/sub/sub3/deeper'
make[5]: Leaving directory '/sources/automake-1.16.1/t/recurs-user.dir/recurs-user-1.0/_build/sub/sub3'
make[4]: Leaving directory '/sources/automake-1.16.1/t/recurs-user.dir/recurs-user-1.0/_build/sub/sub3'
 (cd sub2 && make  top_distdir=../recurs-user-1.0 distdir=../recurs-user-1.0/sub2 \
     am__remove_distdir=: am__skip_length_check=: am__skip_mode_fix=: distdir)
make[4]: Entering directory '/sources/automake-1.16.1/t/recurs-user.dir/recurs-user-1.0/_build/sub/sub2'
make  distdir-am
make[5]: Entering directory '/sources/automake-1.16.1/t/recurs-user.dir/recurs-user-1.0/_build/sub/sub2'
make[5]: Leaving directory '/sources/automake-1.16.1/t/recurs-user.dir/recurs-user-1.0/_build/sub/sub2'
make[4]: Leaving directory '/sources/automake-1.16.1/t/recurs-user.dir/recurs-user-1.0/_build/sub/sub2'
test -n "" \
|| find "recurs-user-1.0" -type d ! -perm -755 \
	-exec chmod u+rwx,go+rx {} \; -o \
  ! -type d ! -perm -444 -links 1 -exec chmod a+r {} \; -o \
  ! -type d ! -perm -400 -exec chmod a+r {} \; -o \
  ! -type d ! -perm -444 -exec /bin/sh /sources/automake-1.16.1/t/recurs-user.dir/recurs-user-1.0/install-sh -c -m a+r {} {} \; \
|| chmod -R a+r "recurs-user-1.0"
make[3]: Leaving directory '/sources/automake-1.16.1/t/recurs-user.dir/recurs-user-1.0/_build/sub'
tardir=recurs-user-1.0 && ${TAR-tar} chof - "$tardir" | eval GZIP= gzip --best -c >recurs-user-1.0.tar.gz
make[2]: Leaving directory '/sources/automake-1.16.1/t/recurs-user.dir/recurs-user-1.0/_build/sub'
if test -d "recurs-user-1.0"; then find "recurs-user-1.0" -type d ! -perm -200 -exec chmod u+w {} ';' && rm -rf "recurs-user-1.0" || { sleep 5 && rm -rf "recurs-user-1.0"; }; else :; fi
make[1]: Leaving directory '/sources/automake-1.16.1/t/recurs-user.dir/recurs-user-1.0/_build/sub'
make[1]: Entering directory '/sources/automake-1.16.1/t/recurs-user.dir/recurs-user-1.0/_build/sub'
Making distclean in sub1
make[2]: Entering directory '/sources/automake-1.16.1/t/recurs-user.dir/recurs-user-1.0/_build/sub/sub1'
test -z "" || rm -f 
test . = "../../../sub1" || test -z "" || rm -f 
rm -f Makefile
make[2]: Leaving directory '/sources/automake-1.16.1/t/recurs-user.dir/recurs-user-1.0/_build/sub/sub1'
Making distclean in .
make[2]: Entering directory '/sources/automake-1.16.1/t/recurs-user.dir/recurs-user-1.0/_build/sub'
test -z "got" || rm -f got
test -z "" || rm -f 
test . = "../.." || test -z "" || rm -f 
rm -f TAGS ID GTAGS GRTAGS GSYMS GPATH tags
rm -f cscope.out cscope.in.out cscope.po.out cscope.files
make[2]: Leaving directory '/sources/automake-1.16.1/t/recurs-user.dir/recurs-user-1.0/_build/sub'
Making distclean in sub3
make[2]: Entering directory '/sources/automake-1.16.1/t/recurs-user.dir/recurs-user-1.0/_build/sub/sub3'
Making distclean in deeper
make[3]: Entering directory '/sources/automake-1.16.1/t/recurs-user.dir/recurs-user-1.0/_build/sub/sub3/deeper'
test -z "" || rm -f 
test . = "../../../../sub3/deeper" || test -z "" || rm -f 
rm -f Makefile
make[3]: Leaving directory '/sources/automake-1.16.1/t/recurs-user.dir/recurs-user-1.0/_build/sub/sub3/deeper'
make[3]: Entering directory '/sources/automake-1.16.1/t/recurs-user.dir/recurs-user-1.0/_build/sub/sub3'
test -z "" || rm -f 
test . = "../../../sub3" || test -z "" || rm -f 
rm -f TAGS ID GTAGS GRTAGS GSYMS GPATH tags
make[3]: Leaving directory '/sources/automake-1.16.1/t/recurs-user.dir/recurs-user-1.0/_build/sub/sub3'
rm -f Makefile
make[2]: Leaving directory '/sources/automake-1.16.1/t/recurs-user.dir/recurs-user-1.0/_build/sub/sub3'
Making distclean in sub2
make[2]: Entering directory '/sources/automake-1.16.1/t/recurs-user.dir/recurs-user-1.0/_build/sub/sub2'
test -z "" || rm -f 
test . = "../../../sub2" || test -z "" || rm -f 
rm -f Makefile
make[2]: Leaving directory '/sources/automake-1.16.1/t/recurs-user.dir/recurs-user-1.0/_build/sub/sub2'
rm -f config.status config.cache config.log configure.lineno config.status.lineno
rm -f Makefile
make[1]: Leaving directory '/sources/automake-1.16.1/t/recurs-user.dir/recurs-user-1.0/_build/sub'
if test -d "recurs-user-1.0"; then find "recurs-user-1.0" -type d ! -perm -200 -exec chmod u+w {} ';' && rm -rf "recurs-user-1.0" || { sleep 5 && rm -rf "recurs-user-1.0"; }; else :; fi
=================================================
recurs-user-1.0 archives ready for distribution: 
recurs-user-1.0.tar.gz
=================================================
+ :
+ am_exit_trap 0
+ exit_status=0
+ set +e
+ cd /sources/automake-1.16.1
+ test none = tap
+ case $am_explicit_skips in
+ test 0 -eq 0
+ am_keeping_testdirs
+ case $keep_testdirs in
+ return 1
+ rm_rf_ t/recurs-user.dir
+ test 1 -gt 0
+ /usr/bin/perl /sources/automake-1.16.1/t/ax/deltree.pl t/recurs-user.dir
+ set +x
PASS t/recurs-user.sh (exit status: 0)
