Running from installcheck: no
Test Protocol: none
PATH = /sources/automake-1.16.1/bin:/sources/automake-1.16.1/t/ax:/bin:/usr/bin:/sbin:/usr/sbin:/tools/bin
++ pwd
/sources/automake-1.16.1/t/remake-subdir2.dir
+ magic1=::MagicString::One::
+ magic2=__MagicString__Two__
+ cat
+ cat
+ mkdir sub
+ cat
+ aclocal-1.16 -Werror
+ autoconf
+ automake-1.16 --foreign -Werror -Wall
+ ./configure
checking for a BSD-compatible install... /usr/bin/install -c
checking whether build environment is sane... yes
checking for a thread-safe mkdir -p... /tools/bin/mkdir -p
checking for gawk... gawk
checking whether make sets $(MAKE)... yes
checking whether make supports nested variables... yes
checking that generated files are newer than configure... done
configure: creating ./config.status
config.status: creating build.mk
config.status: creating sub/build.mk
+ ls -l
total 288
-rw-r--r-- 1 root root  27316 Nov 27 06:47 aclocal.m4
drwxr-xr-x 2 root root   4096 Nov 27 06:47 autom4te.cache
-rw-r--r-- 1 root root     41 Nov 27 06:47 build.am
-rw-r--r-- 1 root root  23545 Nov 27 06:47 build.in
-rw-r--r-- 1 root root  24153 Nov 27 06:47 build.mk
-rwxr-xr-x 1 root root   7383 Nov 27 06:47 compile
-rw-r--r-- 1 root root   5059 Nov 27 06:47 config.log
-rwxr-xr-x 1 root root  25594 Nov 27 06:47 config.status
-rwxr-xr-x 1 root root 104323 Nov 27 06:47 configure
-rw-r--r-- 1 root root    169 Nov 27 06:47 configure.ac
-rwxr-xr-x 1 root root  23568 Nov 27 06:47 depcomp
-rwxr-xr-x 1 root root  15368 Nov 27 06:47 install-sh
-rwxr-xr-x 1 root root   6878 Nov 27 06:47 missing
drwxr-xr-x 2 root root   4096 Nov 27 06:47 sub
+ make -f build.mk
Making all in sub
make[1]: Entering directory '/sources/automake-1.16.1/t/remake-subdir2.dir/sub'
make[1]: Nothing to be done for 'all'.
make[1]: Leaving directory '/sources/automake-1.16.1/t/remake-subdir2.dir/sub'
make[1]: Entering directory '/sources/automake-1.16.1/t/remake-subdir2.dir'
make[1]: Nothing to be done for 'all-am'.
make[1]: Leaving directory '/sources/automake-1.16.1/t/remake-subdir2.dir'
+ debug_info
+ grep -i magic configure build.in build.mk sub/build.in sub/build.mk
configure:MAGIC
configure:MAGIC=magic
build.in:MAGIC = @MAGIC@
build.mk:MAGIC = magic
sub/build.in:MAGIC = @MAGIC@
sub/build.mk:MAGIC = magic
+ sleep 2
+ sed 's|magic|::MagicString::One::|' configure.ac
+ mv -f t configure.ac
+ cd sub
+ make -f build.mk build.mk
cd .. && make -f build.mk am--refresh
make[1]: Entering directory '/sources/automake-1.16.1/t/remake-subdir2.dir'
CDPATH="${ZSH_VERSION+.}:" && cd . && /bin/sh /sources/automake-1.16.1/t/remake-subdir2.dir/missing aclocal-1.16 
 cd . && /bin/sh /sources/automake-1.16.1/t/remake-subdir2.dir/missing automake-1.16 --foreign
CDPATH="${ZSH_VERSION+.}:" && cd . && /bin/sh /sources/automake-1.16.1/t/remake-subdir2.dir/missing autoconf
/bin/sh ./config.status --recheck
running CONFIG_SHELL=/bin/sh /bin/sh ./configure build_alias= host_alias= --no-create --no-recursion
checking for a BSD-compatible install... /usr/bin/install -c
checking whether build environment is sane... yes
checking for a thread-safe mkdir -p... /tools/bin/mkdir -p
checking for gawk... gawk
checking whether make sets $(MAKE)... yes
checking whether make supports nested variables... yes
checking that generated files are newer than configure... done
configure: creating ./config.status
 /bin/sh ./config.status
config.status: creating build.mk
config.status: creating sub/build.mk
make[1]: Leaving directory '/sources/automake-1.16.1/t/remake-subdir2.dir'
make: 'build.mk' is up to date.
+ cd ..
+ debug_info
+ grep -i magic configure build.in build.mk sub/build.in sub/build.mk
configure:MAGIC
configure:MAGIC=::MagicString::One::
build.in:MAGIC = @MAGIC@
build.mk:MAGIC = ::MagicString::One::
sub/build.in:MAGIC = @MAGIC@
sub/build.mk:MAGIC = ::MagicString::One::
+ /bin/grep -F ::MagicString::One:: configure
MAGIC=::MagicString::One::
+ /bin/grep -F ::MagicString::One:: build.mk
MAGIC = ::MagicString::One::
+ /bin/grep -F ::MagicString::One:: sub/build.mk
MAGIC = ::MagicString::One::
+ sleep 2
+ cd sub
+ echo MAGIC = __MagicString__Two__
+ make -f build.mk build.mk
 cd .. && /bin/sh /sources/automake-1.16.1/t/remake-subdir2.dir/missing automake-1.16 --foreign sub/build.mk:sub/build.in
 cd .. && /bin/sh ./config.status sub/build.mk 
config.status: creating sub/build.mk
make: 'build.mk' is up to date.
+ cd ..
+ debug_info
+ grep -i magic configure build.in build.mk sub/build.in sub/build.mk
configure:MAGIC
configure:MAGIC=::MagicString::One::
build.in:MAGIC = @MAGIC@
build.mk:MAGIC = ::MagicString::One::
sub/build.in:MAGIC = __MagicString__Two__
sub/build.mk:MAGIC = __MagicString__Two__
+ /bin/grep -F __MagicString__Two__ sub/build.mk
MAGIC = __MagicString__Two__
+ /bin/grep -F __MagicString__Two__ sub/build.in
MAGIC = __MagicString__Two__
+ /bin/grep -F ::MagicString::One:: sub/build.in sub/build.mk
+ /bin/grep -F __MagicString__Two__ build.in build.mk
+ :
+ am_exit_trap 0
+ exit_status=0
+ set +e
+ cd /sources/automake-1.16.1
+ test none = tap
+ case $am_explicit_skips in
+ test 0 -eq 0
+ am_keeping_testdirs
+ case $keep_testdirs in
+ return 1
+ rm_rf_ t/remake-subdir2.dir
+ test 1 -gt 0
+ /usr/bin/perl /sources/automake-1.16.1/t/ax/deltree.pl t/remake-subdir2.dir
+ set +x
PASS t/remake-subdir2.sh (exit status: 0)
