Running from installcheck: no
Test Protocol: none
PATH = /sources/automake-1.16.1/bin:/sources/automake-1.16.1/t/ax:/bin:/usr/bin:/sbin:/usr/sbin:/tools/bin
++ pwd
/sources/automake-1.16.1/t/remake-subdir.dir
+ using_gmake
+ case $am__using_gmake in
+ make --version -v
+ grep GNU
GNU Make 4.2.1
License GPLv3+: GNU GPL version 3 or later <http://gnu.org/licenses/gpl.html>
+ am__using_gmake=yes
+ return 0
+ remake=make
+ magic1=::MagicString::One::
+ magic2=__MagicString__Two__
+ cat
+ cat
+ mkdir sub
+ :
+ aclocal-1.16 -Werror
+ autoconf
+ automake-1.16 --foreign -Werror -Wall
+ ./configure
checking for a BSD-compatible install... /usr/bin/install -c
checking whether build environment is sane... yes
checking for a thread-safe mkdir -p... /tools/bin/mkdir -p
checking for gawk... gawk
checking whether make sets $(MAKE)... yes
checking whether make supports nested variables... yes
checking that generated files are newer than configure... done
configure: creating ./config.status
config.status: creating Makefile
config.status: creating sub/Makefile
+ make
Making all in sub
make[1]: Entering directory '/sources/automake-1.16.1/t/remake-subdir.dir/sub'
make[1]: Nothing to be done for 'all'.
make[1]: Leaving directory '/sources/automake-1.16.1/t/remake-subdir.dir/sub'
make[1]: Entering directory '/sources/automake-1.16.1/t/remake-subdir.dir'
make[1]: Nothing to be done for 'all-am'.
make[1]: Leaving directory '/sources/automake-1.16.1/t/remake-subdir.dir'
+ debug_info
+ grep -i magic configure Makefile.in Makefile sub/Makefile.in sub/Makefile
configure:MAGIC
configure:MAGIC=magic
Makefile.in:MAGIC = @MAGIC@
Makefile:MAGIC = magic
sub/Makefile.in:MAGIC = @MAGIC@
sub/Makefile:MAGIC = magic
+ sleep 2
+ sed 's|magic|::MagicString::One::|' configure.ac
+ mv -f t configure.ac
+ cd sub
+ make
cd .. && make  am--refresh
make[1]: Entering directory '/sources/automake-1.16.1/t/remake-subdir.dir'
CDPATH="${ZSH_VERSION+.}:" && cd . && /bin/sh /sources/automake-1.16.1/t/remake-subdir.dir/missing aclocal-1.16 
 cd . && /bin/sh /sources/automake-1.16.1/t/remake-subdir.dir/missing automake-1.16 --foreign
CDPATH="${ZSH_VERSION+.}:" && cd . && /bin/sh /sources/automake-1.16.1/t/remake-subdir.dir/missing autoconf
/bin/sh ./config.status --recheck
running CONFIG_SHELL=/bin/sh /bin/sh ./configure build_alias= host_alias= --no-create --no-recursion
checking for a BSD-compatible install... /usr/bin/install -c
checking whether build environment is sane... yes
checking for a thread-safe mkdir -p... /tools/bin/mkdir -p
checking for gawk... gawk
checking whether make sets $(MAKE)... yes
checking whether make supports nested variables... yes
checking that generated files are newer than configure... done
configure: creating ./config.status
 /bin/sh ./config.status
config.status: creating Makefile
config.status: creating sub/Makefile
make[1]: Leaving directory '/sources/automake-1.16.1/t/remake-subdir.dir'
make: Nothing to be done for 'all'.
+ cd ..
+ debug_info
+ grep -i magic configure Makefile.in Makefile sub/Makefile.in sub/Makefile
configure:MAGIC
configure:MAGIC=::MagicString::One::
Makefile.in:MAGIC = @MAGIC@
Makefile:MAGIC = ::MagicString::One::
sub/Makefile.in:MAGIC = @MAGIC@
sub/Makefile:MAGIC = ::MagicString::One::
+ /bin/grep -F ::MagicString::One:: configure
MAGIC=::MagicString::One::
+ /bin/grep -F ::MagicString::One:: Makefile
MAGIC = ::MagicString::One::
+ /bin/grep -F ::MagicString::One:: sub/Makefile
MAGIC = ::MagicString::One::
+ sleep 2
+ cd sub
+ echo MAGIC = __MagicString__Two__
+ make
 cd .. && /bin/sh /sources/automake-1.16.1/t/remake-subdir.dir/missing automake-1.16 --foreign sub/Makefile
 cd .. && /bin/sh ./config.status sub/Makefile 
config.status: creating sub/Makefile
make: Nothing to be done for 'all'.
+ cd ..
+ debug_info
+ grep -i magic configure Makefile.in Makefile sub/Makefile.in sub/Makefile
configure:MAGIC
configure:MAGIC=::MagicString::One::
Makefile.in:MAGIC = @MAGIC@
Makefile:MAGIC = ::MagicString::One::
sub/Makefile.in:MAGIC = __MagicString__Two__
sub/Makefile:MAGIC = __MagicString__Two__
+ /bin/grep -F __MagicString__Two__ sub/Makefile
MAGIC = __MagicString__Two__
+ /bin/grep -F __MagicString__Two__ sub/Makefile.in
MAGIC = __MagicString__Two__
+ /bin/grep -F ::MagicString::One:: sub/Makefile sub/Makefile.in
+ /bin/grep -F __MagicString__Two__ Makefile Makefile.in
+ :
+ am_exit_trap 0
+ exit_status=0
+ set +e
+ cd /sources/automake-1.16.1
+ test none = tap
+ case $am_explicit_skips in
+ test 0 -eq 0
+ am_keeping_testdirs
+ case $keep_testdirs in
+ return 1
+ rm_rf_ t/remake-subdir.dir
+ test 1 -gt 0
+ /usr/bin/perl /sources/automake-1.16.1/t/ax/deltree.pl t/remake-subdir.dir
+ set +x
PASS t/remake-subdir.sh (exit status: 0)
