Running from installcheck: no
Test Protocol: none
PATH = /sources/automake-1.16.1/bin:/sources/automake-1.16.1/t/ax:/bin:/usr/bin:/sbin:/usr/sbin:/tools/bin
++ pwd
/sources/automake-1.16.1/t/remake-gnulib-add-acsubst.dir
+ cat
+ cat
+ mkdir m4
+ cat
+ cat
+ cat
+ cat
+ aclocal-1.16 -Werror -I m4
+ autoconf
+ automake-1.16 --foreign -Werror -Wall
+ ./configure
checking for a BSD-compatible install... /usr/bin/install -c
checking whether build environment is sane... yes
checking for a thread-safe mkdir -p... /tools/bin/mkdir -p
checking for gawk... gawk
checking whether make sets $(MAKE)... yes
checking whether make supports nested variables... yes
checking for gcc... cc
checking whether the C compiler works... yes
checking for C compiler default output file name... a.out
checking for suffix of executables... 
checking whether we are cross compiling... no
checking for suffix of object files... o
checking whether we are using the GNU C compiler... yes
checking whether cc accepts -g... yes
checking for cc option to accept ISO C89... none needed
checking whether cc understands -c and -o together... yes
checking whether make supports the include directive... yes (GNU style)
checking dependency style of cc... gcc3
checking that generated files are newer than configure... done
configure: creating ./config.status
config.status: creating Makefile
config.status: executing depfiles commands
+ make
sed -e 's|[@]foovar@|42|g' < ./foo.in.h > foo.h-t
cat foo.h-t;: For debugging.
#define foo 42
mv -f foo.h-t foo.h
make  all-am
make[1]: Entering directory '/sources/automake-1.16.1/t/remake-gnulib-add-acsubst.dir'
cc -DPACKAGE_NAME=\"remake-gnulib-add-acsubst\" -DPACKAGE_TARNAME=\"remake-gnulib-add-acsubst\" -DPACKAGE_VERSION=\"1.0\" -DPACKAGE_STRING=\"remake-gnulib-add-acsubst\ 1.0\" -DPACKAGE_BUGREPORT=\"\" -DPACKAGE_URL=\"\" -DPACKAGE=\"remake-gnulib-add-acsubst\" -DVERSION=\"1.0\" -I.     -g -O2 -MT foo.o -MD -MP -MF .deps/foo.Tpo -c -o foo.o foo.c
mv -f .deps/foo.Tpo .deps/foo.Po
cc  -g -O2   -o foo foo.o  
make[1]: Leaving directory '/sources/automake-1.16.1/t/remake-gnulib-add-acsubst.dir'
+ : AC_SUBST @barvar@ and add it to foo.h.
+ sleep 2
+ sed -e 's/^dnl:/   /' m4/bar.m4
+ mv -f t m4/bar.m4
+ cat m4/bar.m4
AC_DEFUN([FOO_MACRO], [
     foovar=42; AC_SUBST([foovar])
    barvar=47; AC_SUBST([barvar])
])
+ cat
+ cat
+ cat
+ using_gmake
+ case $am__using_gmake in
+ make --version -v
+ grep GNU
GNU Make 4.2.1
License GPLv3+: GNU GPL version 3 or later <http://gnu.org/licenses/gpl.html>
+ am__using_gmake=yes
+ return 0
+ make
CDPATH="${ZSH_VERSION+.}:" && cd . && /bin/sh /sources/automake-1.16.1/t/remake-gnulib-add-acsubst.dir/missing aclocal-1.16 -I m4
 cd . && /bin/sh /sources/automake-1.16.1/t/remake-gnulib-add-acsubst.dir/missing automake-1.16 --foreign
CDPATH="${ZSH_VERSION+.}:" && cd . && /bin/sh /sources/automake-1.16.1/t/remake-gnulib-add-acsubst.dir/missing autoconf
/bin/sh ./config.status --recheck
running CONFIG_SHELL=/bin/sh /bin/sh ./configure build_alias= host_alias= CC=cc CFLAGS=-g -O2 CPPFLAGS= --no-create --no-recursion
checking for a BSD-compatible install... /usr/bin/install -c
checking whether build environment is sane... yes
checking for a thread-safe mkdir -p... /tools/bin/mkdir -p
checking for gawk... gawk
checking whether make sets $(MAKE)... yes
checking whether make supports nested variables... yes
checking for gcc... cc
checking whether the C compiler works... yes
checking for C compiler default output file name... a.out
checking for suffix of executables... 
checking whether we are cross compiling... no
checking for suffix of object files... o
checking whether we are using the GNU C compiler... yes
checking whether cc accepts -g... yes
checking for cc option to accept ISO C89... none needed
checking whether cc understands -c and -o together... yes
checking whether make supports the include directive... yes (GNU style)
checking dependency style of cc... gcc3
checking that generated files are newer than configure... done
configure: creating ./config.status
 /bin/sh ./config.status
config.status: creating Makefile
config.status: executing depfiles commands
sed -e 's|[@]foovar@|42|g' -e 's|[@]barvar@|47|g' < ./foo.in.h > foo.h-t
cat foo.h-t;: For debugging.
#define foo 42
#define bar 47
mv -f foo.h-t foo.h
make  all-am
make[1]: Entering directory '/sources/automake-1.16.1/t/remake-gnulib-add-acsubst.dir'
cc -DPACKAGE_NAME=\"remake-gnulib-add-acsubst\" -DPACKAGE_TARNAME=\"remake-gnulib-add-acsubst\" -DPACKAGE_VERSION=\"1.0\" -DPACKAGE_STRING=\"remake-gnulib-add-acsubst\ 1.0\" -DPACKAGE_BUGREPORT=\"\" -DPACKAGE_URL=\"\" -DPACKAGE=\"remake-gnulib-add-acsubst\" -DVERSION=\"1.0\" -I.     -g -O2 -MT foo.o -MD -MP -MF .deps/foo.Tpo -c -o foo.o foo.c
mv -f .deps/foo.Tpo .deps/foo.Po
cc  -g -O2   -o foo foo.o  
make[1]: Leaving directory '/sources/automake-1.16.1/t/remake-gnulib-add-acsubst.dir'
+ : AC_SUBST @zapvar@ and add it to foo.h.
+ sleep 2
+ cat
+ cat
+ sed -e 's/^dnl://' m4/foo.m4
+ mv -f t m4/foo.m4
+ cat m4/foo.m4
AC_DEFUN([MY_MACROS], [
     FOO_MACRO
 ZAP_MACRO
])
+ cat
+ cat
+ using_gmake
+ case $am__using_gmake in
+ return 0
+ make
CDPATH="${ZSH_VERSION+.}:" && cd . && /bin/sh /sources/automake-1.16.1/t/remake-gnulib-add-acsubst.dir/missing aclocal-1.16 -I m4
 cd . && /bin/sh /sources/automake-1.16.1/t/remake-gnulib-add-acsubst.dir/missing automake-1.16 --foreign
CDPATH="${ZSH_VERSION+.}:" && cd . && /bin/sh /sources/automake-1.16.1/t/remake-gnulib-add-acsubst.dir/missing autoconf
/bin/sh ./config.status --recheck
running CONFIG_SHELL=/bin/sh /bin/sh ./configure build_alias= host_alias= CC=cc CFLAGS=-g -O2 CPPFLAGS= --no-create --no-recursion
checking for a BSD-compatible install... /usr/bin/install -c
checking whether build environment is sane... yes
checking for a thread-safe mkdir -p... /tools/bin/mkdir -p
checking for gawk... gawk
checking whether make sets $(MAKE)... yes
checking whether make supports nested variables... yes
checking for gcc... cc
checking whether the C compiler works... yes
checking for C compiler default output file name... a.out
checking for suffix of executables... 
checking whether we are cross compiling... no
checking for suffix of object files... o
checking whether we are using the GNU C compiler... yes
checking whether cc accepts -g... yes
checking for cc option to accept ISO C89... none needed
checking whether cc understands -c and -o together... yes
checking whether make supports the include directive... yes (GNU style)
checking dependency style of cc... gcc3
checking that generated files are newer than configure... done
configure: creating ./config.status
 /bin/sh ./config.status
config.status: creating Makefile
config.status: executing depfiles commands
sed -e 's|[@]foovar@|42|g' -e 's|[@]barvar@|47|g' -e 's|[@]zapvar@|163|g' < ./foo.in.h > foo.h-t
cat foo.h-t;: For debugging.
#define foo 42
#define bar 47
#define zap 163
mv -f foo.h-t foo.h
make  all-am
make[1]: Entering directory '/sources/automake-1.16.1/t/remake-gnulib-add-acsubst.dir'
cc -DPACKAGE_NAME=\"remake-gnulib-add-acsubst\" -DPACKAGE_TARNAME=\"remake-gnulib-add-acsubst\" -DPACKAGE_VERSION=\"1.0\" -DPACKAGE_STRING=\"remake-gnulib-add-acsubst\ 1.0\" -DPACKAGE_BUGREPORT=\"\" -DPACKAGE_URL=\"\" -DPACKAGE=\"remake-gnulib-add-acsubst\" -DVERSION=\"1.0\" -I.     -g -O2 -MT foo.o -MD -MP -MF .deps/foo.Tpo -c -o foo.o foo.c
mv -f .deps/foo.Tpo .deps/foo.Po
cc  -g -O2   -o foo foo.o  
make[1]: Leaving directory '/sources/automake-1.16.1/t/remake-gnulib-add-acsubst.dir'
+ make distcheck
make  dist-gzip am__post_remove_distdir='@:'
make[1]: Entering directory '/sources/automake-1.16.1/t/remake-gnulib-add-acsubst.dir'
make  distdir-am
make[2]: Entering directory '/sources/automake-1.16.1/t/remake-gnulib-add-acsubst.dir'
if test -d "remake-gnulib-add-acsubst-1.0"; then find "remake-gnulib-add-acsubst-1.0" -type d ! -perm -200 -exec chmod u+w {} ';' && rm -rf "remake-gnulib-add-acsubst-1.0" || { sleep 5 && rm -rf "remake-gnulib-add-acsubst-1.0"; }; else :; fi
test -d "remake-gnulib-add-acsubst-1.0" || mkdir "remake-gnulib-add-acsubst-1.0"
test -n "" \
|| find "remake-gnulib-add-acsubst-1.0" -type d ! -perm -755 \
	-exec chmod u+rwx,go+rx {} \; -o \
  ! -type d ! -perm -444 -links 1 -exec chmod a+r {} \; -o \
  ! -type d ! -perm -400 -exec chmod a+r {} \; -o \
  ! -type d ! -perm -444 -exec /bin/sh /sources/automake-1.16.1/t/remake-gnulib-add-acsubst.dir/install-sh -c -m a+r {} {} \; \
|| chmod -R a+r "remake-gnulib-add-acsubst-1.0"
make[2]: Leaving directory '/sources/automake-1.16.1/t/remake-gnulib-add-acsubst.dir'
tardir=remake-gnulib-add-acsubst-1.0 && ${TAR-tar} chof - "$tardir" | eval GZIP= gzip --best -c >remake-gnulib-add-acsubst-1.0.tar.gz
make[1]: Leaving directory '/sources/automake-1.16.1/t/remake-gnulib-add-acsubst.dir'
if test -d "remake-gnulib-add-acsubst-1.0"; then find "remake-gnulib-add-acsubst-1.0" -type d ! -perm -200 -exec chmod u+w {} ';' && rm -rf "remake-gnulib-add-acsubst-1.0" || { sleep 5 && rm -rf "remake-gnulib-add-acsubst-1.0"; }; else :; fi
case 'remake-gnulib-add-acsubst-1.0.tar.gz' in \
*.tar.gz*) \
  eval GZIP= gzip --best -dc remake-gnulib-add-acsubst-1.0.tar.gz | ${TAR-tar} xf - ;;\
*.tar.bz2*) \
  bzip2 -dc remake-gnulib-add-acsubst-1.0.tar.bz2 | ${TAR-tar} xf - ;;\
*.tar.lz*) \
  lzip -dc remake-gnulib-add-acsubst-1.0.tar.lz | ${TAR-tar} xf - ;;\
*.tar.xz*) \
  xz -dc remake-gnulib-add-acsubst-1.0.tar.xz | ${TAR-tar} xf - ;;\
*.tar.Z*) \
  uncompress -c remake-gnulib-add-acsubst-1.0.tar.Z | ${TAR-tar} xf - ;;\
*.shar.gz*) \
  eval GZIP= gzip --best -dc remake-gnulib-add-acsubst-1.0.shar.gz | unshar ;;\
*.zip*) \
  unzip remake-gnulib-add-acsubst-1.0.zip ;;\
esac
chmod -R a-w remake-gnulib-add-acsubst-1.0
chmod u+w remake-gnulib-add-acsubst-1.0
mkdir remake-gnulib-add-acsubst-1.0/_build remake-gnulib-add-acsubst-1.0/_build/sub remake-gnulib-add-acsubst-1.0/_inst
chmod a-w remake-gnulib-add-acsubst-1.0
test -d remake-gnulib-add-acsubst-1.0/_build || exit 0; \
dc_install_base=`CDPATH="${ZSH_VERSION+.}:" && cd remake-gnulib-add-acsubst-1.0/_inst && pwd | sed -e 's,^[^:\\/]:[\\/],/,'` \
  && dc_destdir="${TMPDIR-/tmp}/am-dc-$$/" \
  && am__cwd=`pwd` \
  && CDPATH="${ZSH_VERSION+.}:" && cd remake-gnulib-add-acsubst-1.0/_build/sub \
  && ../../configure \
     \
     \
    --srcdir=../.. --prefix="$dc_install_base" \
  && make  \
  && make  dvi \
  && make  check \
  && make  install \
  && make  installcheck \
  && make  uninstall \
  && make  distuninstallcheck_dir="$dc_install_base" \
        distuninstallcheck \
  && chmod -R a-w "$dc_install_base" \
  && ({ \
       (cd ../.. && umask 077 && mkdir "$dc_destdir") \
       && make  DESTDIR="$dc_destdir" install \
       && make  DESTDIR="$dc_destdir" uninstall \
       && make  DESTDIR="$dc_destdir" \
            distuninstallcheck_dir="$dc_destdir" distuninstallcheck; \
      } || { rm -rf "$dc_destdir"; exit 1; }) \
  && rm -rf "$dc_destdir" \
  && make  dist \
  && rm -rf remake-gnulib-add-acsubst-1.0.tar.gz \
  && make  distcleancheck \
  && cd "$am__cwd" \
  || exit 1
checking for a BSD-compatible install... /usr/bin/install -c
checking whether build environment is sane... yes
checking for a thread-safe mkdir -p... /tools/bin/mkdir -p
checking for gawk... gawk
checking whether make sets $(MAKE)... yes
checking whether make supports nested variables... yes
checking for gcc... cc
checking whether the C compiler works... yes
checking for C compiler default output file name... a.out
checking for suffix of executables... 
checking whether we are cross compiling... no
checking for suffix of object files... o
checking whether we are using the GNU C compiler... yes
checking whether cc accepts -g... yes
checking for cc option to accept ISO C89... none needed
checking whether cc understands -c and -o together... yes
checking whether make supports the include directive... yes (GNU style)
checking dependency style of cc... gcc3
checking that generated files are newer than configure... done
configure: creating ./config.status
config.status: creating Makefile
config.status: executing depfiles commands
make[1]: Entering directory '/sources/automake-1.16.1/t/remake-gnulib-add-acsubst.dir/remake-gnulib-add-acsubst-1.0/_build/sub'
sed -e 's|[@]foovar@|42|g' -e 's|[@]barvar@|47|g' -e 's|[@]zapvar@|163|g' < ../../foo.in.h > foo.h-t
cat foo.h-t;: For debugging.
#define foo 42
#define bar 47
#define zap 163
mv -f foo.h-t foo.h
make  all-am
make[2]: Entering directory '/sources/automake-1.16.1/t/remake-gnulib-add-acsubst.dir/remake-gnulib-add-acsubst-1.0/_build/sub'
cc -DPACKAGE_NAME=\"remake-gnulib-add-acsubst\" -DPACKAGE_TARNAME=\"remake-gnulib-add-acsubst\" -DPACKAGE_VERSION=\"1.0\" -DPACKAGE_STRING=\"remake-gnulib-add-acsubst\ 1.0\" -DPACKAGE_BUGREPORT=\"\" -DPACKAGE_URL=\"\" -DPACKAGE=\"remake-gnulib-add-acsubst\" -DVERSION=\"1.0\" -I. -I../..     -g -O2 -MT foo.o -MD -MP -MF .deps/foo.Tpo -c -o foo.o ../../foo.c
mv -f .deps/foo.Tpo .deps/foo.Po
cc  -g -O2   -o foo foo.o  
make[2]: Leaving directory '/sources/automake-1.16.1/t/remake-gnulib-add-acsubst.dir/remake-gnulib-add-acsubst-1.0/_build/sub'
make[1]: Leaving directory '/sources/automake-1.16.1/t/remake-gnulib-add-acsubst.dir/remake-gnulib-add-acsubst-1.0/_build/sub'
make[1]: Entering directory '/sources/automake-1.16.1/t/remake-gnulib-add-acsubst.dir/remake-gnulib-add-acsubst-1.0/_build/sub'
make[1]: Nothing to be done for 'dvi'.
make[1]: Leaving directory '/sources/automake-1.16.1/t/remake-gnulib-add-acsubst.dir/remake-gnulib-add-acsubst-1.0/_build/sub'
make[1]: Entering directory '/sources/automake-1.16.1/t/remake-gnulib-add-acsubst.dir/remake-gnulib-add-acsubst-1.0/_build/sub'
make  check-am
make[2]: Entering directory '/sources/automake-1.16.1/t/remake-gnulib-add-acsubst.dir/remake-gnulib-add-acsubst-1.0/_build/sub'
make[2]: Nothing to be done for 'check-am'.
make[2]: Leaving directory '/sources/automake-1.16.1/t/remake-gnulib-add-acsubst.dir/remake-gnulib-add-acsubst-1.0/_build/sub'
make[1]: Leaving directory '/sources/automake-1.16.1/t/remake-gnulib-add-acsubst.dir/remake-gnulib-add-acsubst-1.0/_build/sub'
make[1]: Entering directory '/sources/automake-1.16.1/t/remake-gnulib-add-acsubst.dir/remake-gnulib-add-acsubst-1.0/_build/sub'
make  install-am
make[2]: Entering directory '/sources/automake-1.16.1/t/remake-gnulib-add-acsubst.dir/remake-gnulib-add-acsubst-1.0/_build/sub'
make[3]: Entering directory '/sources/automake-1.16.1/t/remake-gnulib-add-acsubst.dir/remake-gnulib-add-acsubst-1.0/_build/sub'
make[3]: Nothing to be done for 'install-exec-am'.
make[3]: Nothing to be done for 'install-data-am'.
make[3]: Leaving directory '/sources/automake-1.16.1/t/remake-gnulib-add-acsubst.dir/remake-gnulib-add-acsubst-1.0/_build/sub'
make[2]: Leaving directory '/sources/automake-1.16.1/t/remake-gnulib-add-acsubst.dir/remake-gnulib-add-acsubst-1.0/_build/sub'
make[1]: Leaving directory '/sources/automake-1.16.1/t/remake-gnulib-add-acsubst.dir/remake-gnulib-add-acsubst-1.0/_build/sub'
make[1]: Entering directory '/sources/automake-1.16.1/t/remake-gnulib-add-acsubst.dir/remake-gnulib-add-acsubst-1.0/_build/sub'
make[1]: Nothing to be done for 'installcheck'.
make[1]: Leaving directory '/sources/automake-1.16.1/t/remake-gnulib-add-acsubst.dir/remake-gnulib-add-acsubst-1.0/_build/sub'
make[1]: Entering directory '/sources/automake-1.16.1/t/remake-gnulib-add-acsubst.dir/remake-gnulib-add-acsubst-1.0/_build/sub'
make[1]: Nothing to be done for 'uninstall'.
make[1]: Leaving directory '/sources/automake-1.16.1/t/remake-gnulib-add-acsubst.dir/remake-gnulib-add-acsubst-1.0/_build/sub'
make[1]: Entering directory '/sources/automake-1.16.1/t/remake-gnulib-add-acsubst.dir/remake-gnulib-add-acsubst-1.0/_build/sub'
make[1]: Leaving directory '/sources/automake-1.16.1/t/remake-gnulib-add-acsubst.dir/remake-gnulib-add-acsubst-1.0/_build/sub'
make[1]: Entering directory '/sources/automake-1.16.1/t/remake-gnulib-add-acsubst.dir/remake-gnulib-add-acsubst-1.0/_build/sub'
make  install-am
make[2]: Entering directory '/sources/automake-1.16.1/t/remake-gnulib-add-acsubst.dir/remake-gnulib-add-acsubst-1.0/_build/sub'
make[3]: Entering directory '/sources/automake-1.16.1/t/remake-gnulib-add-acsubst.dir/remake-gnulib-add-acsubst-1.0/_build/sub'
make[3]: Nothing to be done for 'install-exec-am'.
make[3]: Nothing to be done for 'install-data-am'.
make[3]: Leaving directory '/sources/automake-1.16.1/t/remake-gnulib-add-acsubst.dir/remake-gnulib-add-acsubst-1.0/_build/sub'
make[2]: Leaving directory '/sources/automake-1.16.1/t/remake-gnulib-add-acsubst.dir/remake-gnulib-add-acsubst-1.0/_build/sub'
make[1]: Leaving directory '/sources/automake-1.16.1/t/remake-gnulib-add-acsubst.dir/remake-gnulib-add-acsubst-1.0/_build/sub'
make[1]: Entering directory '/sources/automake-1.16.1/t/remake-gnulib-add-acsubst.dir/remake-gnulib-add-acsubst-1.0/_build/sub'
make[1]: Nothing to be done for 'uninstall'.
make[1]: Leaving directory '/sources/automake-1.16.1/t/remake-gnulib-add-acsubst.dir/remake-gnulib-add-acsubst-1.0/_build/sub'
make[1]: Entering directory '/sources/automake-1.16.1/t/remake-gnulib-add-acsubst.dir/remake-gnulib-add-acsubst-1.0/_build/sub'
make[1]: Leaving directory '/sources/automake-1.16.1/t/remake-gnulib-add-acsubst.dir/remake-gnulib-add-acsubst-1.0/_build/sub'
make[1]: Entering directory '/sources/automake-1.16.1/t/remake-gnulib-add-acsubst.dir/remake-gnulib-add-acsubst-1.0/_build/sub'
make  dist-gzip am__post_remove_distdir='@:'
make[2]: Entering directory '/sources/automake-1.16.1/t/remake-gnulib-add-acsubst.dir/remake-gnulib-add-acsubst-1.0/_build/sub'
make  distdir-am
make[3]: Entering directory '/sources/automake-1.16.1/t/remake-gnulib-add-acsubst.dir/remake-gnulib-add-acsubst-1.0/_build/sub'
if test -d "remake-gnulib-add-acsubst-1.0"; then find "remake-gnulib-add-acsubst-1.0" -type d ! -perm -200 -exec chmod u+w {} ';' && rm -rf "remake-gnulib-add-acsubst-1.0" || { sleep 5 && rm -rf "remake-gnulib-add-acsubst-1.0"; }; else :; fi
test -d "remake-gnulib-add-acsubst-1.0" || mkdir "remake-gnulib-add-acsubst-1.0"
test -n "" \
|| find "remake-gnulib-add-acsubst-1.0" -type d ! -perm -755 \
	-exec chmod u+rwx,go+rx {} \; -o \
  ! -type d ! -perm -444 -links 1 -exec chmod a+r {} \; -o \
  ! -type d ! -perm -400 -exec chmod a+r {} \; -o \
  ! -type d ! -perm -444 -exec /bin/sh /sources/automake-1.16.1/t/remake-gnulib-add-acsubst.dir/remake-gnulib-add-acsubst-1.0/install-sh -c -m a+r {} {} \; \
|| chmod -R a+r "remake-gnulib-add-acsubst-1.0"
make[3]: Leaving directory '/sources/automake-1.16.1/t/remake-gnulib-add-acsubst.dir/remake-gnulib-add-acsubst-1.0/_build/sub'
tardir=remake-gnulib-add-acsubst-1.0 && ${TAR-tar} chof - "$tardir" | eval GZIP= gzip --best -c >remake-gnulib-add-acsubst-1.0.tar.gz
make[2]: Leaving directory '/sources/automake-1.16.1/t/remake-gnulib-add-acsubst.dir/remake-gnulib-add-acsubst-1.0/_build/sub'
if test -d "remake-gnulib-add-acsubst-1.0"; then find "remake-gnulib-add-acsubst-1.0" -type d ! -perm -200 -exec chmod u+w {} ';' && rm -rf "remake-gnulib-add-acsubst-1.0" || { sleep 5 && rm -rf "remake-gnulib-add-acsubst-1.0"; }; else :; fi
make[1]: Leaving directory '/sources/automake-1.16.1/t/remake-gnulib-add-acsubst.dir/remake-gnulib-add-acsubst-1.0/_build/sub'
make[1]: Entering directory '/sources/automake-1.16.1/t/remake-gnulib-add-acsubst.dir/remake-gnulib-add-acsubst-1.0/_build/sub'
test -z "foo" || rm -f foo
rm -f *.o
test -z "foo.h foo.h-t" || rm -f foo.h foo.h-t
rm -f *.tab.c
test -z "" || rm -f 
test . = "../.." || test -z "" || rm -f 
rm -f TAGS ID GTAGS GRTAGS GSYMS GPATH tags
rm -f cscope.out cscope.in.out cscope.po.out cscope.files
rm -f config.status config.cache config.log configure.lineno config.status.lineno
rm -f ./.deps/foo.Po
rm -f Makefile
make[1]: Leaving directory '/sources/automake-1.16.1/t/remake-gnulib-add-acsubst.dir/remake-gnulib-add-acsubst-1.0/_build/sub'
if test -d "remake-gnulib-add-acsubst-1.0"; then find "remake-gnulib-add-acsubst-1.0" -type d ! -perm -200 -exec chmod u+w {} ';' && rm -rf "remake-gnulib-add-acsubst-1.0" || { sleep 5 && rm -rf "remake-gnulib-add-acsubst-1.0"; }; else :; fi
===============================================================
remake-gnulib-add-acsubst-1.0 archives ready for distribution: 
remake-gnulib-add-acsubst-1.0.tar.gz
===============================================================
+ :
+ am_exit_trap 0
+ exit_status=0
+ set +e
+ cd /sources/automake-1.16.1
+ test none = tap
+ case $am_explicit_skips in
+ test 0 -eq 0
+ am_keeping_testdirs
+ case $keep_testdirs in
+ return 1
+ rm_rf_ t/remake-gnulib-add-acsubst.dir
+ test 1 -gt 0
+ /usr/bin/perl /sources/automake-1.16.1/t/ax/deltree.pl t/remake-gnulib-add-acsubst.dir
+ set +x
PASS t/remake-gnulib-add-acsubst.sh (exit status: 0)
