Running from installcheck: no
Test Protocol: none
PATH = /sources/automake-1.16.1/bin:/sources/automake-1.16.1/t/ax:/bin:/usr/bin:/sbin:/usr/sbin:/tools/bin
++ pwd
/sources/automake-1.16.1/t/remake-aclocal-version-mismatch.dir
+ echo AC_OUTPUT
+ touch Makefile.am
+ aclocal-1.16 -Werror
+ autoconf
+ automake-1.16 --foreign -Werror -Wall
+ ./configure
checking for a BSD-compatible install... /usr/bin/install -c
checking whether build environment is sane... yes
checking for a thread-safe mkdir -p... /tools/bin/mkdir -p
checking for gawk... gawk
checking whether make sets $(MAKE)... yes
checking whether make supports nested variables... yes
checking that generated files are newer than configure... done
configure: creating ./config.status
config.status: creating Makefile
+ make
make: Nothing to be done for 'all'.
+ sed '1,20 s/m4_defn(\[AC_AUTOCONF_VERSION\]),/9999,/'
+ cmp aclocal.m4 aclocal.tmp
aclocal.m4 aclocal.tmp differ: char 767, line 17
+ mv aclocal.tmp aclocal.m4
+ run_make -E
+ am__make_redirect_stdout=no
+ am__make_redirect_stderr=no
+ am__make_redirect_stdall=no
+ am__make_flags=
+ am__make_rc_exp=0
+ am_make_rc=0
+ test 1 -gt 0
+ case $1 in
+ am__make_redirect_stderr=yes
+ shift
+ test 0 -gt 0
+ using_gmake
+ case $am__using_gmake in
+ make --version -v
+ grep GNU
GNU Make 4.2.1
License GPLv3+: GNU GPL version 3 or later <http://gnu.org/licenses/gpl.html>
+ am__using_gmake=yes
+ return 0
+ :
+ test x '!=' x
+ : exec make
+ set +x
 cd . && /bin/sh /sources/automake-1.16.1/t/remake-aclocal-version-mismatch.dir/missing automake-1.16 --foreign
CDPATH="${ZSH_VERSION+.}:" && cd . && /bin/sh /sources/automake-1.16.1/t/remake-aclocal-version-mismatch.dir/missing autoconf
/bin/sh ./config.status --recheck
running CONFIG_SHELL=/bin/sh /bin/sh ./configure build_alias= host_alias= --no-create --no-recursion
checking for a BSD-compatible install... /usr/bin/install -c
checking whether build environment is sane... yes
checking for a thread-safe mkdir -p... /tools/bin/mkdir -p
checking for gawk... gawk
checking whether make sets $(MAKE)... yes
checking whether make supports nested variables... yes
checking that generated files are newer than configure... done
configure: creating ./config.status
 /bin/sh ./config.status
config.status: creating Makefile
make: Nothing to be done for 'all'.
+ test 0 -eq 253
+ test no = yes
+ test no = yes
+ test yes = yes
+ cat stderr
aclocal.m4:17: warning: this file was generated for autoconf 2.69.
You have another version of autoconf.  It may work, but is not guaranteed to.
If you have problems, you may need to regenerate the build system entirely.
To do so, use the procedure documented by the package, typically 'autoreconf'.
+ case $am__make_rc_exp in
+ test 0 -ge 0
+ test 0 -le 255
+ test 0 -eq 0
+ grep 'You have another version of autoconf' stderr
You have another version of autoconf.  It may work, but is not guaranteed to.
+ grep 'aclocal.m4:.*this file was generated for' stderr
aclocal.m4:17: warning: this file was generated for autoconf 2.69.
+ run_make -E
+ am__make_redirect_stdout=no
+ am__make_redirect_stderr=no
+ am__make_redirect_stdall=no
+ am__make_flags=
+ am__make_rc_exp=0
+ am_make_rc=0
+ test 1 -gt 0
+ case $1 in
+ am__make_redirect_stderr=yes
+ shift
+ test 0 -gt 0
+ using_gmake
+ case $am__using_gmake in
+ return 0
+ :
+ test x '!=' x
+ : exec make
+ set +x
make: Nothing to be done for 'all'.
+ test 0 -eq 253
+ test no = yes
+ test no = yes
+ test yes = yes
+ cat stderr
+ case $am__make_rc_exp in
+ test 0 -ge 0
+ test 0 -le 255
+ test 0 -eq 0
+ grep 'You have another version of autoconf' stderr
+ grep 'aclocal.m4:.*this file was generated for' stderr
+ :
+ am_exit_trap 0
+ exit_status=0
+ set +e
+ cd /sources/automake-1.16.1
+ test none = tap
+ case $am_explicit_skips in
+ test 0 -eq 0
+ am_keeping_testdirs
+ case $keep_testdirs in
+ return 1
+ rm_rf_ t/remake-aclocal-version-mismatch.dir
+ test 1 -gt 0
+ /usr/bin/perl /sources/automake-1.16.1/t/ax/deltree.pl t/remake-aclocal-version-mismatch.dir
+ set +x
PASS t/remake-aclocal-version-mismatch.sh (exit status: 0)
