Running from installcheck: no
Test Protocol: none
PATH = /sources/automake-1.16.1/bin:/sources/automake-1.16.1/t/ax:/bin:/usr/bin:/sbin:/usr/sbin:/tools/bin
++ pwd
/sources/automake-1.16.1/t/remake-moved-m4-file.dir
+ cat
+ cat
+ mkdir d1 d2 d3
+ cat
+ cat
+ aclocal-1.16 -Werror -I d1
+ autoconf
+ automake-1.16 --foreign -Werror -Wall
+ ./configure
checking for a BSD-compatible install... /usr/bin/install -c
checking whether build environment is sane... yes
checking for a thread-safe mkdir -p... /tools/bin/mkdir -p
checking for gawk... gawk
checking whether make sets $(MAKE)... yes
checking whether make supports nested variables... yes
checking that generated files are newer than configure... done
configure: creating ./config.status
config.status: creating Makefile
+ make test
test '42' -eq 42
+ mv d1/foo.m4 d2/foo.m4
+ using_gmake
+ case $am__using_gmake in
+ make --version -v
+ grep GNU
GNU Make 4.2.1
License GPLv3+: GNU GPL version 3 or later <http://gnu.org/licenses/gpl.html>
+ am__using_gmake=yes
+ return 0
+ make test
CDPATH="${ZSH_VERSION+.}:" && cd . && /bin/sh /sources/automake-1.16.1/t/remake-moved-m4-file.dir/missing aclocal-1.16 -I d1 -I d2 -I d3
 cd . && /bin/sh /sources/automake-1.16.1/t/remake-moved-m4-file.dir/missing automake-1.16 --foreign
CDPATH="${ZSH_VERSION+.}:" && cd . && /bin/sh /sources/automake-1.16.1/t/remake-moved-m4-file.dir/missing autoconf
/bin/sh ./config.status --recheck
running CONFIG_SHELL=/bin/sh /bin/sh ./configure build_alias= host_alias= --no-create --no-recursion
checking for a BSD-compatible install... /usr/bin/install -c
checking whether build environment is sane... yes
checking for a thread-safe mkdir -p... /tools/bin/mkdir -p
checking for gawk... gawk
checking whether make sets $(MAKE)... yes
checking whether make supports nested variables... yes
checking that generated files are newer than configure... done
configure: creating ./config.status
 /bin/sh ./config.status
config.status: creating Makefile
test '42' -eq 42
+ make distdir
make  distdir-am
make[1]: Entering directory '/sources/automake-1.16.1/t/remake-moved-m4-file.dir'
if test -d "remake-moved-m4-file-1.0"; then find "remake-moved-m4-file-1.0" -type d ! -perm -200 -exec chmod u+w {} ';' && rm -rf "remake-moved-m4-file-1.0" || { sleep 5 && rm -rf "remake-moved-m4-file-1.0"; }; else :; fi
test -d "remake-moved-m4-file-1.0" || mkdir "remake-moved-m4-file-1.0"
test -n "" \
|| find "remake-moved-m4-file-1.0" -type d ! -perm -755 \
	-exec chmod u+rwx,go+rx {} \; -o \
  ! -type d ! -perm -444 -links 1 -exec chmod a+r {} \; -o \
  ! -type d ! -perm -400 -exec chmod a+r {} \; -o \
  ! -type d ! -perm -444 -exec /bin/sh /sources/automake-1.16.1/t/remake-moved-m4-file.dir/install-sh -c -m a+r {} {} \; \
|| chmod -R a+r "remake-moved-m4-file-1.0"
make[1]: Leaving directory '/sources/automake-1.16.1/t/remake-moved-m4-file.dir'
+ ls -l remake-moved-m4-file-1.0 remake-moved-m4-file-1.0/Makefile.am remake-moved-m4-file-1.0/Makefile.in remake-moved-m4-file-1.0/aclocal.m4 remake-moved-m4-file-1.0/compile remake-moved-m4-file-1.0/configure remake-moved-m4-file-1.0/configure.ac remake-moved-m4-file-1.0/d1 remake-moved-m4-file-1.0/d2 remake-moved-m4-file-1.0/depcomp remake-moved-m4-file-1.0/install-sh remake-moved-m4-file-1.0/missing
-rw-r--r-- 1 root root     84 Nov 27 06:48 remake-moved-m4-file-1.0/Makefile.am
-rw-r--r-- 1 root root  16930 Nov 27 06:48 remake-moved-m4-file-1.0/Makefile.in
-rw-r--r-- 1 root root  27367 Nov 27 06:48 remake-moved-m4-file-1.0/aclocal.m4
-rwxr-xr-x 1 root root   7383 Nov 27 06:48 remake-moved-m4-file-1.0/compile
-rwxr-xr-x 1 root root 104270 Nov 27 06:48 remake-moved-m4-file-1.0/configure
-rw-r--r-- 1 root root    103 Nov 27 06:48 remake-moved-m4-file-1.0/configure.ac
-rwxr-xr-x 1 root root  23568 Nov 27 06:48 remake-moved-m4-file-1.0/depcomp
-rwxr-xr-x 1 root root  15368 Nov 27 06:48 remake-moved-m4-file-1.0/install-sh
-rwxr-xr-x 1 root root   6878 Nov 27 06:48 remake-moved-m4-file-1.0/missing

remake-moved-m4-file-1.0:
total 224
-rw-r--r-- 1 root root     84 Nov 27 06:48 Makefile.am
-rw-r--r-- 1 root root  16930 Nov 27 06:48 Makefile.in
-rw-r--r-- 1 root root  27367 Nov 27 06:48 aclocal.m4
-rwxr-xr-x 1 root root   7383 Nov 27 06:48 compile
-rwxr-xr-x 1 root root 104270 Nov 27 06:48 configure
-rw-r--r-- 1 root root    103 Nov 27 06:48 configure.ac
drwxr-xr-x 2 root root   4096 Nov 27 06:48 d1
drwxr-xr-x 2 root root   4096 Nov 27 06:48 d2
-rwxr-xr-x 1 root root  23568 Nov 27 06:48 depcomp
-rwxr-xr-x 1 root root  15368 Nov 27 06:48 install-sh
-rwxr-xr-x 1 root root   6878 Nov 27 06:48 missing

remake-moved-m4-file-1.0/d1:
total 4
-rw-r--r-- 1 root root 28 Nov 27 06:48 macros.m4

remake-moved-m4-file-1.0/d2:
total 4
-rw-r--r-- 1 root root 57 Nov 27 06:48 foo.m4
+ test -f remake-moved-m4-file-1.0/d2/foo.m4
+ test '!' -e remake-moved-m4-file-1.0/d1/foo.m4
+ test -f remake-moved-m4-file-1.0/d1/macros.m4
+ test '!' -e remake-moved-m4-file-1.0/d2/macros.m4
+ mv d1/macros.m4 d3/macros.m4
+ mv d2/foo.m4 d3/foo.m4
+ using_gmake
+ case $am__using_gmake in
+ return 0
+ make test
CDPATH="${ZSH_VERSION+.}:" && cd . && /bin/sh /sources/automake-1.16.1/t/remake-moved-m4-file.dir/missing aclocal-1.16 -I d1 -I d2 -I d3
 cd . && /bin/sh /sources/automake-1.16.1/t/remake-moved-m4-file.dir/missing automake-1.16 --foreign
CDPATH="${ZSH_VERSION+.}:" && cd . && /bin/sh /sources/automake-1.16.1/t/remake-moved-m4-file.dir/missing autoconf
/bin/sh ./config.status --recheck
running CONFIG_SHELL=/bin/sh /bin/sh ./configure build_alias= host_alias= --no-create --no-recursion
checking for a BSD-compatible install... /usr/bin/install -c
checking whether build environment is sane... yes
checking for a thread-safe mkdir -p... /tools/bin/mkdir -p
checking for gawk... gawk
checking whether make sets $(MAKE)... yes
checking whether make supports nested variables... yes
checking that generated files are newer than configure... done
configure: creating ./config.status
 /bin/sh ./config.status
config.status: creating Makefile
test '42' -eq 42
+ make distdir
make  distdir-am
make[1]: Entering directory '/sources/automake-1.16.1/t/remake-moved-m4-file.dir'
if test -d "remake-moved-m4-file-1.0"; then find "remake-moved-m4-file-1.0" -type d ! -perm -200 -exec chmod u+w {} ';' && rm -rf "remake-moved-m4-file-1.0" || { sleep 5 && rm -rf "remake-moved-m4-file-1.0"; }; else :; fi
test -d "remake-moved-m4-file-1.0" || mkdir "remake-moved-m4-file-1.0"
test -n "" \
|| find "remake-moved-m4-file-1.0" -type d ! -perm -755 \
	-exec chmod u+rwx,go+rx {} \; -o \
  ! -type d ! -perm -444 -links 1 -exec chmod a+r {} \; -o \
  ! -type d ! -perm -400 -exec chmod a+r {} \; -o \
  ! -type d ! -perm -444 -exec /bin/sh /sources/automake-1.16.1/t/remake-moved-m4-file.dir/install-sh -c -m a+r {} {} \; \
|| chmod -R a+r "remake-moved-m4-file-1.0"
make[1]: Leaving directory '/sources/automake-1.16.1/t/remake-moved-m4-file.dir'
+ ls -l remake-moved-m4-file-1.0 remake-moved-m4-file-1.0/Makefile.am remake-moved-m4-file-1.0/Makefile.in remake-moved-m4-file-1.0/aclocal.m4 remake-moved-m4-file-1.0/compile remake-moved-m4-file-1.0/configure remake-moved-m4-file-1.0/configure.ac remake-moved-m4-file-1.0/d3 remake-moved-m4-file-1.0/depcomp remake-moved-m4-file-1.0/install-sh remake-moved-m4-file-1.0/missing
-rw-r--r-- 1 root root     84 Nov 27 06:48 remake-moved-m4-file-1.0/Makefile.am
-rw-r--r-- 1 root root  16930 Nov 27 06:48 remake-moved-m4-file-1.0/Makefile.in
-rw-r--r-- 1 root root  27367 Nov 27 06:48 remake-moved-m4-file-1.0/aclocal.m4
-rwxr-xr-x 1 root root   7383 Nov 27 06:48 remake-moved-m4-file-1.0/compile
-rwxr-xr-x 1 root root 104270 Nov 27 06:48 remake-moved-m4-file-1.0/configure
-rw-r--r-- 1 root root    103 Nov 27 06:48 remake-moved-m4-file-1.0/configure.ac
-rwxr-xr-x 1 root root  23568 Nov 27 06:48 remake-moved-m4-file-1.0/depcomp
-rwxr-xr-x 1 root root  15368 Nov 27 06:48 remake-moved-m4-file-1.0/install-sh
-rwxr-xr-x 1 root root   6878 Nov 27 06:48 remake-moved-m4-file-1.0/missing

remake-moved-m4-file-1.0:
total 220
-rw-r--r-- 1 root root     84 Nov 27 06:48 Makefile.am
-rw-r--r-- 1 root root  16930 Nov 27 06:48 Makefile.in
-rw-r--r-- 1 root root  27367 Nov 27 06:48 aclocal.m4
-rwxr-xr-x 1 root root   7383 Nov 27 06:48 compile
-rwxr-xr-x 1 root root 104270 Nov 27 06:48 configure
-rw-r--r-- 1 root root    103 Nov 27 06:48 configure.ac
drwxr-xr-x 2 root root   4096 Nov 27 06:48 d3
-rwxr-xr-x 1 root root  23568 Nov 27 06:48 depcomp
-rwxr-xr-x 1 root root  15368 Nov 27 06:48 install-sh
-rwxr-xr-x 1 root root   6878 Nov 27 06:48 missing

remake-moved-m4-file-1.0/d3:
total 8
-rw-r--r-- 1 root root 57 Nov 27 06:48 foo.m4
-rw-r--r-- 1 root root 28 Nov 27 06:48 macros.m4
+ test -f remake-moved-m4-file-1.0/d3/foo.m4
+ test -f remake-moved-m4-file-1.0/d3/macros.m4
+ test '!' -e remake-moved-m4-file-1.0/d1/foo.m4
+ test '!' -e remake-moved-m4-file-1.0/d2/foo.m4
+ test '!' -e remake-moved-m4-file-1.0/d1/macros.m4
+ test '!' -e remake-moved-m4-file-1.0/d2/macros.m4
+ :
+ am_exit_trap 0
+ exit_status=0
+ set +e
+ cd /sources/automake-1.16.1
+ test none = tap
+ case $am_explicit_skips in
+ test 0 -eq 0
+ am_keeping_testdirs
+ case $keep_testdirs in
+ return 1
+ rm_rf_ t/remake-moved-m4-file.dir
+ test 1 -gt 0
+ /usr/bin/perl /sources/automake-1.16.1/t/ax/deltree.pl t/remake-moved-m4-file.dir
+ set +x
PASS t/remake-moved-m4-file.sh (exit status: 0)
