Running from installcheck: no
Test Protocol: none
PATH = /sources/automake-1.16.1/bin:/sources/automake-1.16.1/t/ax:/bin:/usr/bin:/sbin:/usr/sbin:/tools/bin
++ pwd
/sources/automake-1.16.1/t/remake-renamed-m4-macro.dir
+ cat
+ cat
+ mkdir m4
+ cat
+ cat
+ aclocal-1.16 -Werror -I m4
+ autoconf
+ automake-1.16 --foreign -Werror -Wall
+ ./configure
checking for a BSD-compatible install... /usr/bin/install -c
checking whether build environment is sane... yes
checking for a thread-safe mkdir -p... /tools/bin/mkdir -p
checking for gawk... gawk
checking whether make sets $(MAKE)... yes
checking whether make supports nested variables... yes
checking that generated files are newer than configure... done
configure: creating ./config.status
config.status: creating Makefile
+ make test
test '42' -eq 42
+ sleep 2
+ for x in macros foo
+ sed -e s/FOO_1/FOO_2/ m4/macros.m4
+ mv -f t m4/macros.m4
+ for x in macros foo
+ sed -e s/FOO_1/FOO_2/ m4/foo.m4
+ mv -f t m4/foo.m4
+ using_gmake
+ case $am__using_gmake in
+ make --version -v
+ grep GNU
GNU Make 4.2.1
License GPLv3+: GNU GPL version 3 or later <http://gnu.org/licenses/gpl.html>
+ am__using_gmake=yes
+ return 0
+ make test
CDPATH="${ZSH_VERSION+.}:" && cd . && /bin/sh /sources/automake-1.16.1/t/remake-renamed-m4-macro.dir/missing aclocal-1.16 -I m4
 cd . && /bin/sh /sources/automake-1.16.1/t/remake-renamed-m4-macro.dir/missing automake-1.16 --foreign
CDPATH="${ZSH_VERSION+.}:" && cd . && /bin/sh /sources/automake-1.16.1/t/remake-renamed-m4-macro.dir/missing autoconf
/bin/sh ./config.status --recheck
running CONFIG_SHELL=/bin/sh /bin/sh ./configure build_alias= host_alias= --no-create --no-recursion
checking for a BSD-compatible install... /usr/bin/install -c
checking whether build environment is sane... yes
checking for a thread-safe mkdir -p... /tools/bin/mkdir -p
checking for gawk... gawk
checking whether make sets $(MAKE)... yes
checking whether make supports nested variables... yes
checking that generated files are newer than configure... done
configure: creating ./config.status
 /bin/sh ./config.status
config.status: creating Makefile
test '42' -eq 42
+ sleep 2
+ for f in m4/macros.m4 configure.ac
+ sed -e s/MY_MACRO/YOUR_MACRO/ m4/macros.m4
+ mv -f t m4/macros.m4
+ for f in m4/macros.m4 configure.ac
+ sed -e s/MY_MACRO/YOUR_MACRO/ configure.ac
+ mv -f t configure.ac
+ using_gmake
+ case $am__using_gmake in
+ return 0
+ make test
CDPATH="${ZSH_VERSION+.}:" && cd . && /bin/sh /sources/automake-1.16.1/t/remake-renamed-m4-macro.dir/missing aclocal-1.16 -I m4
 cd . && /bin/sh /sources/automake-1.16.1/t/remake-renamed-m4-macro.dir/missing automake-1.16 --foreign
CDPATH="${ZSH_VERSION+.}:" && cd . && /bin/sh /sources/automake-1.16.1/t/remake-renamed-m4-macro.dir/missing autoconf
/bin/sh ./config.status --recheck
running CONFIG_SHELL=/bin/sh /bin/sh ./configure build_alias= host_alias= --no-create --no-recursion
checking for a BSD-compatible install... /usr/bin/install -c
checking whether build environment is sane... yes
checking for a thread-safe mkdir -p... /tools/bin/mkdir -p
checking for gawk... gawk
checking whether make sets $(MAKE)... yes
checking whether make supports nested variables... yes
checking that generated files are newer than configure... done
configure: creating ./config.status
 /bin/sh ./config.status
config.status: creating Makefile
test '42' -eq 42
+ :
+ am_exit_trap 0
+ exit_status=0
+ set +e
+ cd /sources/automake-1.16.1
+ test none = tap
+ case $am_explicit_skips in
+ test 0 -eq 0
+ am_keeping_testdirs
+ case $keep_testdirs in
+ return 1
+ rm_rf_ t/remake-renamed-m4-macro.dir
+ test 1 -gt 0
+ /usr/bin/perl /sources/automake-1.16.1/t/ax/deltree.pl t/remake-renamed-m4-macro.dir
+ set +x
PASS t/remake-renamed-m4-macro.sh (exit status: 0)
