Running from installcheck: no
Test Protocol: none
PATH = /sources/automake-1.16.1/bin:/sources/automake-1.16.1/t/ax:/bin:/usr/bin:/sbin:/usr/sbin:/tools/bin
++ pwd
/sources/automake-1.16.1/t/remake-subdir-no-makefile.dir
+ cat
+ cat
+ mkdir sub
+ :
+ aclocal-1.16 -Werror
+ autoconf
+ automake-1.16 --foreign -Werror -Wall
+ mkdir build
+ cd build
+ ../configure
checking for a BSD-compatible install... /usr/bin/install -c
checking whether build environment is sane... yes
checking for a thread-safe mkdir -p... /tools/bin/mkdir -p
checking for gawk... gawk
checking whether make sets $(MAKE)... yes
checking whether make supports nested variables... yes
checking that generated files are newer than configure... done
configure: creating ./config.status
config.status: creating Makefile
config.status: creating sub/foo
+ sleep 2
+ test -f sub/foo
+ test '!' -s sub/foo
+ echo '#GrepMe#'
+ make
cd . && /bin/sh ./config.status sub/foo
config.status: creating sub/foo
+ grep '#GrepMe#' sub/foo
#GrepMe#
+ cd ..
+ :
+ ./configure
checking for a BSD-compatible install... /usr/bin/install -c
checking whether build environment is sane... yes
checking for a thread-safe mkdir -p... /tools/bin/mkdir -p
checking for gawk... gawk
checking whether make sets $(MAKE)... yes
checking whether make supports nested variables... yes
checking that generated files are newer than configure... done
configure: creating ./config.status
config.status: creating Makefile
config.status: creating sub/foo
+ sleep 2
+ test -f sub/foo
+ test '!' -s sub/foo
+ echo '#GrepMe#'
+ make
cd . && /bin/sh ./config.status sub/foo
config.status: creating sub/foo
+ grep '#GrepMe#' sub/foo
#GrepMe#
+ sleep 2
+ echo %GrepMe%
+ cat
+ make
 cd . && /bin/sh /sources/automake-1.16.1/t/remake-subdir-no-makefile.dir/missing automake-1.16 --foreign Makefile
 cd . && /bin/sh ./config.status Makefile 
config.status: creating Makefile
cd . && /bin/sh ./config.status sub/foo
config.status: creating sub/foo
+ grep 'grep '\''%GrepMe%'\'' sub/foo' Makefile.in
	grep '%GrepMe%' sub/foo
+ make distcheck
make  dist-gzip am__post_remove_distdir='@:'
make[1]: Entering directory '/sources/automake-1.16.1/t/remake-subdir-no-makefile.dir'
make  distdir-am
make[2]: Entering directory '/sources/automake-1.16.1/t/remake-subdir-no-makefile.dir'
if test -d "remake-subdir-no-makefile-1.0"; then find "remake-subdir-no-makefile-1.0" -type d ! -perm -200 -exec chmod u+w {} ';' && rm -rf "remake-subdir-no-makefile-1.0" || { sleep 5 && rm -rf "remake-subdir-no-makefile-1.0"; }; else :; fi
test -d "remake-subdir-no-makefile-1.0" || mkdir "remake-subdir-no-makefile-1.0"
test -n "" \
|| find "remake-subdir-no-makefile-1.0" -type d ! -perm -755 \
	-exec chmod u+rwx,go+rx {} \; -o \
  ! -type d ! -perm -444 -links 1 -exec chmod a+r {} \; -o \
  ! -type d ! -perm -400 -exec chmod a+r {} \; -o \
  ! -type d ! -perm -444 -exec /bin/sh /sources/automake-1.16.1/t/remake-subdir-no-makefile.dir/install-sh -c -m a+r {} {} \; \
|| chmod -R a+r "remake-subdir-no-makefile-1.0"
make[2]: Leaving directory '/sources/automake-1.16.1/t/remake-subdir-no-makefile.dir'
tardir=remake-subdir-no-makefile-1.0 && ${TAR-tar} chof - "$tardir" | eval GZIP= gzip --best -c >remake-subdir-no-makefile-1.0.tar.gz
make[1]: Leaving directory '/sources/automake-1.16.1/t/remake-subdir-no-makefile.dir'
if test -d "remake-subdir-no-makefile-1.0"; then find "remake-subdir-no-makefile-1.0" -type d ! -perm -200 -exec chmod u+w {} ';' && rm -rf "remake-subdir-no-makefile-1.0" || { sleep 5 && rm -rf "remake-subdir-no-makefile-1.0"; }; else :; fi
case 'remake-subdir-no-makefile-1.0.tar.gz' in \
*.tar.gz*) \
  eval GZIP= gzip --best -dc remake-subdir-no-makefile-1.0.tar.gz | ${TAR-tar} xf - ;;\
*.tar.bz2*) \
  bzip2 -dc remake-subdir-no-makefile-1.0.tar.bz2 | ${TAR-tar} xf - ;;\
*.tar.lz*) \
  lzip -dc remake-subdir-no-makefile-1.0.tar.lz | ${TAR-tar} xf - ;;\
*.tar.xz*) \
  xz -dc remake-subdir-no-makefile-1.0.tar.xz | ${TAR-tar} xf - ;;\
*.tar.Z*) \
  uncompress -c remake-subdir-no-makefile-1.0.tar.Z | ${TAR-tar} xf - ;;\
*.shar.gz*) \
  eval GZIP= gzip --best -dc remake-subdir-no-makefile-1.0.shar.gz | unshar ;;\
*.zip*) \
  unzip remake-subdir-no-makefile-1.0.zip ;;\
esac
chmod -R a-w remake-subdir-no-makefile-1.0
chmod u+w remake-subdir-no-makefile-1.0
mkdir remake-subdir-no-makefile-1.0/_build remake-subdir-no-makefile-1.0/_build/sub remake-subdir-no-makefile-1.0/_inst
chmod a-w remake-subdir-no-makefile-1.0
test -d remake-subdir-no-makefile-1.0/_build || exit 0; \
dc_install_base=`CDPATH="${ZSH_VERSION+.}:" && cd remake-subdir-no-makefile-1.0/_inst && pwd | sed -e 's,^[^:\\/]:[\\/],/,'` \
  && dc_destdir="${TMPDIR-/tmp}/am-dc-$$/" \
  && am__cwd=`pwd` \
  && CDPATH="${ZSH_VERSION+.}:" && cd remake-subdir-no-makefile-1.0/_build/sub \
  && ../../configure \
     \
     \
    --srcdir=../.. --prefix="$dc_install_base" \
  && make  \
  && make  dvi \
  && make  check \
  && make  install \
  && make  installcheck \
  && make  uninstall \
  && make  distuninstallcheck_dir="$dc_install_base" \
        distuninstallcheck \
  && chmod -R a-w "$dc_install_base" \
  && ({ \
       (cd ../.. && umask 077 && mkdir "$dc_destdir") \
       && make  DESTDIR="$dc_destdir" install \
       && make  DESTDIR="$dc_destdir" uninstall \
       && make  DESTDIR="$dc_destdir" \
            distuninstallcheck_dir="$dc_destdir" distuninstallcheck; \
      } || { rm -rf "$dc_destdir"; exit 1; }) \
  && rm -rf "$dc_destdir" \
  && make  dist \
  && rm -rf remake-subdir-no-makefile-1.0.tar.gz \
  && make  distcleancheck \
  && cd "$am__cwd" \
  || exit 1
checking for a BSD-compatible install... /usr/bin/install -c
checking whether build environment is sane... yes
checking for a thread-safe mkdir -p... /tools/bin/mkdir -p
checking for gawk... gawk
checking whether make sets $(MAKE)... yes
checking whether make supports nested variables... yes
checking that generated files are newer than configure... done
configure: creating ./config.status
config.status: creating Makefile
config.status: creating sub/foo
make[1]: Entering directory '/sources/automake-1.16.1/t/remake-subdir-no-makefile.dir/remake-subdir-no-makefile-1.0/_build/sub'
make[1]: Nothing to be done for 'all'.
make[1]: Leaving directory '/sources/automake-1.16.1/t/remake-subdir-no-makefile.dir/remake-subdir-no-makefile-1.0/_build/sub'
make[1]: Entering directory '/sources/automake-1.16.1/t/remake-subdir-no-makefile.dir/remake-subdir-no-makefile-1.0/_build/sub'
make[1]: Nothing to be done for 'dvi'.
make[1]: Leaving directory '/sources/automake-1.16.1/t/remake-subdir-no-makefile.dir/remake-subdir-no-makefile-1.0/_build/sub'
make[1]: Entering directory '/sources/automake-1.16.1/t/remake-subdir-no-makefile.dir/remake-subdir-no-makefile-1.0/_build/sub'
make  check-local
make[2]: Entering directory '/sources/automake-1.16.1/t/remake-subdir-no-makefile.dir/remake-subdir-no-makefile-1.0/_build/sub'
grep '%GrepMe%' sub/foo
%GrepMe%
make[2]: Leaving directory '/sources/automake-1.16.1/t/remake-subdir-no-makefile.dir/remake-subdir-no-makefile-1.0/_build/sub'
make[1]: Leaving directory '/sources/automake-1.16.1/t/remake-subdir-no-makefile.dir/remake-subdir-no-makefile-1.0/_build/sub'
make[1]: Entering directory '/sources/automake-1.16.1/t/remake-subdir-no-makefile.dir/remake-subdir-no-makefile-1.0/_build/sub'
make[2]: Entering directory '/sources/automake-1.16.1/t/remake-subdir-no-makefile.dir/remake-subdir-no-makefile-1.0/_build/sub'
make[2]: Nothing to be done for 'install-exec-am'.
make[2]: Nothing to be done for 'install-data-am'.
make[2]: Leaving directory '/sources/automake-1.16.1/t/remake-subdir-no-makefile.dir/remake-subdir-no-makefile-1.0/_build/sub'
make[1]: Leaving directory '/sources/automake-1.16.1/t/remake-subdir-no-makefile.dir/remake-subdir-no-makefile-1.0/_build/sub'
make[1]: Entering directory '/sources/automake-1.16.1/t/remake-subdir-no-makefile.dir/remake-subdir-no-makefile-1.0/_build/sub'
make[1]: Nothing to be done for 'installcheck'.
make[1]: Leaving directory '/sources/automake-1.16.1/t/remake-subdir-no-makefile.dir/remake-subdir-no-makefile-1.0/_build/sub'
make[1]: Entering directory '/sources/automake-1.16.1/t/remake-subdir-no-makefile.dir/remake-subdir-no-makefile-1.0/_build/sub'
make[1]: Nothing to be done for 'uninstall'.
make[1]: Leaving directory '/sources/automake-1.16.1/t/remake-subdir-no-makefile.dir/remake-subdir-no-makefile-1.0/_build/sub'
make[1]: Entering directory '/sources/automake-1.16.1/t/remake-subdir-no-makefile.dir/remake-subdir-no-makefile-1.0/_build/sub'
make[1]: Leaving directory '/sources/automake-1.16.1/t/remake-subdir-no-makefile.dir/remake-subdir-no-makefile-1.0/_build/sub'
make[1]: Entering directory '/sources/automake-1.16.1/t/remake-subdir-no-makefile.dir/remake-subdir-no-makefile-1.0/_build/sub'
make[2]: Entering directory '/sources/automake-1.16.1/t/remake-subdir-no-makefile.dir/remake-subdir-no-makefile-1.0/_build/sub'
make[2]: Nothing to be done for 'install-exec-am'.
make[2]: Nothing to be done for 'install-data-am'.
make[2]: Leaving directory '/sources/automake-1.16.1/t/remake-subdir-no-makefile.dir/remake-subdir-no-makefile-1.0/_build/sub'
make[1]: Leaving directory '/sources/automake-1.16.1/t/remake-subdir-no-makefile.dir/remake-subdir-no-makefile-1.0/_build/sub'
make[1]: Entering directory '/sources/automake-1.16.1/t/remake-subdir-no-makefile.dir/remake-subdir-no-makefile-1.0/_build/sub'
make[1]: Nothing to be done for 'uninstall'.
make[1]: Leaving directory '/sources/automake-1.16.1/t/remake-subdir-no-makefile.dir/remake-subdir-no-makefile-1.0/_build/sub'
make[1]: Entering directory '/sources/automake-1.16.1/t/remake-subdir-no-makefile.dir/remake-subdir-no-makefile-1.0/_build/sub'
make[1]: Leaving directory '/sources/automake-1.16.1/t/remake-subdir-no-makefile.dir/remake-subdir-no-makefile-1.0/_build/sub'
make[1]: Entering directory '/sources/automake-1.16.1/t/remake-subdir-no-makefile.dir/remake-subdir-no-makefile-1.0/_build/sub'
make  dist-gzip am__post_remove_distdir='@:'
make[2]: Entering directory '/sources/automake-1.16.1/t/remake-subdir-no-makefile.dir/remake-subdir-no-makefile-1.0/_build/sub'
make  distdir-am
make[3]: Entering directory '/sources/automake-1.16.1/t/remake-subdir-no-makefile.dir/remake-subdir-no-makefile-1.0/_build/sub'
if test -d "remake-subdir-no-makefile-1.0"; then find "remake-subdir-no-makefile-1.0" -type d ! -perm -200 -exec chmod u+w {} ';' && rm -rf "remake-subdir-no-makefile-1.0" || { sleep 5 && rm -rf "remake-subdir-no-makefile-1.0"; }; else :; fi
test -d "remake-subdir-no-makefile-1.0" || mkdir "remake-subdir-no-makefile-1.0"
test -n "" \
|| find "remake-subdir-no-makefile-1.0" -type d ! -perm -755 \
	-exec chmod u+rwx,go+rx {} \; -o \
  ! -type d ! -perm -444 -links 1 -exec chmod a+r {} \; -o \
  ! -type d ! -perm -400 -exec chmod a+r {} \; -o \
  ! -type d ! -perm -444 -exec /bin/sh /sources/automake-1.16.1/t/remake-subdir-no-makefile.dir/remake-subdir-no-makefile-1.0/install-sh -c -m a+r {} {} \; \
|| chmod -R a+r "remake-subdir-no-makefile-1.0"
make[3]: Leaving directory '/sources/automake-1.16.1/t/remake-subdir-no-makefile.dir/remake-subdir-no-makefile-1.0/_build/sub'
tardir=remake-subdir-no-makefile-1.0 && ${TAR-tar} chof - "$tardir" | eval GZIP= gzip --best -c >remake-subdir-no-makefile-1.0.tar.gz
make[2]: Leaving directory '/sources/automake-1.16.1/t/remake-subdir-no-makefile.dir/remake-subdir-no-makefile-1.0/_build/sub'
if test -d "remake-subdir-no-makefile-1.0"; then find "remake-subdir-no-makefile-1.0" -type d ! -perm -200 -exec chmod u+w {} ';' && rm -rf "remake-subdir-no-makefile-1.0" || { sleep 5 && rm -rf "remake-subdir-no-makefile-1.0"; }; else :; fi
make[1]: Leaving directory '/sources/automake-1.16.1/t/remake-subdir-no-makefile.dir/remake-subdir-no-makefile-1.0/_build/sub'
make[1]: Entering directory '/sources/automake-1.16.1/t/remake-subdir-no-makefile.dir/remake-subdir-no-makefile-1.0/_build/sub'
test -z "sub/foo" || rm -f sub/foo
test . = "../.." || test -z "" || rm -f 
rm -f config.status config.cache config.log configure.lineno config.status.lineno
rm -f Makefile
make[1]: Leaving directory '/sources/automake-1.16.1/t/remake-subdir-no-makefile.dir/remake-subdir-no-makefile-1.0/_build/sub'
if test -d "remake-subdir-no-makefile-1.0"; then find "remake-subdir-no-makefile-1.0" -type d ! -perm -200 -exec chmod u+w {} ';' && rm -rf "remake-subdir-no-makefile-1.0" || { sleep 5 && rm -rf "remake-subdir-no-makefile-1.0"; }; else :; fi
===============================================================
remake-subdir-no-makefile-1.0 archives ready for distribution: 
remake-subdir-no-makefile-1.0.tar.gz
===============================================================
+ :
+ am_exit_trap 0
+ exit_status=0
+ set +e
+ cd /sources/automake-1.16.1
+ test none = tap
+ case $am_explicit_skips in
+ test 0 -eq 0
+ am_keeping_testdirs
+ case $keep_testdirs in
+ return 1
+ rm_rf_ t/remake-subdir-no-makefile.dir
+ test 1 -gt 0
+ /usr/bin/perl /sources/automake-1.16.1/t/ax/deltree.pl t/remake-subdir-no-makefile.dir
+ set +x
PASS t/remake-subdir-no-makefile.sh (exit status: 0)
