repeated-options: running bzip2 --help
bzip2, a block-sorting file compressor.  Version 1.0.6, 6-Sept-2010.

   usage: bzip2 [flags and input files in any order]

   -h --help           print this message
   -d --decompress     force decompression
   -z --compress       force compression
   -k --keep           keep (don't delete) input files
   -f --force          overwrite existing output files
   -t --test           test compressed file integrity
   -c --stdout         output to standard out
   -q --quiet          suppress noncritical error messages
   -v --verbose        be verbose (a 2nd -v gives more)
   -L --license        display software version & license
   -V --version        display software version & license
   -s --small          use less memory (at most 2500k)
   -1 .. -9            set block size to 100k .. 900k
   --fast              alias for -1
   --best              alias for -9

   If invoked as `bzip2', default action is to compress.
              as `bunzip2',  default action is to decompress.
              as `bzcat', default action is to decompress to stdout.

   If no file names are given, bzip2 compresses or decompresses
   from standard input to standard output.  You can combine
   short flags, so `-v -4' means the same as -v4 or -4v, &c.

Running from installcheck: no
Test Protocol: none
PATH = /sources/automake-1.16.1/bin:/sources/automake-1.16.1/t/ax:/bin:/usr/bin:/sbin:/usr/sbin:/tools/bin
++ pwd
/sources/automake-1.16.1/t/repeated-options.dir
+ cat
+ cat
+ mkdir sub
+ cat
+ chmod a+x foo.test
+ cat
+ cp /sources/automake-1.16.1/lib/test-driver .
+ aclocal-1.16 -Werror
+ automake-1.16 --foreign -Werror -Wall --foreign --foreign -Wall
+ test -s stderr
+ rm -f stderr
+ autoconf
+ ./configure
checking for a BSD-compatible install... /usr/bin/install -c
checking whether build environment is sane... yes
checking for a thread-safe mkdir -p... /tools/bin/mkdir -p
checking for gawk... gawk
checking whether make sets $(MAKE)... yes
checking whether make supports nested variables... yes
checking for gcc... cc
checking whether the C compiler works... yes
checking for C compiler default output file name... a.out
checking for suffix of executables... 
checking whether we are cross compiling... no
checking for suffix of object files... o
checking whether we are using the GNU C compiler... yes
checking whether cc accepts -g... yes
checking for cc option to accept ISO C89... none needed
checking whether cc understands -c and -o together... yes
checking whether make supports the include directive... yes (GNU style)
checking dependency style of cc... gcc3
checking that generated files are newer than configure... done
configure: creating ./config.status
config.status: creating Makefile
config.status: executing depfiles commands
+ make
depbase=`echo sub/foo.o | sed 's|[^/]*$|.deps/&|;s|\.o$||'`;\
cc -DPACKAGE_NAME=\"repeated-options\" -DPACKAGE_TARNAME=\"repeated-options\" -DPACKAGE_VERSION=\"1.0\" -DPACKAGE_STRING=\"repeated-options\ 1.0\" -DPACKAGE_BUGREPORT=\"\" -DPACKAGE_URL=\"\" -DPACKAGE=\"repeated-options\" -DVERSION=\"1.0\" -I.     -g -O2 -MT sub/foo.o -MD -MP -MF $depbase.Tpo -c -o sub/foo.o sub/foo.c &&\
mv -f $depbase.Tpo $depbase.Po
cc  -g -O2   -o sub/foo sub/foo.o  
+ make test-build
ls -l . sub
.:
total 392
-rw-r--r-- 1 root root  37739 Nov 27 06:48 Makefile
-rw-r--r-- 1 root root    308 Nov 27 06:48 Makefile.am
-rw-r--r-- 1 root root  37675 Nov 27 06:48 Makefile.in
-rw-r--r-- 1 root root  41888 Nov 27 06:48 aclocal.m4
drwxr-xr-x 2 root root   4096 Nov 27 06:48 autom4te.cache
-rwxr-xr-x 1 root root   7383 Nov 27 06:48 compile
-rw-r--r-- 1 root root   8798 Nov 27 06:48 config.log
-rwxr-xr-x 1 root root  29248 Nov 27 06:48 config.status
-rwxr-xr-x 1 root root 141190 Nov 27 06:48 configure
-rw-r--r-- 1 root root    160 Nov 27 06:48 configure.ac
-rwxr-xr-x 1 root root  23568 Nov 27 06:48 depcomp
-rwxr-xr-x 1 root root     59 Nov 27 06:48 foo.test
-rwxr-xr-x 1 root root  15368 Nov 27 06:48 install-sh
-rwxr-xr-x 1 root root   6878 Nov 27 06:48 missing
drwxr-xr-x 3 root root   4096 Nov 27 06:48 sub
-rwxr-xr-x 1 root root   4642 Nov 27 06:48 test-driver

sub:
total 32
-rwxr-xr-x 1 root root 20496 Nov 27 06:48 foo
-rw-r--r-- 1 root root    32 Nov 27 06:48 foo.c
-rw-r--r-- 1 root root  2864 Nov 27 06:48 foo.o
test -f sub/foo.o
test -f sub/foo
+ make check
make  check-TESTS
make[1]: Entering directory '/sources/automake-1.16.1/t/repeated-options.dir'
make[2]: Entering directory '/sources/automake-1.16.1/t/repeated-options.dir'
PASS: foo.test
============================================================================
Testsuite summary for repeated-options 1.0
============================================================================
# TOTAL: 1
# PASS:  1
# SKIP:  0
# XFAIL: 0
# FAIL:  0
# XPASS: 0
# ERROR: 0
============================================================================
make[2]: Leaving directory '/sources/automake-1.16.1/t/repeated-options.dir'
make[1]: Leaving directory '/sources/automake-1.16.1/t/repeated-options.dir'
+ ls -l
total 404
-rw-r--r-- 1 root root  37739 Nov 27 06:48 Makefile
-rw-r--r-- 1 root root    308 Nov 27 06:48 Makefile.am
-rw-r--r-- 1 root root  37675 Nov 27 06:48 Makefile.in
-rw-r--r-- 1 root root  41888 Nov 27 06:48 aclocal.m4
drwxr-xr-x 2 root root   4096 Nov 27 06:48 autom4te.cache
-rwxr-xr-x 1 root root   7383 Nov 27 06:48 compile
-rw-r--r-- 1 root root   8798 Nov 27 06:48 config.log
-rwxr-xr-x 1 root root  29248 Nov 27 06:48 config.status
-rwxr-xr-x 1 root root 141190 Nov 27 06:48 configure
-rw-r--r-- 1 root root    160 Nov 27 06:48 configure.ac
-rwxr-xr-x 1 root root  23568 Nov 27 06:48 depcomp
-rw-r--r-- 1 root root     31 Nov 27 06:48 foo.log
-rwxr-xr-x 1 root root     59 Nov 27 06:48 foo.test
-rw-r--r-- 1 root root     82 Nov 27 06:48 foo.trs
-rwxr-xr-x 1 root root  15368 Nov 27 06:48 install-sh
-rwxr-xr-x 1 root root   6878 Nov 27 06:48 missing
drwxr-xr-x 3 root root   4096 Nov 27 06:48 sub
-rwxr-xr-x 1 root root   4642 Nov 27 06:48 test-driver
-rw-r--r-- 1 root root    236 Nov 27 06:48 test-suite.log
+ test -f foo.log
+ test -f test-suite.log
+ make clean
test -z "sub/foo" || rm -f sub/foo
rm -f *.o
rm -f sub/*.o
test -z "foo.log" || rm -f foo.log
test -z "foo.trs" || rm -f foo.trs
test -z "test-suite.log" || rm -f test-suite.log
+ make distcheck
make  dist-bzip2 am__post_remove_distdir='@:'
make[1]: Entering directory '/sources/automake-1.16.1/t/repeated-options.dir'
make  distdir-am
make[2]: Entering directory '/sources/automake-1.16.1/t/repeated-options.dir'
if test -d "repeated-options-1.0"; then find "repeated-options-1.0" -type d ! -perm -200 -exec chmod u+w {} ';' && rm -rf "repeated-options-1.0" || { sleep 5 && rm -rf "repeated-options-1.0"; }; else :; fi
test -d "repeated-options-1.0" || mkdir "repeated-options-1.0"
test -n "" \
|| find "repeated-options-1.0" -type d ! -perm -755 \
	-exec chmod u+rwx,go+rx {} \; -o \
  ! -type d ! -perm -444 -links 1 -exec chmod a+r {} \; -o \
  ! -type d ! -perm -400 -exec chmod a+r {} \; -o \
  ! -type d ! -perm -444 -exec /bin/sh /sources/automake-1.16.1/t/repeated-options.dir/install-sh -c -m a+r {} {} \; \
|| chmod -R a+r "repeated-options-1.0"
make[2]: Leaving directory '/sources/automake-1.16.1/t/repeated-options.dir'
tardir=repeated-options-1.0 && ${TAR-tar} chof - "$tardir" | BZIP2=${BZIP2--9} bzip2 -c >repeated-options-1.0.tar.bz2
make[1]: Leaving directory '/sources/automake-1.16.1/t/repeated-options.dir'
if test -d "repeated-options-1.0"; then find "repeated-options-1.0" -type d ! -perm -200 -exec chmod u+w {} ';' && rm -rf "repeated-options-1.0" || { sleep 5 && rm -rf "repeated-options-1.0"; }; else :; fi
case 'repeated-options-1.0.tar.bz2' in \
*.tar.gz*) \
  eval GZIP= gzip --best -dc repeated-options-1.0.tar.gz | ${TAR-tar} xf - ;;\
*.tar.bz2*) \
  bzip2 -dc repeated-options-1.0.tar.bz2 | ${TAR-tar} xf - ;;\
*.tar.lz*) \
  lzip -dc repeated-options-1.0.tar.lz | ${TAR-tar} xf - ;;\
*.tar.xz*) \
  xz -dc repeated-options-1.0.tar.xz | ${TAR-tar} xf - ;;\
*.tar.Z*) \
  uncompress -c repeated-options-1.0.tar.Z | ${TAR-tar} xf - ;;\
*.shar.gz*) \
  eval GZIP= gzip --best -dc repeated-options-1.0.shar.gz | unshar ;;\
*.zip*) \
  unzip repeated-options-1.0.zip ;;\
esac
chmod -R a-w repeated-options-1.0
chmod u+w repeated-options-1.0
mkdir repeated-options-1.0/_build repeated-options-1.0/_build/sub repeated-options-1.0/_inst
chmod a-w repeated-options-1.0
test -d repeated-options-1.0/_build || exit 0; \
dc_install_base=`CDPATH="${ZSH_VERSION+.}:" && cd repeated-options-1.0/_inst && pwd | sed -e 's,^[^:\\/]:[\\/],/,'` \
  && dc_destdir="${TMPDIR-/tmp}/am-dc-$$/" \
  && am__cwd=`pwd` \
  && CDPATH="${ZSH_VERSION+.}:" && cd repeated-options-1.0/_build/sub \
  && ../../configure \
     \
     \
    --srcdir=../.. --prefix="$dc_install_base" \
  && make  \
  && make  dvi \
  && make  check \
  && make  install \
  && make  installcheck \
  && make  uninstall \
  && make  distuninstallcheck_dir="$dc_install_base" \
        distuninstallcheck \
  && chmod -R a-w "$dc_install_base" \
  && ({ \
       (cd ../.. && umask 077 && mkdir "$dc_destdir") \
       && make  DESTDIR="$dc_destdir" install \
       && make  DESTDIR="$dc_destdir" uninstall \
       && make  DESTDIR="$dc_destdir" \
            distuninstallcheck_dir="$dc_destdir" distuninstallcheck; \
      } || { rm -rf "$dc_destdir"; exit 1; }) \
  && rm -rf "$dc_destdir" \
  && make  dist \
  && rm -rf repeated-options-1.0.tar.bz2 \
  && make  distcleancheck \
  && cd "$am__cwd" \
  || exit 1
checking for a BSD-compatible install... /usr/bin/install -c
checking whether build environment is sane... yes
checking for a thread-safe mkdir -p... /tools/bin/mkdir -p
checking for gawk... gawk
checking whether make sets $(MAKE)... yes
checking whether make supports nested variables... yes
checking for gcc... cc
checking whether the C compiler works... yes
checking for C compiler default output file name... a.out
checking for suffix of executables... 
checking whether we are cross compiling... no
checking for suffix of object files... o
checking whether we are using the GNU C compiler... yes
checking whether cc accepts -g... yes
checking for cc option to accept ISO C89... none needed
checking whether cc understands -c and -o together... yes
checking whether make supports the include directive... yes (GNU style)
checking dependency style of cc... gcc3
checking that generated files are newer than configure... done
configure: creating ./config.status
config.status: creating Makefile
config.status: executing depfiles commands
make[1]: Entering directory '/sources/automake-1.16.1/t/repeated-options.dir/repeated-options-1.0/_build/sub'
depbase=`echo sub/foo.o | sed 's|[^/]*$|.deps/&|;s|\.o$||'`;\
cc -DPACKAGE_NAME=\"repeated-options\" -DPACKAGE_TARNAME=\"repeated-options\" -DPACKAGE_VERSION=\"1.0\" -DPACKAGE_STRING=\"repeated-options\ 1.0\" -DPACKAGE_BUGREPORT=\"\" -DPACKAGE_URL=\"\" -DPACKAGE=\"repeated-options\" -DVERSION=\"1.0\" -I. -I../..     -g -O2 -MT sub/foo.o -MD -MP -MF $depbase.Tpo -c -o sub/foo.o ../../sub/foo.c &&\
mv -f $depbase.Tpo $depbase.Po
cc  -g -O2   -o sub/foo sub/foo.o  
make[1]: Leaving directory '/sources/automake-1.16.1/t/repeated-options.dir/repeated-options-1.0/_build/sub'
make[1]: Entering directory '/sources/automake-1.16.1/t/repeated-options.dir/repeated-options-1.0/_build/sub'
make[1]: Nothing to be done for 'dvi'.
make[1]: Leaving directory '/sources/automake-1.16.1/t/repeated-options.dir/repeated-options-1.0/_build/sub'
make[1]: Entering directory '/sources/automake-1.16.1/t/repeated-options.dir/repeated-options-1.0/_build/sub'
make  check-TESTS
make[2]: Entering directory '/sources/automake-1.16.1/t/repeated-options.dir/repeated-options-1.0/_build/sub'
make[3]: Entering directory '/sources/automake-1.16.1/t/repeated-options.dir/repeated-options-1.0/_build/sub'
PASS: foo.test
============================================================================
Testsuite summary for repeated-options 1.0
============================================================================
# TOTAL: 1
# PASS:  1
# SKIP:  0
# XFAIL: 0
# FAIL:  0
# XPASS: 0
# ERROR: 0
============================================================================
make[3]: Leaving directory '/sources/automake-1.16.1/t/repeated-options.dir/repeated-options-1.0/_build/sub'
make[2]: Leaving directory '/sources/automake-1.16.1/t/repeated-options.dir/repeated-options-1.0/_build/sub'
make[1]: Leaving directory '/sources/automake-1.16.1/t/repeated-options.dir/repeated-options-1.0/_build/sub'
make[1]: Entering directory '/sources/automake-1.16.1/t/repeated-options.dir/repeated-options-1.0/_build/sub'
make[2]: Entering directory '/sources/automake-1.16.1/t/repeated-options.dir/repeated-options-1.0/_build/sub'
 /tools/bin/mkdir -p '/sources/automake-1.16.1/t/repeated-options.dir/repeated-options-1.0/_inst/bin'
  /usr/bin/install -c sub/foo '/sources/automake-1.16.1/t/repeated-options.dir/repeated-options-1.0/_inst/bin'
make[2]: Nothing to be done for 'install-data-am'.
make[2]: Leaving directory '/sources/automake-1.16.1/t/repeated-options.dir/repeated-options-1.0/_build/sub'
make[1]: Leaving directory '/sources/automake-1.16.1/t/repeated-options.dir/repeated-options-1.0/_build/sub'
make[1]: Entering directory '/sources/automake-1.16.1/t/repeated-options.dir/repeated-options-1.0/_build/sub'
make[1]: Nothing to be done for 'installcheck'.
make[1]: Leaving directory '/sources/automake-1.16.1/t/repeated-options.dir/repeated-options-1.0/_build/sub'
make[1]: Entering directory '/sources/automake-1.16.1/t/repeated-options.dir/repeated-options-1.0/_build/sub'
 ( cd '/sources/automake-1.16.1/t/repeated-options.dir/repeated-options-1.0/_inst/bin' && rm -f foo )
make[1]: Leaving directory '/sources/automake-1.16.1/t/repeated-options.dir/repeated-options-1.0/_build/sub'
make[1]: Entering directory '/sources/automake-1.16.1/t/repeated-options.dir/repeated-options-1.0/_build/sub'
make[1]: Leaving directory '/sources/automake-1.16.1/t/repeated-options.dir/repeated-options-1.0/_build/sub'
make[1]: Entering directory '/sources/automake-1.16.1/t/repeated-options.dir/repeated-options-1.0/_build/sub'
make[2]: Entering directory '/sources/automake-1.16.1/t/repeated-options.dir/repeated-options-1.0/_build/sub'
 /tools/bin/mkdir -p '/tmp/am-dc-18435//sources/automake-1.16.1/t/repeated-options.dir/repeated-options-1.0/_inst/bin'
  /usr/bin/install -c sub/foo '/tmp/am-dc-18435//sources/automake-1.16.1/t/repeated-options.dir/repeated-options-1.0/_inst/bin'
make[2]: Nothing to be done for 'install-data-am'.
make[2]: Leaving directory '/sources/automake-1.16.1/t/repeated-options.dir/repeated-options-1.0/_build/sub'
make[1]: Leaving directory '/sources/automake-1.16.1/t/repeated-options.dir/repeated-options-1.0/_build/sub'
make[1]: Entering directory '/sources/automake-1.16.1/t/repeated-options.dir/repeated-options-1.0/_build/sub'
 ( cd '/tmp/am-dc-18435//sources/automake-1.16.1/t/repeated-options.dir/repeated-options-1.0/_inst/bin' && rm -f foo )
make[1]: Leaving directory '/sources/automake-1.16.1/t/repeated-options.dir/repeated-options-1.0/_build/sub'
make[1]: Entering directory '/sources/automake-1.16.1/t/repeated-options.dir/repeated-options-1.0/_build/sub'
make[1]: Leaving directory '/sources/automake-1.16.1/t/repeated-options.dir/repeated-options-1.0/_build/sub'
make[1]: Entering directory '/sources/automake-1.16.1/t/repeated-options.dir/repeated-options-1.0/_build/sub'
make  dist-bzip2 am__post_remove_distdir='@:'
make[2]: Entering directory '/sources/automake-1.16.1/t/repeated-options.dir/repeated-options-1.0/_build/sub'
make  distdir-am
make[3]: Entering directory '/sources/automake-1.16.1/t/repeated-options.dir/repeated-options-1.0/_build/sub'
if test -d "repeated-options-1.0"; then find "repeated-options-1.0" -type d ! -perm -200 -exec chmod u+w {} ';' && rm -rf "repeated-options-1.0" || { sleep 5 && rm -rf "repeated-options-1.0"; }; else :; fi
test -d "repeated-options-1.0" || mkdir "repeated-options-1.0"
test -n "" \
|| find "repeated-options-1.0" -type d ! -perm -755 \
	-exec chmod u+rwx,go+rx {} \; -o \
  ! -type d ! -perm -444 -links 1 -exec chmod a+r {} \; -o \
  ! -type d ! -perm -400 -exec chmod a+r {} \; -o \
  ! -type d ! -perm -444 -exec /bin/sh /sources/automake-1.16.1/t/repeated-options.dir/repeated-options-1.0/install-sh -c -m a+r {} {} \; \
|| chmod -R a+r "repeated-options-1.0"
make[3]: Leaving directory '/sources/automake-1.16.1/t/repeated-options.dir/repeated-options-1.0/_build/sub'
tardir=repeated-options-1.0 && ${TAR-tar} chof - "$tardir" | BZIP2=${BZIP2--9} bzip2 -c >repeated-options-1.0.tar.bz2
make[2]: Leaving directory '/sources/automake-1.16.1/t/repeated-options.dir/repeated-options-1.0/_build/sub'
if test -d "repeated-options-1.0"; then find "repeated-options-1.0" -type d ! -perm -200 -exec chmod u+w {} ';' && rm -rf "repeated-options-1.0" || { sleep 5 && rm -rf "repeated-options-1.0"; }; else :; fi
make[1]: Leaving directory '/sources/automake-1.16.1/t/repeated-options.dir/repeated-options-1.0/_build/sub'
make[1]: Entering directory '/sources/automake-1.16.1/t/repeated-options.dir/repeated-options-1.0/_build/sub'
test -z "sub/foo" || rm -f sub/foo
rm -f *.o
rm -f sub/*.o
test -z "foo.log" || rm -f foo.log
test -z "foo.trs" || rm -f foo.trs
test -z "test-suite.log" || rm -f test-suite.log
rm -f *.tab.c
test -z "" || rm -f 
test . = "../.." || test -z "" || rm -f 
rm -f sub/.deps/.dirstamp
rm -f sub/.dirstamp
rm -f TAGS ID GTAGS GRTAGS GSYMS GPATH tags
rm -f cscope.out cscope.in.out cscope.po.out cscope.files
rm -f config.status config.cache config.log configure.lineno config.status.lineno
rm -f sub/.deps/foo.Po
rm -f Makefile
make[1]: Leaving directory '/sources/automake-1.16.1/t/repeated-options.dir/repeated-options-1.0/_build/sub'
if test -d "repeated-options-1.0"; then find "repeated-options-1.0" -type d ! -perm -200 -exec chmod u+w {} ';' && rm -rf "repeated-options-1.0" || { sleep 5 && rm -rf "repeated-options-1.0"; }; else :; fi
======================================================
repeated-options-1.0 archives ready for distribution: 
repeated-options-1.0.tar.bz2
======================================================
+ ls -l
total 460
-rw-r--r-- 1 root root  37739 Nov 27 06:48 Makefile
-rw-r--r-- 1 root root    308 Nov 27 06:48 Makefile.am
-rw-r--r-- 1 root root  37675 Nov 27 06:48 Makefile.in
-rw-r--r-- 1 root root  41888 Nov 27 06:48 aclocal.m4
drwxr-xr-x 2 root root   4096 Nov 27 06:48 autom4te.cache
-rwxr-xr-x 1 root root   7383 Nov 27 06:48 compile
-rw-r--r-- 1 root root   8798 Nov 27 06:48 config.log
-rwxr-xr-x 1 root root  29248 Nov 27 06:48 config.status
-rwxr-xr-x 1 root root 141190 Nov 27 06:48 configure
-rw-r--r-- 1 root root    160 Nov 27 06:48 configure.ac
-rwxr-xr-x 1 root root  23568 Nov 27 06:48 depcomp
-rwxr-xr-x 1 root root     59 Nov 27 06:48 foo.test
-rwxr-xr-x 1 root root  15368 Nov 27 06:48 install-sh
-rwxr-xr-x 1 root root   6878 Nov 27 06:48 missing
-rw-r--r-- 1 root root  66574 Nov 27 06:48 repeated-options-1.0.tar.bz2
drwxr-xr-x 3 root root   4096 Nov 27 06:48 sub
-rwxr-xr-x 1 root root   4642 Nov 27 06:48 test-driver
+ test -f repeated-options-1.0.tar.bz2
+ test '!' -e repeated-options-1.0.tar.gz
+ :
+ am_exit_trap 0
+ exit_status=0
+ set +e
+ cd /sources/automake-1.16.1
+ test none = tap
+ case $am_explicit_skips in
+ test 0 -eq 0
+ am_keeping_testdirs
+ case $keep_testdirs in
+ return 1
+ rm_rf_ t/repeated-options.dir
+ test 1 -gt 0
+ /usr/bin/perl /sources/automake-1.16.1/t/ax/deltree.pl t/repeated-options.dir
+ set +x
PASS t/repeated-options.sh (exit status: 0)
