Running from installcheck: no
Test Protocol: none
PATH = /sources/automake-1.16.1/bin:/sources/automake-1.16.1/t/ax:/bin:/usr/bin:/sbin:/usr/sbin:/tools/bin
++ pwd
/sources/automake-1.16.1/t/sanity.dir
+ mkdir 'unsafe$'
+ cd 'unsafe$'
+ mv ../configure.ac .
+ mv ../install-sh ../missing .
+ :
+ aclocal-1.16 -Werror
+ autoconf
+ automake-1.16 --foreign -Werror -Wall
+ ./configure
checking for a BSD-compatible install... /usr/bin/install -c
checking whether build environment is sane... + cat stderr
configure: error: unsafe absolute working directory name
+ grep 'unsafe absolute working directory' stderr
configure: error: unsafe absolute working directory name
+ cd ..
+ mkdir build
+ cd build
+ '../unsafe$/configure'
checking for a BSD-compatible install... /usr/bin/install -c
checking whether build environment is sane... + cat stderr
configure: error: unsafe srcdir value: '../unsafe$'
+ grep 'unsafe srcdir' stderr
configure: error: unsafe srcdir value: '../unsafe$'
+ :
+ am_exit_trap 0
+ exit_status=0
+ set +e
+ cd /sources/automake-1.16.1
+ test none = tap
+ case $am_explicit_skips in
+ test 0 -eq 0
+ am_keeping_testdirs
+ case $keep_testdirs in
+ return 1
+ rm_rf_ t/sanity.dir
+ test 1 -gt 0
+ /usr/bin/perl /sources/automake-1.16.1/t/ax/deltree.pl t/sanity.dir
+ set +x
PASS t/sanity.sh (exit status: 0)
