Running from installcheck: no
Test Protocol: none
PATH = /sources/automake-1.16.1/bin:/sources/automake-1.16.1/t/ax:/bin:/usr/bin:/sbin:/usr/sbin:/tools/bin
++ pwd
/sources/automake-1.16.1/t/self-check-configure-help.dir
+ cat
+ compare_extracted_help --disable-libcap
+ cat
+ extract_configure_help --disable-libcap help
+ am__opt_re=
+ am__var_re=
+ case $1 in
+ am__opt_re='^  --disable-libcap( .*|$)'
+ shift
+ test 'x^  --disable-libcap( .*|$)' '!=' x
+ LC_ALL=C
+ awk '
      /^  --disable-libcap( .*|$)/        { print; do_print = 1; next; }
      /^$/                     { do_print = 0; next }
      /^  --/                  { do_print = 0; next }
      (do_print == 1)          { print }
    ' help
+ cat exp
  --disable-libcap        disable libcap support
+ cat got
  --disable-libcap        disable libcap support
+ diff exp got
+ compare_extracted_help --disable-nls
+ cat
+ extract_configure_help --disable-nls help
+ am__opt_re=
+ am__var_re=
+ case $1 in
+ am__opt_re='^  --disable-nls( .*|$)'
+ shift
+ test 'x^  --disable-nls( .*|$)' '!=' x
+ LC_ALL=C
+ awk '
      /^  --disable-nls( .*|$)/        { print; do_print = 1; next; }
      /^$/                     { do_print = 0; next }
      /^  --/                  { do_print = 0; next }
      (do_print == 1)          { print }
    ' help
+ cat exp
  --disable-nls           do not use Native Language Support
+ cat got
  --disable-nls           do not use Native Language Support
+ diff exp got
+ compare_extracted_help --disable-option-checking
+ cat
+ extract_configure_help --disable-option-checking help
+ am__opt_re=
+ am__var_re=
+ case $1 in
+ am__opt_re='^  --disable-option-checking( .*|$)'
+ shift
+ test 'x^  --disable-option-checking( .*|$)' '!=' x
+ LC_ALL=C
+ awk '
      /^  --disable-option-checking( .*|$)/        { print; do_print = 1; next; }
      /^$/                     { do_print = 0; next }
      /^  --/                  { do_print = 0; next }
      (do_print == 1)          { print }
    ' help
+ cat exp
  --disable-option-checking  ignore unrecognized --enable/--with options
+ cat got
  --disable-option-checking  ignore unrecognized --enable/--with options
+ diff exp got
+ compare_extracted_help --build=
+ cat
+ extract_configure_help --build= help
+ am__opt_re=
+ am__var_re=
+ case $1 in
+ am__opt_re='^  --build='
+ shift
+ test 'x^  --build=' '!=' x
+ LC_ALL=C
+ awk '
      /^  --build=/        { print; do_print = 1; next; }
      /^$/                     { do_print = 0; next }
      /^  --/                  { do_print = 0; next }
      (do_print == 1)          { print }
    ' help
+ cat exp
  --build=BUILD     configure for building on BUILD [guessed]
+ cat got
  --build=BUILD     configure for building on BUILD [guessed]
+ diff exp got
+ compare_extracted_help --host=
+ cat
+ extract_configure_help --host= help
+ am__opt_re=
+ am__var_re=
+ case $1 in
+ am__opt_re='^  --host='
+ shift
+ test 'x^  --host=' '!=' x
+ LC_ALL=C
+ awk '
      /^  --host=/        { print; do_print = 1; next; }
      /^$/                     { do_print = 0; next }
      /^  --/                  { do_print = 0; next }
      (do_print == 1)          { print }
    ' help
+ cat exp
  --host=HOST       cross-compile to build programs to run on HOST [BUILD]
+ cat got
  --host=HOST       cross-compile to build programs to run on HOST [BUILD]
+ diff exp got
+ compare_extracted_help '--with-libintl-prefix[=]'
+ cat
+ extract_configure_help '--with-libintl-prefix[=]' help
+ am__opt_re=
+ am__var_re=
+ case $1 in
++ printf '%s\n' '--with-libintl-prefix[=]'
++ sed 's/...$//'
+ am__opt_re='^  --with-libintl-prefix\[='
+ shift
+ test 'x^  --with-libintl-prefix\[=' '!=' x
+ LC_ALL=C
+ awk '
      /^  --with-libintl-prefix\[=/        { print; do_print = 1; next; }
      /^$/                     { do_print = 0; next }
      /^  --/                  { do_print = 0; next }
      (do_print == 1)          { print }
    ' help
+ cat exp
  --with-libintl-prefix[=DIR]  search for libintl in DIR/include and DIR/lib
+ cat got
  --with-libintl-prefix[=DIR]  search for libintl in DIR/include and DIR/lib
+ diff exp got
+ compare_extracted_help --without-included-regex
+ cat
+ extract_configure_help --without-included-regex help
+ am__opt_re=
+ am__var_re=
+ case $1 in
+ am__opt_re='^  --without-included-regex( .*|$)'
+ shift
+ test 'x^  --without-included-regex( .*|$)' '!=' x
+ LC_ALL=C
+ awk '
      /^  --without-included-regex( .*|$)/        { print; do_print = 1; next; }
      /^$/                     { do_print = 0; next }
      /^  --/                  { do_print = 0; next }
      (do_print == 1)          { print }
    ' help
+ cat exp
  --without-included-regex
                          don't compile regex; this is the default on systems
                          with recent-enough versions of the GNU C Library
                          (use with caution on other systems).
+ cat got
  --without-included-regex
                          don't compile regex; this is the default on systems
                          with recent-enough versions of the GNU C Library
                          (use with caution on other systems).
+ diff exp got
+ compare_extracted_help --enable-threads=
+ cat
+ extract_configure_help --enable-threads= help
+ am__opt_re=
+ am__var_re=
+ case $1 in
+ am__opt_re='^  --enable-threads='
+ shift
+ test 'x^  --enable-threads=' '!=' x
+ LC_ALL=C
+ awk '
      /^  --enable-threads=/        { print; do_print = 1; next; }
      /^$/                     { do_print = 0; next }
      /^  --/                  { do_print = 0; next }
      (do_print == 1)          { print }
    ' help
+ cat exp
  --enable-threads={posix|solaris|pth|win32}
                          specify multithreading API
+ cat got
  --enable-threads={posix|solaris|pth|win32}
                          specify multithreading API
+ diff exp got
+ compare_extracted_help '--with-tty-group[=]'
+ cat
+ extract_configure_help '--with-tty-group[=]' help
+ am__opt_re=
+ am__var_re=
+ case $1 in
++ printf '%s\n' '--with-tty-group[=]'
++ sed 's/...$//'
+ am__opt_re='^  --with-tty-group\[='
+ shift
+ test 'x^  --with-tty-group\[=' '!=' x
+ LC_ALL=C
+ awk '
      /^  --with-tty-group\[=/        { print; do_print = 1; next; }
      /^$/                     { do_print = 0; next }
      /^  --/                  { do_print = 0; next }
      (do_print == 1)          { print }
    ' help
+ cat exp
  --with-tty-group[=NAME]
                          group used by system for TTYs, "tty" when not
                          specified (default: do not rely on any group used
                          for TTYs)
+ cat got
  --with-tty-group[=NAME]
                          group used by system for TTYs, "tty" when not
                          specified (default: do not rely on any group used
                          for TTYs)
+ diff exp got
+ compare_extracted_help --prefix=
+ cat
+ extract_configure_help --prefix= help
+ am__opt_re=
+ am__var_re=
+ case $1 in
+ am__opt_re='^  --prefix='
+ shift
+ test 'x^  --prefix=' '!=' x
+ LC_ALL=C
+ awk '
      /^  --prefix=/        { print; do_print = 1; next; }
      /^$/                     { do_print = 0; next }
      /^  --/                  { do_print = 0; next }
      (do_print == 1)          { print }
    ' help
+ cat exp
  --prefix=PREFIX         install architecture-independent files in PREFIX
                          [/usr/local]
+ cat got
  --prefix=PREFIX         install architecture-independent files in PREFIX
                          [/usr/local]
+ diff exp got
+ compare_extracted_help --exec-prefix=
+ cat
+ extract_configure_help --exec-prefix= help
+ am__opt_re=
+ am__var_re=
+ case $1 in
+ am__opt_re='^  --exec-prefix='
+ shift
+ test 'x^  --exec-prefix=' '!=' x
+ LC_ALL=C
+ awk '
      /^  --exec-prefix=/        { print; do_print = 1; next; }
      /^$/                     { do_print = 0; next }
      /^  --/                  { do_print = 0; next }
      (do_print == 1)          { print }
    ' help
+ cat exp
  --exec-prefix=EPREFIX   install architecture-dependent files in EPREFIX
                          [PREFIX]
+ cat got
  --exec-prefix=EPREFIX   install architecture-dependent files in EPREFIX
                          [PREFIX]
+ diff exp got
+ compare_extracted_help CC
+ cat
+ extract_configure_help CC help
+ am__opt_re=
+ am__var_re=
+ case $1 in
+ am__var_re='^  CC( .*|$)'
+ shift
+ test x '!=' x
+ LC_ALL=C
+ awk '
      /^  CC( .*|$)/        { print; do_print = 1; next; }
      /^$/                     { do_print = 0; next }
      /^  [A-Z][A-Z0-9_]* /    { do_print = 0; next }
      /^  [A-Z][A-Z0-9_]*$/    { do_print = 0; next }
      (do_print == 1)          { print }
    ' help
+ cat exp
  CC          C compiler command
+ cat got
  CC          C compiler command
+ diff exp got
+ compare_extracted_help CPP
+ cat
+ extract_configure_help CPP help
+ am__opt_re=
+ am__var_re=
+ case $1 in
+ am__var_re='^  CPP( .*|$)'
+ shift
+ test x '!=' x
+ LC_ALL=C
+ awk '
      /^  CPP( .*|$)/        { print; do_print = 1; next; }
      /^$/                     { do_print = 0; next }
      /^  [A-Z][A-Z0-9_]* /    { do_print = 0; next }
      /^  [A-Z][A-Z0-9_]*$/    { do_print = 0; next }
      (do_print == 1)          { print }
    ' help
+ cat exp
  CPP         C preprocessor
+ cat got
  CPP         C preprocessor
+ diff exp got
+ compare_extracted_help CPPFLAGS
+ cat
+ extract_configure_help CPPFLAGS help
+ am__opt_re=
+ am__var_re=
+ case $1 in
+ am__var_re='^  CPPFLAGS( .*|$)'
+ shift
+ test x '!=' x
+ LC_ALL=C
+ awk '
      /^  CPPFLAGS( .*|$)/        { print; do_print = 1; next; }
      /^$/                     { do_print = 0; next }
      /^  [A-Z][A-Z0-9_]* /    { do_print = 0; next }
      /^  [A-Z][A-Z0-9_]*$/    { do_print = 0; next }
      (do_print == 1)          { print }
    ' help
+ cat exp
  CPPFLAGS    (Objective) C/C++ preprocessor flags, e.g. -I<include dir> if
              you have headers in a nonstandard directory <include dir>
+ cat got
  CPPFLAGS    (Objective) C/C++ preprocessor flags, e.g. -I<include dir> if
              you have headers in a nonstandard directory <include dir>
+ diff exp got
+ compare_extracted_help YACC
+ cat
+ extract_configure_help YACC help
+ am__opt_re=
+ am__var_re=
+ case $1 in
+ am__var_re='^  YACC( .*|$)'
+ shift
+ test x '!=' x
+ LC_ALL=C
+ awk '
      /^  YACC( .*|$)/        { print; do_print = 1; next; }
      /^$/                     { do_print = 0; next }
      /^  [A-Z][A-Z0-9_]* /    { do_print = 0; next }
      /^  [A-Z][A-Z0-9_]*$/    { do_print = 0; next }
      (do_print == 1)          { print }
    ' help
+ cat exp
  YACC        The "Yet Another C Compiler" implementation to use. Defaults to
              'bison -y'. Values other than 'bison -y' will most likely break
              on most systems.
+ cat got
  YACC        The "Yet Another C Compiler" implementation to use. Defaults to
              'bison -y'. Values other than 'bison -y' will most likely break
              on most systems.
+ diff exp got
+ compare_extracted_help DEFAULT_POSIX2_VERSION
+ cat
+ extract_configure_help DEFAULT_POSIX2_VERSION help
+ am__opt_re=
+ am__var_re=
+ case $1 in
+ am__var_re='^  DEFAULT_POSIX2_VERSION( .*|$)'
+ shift
+ test x '!=' x
+ LC_ALL=C
+ awk '
      /^  DEFAULT_POSIX2_VERSION( .*|$)/        { print; do_print = 1; next; }
      /^$/                     { do_print = 0; next }
      /^  [A-Z][A-Z0-9_]* /    { do_print = 0; next }
      /^  [A-Z][A-Z0-9_]*$/    { do_print = 0; next }
      (do_print == 1)          { print }
    ' help
+ cat exp
  DEFAULT_POSIX2_VERSION
              POSIX version to default to; see 'config.hin'.
+ cat got
  DEFAULT_POSIX2_VERSION
              POSIX version to default to; see 'config.hin'.
+ diff exp got
+ for o in '--nonesuch' '--nonesuch=' '--nonesuch[=]' '--disable-nls=' '--disable-nls[=]' '--without-included-regex=' '--without-included-regex[=]' '--prefix' '--prefix[=]' '--build' '--build[=]' '--with-tty-group' '--with-tty-group=' 'NO_SUCH_VAR' 'NOSUCHVAR'
+ compare_extracted_help --nonesuch
+ cat
+ extract_configure_help --nonesuch help
+ am__opt_re=
+ am__var_re=
+ case $1 in
+ am__opt_re='^  --nonesuch( .*|$)'
+ shift
+ test 'x^  --nonesuch( .*|$)' '!=' x
+ LC_ALL=C
+ awk '
      /^  --nonesuch( .*|$)/        { print; do_print = 1; next; }
      /^$/                     { do_print = 0; next }
      /^  --/                  { do_print = 0; next }
      (do_print == 1)          { print }
    ' help
+ cat exp
+ cat got
+ diff exp got
+ for o in '--nonesuch' '--nonesuch=' '--nonesuch[=]' '--disable-nls=' '--disable-nls[=]' '--without-included-regex=' '--without-included-regex[=]' '--prefix' '--prefix[=]' '--build' '--build[=]' '--with-tty-group' '--with-tty-group=' 'NO_SUCH_VAR' 'NOSUCHVAR'
+ compare_extracted_help --nonesuch=
+ cat
+ extract_configure_help --nonesuch= help
+ am__opt_re=
+ am__var_re=
+ case $1 in
+ am__opt_re='^  --nonesuch='
+ shift
+ test 'x^  --nonesuch=' '!=' x
+ LC_ALL=C
+ awk '
      /^  --nonesuch=/        { print; do_print = 1; next; }
      /^$/                     { do_print = 0; next }
      /^  --/                  { do_print = 0; next }
      (do_print == 1)          { print }
    ' help
+ cat exp
+ cat got
+ diff exp got
+ for o in '--nonesuch' '--nonesuch=' '--nonesuch[=]' '--disable-nls=' '--disable-nls[=]' '--without-included-regex=' '--without-included-regex[=]' '--prefix' '--prefix[=]' '--build' '--build[=]' '--with-tty-group' '--with-tty-group=' 'NO_SUCH_VAR' 'NOSUCHVAR'
+ compare_extracted_help '--nonesuch[=]'
+ cat
+ extract_configure_help '--nonesuch[=]' help
+ am__opt_re=
+ am__var_re=
+ case $1 in
++ printf '%s\n' '--nonesuch[=]'
++ sed 's/...$//'
+ am__opt_re='^  --nonesuch\[='
+ shift
+ test 'x^  --nonesuch\[=' '!=' x
+ LC_ALL=C
+ awk '
      /^  --nonesuch\[=/        { print; do_print = 1; next; }
      /^$/                     { do_print = 0; next }
      /^  --/                  { do_print = 0; next }
      (do_print == 1)          { print }
    ' help
+ cat exp
+ cat got
+ diff exp got
+ for o in '--nonesuch' '--nonesuch=' '--nonesuch[=]' '--disable-nls=' '--disable-nls[=]' '--without-included-regex=' '--without-included-regex[=]' '--prefix' '--prefix[=]' '--build' '--build[=]' '--with-tty-group' '--with-tty-group=' 'NO_SUCH_VAR' 'NOSUCHVAR'
+ compare_extracted_help --disable-nls=
+ cat
+ extract_configure_help --disable-nls= help
+ am__opt_re=
+ am__var_re=
+ case $1 in
+ am__opt_re='^  --disable-nls='
+ shift
+ test 'x^  --disable-nls=' '!=' x
+ LC_ALL=C
+ awk '
      /^  --disable-nls=/        { print; do_print = 1; next; }
      /^$/                     { do_print = 0; next }
      /^  --/                  { do_print = 0; next }
      (do_print == 1)          { print }
    ' help
+ cat exp
+ cat got
+ diff exp got
+ for o in '--nonesuch' '--nonesuch=' '--nonesuch[=]' '--disable-nls=' '--disable-nls[=]' '--without-included-regex=' '--without-included-regex[=]' '--prefix' '--prefix[=]' '--build' '--build[=]' '--with-tty-group' '--with-tty-group=' 'NO_SUCH_VAR' 'NOSUCHVAR'
+ compare_extracted_help '--disable-nls[=]'
+ cat
+ extract_configure_help '--disable-nls[=]' help
+ am__opt_re=
+ am__var_re=
+ case $1 in
++ printf '%s\n' '--disable-nls[=]'
++ sed 's/...$//'
+ am__opt_re='^  --disable-nls\[='
+ shift
+ test 'x^  --disable-nls\[=' '!=' x
+ LC_ALL=C
+ awk '
      /^  --disable-nls\[=/        { print; do_print = 1; next; }
      /^$/                     { do_print = 0; next }
      /^  --/                  { do_print = 0; next }
      (do_print == 1)          { print }
    ' help
+ cat exp
+ cat got
+ diff exp got
+ for o in '--nonesuch' '--nonesuch=' '--nonesuch[=]' '--disable-nls=' '--disable-nls[=]' '--without-included-regex=' '--without-included-regex[=]' '--prefix' '--prefix[=]' '--build' '--build[=]' '--with-tty-group' '--with-tty-group=' 'NO_SUCH_VAR' 'NOSUCHVAR'
+ compare_extracted_help --without-included-regex=
+ cat
+ extract_configure_help --without-included-regex= help
+ am__opt_re=
+ am__var_re=
+ case $1 in
+ am__opt_re='^  --without-included-regex='
+ shift
+ test 'x^  --without-included-regex=' '!=' x
+ LC_ALL=C
+ awk '
      /^  --without-included-regex=/        { print; do_print = 1; next; }
      /^$/                     { do_print = 0; next }
      /^  --/                  { do_print = 0; next }
      (do_print == 1)          { print }
    ' help
+ cat exp
+ cat got
+ diff exp got
+ for o in '--nonesuch' '--nonesuch=' '--nonesuch[=]' '--disable-nls=' '--disable-nls[=]' '--without-included-regex=' '--without-included-regex[=]' '--prefix' '--prefix[=]' '--build' '--build[=]' '--with-tty-group' '--with-tty-group=' 'NO_SUCH_VAR' 'NOSUCHVAR'
+ compare_extracted_help '--without-included-regex[=]'
+ cat
+ extract_configure_help '--without-included-regex[=]' help
+ am__opt_re=
+ am__var_re=
+ case $1 in
++ printf '%s\n' '--without-included-regex[=]'
++ sed 's/...$//'
+ am__opt_re='^  --without-included-regex\[='
+ shift
+ test 'x^  --without-included-regex\[=' '!=' x
+ LC_ALL=C
+ awk '
      /^  --without-included-regex\[=/        { print; do_print = 1; next; }
      /^$/                     { do_print = 0; next }
      /^  --/                  { do_print = 0; next }
      (do_print == 1)          { print }
    ' help
+ cat exp
+ cat got
+ diff exp got
+ for o in '--nonesuch' '--nonesuch=' '--nonesuch[=]' '--disable-nls=' '--disable-nls[=]' '--without-included-regex=' '--without-included-regex[=]' '--prefix' '--prefix[=]' '--build' '--build[=]' '--with-tty-group' '--with-tty-group=' 'NO_SUCH_VAR' 'NOSUCHVAR'
+ compare_extracted_help --prefix
+ cat
+ extract_configure_help --prefix help
+ am__opt_re=
+ am__var_re=
+ case $1 in
+ am__opt_re='^  --prefix( .*|$)'
+ shift
+ test 'x^  --prefix( .*|$)' '!=' x
+ LC_ALL=C
+ awk '
      /^  --prefix( .*|$)/        { print; do_print = 1; next; }
      /^$/                     { do_print = 0; next }
      /^  --/                  { do_print = 0; next }
      (do_print == 1)          { print }
    ' help
+ cat exp
+ cat got
+ diff exp got
+ for o in '--nonesuch' '--nonesuch=' '--nonesuch[=]' '--disable-nls=' '--disable-nls[=]' '--without-included-regex=' '--without-included-regex[=]' '--prefix' '--prefix[=]' '--build' '--build[=]' '--with-tty-group' '--with-tty-group=' 'NO_SUCH_VAR' 'NOSUCHVAR'
+ compare_extracted_help '--prefix[=]'
+ cat
+ extract_configure_help '--prefix[=]' help
+ am__opt_re=
+ am__var_re=
+ case $1 in
++ printf '%s\n' '--prefix[=]'
++ sed 's/...$//'
+ am__opt_re='^  --prefix\[='
+ shift
+ test 'x^  --prefix\[=' '!=' x
+ LC_ALL=C
+ awk '
      /^  --prefix\[=/        { print; do_print = 1; next; }
      /^$/                     { do_print = 0; next }
      /^  --/                  { do_print = 0; next }
      (do_print == 1)          { print }
    ' help
+ cat exp
+ cat got
+ diff exp got
+ for o in '--nonesuch' '--nonesuch=' '--nonesuch[=]' '--disable-nls=' '--disable-nls[=]' '--without-included-regex=' '--without-included-regex[=]' '--prefix' '--prefix[=]' '--build' '--build[=]' '--with-tty-group' '--with-tty-group=' 'NO_SUCH_VAR' 'NOSUCHVAR'
+ compare_extracted_help --build
+ cat
+ extract_configure_help --build help
+ am__opt_re=
+ am__var_re=
+ case $1 in
+ am__opt_re='^  --build( .*|$)'
+ shift
+ test 'x^  --build( .*|$)' '!=' x
+ LC_ALL=C
+ awk '
      /^  --build( .*|$)/        { print; do_print = 1; next; }
      /^$/                     { do_print = 0; next }
      /^  --/                  { do_print = 0; next }
      (do_print == 1)          { print }
    ' help
+ cat exp
+ cat got
+ diff exp got
+ for o in '--nonesuch' '--nonesuch=' '--nonesuch[=]' '--disable-nls=' '--disable-nls[=]' '--without-included-regex=' '--without-included-regex[=]' '--prefix' '--prefix[=]' '--build' '--build[=]' '--with-tty-group' '--with-tty-group=' 'NO_SUCH_VAR' 'NOSUCHVAR'
+ compare_extracted_help '--build[=]'
+ cat
+ extract_configure_help '--build[=]' help
+ am__opt_re=
+ am__var_re=
+ case $1 in
++ sed 's/...$//'
++ printf '%s\n' '--build[=]'
+ am__opt_re='^  --build\[='
+ shift
+ test 'x^  --build\[=' '!=' x
+ LC_ALL=C
+ awk '
      /^  --build\[=/        { print; do_print = 1; next; }
      /^$/                     { do_print = 0; next }
      /^  --/                  { do_print = 0; next }
      (do_print == 1)          { print }
    ' help
+ cat exp
+ cat got
+ diff exp got
+ for o in '--nonesuch' '--nonesuch=' '--nonesuch[=]' '--disable-nls=' '--disable-nls[=]' '--without-included-regex=' '--without-included-regex[=]' '--prefix' '--prefix[=]' '--build' '--build[=]' '--with-tty-group' '--with-tty-group=' 'NO_SUCH_VAR' 'NOSUCHVAR'
+ compare_extracted_help --with-tty-group
+ cat
+ extract_configure_help --with-tty-group help
+ am__opt_re=
+ am__var_re=
+ case $1 in
+ am__opt_re='^  --with-tty-group( .*|$)'
+ shift
+ test 'x^  --with-tty-group( .*|$)' '!=' x
+ LC_ALL=C
+ awk '
      /^  --with-tty-group( .*|$)/        { print; do_print = 1; next; }
      /^$/                     { do_print = 0; next }
      /^  --/                  { do_print = 0; next }
      (do_print == 1)          { print }
    ' help
+ cat exp
+ cat got
+ diff exp got
+ for o in '--nonesuch' '--nonesuch=' '--nonesuch[=]' '--disable-nls=' '--disable-nls[=]' '--without-included-regex=' '--without-included-regex[=]' '--prefix' '--prefix[=]' '--build' '--build[=]' '--with-tty-group' '--with-tty-group=' 'NO_SUCH_VAR' 'NOSUCHVAR'
+ compare_extracted_help --with-tty-group=
+ cat
+ extract_configure_help --with-tty-group= help
+ am__opt_re=
+ am__var_re=
+ case $1 in
+ am__opt_re='^  --with-tty-group='
+ shift
+ test 'x^  --with-tty-group=' '!=' x
+ LC_ALL=C
+ awk '
      /^  --with-tty-group=/        { print; do_print = 1; next; }
      /^$/                     { do_print = 0; next }
      /^  --/                  { do_print = 0; next }
      (do_print == 1)          { print }
    ' help
+ cat exp
+ cat got
+ diff exp got
+ for o in '--nonesuch' '--nonesuch=' '--nonesuch[=]' '--disable-nls=' '--disable-nls[=]' '--without-included-regex=' '--without-included-regex[=]' '--prefix' '--prefix[=]' '--build' '--build[=]' '--with-tty-group' '--with-tty-group=' 'NO_SUCH_VAR' 'NOSUCHVAR'
+ compare_extracted_help NO_SUCH_VAR
+ cat
+ extract_configure_help NO_SUCH_VAR help
+ am__opt_re=
+ am__var_re=
+ case $1 in
+ am__var_re='^  NO_SUCH_VAR( .*|$)'
+ shift
+ test x '!=' x
+ LC_ALL=C
+ awk '
      /^  NO_SUCH_VAR( .*|$)/        { print; do_print = 1; next; }
      /^$/                     { do_print = 0; next }
      /^  [A-Z][A-Z0-9_]* /    { do_print = 0; next }
      /^  [A-Z][A-Z0-9_]*$/    { do_print = 0; next }
      (do_print == 1)          { print }
    ' help
+ cat exp
+ cat got
+ diff exp got
+ for o in '--nonesuch' '--nonesuch=' '--nonesuch[=]' '--disable-nls=' '--disable-nls[=]' '--without-included-regex=' '--without-included-regex[=]' '--prefix' '--prefix[=]' '--build' '--build[=]' '--with-tty-group' '--with-tty-group=' 'NO_SUCH_VAR' 'NOSUCHVAR'
+ compare_extracted_help NOSUCHVAR
+ cat
+ extract_configure_help NOSUCHVAR help
+ am__opt_re=
+ am__var_re=
+ case $1 in
+ am__var_re='^  NOSUCHVAR( .*|$)'
+ shift
+ test x '!=' x
+ LC_ALL=C
+ awk '
      /^  NOSUCHVAR( .*|$)/        { print; do_print = 1; next; }
      /^$/                     { do_print = 0; next }
      /^  [A-Z][A-Z0-9_]* /    { do_print = 0; next }
      /^  [A-Z][A-Z0-9_]*$/    { do_print = 0; next }
      (do_print == 1)          { print }
    ' help
+ cat exp
+ cat got
+ diff exp got
+ :
+ am_exit_trap 0
+ exit_status=0
+ set +e
+ cd /sources/automake-1.16.1
+ test none = tap
+ case $am_explicit_skips in
+ test 0 -eq 0
+ am_keeping_testdirs
+ case $keep_testdirs in
+ return 1
+ rm_rf_ t/self-check-configure-help.dir
+ test 1 -gt 0
+ /usr/bin/perl /sources/automake-1.16.1/t/ax/deltree.pl t/self-check-configure-help.dir
+ set +x
PASS t/self-check-configure-help.sh (exit status: 0)
