Running from installcheck: no
Test Protocol: none
PATH = /sources/automake-1.16.1/bin:/sources/automake-1.16.1/t/ax:/bin:/usr/bin:/sbin:/usr/sbin:/tools/bin
++ pwd
/sources/automake-1.16.1/t/silent-lex.dir
+ mkdir sub
+ cat
+ cat
+ cat
+ cat
+ cp foo.l sub/bar.l
+ aclocal-1.16 -Werror
+ automake-1.16 --foreign -Werror -Wall --add-missing
configure.ac: installing './ylwrap'
+ autoconf
+ /bin/grep -F foo2-foo.c Makefile.in
	foo2-foo.c install-sh missing ylwrap
foo2-foo2-foo.o: foo2-foo.c
@am__fastdepCC_TRUE@	$(AM_V_CC)$(CC) $(DEFS) $(DEFAULT_INCLUDES) $(INCLUDES) $(AM_CPPFLAGS) $(CPPFLAGS) $(foo2_CFLAGS) $(CFLAGS) -MT foo2-foo2-foo.o -MD -MP -MF $(DEPDIR)/foo2-foo2-foo.Tpo -c -o foo2-foo2-foo.o `test -f 'foo2-foo.c' || echo '$(srcdir)/'`foo2-foo.c
@AMDEP_TRUE@@am__fastdepCC_FALSE@	$(AM_V_CC)source='foo2-foo.c' object='foo2-foo2-foo.o' libtool=no @AMDEPBACKSLASH@
@am__fastdepCC_FALSE@	$(AM_V_CC@am__nodep@)$(CC) $(DEFS) $(DEFAULT_INCLUDES) $(INCLUDES) $(AM_CPPFLAGS) $(CPPFLAGS) $(foo2_CFLAGS) $(CFLAGS) -c -o foo2-foo2-foo.o `test -f 'foo2-foo.c' || echo '$(srcdir)/'`foo2-foo.c
foo2-foo2-foo.obj: foo2-foo.c
@am__fastdepCC_TRUE@	$(AM_V_CC)$(CC) $(DEFS) $(DEFAULT_INCLUDES) $(INCLUDES) $(AM_CPPFLAGS) $(CPPFLAGS) $(foo2_CFLAGS) $(CFLAGS) -MT foo2-foo2-foo.obj -MD -MP -MF $(DEPDIR)/foo2-foo2-foo.Tpo -c -o foo2-foo2-foo.obj `if test -f 'foo2-foo.c'; then $(CYGPATH_W) 'foo2-foo.c'; else $(CYGPATH_W) '$(srcdir)/foo2-foo.c'; fi`
@AMDEP_TRUE@@am__fastdepCC_FALSE@	$(AM_V_CC)source='foo2-foo.c' object='foo2-foo2-foo.obj' libtool=no @AMDEPBACKSLASH@
@am__fastdepCC_FALSE@	$(AM_V_CC@am__nodep@)$(CC) $(DEFS) $(DEFAULT_INCLUDES) $(INCLUDES) $(AM_CPPFLAGS) $(CPPFLAGS) $(foo2_CFLAGS) $(CFLAGS) -c -o foo2-foo2-foo.obj `if test -f 'foo2-foo.c'; then $(CYGPATH_W) 'foo2-foo.c'; else $(CYGPATH_W) '$(srcdir)/foo2-foo.c'; fi`
foo2-foo.c: foo.l
	$(SHELL) $(YLWRAP) `test -f 'foo.l' || echo '$(srcdir)/'`foo.l $(LEX_OUTPUT_ROOT).c foo2-foo.c -- $(LEX) $(foo2_LFLAGS) $(LFLAGS)
	-rm -f foo2-foo.c
+ /bin/grep -F bar2-bar.c sub/Makefile.in
	$(top_srcdir)/ylwrap bar.c bar2-bar.c
bar2-bar2-bar.o: bar2-bar.c
@am__fastdepCC_TRUE@	$(AM_V_CC)$(CC) $(DEFS) $(DEFAULT_INCLUDES) $(INCLUDES) $(AM_CPPFLAGS) $(CPPFLAGS) $(bar2_CFLAGS) $(CFLAGS) -MT bar2-bar2-bar.o -MD -MP -MF $(DEPDIR)/bar2-bar2-bar.Tpo -c -o bar2-bar2-bar.o `test -f 'bar2-bar.c' || echo '$(srcdir)/'`bar2-bar.c
@AMDEP_TRUE@@am__fastdepCC_FALSE@	$(AM_V_CC)source='bar2-bar.c' object='bar2-bar2-bar.o' libtool=no @AMDEPBACKSLASH@
@am__fastdepCC_FALSE@	$(AM_V_CC@am__nodep@)$(CC) $(DEFS) $(DEFAULT_INCLUDES) $(INCLUDES) $(AM_CPPFLAGS) $(CPPFLAGS) $(bar2_CFLAGS) $(CFLAGS) -c -o bar2-bar2-bar.o `test -f 'bar2-bar.c' || echo '$(srcdir)/'`bar2-bar.c
bar2-bar2-bar.obj: bar2-bar.c
@am__fastdepCC_TRUE@	$(AM_V_CC)$(CC) $(DEFS) $(DEFAULT_INCLUDES) $(INCLUDES) $(AM_CPPFLAGS) $(CPPFLAGS) $(bar2_CFLAGS) $(CFLAGS) -MT bar2-bar2-bar.obj -MD -MP -MF $(DEPDIR)/bar2-bar2-bar.Tpo -c -o bar2-bar2-bar.obj `if test -f 'bar2-bar.c'; then $(CYGPATH_W) 'bar2-bar.c'; else $(CYGPATH_W) '$(srcdir)/bar2-bar.c'; fi`
@AMDEP_TRUE@@am__fastdepCC_FALSE@	$(AM_V_CC)source='bar2-bar.c' object='bar2-bar2-bar.obj' libtool=no @AMDEPBACKSLASH@
@am__fastdepCC_FALSE@	$(AM_V_CC@am__nodep@)$(CC) $(DEFS) $(DEFAULT_INCLUDES) $(INCLUDES) $(AM_CPPFLAGS) $(CPPFLAGS) $(bar2_CFLAGS) $(CFLAGS) -c -o bar2-bar2-bar.obj `if test -f 'bar2-bar.c'; then $(CYGPATH_W) 'bar2-bar.c'; else $(CYGPATH_W) '$(srcdir)/bar2-bar.c'; fi`
bar2-bar.c: bar.l
	$(SHELL) $(YLWRAP) `test -f 'bar.l' || echo '$(srcdir)/'`bar.l $(LEX_OUTPUT_ROOT).c bar2-bar.c -- $(LEX) $(bar2_LFLAGS) $(LFLAGS)
	-rm -f bar2-bar.c
+ ./configure --enable-silent-rules
checking for a BSD-compatible install... /usr/bin/install -c
checking whether build environment is sane... yes
checking for a thread-safe mkdir -p... /tools/bin/mkdir -p
checking for gawk... gawk
checking whether make sets $(MAKE)... yes
checking whether make supports nested variables... yes
checking whether make supports the include directive... yes (GNU style)
checking for gcc... cc
checking whether the C compiler works... yes
checking for C compiler default output file name... a.out
checking for suffix of executables... 
checking whether we are cross compiling... no
checking for suffix of object files... o
checking whether we are using the GNU C compiler... yes
checking whether cc accepts -g... yes
checking for cc option to accept ISO C89... none needed
checking whether cc understands -c and -o together... yes
checking dependency style of cc... gcc3
checking for flex... lex
checking lex output file root... lex.yy
checking lex library... -lfl
checking whether yytext is a pointer... yes
checking that generated files are newer than configure... done
configure: creating ./config.status
config.status: creating Makefile
config.status: creating sub/Makefile
config.status: executing depfiles commands
+ run_make -O
+ am__make_redirect_stdout=no
+ am__make_redirect_stderr=no
+ am__make_redirect_stdall=no
+ am__make_flags=
+ am__make_rc_exp=0
+ am_make_rc=0
+ test 1 -gt 0
+ case $1 in
+ am__make_redirect_stdout=yes
+ shift
+ test 0 -gt 0
+ using_gmake
+ case $am__using_gmake in
+ make --version -v
+ grep GNU
GNU Make 4.2.1
License GPLv3+: GNU GPL version 3 or later <http://gnu.org/licenses/gpl.html>
+ am__using_gmake=yes
+ return 0
+ :
+ test x '!=' x
+ : exec make
+ set +x
bar.c: In function 'yy_init_buffer':
bar.c:1319:40: warning: implicit declaration of function 'isatty' [-Wimplicit-function-declaration]
 
                                        ^     
bar2-bar.c: In function 'yy_init_buffer':
bar2-bar.c:1319:40: warning: implicit declaration of function 'isatty' [-Wimplicit-function-declaration]
 
                                        ^     
foo.c: In function 'yy_init_buffer':
foo.c:1319:40: warning: implicit declaration of function 'isatty' [-Wimplicit-function-declaration]
 
                                        ^     
foo2-foo.c: In function 'yy_init_buffer':
foo2-foo.c:1319:40: warning: implicit declaration of function 'isatty' [-Wimplicit-function-declaration]
 
                                        ^     
+ test 0 -eq 253
+ test no = yes
+ test yes = yes
+ cat stdout
Making all in sub
make[1]: Entering directory '/sources/automake-1.16.1/t/silent-lex.dir/sub'
  LEX      bar.c
  CC       bar.o
  CCLD     bar1
  LEX      bar2-bar.c
  CC       bar2-bar2-bar.o
  CCLD     bar2
make[1]: Leaving directory '/sources/automake-1.16.1/t/silent-lex.dir/sub'
make[1]: Entering directory '/sources/automake-1.16.1/t/silent-lex.dir'
  LEX      foo.c
  CC       foo.o
  CCLD     foo1
  LEX      foo2-foo.c
  CC       foo2-foo2-foo.o
  CCLD     foo2
make[1]: Leaving directory '/sources/automake-1.16.1/t/silent-lex.dir'
+ test no = yes
+ case $am__make_rc_exp in
+ test 0 -ge 0
+ test 0 -le 255
+ test 0 -eq 0
+ /bin/grep -E ' (-c|-o)' stdout
+ /bin/grep -E '(mv|ylwrap) ' stdout
+ grep 'LEX .*foo\.' stdout
  LEX      foo.c
  LEX      foo2-foo.c
+ grep 'LEX .*bar\.' stdout
  LEX      bar.c
  LEX      bar2-bar.c
+ grep ' CC .*foo\.' stdout
  CC       foo.o
  CC       foo2-foo2-foo.o
+ grep ' CC .*bar\.' stdout
  CC       bar.o
  CC       bar2-bar2-bar.o
+ grep 'CCLD .*foo1' stdout
  CCLD     foo1
+ grep 'CCLD .*bar1' stdout
  CCLD     bar1
+ grep 'CCLD .*foo2' stdout
  CCLD     foo2
+ grep 'CCLD .*bar2' stdout
  CCLD     bar2
+ make clean
Making clean in sub
make[1]: Entering directory '/sources/automake-1.16.1/t/silent-lex.dir/sub'
test -z "bar1 bar2" || rm -f bar1 bar2
rm -f *.o
make[1]: Leaving directory '/sources/automake-1.16.1/t/silent-lex.dir/sub'
make[1]: Entering directory '/sources/automake-1.16.1/t/silent-lex.dir'
test -z "foo1 foo2" || rm -f foo1 foo2
rm -f *.o
make[1]: Leaving directory '/sources/automake-1.16.1/t/silent-lex.dir'
+ run_make -O
+ am__make_redirect_stdout=no
+ am__make_redirect_stderr=no
+ am__make_redirect_stdall=no
+ am__make_flags=
+ am__make_rc_exp=0
+ am_make_rc=0
+ test 1 -gt 0
+ case $1 in
+ am__make_redirect_stdout=yes
+ shift
+ test 0 -gt 0
+ using_gmake
+ case $am__using_gmake in
+ return 0
+ :
+ test x '!=' x
+ : exec make
+ set +x
bar.c: In function 'yy_init_buffer':
bar.c:1319:40: warning: implicit declaration of function 'isatty' [-Wimplicit-function-declaration]
 
                                        ^     
bar2-bar.c: In function 'yy_init_buffer':
bar2-bar.c:1319:40: warning: implicit declaration of function 'isatty' [-Wimplicit-function-declaration]
 
                                        ^     
foo.c: In function 'yy_init_buffer':
foo.c:1319:40: warning: implicit declaration of function 'isatty' [-Wimplicit-function-declaration]
 
                                        ^     
foo2-foo.c: In function 'yy_init_buffer':
foo2-foo.c:1319:40: warning: implicit declaration of function 'isatty' [-Wimplicit-function-declaration]
 
                                        ^     
+ test 0 -eq 253
+ test no = yes
+ test yes = yes
+ cat stdout
Making all in sub
make[1]: Entering directory '/sources/automake-1.16.1/t/silent-lex.dir/sub'
  CC       bar.o
  CCLD     bar1
  CC       bar2-bar2-bar.o
  CCLD     bar2
make[1]: Leaving directory '/sources/automake-1.16.1/t/silent-lex.dir/sub'
make[1]: Entering directory '/sources/automake-1.16.1/t/silent-lex.dir'
  CC       foo.o
  CCLD     foo1
  CC       foo2-foo2-foo.o
  CCLD     foo2
make[1]: Leaving directory '/sources/automake-1.16.1/t/silent-lex.dir'
+ test no = yes
+ case $am__make_rc_exp in
+ test 0 -ge 0
+ test 0 -le 255
+ test 0 -eq 0
+ /bin/grep -E ' (-c|-o)' stdout
+ /bin/grep -E '(mv|ylwrap) ' stdout
+ grep ' CC .*foo\.' stdout
  CC       foo.o
  CC       foo2-foo2-foo.o
+ grep ' CC .*bar\.' stdout
  CC       bar.o
  CC       bar2-bar2-bar.o
+ grep 'CCLD .*foo1' stdout
  CCLD     foo1
+ grep 'CCLD .*bar1' stdout
  CCLD     bar1
+ grep 'CCLD .*foo2' stdout
  CCLD     foo2
+ grep 'CCLD .*bar2' stdout
  CCLD     bar2
+ make clean
Making clean in sub
make[1]: Entering directory '/sources/automake-1.16.1/t/silent-lex.dir/sub'
test -z "bar1 bar2" || rm -f bar1 bar2
rm -f *.o
make[1]: Leaving directory '/sources/automake-1.16.1/t/silent-lex.dir/sub'
make[1]: Entering directory '/sources/automake-1.16.1/t/silent-lex.dir'
test -z "foo1 foo2" || rm -f foo1 foo2
rm -f *.o
make[1]: Leaving directory '/sources/automake-1.16.1/t/silent-lex.dir'
+ rm -f foo.c foo2-foo.c sub/bar.c sub/bar2-bar.c
+ run_make -O V=1
+ am__make_redirect_stdout=no
+ am__make_redirect_stderr=no
+ am__make_redirect_stdall=no
+ am__make_flags=
+ am__make_rc_exp=0
+ am_make_rc=0
+ test 2 -gt 0
+ case $1 in
+ am__make_redirect_stdout=yes
+ shift
+ test 1 -gt 0
+ case $1 in
+ break
+ using_gmake
+ case $am__using_gmake in
+ return 0
+ :
+ test x '!=' x
+ : exec make V=1
+ set +x
bar.c: In function 'yy_init_buffer':
bar.c:1319:40: warning: implicit declaration of function 'isatty' [-Wimplicit-function-declaration]
 
                                        ^     
bar2-bar.c: In function 'yy_init_buffer':
bar2-bar.c:1319:40: warning: implicit declaration of function 'isatty' [-Wimplicit-function-declaration]
 
                                        ^     
foo.c: In function 'yy_init_buffer':
foo.c:1319:40: warning: implicit declaration of function 'isatty' [-Wimplicit-function-declaration]
 
                                        ^     
foo2-foo.c: In function 'yy_init_buffer':
foo2-foo.c:1319:40: warning: implicit declaration of function 'isatty' [-Wimplicit-function-declaration]
 
                                        ^     
+ test 0 -eq 253
+ test no = yes
+ test yes = yes
+ cat stdout
Making all in sub
make[1]: Entering directory '/sources/automake-1.16.1/t/silent-lex.dir/sub'
/bin/sh ../ylwrap bar.l lex.yy.c bar.c -- lex  
depbase=`echo bar.o | sed 's|[^/]*$|.deps/&|;s|\.o$||'`;\
cc -DPACKAGE_NAME=\"silent-lex\" -DPACKAGE_TARNAME=\"silent-lex\" -DPACKAGE_VERSION=\"1.0\" -DPACKAGE_STRING=\"silent-lex\ 1.0\" -DPACKAGE_BUGREPORT=\"\" -DPACKAGE_URL=\"\" -DPACKAGE=\"silent-lex\" -DVERSION=\"1.0\" -DYYTEXT_POINTER=1 -I.     -g -O2 -MT bar.o -MD -MP -MF $depbase.Tpo -c -o bar.o bar.c &&\
mv -f $depbase.Tpo $depbase.Po
cc  -g -O2   -o bar1 bar.o -lfl 
\
 \
/bin/sh ../ylwrap `test -f 'bar.l' || echo './'`bar.l lex.yy.c bar2-bar.c -- lex -n 
cc -DPACKAGE_NAME=\"silent-lex\" -DPACKAGE_TARNAME=\"silent-lex\" -DPACKAGE_VERSION=\"1.0\" -DPACKAGE_STRING=\"silent-lex\ 1.0\" -DPACKAGE_BUGREPORT=\"\" -DPACKAGE_URL=\"\" -DPACKAGE=\"silent-lex\" -DVERSION=\"1.0\" -DYYTEXT_POINTER=1 -I.     -g -O2 -MT bar2-bar2-bar.o -MD -MP -MF .deps/bar2-bar2-bar.Tpo -c -o bar2-bar2-bar.o `test -f 'bar2-bar.c' || echo './'`bar2-bar.c
mv -f .deps/bar2-bar2-bar.Tpo .deps/bar2-bar2-bar.Po
cc  -g -O2   -o bar2 bar2-bar2-bar.o -lfl 
make[1]: Leaving directory '/sources/automake-1.16.1/t/silent-lex.dir/sub'
make[1]: Entering directory '/sources/automake-1.16.1/t/silent-lex.dir'
/bin/sh ./ylwrap foo.l lex.yy.c foo.c -- lex  
cc -DPACKAGE_NAME=\"silent-lex\" -DPACKAGE_TARNAME=\"silent-lex\" -DPACKAGE_VERSION=\"1.0\" -DPACKAGE_STRING=\"silent-lex\ 1.0\" -DPACKAGE_BUGREPORT=\"\" -DPACKAGE_URL=\"\" -DPACKAGE=\"silent-lex\" -DVERSION=\"1.0\" -DYYTEXT_POINTER=1 -I.     -g -O2 -MT foo.o -MD -MP -MF .deps/foo.Tpo -c -o foo.o foo.c
mv -f .deps/foo.Tpo .deps/foo.Po
cc  -g -O2   -o foo1 foo.o -lfl 
\
 \
/bin/sh ./ylwrap `test -f 'foo.l' || echo './'`foo.l lex.yy.c foo2-foo.c -- lex -n 
cc -DPACKAGE_NAME=\"silent-lex\" -DPACKAGE_TARNAME=\"silent-lex\" -DPACKAGE_VERSION=\"1.0\" -DPACKAGE_STRING=\"silent-lex\ 1.0\" -DPACKAGE_BUGREPORT=\"\" -DPACKAGE_URL=\"\" -DPACKAGE=\"silent-lex\" -DVERSION=\"1.0\" -DYYTEXT_POINTER=1 -I.     -g -O2 -MT foo2-foo2-foo.o -MD -MP -MF .deps/foo2-foo2-foo.Tpo -c -o foo2-foo2-foo.o `test -f 'foo2-foo.c' || echo './'`foo2-foo.c
mv -f .deps/foo2-foo2-foo.Tpo .deps/foo2-foo2-foo.Po
cc  -g -O2   -o foo2 foo2-foo2-foo.o -lfl 
make[1]: Leaving directory '/sources/automake-1.16.1/t/silent-lex.dir'
+ test no = yes
+ case $am__make_rc_exp in
+ test 0 -ge 0
+ test 0 -le 255
+ test 0 -eq 0
+ grep ' -c ' stdout
cc -DPACKAGE_NAME=\"silent-lex\" -DPACKAGE_TARNAME=\"silent-lex\" -DPACKAGE_VERSION=\"1.0\" -DPACKAGE_STRING=\"silent-lex\ 1.0\" -DPACKAGE_BUGREPORT=\"\" -DPACKAGE_URL=\"\" -DPACKAGE=\"silent-lex\" -DVERSION=\"1.0\" -DYYTEXT_POINTER=1 -I.     -g -O2 -MT bar.o -MD -MP -MF $depbase.Tpo -c -o bar.o bar.c &&\
cc -DPACKAGE_NAME=\"silent-lex\" -DPACKAGE_TARNAME=\"silent-lex\" -DPACKAGE_VERSION=\"1.0\" -DPACKAGE_STRING=\"silent-lex\ 1.0\" -DPACKAGE_BUGREPORT=\"\" -DPACKAGE_URL=\"\" -DPACKAGE=\"silent-lex\" -DVERSION=\"1.0\" -DYYTEXT_POINTER=1 -I.     -g -O2 -MT bar2-bar2-bar.o -MD -MP -MF .deps/bar2-bar2-bar.Tpo -c -o bar2-bar2-bar.o `test -f 'bar2-bar.c' || echo './'`bar2-bar.c
cc -DPACKAGE_NAME=\"silent-lex\" -DPACKAGE_TARNAME=\"silent-lex\" -DPACKAGE_VERSION=\"1.0\" -DPACKAGE_STRING=\"silent-lex\ 1.0\" -DPACKAGE_BUGREPORT=\"\" -DPACKAGE_URL=\"\" -DPACKAGE=\"silent-lex\" -DVERSION=\"1.0\" -DYYTEXT_POINTER=1 -I.     -g -O2 -MT foo.o -MD -MP -MF .deps/foo.Tpo -c -o foo.o foo.c
cc -DPACKAGE_NAME=\"silent-lex\" -DPACKAGE_TARNAME=\"silent-lex\" -DPACKAGE_VERSION=\"1.0\" -DPACKAGE_STRING=\"silent-lex\ 1.0\" -DPACKAGE_BUGREPORT=\"\" -DPACKAGE_URL=\"\" -DPACKAGE=\"silent-lex\" -DVERSION=\"1.0\" -DYYTEXT_POINTER=1 -I.     -g -O2 -MT foo2-foo2-foo.o -MD -MP -MF .deps/foo2-foo2-foo.Tpo -c -o foo2-foo2-foo.o `test -f 'foo2-foo.c' || echo './'`foo2-foo.c
+ grep ' -o ' stdout
cc -DPACKAGE_NAME=\"silent-lex\" -DPACKAGE_TARNAME=\"silent-lex\" -DPACKAGE_VERSION=\"1.0\" -DPACKAGE_STRING=\"silent-lex\ 1.0\" -DPACKAGE_BUGREPORT=\"\" -DPACKAGE_URL=\"\" -DPACKAGE=\"silent-lex\" -DVERSION=\"1.0\" -DYYTEXT_POINTER=1 -I.     -g -O2 -MT bar.o -MD -MP -MF $depbase.Tpo -c -o bar.o bar.c &&\
cc  -g -O2   -o bar1 bar.o -lfl 
cc -DPACKAGE_NAME=\"silent-lex\" -DPACKAGE_TARNAME=\"silent-lex\" -DPACKAGE_VERSION=\"1.0\" -DPACKAGE_STRING=\"silent-lex\ 1.0\" -DPACKAGE_BUGREPORT=\"\" -DPACKAGE_URL=\"\" -DPACKAGE=\"silent-lex\" -DVERSION=\"1.0\" -DYYTEXT_POINTER=1 -I.     -g -O2 -MT bar2-bar2-bar.o -MD -MP -MF .deps/bar2-bar2-bar.Tpo -c -o bar2-bar2-bar.o `test -f 'bar2-bar.c' || echo './'`bar2-bar.c
cc  -g -O2   -o bar2 bar2-bar2-bar.o -lfl 
cc -DPACKAGE_NAME=\"silent-lex\" -DPACKAGE_TARNAME=\"silent-lex\" -DPACKAGE_VERSION=\"1.0\" -DPACKAGE_STRING=\"silent-lex\ 1.0\" -DPACKAGE_BUGREPORT=\"\" -DPACKAGE_URL=\"\" -DPACKAGE=\"silent-lex\" -DVERSION=\"1.0\" -DYYTEXT_POINTER=1 -I.     -g -O2 -MT foo.o -MD -MP -MF .deps/foo.Tpo -c -o foo.o foo.c
cc  -g -O2   -o foo1 foo.o -lfl 
cc -DPACKAGE_NAME=\"silent-lex\" -DPACKAGE_TARNAME=\"silent-lex\" -DPACKAGE_VERSION=\"1.0\" -DPACKAGE_STRING=\"silent-lex\ 1.0\" -DPACKAGE_BUGREPORT=\"\" -DPACKAGE_URL=\"\" -DPACKAGE=\"silent-lex\" -DVERSION=\"1.0\" -DYYTEXT_POINTER=1 -I.     -g -O2 -MT foo2-foo2-foo.o -MD -MP -MF .deps/foo2-foo2-foo.Tpo -c -o foo2-foo2-foo.o `test -f 'foo2-foo.c' || echo './'`foo2-foo.c
cc  -g -O2   -o foo2 foo2-foo2-foo.o -lfl 
+ grep 'ylwrap ' stdout
/bin/sh ../ylwrap bar.l lex.yy.c bar.c -- lex  
/bin/sh ../ylwrap `test -f 'bar.l' || echo './'`bar.l lex.yy.c bar2-bar.c -- lex -n 
/bin/sh ./ylwrap foo.l lex.yy.c foo.c -- lex  
/bin/sh ./ylwrap `test -f 'foo.l' || echo './'`foo.l lex.yy.c foo2-foo.c -- lex -n 
+ /bin/grep -E '(LEX|CC|CCLD) ' stdout
+ make clean
Making clean in sub
make[1]: Entering directory '/sources/automake-1.16.1/t/silent-lex.dir/sub'
test -z "bar1 bar2" || rm -f bar1 bar2
rm -f *.o
make[1]: Leaving directory '/sources/automake-1.16.1/t/silent-lex.dir/sub'
make[1]: Entering directory '/sources/automake-1.16.1/t/silent-lex.dir'
test -z "foo1 foo2" || rm -f foo1 foo2
rm -f *.o
make[1]: Leaving directory '/sources/automake-1.16.1/t/silent-lex.dir'
+ run_make -O V=1
+ am__make_redirect_stdout=no
+ am__make_redirect_stderr=no
+ am__make_redirect_stdall=no
+ am__make_flags=
+ am__make_rc_exp=0
+ am_make_rc=0
+ test 2 -gt 0
+ case $1 in
+ am__make_redirect_stdout=yes
+ shift
+ test 1 -gt 0
+ case $1 in
+ break
+ using_gmake
+ case $am__using_gmake in
+ return 0
+ :
+ test x '!=' x
+ : exec make V=1
+ set +x
bar.c: In function 'yy_init_buffer':
bar.c:1319:40: warning: implicit declaration of function 'isatty' [-Wimplicit-function-declaration]
 
                                        ^     
bar2-bar.c: In function 'yy_init_buffer':
bar2-bar.c:1319:40: warning: implicit declaration of function 'isatty' [-Wimplicit-function-declaration]
 
                                        ^     
foo.c: In function 'yy_init_buffer':
foo.c:1319:40: warning: implicit declaration of function 'isatty' [-Wimplicit-function-declaration]
 
                                        ^     
foo2-foo.c: In function 'yy_init_buffer':
foo2-foo.c:1319:40: warning: implicit declaration of function 'isatty' [-Wimplicit-function-declaration]
 
                                        ^     
+ test 0 -eq 253
+ test no = yes
+ test yes = yes
+ cat stdout
Making all in sub
make[1]: Entering directory '/sources/automake-1.16.1/t/silent-lex.dir/sub'
depbase=`echo bar.o | sed 's|[^/]*$|.deps/&|;s|\.o$||'`;\
cc -DPACKAGE_NAME=\"silent-lex\" -DPACKAGE_TARNAME=\"silent-lex\" -DPACKAGE_VERSION=\"1.0\" -DPACKAGE_STRING=\"silent-lex\ 1.0\" -DPACKAGE_BUGREPORT=\"\" -DPACKAGE_URL=\"\" -DPACKAGE=\"silent-lex\" -DVERSION=\"1.0\" -DYYTEXT_POINTER=1 -I.     -g -O2 -MT bar.o -MD -MP -MF $depbase.Tpo -c -o bar.o bar.c &&\
mv -f $depbase.Tpo $depbase.Po
cc  -g -O2   -o bar1 bar.o -lfl 
cc -DPACKAGE_NAME=\"silent-lex\" -DPACKAGE_TARNAME=\"silent-lex\" -DPACKAGE_VERSION=\"1.0\" -DPACKAGE_STRING=\"silent-lex\ 1.0\" -DPACKAGE_BUGREPORT=\"\" -DPACKAGE_URL=\"\" -DPACKAGE=\"silent-lex\" -DVERSION=\"1.0\" -DYYTEXT_POINTER=1 -I.     -g -O2 -MT bar2-bar2-bar.o -MD -MP -MF .deps/bar2-bar2-bar.Tpo -c -o bar2-bar2-bar.o `test -f 'bar2-bar.c' || echo './'`bar2-bar.c
mv -f .deps/bar2-bar2-bar.Tpo .deps/bar2-bar2-bar.Po
cc  -g -O2   -o bar2 bar2-bar2-bar.o -lfl 
make[1]: Leaving directory '/sources/automake-1.16.1/t/silent-lex.dir/sub'
make[1]: Entering directory '/sources/automake-1.16.1/t/silent-lex.dir'
cc -DPACKAGE_NAME=\"silent-lex\" -DPACKAGE_TARNAME=\"silent-lex\" -DPACKAGE_VERSION=\"1.0\" -DPACKAGE_STRING=\"silent-lex\ 1.0\" -DPACKAGE_BUGREPORT=\"\" -DPACKAGE_URL=\"\" -DPACKAGE=\"silent-lex\" -DVERSION=\"1.0\" -DYYTEXT_POINTER=1 -I.     -g -O2 -MT foo.o -MD -MP -MF .deps/foo.Tpo -c -o foo.o foo.c
mv -f .deps/foo.Tpo .deps/foo.Po
cc  -g -O2   -o foo1 foo.o -lfl 
cc -DPACKAGE_NAME=\"silent-lex\" -DPACKAGE_TARNAME=\"silent-lex\" -DPACKAGE_VERSION=\"1.0\" -DPACKAGE_STRING=\"silent-lex\ 1.0\" -DPACKAGE_BUGREPORT=\"\" -DPACKAGE_URL=\"\" -DPACKAGE=\"silent-lex\" -DVERSION=\"1.0\" -DYYTEXT_POINTER=1 -I.     -g -O2 -MT foo2-foo2-foo.o -MD -MP -MF .deps/foo2-foo2-foo.Tpo -c -o foo2-foo2-foo.o `test -f 'foo2-foo.c' || echo './'`foo2-foo.c
mv -f .deps/foo2-foo2-foo.Tpo .deps/foo2-foo2-foo.Po
cc  -g -O2   -o foo2 foo2-foo2-foo.o -lfl 
make[1]: Leaving directory '/sources/automake-1.16.1/t/silent-lex.dir'
+ test no = yes
+ case $am__make_rc_exp in
+ test 0 -ge 0
+ test 0 -le 255
+ test 0 -eq 0
+ grep ' -c ' stdout
cc -DPACKAGE_NAME=\"silent-lex\" -DPACKAGE_TARNAME=\"silent-lex\" -DPACKAGE_VERSION=\"1.0\" -DPACKAGE_STRING=\"silent-lex\ 1.0\" -DPACKAGE_BUGREPORT=\"\" -DPACKAGE_URL=\"\" -DPACKAGE=\"silent-lex\" -DVERSION=\"1.0\" -DYYTEXT_POINTER=1 -I.     -g -O2 -MT bar.o -MD -MP -MF $depbase.Tpo -c -o bar.o bar.c &&\
cc -DPACKAGE_NAME=\"silent-lex\" -DPACKAGE_TARNAME=\"silent-lex\" -DPACKAGE_VERSION=\"1.0\" -DPACKAGE_STRING=\"silent-lex\ 1.0\" -DPACKAGE_BUGREPORT=\"\" -DPACKAGE_URL=\"\" -DPACKAGE=\"silent-lex\" -DVERSION=\"1.0\" -DYYTEXT_POINTER=1 -I.     -g -O2 -MT bar2-bar2-bar.o -MD -MP -MF .deps/bar2-bar2-bar.Tpo -c -o bar2-bar2-bar.o `test -f 'bar2-bar.c' || echo './'`bar2-bar.c
cc -DPACKAGE_NAME=\"silent-lex\" -DPACKAGE_TARNAME=\"silent-lex\" -DPACKAGE_VERSION=\"1.0\" -DPACKAGE_STRING=\"silent-lex\ 1.0\" -DPACKAGE_BUGREPORT=\"\" -DPACKAGE_URL=\"\" -DPACKAGE=\"silent-lex\" -DVERSION=\"1.0\" -DYYTEXT_POINTER=1 -I.     -g -O2 -MT foo.o -MD -MP -MF .deps/foo.Tpo -c -o foo.o foo.c
cc -DPACKAGE_NAME=\"silent-lex\" -DPACKAGE_TARNAME=\"silent-lex\" -DPACKAGE_VERSION=\"1.0\" -DPACKAGE_STRING=\"silent-lex\ 1.0\" -DPACKAGE_BUGREPORT=\"\" -DPACKAGE_URL=\"\" -DPACKAGE=\"silent-lex\" -DVERSION=\"1.0\" -DYYTEXT_POINTER=1 -I.     -g -O2 -MT foo2-foo2-foo.o -MD -MP -MF .deps/foo2-foo2-foo.Tpo -c -o foo2-foo2-foo.o `test -f 'foo2-foo.c' || echo './'`foo2-foo.c
+ grep ' -o ' stdout
cc -DPACKAGE_NAME=\"silent-lex\" -DPACKAGE_TARNAME=\"silent-lex\" -DPACKAGE_VERSION=\"1.0\" -DPACKAGE_STRING=\"silent-lex\ 1.0\" -DPACKAGE_BUGREPORT=\"\" -DPACKAGE_URL=\"\" -DPACKAGE=\"silent-lex\" -DVERSION=\"1.0\" -DYYTEXT_POINTER=1 -I.     -g -O2 -MT bar.o -MD -MP -MF $depbase.Tpo -c -o bar.o bar.c &&\
cc  -g -O2   -o bar1 bar.o -lfl 
cc -DPACKAGE_NAME=\"silent-lex\" -DPACKAGE_TARNAME=\"silent-lex\" -DPACKAGE_VERSION=\"1.0\" -DPACKAGE_STRING=\"silent-lex\ 1.0\" -DPACKAGE_BUGREPORT=\"\" -DPACKAGE_URL=\"\" -DPACKAGE=\"silent-lex\" -DVERSION=\"1.0\" -DYYTEXT_POINTER=1 -I.     -g -O2 -MT bar2-bar2-bar.o -MD -MP -MF .deps/bar2-bar2-bar.Tpo -c -o bar2-bar2-bar.o `test -f 'bar2-bar.c' || echo './'`bar2-bar.c
cc  -g -O2   -o bar2 bar2-bar2-bar.o -lfl 
cc -DPACKAGE_NAME=\"silent-lex\" -DPACKAGE_TARNAME=\"silent-lex\" -DPACKAGE_VERSION=\"1.0\" -DPACKAGE_STRING=\"silent-lex\ 1.0\" -DPACKAGE_BUGREPORT=\"\" -DPACKAGE_URL=\"\" -DPACKAGE=\"silent-lex\" -DVERSION=\"1.0\" -DYYTEXT_POINTER=1 -I.     -g -O2 -MT foo.o -MD -MP -MF .deps/foo.Tpo -c -o foo.o foo.c
cc  -g -O2   -o foo1 foo.o -lfl 
cc -DPACKAGE_NAME=\"silent-lex\" -DPACKAGE_TARNAME=\"silent-lex\" -DPACKAGE_VERSION=\"1.0\" -DPACKAGE_STRING=\"silent-lex\ 1.0\" -DPACKAGE_BUGREPORT=\"\" -DPACKAGE_URL=\"\" -DPACKAGE=\"silent-lex\" -DVERSION=\"1.0\" -DYYTEXT_POINTER=1 -I.     -g -O2 -MT foo2-foo2-foo.o -MD -MP -MF .deps/foo2-foo2-foo.Tpo -c -o foo2-foo2-foo.o `test -f 'foo2-foo.c' || echo './'`foo2-foo.c
cc  -g -O2   -o foo2 foo2-foo2-foo.o -lfl 
+ /bin/grep -E '(LEX|CC|CCLD) ' stdout
+ :
+ am_exit_trap 0
+ exit_status=0
+ set +e
+ cd /sources/automake-1.16.1
+ test none = tap
+ case $am_explicit_skips in
+ test 0 -eq 0
+ am_keeping_testdirs
+ case $keep_testdirs in
+ return 1
+ rm_rf_ t/silent-lex.dir
+ test 1 -gt 0
+ /usr/bin/perl /sources/automake-1.16.1/t/ax/deltree.pl t/silent-lex.dir
+ set +x
PASS t/silent-lex.sh (exit status: 0)
