Running from installcheck: no
Test Protocol: none
PATH = /sources/automake-1.16.1/bin:/sources/automake-1.16.1/t/ax:/bin:/usr/bin:/sbin:/usr/sbin:/tools/bin
++ pwd
/sources/automake-1.16.1/t/silent-c.dir
+ mkdir sub
+ cat
+ cat
+ cat
+ cat
+ cp foo.c bar.c
+ cp foo.c sub/baz.c
+ cp foo.c sub/bla.c
+ aclocal-1.16 -Werror
+ automake-1.16 --foreign -Werror -Wall --add-missing
+ autoconf
+ for config_args in '--enable-dependency-tracking' '--disable-dependency-tracking'
+ ./configure --enable-silent-rules --enable-dependency-tracking
checking for a BSD-compatible install... /usr/bin/install -c
checking whether build environment is sane... yes
checking for a thread-safe mkdir -p... /tools/bin/mkdir -p
checking for gawk... gawk
checking whether make sets $(MAKE)... yes
checking whether make supports nested variables... yes
checking for gcc... cc
checking whether the C compiler works... yes
checking for C compiler default output file name... a.out
checking for suffix of executables... 
checking whether we are cross compiling... no
checking for suffix of object files... o
checking whether we are using the GNU C compiler... yes
checking whether cc accepts -g... yes
checking for cc option to accept ISO C89... none needed
checking whether cc understands -c and -o together... yes
checking whether make supports the include directive... yes (GNU style)
checking dependency style of cc... gcc3
checking that generated files are newer than configure... done
configure: creating ./config.status
config.status: creating Makefile
config.status: creating sub/Makefile
config.status: executing depfiles commands
+ run_make -O
+ am__make_redirect_stdout=no
+ am__make_redirect_stderr=no
+ am__make_redirect_stdall=no
+ am__make_flags=
+ am__make_rc_exp=0
+ am_make_rc=0
+ test 1 -gt 0
+ case $1 in
+ am__make_redirect_stdout=yes
+ shift
+ test 0 -gt 0
+ using_gmake
+ case $am__using_gmake in
+ make --version -v
+ grep GNU
GNU Make 4.2.1
License GPLv3+: GNU GPL version 3 or later <http://gnu.org/licenses/gpl.html>
+ am__using_gmake=yes
+ return 0
+ :
+ test x '!=' x
+ : exec make
+ set +x
+ test 0 -eq 253
+ test no = yes
+ test yes = yes
+ cat stdout
Making all in sub
make[1]: Entering directory '/sources/automake-1.16.1/t/silent-c.dir/sub'
  CC       baz.o
  CCLD     baz
  CC       bla-bla.o
  CCLD     bla
make[1]: Leaving directory '/sources/automake-1.16.1/t/silent-c.dir/sub'
make[1]: Entering directory '/sources/automake-1.16.1/t/silent-c.dir'
  CC       foo.o
  CCLD     foo
  CC       bar-bar.o
  CCLD     bar
make[1]: Leaving directory '/sources/automake-1.16.1/t/silent-c.dir'
+ test no = yes
+ case $am__make_rc_exp in
+ test 0 -ge 0
+ test 0 -le 255
+ test 0 -eq 0
+ /bin/grep -E ' (-c|-o)' stdout
+ grep 'mv ' stdout
+ grep 'CC .*foo\.' stdout
  CC       foo.o
+ grep 'CC .*bar\.' stdout
  CC       bar-bar.o
+ grep 'CC .*baz\.' stdout
  CC       baz.o
+ grep 'CC .*bla\.' stdout
  CC       bla-bla.o
+ grep 'CCLD .*foo' stdout
  CCLD     foo
+ grep 'CCLD .*bar' stdout
  CCLD     bar
+ grep 'CCLD .*baz' stdout
  CCLD     baz
+ grep 'CCLD .*bla' stdout
  CCLD     bla
+ make clean
Making clean in sub
make[1]: Entering directory '/sources/automake-1.16.1/t/silent-c.dir/sub'
test -z "baz bla" || rm -f baz bla
rm -f *.o
make[1]: Leaving directory '/sources/automake-1.16.1/t/silent-c.dir/sub'
make[1]: Entering directory '/sources/automake-1.16.1/t/silent-c.dir'
test -z "foo bar" || rm -f foo bar
rm -f *.o
make[1]: Leaving directory '/sources/automake-1.16.1/t/silent-c.dir'
+ run_make -O V=1
+ am__make_redirect_stdout=no
+ am__make_redirect_stderr=no
+ am__make_redirect_stdall=no
+ am__make_flags=
+ am__make_rc_exp=0
+ am_make_rc=0
+ test 2 -gt 0
+ case $1 in
+ am__make_redirect_stdout=yes
+ shift
+ test 1 -gt 0
+ case $1 in
+ break
+ using_gmake
+ case $am__using_gmake in
+ return 0
+ :
+ test x '!=' x
+ : exec make V=1
+ set +x
+ test 0 -eq 253
+ test no = yes
+ test yes = yes
+ cat stdout
Making all in sub
make[1]: Entering directory '/sources/automake-1.16.1/t/silent-c.dir/sub'
depbase=`echo baz.o | sed 's|[^/]*$|.deps/&|;s|\.o$||'`;\
cc -DPACKAGE_NAME=\"silent-c\" -DPACKAGE_TARNAME=\"silent-c\" -DPACKAGE_VERSION=\"1.0\" -DPACKAGE_STRING=\"silent-c\ 1.0\" -DPACKAGE_BUGREPORT=\"\" -DPACKAGE_URL=\"\" -DPACKAGE=\"silent-c\" -DVERSION=\"1.0\" -I.     -g -O2 -MT baz.o -MD -MP -MF $depbase.Tpo -c -o baz.o baz.c &&\
mv -f $depbase.Tpo $depbase.Po
cc  -g -O2   -o baz baz.o  
cc -DPACKAGE_NAME=\"silent-c\" -DPACKAGE_TARNAME=\"silent-c\" -DPACKAGE_VERSION=\"1.0\" -DPACKAGE_STRING=\"silent-c\ 1.0\" -DPACKAGE_BUGREPORT=\"\" -DPACKAGE_URL=\"\" -DPACKAGE=\"silent-c\" -DVERSION=\"1.0\" -I.     -g -O2 -MT bla-bla.o -MD -MP -MF .deps/bla-bla.Tpo -c -o bla-bla.o `test -f 'bla.c' || echo './'`bla.c
mv -f .deps/bla-bla.Tpo .deps/bla-bla.Po
cc  -g -O2   -o bla bla-bla.o  
make[1]: Leaving directory '/sources/automake-1.16.1/t/silent-c.dir/sub'
make[1]: Entering directory '/sources/automake-1.16.1/t/silent-c.dir'
cc -DPACKAGE_NAME=\"silent-c\" -DPACKAGE_TARNAME=\"silent-c\" -DPACKAGE_VERSION=\"1.0\" -DPACKAGE_STRING=\"silent-c\ 1.0\" -DPACKAGE_BUGREPORT=\"\" -DPACKAGE_URL=\"\" -DPACKAGE=\"silent-c\" -DVERSION=\"1.0\" -I.     -g -O2 -MT foo.o -MD -MP -MF .deps/foo.Tpo -c -o foo.o foo.c
mv -f .deps/foo.Tpo .deps/foo.Po
cc  -g -O2   -o foo foo.o  
cc -DPACKAGE_NAME=\"silent-c\" -DPACKAGE_TARNAME=\"silent-c\" -DPACKAGE_VERSION=\"1.0\" -DPACKAGE_STRING=\"silent-c\ 1.0\" -DPACKAGE_BUGREPORT=\"\" -DPACKAGE_URL=\"\" -DPACKAGE=\"silent-c\" -DVERSION=\"1.0\" -I.     -g -O2 -MT bar-bar.o -MD -MP -MF .deps/bar-bar.Tpo -c -o bar-bar.o `test -f 'bar.c' || echo './'`bar.c
mv -f .deps/bar-bar.Tpo .deps/bar-bar.Po
cc  -g -O2   -o bar bar-bar.o  
make[1]: Leaving directory '/sources/automake-1.16.1/t/silent-c.dir'
+ test no = yes
+ case $am__make_rc_exp in
+ test 0 -ge 0
+ test 0 -le 255
+ test 0 -eq 0
+ grep ' -c' stdout
cc -DPACKAGE_NAME=\"silent-c\" -DPACKAGE_TARNAME=\"silent-c\" -DPACKAGE_VERSION=\"1.0\" -DPACKAGE_STRING=\"silent-c\ 1.0\" -DPACKAGE_BUGREPORT=\"\" -DPACKAGE_URL=\"\" -DPACKAGE=\"silent-c\" -DVERSION=\"1.0\" -I.     -g -O2 -MT baz.o -MD -MP -MF $depbase.Tpo -c -o baz.o baz.c &&\
cc -DPACKAGE_NAME=\"silent-c\" -DPACKAGE_TARNAME=\"silent-c\" -DPACKAGE_VERSION=\"1.0\" -DPACKAGE_STRING=\"silent-c\ 1.0\" -DPACKAGE_BUGREPORT=\"\" -DPACKAGE_URL=\"\" -DPACKAGE=\"silent-c\" -DVERSION=\"1.0\" -I.     -g -O2 -MT bla-bla.o -MD -MP -MF .deps/bla-bla.Tpo -c -o bla-bla.o `test -f 'bla.c' || echo './'`bla.c
cc -DPACKAGE_NAME=\"silent-c\" -DPACKAGE_TARNAME=\"silent-c\" -DPACKAGE_VERSION=\"1.0\" -DPACKAGE_STRING=\"silent-c\ 1.0\" -DPACKAGE_BUGREPORT=\"\" -DPACKAGE_URL=\"\" -DPACKAGE=\"silent-c\" -DVERSION=\"1.0\" -I.     -g -O2 -MT foo.o -MD -MP -MF .deps/foo.Tpo -c -o foo.o foo.c
cc -DPACKAGE_NAME=\"silent-c\" -DPACKAGE_TARNAME=\"silent-c\" -DPACKAGE_VERSION=\"1.0\" -DPACKAGE_STRING=\"silent-c\ 1.0\" -DPACKAGE_BUGREPORT=\"\" -DPACKAGE_URL=\"\" -DPACKAGE=\"silent-c\" -DVERSION=\"1.0\" -I.     -g -O2 -MT bar-bar.o -MD -MP -MF .deps/bar-bar.Tpo -c -o bar-bar.o `test -f 'bar.c' || echo './'`bar.c
+ grep ' -o foo' stdout
cc -DPACKAGE_NAME=\"silent-c\" -DPACKAGE_TARNAME=\"silent-c\" -DPACKAGE_VERSION=\"1.0\" -DPACKAGE_STRING=\"silent-c\ 1.0\" -DPACKAGE_BUGREPORT=\"\" -DPACKAGE_URL=\"\" -DPACKAGE=\"silent-c\" -DVERSION=\"1.0\" -I.     -g -O2 -MT foo.o -MD -MP -MF .deps/foo.Tpo -c -o foo.o foo.c
cc  -g -O2   -o foo foo.o  
+ /bin/grep -E '(CC|LD) ' stdout
+ make distclean
Making distclean in sub
make[1]: Entering directory '/sources/automake-1.16.1/t/silent-c.dir/sub'
test -z "baz bla" || rm -f baz bla
rm -f *.o
rm -f *.tab.c
test -z "" || rm -f 
test . = "." || test -z "" || rm -f 
rm -f TAGS ID GTAGS GRTAGS GSYMS GPATH tags
rm -f ./.deps/baz.Po
rm -f ./.deps/bla-bla.Po
rm -f Makefile
make[1]: Leaving directory '/sources/automake-1.16.1/t/silent-c.dir/sub'
make[1]: Entering directory '/sources/automake-1.16.1/t/silent-c.dir'
test -z "foo bar" || rm -f foo bar
rm -f *.o
rm -f *.tab.c
test -z "" || rm -f 
test . = "." || test -z "" || rm -f 
rm -f TAGS ID GTAGS GRTAGS GSYMS GPATH tags
rm -f cscope.out cscope.in.out cscope.po.out cscope.files
make[1]: Leaving directory '/sources/automake-1.16.1/t/silent-c.dir'
rm -f config.status config.cache config.log configure.lineno config.status.lineno
rm -f ./.deps/bar-bar.Po
rm -f ./.deps/foo.Po
rm -f Makefile
+ for config_args in '--enable-dependency-tracking' '--disable-dependency-tracking'
+ ./configure --enable-silent-rules --disable-dependency-tracking
checking for a BSD-compatible install... /usr/bin/install -c
checking whether build environment is sane... yes
checking for a thread-safe mkdir -p... /tools/bin/mkdir -p
checking for gawk... gawk
checking whether make sets $(MAKE)... yes
checking whether make supports nested variables... yes
checking for gcc... cc
checking whether the C compiler works... yes
checking for C compiler default output file name... a.out
checking for suffix of executables... 
checking whether we are cross compiling... no
checking for suffix of object files... o
checking whether we are using the GNU C compiler... yes
checking whether cc accepts -g... yes
checking for cc option to accept ISO C89... none needed
checking whether cc understands -c and -o together... yes
checking whether make supports the include directive... yes (GNU style)
checking dependency style of cc... none
checking that generated files are newer than configure... done
configure: creating ./config.status
config.status: creating Makefile
config.status: creating sub/Makefile
config.status: executing depfiles commands
+ run_make -O
+ am__make_redirect_stdout=no
+ am__make_redirect_stderr=no
+ am__make_redirect_stdall=no
+ am__make_flags=
+ am__make_rc_exp=0
+ am_make_rc=0
+ test 1 -gt 0
+ case $1 in
+ am__make_redirect_stdout=yes
+ shift
+ test 0 -gt 0
+ using_gmake
+ case $am__using_gmake in
+ return 0
+ :
+ test x '!=' x
+ : exec make
+ set +x
+ test 0 -eq 253
+ test no = yes
+ test yes = yes
+ cat stdout
Making all in sub
make[1]: Entering directory '/sources/automake-1.16.1/t/silent-c.dir/sub'
  CC       baz.o
  CCLD     baz
  CC       bla-bla.o
  CCLD     bla
make[1]: Leaving directory '/sources/automake-1.16.1/t/silent-c.dir/sub'
make[1]: Entering directory '/sources/automake-1.16.1/t/silent-c.dir'
  CC       foo.o
  CCLD     foo
  CC       bar-bar.o
  CCLD     bar
make[1]: Leaving directory '/sources/automake-1.16.1/t/silent-c.dir'
+ test no = yes
+ case $am__make_rc_exp in
+ test 0 -ge 0
+ test 0 -le 255
+ test 0 -eq 0
+ /bin/grep -E ' (-c|-o)' stdout
+ grep 'mv ' stdout
+ grep 'CC .*foo\.' stdout
  CC       foo.o
+ grep 'CC .*bar\.' stdout
  CC       bar-bar.o
+ grep 'CC .*baz\.' stdout
  CC       baz.o
+ grep 'CC .*bla\.' stdout
  CC       bla-bla.o
+ grep 'CCLD .*foo' stdout
  CCLD     foo
+ grep 'CCLD .*bar' stdout
  CCLD     bar
+ grep 'CCLD .*baz' stdout
  CCLD     baz
+ grep 'CCLD .*bla' stdout
  CCLD     bla
+ make clean
Making clean in sub
make[1]: Entering directory '/sources/automake-1.16.1/t/silent-c.dir/sub'
test -z "baz bla" || rm -f baz bla
rm -f *.o
make[1]: Leaving directory '/sources/automake-1.16.1/t/silent-c.dir/sub'
make[1]: Entering directory '/sources/automake-1.16.1/t/silent-c.dir'
test -z "foo bar" || rm -f foo bar
rm -f *.o
make[1]: Leaving directory '/sources/automake-1.16.1/t/silent-c.dir'
+ run_make -O V=1
+ am__make_redirect_stdout=no
+ am__make_redirect_stderr=no
+ am__make_redirect_stdall=no
+ am__make_flags=
+ am__make_rc_exp=0
+ am_make_rc=0
+ test 2 -gt 0
+ case $1 in
+ am__make_redirect_stdout=yes
+ shift
+ test 1 -gt 0
+ case $1 in
+ break
+ using_gmake
+ case $am__using_gmake in
+ return 0
+ :
+ test x '!=' x
+ : exec make V=1
+ set +x
+ test 0 -eq 253
+ test no = yes
+ test yes = yes
+ cat stdout
Making all in sub
make[1]: Entering directory '/sources/automake-1.16.1/t/silent-c.dir/sub'
cc -DPACKAGE_NAME=\"silent-c\" -DPACKAGE_TARNAME=\"silent-c\" -DPACKAGE_VERSION=\"1.0\" -DPACKAGE_STRING=\"silent-c\ 1.0\" -DPACKAGE_BUGREPORT=\"\" -DPACKAGE_URL=\"\" -DPACKAGE=\"silent-c\" -DVERSION=\"1.0\" -I.     -g -O2 -c -o baz.o baz.c
cc  -g -O2   -o baz baz.o  
cc -DPACKAGE_NAME=\"silent-c\" -DPACKAGE_TARNAME=\"silent-c\" -DPACKAGE_VERSION=\"1.0\" -DPACKAGE_STRING=\"silent-c\ 1.0\" -DPACKAGE_BUGREPORT=\"\" -DPACKAGE_URL=\"\" -DPACKAGE=\"silent-c\" -DVERSION=\"1.0\" -I.     -g -O2 -c -o bla-bla.o `test -f 'bla.c' || echo './'`bla.c
cc  -g -O2   -o bla bla-bla.o  
make[1]: Leaving directory '/sources/automake-1.16.1/t/silent-c.dir/sub'
make[1]: Entering directory '/sources/automake-1.16.1/t/silent-c.dir'
cc -DPACKAGE_NAME=\"silent-c\" -DPACKAGE_TARNAME=\"silent-c\" -DPACKAGE_VERSION=\"1.0\" -DPACKAGE_STRING=\"silent-c\ 1.0\" -DPACKAGE_BUGREPORT=\"\" -DPACKAGE_URL=\"\" -DPACKAGE=\"silent-c\" -DVERSION=\"1.0\" -I.     -g -O2 -c -o foo.o foo.c
cc  -g -O2   -o foo foo.o  
cc -DPACKAGE_NAME=\"silent-c\" -DPACKAGE_TARNAME=\"silent-c\" -DPACKAGE_VERSION=\"1.0\" -DPACKAGE_STRING=\"silent-c\ 1.0\" -DPACKAGE_BUGREPORT=\"\" -DPACKAGE_URL=\"\" -DPACKAGE=\"silent-c\" -DVERSION=\"1.0\" -I.     -g -O2 -c -o bar-bar.o `test -f 'bar.c' || echo './'`bar.c
cc  -g -O2   -o bar bar-bar.o  
make[1]: Leaving directory '/sources/automake-1.16.1/t/silent-c.dir'
+ test no = yes
+ case $am__make_rc_exp in
+ test 0 -ge 0
+ test 0 -le 255
+ test 0 -eq 0
+ grep ' -c' stdout
cc -DPACKAGE_NAME=\"silent-c\" -DPACKAGE_TARNAME=\"silent-c\" -DPACKAGE_VERSION=\"1.0\" -DPACKAGE_STRING=\"silent-c\ 1.0\" -DPACKAGE_BUGREPORT=\"\" -DPACKAGE_URL=\"\" -DPACKAGE=\"silent-c\" -DVERSION=\"1.0\" -I.     -g -O2 -c -o baz.o baz.c
cc -DPACKAGE_NAME=\"silent-c\" -DPACKAGE_TARNAME=\"silent-c\" -DPACKAGE_VERSION=\"1.0\" -DPACKAGE_STRING=\"silent-c\ 1.0\" -DPACKAGE_BUGREPORT=\"\" -DPACKAGE_URL=\"\" -DPACKAGE=\"silent-c\" -DVERSION=\"1.0\" -I.     -g -O2 -c -o bla-bla.o `test -f 'bla.c' || echo './'`bla.c
cc -DPACKAGE_NAME=\"silent-c\" -DPACKAGE_TARNAME=\"silent-c\" -DPACKAGE_VERSION=\"1.0\" -DPACKAGE_STRING=\"silent-c\ 1.0\" -DPACKAGE_BUGREPORT=\"\" -DPACKAGE_URL=\"\" -DPACKAGE=\"silent-c\" -DVERSION=\"1.0\" -I.     -g -O2 -c -o foo.o foo.c
cc -DPACKAGE_NAME=\"silent-c\" -DPACKAGE_TARNAME=\"silent-c\" -DPACKAGE_VERSION=\"1.0\" -DPACKAGE_STRING=\"silent-c\ 1.0\" -DPACKAGE_BUGREPORT=\"\" -DPACKAGE_URL=\"\" -DPACKAGE=\"silent-c\" -DVERSION=\"1.0\" -I.     -g -O2 -c -o bar-bar.o `test -f 'bar.c' || echo './'`bar.c
+ grep ' -o foo' stdout
cc -DPACKAGE_NAME=\"silent-c\" -DPACKAGE_TARNAME=\"silent-c\" -DPACKAGE_VERSION=\"1.0\" -DPACKAGE_STRING=\"silent-c\ 1.0\" -DPACKAGE_BUGREPORT=\"\" -DPACKAGE_URL=\"\" -DPACKAGE=\"silent-c\" -DVERSION=\"1.0\" -I.     -g -O2 -c -o foo.o foo.c
cc  -g -O2   -o foo foo.o  
+ /bin/grep -E '(CC|LD) ' stdout
+ make distclean
Making distclean in sub
make[1]: Entering directory '/sources/automake-1.16.1/t/silent-c.dir/sub'
test -z "baz bla" || rm -f baz bla
rm -f *.o
rm -f *.tab.c
test -z "" || rm -f 
test . = "." || test -z "" || rm -f 
rm -f TAGS ID GTAGS GRTAGS GSYMS GPATH tags
rm -f ./.deps/baz.Po
rm -f ./.deps/bla-bla.Po
rm -f Makefile
make[1]: Leaving directory '/sources/automake-1.16.1/t/silent-c.dir/sub'
make[1]: Entering directory '/sources/automake-1.16.1/t/silent-c.dir'
test -z "foo bar" || rm -f foo bar
rm -f *.o
rm -f *.tab.c
test -z "" || rm -f 
test . = "." || test -z "" || rm -f 
rm -f TAGS ID GTAGS GRTAGS GSYMS GPATH tags
rm -f cscope.out cscope.in.out cscope.po.out cscope.files
make[1]: Leaving directory '/sources/automake-1.16.1/t/silent-c.dir'
rm -f config.status config.cache config.log configure.lineno config.status.lineno
rm -f ./.deps/bar-bar.Po
rm -f ./.deps/foo.Po
rm -f Makefile
+ :
+ am_exit_trap 0
+ exit_status=0
+ set +e
+ cd /sources/automake-1.16.1
+ test none = tap
+ case $am_explicit_skips in
+ test 0 -eq 0
+ am_keeping_testdirs
+ case $keep_testdirs in
+ return 1
+ rm_rf_ t/silent-c.dir
+ test 1 -gt 0
+ /usr/bin/perl /sources/automake-1.16.1/t/ax/deltree.pl t/silent-c.dir
+ set +x
PASS t/silent-c.sh (exit status: 0)
