Running from installcheck: no
Test Protocol: none
PATH = /sources/automake-1.16.1/bin:/sources/automake-1.16.1/t/ax:/bin:/usr/bin:/sbin:/usr/sbin:/tools/bin
++ pwd
/sources/automake-1.16.1/t/silent-yacc-headers.dir
+ mkdir sub
+ cat
+ cat
+ cat
+ aclocal-1.16 -Werror
+ automake-1.16 --foreign -Werror -Wall --add-missing
configure.ac: installing './ylwrap'
+ autoconf
+ /bin/grep -F bar-parse.c Makefile.in
am__DIST_COMMON = $(srcdir)/Makefile.in bar-parse.c bar-parse.h \
bar-parse.h: bar-parse.c
	@if test ! -f $@; then rm -f bar-parse.c; else :; fi
	@if test ! -f $@; then $(MAKE) $(AM_MAKEFLAGS) bar-parse.c; else :; fi
bar-parse.c: parse.y
	$(SHELL) $(YLWRAP) `test -f 'parse.y' || echo '$(srcdir)/'`parse.y y.tab.c bar-parse.c y.tab.h `echo bar-parse.c | $(am__yacc_c2h)` y.output bar-parse.output -- $(YACC) $(bar_YFLAGS) $(YFLAGS)
	-rm -f bar-parse.c
+ /bin/grep -F '$(bar_YFLAGS)' Makefile.in
	$(SHELL) $(YLWRAP) `test -f 'parse.y' || echo '$(srcdir)/'`parse.y y.tab.c bar-parse.c y.tab.h `echo bar-parse.c | $(am__yacc_c2h)` y.output bar-parse.output -- $(YACC) $(bar_YFLAGS) $(YFLAGS)
+ ./configure --enable-silent-rules
checking for a BSD-compatible install... /usr/bin/install -c
checking whether build environment is sane... yes
checking for a thread-safe mkdir -p... /tools/bin/mkdir -p
checking for gawk... gawk
checking whether make sets $(MAKE)... yes
checking whether make supports nested variables... yes
checking for bison... yacc
checking for gcc... cc
checking whether the C compiler works... yes
checking for C compiler default output file name... a.out
checking for suffix of executables... 
checking whether we are cross compiling... no
checking for suffix of object files... o
checking whether we are using the GNU C compiler... yes
checking whether cc accepts -g... yes
checking for cc option to accept ISO C89... none needed
checking whether cc understands -c and -o together... yes
checking whether make supports the include directive... yes (GNU style)
checking dependency style of cc... gcc3
checking that generated files are newer than configure... done
configure: creating ./config.status
config.status: creating Makefile
config.status: executing depfiles commands
+ run_make -O
+ am__make_redirect_stdout=no
+ am__make_redirect_stderr=no
+ am__make_redirect_stdall=no
+ am__make_flags=
+ am__make_rc_exp=0
+ am_make_rc=0
+ test 1 -gt 0
+ case $1 in
+ am__make_redirect_stdout=yes
+ shift
+ test 0 -gt 0
+ using_gmake
+ case $am__using_gmake in
+ make --version -v
+ grep GNU
GNU Make 4.2.1
License GPLv3+: GNU GPL version 3 or later <http://gnu.org/licenses/gpl.html>
+ am__using_gmake=yes
+ return 0
+ :
+ test x '!=' x
+ : exec make
+ set +x
+ test 0 -eq 253
+ test no = yes
+ test yes = yes
+ cat stdout
  YACC     parse.c
updating parse.h
  CC       parse.o
  CCLD     foo
  YACC     bar-parse.c
updating bar-parse.h
  CC       bar-parse.o
  CCLD     bar
+ test no = yes
+ case $am__make_rc_exp in
+ test 0 -ge 0
+ test 0 -le 255
+ test 0 -eq 0
+ /bin/grep -E ' (-c|-d|-o)' stdout
+ /bin/grep -E '(mv|ylwrap) ' stdout
+ grep 'YACC  *parse\.c' stdout
  YACC     parse.c
+ grep 'updating  *parse\.h' stdout
updating parse.h
+ grep 'YACC  *bar-parse\.c' stdout
  YACC     bar-parse.c
+ grep 'updating  *bar-parse\.h' stdout
updating bar-parse.h
+ grep ' CC  *parse\.' stdout
  CC       parse.o
+ grep ' CC  *bar-parse\.' stdout
  CC       bar-parse.o
+ grep 'CCLD  *foo' stdout
  CCLD     foo
+ grep 'CCLD  *bar' stdout
  CCLD     bar
+ rm -f parse.h bar-parse.h
+ run_make -O parse.h bar-parse.h
+ am__make_redirect_stdout=no
+ am__make_redirect_stderr=no
+ am__make_redirect_stdall=no
+ am__make_flags=
+ am__make_rc_exp=0
+ am_make_rc=0
+ test 3 -gt 0
+ case $1 in
+ am__make_redirect_stdout=yes
+ shift
+ test 2 -gt 0
+ case $1 in
+ break
+ using_gmake
+ case $am__using_gmake in
+ return 0
+ :
+ test x '!=' x
+ : exec make parse.h bar-parse.h
+ set +x
+ test 0 -eq 253
+ test no = yes
+ test yes = yes
+ cat stdout
make[1]: Entering directory '/sources/automake-1.16.1/t/silent-yacc-headers.dir'
  YACC     parse.c
updating parse.h
make[1]: Leaving directory '/sources/automake-1.16.1/t/silent-yacc-headers.dir'
make[1]: Entering directory '/sources/automake-1.16.1/t/silent-yacc-headers.dir'
  YACC     bar-parse.c
updating bar-parse.h
make[1]: Leaving directory '/sources/automake-1.16.1/t/silent-yacc-headers.dir'
+ test no = yes
+ case $am__make_rc_exp in
+ test 0 -ge 0
+ test 0 -le 255
+ test 0 -eq 0
+ /bin/grep -E ' (-c|-d|-o)' stdout
+ /bin/grep -E '(mv|ylwrap) ' stdout
+ grep 'YACC  *parse\.c' stdout
  YACC     parse.c
+ grep 'updating  *parse\.h' stdout
updating parse.h
+ grep 'YACC  *bar-parse\.c' stdout
  YACC     bar-parse.c
+ grep 'updating  *bar-parse\.h' stdout
updating bar-parse.h
+ make clean
test -z "foo bar" || rm -f foo bar
rm -f *.o
+ run_make -O
+ am__make_redirect_stdout=no
+ am__make_redirect_stderr=no
+ am__make_redirect_stdall=no
+ am__make_flags=
+ am__make_rc_exp=0
+ am_make_rc=0
+ test 1 -gt 0
+ case $1 in
+ am__make_redirect_stdout=yes
+ shift
+ test 0 -gt 0
+ using_gmake
+ case $am__using_gmake in
+ return 0
+ :
+ test x '!=' x
+ : exec make
+ set +x
+ test 0 -eq 253
+ test no = yes
+ test yes = yes
+ cat stdout
  CC       parse.o
  CCLD     foo
  CC       bar-parse.o
  CCLD     bar
+ test no = yes
+ case $am__make_rc_exp in
+ test 0 -ge 0
+ test 0 -le 255
+ test 0 -eq 0
+ /bin/grep -E ' (-c|-d|-o)' stdout
+ /bin/grep -E '(mv|ylwrap) ' stdout
+ grep ' CC  *parse\.' stdout
  CC       parse.o
+ grep ' CC  *bar-parse\.' stdout
  CC       bar-parse.o
+ grep 'CCLD  *foo' stdout
  CCLD     foo
+ grep 'CCLD  *bar' stdout
  CCLD     bar
+ rm -f parse.h bar-parse.h
+ run_make -O parse.h bar-parse.h
+ am__make_redirect_stdout=no
+ am__make_redirect_stderr=no
+ am__make_redirect_stdall=no
+ am__make_flags=
+ am__make_rc_exp=0
+ am_make_rc=0
+ test 3 -gt 0
+ case $1 in
+ am__make_redirect_stdout=yes
+ shift
+ test 2 -gt 0
+ case $1 in
+ break
+ using_gmake
+ case $am__using_gmake in
+ return 0
+ :
+ test x '!=' x
+ : exec make parse.h bar-parse.h
+ set +x
+ test 0 -eq 253
+ test no = yes
+ test yes = yes
+ cat stdout
make[1]: Entering directory '/sources/automake-1.16.1/t/silent-yacc-headers.dir'
  YACC     parse.c
updating parse.h
make[1]: Leaving directory '/sources/automake-1.16.1/t/silent-yacc-headers.dir'
make[1]: Entering directory '/sources/automake-1.16.1/t/silent-yacc-headers.dir'
  YACC     bar-parse.c
updating bar-parse.h
make[1]: Leaving directory '/sources/automake-1.16.1/t/silent-yacc-headers.dir'
+ test no = yes
+ case $am__make_rc_exp in
+ test 0 -ge 0
+ test 0 -le 255
+ test 0 -eq 0
+ /bin/grep -E ' (-c|-d|-o)' stdout
+ /bin/grep -E '(mv|ylwrap) ' stdout
+ grep 'YACC  *parse\.c' stdout
  YACC     parse.c
+ grep 'updating  *parse\.h' stdout
updating parse.h
+ grep 'YACC  *bar-parse\.c' stdout
  YACC     bar-parse.c
+ grep 'updating  *bar-parse\.h' stdout
updating bar-parse.h
+ make maintainer-clean
test -z "foo bar" || rm -f foo bar
rm -f *.o
rm -f *.tab.c
test -z "" || rm -f 
test . = "." || test -z "" || rm -f 
rm -f TAGS ID GTAGS GRTAGS GSYMS GPATH tags
rm -f cscope.out cscope.in.out cscope.po.out cscope.files
This command is intended for maintainers to use
it deletes files that may require special tools to rebuild.
rm -f bar-parse.c
rm -f bar-parse.h
rm -f parse.c
rm -f parse.h
rm -f config.status config.cache config.log configure.lineno config.status.lineno
rm -rf ./autom4te.cache
rm -f ./.deps/bar-parse.Po
rm -f ./.deps/parse.Po
rm -f Makefile
+ ./configure --enable-silent-rules
checking for a BSD-compatible install... /usr/bin/install -c
checking whether build environment is sane... yes
checking for a thread-safe mkdir -p... /tools/bin/mkdir -p
checking for gawk... gawk
checking whether make sets $(MAKE)... yes
checking whether make supports nested variables... yes
checking for bison... yacc
checking for gcc... cc
checking whether the C compiler works... yes
checking for C compiler default output file name... a.out
checking for suffix of executables... 
checking whether we are cross compiling... no
checking for suffix of object files... o
checking whether we are using the GNU C compiler... yes
checking whether cc accepts -g... yes
checking for cc option to accept ISO C89... none needed
checking whether cc understands -c and -o together... yes
checking whether make supports the include directive... yes (GNU style)
checking dependency style of cc... gcc3
checking that generated files are newer than configure... done
configure: creating ./config.status
config.status: creating Makefile
config.status: executing depfiles commands
+ run_make -O V=1
+ am__make_redirect_stdout=no
+ am__make_redirect_stderr=no
+ am__make_redirect_stdall=no
+ am__make_flags=
+ am__make_rc_exp=0
+ am_make_rc=0
+ test 2 -gt 0
+ case $1 in
+ am__make_redirect_stdout=yes
+ shift
+ test 1 -gt 0
+ case $1 in
+ break
+ using_gmake
+ case $am__using_gmake in
+ return 0
+ :
+ test x '!=' x
+ : exec make V=1
+ set +x
+ test 0 -eq 253
+ test no = yes
+ test yes = yes
+ cat stdout
/bin/sh ./ylwrap parse.y y.tab.c parse.c y.tab.h `echo parse.c | sed -e s/cc$/hh/ -e s/cpp$/hpp/ -e s/cxx$/hxx/ -e s/c++$/h++/ -e s/c$/h/` y.output parse.output -- yacc -d 
updating parse.h
cc -DPACKAGE_NAME=\"silent-yacc-headers\" -DPACKAGE_TARNAME=\"silent-yacc-headers\" -DPACKAGE_VERSION=\"1.0\" -DPACKAGE_STRING=\"silent-yacc-headers\ 1.0\" -DPACKAGE_BUGREPORT=\"\" -DPACKAGE_URL=\"\" -DPACKAGE=\"silent-yacc-headers\" -DVERSION=\"1.0\" -I.     -g -O2 -MT parse.o -MD -MP -MF .deps/parse.Tpo -c -o parse.o parse.c
mv -f .deps/parse.Tpo .deps/parse.Po
cc  -g -O2   -o foo parse.o  
\
 \
/bin/sh ./ylwrap `test -f 'parse.y' || echo './'`parse.y y.tab.c bar-parse.c y.tab.h `echo bar-parse.c | sed -e s/cc$/hh/ -e s/cpp$/hpp/ -e s/cxx$/hxx/ -e s/c++$/h++/ -e s/c$/h/` y.output bar-parse.output -- yacc -d 
updating bar-parse.h
cc -DPACKAGE_NAME=\"silent-yacc-headers\" -DPACKAGE_TARNAME=\"silent-yacc-headers\" -DPACKAGE_VERSION=\"1.0\" -DPACKAGE_STRING=\"silent-yacc-headers\ 1.0\" -DPACKAGE_BUGREPORT=\"\" -DPACKAGE_URL=\"\" -DPACKAGE=\"silent-yacc-headers\" -DVERSION=\"1.0\" -I.     -g -O2 -MT bar-parse.o -MD -MP -MF .deps/bar-parse.Tpo -c -o bar-parse.o bar-parse.c
mv -f .deps/bar-parse.Tpo .deps/bar-parse.Po
cc  -g -O2   -o bar bar-parse.o  
+ test no = yes
+ case $am__make_rc_exp in
+ test 0 -ge 0
+ test 0 -le 255
+ test 0 -eq 0
+ grep ' -c ' stdout
cc -DPACKAGE_NAME=\"silent-yacc-headers\" -DPACKAGE_TARNAME=\"silent-yacc-headers\" -DPACKAGE_VERSION=\"1.0\" -DPACKAGE_STRING=\"silent-yacc-headers\ 1.0\" -DPACKAGE_BUGREPORT=\"\" -DPACKAGE_URL=\"\" -DPACKAGE=\"silent-yacc-headers\" -DVERSION=\"1.0\" -I.     -g -O2 -MT parse.o -MD -MP -MF .deps/parse.Tpo -c -o parse.o parse.c
cc -DPACKAGE_NAME=\"silent-yacc-headers\" -DPACKAGE_TARNAME=\"silent-yacc-headers\" -DPACKAGE_VERSION=\"1.0\" -DPACKAGE_STRING=\"silent-yacc-headers\ 1.0\" -DPACKAGE_BUGREPORT=\"\" -DPACKAGE_URL=\"\" -DPACKAGE=\"silent-yacc-headers\" -DVERSION=\"1.0\" -I.     -g -O2 -MT bar-parse.o -MD -MP -MF .deps/bar-parse.Tpo -c -o bar-parse.o bar-parse.c
+ grep ' -o ' stdout
cc -DPACKAGE_NAME=\"silent-yacc-headers\" -DPACKAGE_TARNAME=\"silent-yacc-headers\" -DPACKAGE_VERSION=\"1.0\" -DPACKAGE_STRING=\"silent-yacc-headers\ 1.0\" -DPACKAGE_BUGREPORT=\"\" -DPACKAGE_URL=\"\" -DPACKAGE=\"silent-yacc-headers\" -DVERSION=\"1.0\" -I.     -g -O2 -MT parse.o -MD -MP -MF .deps/parse.Tpo -c -o parse.o parse.c
cc  -g -O2   -o foo parse.o  
cc -DPACKAGE_NAME=\"silent-yacc-headers\" -DPACKAGE_TARNAME=\"silent-yacc-headers\" -DPACKAGE_VERSION=\"1.0\" -DPACKAGE_STRING=\"silent-yacc-headers\ 1.0\" -DPACKAGE_BUGREPORT=\"\" -DPACKAGE_URL=\"\" -DPACKAGE=\"silent-yacc-headers\" -DVERSION=\"1.0\" -I.     -g -O2 -MT bar-parse.o -MD -MP -MF .deps/bar-parse.Tpo -c -o bar-parse.o bar-parse.c
cc  -g -O2   -o bar bar-parse.o  
+ grep ' -d ' stdout
/bin/sh ./ylwrap parse.y y.tab.c parse.c y.tab.h `echo parse.c | sed -e s/cc$/hh/ -e s/cpp$/hpp/ -e s/cxx$/hxx/ -e s/c++$/h++/ -e s/c$/h/` y.output parse.output -- yacc -d 
/bin/sh ./ylwrap `test -f 'parse.y' || echo './'`parse.y y.tab.c bar-parse.c y.tab.h `echo bar-parse.c | sed -e s/cc$/hh/ -e s/cpp$/hpp/ -e s/cxx$/hxx/ -e s/c++$/h++/ -e s/c$/h/` y.output bar-parse.output -- yacc -d 
+ grep 'ylwrap ' stdout
/bin/sh ./ylwrap parse.y y.tab.c parse.c y.tab.h `echo parse.c | sed -e s/cc$/hh/ -e s/cpp$/hpp/ -e s/cxx$/hxx/ -e s/c++$/h++/ -e s/c$/h/` y.output parse.output -- yacc -d 
/bin/sh ./ylwrap `test -f 'parse.y' || echo './'`parse.y y.tab.c bar-parse.c y.tab.h `echo bar-parse.c | sed -e s/cc$/hh/ -e s/cpp$/hpp/ -e s/cxx$/hxx/ -e s/c++$/h++/ -e s/c$/h/` y.output bar-parse.output -- yacc -d 
+ /bin/grep -E '(YACC|CC|CCLD) ' stdout
+ rm -f parse.h bar-parse.h
+ run_make -O V=1 parse.h bar-parse.h
+ am__make_redirect_stdout=no
+ am__make_redirect_stderr=no
+ am__make_redirect_stdall=no
+ am__make_flags=
+ am__make_rc_exp=0
+ am_make_rc=0
+ test 4 -gt 0
+ case $1 in
+ am__make_redirect_stdout=yes
+ shift
+ test 3 -gt 0
+ case $1 in
+ break
+ using_gmake
+ case $am__using_gmake in
+ return 0
+ :
+ test x '!=' x
+ : exec make V=1 parse.h bar-parse.h
+ set +x
+ test 0 -eq 253
+ test no = yes
+ test yes = yes
+ cat stdout
make[1]: Entering directory '/sources/automake-1.16.1/t/silent-yacc-headers.dir'
/bin/sh ./ylwrap parse.y y.tab.c parse.c y.tab.h `echo parse.c | sed -e s/cc$/hh/ -e s/cpp$/hpp/ -e s/cxx$/hxx/ -e s/c++$/h++/ -e s/c$/h/` y.output parse.output -- yacc -d 
updating parse.h
make[1]: Leaving directory '/sources/automake-1.16.1/t/silent-yacc-headers.dir'
make[1]: Entering directory '/sources/automake-1.16.1/t/silent-yacc-headers.dir'
\
 \
/bin/sh ./ylwrap `test -f 'parse.y' || echo './'`parse.y y.tab.c bar-parse.c y.tab.h `echo bar-parse.c | sed -e s/cc$/hh/ -e s/cpp$/hpp/ -e s/cxx$/hxx/ -e s/c++$/h++/ -e s/c$/h/` y.output bar-parse.output -- yacc -d 
updating bar-parse.h
make[1]: Leaving directory '/sources/automake-1.16.1/t/silent-yacc-headers.dir'
+ test no = yes
+ case $am__make_rc_exp in
+ test 0 -ge 0
+ test 0 -le 255
+ test 0 -eq 0
+ grep ' -d ' stdout
/bin/sh ./ylwrap parse.y y.tab.c parse.c y.tab.h `echo parse.c | sed -e s/cc$/hh/ -e s/cpp$/hpp/ -e s/cxx$/hxx/ -e s/c++$/h++/ -e s/c$/h/` y.output parse.output -- yacc -d 
/bin/sh ./ylwrap `test -f 'parse.y' || echo './'`parse.y y.tab.c bar-parse.c y.tab.h `echo bar-parse.c | sed -e s/cc$/hh/ -e s/cpp$/hpp/ -e s/cxx$/hxx/ -e s/c++$/h++/ -e s/c$/h/` y.output bar-parse.output -- yacc -d 
+ grep 'ylwrap ' stdout
/bin/sh ./ylwrap parse.y y.tab.c parse.c y.tab.h `echo parse.c | sed -e s/cc$/hh/ -e s/cpp$/hpp/ -e s/cxx$/hxx/ -e s/c++$/h++/ -e s/c$/h/` y.output parse.output -- yacc -d 
/bin/sh ./ylwrap `test -f 'parse.y' || echo './'`parse.y y.tab.c bar-parse.c y.tab.h `echo bar-parse.c | sed -e s/cc$/hh/ -e s/cpp$/hpp/ -e s/cxx$/hxx/ -e s/c++$/h++/ -e s/c$/h/` y.output bar-parse.output -- yacc -d 
+ grep YACC stdout
+ make clean
test -z "foo bar" || rm -f foo bar
rm -f *.o
+ run_make -O V=1
+ am__make_redirect_stdout=no
+ am__make_redirect_stderr=no
+ am__make_redirect_stdall=no
+ am__make_flags=
+ am__make_rc_exp=0
+ am_make_rc=0
+ test 2 -gt 0
+ case $1 in
+ am__make_redirect_stdout=yes
+ shift
+ test 1 -gt 0
+ case $1 in
+ break
+ using_gmake
+ case $am__using_gmake in
+ return 0
+ :
+ test x '!=' x
+ : exec make V=1
+ set +x
+ test 0 -eq 253
+ test no = yes
+ test yes = yes
+ cat stdout
cc -DPACKAGE_NAME=\"silent-yacc-headers\" -DPACKAGE_TARNAME=\"silent-yacc-headers\" -DPACKAGE_VERSION=\"1.0\" -DPACKAGE_STRING=\"silent-yacc-headers\ 1.0\" -DPACKAGE_BUGREPORT=\"\" -DPACKAGE_URL=\"\" -DPACKAGE=\"silent-yacc-headers\" -DVERSION=\"1.0\" -I.     -g -O2 -MT parse.o -MD -MP -MF .deps/parse.Tpo -c -o parse.o parse.c
mv -f .deps/parse.Tpo .deps/parse.Po
cc  -g -O2   -o foo parse.o  
cc -DPACKAGE_NAME=\"silent-yacc-headers\" -DPACKAGE_TARNAME=\"silent-yacc-headers\" -DPACKAGE_VERSION=\"1.0\" -DPACKAGE_STRING=\"silent-yacc-headers\ 1.0\" -DPACKAGE_BUGREPORT=\"\" -DPACKAGE_URL=\"\" -DPACKAGE=\"silent-yacc-headers\" -DVERSION=\"1.0\" -I.     -g -O2 -MT bar-parse.o -MD -MP -MF .deps/bar-parse.Tpo -c -o bar-parse.o bar-parse.c
mv -f .deps/bar-parse.Tpo .deps/bar-parse.Po
cc  -g -O2   -o bar bar-parse.o  
+ test no = yes
+ case $am__make_rc_exp in
+ test 0 -ge 0
+ test 0 -le 255
+ test 0 -eq 0
+ grep ' -c ' stdout
cc -DPACKAGE_NAME=\"silent-yacc-headers\" -DPACKAGE_TARNAME=\"silent-yacc-headers\" -DPACKAGE_VERSION=\"1.0\" -DPACKAGE_STRING=\"silent-yacc-headers\ 1.0\" -DPACKAGE_BUGREPORT=\"\" -DPACKAGE_URL=\"\" -DPACKAGE=\"silent-yacc-headers\" -DVERSION=\"1.0\" -I.     -g -O2 -MT parse.o -MD -MP -MF .deps/parse.Tpo -c -o parse.o parse.c
cc -DPACKAGE_NAME=\"silent-yacc-headers\" -DPACKAGE_TARNAME=\"silent-yacc-headers\" -DPACKAGE_VERSION=\"1.0\" -DPACKAGE_STRING=\"silent-yacc-headers\ 1.0\" -DPACKAGE_BUGREPORT=\"\" -DPACKAGE_URL=\"\" -DPACKAGE=\"silent-yacc-headers\" -DVERSION=\"1.0\" -I.     -g -O2 -MT bar-parse.o -MD -MP -MF .deps/bar-parse.Tpo -c -o bar-parse.o bar-parse.c
+ grep ' -o ' stdout
cc -DPACKAGE_NAME=\"silent-yacc-headers\" -DPACKAGE_TARNAME=\"silent-yacc-headers\" -DPACKAGE_VERSION=\"1.0\" -DPACKAGE_STRING=\"silent-yacc-headers\ 1.0\" -DPACKAGE_BUGREPORT=\"\" -DPACKAGE_URL=\"\" -DPACKAGE=\"silent-yacc-headers\" -DVERSION=\"1.0\" -I.     -g -O2 -MT parse.o -MD -MP -MF .deps/parse.Tpo -c -o parse.o parse.c
cc  -g -O2   -o foo parse.o  
cc -DPACKAGE_NAME=\"silent-yacc-headers\" -DPACKAGE_TARNAME=\"silent-yacc-headers\" -DPACKAGE_VERSION=\"1.0\" -DPACKAGE_STRING=\"silent-yacc-headers\ 1.0\" -DPACKAGE_BUGREPORT=\"\" -DPACKAGE_URL=\"\" -DPACKAGE=\"silent-yacc-headers\" -DVERSION=\"1.0\" -I.     -g -O2 -MT bar-parse.o -MD -MP -MF .deps/bar-parse.Tpo -c -o bar-parse.o bar-parse.c
cc  -g -O2   -o bar bar-parse.o  
+ /bin/grep -E '(YACC|CC|CCLD) ' stdout
+ rm -f parse.h bar-parse.h
+ run_make -O V=1 parse.h bar-parse.h
+ am__make_redirect_stdout=no
+ am__make_redirect_stderr=no
+ am__make_redirect_stdall=no
+ am__make_flags=
+ am__make_rc_exp=0
+ am_make_rc=0
+ test 4 -gt 0
+ case $1 in
+ am__make_redirect_stdout=yes
+ shift
+ test 3 -gt 0
+ case $1 in
+ break
+ using_gmake
+ case $am__using_gmake in
+ return 0
+ :
+ test x '!=' x
+ : exec make V=1 parse.h bar-parse.h
+ set +x
+ test 0 -eq 253
+ test no = yes
+ test yes = yes
+ cat stdout
make[1]: Entering directory '/sources/automake-1.16.1/t/silent-yacc-headers.dir'
/bin/sh ./ylwrap parse.y y.tab.c parse.c y.tab.h `echo parse.c | sed -e s/cc$/hh/ -e s/cpp$/hpp/ -e s/cxx$/hxx/ -e s/c++$/h++/ -e s/c$/h/` y.output parse.output -- yacc -d 
updating parse.h
make[1]: Leaving directory '/sources/automake-1.16.1/t/silent-yacc-headers.dir'
make[1]: Entering directory '/sources/automake-1.16.1/t/silent-yacc-headers.dir'
\
 \
/bin/sh ./ylwrap `test -f 'parse.y' || echo './'`parse.y y.tab.c bar-parse.c y.tab.h `echo bar-parse.c | sed -e s/cc$/hh/ -e s/cpp$/hpp/ -e s/cxx$/hxx/ -e s/c++$/h++/ -e s/c$/h/` y.output bar-parse.output -- yacc -d 
updating bar-parse.h
make[1]: Leaving directory '/sources/automake-1.16.1/t/silent-yacc-headers.dir'
+ test no = yes
+ case $am__make_rc_exp in
+ test 0 -ge 0
+ test 0 -le 255
+ test 0 -eq 0
+ grep ' -d ' stdout
/bin/sh ./ylwrap parse.y y.tab.c parse.c y.tab.h `echo parse.c | sed -e s/cc$/hh/ -e s/cpp$/hpp/ -e s/cxx$/hxx/ -e s/c++$/h++/ -e s/c$/h/` y.output parse.output -- yacc -d 
/bin/sh ./ylwrap `test -f 'parse.y' || echo './'`parse.y y.tab.c bar-parse.c y.tab.h `echo bar-parse.c | sed -e s/cc$/hh/ -e s/cpp$/hpp/ -e s/cxx$/hxx/ -e s/c++$/h++/ -e s/c$/h/` y.output bar-parse.output -- yacc -d 
+ grep 'ylwrap ' stdout
/bin/sh ./ylwrap parse.y y.tab.c parse.c y.tab.h `echo parse.c | sed -e s/cc$/hh/ -e s/cpp$/hpp/ -e s/cxx$/hxx/ -e s/c++$/h++/ -e s/c$/h/` y.output parse.output -- yacc -d 
/bin/sh ./ylwrap `test -f 'parse.y' || echo './'`parse.y y.tab.c bar-parse.c y.tab.h `echo bar-parse.c | sed -e s/cc$/hh/ -e s/cpp$/hpp/ -e s/cxx$/hxx/ -e s/c++$/h++/ -e s/c$/h/` y.output bar-parse.output -- yacc -d 
+ grep YACC stdout
+ :
+ am_exit_trap 0
+ exit_status=0
+ set +e
+ cd /sources/automake-1.16.1
+ test none = tap
+ case $am_explicit_skips in
+ test 0 -eq 0
+ am_keeping_testdirs
+ case $keep_testdirs in
+ return 1
+ rm_rf_ t/silent-yacc-headers.dir
+ test 1 -gt 0
+ /usr/bin/perl /sources/automake-1.16.1/t/ax/deltree.pl t/silent-yacc-headers.dir
+ set +x
PASS t/silent-yacc-headers.sh (exit status: 0)
