Running from installcheck: no
Test Protocol: none
PATH = /sources/automake-1.16.1/bin:/sources/automake-1.16.1/t/ax:/bin:/usr/bin:/sbin:/usr/sbin:/tools/bin
++ pwd
/sources/automake-1.16.1/t/specflg9.dir
+ cat
+ cat
+ aclocal-1.16 -Werror
+ automake-1.16 --foreign -Werror -Wall --add-missing
+ /bin/grep -F '$(AM_CFLAGS)' Makefile.in
	$(CPPFLAGS) $(AM_CFLAGS) $(CFLAGS)
LINK = $(CCLD) $(AM_CFLAGS) $(CFLAGS) $(AM_LDFLAGS) $(LDFLAGS) -o $@
@am__fastdepCC_TRUE@	$(AM_V_CC)$(CC) $(DEFS) $(DEFAULT_INCLUDES) $(INCLUDES) $(zzbar_CPPFLAGS) $(CPPFLAGS) $(AM_CFLAGS) $(CFLAGS) -MT zzbar-bar.o -MD -MP -MF $(DEPDIR)/zzbar-bar.Tpo -c -o zzbar-bar.o `test -f 'bar.c' || echo '$(srcdir)/'`bar.c
@am__fastdepCC_FALSE@	$(AM_V_CC@am__nodep@)$(CC) $(DEFS) $(DEFAULT_INCLUDES) $(INCLUDES) $(zzbar_CPPFLAGS) $(CPPFLAGS) $(AM_CFLAGS) $(CFLAGS) -c -o zzbar-bar.o `test -f 'bar.c' || echo '$(srcdir)/'`bar.c
@am__fastdepCC_TRUE@	$(AM_V_CC)$(CC) $(DEFS) $(DEFAULT_INCLUDES) $(INCLUDES) $(zzbar_CPPFLAGS) $(CPPFLAGS) $(AM_CFLAGS) $(CFLAGS) -MT zzbar-bar.obj -MD -MP -MF $(DEPDIR)/zzbar-bar.Tpo -c -o zzbar-bar.obj `if test -f 'bar.c'; then $(CYGPATH_W) 'bar.c'; else $(CYGPATH_W) '$(srcdir)/bar.c'; fi`
@am__fastdepCC_FALSE@	$(AM_V_CC@am__nodep@)$(CC) $(DEFS) $(DEFAULT_INCLUDES) $(INCLUDES) $(zzbar_CPPFLAGS) $(CPPFLAGS) $(AM_CFLAGS) $(CFLAGS) -c -o zzbar-bar.obj `if test -f 'bar.c'; then $(CYGPATH_W) 'bar.c'; else $(CYGPATH_W) '$(srcdir)/bar.c'; fi`
+ /bin/grep -F '$(zzfoo_CFLAGS)' Makefile.in
+ /bin/grep -F '$(zzfoo_CPPFLAGS)' Makefile.in
+ /bin/grep -F '$(zzbar_CFLAGS)' Makefile.in
+ /bin/grep -F '$(zzbar_CPPFLAGS)' Makefile.in
@am__fastdepCC_TRUE@	$(AM_V_CC)$(CC) $(DEFS) $(DEFAULT_INCLUDES) $(INCLUDES) $(zzbar_CPPFLAGS) $(CPPFLAGS) $(AM_CFLAGS) $(CFLAGS) -MT zzbar-bar.o -MD -MP -MF $(DEPDIR)/zzbar-bar.Tpo -c -o zzbar-bar.o `test -f 'bar.c' || echo '$(srcdir)/'`bar.c
@am__fastdepCC_FALSE@	$(AM_V_CC@am__nodep@)$(CC) $(DEFS) $(DEFAULT_INCLUDES) $(INCLUDES) $(zzbar_CPPFLAGS) $(CPPFLAGS) $(AM_CFLAGS) $(CFLAGS) -c -o zzbar-bar.o `test -f 'bar.c' || echo '$(srcdir)/'`bar.c
@am__fastdepCC_TRUE@	$(AM_V_CC)$(CC) $(DEFS) $(DEFAULT_INCLUDES) $(INCLUDES) $(zzbar_CPPFLAGS) $(CPPFLAGS) $(AM_CFLAGS) $(CFLAGS) -MT zzbar-bar.obj -MD -MP -MF $(DEPDIR)/zzbar-bar.Tpo -c -o zzbar-bar.obj `if test -f 'bar.c'; then $(CYGPATH_W) 'bar.c'; else $(CYGPATH_W) '$(srcdir)/bar.c'; fi`
@am__fastdepCC_FALSE@	$(AM_V_CC@am__nodep@)$(CC) $(DEFS) $(DEFAULT_INCLUDES) $(INCLUDES) $(zzbar_CPPFLAGS) $(CPPFLAGS) $(AM_CFLAGS) $(CFLAGS) -c -o zzbar-bar.obj `if test -f 'bar.c'; then $(CYGPATH_W) 'bar.c'; else $(CYGPATH_W) '$(srcdir)/bar.c'; fi`
+ :
+ am_exit_trap 0
+ exit_status=0
+ set +e
+ cd /sources/automake-1.16.1
+ test none = tap
+ case $am_explicit_skips in
+ test 0 -eq 0
+ am_keeping_testdirs
+ case $keep_testdirs in
+ return 1
+ rm_rf_ t/specflg9.dir
+ test 1 -gt 0
+ /usr/bin/perl /sources/automake-1.16.1/t/ax/deltree.pl t/specflg9.dir
+ set +x
PASS t/specflg9.sh (exit status: 0)
