Running from installcheck: no
Test Protocol: none
PATH = /sources/automake-1.16.1/bin:/sources/automake-1.16.1/t/ax:/bin:/usr/bin:/sbin:/usr/sbin:/tools/bin
++ pwd
/sources/automake-1.16.1/t/specflg6.dir
+ cat
+ cat
+ aclocal-1.16 -Werror
+ automake-1.16 --foreign -Werror -Wall
++ /bin/grep -F 'foo-foo.o: foo.c' Makefile.in
+ uncondval='foo-foo.o: foo.c'
+ cat
+ automake-1.16 --foreign -Werror -Wall
++ /bin/grep -F 'foo-foo.o: foo.c' Makefile.in
+ condval='foo-foo.o: foo.c'
+ test 'xfoo-foo.o: foo.c' = 'xfoo-foo.o: foo.c'
+ :
+ am_exit_trap 0
+ exit_status=0
+ set +e
+ cd /sources/automake-1.16.1
+ test none = tap
+ case $am_explicit_skips in
+ test 0 -eq 0
+ am_keeping_testdirs
+ case $keep_testdirs in
+ return 1
+ rm_rf_ t/specflg6.dir
+ test 1 -gt 0
+ /usr/bin/perl /sources/automake-1.16.1/t/ax/deltree.pl t/specflg6.dir
+ set +x
PASS t/specflg6.sh (exit status: 0)
