Running from installcheck: no
Test Protocol: none
PATH = /sources/automake-1.16.1/bin:/sources/automake-1.16.1/t/ax:/bin:/usr/bin:/sbin:/usr/sbin:/tools/bin
++ pwd
/sources/automake-1.16.1/t/stdinc.dir
+ cat
+ cat
+ mkdir sub
+ cat
+ cat
+ cat
+ aclocal-1.16 -Werror
+ autoconf
+ autoheader
+ automake-1.16 --foreign -Werror -Wall
+ mkdir build
+ cd build
+ ../configure -C
configure: creating cache config.cache
checking for a BSD-compatible install... /usr/bin/install -c
checking whether build environment is sane... yes
checking for a thread-safe mkdir -p... /tools/bin/mkdir -p
checking for gawk... gawk
checking whether make sets $(MAKE)... yes
checking whether make supports nested variables... yes
checking for gcc... cc
checking whether the C compiler works... yes
checking for C compiler default output file name... a.out
checking for suffix of executables... 
checking whether we are cross compiling... no
checking for suffix of object files... o
checking whether we are using the GNU C compiler... yes
checking whether cc accepts -g... yes
checking for cc option to accept ISO C89... none needed
checking whether cc understands -c and -o together... yes
checking whether make supports the include directive... yes (GNU style)
checking dependency style of cc... gcc3
configure: updating cache config.cache
checking that generated files are newer than configure... done
configure: creating ./config.status
config.status: creating Makefile
config.status: creating sub/bar.h
config.status: creating sub/config.h
config.status: executing depfiles commands
+ make
make  all-am
make[1]: Entering directory '/sources/automake-1.16.1/t/stdinc.dir/build'
cc -DHAVE_CONFIG_H -I. -I.. -I./sub     -g -O2 -MT foo.o -MD -MP -MF .deps/foo.Tpo -c -o foo.o ../foo.c
mv -f .deps/foo.Tpo .deps/foo.Po
cc  -g -O2   -o foo foo.o  
make[1]: Leaving directory '/sources/automake-1.16.1/t/stdinc.dir/build'
+ cd ..
+ ./configure -C
configure: creating cache config.cache
checking for a BSD-compatible install... /usr/bin/install -c
checking whether build environment is sane... yes
checking for a thread-safe mkdir -p... /tools/bin/mkdir -p
checking for gawk... gawk
checking whether make sets $(MAKE)... yes
checking whether make supports nested variables... yes
checking for gcc... cc
checking whether the C compiler works... yes
checking for C compiler default output file name... a.out
checking for suffix of executables... 
checking whether we are cross compiling... no
checking for suffix of object files... o
checking whether we are using the GNU C compiler... yes
checking whether cc accepts -g... yes
checking for cc option to accept ISO C89... none needed
checking whether cc understands -c and -o together... yes
checking whether make supports the include directive... yes (GNU style)
checking dependency style of cc... gcc3
configure: updating cache config.cache
checking that generated files are newer than configure... done
configure: creating ./config.status
config.status: creating Makefile
config.status: creating sub/bar.h
config.status: creating sub/config.h
config.status: executing depfiles commands
+ make
make  all-am
make[1]: Entering directory '/sources/automake-1.16.1/t/stdinc.dir'
cc -DHAVE_CONFIG_H -I. -I./sub     -g -O2 -MT foo.o -MD -MP -MF .deps/foo.Tpo -c -o foo.o foo.c
mv -f .deps/foo.Tpo .deps/foo.Po
cc  -g -O2   -o foo foo.o  
make[1]: Leaving directory '/sources/automake-1.16.1/t/stdinc.dir'
+ am_exit_trap 0
+ exit_status=0
+ set +e
+ cd /sources/automake-1.16.1
+ test none = tap
+ case $am_explicit_skips in
+ test 0 -eq 0
+ am_keeping_testdirs
+ case $keep_testdirs in
+ return 1
+ rm_rf_ t/stdinc.dir
+ test 1 -gt 0
+ /usr/bin/perl /sources/automake-1.16.1/t/ax/deltree.pl t/stdinc.dir
+ set +x
PASS t/stdinc.sh (exit status: 0)
