strip2: running strip --version
GNU strip (GNU Binutils) 2.31.1
Copyright (C) 2018 Free Software Foundation, Inc.
This program is free software; you may redistribute it under the terms of
the GNU General Public License version 3 or (at your option) any later version.
This program has absolutely no warranty.
Running from installcheck: no
Test Protocol: none
PATH = /sources/automake-1.16.1/bin:/sources/automake-1.16.1/t/ax:/bin:/usr/bin:/sbin:/usr/sbin:/tools/bin
++ pwd
/sources/automake-1.16.1/t/strip2.dir
+ cat
+ cat
+ echo 'int main (void) { return 0; }'
+ echo 'int foo (void) { return 0; }'
+ aclocal-1.16 -Werror
+ autoconf
+ automake-1.16 --foreign -Werror -Wall -a
configure.ac:5: installing './ar-lib'
++ pwd
+ ./configure --prefix=/sources/automake-1.16.1/t/strip2.dir/inst 'STRIP=strip --verbose'
checking for a BSD-compatible install... /usr/bin/install -c
checking whether build environment is sane... yes
checking for a thread-safe mkdir -p... /tools/bin/mkdir -p
checking for gawk... gawk
checking whether make sets $(MAKE)... yes
checking whether make supports nested variables... yes
checking for gcc... cc
checking whether the C compiler works... yes
checking for C compiler default output file name... a.out
checking for suffix of executables... 
checking whether we are cross compiling... no
checking for suffix of object files... o
checking whether we are using the GNU C compiler... yes
checking whether cc accepts -g... yes
checking for cc option to accept ISO C89... none needed
checking whether cc understands -c and -o together... yes
checking whether make supports the include directive... yes (GNU style)
checking dependency style of cc... gcc3
checking for ar... ar
checking the archiver (ar) interface... ar
checking for ranlib... ranlib
checking that generated files are newer than configure... done
configure: creating ./config.status
config.status: creating Makefile
config.status: executing depfiles commands
+ make
cc -DPACKAGE_NAME=\"strip2\" -DPACKAGE_TARNAME=\"strip2\" -DPACKAGE_VERSION=\"1.0\" -DPACKAGE_STRING=\"strip2\ 1.0\" -DPACKAGE_BUGREPORT=\"\" -DPACKAGE_URL=\"\" -DPACKAGE=\"strip2\" -DVERSION=\"1.0\" -I.     -g -O2 -MT foo.o -MD -MP -MF .deps/foo.Tpo -c -o foo.o foo.c
mv -f .deps/foo.Tpo .deps/foo.Po
cc  -g -O2   -o foo foo.o  
cc -DPACKAGE_NAME=\"strip2\" -DPACKAGE_TARNAME=\"strip2\" -DPACKAGE_VERSION=\"1.0\" -DPACKAGE_STRING=\"strip2\ 1.0\" -DPACKAGE_BUGREPORT=\"\" -DPACKAGE_URL=\"\" -DPACKAGE=\"strip2\" -DVERSION=\"1.0\" -I.     -g -O2 -MT libfoo.o -MD -MP -MF .deps/libfoo.Tpo -c -o libfoo.o libfoo.c
mv -f .deps/libfoo.Tpo .deps/libfoo.Po
rm -f libfoo.a
ar cru libfoo.a libfoo.o 
ranlib libfoo.a
+ make install-strip
if test -z 'strip --verbose'; then \
  make  INSTALL_PROGRAM="/bin/sh /sources/automake-1.16.1/t/strip2.dir/install-sh -c -s" \
    install_sh_PROGRAM="/bin/sh /sources/automake-1.16.1/t/strip2.dir/install-sh -c -s" INSTALL_STRIP_FLAG=-s \
      install; \
else \
  make  INSTALL_PROGRAM="/bin/sh /sources/automake-1.16.1/t/strip2.dir/install-sh -c -s" \
    install_sh_PROGRAM="/bin/sh /sources/automake-1.16.1/t/strip2.dir/install-sh -c -s" INSTALL_STRIP_FLAG=-s \
    "INSTALL_PROGRAM_ENV=STRIPPROG='strip --verbose'" install; \
fi
make[1]: Entering directory '/sources/automake-1.16.1/t/strip2.dir'
make[2]: Entering directory '/sources/automake-1.16.1/t/strip2.dir'
 /tools/bin/mkdir -p '/sources/automake-1.16.1/t/strip2.dir/inst/bin'
 STRIPPROG='strip --verbose' /bin/sh /sources/automake-1.16.1/t/strip2.dir/install-sh -c -s foo '/sources/automake-1.16.1/t/strip2.dir/inst/bin'
copy from `/sources/automake-1.16.1/t/strip2.dir/inst/bin/_inst.63069_' [elf64-x86-64] to `/sources/automake-1.16.1/t/strip2.dir/inst/bin/sta6L3od' [elf64-x86-64]
 /tools/bin/mkdir -p '/sources/automake-1.16.1/t/strip2.dir/inst/lib'
 /usr/bin/install -c -m 644  libfoo.a '/sources/automake-1.16.1/t/strip2.dir/inst/lib'
 ( cd '/sources/automake-1.16.1/t/strip2.dir/inst/lib' && ranlib libfoo.a )
make[2]: Nothing to be done for 'install-data-am'.
make[2]: Leaving directory '/sources/automake-1.16.1/t/strip2.dir'
make[1]: Leaving directory '/sources/automake-1.16.1/t/strip2.dir'
+ :
+ am_exit_trap 0
+ exit_status=0
+ set +e
+ cd /sources/automake-1.16.1
+ test none = tap
+ case $am_explicit_skips in
+ test 0 -eq 0
+ am_keeping_testdirs
+ case $keep_testdirs in
+ return 1
+ rm_rf_ t/strip2.dir
+ test 1 -gt 0
+ /usr/bin/perl /sources/automake-1.16.1/t/ax/deltree.pl t/strip2.dir
+ set +x
PASS t/strip2.sh (exit status: 0)
