Running from installcheck: no
Test Protocol: none
PATH = /sources/automake-1.16.1/bin:/sources/automake-1.16.1/t/ax:/bin:/usr/bin:/sbin:/usr/sbin:/tools/bin
++ pwd
/sources/automake-1.16.1/t/subdir-ac-subst.dir
+ cat
+ cat
+ mkdir src opt
+ :
+ :
+ cat
+ cat
+ aclocal-1.16 -Werror
+ autoconf
+ automake-1.16 --foreign -Werror -Wall --add-missing
+ ./configure
checking for a BSD-compatible install... /usr/bin/install -c
checking whether build environment is sane... yes
checking for a thread-safe mkdir -p... /tools/bin/mkdir -p
checking for gawk... gawk
checking whether make sets $(MAKE)... yes
checking whether make supports nested variables... yes
checking that generated files are newer than configure... done
configure: creating ./config.status
config.status: creating Makefile
config.status: creating src/Makefile
config.status: creating opt/Makefile
+ make distcheck
make  dist-gzip am__post_remove_distdir='@:'
make[1]: Entering directory '/sources/automake-1.16.1/t/subdir-ac-subst.dir'
make  distdir-am
make[2]: Entering directory '/sources/automake-1.16.1/t/subdir-ac-subst.dir'
if test -d "subdir-ac-subst-1.0"; then find "subdir-ac-subst-1.0" -type d ! -perm -200 -exec chmod u+w {} ';' && rm -rf "subdir-ac-subst-1.0" || { sleep 5 && rm -rf "subdir-ac-subst-1.0"; }; else :; fi
test -d "subdir-ac-subst-1.0" || mkdir "subdir-ac-subst-1.0"
 (cd src && make  top_distdir=../subdir-ac-subst-1.0 distdir=../subdir-ac-subst-1.0/src \
     am__remove_distdir=: am__skip_length_check=: am__skip_mode_fix=: distdir)
make[3]: Entering directory '/sources/automake-1.16.1/t/subdir-ac-subst.dir/src'
make  distdir-am
make[4]: Entering directory '/sources/automake-1.16.1/t/subdir-ac-subst.dir/src'
make[4]: Leaving directory '/sources/automake-1.16.1/t/subdir-ac-subst.dir/src'
make[3]: Leaving directory '/sources/automake-1.16.1/t/subdir-ac-subst.dir/src'
 (cd opt && make  top_distdir=../subdir-ac-subst-1.0 distdir=../subdir-ac-subst-1.0/opt \
     am__remove_distdir=: am__skip_length_check=: am__skip_mode_fix=: distdir)
make[3]: Entering directory '/sources/automake-1.16.1/t/subdir-ac-subst.dir/opt'
make  distdir-am
make[4]: Entering directory '/sources/automake-1.16.1/t/subdir-ac-subst.dir/opt'
make[4]: Leaving directory '/sources/automake-1.16.1/t/subdir-ac-subst.dir/opt'
make[3]: Leaving directory '/sources/automake-1.16.1/t/subdir-ac-subst.dir/opt'
test -n "" \
|| find "subdir-ac-subst-1.0" -type d ! -perm -755 \
	-exec chmod u+rwx,go+rx {} \; -o \
  ! -type d ! -perm -444 -links 1 -exec chmod a+r {} \; -o \
  ! -type d ! -perm -400 -exec chmod a+r {} \; -o \
  ! -type d ! -perm -444 -exec /bin/sh /sources/automake-1.16.1/t/subdir-ac-subst.dir/install-sh -c -m a+r {} {} \; \
|| chmod -R a+r "subdir-ac-subst-1.0"
make[2]: Leaving directory '/sources/automake-1.16.1/t/subdir-ac-subst.dir'
tardir=subdir-ac-subst-1.0 && ${TAR-tar} chof - "$tardir" | eval GZIP= gzip --best -c >subdir-ac-subst-1.0.tar.gz
make[1]: Leaving directory '/sources/automake-1.16.1/t/subdir-ac-subst.dir'
if test -d "subdir-ac-subst-1.0"; then find "subdir-ac-subst-1.0" -type d ! -perm -200 -exec chmod u+w {} ';' && rm -rf "subdir-ac-subst-1.0" || { sleep 5 && rm -rf "subdir-ac-subst-1.0"; }; else :; fi
case 'subdir-ac-subst-1.0.tar.gz' in \
*.tar.gz*) \
  eval GZIP= gzip --best -dc subdir-ac-subst-1.0.tar.gz | ${TAR-tar} xf - ;;\
*.tar.bz2*) \
  bzip2 -dc subdir-ac-subst-1.0.tar.bz2 | ${TAR-tar} xf - ;;\
*.tar.lz*) \
  lzip -dc subdir-ac-subst-1.0.tar.lz | ${TAR-tar} xf - ;;\
*.tar.xz*) \
  xz -dc subdir-ac-subst-1.0.tar.xz | ${TAR-tar} xf - ;;\
*.tar.Z*) \
  uncompress -c subdir-ac-subst-1.0.tar.Z | ${TAR-tar} xf - ;;\
*.shar.gz*) \
  eval GZIP= gzip --best -dc subdir-ac-subst-1.0.shar.gz | unshar ;;\
*.zip*) \
  unzip subdir-ac-subst-1.0.zip ;;\
esac
chmod -R a-w subdir-ac-subst-1.0
chmod u+w subdir-ac-subst-1.0
mkdir subdir-ac-subst-1.0/_build subdir-ac-subst-1.0/_build/sub subdir-ac-subst-1.0/_inst
chmod a-w subdir-ac-subst-1.0
test -d subdir-ac-subst-1.0/_build || exit 0; \
dc_install_base=`CDPATH="${ZSH_VERSION+.}:" && cd subdir-ac-subst-1.0/_inst && pwd | sed -e 's,^[^:\\/]:[\\/],/,'` \
  && dc_destdir="${TMPDIR-/tmp}/am-dc-$$/" \
  && am__cwd=`pwd` \
  && CDPATH="${ZSH_VERSION+.}:" && cd subdir-ac-subst-1.0/_build/sub \
  && ../../configure \
     \
     \
    --srcdir=../.. --prefix="$dc_install_base" \
  && make  \
  && make  dvi \
  && make  check \
  && make  install \
  && make  installcheck \
  && make  uninstall \
  && make  distuninstallcheck_dir="$dc_install_base" \
        distuninstallcheck \
  && chmod -R a-w "$dc_install_base" \
  && ({ \
       (cd ../.. && umask 077 && mkdir "$dc_destdir") \
       && make  DESTDIR="$dc_destdir" install \
       && make  DESTDIR="$dc_destdir" uninstall \
       && make  DESTDIR="$dc_destdir" \
            distuninstallcheck_dir="$dc_destdir" distuninstallcheck; \
      } || { rm -rf "$dc_destdir"; exit 1; }) \
  && rm -rf "$dc_destdir" \
  && make  dist \
  && rm -rf subdir-ac-subst-1.0.tar.gz \
  && make  distcleancheck \
  && cd "$am__cwd" \
  || exit 1
checking for a BSD-compatible install... /usr/bin/install -c
checking whether build environment is sane... yes
checking for a thread-safe mkdir -p... /tools/bin/mkdir -p
checking for gawk... gawk
checking whether make sets $(MAKE)... yes
checking whether make supports nested variables... yes
checking that generated files are newer than configure... done
configure: creating ./config.status
config.status: creating Makefile
config.status: creating src/Makefile
config.status: creating opt/Makefile
make[1]: Entering directory '/sources/automake-1.16.1/t/subdir-ac-subst.dir/subdir-ac-subst-1.0/_build/sub'
Making all in src
make[2]: Entering directory '/sources/automake-1.16.1/t/subdir-ac-subst.dir/subdir-ac-subst-1.0/_build/sub/src'
cp ../../../src/source result
make[2]: Leaving directory '/sources/automake-1.16.1/t/subdir-ac-subst.dir/subdir-ac-subst-1.0/_build/sub/src'
make[2]: Entering directory '/sources/automake-1.16.1/t/subdir-ac-subst.dir/subdir-ac-subst-1.0/_build/sub'
make[2]: Nothing to be done for 'all-am'.
make[2]: Leaving directory '/sources/automake-1.16.1/t/subdir-ac-subst.dir/subdir-ac-subst-1.0/_build/sub'
make[1]: Leaving directory '/sources/automake-1.16.1/t/subdir-ac-subst.dir/subdir-ac-subst-1.0/_build/sub'
make[1]: Entering directory '/sources/automake-1.16.1/t/subdir-ac-subst.dir/subdir-ac-subst-1.0/_build/sub'
Making dvi in src
make[2]: Entering directory '/sources/automake-1.16.1/t/subdir-ac-subst.dir/subdir-ac-subst-1.0/_build/sub/src'
make[2]: Nothing to be done for 'dvi'.
make[2]: Leaving directory '/sources/automake-1.16.1/t/subdir-ac-subst.dir/subdir-ac-subst-1.0/_build/sub/src'
make[2]: Entering directory '/sources/automake-1.16.1/t/subdir-ac-subst.dir/subdir-ac-subst-1.0/_build/sub'
make[2]: Nothing to be done for 'dvi-am'.
make[2]: Leaving directory '/sources/automake-1.16.1/t/subdir-ac-subst.dir/subdir-ac-subst-1.0/_build/sub'
make[1]: Leaving directory '/sources/automake-1.16.1/t/subdir-ac-subst.dir/subdir-ac-subst-1.0/_build/sub'
make[1]: Entering directory '/sources/automake-1.16.1/t/subdir-ac-subst.dir/subdir-ac-subst-1.0/_build/sub'
Making check in src
make[2]: Entering directory '/sources/automake-1.16.1/t/subdir-ac-subst.dir/subdir-ac-subst-1.0/_build/sub/src'
make[2]: Nothing to be done for 'check'.
make[2]: Leaving directory '/sources/automake-1.16.1/t/subdir-ac-subst.dir/subdir-ac-subst-1.0/_build/sub/src'
make[2]: Entering directory '/sources/automake-1.16.1/t/subdir-ac-subst.dir/subdir-ac-subst-1.0/_build/sub'
make  check-local
make[3]: Entering directory '/sources/automake-1.16.1/t/subdir-ac-subst.dir/subdir-ac-subst-1.0/_build/sub'
Making all in src
make[4]: Entering directory '/sources/automake-1.16.1/t/subdir-ac-subst.dir/subdir-ac-subst-1.0/_build/sub/src'
make[4]: Nothing to be done for 'all'.
make[4]: Leaving directory '/sources/automake-1.16.1/t/subdir-ac-subst.dir/subdir-ac-subst-1.0/_build/sub/src'
make[4]: Entering directory '/sources/automake-1.16.1/t/subdir-ac-subst.dir/subdir-ac-subst-1.0/_build/sub'
make[4]: Nothing to be done for 'all-am'.
make[4]: Leaving directory '/sources/automake-1.16.1/t/subdir-ac-subst.dir/subdir-ac-subst-1.0/_build/sub'
test -f src/result
if test -n ""; then \
   test -f opt/result || exit 1; \
   : > ./../../../sanity2 || exit 1; \
else \
   test ! -f opt/result || exit 1; \
   : > ./../../../sanity1 || exit 1; \
fi
make  distdir-am
make[4]: Entering directory '/sources/automake-1.16.1/t/subdir-ac-subst.dir/subdir-ac-subst-1.0/_build/sub'
if test -d "subdir-ac-subst-1.0"; then find "subdir-ac-subst-1.0" -type d ! -perm -200 -exec chmod u+w {} ';' && rm -rf "subdir-ac-subst-1.0" || { sleep 5 && rm -rf "subdir-ac-subst-1.0"; }; else :; fi
test -d "subdir-ac-subst-1.0" || mkdir "subdir-ac-subst-1.0"
 (cd src && make  top_distdir=../subdir-ac-subst-1.0 distdir=../subdir-ac-subst-1.0/src \
     am__remove_distdir=: am__skip_length_check=: am__skip_mode_fix=: distdir)
make[5]: Entering directory '/sources/automake-1.16.1/t/subdir-ac-subst.dir/subdir-ac-subst-1.0/_build/sub/src'
make  distdir-am
make[6]: Entering directory '/sources/automake-1.16.1/t/subdir-ac-subst.dir/subdir-ac-subst-1.0/_build/sub/src'
make[6]: Leaving directory '/sources/automake-1.16.1/t/subdir-ac-subst.dir/subdir-ac-subst-1.0/_build/sub/src'
make[5]: Leaving directory '/sources/automake-1.16.1/t/subdir-ac-subst.dir/subdir-ac-subst-1.0/_build/sub/src'
 (cd opt && make  top_distdir=../subdir-ac-subst-1.0 distdir=../subdir-ac-subst-1.0/opt \
     am__remove_distdir=: am__skip_length_check=: am__skip_mode_fix=: distdir)
make[5]: Entering directory '/sources/automake-1.16.1/t/subdir-ac-subst.dir/subdir-ac-subst-1.0/_build/sub/opt'
make  distdir-am
make[6]: Entering directory '/sources/automake-1.16.1/t/subdir-ac-subst.dir/subdir-ac-subst-1.0/_build/sub/opt'
make[6]: Leaving directory '/sources/automake-1.16.1/t/subdir-ac-subst.dir/subdir-ac-subst-1.0/_build/sub/opt'
make[5]: Leaving directory '/sources/automake-1.16.1/t/subdir-ac-subst.dir/subdir-ac-subst-1.0/_build/sub/opt'
test -n "" \
|| find "subdir-ac-subst-1.0" -type d ! -perm -755 \
	-exec chmod u+rwx,go+rx {} \; -o \
  ! -type d ! -perm -444 -links 1 -exec chmod a+r {} \; -o \
  ! -type d ! -perm -400 -exec chmod a+r {} \; -o \
  ! -type d ! -perm -444 -exec /bin/sh /sources/automake-1.16.1/t/subdir-ac-subst.dir/subdir-ac-subst-1.0/install-sh -c -m a+r {} {} \; \
|| chmod -R a+r "subdir-ac-subst-1.0"
make[4]: Leaving directory '/sources/automake-1.16.1/t/subdir-ac-subst.dir/subdir-ac-subst-1.0/_build/sub'
test -f subdir-ac-subst-1.0/src/source
test -f subdir-ac-subst-1.0/opt/source
make[3]: Leaving directory '/sources/automake-1.16.1/t/subdir-ac-subst.dir/subdir-ac-subst-1.0/_build/sub'
make[2]: Leaving directory '/sources/automake-1.16.1/t/subdir-ac-subst.dir/subdir-ac-subst-1.0/_build/sub'
make[1]: Leaving directory '/sources/automake-1.16.1/t/subdir-ac-subst.dir/subdir-ac-subst-1.0/_build/sub'
make[1]: Entering directory '/sources/automake-1.16.1/t/subdir-ac-subst.dir/subdir-ac-subst-1.0/_build/sub'
Making install in src
make[2]: Entering directory '/sources/automake-1.16.1/t/subdir-ac-subst.dir/subdir-ac-subst-1.0/_build/sub/src'
make[3]: Entering directory '/sources/automake-1.16.1/t/subdir-ac-subst.dir/subdir-ac-subst-1.0/_build/sub/src'
make[3]: Nothing to be done for 'install-exec-am'.
make[3]: Nothing to be done for 'install-data-am'.
make[3]: Leaving directory '/sources/automake-1.16.1/t/subdir-ac-subst.dir/subdir-ac-subst-1.0/_build/sub/src'
make[2]: Leaving directory '/sources/automake-1.16.1/t/subdir-ac-subst.dir/subdir-ac-subst-1.0/_build/sub/src'
make[2]: Entering directory '/sources/automake-1.16.1/t/subdir-ac-subst.dir/subdir-ac-subst-1.0/_build/sub'
make[3]: Entering directory '/sources/automake-1.16.1/t/subdir-ac-subst.dir/subdir-ac-subst-1.0/_build/sub'
make[3]: Nothing to be done for 'install-exec-am'.
make[3]: Nothing to be done for 'install-data-am'.
make[3]: Leaving directory '/sources/automake-1.16.1/t/subdir-ac-subst.dir/subdir-ac-subst-1.0/_build/sub'
make[2]: Leaving directory '/sources/automake-1.16.1/t/subdir-ac-subst.dir/subdir-ac-subst-1.0/_build/sub'
make[1]: Leaving directory '/sources/automake-1.16.1/t/subdir-ac-subst.dir/subdir-ac-subst-1.0/_build/sub'
make[1]: Entering directory '/sources/automake-1.16.1/t/subdir-ac-subst.dir/subdir-ac-subst-1.0/_build/sub'
Making installcheck in src
make[2]: Entering directory '/sources/automake-1.16.1/t/subdir-ac-subst.dir/subdir-ac-subst-1.0/_build/sub/src'
make[2]: Nothing to be done for 'installcheck'.
make[2]: Leaving directory '/sources/automake-1.16.1/t/subdir-ac-subst.dir/subdir-ac-subst-1.0/_build/sub/src'
make[2]: Entering directory '/sources/automake-1.16.1/t/subdir-ac-subst.dir/subdir-ac-subst-1.0/_build/sub'
make[2]: Nothing to be done for 'installcheck-am'.
make[2]: Leaving directory '/sources/automake-1.16.1/t/subdir-ac-subst.dir/subdir-ac-subst-1.0/_build/sub'
make[1]: Leaving directory '/sources/automake-1.16.1/t/subdir-ac-subst.dir/subdir-ac-subst-1.0/_build/sub'
make[1]: Entering directory '/sources/automake-1.16.1/t/subdir-ac-subst.dir/subdir-ac-subst-1.0/_build/sub'
Making uninstall in src
make[2]: Entering directory '/sources/automake-1.16.1/t/subdir-ac-subst.dir/subdir-ac-subst-1.0/_build/sub/src'
make[2]: Nothing to be done for 'uninstall'.
make[2]: Leaving directory '/sources/automake-1.16.1/t/subdir-ac-subst.dir/subdir-ac-subst-1.0/_build/sub/src'
make[2]: Entering directory '/sources/automake-1.16.1/t/subdir-ac-subst.dir/subdir-ac-subst-1.0/_build/sub'
make[2]: Nothing to be done for 'uninstall-am'.
make[2]: Leaving directory '/sources/automake-1.16.1/t/subdir-ac-subst.dir/subdir-ac-subst-1.0/_build/sub'
make[1]: Leaving directory '/sources/automake-1.16.1/t/subdir-ac-subst.dir/subdir-ac-subst-1.0/_build/sub'
make[1]: Entering directory '/sources/automake-1.16.1/t/subdir-ac-subst.dir/subdir-ac-subst-1.0/_build/sub'
make[1]: Leaving directory '/sources/automake-1.16.1/t/subdir-ac-subst.dir/subdir-ac-subst-1.0/_build/sub'
make[1]: Entering directory '/sources/automake-1.16.1/t/subdir-ac-subst.dir/subdir-ac-subst-1.0/_build/sub'
Making install in src
make[2]: Entering directory '/sources/automake-1.16.1/t/subdir-ac-subst.dir/subdir-ac-subst-1.0/_build/sub/src'
make[3]: Entering directory '/sources/automake-1.16.1/t/subdir-ac-subst.dir/subdir-ac-subst-1.0/_build/sub/src'
make[3]: Nothing to be done for 'install-exec-am'.
make[3]: Nothing to be done for 'install-data-am'.
make[3]: Leaving directory '/sources/automake-1.16.1/t/subdir-ac-subst.dir/subdir-ac-subst-1.0/_build/sub/src'
make[2]: Leaving directory '/sources/automake-1.16.1/t/subdir-ac-subst.dir/subdir-ac-subst-1.0/_build/sub/src'
make[2]: Entering directory '/sources/automake-1.16.1/t/subdir-ac-subst.dir/subdir-ac-subst-1.0/_build/sub'
make[3]: Entering directory '/sources/automake-1.16.1/t/subdir-ac-subst.dir/subdir-ac-subst-1.0/_build/sub'
make[3]: Nothing to be done for 'install-exec-am'.
make[3]: Nothing to be done for 'install-data-am'.
make[3]: Leaving directory '/sources/automake-1.16.1/t/subdir-ac-subst.dir/subdir-ac-subst-1.0/_build/sub'
make[2]: Leaving directory '/sources/automake-1.16.1/t/subdir-ac-subst.dir/subdir-ac-subst-1.0/_build/sub'
make[1]: Leaving directory '/sources/automake-1.16.1/t/subdir-ac-subst.dir/subdir-ac-subst-1.0/_build/sub'
make[1]: Entering directory '/sources/automake-1.16.1/t/subdir-ac-subst.dir/subdir-ac-subst-1.0/_build/sub'
Making uninstall in src
make[2]: Entering directory '/sources/automake-1.16.1/t/subdir-ac-subst.dir/subdir-ac-subst-1.0/_build/sub/src'
make[2]: Nothing to be done for 'uninstall'.
make[2]: Leaving directory '/sources/automake-1.16.1/t/subdir-ac-subst.dir/subdir-ac-subst-1.0/_build/sub/src'
make[2]: Entering directory '/sources/automake-1.16.1/t/subdir-ac-subst.dir/subdir-ac-subst-1.0/_build/sub'
make[2]: Nothing to be done for 'uninstall-am'.
make[2]: Leaving directory '/sources/automake-1.16.1/t/subdir-ac-subst.dir/subdir-ac-subst-1.0/_build/sub'
make[1]: Leaving directory '/sources/automake-1.16.1/t/subdir-ac-subst.dir/subdir-ac-subst-1.0/_build/sub'
make[1]: Entering directory '/sources/automake-1.16.1/t/subdir-ac-subst.dir/subdir-ac-subst-1.0/_build/sub'
make[1]: Leaving directory '/sources/automake-1.16.1/t/subdir-ac-subst.dir/subdir-ac-subst-1.0/_build/sub'
make[1]: Entering directory '/sources/automake-1.16.1/t/subdir-ac-subst.dir/subdir-ac-subst-1.0/_build/sub'
make  dist-gzip am__post_remove_distdir='@:'
make[2]: Entering directory '/sources/automake-1.16.1/t/subdir-ac-subst.dir/subdir-ac-subst-1.0/_build/sub'
make  distdir-am
make[3]: Entering directory '/sources/automake-1.16.1/t/subdir-ac-subst.dir/subdir-ac-subst-1.0/_build/sub'
if test -d "subdir-ac-subst-1.0"; then find "subdir-ac-subst-1.0" -type d ! -perm -200 -exec chmod u+w {} ';' && rm -rf "subdir-ac-subst-1.0" || { sleep 5 && rm -rf "subdir-ac-subst-1.0"; }; else :; fi
test -d "subdir-ac-subst-1.0" || mkdir "subdir-ac-subst-1.0"
 (cd src && make  top_distdir=../subdir-ac-subst-1.0 distdir=../subdir-ac-subst-1.0/src \
     am__remove_distdir=: am__skip_length_check=: am__skip_mode_fix=: distdir)
make[4]: Entering directory '/sources/automake-1.16.1/t/subdir-ac-subst.dir/subdir-ac-subst-1.0/_build/sub/src'
make  distdir-am
make[5]: Entering directory '/sources/automake-1.16.1/t/subdir-ac-subst.dir/subdir-ac-subst-1.0/_build/sub/src'
make[5]: Leaving directory '/sources/automake-1.16.1/t/subdir-ac-subst.dir/subdir-ac-subst-1.0/_build/sub/src'
make[4]: Leaving directory '/sources/automake-1.16.1/t/subdir-ac-subst.dir/subdir-ac-subst-1.0/_build/sub/src'
 (cd opt && make  top_distdir=../subdir-ac-subst-1.0 distdir=../subdir-ac-subst-1.0/opt \
     am__remove_distdir=: am__skip_length_check=: am__skip_mode_fix=: distdir)
make[4]: Entering directory '/sources/automake-1.16.1/t/subdir-ac-subst.dir/subdir-ac-subst-1.0/_build/sub/opt'
make  distdir-am
make[5]: Entering directory '/sources/automake-1.16.1/t/subdir-ac-subst.dir/subdir-ac-subst-1.0/_build/sub/opt'
make[5]: Leaving directory '/sources/automake-1.16.1/t/subdir-ac-subst.dir/subdir-ac-subst-1.0/_build/sub/opt'
make[4]: Leaving directory '/sources/automake-1.16.1/t/subdir-ac-subst.dir/subdir-ac-subst-1.0/_build/sub/opt'
test -n "" \
|| find "subdir-ac-subst-1.0" -type d ! -perm -755 \
	-exec chmod u+rwx,go+rx {} \; -o \
  ! -type d ! -perm -444 -links 1 -exec chmod a+r {} \; -o \
  ! -type d ! -perm -400 -exec chmod a+r {} \; -o \
  ! -type d ! -perm -444 -exec /bin/sh /sources/automake-1.16.1/t/subdir-ac-subst.dir/subdir-ac-subst-1.0/install-sh -c -m a+r {} {} \; \
|| chmod -R a+r "subdir-ac-subst-1.0"
make[3]: Leaving directory '/sources/automake-1.16.1/t/subdir-ac-subst.dir/subdir-ac-subst-1.0/_build/sub'
tardir=subdir-ac-subst-1.0 && ${TAR-tar} chof - "$tardir" | eval GZIP= gzip --best -c >subdir-ac-subst-1.0.tar.gz
make[2]: Leaving directory '/sources/automake-1.16.1/t/subdir-ac-subst.dir/subdir-ac-subst-1.0/_build/sub'
if test -d "subdir-ac-subst-1.0"; then find "subdir-ac-subst-1.0" -type d ! -perm -200 -exec chmod u+w {} ';' && rm -rf "subdir-ac-subst-1.0" || { sleep 5 && rm -rf "subdir-ac-subst-1.0"; }; else :; fi
make[1]: Leaving directory '/sources/automake-1.16.1/t/subdir-ac-subst.dir/subdir-ac-subst-1.0/_build/sub'
make[1]: Entering directory '/sources/automake-1.16.1/t/subdir-ac-subst.dir/subdir-ac-subst-1.0/_build/sub'
Making distclean in src
make[2]: Entering directory '/sources/automake-1.16.1/t/subdir-ac-subst.dir/subdir-ac-subst-1.0/_build/sub/src'
test -z "result" || rm -f result
test -z "" || rm -f 
test . = "../../../src" || test -z "" || rm -f 
rm -f Makefile
make[2]: Leaving directory '/sources/automake-1.16.1/t/subdir-ac-subst.dir/subdir-ac-subst-1.0/_build/sub/src'
Making distclean in opt
make[2]: Entering directory '/sources/automake-1.16.1/t/subdir-ac-subst.dir/subdir-ac-subst-1.0/_build/sub/opt'
test -z "result" || rm -f result
test -z "" || rm -f 
test . = "../../../opt" || test -z "" || rm -f 
rm -f Makefile
make[2]: Leaving directory '/sources/automake-1.16.1/t/subdir-ac-subst.dir/subdir-ac-subst-1.0/_build/sub/opt'
make[2]: Entering directory '/sources/automake-1.16.1/t/subdir-ac-subst.dir/subdir-ac-subst-1.0/_build/sub'
test -z "" || rm -f 
test . = "../.." || test -z "" || rm -f 
rm -f TAGS ID GTAGS GRTAGS GSYMS GPATH tags
rm -f cscope.out cscope.in.out cscope.po.out cscope.files
make[2]: Leaving directory '/sources/automake-1.16.1/t/subdir-ac-subst.dir/subdir-ac-subst-1.0/_build/sub'
rm -f config.status config.cache config.log configure.lineno config.status.lineno
rm -f Makefile
make[1]: Leaving directory '/sources/automake-1.16.1/t/subdir-ac-subst.dir/subdir-ac-subst-1.0/_build/sub'
if test -d "subdir-ac-subst-1.0"; then find "subdir-ac-subst-1.0" -type d ! -perm -200 -exec chmod u+w {} ';' && rm -rf "subdir-ac-subst-1.0" || { sleep 5 && rm -rf "subdir-ac-subst-1.0"; }; else :; fi
=====================================================
subdir-ac-subst-1.0 archives ready for distribution: 
subdir-ac-subst-1.0.tar.gz
=====================================================
+ test -f sanity1
+ DISTCHECK_CONFIGURE_FLAGS=want_opt=yes
+ make distcheck
make  dist-gzip am__post_remove_distdir='@:'
make[1]: Entering directory '/sources/automake-1.16.1/t/subdir-ac-subst.dir'
make  distdir-am
make[2]: Entering directory '/sources/automake-1.16.1/t/subdir-ac-subst.dir'
if test -d "subdir-ac-subst-1.0"; then find "subdir-ac-subst-1.0" -type d ! -perm -200 -exec chmod u+w {} ';' && rm -rf "subdir-ac-subst-1.0" || { sleep 5 && rm -rf "subdir-ac-subst-1.0"; }; else :; fi
test -d "subdir-ac-subst-1.0" || mkdir "subdir-ac-subst-1.0"
 (cd src && make  top_distdir=../subdir-ac-subst-1.0 distdir=../subdir-ac-subst-1.0/src \
     am__remove_distdir=: am__skip_length_check=: am__skip_mode_fix=: distdir)
make[3]: Entering directory '/sources/automake-1.16.1/t/subdir-ac-subst.dir/src'
make  distdir-am
make[4]: Entering directory '/sources/automake-1.16.1/t/subdir-ac-subst.dir/src'
make[4]: Leaving directory '/sources/automake-1.16.1/t/subdir-ac-subst.dir/src'
make[3]: Leaving directory '/sources/automake-1.16.1/t/subdir-ac-subst.dir/src'
 (cd opt && make  top_distdir=../subdir-ac-subst-1.0 distdir=../subdir-ac-subst-1.0/opt \
     am__remove_distdir=: am__skip_length_check=: am__skip_mode_fix=: distdir)
make[3]: Entering directory '/sources/automake-1.16.1/t/subdir-ac-subst.dir/opt'
make  distdir-am
make[4]: Entering directory '/sources/automake-1.16.1/t/subdir-ac-subst.dir/opt'
make[4]: Leaving directory '/sources/automake-1.16.1/t/subdir-ac-subst.dir/opt'
make[3]: Leaving directory '/sources/automake-1.16.1/t/subdir-ac-subst.dir/opt'
test -n "" \
|| find "subdir-ac-subst-1.0" -type d ! -perm -755 \
	-exec chmod u+rwx,go+rx {} \; -o \
  ! -type d ! -perm -444 -links 1 -exec chmod a+r {} \; -o \
  ! -type d ! -perm -400 -exec chmod a+r {} \; -o \
  ! -type d ! -perm -444 -exec /bin/sh /sources/automake-1.16.1/t/subdir-ac-subst.dir/install-sh -c -m a+r {} {} \; \
|| chmod -R a+r "subdir-ac-subst-1.0"
make[2]: Leaving directory '/sources/automake-1.16.1/t/subdir-ac-subst.dir'
tardir=subdir-ac-subst-1.0 && ${TAR-tar} chof - "$tardir" | eval GZIP= gzip --best -c >subdir-ac-subst-1.0.tar.gz
make[1]: Leaving directory '/sources/automake-1.16.1/t/subdir-ac-subst.dir'
if test -d "subdir-ac-subst-1.0"; then find "subdir-ac-subst-1.0" -type d ! -perm -200 -exec chmod u+w {} ';' && rm -rf "subdir-ac-subst-1.0" || { sleep 5 && rm -rf "subdir-ac-subst-1.0"; }; else :; fi
case 'subdir-ac-subst-1.0.tar.gz' in \
*.tar.gz*) \
  eval GZIP= gzip --best -dc subdir-ac-subst-1.0.tar.gz | ${TAR-tar} xf - ;;\
*.tar.bz2*) \
  bzip2 -dc subdir-ac-subst-1.0.tar.bz2 | ${TAR-tar} xf - ;;\
*.tar.lz*) \
  lzip -dc subdir-ac-subst-1.0.tar.lz | ${TAR-tar} xf - ;;\
*.tar.xz*) \
  xz -dc subdir-ac-subst-1.0.tar.xz | ${TAR-tar} xf - ;;\
*.tar.Z*) \
  uncompress -c subdir-ac-subst-1.0.tar.Z | ${TAR-tar} xf - ;;\
*.shar.gz*) \
  eval GZIP= gzip --best -dc subdir-ac-subst-1.0.shar.gz | unshar ;;\
*.zip*) \
  unzip subdir-ac-subst-1.0.zip ;;\
esac
chmod -R a-w subdir-ac-subst-1.0
chmod u+w subdir-ac-subst-1.0
mkdir subdir-ac-subst-1.0/_build subdir-ac-subst-1.0/_build/sub subdir-ac-subst-1.0/_inst
chmod a-w subdir-ac-subst-1.0
test -d subdir-ac-subst-1.0/_build || exit 0; \
dc_install_base=`CDPATH="${ZSH_VERSION+.}:" && cd subdir-ac-subst-1.0/_inst && pwd | sed -e 's,^[^:\\/]:[\\/],/,'` \
  && dc_destdir="${TMPDIR-/tmp}/am-dc-$$/" \
  && am__cwd=`pwd` \
  && CDPATH="${ZSH_VERSION+.}:" && cd subdir-ac-subst-1.0/_build/sub \
  && ../../configure \
     \
    want_opt=yes \
    --srcdir=../.. --prefix="$dc_install_base" \
  && make  \
  && make  dvi \
  && make  check \
  && make  install \
  && make  installcheck \
  && make  uninstall \
  && make  distuninstallcheck_dir="$dc_install_base" \
        distuninstallcheck \
  && chmod -R a-w "$dc_install_base" \
  && ({ \
       (cd ../.. && umask 077 && mkdir "$dc_destdir") \
       && make  DESTDIR="$dc_destdir" install \
       && make  DESTDIR="$dc_destdir" uninstall \
       && make  DESTDIR="$dc_destdir" \
            distuninstallcheck_dir="$dc_destdir" distuninstallcheck; \
      } || { rm -rf "$dc_destdir"; exit 1; }) \
  && rm -rf "$dc_destdir" \
  && make  dist \
  && rm -rf subdir-ac-subst-1.0.tar.gz \
  && make  distcleancheck \
  && cd "$am__cwd" \
  || exit 1
checking for a BSD-compatible install... /usr/bin/install -c
checking whether build environment is sane... yes
checking for a thread-safe mkdir -p... /tools/bin/mkdir -p
checking for gawk... gawk
checking whether make sets $(MAKE)... yes
checking whether make supports nested variables... yes
checking that generated files are newer than configure... done
configure: creating ./config.status
config.status: creating Makefile
config.status: creating src/Makefile
config.status: creating opt/Makefile
make[1]: Entering directory '/sources/automake-1.16.1/t/subdir-ac-subst.dir/subdir-ac-subst-1.0/_build/sub'
Making all in src
make[2]: Entering directory '/sources/automake-1.16.1/t/subdir-ac-subst.dir/subdir-ac-subst-1.0/_build/sub/src'
cp ../../../src/source result
make[2]: Leaving directory '/sources/automake-1.16.1/t/subdir-ac-subst.dir/subdir-ac-subst-1.0/_build/sub/src'
Making all in opt
make[2]: Entering directory '/sources/automake-1.16.1/t/subdir-ac-subst.dir/subdir-ac-subst-1.0/_build/sub/opt'
cp ../../../opt/source result
make[2]: Leaving directory '/sources/automake-1.16.1/t/subdir-ac-subst.dir/subdir-ac-subst-1.0/_build/sub/opt'
make[2]: Entering directory '/sources/automake-1.16.1/t/subdir-ac-subst.dir/subdir-ac-subst-1.0/_build/sub'
make[2]: Nothing to be done for 'all-am'.
make[2]: Leaving directory '/sources/automake-1.16.1/t/subdir-ac-subst.dir/subdir-ac-subst-1.0/_build/sub'
make[1]: Leaving directory '/sources/automake-1.16.1/t/subdir-ac-subst.dir/subdir-ac-subst-1.0/_build/sub'
make[1]: Entering directory '/sources/automake-1.16.1/t/subdir-ac-subst.dir/subdir-ac-subst-1.0/_build/sub'
Making dvi in src
make[2]: Entering directory '/sources/automake-1.16.1/t/subdir-ac-subst.dir/subdir-ac-subst-1.0/_build/sub/src'
make[2]: Nothing to be done for 'dvi'.
make[2]: Leaving directory '/sources/automake-1.16.1/t/subdir-ac-subst.dir/subdir-ac-subst-1.0/_build/sub/src'
Making dvi in opt
make[2]: Entering directory '/sources/automake-1.16.1/t/subdir-ac-subst.dir/subdir-ac-subst-1.0/_build/sub/opt'
make[2]: Nothing to be done for 'dvi'.
make[2]: Leaving directory '/sources/automake-1.16.1/t/subdir-ac-subst.dir/subdir-ac-subst-1.0/_build/sub/opt'
make[2]: Entering directory '/sources/automake-1.16.1/t/subdir-ac-subst.dir/subdir-ac-subst-1.0/_build/sub'
make[2]: Nothing to be done for 'dvi-am'.
make[2]: Leaving directory '/sources/automake-1.16.1/t/subdir-ac-subst.dir/subdir-ac-subst-1.0/_build/sub'
make[1]: Leaving directory '/sources/automake-1.16.1/t/subdir-ac-subst.dir/subdir-ac-subst-1.0/_build/sub'
make[1]: Entering directory '/sources/automake-1.16.1/t/subdir-ac-subst.dir/subdir-ac-subst-1.0/_build/sub'
Making check in src
make[2]: Entering directory '/sources/automake-1.16.1/t/subdir-ac-subst.dir/subdir-ac-subst-1.0/_build/sub/src'
make[2]: Nothing to be done for 'check'.
make[2]: Leaving directory '/sources/automake-1.16.1/t/subdir-ac-subst.dir/subdir-ac-subst-1.0/_build/sub/src'
Making check in opt
make[2]: Entering directory '/sources/automake-1.16.1/t/subdir-ac-subst.dir/subdir-ac-subst-1.0/_build/sub/opt'
make[2]: Nothing to be done for 'check'.
make[2]: Leaving directory '/sources/automake-1.16.1/t/subdir-ac-subst.dir/subdir-ac-subst-1.0/_build/sub/opt'
make[2]: Entering directory '/sources/automake-1.16.1/t/subdir-ac-subst.dir/subdir-ac-subst-1.0/_build/sub'
make  check-local
make[3]: Entering directory '/sources/automake-1.16.1/t/subdir-ac-subst.dir/subdir-ac-subst-1.0/_build/sub'
Making all in src
make[4]: Entering directory '/sources/automake-1.16.1/t/subdir-ac-subst.dir/subdir-ac-subst-1.0/_build/sub/src'
make[4]: Nothing to be done for 'all'.
make[4]: Leaving directory '/sources/automake-1.16.1/t/subdir-ac-subst.dir/subdir-ac-subst-1.0/_build/sub/src'
Making all in opt
make[4]: Entering directory '/sources/automake-1.16.1/t/subdir-ac-subst.dir/subdir-ac-subst-1.0/_build/sub/opt'
make[4]: Nothing to be done for 'all'.
make[4]: Leaving directory '/sources/automake-1.16.1/t/subdir-ac-subst.dir/subdir-ac-subst-1.0/_build/sub/opt'
make[4]: Entering directory '/sources/automake-1.16.1/t/subdir-ac-subst.dir/subdir-ac-subst-1.0/_build/sub'
make[4]: Nothing to be done for 'all-am'.
make[4]: Leaving directory '/sources/automake-1.16.1/t/subdir-ac-subst.dir/subdir-ac-subst-1.0/_build/sub'
test -f src/result
if test -n "opt"; then \
   test -f opt/result || exit 1; \
   : > ./../../../sanity2 || exit 1; \
else \
   test ! -f opt/result || exit 1; \
   : > ./../../../sanity1 || exit 1; \
fi
make  distdir-am
make[4]: Entering directory '/sources/automake-1.16.1/t/subdir-ac-subst.dir/subdir-ac-subst-1.0/_build/sub'
if test -d "subdir-ac-subst-1.0"; then find "subdir-ac-subst-1.0" -type d ! -perm -200 -exec chmod u+w {} ';' && rm -rf "subdir-ac-subst-1.0" || { sleep 5 && rm -rf "subdir-ac-subst-1.0"; }; else :; fi
test -d "subdir-ac-subst-1.0" || mkdir "subdir-ac-subst-1.0"
 (cd src && make  top_distdir=../subdir-ac-subst-1.0 distdir=../subdir-ac-subst-1.0/src \
     am__remove_distdir=: am__skip_length_check=: am__skip_mode_fix=: distdir)
make[5]: Entering directory '/sources/automake-1.16.1/t/subdir-ac-subst.dir/subdir-ac-subst-1.0/_build/sub/src'
make  distdir-am
make[6]: Entering directory '/sources/automake-1.16.1/t/subdir-ac-subst.dir/subdir-ac-subst-1.0/_build/sub/src'
make[6]: Leaving directory '/sources/automake-1.16.1/t/subdir-ac-subst.dir/subdir-ac-subst-1.0/_build/sub/src'
make[5]: Leaving directory '/sources/automake-1.16.1/t/subdir-ac-subst.dir/subdir-ac-subst-1.0/_build/sub/src'
 (cd opt && make  top_distdir=../subdir-ac-subst-1.0 distdir=../subdir-ac-subst-1.0/opt \
     am__remove_distdir=: am__skip_length_check=: am__skip_mode_fix=: distdir)
make[5]: Entering directory '/sources/automake-1.16.1/t/subdir-ac-subst.dir/subdir-ac-subst-1.0/_build/sub/opt'
make  distdir-am
make[6]: Entering directory '/sources/automake-1.16.1/t/subdir-ac-subst.dir/subdir-ac-subst-1.0/_build/sub/opt'
make[6]: Leaving directory '/sources/automake-1.16.1/t/subdir-ac-subst.dir/subdir-ac-subst-1.0/_build/sub/opt'
make[5]: Leaving directory '/sources/automake-1.16.1/t/subdir-ac-subst.dir/subdir-ac-subst-1.0/_build/sub/opt'
test -n "" \
|| find "subdir-ac-subst-1.0" -type d ! -perm -755 \
	-exec chmod u+rwx,go+rx {} \; -o \
  ! -type d ! -perm -444 -links 1 -exec chmod a+r {} \; -o \
  ! -type d ! -perm -400 -exec chmod a+r {} \; -o \
  ! -type d ! -perm -444 -exec /bin/sh /sources/automake-1.16.1/t/subdir-ac-subst.dir/subdir-ac-subst-1.0/install-sh -c -m a+r {} {} \; \
|| chmod -R a+r "subdir-ac-subst-1.0"
make[4]: Leaving directory '/sources/automake-1.16.1/t/subdir-ac-subst.dir/subdir-ac-subst-1.0/_build/sub'
test -f subdir-ac-subst-1.0/src/source
test -f subdir-ac-subst-1.0/opt/source
make[3]: Leaving directory '/sources/automake-1.16.1/t/subdir-ac-subst.dir/subdir-ac-subst-1.0/_build/sub'
make[2]: Leaving directory '/sources/automake-1.16.1/t/subdir-ac-subst.dir/subdir-ac-subst-1.0/_build/sub'
make[1]: Leaving directory '/sources/automake-1.16.1/t/subdir-ac-subst.dir/subdir-ac-subst-1.0/_build/sub'
make[1]: Entering directory '/sources/automake-1.16.1/t/subdir-ac-subst.dir/subdir-ac-subst-1.0/_build/sub'
Making install in src
make[2]: Entering directory '/sources/automake-1.16.1/t/subdir-ac-subst.dir/subdir-ac-subst-1.0/_build/sub/src'
make[3]: Entering directory '/sources/automake-1.16.1/t/subdir-ac-subst.dir/subdir-ac-subst-1.0/_build/sub/src'
make[3]: Nothing to be done for 'install-exec-am'.
make[3]: Nothing to be done for 'install-data-am'.
make[3]: Leaving directory '/sources/automake-1.16.1/t/subdir-ac-subst.dir/subdir-ac-subst-1.0/_build/sub/src'
make[2]: Leaving directory '/sources/automake-1.16.1/t/subdir-ac-subst.dir/subdir-ac-subst-1.0/_build/sub/src'
Making install in opt
make[2]: Entering directory '/sources/automake-1.16.1/t/subdir-ac-subst.dir/subdir-ac-subst-1.0/_build/sub/opt'
make[3]: Entering directory '/sources/automake-1.16.1/t/subdir-ac-subst.dir/subdir-ac-subst-1.0/_build/sub/opt'
make[3]: Nothing to be done for 'install-exec-am'.
make[3]: Nothing to be done for 'install-data-am'.
make[3]: Leaving directory '/sources/automake-1.16.1/t/subdir-ac-subst.dir/subdir-ac-subst-1.0/_build/sub/opt'
make[2]: Leaving directory '/sources/automake-1.16.1/t/subdir-ac-subst.dir/subdir-ac-subst-1.0/_build/sub/opt'
make[2]: Entering directory '/sources/automake-1.16.1/t/subdir-ac-subst.dir/subdir-ac-subst-1.0/_build/sub'
make[3]: Entering directory '/sources/automake-1.16.1/t/subdir-ac-subst.dir/subdir-ac-subst-1.0/_build/sub'
make[3]: Nothing to be done for 'install-exec-am'.
make[3]: Nothing to be done for 'install-data-am'.
make[3]: Leaving directory '/sources/automake-1.16.1/t/subdir-ac-subst.dir/subdir-ac-subst-1.0/_build/sub'
make[2]: Leaving directory '/sources/automake-1.16.1/t/subdir-ac-subst.dir/subdir-ac-subst-1.0/_build/sub'
make[1]: Leaving directory '/sources/automake-1.16.1/t/subdir-ac-subst.dir/subdir-ac-subst-1.0/_build/sub'
make[1]: Entering directory '/sources/automake-1.16.1/t/subdir-ac-subst.dir/subdir-ac-subst-1.0/_build/sub'
Making installcheck in src
make[2]: Entering directory '/sources/automake-1.16.1/t/subdir-ac-subst.dir/subdir-ac-subst-1.0/_build/sub/src'
make[2]: Nothing to be done for 'installcheck'.
make[2]: Leaving directory '/sources/automake-1.16.1/t/subdir-ac-subst.dir/subdir-ac-subst-1.0/_build/sub/src'
Making installcheck in opt
make[2]: Entering directory '/sources/automake-1.16.1/t/subdir-ac-subst.dir/subdir-ac-subst-1.0/_build/sub/opt'
make[2]: Nothing to be done for 'installcheck'.
make[2]: Leaving directory '/sources/automake-1.16.1/t/subdir-ac-subst.dir/subdir-ac-subst-1.0/_build/sub/opt'
make[2]: Entering directory '/sources/automake-1.16.1/t/subdir-ac-subst.dir/subdir-ac-subst-1.0/_build/sub'
make[2]: Nothing to be done for 'installcheck-am'.
make[2]: Leaving directory '/sources/automake-1.16.1/t/subdir-ac-subst.dir/subdir-ac-subst-1.0/_build/sub'
make[1]: Leaving directory '/sources/automake-1.16.1/t/subdir-ac-subst.dir/subdir-ac-subst-1.0/_build/sub'
make[1]: Entering directory '/sources/automake-1.16.1/t/subdir-ac-subst.dir/subdir-ac-subst-1.0/_build/sub'
Making uninstall in src
make[2]: Entering directory '/sources/automake-1.16.1/t/subdir-ac-subst.dir/subdir-ac-subst-1.0/_build/sub/src'
make[2]: Nothing to be done for 'uninstall'.
make[2]: Leaving directory '/sources/automake-1.16.1/t/subdir-ac-subst.dir/subdir-ac-subst-1.0/_build/sub/src'
Making uninstall in opt
make[2]: Entering directory '/sources/automake-1.16.1/t/subdir-ac-subst.dir/subdir-ac-subst-1.0/_build/sub/opt'
make[2]: Nothing to be done for 'uninstall'.
make[2]: Leaving directory '/sources/automake-1.16.1/t/subdir-ac-subst.dir/subdir-ac-subst-1.0/_build/sub/opt'
make[2]: Entering directory '/sources/automake-1.16.1/t/subdir-ac-subst.dir/subdir-ac-subst-1.0/_build/sub'
make[2]: Nothing to be done for 'uninstall-am'.
make[2]: Leaving directory '/sources/automake-1.16.1/t/subdir-ac-subst.dir/subdir-ac-subst-1.0/_build/sub'
make[1]: Leaving directory '/sources/automake-1.16.1/t/subdir-ac-subst.dir/subdir-ac-subst-1.0/_build/sub'
make[1]: Entering directory '/sources/automake-1.16.1/t/subdir-ac-subst.dir/subdir-ac-subst-1.0/_build/sub'
make[1]: Leaving directory '/sources/automake-1.16.1/t/subdir-ac-subst.dir/subdir-ac-subst-1.0/_build/sub'
make[1]: Entering directory '/sources/automake-1.16.1/t/subdir-ac-subst.dir/subdir-ac-subst-1.0/_build/sub'
Making install in src
make[2]: Entering directory '/sources/automake-1.16.1/t/subdir-ac-subst.dir/subdir-ac-subst-1.0/_build/sub/src'
make[3]: Entering directory '/sources/automake-1.16.1/t/subdir-ac-subst.dir/subdir-ac-subst-1.0/_build/sub/src'
make[3]: Nothing to be done for 'install-exec-am'.
make[3]: Nothing to be done for 'install-data-am'.
make[3]: Leaving directory '/sources/automake-1.16.1/t/subdir-ac-subst.dir/subdir-ac-subst-1.0/_build/sub/src'
make[2]: Leaving directory '/sources/automake-1.16.1/t/subdir-ac-subst.dir/subdir-ac-subst-1.0/_build/sub/src'
Making install in opt
make[2]: Entering directory '/sources/automake-1.16.1/t/subdir-ac-subst.dir/subdir-ac-subst-1.0/_build/sub/opt'
make[3]: Entering directory '/sources/automake-1.16.1/t/subdir-ac-subst.dir/subdir-ac-subst-1.0/_build/sub/opt'
make[3]: Nothing to be done for 'install-exec-am'.
make[3]: Nothing to be done for 'install-data-am'.
make[3]: Leaving directory '/sources/automake-1.16.1/t/subdir-ac-subst.dir/subdir-ac-subst-1.0/_build/sub/opt'
make[2]: Leaving directory '/sources/automake-1.16.1/t/subdir-ac-subst.dir/subdir-ac-subst-1.0/_build/sub/opt'
make[2]: Entering directory '/sources/automake-1.16.1/t/subdir-ac-subst.dir/subdir-ac-subst-1.0/_build/sub'
make[3]: Entering directory '/sources/automake-1.16.1/t/subdir-ac-subst.dir/subdir-ac-subst-1.0/_build/sub'
make[3]: Nothing to be done for 'install-exec-am'.
make[3]: Nothing to be done for 'install-data-am'.
make[3]: Leaving directory '/sources/automake-1.16.1/t/subdir-ac-subst.dir/subdir-ac-subst-1.0/_build/sub'
make[2]: Leaving directory '/sources/automake-1.16.1/t/subdir-ac-subst.dir/subdir-ac-subst-1.0/_build/sub'
make[1]: Leaving directory '/sources/automake-1.16.1/t/subdir-ac-subst.dir/subdir-ac-subst-1.0/_build/sub'
make[1]: Entering directory '/sources/automake-1.16.1/t/subdir-ac-subst.dir/subdir-ac-subst-1.0/_build/sub'
Making uninstall in src
make[2]: Entering directory '/sources/automake-1.16.1/t/subdir-ac-subst.dir/subdir-ac-subst-1.0/_build/sub/src'
make[2]: Nothing to be done for 'uninstall'.
make[2]: Leaving directory '/sources/automake-1.16.1/t/subdir-ac-subst.dir/subdir-ac-subst-1.0/_build/sub/src'
Making uninstall in opt
make[2]: Entering directory '/sources/automake-1.16.1/t/subdir-ac-subst.dir/subdir-ac-subst-1.0/_build/sub/opt'
make[2]: Nothing to be done for 'uninstall'.
make[2]: Leaving directory '/sources/automake-1.16.1/t/subdir-ac-subst.dir/subdir-ac-subst-1.0/_build/sub/opt'
make[2]: Entering directory '/sources/automake-1.16.1/t/subdir-ac-subst.dir/subdir-ac-subst-1.0/_build/sub'
make[2]: Nothing to be done for 'uninstall-am'.
make[2]: Leaving directory '/sources/automake-1.16.1/t/subdir-ac-subst.dir/subdir-ac-subst-1.0/_build/sub'
make[1]: Leaving directory '/sources/automake-1.16.1/t/subdir-ac-subst.dir/subdir-ac-subst-1.0/_build/sub'
make[1]: Entering directory '/sources/automake-1.16.1/t/subdir-ac-subst.dir/subdir-ac-subst-1.0/_build/sub'
make[1]: Leaving directory '/sources/automake-1.16.1/t/subdir-ac-subst.dir/subdir-ac-subst-1.0/_build/sub'
make[1]: Entering directory '/sources/automake-1.16.1/t/subdir-ac-subst.dir/subdir-ac-subst-1.0/_build/sub'
make  dist-gzip am__post_remove_distdir='@:'
make[2]: Entering directory '/sources/automake-1.16.1/t/subdir-ac-subst.dir/subdir-ac-subst-1.0/_build/sub'
make  distdir-am
make[3]: Entering directory '/sources/automake-1.16.1/t/subdir-ac-subst.dir/subdir-ac-subst-1.0/_build/sub'
if test -d "subdir-ac-subst-1.0"; then find "subdir-ac-subst-1.0" -type d ! -perm -200 -exec chmod u+w {} ';' && rm -rf "subdir-ac-subst-1.0" || { sleep 5 && rm -rf "subdir-ac-subst-1.0"; }; else :; fi
test -d "subdir-ac-subst-1.0" || mkdir "subdir-ac-subst-1.0"
 (cd src && make  top_distdir=../subdir-ac-subst-1.0 distdir=../subdir-ac-subst-1.0/src \
     am__remove_distdir=: am__skip_length_check=: am__skip_mode_fix=: distdir)
make[4]: Entering directory '/sources/automake-1.16.1/t/subdir-ac-subst.dir/subdir-ac-subst-1.0/_build/sub/src'
make  distdir-am
make[5]: Entering directory '/sources/automake-1.16.1/t/subdir-ac-subst.dir/subdir-ac-subst-1.0/_build/sub/src'
make[5]: Leaving directory '/sources/automake-1.16.1/t/subdir-ac-subst.dir/subdir-ac-subst-1.0/_build/sub/src'
make[4]: Leaving directory '/sources/automake-1.16.1/t/subdir-ac-subst.dir/subdir-ac-subst-1.0/_build/sub/src'
 (cd opt && make  top_distdir=../subdir-ac-subst-1.0 distdir=../subdir-ac-subst-1.0/opt \
     am__remove_distdir=: am__skip_length_check=: am__skip_mode_fix=: distdir)
make[4]: Entering directory '/sources/automake-1.16.1/t/subdir-ac-subst.dir/subdir-ac-subst-1.0/_build/sub/opt'
make  distdir-am
make[5]: Entering directory '/sources/automake-1.16.1/t/subdir-ac-subst.dir/subdir-ac-subst-1.0/_build/sub/opt'
make[5]: Leaving directory '/sources/automake-1.16.1/t/subdir-ac-subst.dir/subdir-ac-subst-1.0/_build/sub/opt'
make[4]: Leaving directory '/sources/automake-1.16.1/t/subdir-ac-subst.dir/subdir-ac-subst-1.0/_build/sub/opt'
test -n "" \
|| find "subdir-ac-subst-1.0" -type d ! -perm -755 \
	-exec chmod u+rwx,go+rx {} \; -o \
  ! -type d ! -perm -444 -links 1 -exec chmod a+r {} \; -o \
  ! -type d ! -perm -400 -exec chmod a+r {} \; -o \
  ! -type d ! -perm -444 -exec /bin/sh /sources/automake-1.16.1/t/subdir-ac-subst.dir/subdir-ac-subst-1.0/install-sh -c -m a+r {} {} \; \
|| chmod -R a+r "subdir-ac-subst-1.0"
make[3]: Leaving directory '/sources/automake-1.16.1/t/subdir-ac-subst.dir/subdir-ac-subst-1.0/_build/sub'
tardir=subdir-ac-subst-1.0 && ${TAR-tar} chof - "$tardir" | eval GZIP= gzip --best -c >subdir-ac-subst-1.0.tar.gz
make[2]: Leaving directory '/sources/automake-1.16.1/t/subdir-ac-subst.dir/subdir-ac-subst-1.0/_build/sub'
if test -d "subdir-ac-subst-1.0"; then find "subdir-ac-subst-1.0" -type d ! -perm -200 -exec chmod u+w {} ';' && rm -rf "subdir-ac-subst-1.0" || { sleep 5 && rm -rf "subdir-ac-subst-1.0"; }; else :; fi
make[1]: Leaving directory '/sources/automake-1.16.1/t/subdir-ac-subst.dir/subdir-ac-subst-1.0/_build/sub'
make[1]: Entering directory '/sources/automake-1.16.1/t/subdir-ac-subst.dir/subdir-ac-subst-1.0/_build/sub'
Making distclean in src
make[2]: Entering directory '/sources/automake-1.16.1/t/subdir-ac-subst.dir/subdir-ac-subst-1.0/_build/sub/src'
test -z "result" || rm -f result
test -z "" || rm -f 
test . = "../../../src" || test -z "" || rm -f 
rm -f Makefile
make[2]: Leaving directory '/sources/automake-1.16.1/t/subdir-ac-subst.dir/subdir-ac-subst-1.0/_build/sub/src'
Making distclean in opt
make[2]: Entering directory '/sources/automake-1.16.1/t/subdir-ac-subst.dir/subdir-ac-subst-1.0/_build/sub/opt'
test -z "result" || rm -f result
test -z "" || rm -f 
test . = "../../../opt" || test -z "" || rm -f 
rm -f Makefile
make[2]: Leaving directory '/sources/automake-1.16.1/t/subdir-ac-subst.dir/subdir-ac-subst-1.0/_build/sub/opt'
make[2]: Entering directory '/sources/automake-1.16.1/t/subdir-ac-subst.dir/subdir-ac-subst-1.0/_build/sub'
test -z "" || rm -f 
test . = "../.." || test -z "" || rm -f 
rm -f TAGS ID GTAGS GRTAGS GSYMS GPATH tags
rm -f cscope.out cscope.in.out cscope.po.out cscope.files
make[2]: Leaving directory '/sources/automake-1.16.1/t/subdir-ac-subst.dir/subdir-ac-subst-1.0/_build/sub'
rm -f config.status config.cache config.log configure.lineno config.status.lineno
rm -f Makefile
make[1]: Leaving directory '/sources/automake-1.16.1/t/subdir-ac-subst.dir/subdir-ac-subst-1.0/_build/sub'
if test -d "subdir-ac-subst-1.0"; then find "subdir-ac-subst-1.0" -type d ! -perm -200 -exec chmod u+w {} ';' && rm -rf "subdir-ac-subst-1.0" || { sleep 5 && rm -rf "subdir-ac-subst-1.0"; }; else :; fi
=====================================================
subdir-ac-subst-1.0 archives ready for distribution: 
subdir-ac-subst-1.0.tar.gz
=====================================================
+ test -f sanity2
+ :
+ am_exit_trap 0
+ exit_status=0
+ set +e
+ cd /sources/automake-1.16.1
+ test none = tap
+ case $am_explicit_skips in
+ test 0 -eq 0
+ am_keeping_testdirs
+ case $keep_testdirs in
+ return 1
+ rm_rf_ t/subdir-ac-subst.dir
+ test 1 -gt 0
+ /usr/bin/perl /sources/automake-1.16.1/t/ax/deltree.pl t/subdir-ac-subst.dir
+ set +x
PASS t/subdir-ac-subst.sh (exit status: 0)
