Running from installcheck: no
Test Protocol: none
PATH = /sources/automake-1.16.1/bin:/sources/automake-1.16.1/t/ax:/bin:/usr/bin:/sbin:/usr/sbin:/tools/bin
++ pwd
/sources/automake-1.16.1/t/subdir-add2-pr46.dir
+ cat
+ echo 'AC_CONFIG_FILES([sub/Makefile])'
+ cat
+ mkdir sub
+ :
+ mkdir m4
+ echo 'AC_DEFUN([MORE_DEFS], [])'
+ aclocal-1.16 -Werror
+ autoconf
+ automake-1.16 --foreign -Werror -Wall
+ ./configure
checking for a BSD-compatible install... /usr/bin/install -c
checking whether build environment is sane... yes
checking for a thread-safe mkdir -p... /tools/bin/mkdir -p
checking for gawk... gawk
checking whether make sets $(MAKE)... yes
checking whether make supports nested variables... yes
checking that generated files are newer than configure... done
configure: creating ./config.status
config.status: creating Makefile
config.status: creating sub/Makefile
+ make
Making all in sub
make[1]: Entering directory '/sources/automake-1.16.1/t/subdir-add2-pr46.dir/sub'
make[1]: Nothing to be done for 'all'.
make[1]: Leaving directory '/sources/automake-1.16.1/t/subdir-add2-pr46.dir/sub'
make[1]: Entering directory '/sources/automake-1.16.1/t/subdir-add2-pr46.dir'
make[1]: Nothing to be done for 'all-am'.
make[1]: Leaving directory '/sources/automake-1.16.1/t/subdir-add2-pr46.dir'
+ mkdir sub/maude
+ cat
+ :
+ echo 'SUBDIRS = maude'
+ mkdir maude
+ :
+ sleep 2
+ echo 'AC_CONFIG_FILES([maude/Makefile sub/maude/Makefile])'
+ cd sub
+ make
cd .. && make  am--refresh
make[1]: Entering directory '/sources/automake-1.16.1/t/subdir-add2-pr46.dir'
CDPATH="${ZSH_VERSION+.}:" && cd . && /bin/sh /sources/automake-1.16.1/t/subdir-add2-pr46.dir/missing aclocal-1.16 
 cd . && /bin/sh /sources/automake-1.16.1/t/subdir-add2-pr46.dir/missing automake-1.16 --foreign
CDPATH="${ZSH_VERSION+.}:" && cd . && /bin/sh /sources/automake-1.16.1/t/subdir-add2-pr46.dir/missing autoconf
/bin/sh ./config.status --recheck
running CONFIG_SHELL=/bin/sh /bin/sh ./configure build_alias= host_alias= --no-create --no-recursion
checking for a BSD-compatible install... /usr/bin/install -c
checking whether build environment is sane... yes
checking for a thread-safe mkdir -p... /tools/bin/mkdir -p
checking for gawk... gawk
checking whether make sets $(MAKE)... yes
checking whether make supports nested variables... yes
checking that generated files are newer than configure... done
configure: creating ./config.status
 /bin/sh ./config.status
config.status: creating Makefile
config.status: creating sub/Makefile
config.status: creating maude/Makefile
config.status: creating sub/maude/Makefile
make[1]: Leaving directory '/sources/automake-1.16.1/t/subdir-add2-pr46.dir'
Making all in maude
make[1]: Entering directory '/sources/automake-1.16.1/t/subdir-add2-pr46.dir/sub/maude'
make[1]: Nothing to be done for 'all'.
make[1]: Leaving directory '/sources/automake-1.16.1/t/subdir-add2-pr46.dir/sub/maude'
make[1]: Entering directory '/sources/automake-1.16.1/t/subdir-add2-pr46.dir/sub'
make[1]: Nothing to be done for 'all-am'.
make[1]: Leaving directory '/sources/automake-1.16.1/t/subdir-add2-pr46.dir/sub'
+ cd ..
+ grep '^SUBDIRS = *maude *$' sub/Makefile.in
SUBDIRS = maude
+ grep '^SUBDIRS = *maude *$' sub/Makefile
SUBDIRS = maude
+ test -f maude/Makefile
+ test -f sub/maude/Makefile
+ echo 'AC_DEFUN([MORE_DEFS], [AC_SUBST([GREPME])])'
+ make
CDPATH="${ZSH_VERSION+.}:" && cd . && /bin/sh /sources/automake-1.16.1/t/subdir-add2-pr46.dir/missing aclocal-1.16 
 cd . && /bin/sh /sources/automake-1.16.1/t/subdir-add2-pr46.dir/missing automake-1.16 --foreign
CDPATH="${ZSH_VERSION+.}:" && cd . && /bin/sh /sources/automake-1.16.1/t/subdir-add2-pr46.dir/missing autoconf
/bin/sh ./config.status --recheck
running CONFIG_SHELL=/bin/sh /bin/sh ./configure build_alias= host_alias= --no-create --no-recursion
checking for a BSD-compatible install... /usr/bin/install -c
checking whether build environment is sane... yes
checking for a thread-safe mkdir -p... /tools/bin/mkdir -p
checking for gawk... gawk
checking whether make sets $(MAKE)... yes
checking whether make supports nested variables... yes
checking that generated files are newer than configure... done
configure: creating ./config.status
 /bin/sh ./config.status
config.status: creating Makefile
config.status: creating sub/Makefile
config.status: creating maude/Makefile
config.status: creating sub/maude/Makefile
Making all in sub
make[1]: Entering directory '/sources/automake-1.16.1/t/subdir-add2-pr46.dir/sub'
Making all in maude
make[2]: Entering directory '/sources/automake-1.16.1/t/subdir-add2-pr46.dir/sub/maude'
make[2]: Nothing to be done for 'all'.
make[2]: Leaving directory '/sources/automake-1.16.1/t/subdir-add2-pr46.dir/sub/maude'
make[2]: Entering directory '/sources/automake-1.16.1/t/subdir-add2-pr46.dir/sub'
make[2]: Nothing to be done for 'all-am'.
make[2]: Leaving directory '/sources/automake-1.16.1/t/subdir-add2-pr46.dir/sub'
make[1]: Leaving directory '/sources/automake-1.16.1/t/subdir-add2-pr46.dir/sub'
make[1]: Entering directory '/sources/automake-1.16.1/t/subdir-add2-pr46.dir'
make[1]: Nothing to be done for 'all-am'.
make[1]: Leaving directory '/sources/automake-1.16.1/t/subdir-add2-pr46.dir'
+ for ext in '.in' ''
+ for d in . maude sub sub/maude
+ grep '^GREPME =' ./Makefile.in
GREPME = @GREPME@
+ for d in . maude sub sub/maude
+ grep '^GREPME =' maude/Makefile.in
GREPME = @GREPME@
+ for d in . maude sub sub/maude
+ grep '^GREPME =' sub/Makefile.in
GREPME = @GREPME@
+ for d in . maude sub sub/maude
+ grep '^GREPME =' sub/maude/Makefile.in
GREPME = @GREPME@
+ for ext in '.in' ''
+ for d in . maude sub sub/maude
+ grep '^GREPME =' ./Makefile
GREPME = 
+ for d in . maude sub sub/maude
+ grep '^GREPME =' maude/Makefile
GREPME = 
+ for d in . maude sub sub/maude
+ grep '^GREPME =' sub/Makefile
GREPME = 
+ for d in . maude sub sub/maude
+ grep '^GREPME =' sub/maude/Makefile
GREPME = 
+ :
+ am_exit_trap 0
+ exit_status=0
+ set +e
+ cd /sources/automake-1.16.1
+ test none = tap
+ case $am_explicit_skips in
+ test 0 -eq 0
+ am_keeping_testdirs
+ case $keep_testdirs in
+ return 1
+ rm_rf_ t/subdir-add2-pr46.dir
+ test 1 -gt 0
+ /usr/bin/perl /sources/automake-1.16.1/t/ax/deltree.pl t/subdir-add2-pr46.dir
+ set +x
PASS t/subdir-add2-pr46.sh (exit status: 0)
