Running from installcheck: no
Test Protocol: none
PATH = /sources/automake-1.16.1/bin:/sources/automake-1.16.1/t/ax:/bin:/usr/bin:/sbin:/usr/sbin:/tools/bin
++ pwd
/sources/automake-1.16.1/t/subdir-env-interference.dir
+ mkdir sub
+ cat
+ echo SUBDIRS = sub
+ :
+ aclocal-1.16 -Werror
+ autoconf
+ automake-1.16 --foreign -Werror -Wall
+ ./configure
checking for a BSD-compatible install... /usr/bin/install -c
checking whether build environment is sane... yes
checking for a thread-safe mkdir -p... /tools/bin/mkdir -p
checking for gawk... gawk
checking whether make sets $(MAKE)... yes
checking whether make supports nested variables... yes
checking that generated files are newer than configure... done
configure: creating ./config.status
config.status: creating Makefile
config.status: creating sub/Makefile
+ env fail=1 make all clean
Making all in sub
make[1]: Entering directory '/sources/automake-1.16.1/t/subdir-env-interference.dir/sub'
make[1]: Nothing to be done for 'all'.
make[1]: Leaving directory '/sources/automake-1.16.1/t/subdir-env-interference.dir/sub'
make[1]: Entering directory '/sources/automake-1.16.1/t/subdir-env-interference.dir'
make[1]: Nothing to be done for 'all-am'.
make[1]: Leaving directory '/sources/automake-1.16.1/t/subdir-env-interference.dir'
Making clean in sub
make[1]: Entering directory '/sources/automake-1.16.1/t/subdir-env-interference.dir/sub'
make[1]: Nothing to be done for 'clean'.
make[1]: Leaving directory '/sources/automake-1.16.1/t/subdir-env-interference.dir/sub'
make[1]: Entering directory '/sources/automake-1.16.1/t/subdir-env-interference.dir'
make[1]: Nothing to be done for 'clean-am'.
make[1]: Leaving directory '/sources/automake-1.16.1/t/subdir-env-interference.dir'
+ :
+ am_exit_trap 0
+ exit_status=0
+ set +e
+ cd /sources/automake-1.16.1
+ test none = tap
+ case $am_explicit_skips in
+ test 0 -eq 0
+ am_keeping_testdirs
+ case $keep_testdirs in
+ return 1
+ rm_rf_ t/subdir-env-interference.dir
+ test 1 -gt 0
+ /usr/bin/perl /sources/automake-1.16.1/t/ax/deltree.pl t/subdir-env-interference.dir
+ set +x
PASS t/subdir-env-interference.sh (exit status: 0)
