Running from installcheck: no
Test Protocol: none
PATH = /sources/automake-1.16.1/bin:/sources/automake-1.16.1/t/ax:/bin:/usr/bin:/sbin:/usr/sbin:/tools/bin
++ pwd
/sources/automake-1.16.1/t/subdir-subsub.dir
+ mkdir one
+ mkdir one/two
+ cat
+ :
+ :
+ :
+ :
+ :
+ :
+ cat
+ cat
+ cat
+ aclocal-1.16 -Werror
+ autoconf
+ automake-1.16 --foreign -Werror -Wall --gnu
+ ./configure
checking for a BSD-compatible install... /usr/bin/install -c
checking whether build environment is sane... yes
checking for a thread-safe mkdir -p... /tools/bin/mkdir -p
checking for gawk... gawk
checking whether make sets $(MAKE)... yes
checking whether make supports nested variables... yes
checking that generated files are newer than configure... done
configure: creating ./config.status
config.status: creating Makefile
config.status: creating one/Makefile
config.status: creating one/two/Makefile
+ make
Making all in one
make[1]: Entering directory '/sources/automake-1.16.1/t/subdir-subsub.dir/one'
Making all in two
make[2]: Entering directory '/sources/automake-1.16.1/t/subdir-subsub.dir/one/two'
echo dummy >data.txt
make[2]: Leaving directory '/sources/automake-1.16.1/t/subdir-subsub.dir/one/two'
make[2]: Entering directory '/sources/automake-1.16.1/t/subdir-subsub.dir/one'
make[2]: Nothing to be done for 'all-am'.
make[2]: Leaving directory '/sources/automake-1.16.1/t/subdir-subsub.dir/one'
make[1]: Leaving directory '/sources/automake-1.16.1/t/subdir-subsub.dir/one'
make[1]: Entering directory '/sources/automake-1.16.1/t/subdir-subsub.dir'
make[1]: Nothing to be done for 'all-am'.
make[1]: Leaving directory '/sources/automake-1.16.1/t/subdir-subsub.dir'
+ test -f one/two/data.txt
+ :
+ am_exit_trap 0
+ exit_status=0
+ set +e
+ cd /sources/automake-1.16.1
+ test none = tap
+ case $am_explicit_skips in
+ test 0 -eq 0
+ am_keeping_testdirs
+ case $keep_testdirs in
+ return 1
+ rm_rf_ t/subdir-subsub.dir
+ test 1 -gt 0
+ /usr/bin/perl /sources/automake-1.16.1/t/ax/deltree.pl t/subdir-subsub.dir
+ set +x
PASS t/subdir-subsub.sh (exit status: 0)
