subobj9: running libtoolize --version
libtoolize (GNU libtool) 2.4.6
Written by Gary V. Vaughan <gary@gnu.org>, 2003

Copyright (C) 2015 Free Software Foundation, Inc.
This is free software; see the source for copying conditions.  There is NO
warranty; not even for MERCHANTABILITY or FITNESS FOR A PARTICULAR PURPOSE.
Running from installcheck: no
Test Protocol: none
PATH = /sources/automake-1.16.1/bin:/sources/automake-1.16.1/t/ax:/bin:/usr/bin:/sbin:/usr/sbin:/tools/bin
++ pwd
/sources/automake-1.16.1/t/subobj9.dir
+ cat
+ cat
+ mkdir src
+ cat
+ cat
+ libtoolize --force
libtoolize: putting auxiliary files in '.'.
libtoolize: linking file './ltmain.sh'
libtoolize: You should add the contents of the following files to 'aclocal.m4':
libtoolize:   '/usr/share/aclocal/libtool.m4'
libtoolize:   '/usr/share/aclocal/ltoptions.m4'
libtoolize:   '/usr/share/aclocal/ltsugar.m4'
libtoolize:   '/usr/share/aclocal/ltversion.m4'
libtoolize:   '/usr/share/aclocal/lt~obsolete.m4'
libtoolize: Consider adding 'AC_CONFIG_MACRO_DIRS([m4])' to configure.ac,
libtoolize: and rerunning libtoolize and aclocal.
libtoolize: Consider adding '-I m4' to ACLOCAL_AMFLAGS in Makefile.am.
+ aclocal-1.16 -Werror
+ autoconf
+ automake-1.16 --foreign -Werror -Wall -a
configure.ac:4: installing './ar-lib'
configure.ac:4: installing './compile'
configure.ac:5: installing './config.guess'
configure.ac:5: installing './config.sub'
configure.ac:2: installing './missing'
Makefile.am: installing './depcomp'
+ ./configure
checking for a BSD-compatible install... /usr/bin/install -c
checking whether build environment is sane... yes
checking for a thread-safe mkdir -p... /tools/bin/mkdir -p
checking for gawk... gawk
checking whether make sets $(MAKE)... yes
checking whether make supports nested variables... yes
checking whether the C++ compiler works... yes
checking for C++ compiler default output file name... a.out
checking for suffix of executables... 
checking whether we are cross compiling... no
checking for suffix of object files... o
checking whether we are using the GNU C++ compiler... yes
checking whether c++ accepts -g... yes
checking whether make supports the include directive... yes (GNU style)
checking dependency style of c++... gcc3
checking for gcc... gcc
checking whether we are using the GNU C compiler... yes
checking whether gcc accepts -g... yes
checking for gcc option to accept ISO C89... none needed
checking whether gcc understands -c and -o together... yes
checking dependency style of gcc... gcc3
checking for ar... ar
checking the archiver (ar) interface... ar
checking build system type... x86_64-pc-linux-gnu
checking host system type... x86_64-pc-linux-gnu
checking how to print strings... printf
checking for a sed that does not truncate output... /bin/sed
checking for grep that handles long lines and -e... /bin/grep
checking for egrep... /bin/grep -E
checking for fgrep... /bin/grep -F
checking for ld used by gcc... /usr/bin/ld
checking if the linker (/usr/bin/ld) is GNU ld... yes
checking for BSD- or MS-compatible name lister (nm)... /usr/bin/nm -B
checking the name lister (/usr/bin/nm -B) interface... BSD nm
checking whether ln -s works... yes
checking the maximum length of command line arguments... 6291456
checking how to convert x86_64-pc-linux-gnu file names to x86_64-pc-linux-gnu format... func_convert_file_noop
checking how to convert x86_64-pc-linux-gnu file names to toolchain format... func_convert_file_noop
checking for /usr/bin/ld option to reload object files... -r
checking for objdump... objdump
checking how to recognize dependent libraries... pass_all
checking for dlltool... no
checking how to associate runtime and link libraries... printf %s\n
checking for archiver @FILE support... @
checking for strip... strip
checking for ranlib... ranlib
checking command to parse /usr/bin/nm -B output from gcc object... ok
checking for sysroot... no
checking for a working dd... /bin/dd
checking how to truncate binary pipes... /bin/dd bs=4096 count=1
checking for mt... no
checking if : is a manifest tool... no
checking how to run the C preprocessor... gcc -E
checking for ANSI C header files... yes
checking for sys/types.h... yes
checking for sys/stat.h... yes
checking for stdlib.h... yes
checking for string.h... yes
checking for memory.h... yes
checking for strings.h... yes
checking for inttypes.h... yes
checking for stdint.h... yes
checking for unistd.h... yes
checking for dlfcn.h... yes
checking for objdir... .libs
checking if gcc supports -fno-rtti -fno-exceptions... no
checking for gcc option to produce PIC... -fPIC -DPIC
checking if gcc PIC flag -fPIC -DPIC works... yes
checking if gcc static flag -static works... yes
checking if gcc supports -c -o file.o... yes
checking if gcc supports -c -o file.o... (cached) yes
checking whether the gcc linker (/usr/bin/ld -m elf_x86_64) supports shared libraries... yes
checking whether -lc should be explicitly linked in... no
checking dynamic linker characteristics... GNU/Linux ld.so
checking how to hardcode library paths into programs... immediate
checking whether stripping libraries is possible... yes
checking if libtool supports shared libraries... yes
checking whether to build shared libraries... yes
checking whether to build static libraries... yes
checking how to run the C++ preprocessor... c++ -E
checking for ld used by c++... /usr/bin/ld -m elf_x86_64
checking if the linker (/usr/bin/ld -m elf_x86_64) is GNU ld... yes
checking whether the c++ linker (/usr/bin/ld -m elf_x86_64) supports shared libraries... yes
checking for c++ option to produce PIC... -fPIC -DPIC
checking if c++ PIC flag -fPIC -DPIC works... yes
checking if c++ static flag -static works... yes
checking if c++ supports -c -o file.o... yes
checking if c++ supports -c -o file.o... (cached) yes
checking whether the c++ linker (/usr/bin/ld -m elf_x86_64) supports shared libraries... yes
checking dynamic linker characteristics... (cached) GNU/Linux ld.so
checking how to hardcode library paths into programs... immediate
checking that generated files are newer than configure... done
configure: creating ./config.status
config.status: creating Makefile
config.status: executing depfiles commands
config.status: executing libtool commands
+ export AUTOCONF AUTOMAKE
+ ./libtool --help
+ grep tag=TAG
       --tag=TAG            use configuration variables from tag TAG
+ run_make -O print
+ am__make_redirect_stdout=no
+ am__make_redirect_stderr=no
+ am__make_redirect_stdall=no
+ am__make_flags=
+ am__make_rc_exp=0
+ am_make_rc=0
+ test 2 -gt 0
+ case $1 in
+ am__make_redirect_stdout=yes
+ shift
+ test 1 -gt 0
+ case $1 in
+ break
+ using_gmake
+ case $am__using_gmake in
+ make --version -v
+ grep GNU
GNU Make 4.2.1
License GPLv3+: GNU GPL version 3 or later <http://gnu.org/licenses/gpl.html>
+ am__using_gmake=yes
+ return 0
+ :
+ test x '!=' x
+ : exec make print
+ set +x
+ test 0 -eq 253
+ test no = yes
+ test yes = yes
+ cat stdout
BEG1: /bin/sh ./libtool  --tag=CXX   --mode=compile c++ -DPACKAGE_NAME="subobj9" -DPACKAGE_TARNAME="subobj9" -DPACKAGE_VERSION="1.0" -DPACKAGE_STRING="subobj9\ 1.0" -DPACKAGE_BUGREPORT="" -DPACKAGE_URL="" -DPACKAGE="subobj9" -DVERSION="1.0" -DSTDC_HEADERS=1 -DHAVE_SYS_TYPES_H=1 -DHAVE_SYS_STAT_H=1 -DHAVE_STDLIB_H=1 -DHAVE_STRING_H=1 -DHAVE_MEMORY_H=1 -DHAVE_STRINGS_H=1 -DHAVE_INTTYPES_H=1 -DHAVE_STDINT_H=1 -DHAVE_UNISTD_H=1 -DHAVE_DLFCN_H=1 -DLT_OBJDIR=".libs/" -I.     -g -O2 :1END
BEG2: /bin/sh ./libtool  --tag=CXX   --mode=link c++  -g -O2   -o print :2END
+ test no = yes
+ case $am__make_rc_exp in
+ test 0 -ge 0
+ test 0 -le 255
+ test 0 -eq 0
+ grep 'BEG1: .*--tag=CXX.*--mode=compile.* :1END' stdout
BEG1: /bin/sh ./libtool  --tag=CXX   --mode=compile c++ -DPACKAGE_NAME="subobj9" -DPACKAGE_TARNAME="subobj9" -DPACKAGE_VERSION="1.0" -DPACKAGE_STRING="subobj9\ 1.0" -DPACKAGE_BUGREPORT="" -DPACKAGE_URL="" -DPACKAGE="subobj9" -DVERSION="1.0" -DSTDC_HEADERS=1 -DHAVE_SYS_TYPES_H=1 -DHAVE_SYS_STAT_H=1 -DHAVE_STDLIB_H=1 -DHAVE_STRING_H=1 -DHAVE_MEMORY_H=1 -DHAVE_STRINGS_H=1 -DHAVE_INTTYPES_H=1 -DHAVE_STDINT_H=1 -DHAVE_UNISTD_H=1 -DHAVE_DLFCN_H=1 -DLT_OBJDIR=".libs/" -I.     -g -O2 :1END
+ grep 'BEG2: .*--tag=CXX.*--mode=link.* :2END' stdout
BEG2: /bin/sh ./libtool  --tag=CXX   --mode=link c++  -g -O2   -o print :2END
+ make
depbase=`echo src/foo.lo | sed 's|[^/]*$|.deps/&|;s|\.lo$||'`;\
/bin/sh ./libtool  --tag=CXX   --mode=compile c++ -DPACKAGE_NAME=\"subobj9\" -DPACKAGE_TARNAME=\"subobj9\" -DPACKAGE_VERSION=\"1.0\" -DPACKAGE_STRING=\"subobj9\ 1.0\" -DPACKAGE_BUGREPORT=\"\" -DPACKAGE_URL=\"\" -DPACKAGE=\"subobj9\" -DVERSION=\"1.0\" -DSTDC_HEADERS=1 -DHAVE_SYS_TYPES_H=1 -DHAVE_SYS_STAT_H=1 -DHAVE_STDLIB_H=1 -DHAVE_STRING_H=1 -DHAVE_MEMORY_H=1 -DHAVE_STRINGS_H=1 -DHAVE_INTTYPES_H=1 -DHAVE_STDINT_H=1 -DHAVE_UNISTD_H=1 -DHAVE_DLFCN_H=1 -DLT_OBJDIR=\".libs/\" -I.     -g -O2 -MT src/foo.lo -MD -MP -MF $depbase.Tpo -c -o src/foo.lo src/foo.cc &&\
mv -f $depbase.Tpo $depbase.Plo
libtool: compile:  c++ -DPACKAGE_NAME=\"subobj9\" -DPACKAGE_TARNAME=\"subobj9\" -DPACKAGE_VERSION=\"1.0\" "-DPACKAGE_STRING=\"subobj9 1.0\"" -DPACKAGE_BUGREPORT=\"\" -DPACKAGE_URL=\"\" -DPACKAGE=\"subobj9\" -DVERSION=\"1.0\" -DSTDC_HEADERS=1 -DHAVE_SYS_TYPES_H=1 -DHAVE_SYS_STAT_H=1 -DHAVE_STDLIB_H=1 -DHAVE_STRING_H=1 -DHAVE_MEMORY_H=1 -DHAVE_STRINGS_H=1 -DHAVE_INTTYPES_H=1 -DHAVE_STDINT_H=1 -DHAVE_UNISTD_H=1 -DHAVE_DLFCN_H=1 -DLT_OBJDIR=\".libs/\" -I. -g -O2 -MT src/foo.lo -MD -MP -MF src/.deps/foo.Tpo -c src/foo.cc  -fPIC -DPIC -o src/.libs/foo.o
libtool: compile:  c++ -DPACKAGE_NAME=\"subobj9\" -DPACKAGE_TARNAME=\"subobj9\" -DPACKAGE_VERSION=\"1.0\" "-DPACKAGE_STRING=\"subobj9 1.0\"" -DPACKAGE_BUGREPORT=\"\" -DPACKAGE_URL=\"\" -DPACKAGE=\"subobj9\" -DVERSION=\"1.0\" -DSTDC_HEADERS=1 -DHAVE_SYS_TYPES_H=1 -DHAVE_SYS_STAT_H=1 -DHAVE_STDLIB_H=1 -DHAVE_STRING_H=1 -DHAVE_MEMORY_H=1 -DHAVE_STRINGS_H=1 -DHAVE_INTTYPES_H=1 -DHAVE_STDINT_H=1 -DHAVE_UNISTD_H=1 -DHAVE_DLFCN_H=1 -DLT_OBJDIR=\".libs/\" -I. -g -O2 -MT src/foo.lo -MD -MP -MF src/.deps/foo.Tpo -c src/foo.cc -o src/foo.o >/dev/null 2>&1
depbase=`echo src/bar.lo | sed 's|[^/]*$|.deps/&|;s|\.lo$||'`;\
/bin/sh ./libtool  --tag=CXX   --mode=compile c++ -DPACKAGE_NAME=\"subobj9\" -DPACKAGE_TARNAME=\"subobj9\" -DPACKAGE_VERSION=\"1.0\" -DPACKAGE_STRING=\"subobj9\ 1.0\" -DPACKAGE_BUGREPORT=\"\" -DPACKAGE_URL=\"\" -DPACKAGE=\"subobj9\" -DVERSION=\"1.0\" -DSTDC_HEADERS=1 -DHAVE_SYS_TYPES_H=1 -DHAVE_SYS_STAT_H=1 -DHAVE_STDLIB_H=1 -DHAVE_STRING_H=1 -DHAVE_MEMORY_H=1 -DHAVE_STRINGS_H=1 -DHAVE_INTTYPES_H=1 -DHAVE_STDINT_H=1 -DHAVE_UNISTD_H=1 -DHAVE_DLFCN_H=1 -DLT_OBJDIR=\".libs/\" -I.     -g -O2 -MT src/bar.lo -MD -MP -MF $depbase.Tpo -c -o src/bar.lo src/bar.cc &&\
mv -f $depbase.Tpo $depbase.Plo
libtool: compile:  c++ -DPACKAGE_NAME=\"subobj9\" -DPACKAGE_TARNAME=\"subobj9\" -DPACKAGE_VERSION=\"1.0\" "-DPACKAGE_STRING=\"subobj9 1.0\"" -DPACKAGE_BUGREPORT=\"\" -DPACKAGE_URL=\"\" -DPACKAGE=\"subobj9\" -DVERSION=\"1.0\" -DSTDC_HEADERS=1 -DHAVE_SYS_TYPES_H=1 -DHAVE_SYS_STAT_H=1 -DHAVE_STDLIB_H=1 -DHAVE_STRING_H=1 -DHAVE_MEMORY_H=1 -DHAVE_STRINGS_H=1 -DHAVE_INTTYPES_H=1 -DHAVE_STDINT_H=1 -DHAVE_UNISTD_H=1 -DHAVE_DLFCN_H=1 -DLT_OBJDIR=\".libs/\" -I. -g -O2 -MT src/bar.lo -MD -MP -MF src/.deps/bar.Tpo -c src/bar.cc  -fPIC -DPIC -o src/.libs/bar.o
libtool: compile:  c++ -DPACKAGE_NAME=\"subobj9\" -DPACKAGE_TARNAME=\"subobj9\" -DPACKAGE_VERSION=\"1.0\" "-DPACKAGE_STRING=\"subobj9 1.0\"" -DPACKAGE_BUGREPORT=\"\" -DPACKAGE_URL=\"\" -DPACKAGE=\"subobj9\" -DVERSION=\"1.0\" -DSTDC_HEADERS=1 -DHAVE_SYS_TYPES_H=1 -DHAVE_SYS_STAT_H=1 -DHAVE_STDLIB_H=1 -DHAVE_STRING_H=1 -DHAVE_MEMORY_H=1 -DHAVE_STRINGS_H=1 -DHAVE_INTTYPES_H=1 -DHAVE_STDINT_H=1 -DHAVE_UNISTD_H=1 -DHAVE_DLFCN_H=1 -DLT_OBJDIR=\".libs/\" -I. -g -O2 -MT src/bar.lo -MD -MP -MF src/.deps/bar.Tpo -c src/bar.cc -o src/bar.o >/dev/null 2>&1
/bin/sh ./libtool  --tag=CXX   --mode=link c++  -g -O2   -o libfoo.la  src/foo.lo .//src/bar.lo  
libtool: link: ar cru .libs/libfoo.a src/.libs/foo.o .//src/.libs/bar.o 
libtool: link: ranlib .libs/libfoo.a
libtool: link: ( cd ".libs" && rm -f "libfoo.la" && ln -s "../libfoo.la" "libfoo.la" )
+ run_make -M distcheck
+ am__make_redirect_stdout=no
+ am__make_redirect_stderr=no
+ am__make_redirect_stdall=no
+ am__make_flags=
+ am__make_rc_exp=0
+ am_make_rc=0
+ test 2 -gt 0
+ case $1 in
+ am__make_redirect_stdall=yes
+ shift
+ test 1 -gt 0
+ case $1 in
+ break
+ using_gmake
+ case $am__using_gmake in
+ return 0
+ :
+ test x '!=' x
+ : exec make distcheck
+ set +x
+ test 0 -eq 253
+ test yes = yes
+ cat output
make  dist-gzip am__post_remove_distdir='@:'
make[1]: Entering directory '/sources/automake-1.16.1/t/subobj9.dir'
make  distdir-am
make[2]: Entering directory '/sources/automake-1.16.1/t/subobj9.dir'
if test -d "subobj9-1.0"; then find "subobj9-1.0" -type d ! -perm -200 -exec chmod u+w {} ';' && rm -rf "subobj9-1.0" || { sleep 5 && rm -rf "subobj9-1.0"; }; else :; fi
test -d "subobj9-1.0" || mkdir "subobj9-1.0"
test -n "" \
|| find "subobj9-1.0" -type d ! -perm -755 \
	-exec chmod u+rwx,go+rx {} \; -o \
  ! -type d ! -perm -444 -links 1 -exec chmod a+r {} \; -o \
  ! -type d ! -perm -400 -exec chmod a+r {} \; -o \
  ! -type d ! -perm -444 -exec /bin/sh /sources/automake-1.16.1/t/subobj9.dir/install-sh -c -m a+r {} {} \; \
|| chmod -R a+r "subobj9-1.0"
make[2]: Leaving directory '/sources/automake-1.16.1/t/subobj9.dir'
tardir=subobj9-1.0 && ${TAR-tar} chof - "$tardir" | eval GZIP= gzip --best -c >subobj9-1.0.tar.gz
make[1]: Leaving directory '/sources/automake-1.16.1/t/subobj9.dir'
if test -d "subobj9-1.0"; then find "subobj9-1.0" -type d ! -perm -200 -exec chmod u+w {} ';' && rm -rf "subobj9-1.0" || { sleep 5 && rm -rf "subobj9-1.0"; }; else :; fi
case 'subobj9-1.0.tar.gz' in \
*.tar.gz*) \
  eval GZIP= gzip --best -dc subobj9-1.0.tar.gz | ${TAR-tar} xf - ;;\
*.tar.bz2*) \
  bzip2 -dc subobj9-1.0.tar.bz2 | ${TAR-tar} xf - ;;\
*.tar.lz*) \
  lzip -dc subobj9-1.0.tar.lz | ${TAR-tar} xf - ;;\
*.tar.xz*) \
  xz -dc subobj9-1.0.tar.xz | ${TAR-tar} xf - ;;\
*.tar.Z*) \
  uncompress -c subobj9-1.0.tar.Z | ${TAR-tar} xf - ;;\
*.shar.gz*) \
  eval GZIP= gzip --best -dc subobj9-1.0.shar.gz | unshar ;;\
*.zip*) \
  unzip subobj9-1.0.zip ;;\
esac
chmod -R a-w subobj9-1.0
chmod u+w subobj9-1.0
mkdir subobj9-1.0/_build subobj9-1.0/_build/sub subobj9-1.0/_inst
chmod a-w subobj9-1.0
test -d subobj9-1.0/_build || exit 0; \
dc_install_base=`CDPATH="${ZSH_VERSION+.}:" && cd subobj9-1.0/_inst && pwd | sed -e 's,^[^:\\/]:[\\/],/,'` \
  && dc_destdir="${TMPDIR-/tmp}/am-dc-$$/" \
  && am__cwd=`pwd` \
  && CDPATH="${ZSH_VERSION+.}:" && cd subobj9-1.0/_build/sub \
  && ../../configure \
     \
     \
    --srcdir=../.. --prefix="$dc_install_base" \
  && make  \
  && make  dvi \
  && make  check \
  && make  install \
  && make  installcheck \
  && make  uninstall \
  && make  distuninstallcheck_dir="$dc_install_base" \
        distuninstallcheck \
  && chmod -R a-w "$dc_install_base" \
  && ({ \
       (cd ../.. && umask 077 && mkdir "$dc_destdir") \
       && make  DESTDIR="$dc_destdir" install \
       && make  DESTDIR="$dc_destdir" uninstall \
       && make  DESTDIR="$dc_destdir" \
            distuninstallcheck_dir="$dc_destdir" distuninstallcheck; \
      } || { rm -rf "$dc_destdir"; exit 1; }) \
  && rm -rf "$dc_destdir" \
  && make  dist \
  && rm -rf subobj9-1.0.tar.gz \
  && make  distcleancheck \
  && cd "$am__cwd" \
  || exit 1
checking for a BSD-compatible install... /usr/bin/install -c
checking whether build environment is sane... yes
checking for a thread-safe mkdir -p... /tools/bin/mkdir -p
checking for gawk... gawk
checking whether make sets $(MAKE)... yes
checking whether make supports nested variables... yes
checking whether the C++ compiler works... yes
checking for C++ compiler default output file name... a.out
checking for suffix of executables... 
checking whether we are cross compiling... no
checking for suffix of object files... o
checking whether we are using the GNU C++ compiler... yes
checking whether c++ accepts -g... yes
checking whether make supports the include directive... yes (GNU style)
checking dependency style of c++... gcc3
checking for gcc... gcc
checking whether we are using the GNU C compiler... yes
checking whether gcc accepts -g... yes
checking for gcc option to accept ISO C89... none needed
checking whether gcc understands -c and -o together... yes
checking dependency style of gcc... gcc3
checking for ar... ar
checking the archiver (ar) interface... ar
checking build system type... x86_64-pc-linux-gnu
checking host system type... x86_64-pc-linux-gnu
checking how to print strings... printf
checking for a sed that does not truncate output... /bin/sed
checking for grep that handles long lines and -e... /bin/grep
checking for egrep... /bin/grep -E
checking for fgrep... /bin/grep -F
checking for ld used by gcc... /usr/bin/ld
checking if the linker (/usr/bin/ld) is GNU ld... yes
checking for BSD- or MS-compatible name lister (nm)... /usr/bin/nm -B
checking the name lister (/usr/bin/nm -B) interface... BSD nm
checking whether ln -s works... yes
checking the maximum length of command line arguments... 6291456
checking how to convert x86_64-pc-linux-gnu file names to x86_64-pc-linux-gnu format... func_convert_file_noop
checking how to convert x86_64-pc-linux-gnu file names to toolchain format... func_convert_file_noop
checking for /usr/bin/ld option to reload object files... -r
checking for objdump... objdump
checking how to recognize dependent libraries... pass_all
checking for dlltool... no
checking how to associate runtime and link libraries... printf %s\n
checking for archiver @FILE support... @
checking for strip... strip
checking for ranlib... ranlib
checking command to parse /usr/bin/nm -B output from gcc object... ok
checking for sysroot... no
checking for a working dd... /bin/dd
checking how to truncate binary pipes... /bin/dd bs=4096 count=1
checking for mt... no
checking if : is a manifest tool... no
checking how to run the C preprocessor... gcc -E
checking for ANSI C header files... yes
checking for sys/types.h... yes
checking for sys/stat.h... yes
checking for stdlib.h... yes
checking for string.h... yes
checking for memory.h... yes
checking for strings.h... yes
checking for inttypes.h... yes
checking for stdint.h... yes
checking for unistd.h... yes
checking for dlfcn.h... yes
checking for objdir... .libs
checking if gcc supports -fno-rtti -fno-exceptions... no
checking for gcc option to produce PIC... -fPIC -DPIC
checking if gcc PIC flag -fPIC -DPIC works... yes
checking if gcc static flag -static works... yes
checking if gcc supports -c -o file.o... yes
checking if gcc supports -c -o file.o... (cached) yes
checking whether the gcc linker (/usr/bin/ld -m elf_x86_64) supports shared libraries... yes
checking whether -lc should be explicitly linked in... no
checking dynamic linker characteristics... GNU/Linux ld.so
checking how to hardcode library paths into programs... immediate
checking whether stripping libraries is possible... yes
checking if libtool supports shared libraries... yes
checking whether to build shared libraries... yes
checking whether to build static libraries... yes
checking how to run the C++ preprocessor... c++ -E
checking for ld used by c++... /usr/bin/ld -m elf_x86_64
checking if the linker (/usr/bin/ld -m elf_x86_64) is GNU ld... yes
checking whether the c++ linker (/usr/bin/ld -m elf_x86_64) supports shared libraries... yes
checking for c++ option to produce PIC... -fPIC -DPIC
checking if c++ PIC flag -fPIC -DPIC works... yes
checking if c++ static flag -static works... yes
checking if c++ supports -c -o file.o... yes
checking if c++ supports -c -o file.o... (cached) yes
checking whether the c++ linker (/usr/bin/ld -m elf_x86_64) supports shared libraries... yes
checking dynamic linker characteristics... (cached) GNU/Linux ld.so
checking how to hardcode library paths into programs... immediate
checking that generated files are newer than configure... done
configure: creating ./config.status
config.status: creating Makefile
config.status: executing depfiles commands
config.status: executing libtool commands
make[1]: Entering directory '/sources/automake-1.16.1/t/subobj9.dir/subobj9-1.0/_build/sub'
depbase=`echo src/foo.lo | sed 's|[^/]*$|.deps/&|;s|\.lo$||'`;\
/bin/sh ./libtool  --tag=CXX   --mode=compile c++ -DPACKAGE_NAME=\"subobj9\" -DPACKAGE_TARNAME=\"subobj9\" -DPACKAGE_VERSION=\"1.0\" -DPACKAGE_STRING=\"subobj9\ 1.0\" -DPACKAGE_BUGREPORT=\"\" -DPACKAGE_URL=\"\" -DPACKAGE=\"subobj9\" -DVERSION=\"1.0\" -DSTDC_HEADERS=1 -DHAVE_SYS_TYPES_H=1 -DHAVE_SYS_STAT_H=1 -DHAVE_STDLIB_H=1 -DHAVE_STRING_H=1 -DHAVE_MEMORY_H=1 -DHAVE_STRINGS_H=1 -DHAVE_INTTYPES_H=1 -DHAVE_STDINT_H=1 -DHAVE_UNISTD_H=1 -DHAVE_DLFCN_H=1 -DLT_OBJDIR=\".libs/\" -I. -I../..     -g -O2 -MT src/foo.lo -MD -MP -MF $depbase.Tpo -c -o src/foo.lo ../../src/foo.cc &&\
mv -f $depbase.Tpo $depbase.Plo
libtool: compile:  c++ -DPACKAGE_NAME=\"subobj9\" -DPACKAGE_TARNAME=\"subobj9\" -DPACKAGE_VERSION=\"1.0\" "-DPACKAGE_STRING=\"subobj9 1.0\"" -DPACKAGE_BUGREPORT=\"\" -DPACKAGE_URL=\"\" -DPACKAGE=\"subobj9\" -DVERSION=\"1.0\" -DSTDC_HEADERS=1 -DHAVE_SYS_TYPES_H=1 -DHAVE_SYS_STAT_H=1 -DHAVE_STDLIB_H=1 -DHAVE_STRING_H=1 -DHAVE_MEMORY_H=1 -DHAVE_STRINGS_H=1 -DHAVE_INTTYPES_H=1 -DHAVE_STDINT_H=1 -DHAVE_UNISTD_H=1 -DHAVE_DLFCN_H=1 -DLT_OBJDIR=\".libs/\" -I. -I../.. -g -O2 -MT src/foo.lo -MD -MP -MF src/.deps/foo.Tpo -c ../../src/foo.cc  -fPIC -DPIC -o src/.libs/foo.o
libtool: compile:  c++ -DPACKAGE_NAME=\"subobj9\" -DPACKAGE_TARNAME=\"subobj9\" -DPACKAGE_VERSION=\"1.0\" "-DPACKAGE_STRING=\"subobj9 1.0\"" -DPACKAGE_BUGREPORT=\"\" -DPACKAGE_URL=\"\" -DPACKAGE=\"subobj9\" -DVERSION=\"1.0\" -DSTDC_HEADERS=1 -DHAVE_SYS_TYPES_H=1 -DHAVE_SYS_STAT_H=1 -DHAVE_STDLIB_H=1 -DHAVE_STRING_H=1 -DHAVE_MEMORY_H=1 -DHAVE_STRINGS_H=1 -DHAVE_INTTYPES_H=1 -DHAVE_STDINT_H=1 -DHAVE_UNISTD_H=1 -DHAVE_DLFCN_H=1 -DLT_OBJDIR=\".libs/\" -I. -I../.. -g -O2 -MT src/foo.lo -MD -MP -MF src/.deps/foo.Tpo -c ../../src/foo.cc -o src/foo.o >/dev/null 2>&1
depbase=`echo src/bar.lo | sed 's|[^/]*$|.deps/&|;s|\.lo$||'`;\
/bin/sh ./libtool  --tag=CXX   --mode=compile c++ -DPACKAGE_NAME=\"subobj9\" -DPACKAGE_TARNAME=\"subobj9\" -DPACKAGE_VERSION=\"1.0\" -DPACKAGE_STRING=\"subobj9\ 1.0\" -DPACKAGE_BUGREPORT=\"\" -DPACKAGE_URL=\"\" -DPACKAGE=\"subobj9\" -DVERSION=\"1.0\" -DSTDC_HEADERS=1 -DHAVE_SYS_TYPES_H=1 -DHAVE_SYS_STAT_H=1 -DHAVE_STDLIB_H=1 -DHAVE_STRING_H=1 -DHAVE_MEMORY_H=1 -DHAVE_STRINGS_H=1 -DHAVE_INTTYPES_H=1 -DHAVE_STDINT_H=1 -DHAVE_UNISTD_H=1 -DHAVE_DLFCN_H=1 -DLT_OBJDIR=\".libs/\" -I. -I../..     -g -O2 -MT src/bar.lo -MD -MP -MF $depbase.Tpo -c -o src/bar.lo ../../src/bar.cc &&\
mv -f $depbase.Tpo $depbase.Plo
libtool: compile:  c++ -DPACKAGE_NAME=\"subobj9\" -DPACKAGE_TARNAME=\"subobj9\" -DPACKAGE_VERSION=\"1.0\" "-DPACKAGE_STRING=\"subobj9 1.0\"" -DPACKAGE_BUGREPORT=\"\" -DPACKAGE_URL=\"\" -DPACKAGE=\"subobj9\" -DVERSION=\"1.0\" -DSTDC_HEADERS=1 -DHAVE_SYS_TYPES_H=1 -DHAVE_SYS_STAT_H=1 -DHAVE_STDLIB_H=1 -DHAVE_STRING_H=1 -DHAVE_MEMORY_H=1 -DHAVE_STRINGS_H=1 -DHAVE_INTTYPES_H=1 -DHAVE_STDINT_H=1 -DHAVE_UNISTD_H=1 -DHAVE_DLFCN_H=1 -DLT_OBJDIR=\".libs/\" -I. -I../.. -g -O2 -MT src/bar.lo -MD -MP -MF src/.deps/bar.Tpo -c ../../src/bar.cc  -fPIC -DPIC -o src/.libs/bar.o
libtool: compile:  c++ -DPACKAGE_NAME=\"subobj9\" -DPACKAGE_TARNAME=\"subobj9\" -DPACKAGE_VERSION=\"1.0\" "-DPACKAGE_STRING=\"subobj9 1.0\"" -DPACKAGE_BUGREPORT=\"\" -DPACKAGE_URL=\"\" -DPACKAGE=\"subobj9\" -DVERSION=\"1.0\" -DSTDC_HEADERS=1 -DHAVE_SYS_TYPES_H=1 -DHAVE_SYS_STAT_H=1 -DHAVE_STDLIB_H=1 -DHAVE_STRING_H=1 -DHAVE_MEMORY_H=1 -DHAVE_STRINGS_H=1 -DHAVE_INTTYPES_H=1 -DHAVE_STDINT_H=1 -DHAVE_UNISTD_H=1 -DHAVE_DLFCN_H=1 -DLT_OBJDIR=\".libs/\" -I. -I../.. -g -O2 -MT src/bar.lo -MD -MP -MF src/.deps/bar.Tpo -c ../../src/bar.cc -o src/bar.o >/dev/null 2>&1
/bin/sh ./libtool  --tag=CXX   --mode=link c++  -g -O2   -o libfoo.la  src/foo.lo .//src/bar.lo  
libtool: link: ar cru .libs/libfoo.a src/.libs/foo.o .//src/.libs/bar.o 
libtool: link: ranlib .libs/libfoo.a
libtool: link: ( cd ".libs" && rm -f "libfoo.la" && ln -s "../libfoo.la" "libfoo.la" )
make[1]: Leaving directory '/sources/automake-1.16.1/t/subobj9.dir/subobj9-1.0/_build/sub'
make[1]: Entering directory '/sources/automake-1.16.1/t/subobj9.dir/subobj9-1.0/_build/sub'
make[1]: Nothing to be done for 'dvi'.
make[1]: Leaving directory '/sources/automake-1.16.1/t/subobj9.dir/subobj9-1.0/_build/sub'
make[1]: Entering directory '/sources/automake-1.16.1/t/subobj9.dir/subobj9-1.0/_build/sub'
make[1]: Nothing to be done for 'check'.
make[1]: Leaving directory '/sources/automake-1.16.1/t/subobj9.dir/subobj9-1.0/_build/sub'
make[1]: Entering directory '/sources/automake-1.16.1/t/subobj9.dir/subobj9-1.0/_build/sub'
make[2]: Entering directory '/sources/automake-1.16.1/t/subobj9.dir/subobj9-1.0/_build/sub'
make[2]: Nothing to be done for 'install-exec-am'.
make[2]: Nothing to be done for 'install-data-am'.
make[2]: Leaving directory '/sources/automake-1.16.1/t/subobj9.dir/subobj9-1.0/_build/sub'
make[1]: Leaving directory '/sources/automake-1.16.1/t/subobj9.dir/subobj9-1.0/_build/sub'
make[1]: Entering directory '/sources/automake-1.16.1/t/subobj9.dir/subobj9-1.0/_build/sub'
make[1]: Nothing to be done for 'installcheck'.
make[1]: Leaving directory '/sources/automake-1.16.1/t/subobj9.dir/subobj9-1.0/_build/sub'
make[1]: Entering directory '/sources/automake-1.16.1/t/subobj9.dir/subobj9-1.0/_build/sub'
make[1]: Nothing to be done for 'uninstall'.
make[1]: Leaving directory '/sources/automake-1.16.1/t/subobj9.dir/subobj9-1.0/_build/sub'
make[1]: Entering directory '/sources/automake-1.16.1/t/subobj9.dir/subobj9-1.0/_build/sub'
make[1]: Leaving directory '/sources/automake-1.16.1/t/subobj9.dir/subobj9-1.0/_build/sub'
make[1]: Entering directory '/sources/automake-1.16.1/t/subobj9.dir/subobj9-1.0/_build/sub'
make[2]: Entering directory '/sources/automake-1.16.1/t/subobj9.dir/subobj9-1.0/_build/sub'
make[2]: Nothing to be done for 'install-exec-am'.
make[2]: Nothing to be done for 'install-data-am'.
make[2]: Leaving directory '/sources/automake-1.16.1/t/subobj9.dir/subobj9-1.0/_build/sub'
make[1]: Leaving directory '/sources/automake-1.16.1/t/subobj9.dir/subobj9-1.0/_build/sub'
make[1]: Entering directory '/sources/automake-1.16.1/t/subobj9.dir/subobj9-1.0/_build/sub'
make[1]: Nothing to be done for 'uninstall'.
make[1]: Leaving directory '/sources/automake-1.16.1/t/subobj9.dir/subobj9-1.0/_build/sub'
make[1]: Entering directory '/sources/automake-1.16.1/t/subobj9.dir/subobj9-1.0/_build/sub'
make[1]: Leaving directory '/sources/automake-1.16.1/t/subobj9.dir/subobj9-1.0/_build/sub'
make[1]: Entering directory '/sources/automake-1.16.1/t/subobj9.dir/subobj9-1.0/_build/sub'
make  dist-gzip am__post_remove_distdir='@:'
make[2]: Entering directory '/sources/automake-1.16.1/t/subobj9.dir/subobj9-1.0/_build/sub'
make  distdir-am
make[3]: Entering directory '/sources/automake-1.16.1/t/subobj9.dir/subobj9-1.0/_build/sub'
if test -d "subobj9-1.0"; then find "subobj9-1.0" -type d ! -perm -200 -exec chmod u+w {} ';' && rm -rf "subobj9-1.0" || { sleep 5 && rm -rf "subobj9-1.0"; }; else :; fi
test -d "subobj9-1.0" || mkdir "subobj9-1.0"
test -n "" \
|| find "subobj9-1.0" -type d ! -perm -755 \
	-exec chmod u+rwx,go+rx {} \; -o \
  ! -type d ! -perm -444 -links 1 -exec chmod a+r {} \; -o \
  ! -type d ! -perm -400 -exec chmod a+r {} \; -o \
  ! -type d ! -perm -444 -exec /bin/sh /sources/automake-1.16.1/t/subobj9.dir/subobj9-1.0/install-sh -c -m a+r {} {} \; \
|| chmod -R a+r "subobj9-1.0"
make[3]: Leaving directory '/sources/automake-1.16.1/t/subobj9.dir/subobj9-1.0/_build/sub'
tardir=subobj9-1.0 && ${TAR-tar} chof - "$tardir" | eval GZIP= gzip --best -c >subobj9-1.0.tar.gz
make[2]: Leaving directory '/sources/automake-1.16.1/t/subobj9.dir/subobj9-1.0/_build/sub'
if test -d "subobj9-1.0"; then find "subobj9-1.0" -type d ! -perm -200 -exec chmod u+w {} ';' && rm -rf "subobj9-1.0" || { sleep 5 && rm -rf "subobj9-1.0"; }; else :; fi
make[1]: Leaving directory '/sources/automake-1.16.1/t/subobj9.dir/subobj9-1.0/_build/sub'
make[1]: Entering directory '/sources/automake-1.16.1/t/subobj9.dir/subobj9-1.0/_build/sub'
rm -rf .libs _libs
rm -rf .//src/.libs .//src/_libs
rm -rf src/.libs src/_libs
test -z "libfoo.la" || rm -f libfoo.la
rm -f ./so_locations
rm -f *.o
rm -f .//src/*.o
rm -f .//src/*.lo
rm -f src/*.o
rm -f src/*.lo
rm -f *.lo
rm -f *.tab.c
test -z "" || rm -f 
test . = "../.." || test -z "" || rm -f 
rm -f src/.deps/.dirstamp
rm -f src/.dirstamp
rm -f libtool config.lt
rm -f TAGS ID GTAGS GRTAGS GSYMS GPATH tags
rm -f cscope.out cscope.in.out cscope.po.out cscope.files
rm -f config.status config.cache config.log configure.lineno config.status.lineno
rm -f ./src/.deps/bar.Plo
rm -f src/.deps/foo.Plo
rm -f Makefile
make[1]: Leaving directory '/sources/automake-1.16.1/t/subobj9.dir/subobj9-1.0/_build/sub'
if test -d "subobj9-1.0"; then find "subobj9-1.0" -type d ! -perm -200 -exec chmod u+w {} ';' && rm -rf "subobj9-1.0" || { sleep 5 && rm -rf "subobj9-1.0"; }; else :; fi
=============================================
subobj9-1.0 archives ready for distribution: 
subobj9-1.0.tar.gz
=============================================
+ case $am__make_rc_exp in
+ test 0 -ge 0
+ test 0 -le 255
+ test 0 -eq 0
+ grep 'overriding commands' output
+ :
+ am_exit_trap 0
+ exit_status=0
+ set +e
+ cd /sources/automake-1.16.1
+ test none = tap
+ case $am_explicit_skips in
+ test 0 -eq 0
+ am_keeping_testdirs
+ case $keep_testdirs in
+ return 1
+ rm_rf_ t/subobj9.dir
+ test 1 -gt 0
+ /usr/bin/perl /sources/automake-1.16.1/t/ax/deltree.pl t/subobj9.dir
+ set +x
PASS t/subobj9.sh (exit status: 0)
