Running from installcheck: no
Test Protocol: none
PATH = /sources/automake-1.16.1/bin:/sources/automake-1.16.1/t/ax:/bin:/usr/bin:/sbin:/usr/sbin:/tools/bin
++ pwd
/sources/automake-1.16.1/t/subobj2.dir
+ cat
+ cat
+ aclocal-1.16 -Werror
+ automake-1.16 --foreign -Werror -Wall
+ /bin/grep -F 'generic/a.$(OBJEXT)' Makefile.in
am_wish_OBJECTS = generic/a.$(OBJEXT) generic/b.$(OBJEXT)
generic/a.$(OBJEXT): generic/$(am__dirstamp) \
+ grep '[^/]a\.\$(OBJEXT)' Makefile.in
+ grep '.*-c -o' Makefile.in
@am__fastdepCXX_TRUE@	$(CXXCOMPILE) -MT $@ -MD -MP -MF $$depbase.Tpo -c -o $@ $< &&\
@am__fastdepCXX_FALSE@	$(AM_V_CXX@am__nodep@)$(CXXCOMPILE) -c -o $@ $<
@am__fastdepCXX_TRUE@	$(CXXCOMPILE) -MT $@ -MD -MP -MF $$depbase.Tpo -c -o $@ `$(CYGPATH_W) '$<'` &&\
@am__fastdepCXX_FALSE@	$(AM_V_CXX@am__nodep@)$(CXXCOMPILE) -c -o $@ `$(CYGPATH_W) '$<'`
@am__fastdepCXX_TRUE@	$(CXXCOMPILE) -MT $@ -MD -MP -MF $$depbase.Tpo -c -o $@ $< &&\
@am__fastdepCXX_FALSE@	$(AM_V_CXX@am__nodep@)$(CXXCOMPILE) -c -o $@ $<
@am__fastdepCXX_TRUE@	$(CXXCOMPILE) -MT $@ -MD -MP -MF $$depbase.Tpo -c -o $@ `$(CYGPATH_W) '$<'` &&\
@am__fastdepCXX_FALSE@	$(AM_V_CXX@am__nodep@)$(CXXCOMPILE) -c -o $@ `$(CYGPATH_W) '$<'`
+ :
+ am_exit_trap 0
+ exit_status=0
+ set +e
+ cd /sources/automake-1.16.1
+ test none = tap
+ case $am_explicit_skips in
+ test 0 -eq 0
+ am_keeping_testdirs
+ case $keep_testdirs in
+ return 1
+ rm_rf_ t/subobj2.dir
+ test 1 -gt 0
+ /usr/bin/perl /sources/automake-1.16.1/t/ax/deltree.pl t/subobj2.dir
+ set +x
PASS t/subobj2.sh (exit status: 0)
