Running from installcheck: no
Test Protocol: none
PATH = /sources/automake-1.16.1/bin:/sources/automake-1.16.1/t/ax:/bin:/usr/bin:/sbin:/usr/sbin:/tools/bin
++ pwd
/sources/automake-1.16.1/t/subobj6.dir
+ cat
+ cat
+ mkdir generic
+ cat
+ aclocal-1.16 -Werror
+ autoconf
+ automake-1.16 --foreign -Werror -Wall --include-deps --copy --add-missing
+ mkdir build
+ cd build
+ ../configure
checking for a BSD-compatible install... /usr/bin/install -c
checking whether build environment is sane... yes
checking for a thread-safe mkdir -p... /tools/bin/mkdir -p
checking for gawk... gawk
checking whether make sets $(MAKE)... yes
checking whether make supports nested variables... yes
checking for gcc... cc
checking whether the C compiler works... yes
checking for C compiler default output file name... a.out
checking for suffix of executables... 
checking whether we are cross compiling... no
checking for suffix of object files... o
checking whether we are using the GNU C compiler... yes
checking whether cc accepts -g... yes
checking for cc option to accept ISO C89... none needed
checking whether cc understands -c and -o together... yes
checking whether make supports the include directive... yes (GNU style)
checking dependency style of cc... gcc3
checking that generated files are newer than configure... done
configure: creating ./config.status
config.status: creating Makefile
config.status: executing depfiles commands
+ make test-all
depbase=`echo generic/a.o | sed 's|[^/]*$|.deps/&|;s|\.o$||'`;\
cc -DPACKAGE_NAME=\"subobj6\" -DPACKAGE_TARNAME=\"subobj6\" -DPACKAGE_VERSION=\"1.0\" -DPACKAGE_STRING=\"subobj6\ 1.0\" -DPACKAGE_BUGREPORT=\"\" -DPACKAGE_URL=\"\" -DPACKAGE=\"subobj6\" -DVERSION=\"1.0\" -I. -I..     -g -O2 -MT generic/a.o -MD -MP -MF $depbase.Tpo -c -o generic/a.o ../generic/a.c &&\
mv -f $depbase.Tpo $depbase.Po
cc  -g -O2   -o wish generic/a.o  
test -f generic/.dirstamp
+ make test-mostlyclean
rm -f *.o
rm -f generic/*.o
test ! -f generic/a.o
+ make test-distclean
test -z "wish" || rm -f wish
rm -f *.o
rm -f generic/*.o
rm -f *.tab.c
test -z "" || rm -f 
test . = ".." || test -z "" || rm -f 
rm -f generic/.deps/.dirstamp
rm -f generic/.dirstamp
rm -f TAGS ID GTAGS GRTAGS GSYMS GPATH tags
rm -f cscope.out cscope.in.out cscope.po.out cscope.files
rm -f config.status config.cache config.log configure.lineno config.status.lineno
rm -f generic/.deps/a.Po
rm -f Makefile
test ! -f generic/.dirstamp
+ cd ..
+ cat
+ mv generic/a.c a.c
+ aclocal-1.16 -Werror
+ autoconf
+ automake-1.16 --foreign -Werror -Wall --include-deps --copy --add-missing
+ mkdir build2
+ cd build2
+ ../configure
checking for a BSD-compatible install... /usr/bin/install -c
checking whether build environment is sane... yes
checking for a thread-safe mkdir -p... /tools/bin/mkdir -p
checking for gawk... gawk
checking whether make sets $(MAKE)... yes
checking whether make supports nested variables... yes
checking for gcc... cc
checking whether the C compiler works... yes
checking for C compiler default output file name... a.out
checking for suffix of executables... 
checking whether we are cross compiling... no
checking for suffix of object files... o
checking whether we are using the GNU C compiler... yes
checking whether cc accepts -g... yes
checking for cc option to accept ISO C89... none needed
checking whether cc understands -c and -o together... yes
checking whether make supports the include directive... yes (GNU style)
checking dependency style of cc... gcc3
checking that generated files are newer than configure... done
configure: creating ./config.status
config.status: creating Makefile
config.status: executing depfiles commands
+ make
depbase=`echo a.o | sed 's|[^/]*$|.deps/&|;s|\.o$||'`;\
cc -DPACKAGE_NAME=\"subobj6\" -DPACKAGE_TARNAME=\"subobj6\" -DPACKAGE_VERSION=\"1.0\" -DPACKAGE_STRING=\"subobj6\ 1.0\" -DPACKAGE_BUGREPORT=\"\" -DPACKAGE_URL=\"\" -DPACKAGE=\"subobj6\" -DVERSION=\"1.0\" -I. -I..     -g -O2 -MT a.o -MD -MP -MF $depbase.Tpo -c -o a.o ../a.c &&\
mv -f $depbase.Tpo $depbase.Po
cc  -g -O2   -o wish a.o  
+ make mostlyclean
rm -f *.o
+ :
+ am_exit_trap 0
+ exit_status=0
+ set +e
+ cd /sources/automake-1.16.1
+ test none = tap
+ case $am_explicit_skips in
+ test 0 -eq 0
+ am_keeping_testdirs
+ case $keep_testdirs in
+ return 1
+ rm_rf_ t/subobj6.dir
+ test 1 -gt 0
+ /usr/bin/perl /sources/automake-1.16.1/t/ax/deltree.pl t/subobj6.dir
+ set +x
PASS t/subobj6.sh (exit status: 0)
