Running from installcheck: no
Test Protocol: none
PATH = /sources/automake-1.16.1/bin:/sources/automake-1.16.1/t/ax:/bin:/usr/bin:/sbin:/usr/sbin:/tools/bin
++ pwd
/sources/automake-1.16.1/t/subobj11b.dir
+ echo AC_PROG_CC
+ cat
+ aclocal-1.16 -Werror
+ automake-1.16 --foreign -Werror -Wall -a
+ grep '\.P' Makefile.in
am__depfiles_remade = ./$(DEPDIR)/foobar0.Po ./$(DEPDIR)/foobar5.Po \
	./sub/$(DEPDIR)/foobar6.Po ./sub/$(DEPDIR)/foobar7.Po \
	./sub/$(DEPDIR)/foobar8.Po /$(DEPDIR)/foobar1.Po \
	/$(DEPDIR)/foobar2.Po //server/$(DEPDIR)/zardoz0.Po \
	//server/$(DEPDIR)/zardoz1.Po \
	//server/another/path/to/$(DEPDIR)/zardoz3.Po \
	//server/path/to/$(DEPDIR)/zardoz2.Po \
	/sub/$(DEPDIR)/foobar3.Po /sub/$(DEPDIR)/foobar4.Po \
	sub/sub/sub/sub/$(DEPDIR)/foobar9.Po
@AMDEP_TRUE@@am__include@ @am__quote@./$(DEPDIR)/foobar0.Po@am__quote@ # am--include-marker
@AMDEP_TRUE@@am__include@ @am__quote@./$(DEPDIR)/foobar5.Po@am__quote@ # am--include-marker
@AMDEP_TRUE@@am__include@ @am__quote@./sub/$(DEPDIR)/foobar6.Po@am__quote@ # am--include-marker
@AMDEP_TRUE@@am__include@ @am__quote@./sub/$(DEPDIR)/foobar7.Po@am__quote@ # am--include-marker
@AMDEP_TRUE@@am__include@ @am__quote@./sub/$(DEPDIR)/foobar8.Po@am__quote@ # am--include-marker
@AMDEP_TRUE@@am__include@ @am__quote@/$(DEPDIR)/foobar1.Po@am__quote@ # am--include-marker
@AMDEP_TRUE@@am__include@ @am__quote@/$(DEPDIR)/foobar2.Po@am__quote@ # am--include-marker
@AMDEP_TRUE@@am__include@ @am__quote@//server/$(DEPDIR)/zardoz0.Po@am__quote@ # am--include-marker
@AMDEP_TRUE@@am__include@ @am__quote@//server/$(DEPDIR)/zardoz1.Po@am__quote@ # am--include-marker
@AMDEP_TRUE@@am__include@ @am__quote@//server/another/path/to/$(DEPDIR)/zardoz3.Po@am__quote@ # am--include-marker
@AMDEP_TRUE@@am__include@ @am__quote@//server/path/to/$(DEPDIR)/zardoz2.Po@am__quote@ # am--include-marker
@AMDEP_TRUE@@am__include@ @am__quote@/sub/$(DEPDIR)/foobar3.Po@am__quote@ # am--include-marker
@AMDEP_TRUE@@am__include@ @am__quote@/sub/$(DEPDIR)/foobar4.Po@am__quote@ # am--include-marker
@AMDEP_TRUE@@am__include@ @am__quote@sub/sub/sub/sub/$(DEPDIR)/foobar9.Po@am__quote@ # am--include-marker
@am__fastdepCC_TRUE@	$(am__mv) $$depbase.Tpo $$depbase.Po
@am__fastdepCC_TRUE@	$(am__mv) $$depbase.Tpo $$depbase.Po
		-rm -f ./$(DEPDIR)/foobar0.Po
	-rm -f ./$(DEPDIR)/foobar5.Po
	-rm -f ./sub/$(DEPDIR)/foobar6.Po
	-rm -f ./sub/$(DEPDIR)/foobar7.Po
	-rm -f ./sub/$(DEPDIR)/foobar8.Po
	-rm -f /$(DEPDIR)/foobar1.Po
	-rm -f /$(DEPDIR)/foobar2.Po
	-rm -f //server/$(DEPDIR)/zardoz0.Po
	-rm -f //server/$(DEPDIR)/zardoz1.Po
	-rm -f //server/another/path/to/$(DEPDIR)/zardoz3.Po
	-rm -f //server/path/to/$(DEPDIR)/zardoz2.Po
	-rm -f /sub/$(DEPDIR)/foobar3.Po
	-rm -f /sub/$(DEPDIR)/foobar4.Po
	-rm -f sub/sub/sub/sub/$(DEPDIR)/foobar9.Po
		-rm -f ./$(DEPDIR)/foobar0.Po
	-rm -f ./$(DEPDIR)/foobar5.Po
	-rm -f ./sub/$(DEPDIR)/foobar6.Po
	-rm -f ./sub/$(DEPDIR)/foobar7.Po
	-rm -f ./sub/$(DEPDIR)/foobar8.Po
	-rm -f /$(DEPDIR)/foobar1.Po
	-rm -f /$(DEPDIR)/foobar2.Po
	-rm -f //server/$(DEPDIR)/zardoz0.Po
	-rm -f //server/$(DEPDIR)/zardoz1.Po
	-rm -f //server/another/path/to/$(DEPDIR)/zardoz3.Po
	-rm -f //server/path/to/$(DEPDIR)/zardoz2.Po
	-rm -f /sub/$(DEPDIR)/foobar3.Po
	-rm -f /sub/$(DEPDIR)/foobar4.Po
	-rm -f sub/sub/sub/sub/$(DEPDIR)/foobar9.Po
.PHONY: CTAGS GTAGS TAGS all all-am am--depfiles am--refresh check \
.PRECIOUS: Makefile
+ grep '//.*foobar\.P' Makefile.in
+ for x in zardoz0 zardoz1 path/to/zardoz2 another/path/to/zardoz3
+ case $x in
+ d=
+ b=zardoz0
+ grep '[ 	]//server/\$(DEPDIR)/zardoz0\.Po' Makefile.in
	/$(DEPDIR)/foobar2.Po //server/$(DEPDIR)/zardoz0.Po \
	-rm -f //server/$(DEPDIR)/zardoz0.Po
	-rm -f //server/$(DEPDIR)/zardoz0.Po
+ for x in zardoz0 zardoz1 path/to/zardoz2 another/path/to/zardoz3
+ case $x in
+ d=
+ b=zardoz1
+ grep '[ 	]//server/\$(DEPDIR)/zardoz1\.Po' Makefile.in
	//server/$(DEPDIR)/zardoz1.Po \
	-rm -f //server/$(DEPDIR)/zardoz1.Po
	-rm -f //server/$(DEPDIR)/zardoz1.Po
+ for x in zardoz0 zardoz1 path/to/zardoz2 another/path/to/zardoz3
+ case $x in
++ echo path/to/zardoz2
++ sed 's,[^/]*$,,'
+ d=path/to/
++ echo path/to/zardoz2
++ sed 's,^.*/,,'
+ b=zardoz2
+ grep '[ 	]//server/path/to/\$(DEPDIR)/zardoz2\.Po' Makefile.in
	//server/path/to/$(DEPDIR)/zardoz2.Po \
	-rm -f //server/path/to/$(DEPDIR)/zardoz2.Po
	-rm -f //server/path/to/$(DEPDIR)/zardoz2.Po
+ for x in zardoz0 zardoz1 path/to/zardoz2 another/path/to/zardoz3
+ case $x in
++ echo another/path/to/zardoz3
++ sed 's,[^/]*$,,'
+ d=another/path/to/
++ echo another/path/to/zardoz3
++ sed 's,^.*/,,'
+ b=zardoz3
+ grep '[ 	]//server/another/path/to/\$(DEPDIR)/zardoz3\.Po' Makefile.in
	//server/another/path/to/$(DEPDIR)/zardoz3.Po \
	-rm -f //server/another/path/to/$(DEPDIR)/zardoz3.Po
	-rm -f //server/another/path/to/$(DEPDIR)/zardoz3.Po
+ for i in 0 1 2 3 4 5 6 7 8 9
+ grep '$(DEPDIR)/foobar0\.Po' Makefile.in
am__depfiles_remade = ./$(DEPDIR)/foobar0.Po ./$(DEPDIR)/foobar5.Po \
@AMDEP_TRUE@@am__include@ @am__quote@./$(DEPDIR)/foobar0.Po@am__quote@ # am--include-marker
		-rm -f ./$(DEPDIR)/foobar0.Po
		-rm -f ./$(DEPDIR)/foobar0.Po
+ for i in 0 1 2 3 4 5 6 7 8 9
+ grep '$(DEPDIR)/foobar1\.Po' Makefile.in
	./sub/$(DEPDIR)/foobar8.Po /$(DEPDIR)/foobar1.Po \
@AMDEP_TRUE@@am__include@ @am__quote@/$(DEPDIR)/foobar1.Po@am__quote@ # am--include-marker
	-rm -f /$(DEPDIR)/foobar1.Po
	-rm -f /$(DEPDIR)/foobar1.Po
+ for i in 0 1 2 3 4 5 6 7 8 9
+ grep '$(DEPDIR)/foobar2\.Po' Makefile.in
	/$(DEPDIR)/foobar2.Po //server/$(DEPDIR)/zardoz0.Po \
@AMDEP_TRUE@@am__include@ @am__quote@/$(DEPDIR)/foobar2.Po@am__quote@ # am--include-marker
	-rm -f /$(DEPDIR)/foobar2.Po
	-rm -f /$(DEPDIR)/foobar2.Po
+ for i in 0 1 2 3 4 5 6 7 8 9
+ grep '$(DEPDIR)/foobar3\.Po' Makefile.in
	/sub/$(DEPDIR)/foobar3.Po /sub/$(DEPDIR)/foobar4.Po \
@AMDEP_TRUE@@am__include@ @am__quote@/sub/$(DEPDIR)/foobar3.Po@am__quote@ # am--include-marker
	-rm -f /sub/$(DEPDIR)/foobar3.Po
	-rm -f /sub/$(DEPDIR)/foobar3.Po
+ for i in 0 1 2 3 4 5 6 7 8 9
+ grep '$(DEPDIR)/foobar4\.Po' Makefile.in
	/sub/$(DEPDIR)/foobar3.Po /sub/$(DEPDIR)/foobar4.Po \
@AMDEP_TRUE@@am__include@ @am__quote@/sub/$(DEPDIR)/foobar4.Po@am__quote@ # am--include-marker
	-rm -f /sub/$(DEPDIR)/foobar4.Po
	-rm -f /sub/$(DEPDIR)/foobar4.Po
+ for i in 0 1 2 3 4 5 6 7 8 9
+ grep '$(DEPDIR)/foobar5\.Po' Makefile.in
am__depfiles_remade = ./$(DEPDIR)/foobar0.Po ./$(DEPDIR)/foobar5.Po \
@AMDEP_TRUE@@am__include@ @am__quote@./$(DEPDIR)/foobar5.Po@am__quote@ # am--include-marker
	-rm -f ./$(DEPDIR)/foobar5.Po
	-rm -f ./$(DEPDIR)/foobar5.Po
+ for i in 0 1 2 3 4 5 6 7 8 9
+ grep '$(DEPDIR)/foobar6\.Po' Makefile.in
	./sub/$(DEPDIR)/foobar6.Po ./sub/$(DEPDIR)/foobar7.Po \
@AMDEP_TRUE@@am__include@ @am__quote@./sub/$(DEPDIR)/foobar6.Po@am__quote@ # am--include-marker
	-rm -f ./sub/$(DEPDIR)/foobar6.Po
	-rm -f ./sub/$(DEPDIR)/foobar6.Po
+ for i in 0 1 2 3 4 5 6 7 8 9
+ grep '$(DEPDIR)/foobar7\.Po' Makefile.in
	./sub/$(DEPDIR)/foobar6.Po ./sub/$(DEPDIR)/foobar7.Po \
@AMDEP_TRUE@@am__include@ @am__quote@./sub/$(DEPDIR)/foobar7.Po@am__quote@ # am--include-marker
	-rm -f ./sub/$(DEPDIR)/foobar7.Po
	-rm -f ./sub/$(DEPDIR)/foobar7.Po
+ for i in 0 1 2 3 4 5 6 7 8 9
+ grep '$(DEPDIR)/foobar8\.Po' Makefile.in
	./sub/$(DEPDIR)/foobar8.Po /$(DEPDIR)/foobar1.Po \
@AMDEP_TRUE@@am__include@ @am__quote@./sub/$(DEPDIR)/foobar8.Po@am__quote@ # am--include-marker
	-rm -f ./sub/$(DEPDIR)/foobar8.Po
	-rm -f ./sub/$(DEPDIR)/foobar8.Po
+ for i in 0 1 2 3 4 5 6 7 8 9
+ grep '$(DEPDIR)/foobar9\.Po' Makefile.in
	sub/sub/sub/sub/$(DEPDIR)/foobar9.Po
@AMDEP_TRUE@@am__include@ @am__quote@sub/sub/sub/sub/$(DEPDIR)/foobar9.Po@am__quote@ # am--include-marker
	-rm -f sub/sub/sub/sub/$(DEPDIR)/foobar9.Po
	-rm -f sub/sub/sub/sub/$(DEPDIR)/foobar9.Po
+ :
+ am_exit_trap 0
+ exit_status=0
+ set +e
+ cd /sources/automake-1.16.1
+ test none = tap
+ case $am_explicit_skips in
+ test 0 -eq 0
+ am_keeping_testdirs
+ case $keep_testdirs in
+ return 1
+ rm_rf_ t/subobj11b.dir
+ test 1 -gt 0
+ /usr/bin/perl /sources/automake-1.16.1/t/ax/deltree.pl t/subobj11b.dir
+ set +x
PASS t/subobj11b.sh (exit status: 0)
