Running from installcheck: no
Test Protocol: none
PATH = /sources/automake-1.16.1/bin:/sources/automake-1.16.1/t/ax:/bin:/usr/bin:/sbin:/usr/sbin:/tools/bin
++ pwd
/sources/automake-1.16.1/t/subpkg-yacc.dir
+ cat
+ cat
+ cat
+ mkdir lib
+ mkdir lib/src
+ cat
+ cat
+ cat
+ cp lib/foo.y lib/bar.y
+ cat
+ aclocal-1.16 -Werror
+ autoconf
+ automake-1.16 --foreign -Werror -Wall -Wno-override
+ cd lib
+ aclocal-1.16 -Werror
+ autoconf
+ autoheader
+ automake-1.16 --foreign -Werror -Wall -Wno-override --add-missing
configure.ac:7: installing '../ar-lib'
configure.ac: installing '../ylwrap'
+ cd ..
+ ./configure
checking for a BSD-compatible install... /usr/bin/install -c
checking whether build environment is sane... yes
checking for a thread-safe mkdir -p... /tools/bin/mkdir -p
checking for gawk... gawk
checking whether make sets $(MAKE)... yes
checking whether make supports nested variables... yes
checking for gcc... cc
checking whether the C compiler works... yes
checking for C compiler default output file name... a.out
checking for suffix of executables... 
checking whether we are cross compiling... no
checking for suffix of object files... o
checking whether we are using the GNU C compiler... yes
checking whether cc accepts -g... yes
checking for cc option to accept ISO C89... none needed
checking whether cc understands -c and -o together... yes
checking whether make supports the include directive... yes (GNU style)
checking dependency style of cc... gcc3
checking that generated files are newer than configure... done
configure: creating ./config.status
config.status: creating Makefile
config.status: executing depfiles commands
=== configuring in lib (/sources/automake-1.16.1/t/subpkg-yacc.dir/lib)
configure: running /bin/sh ./configure --disable-option-checking '--prefix=/usr/local'  'build_alias=' 'host_alias=' 'CC=cc' 'CFLAGS=-g -O2' 'CPPFLAGS=' --cache-file=/dev/null --srcdir=.
checking for a BSD-compatible install... /usr/bin/install -c
checking whether build environment is sane... yes
checking for a thread-safe mkdir -p... /tools/bin/mkdir -p
checking for gawk... gawk
checking whether make sets $(MAKE)... yes
checking whether make supports nested variables... yes
checking for ranlib... ranlib
checking for bison... yacc
checking for gcc... cc
checking whether the C compiler works... yes
checking for C compiler default output file name... a.out
checking for suffix of executables... 
checking whether we are cross compiling... no
checking for suffix of object files... o
checking whether we are using the GNU C compiler... yes
checking whether cc accepts -g... yes
checking for cc option to accept ISO C89... none needed
checking whether cc understands -c and -o together... yes
checking whether make supports the include directive... yes (GNU style)
checking dependency style of cc... gcc3
checking for ar... ar
checking the archiver (ar) interface... ar
checking that generated files are newer than configure... done
configure: creating ./config.status
config.status: creating Makefile
config.status: creating config.h
config.status: executing depfiles commands
+ make dist
make  dist-gzip am__post_remove_distdir='@:'
make[1]: Entering directory '/sources/automake-1.16.1/t/subpkg-yacc.dir'
make  distdir-am
make[2]: Entering directory '/sources/automake-1.16.1/t/subpkg-yacc.dir'
if test -d "subpack-1"; then find "subpack-1" -type d ! -perm -200 -exec chmod u+w {} ';' && rm -rf "subpack-1" || { sleep 5 && rm -rf "subpack-1"; }; else :; fi
test -d "subpack-1" || mkdir "subpack-1"
 (cd lib && make  top_distdir=../subpack-1 distdir=../subpack-1/lib \
     am__remove_distdir=: am__skip_length_check=: am__skip_mode_fix=: distdir)
make[3]: Entering directory '/sources/automake-1.16.1/t/subpkg-yacc.dir/lib'
make  distdir-am
make[4]: Entering directory '/sources/automake-1.16.1/t/subpkg-yacc.dir/lib'
/bin/sh ./../ylwrap bar.y y.tab.c bar.c y.tab.h `echo bar.c | sed -e s/cc$/hh/ -e s/cpp$/hpp/ -e s/cxx$/hxx/ -e s/c++$/h++/ -e s/c$/h/` y.output bar.output -- yacc  
/bin/sh ./../ylwrap foo.y y.tab.c foo.c y.tab.h `echo foo.c | sed -e s/cc$/hh/ -e s/cpp$/hpp/ -e s/cxx$/hxx/ -e s/c++$/h++/ -e s/c$/h/` y.output foo.output -- yacc  
:
test -d "../subpack-1/lib" || mkdir "../subpack-1/lib"
make  \
  top_distdir="../subpack-1" distdir="../subpack-1/lib" \
  dist-hook
make[5]: Entering directory '/sources/automake-1.16.1/t/subpkg-yacc.dir/lib'
test -d ../subpack-1
test -d ../subpack-1/lib
find ../subpack-1 ../subpack-1/lib ;: For debugging.
../subpack-1
../subpack-1/compile
../subpack-1/Makefile.in
../subpack-1/Makefile.am
../subpack-1/ar-lib
../subpack-1/lib
../subpack-1/lib/bar.c
../subpack-1/lib/Makefile.in
../subpack-1/lib/Makefile.am
../subpack-1/lib/config.hin
../subpack-1/lib/bar.y
../subpack-1/lib/foo.y
../subpack-1/lib/src
../subpack-1/lib/src/x.c
../subpack-1/lib/configure.ac
../subpack-1/lib/configure
../subpack-1/lib/foo.c
../subpack-1/lib/aclocal.m4
../subpack-1/depcomp
../subpack-1/configure.ac
../subpack-1/MU.c
../subpack-1/configure
../subpack-1/install-sh
../subpack-1/aclocal.m4
../subpack-1/missing
../subpack-1/ylwrap
../subpack-1/lib
../subpack-1/lib/bar.c
../subpack-1/lib/Makefile.in
../subpack-1/lib/Makefile.am
../subpack-1/lib/config.hin
../subpack-1/lib/bar.y
../subpack-1/lib/foo.y
../subpack-1/lib/src
../subpack-1/lib/src/x.c
../subpack-1/lib/configure.ac
../subpack-1/lib/configure
../subpack-1/lib/foo.c
../subpack-1/lib/aclocal.m4
test -f ../subpack-1/MU.c
test ! -f ../subpack-1/lib/MU.c
for suf in y c; do \
  for name in foo bar; do \
    test -f ../subpack-1/lib/$name.$suf || exit 1; \
    test ! -f ../subpack-1/$name.$suf || exit 1; \
  done; \
done
test -f ../subpack-1/lib/foo.y
test ! -f ../subpack-1/foo.y
test -f ../subpack-1/lib/src/x.c
test ! -f ../subpack-1/src/x.c
test -f ./../ylwrap
: > ./../lib-dist-hook-has-run
make[5]: Leaving directory '/sources/automake-1.16.1/t/subpkg-yacc.dir/lib'
test -n ":" \
|| find "../subpack-1/lib" -type d ! -perm -755 \
	-exec chmod u+rwx,go+rx {} \; -o \
  ! -type d ! -perm -444 -links 1 -exec chmod a+r {} \; -o \
  ! -type d ! -perm -400 -exec chmod a+r {} \; -o \
  ! -type d ! -perm -444 -exec /bin/sh /sources/automake-1.16.1/t/subpkg-yacc.dir/install-sh -c -m a+r {} {} \; \
|| chmod -R a+r "../subpack-1/lib"
make[4]: Leaving directory '/sources/automake-1.16.1/t/subpkg-yacc.dir/lib'
make[3]: Leaving directory '/sources/automake-1.16.1/t/subpkg-yacc.dir/lib'
test -n "" \
|| find "subpack-1" -type d ! -perm -755 \
	-exec chmod u+rwx,go+rx {} \; -o \
  ! -type d ! -perm -444 -links 1 -exec chmod a+r {} \; -o \
  ! -type d ! -perm -400 -exec chmod a+r {} \; -o \
  ! -type d ! -perm -444 -exec /bin/sh /sources/automake-1.16.1/t/subpkg-yacc.dir/install-sh -c -m a+r {} {} \; \
|| chmod -R a+r "subpack-1"
make[2]: Leaving directory '/sources/automake-1.16.1/t/subpkg-yacc.dir'
tardir=subpack-1 && ${TAR-tar} chof - "$tardir" | eval GZIP= gzip --best -c >subpack-1.tar.gz
make[1]: Leaving directory '/sources/automake-1.16.1/t/subpkg-yacc.dir'
if test -d "subpack-1"; then find "subpack-1" -type d ! -perm -200 -exec chmod u+w {} ';' && rm -rf "subpack-1" || { sleep 5 && rm -rf "subpack-1"; }; else :; fi
+ test -f lib-dist-hook-has-run
+ test -f subpack-1.tar.gz
+ test '!' -e subpack-1
+ rm -f lib-dist-hook-has-run subpack-1.tar.gz
+ yl_distcheck
+ useless_vpath_rebuild
+ test -z ''
+ using_gmake
+ case $am__using_gmake in
+ make --version -v
+ grep GNU
GNU Make 4.2.1
License GPLv3+: GNU GPL version 3 or later <http://gnu.org/licenses/gpl.html>
+ am__using_gmake=yes
+ return 0
+ am__useless_vpath_rebuild=no
+ return 1
+ run_make distcheck
+ am__make_redirect_stdout=no
+ am__make_redirect_stderr=no
+ am__make_redirect_stdall=no
+ am__make_flags=
+ am__make_rc_exp=0
+ am_make_rc=0
+ test 1 -gt 0
+ case $1 in
+ break
+ using_gmake
+ case $am__using_gmake in
+ return 0
+ :
+ test x '!=' x
+ : exec make distcheck
+ set +x
make  dist-gzip am__post_remove_distdir='@:'
make[1]: Entering directory '/sources/automake-1.16.1/t/subpkg-yacc.dir'
make  distdir-am
make[2]: Entering directory '/sources/automake-1.16.1/t/subpkg-yacc.dir'
if test -d "subpack-1"; then find "subpack-1" -type d ! -perm -200 -exec chmod u+w {} ';' && rm -rf "subpack-1" || { sleep 5 && rm -rf "subpack-1"; }; else :; fi
test -d "subpack-1" || mkdir "subpack-1"
 (cd lib && make  top_distdir=../subpack-1 distdir=../subpack-1/lib \
     am__remove_distdir=: am__skip_length_check=: am__skip_mode_fix=: distdir)
make[3]: Entering directory '/sources/automake-1.16.1/t/subpkg-yacc.dir/lib'
make  distdir-am
make[4]: Entering directory '/sources/automake-1.16.1/t/subpkg-yacc.dir/lib'
:
test -d "../subpack-1/lib" || mkdir "../subpack-1/lib"
make  \
  top_distdir="../subpack-1" distdir="../subpack-1/lib" \
  dist-hook
make[5]: Entering directory '/sources/automake-1.16.1/t/subpkg-yacc.dir/lib'
test -d ../subpack-1
test -d ../subpack-1/lib
find ../subpack-1 ../subpack-1/lib ;: For debugging.
../subpack-1
../subpack-1/compile
../subpack-1/Makefile.in
../subpack-1/Makefile.am
../subpack-1/ar-lib
../subpack-1/lib
../subpack-1/lib/bar.c
../subpack-1/lib/Makefile.in
../subpack-1/lib/Makefile.am
../subpack-1/lib/config.hin
../subpack-1/lib/bar.y
../subpack-1/lib/foo.y
../subpack-1/lib/src
../subpack-1/lib/src/x.c
../subpack-1/lib/configure.ac
../subpack-1/lib/configure
../subpack-1/lib/foo.c
../subpack-1/lib/aclocal.m4
../subpack-1/depcomp
../subpack-1/configure.ac
../subpack-1/MU.c
../subpack-1/configure
../subpack-1/install-sh
../subpack-1/aclocal.m4
../subpack-1/missing
../subpack-1/ylwrap
../subpack-1/lib
../subpack-1/lib/bar.c
../subpack-1/lib/Makefile.in
../subpack-1/lib/Makefile.am
../subpack-1/lib/config.hin
../subpack-1/lib/bar.y
../subpack-1/lib/foo.y
../subpack-1/lib/src
../subpack-1/lib/src/x.c
../subpack-1/lib/configure.ac
../subpack-1/lib/configure
../subpack-1/lib/foo.c
../subpack-1/lib/aclocal.m4
test -f ../subpack-1/MU.c
test ! -f ../subpack-1/lib/MU.c
for suf in y c; do \
  for name in foo bar; do \
    test -f ../subpack-1/lib/$name.$suf || exit 1; \
    test ! -f ../subpack-1/$name.$suf || exit 1; \
  done; \
done
test -f ../subpack-1/lib/foo.y
test ! -f ../subpack-1/foo.y
test -f ../subpack-1/lib/src/x.c
test ! -f ../subpack-1/src/x.c
test -f ./../ylwrap
: > ./../lib-dist-hook-has-run
make[5]: Leaving directory '/sources/automake-1.16.1/t/subpkg-yacc.dir/lib'
test -n ":" \
|| find "../subpack-1/lib" -type d ! -perm -755 \
	-exec chmod u+rwx,go+rx {} \; -o \
  ! -type d ! -perm -444 -links 1 -exec chmod a+r {} \; -o \
  ! -type d ! -perm -400 -exec chmod a+r {} \; -o \
  ! -type d ! -perm -444 -exec /bin/sh /sources/automake-1.16.1/t/subpkg-yacc.dir/install-sh -c -m a+r {} {} \; \
|| chmod -R a+r "../subpack-1/lib"
make[4]: Leaving directory '/sources/automake-1.16.1/t/subpkg-yacc.dir/lib'
make[3]: Leaving directory '/sources/automake-1.16.1/t/subpkg-yacc.dir/lib'
test -n "" \
|| find "subpack-1" -type d ! -perm -755 \
	-exec chmod u+rwx,go+rx {} \; -o \
  ! -type d ! -perm -444 -links 1 -exec chmod a+r {} \; -o \
  ! -type d ! -perm -400 -exec chmod a+r {} \; -o \
  ! -type d ! -perm -444 -exec /bin/sh /sources/automake-1.16.1/t/subpkg-yacc.dir/install-sh -c -m a+r {} {} \; \
|| chmod -R a+r "subpack-1"
make[2]: Leaving directory '/sources/automake-1.16.1/t/subpkg-yacc.dir'
tardir=subpack-1 && ${TAR-tar} chof - "$tardir" | eval GZIP= gzip --best -c >subpack-1.tar.gz
make[1]: Leaving directory '/sources/automake-1.16.1/t/subpkg-yacc.dir'
if test -d "subpack-1"; then find "subpack-1" -type d ! -perm -200 -exec chmod u+w {} ';' && rm -rf "subpack-1" || { sleep 5 && rm -rf "subpack-1"; }; else :; fi
case 'subpack-1.tar.gz' in \
*.tar.gz*) \
  eval GZIP= gzip --best -dc subpack-1.tar.gz | ${TAR-tar} xf - ;;\
*.tar.bz2*) \
  bzip2 -dc subpack-1.tar.bz2 | ${TAR-tar} xf - ;;\
*.tar.lz*) \
  lzip -dc subpack-1.tar.lz | ${TAR-tar} xf - ;;\
*.tar.xz*) \
  xz -dc subpack-1.tar.xz | ${TAR-tar} xf - ;;\
*.tar.Z*) \
  uncompress -c subpack-1.tar.Z | ${TAR-tar} xf - ;;\
*.shar.gz*) \
  eval GZIP= gzip --best -dc subpack-1.shar.gz | unshar ;;\
*.zip*) \
  unzip subpack-1.zip ;;\
esac
chmod -R a-w subpack-1
chmod u+w subpack-1
mkdir subpack-1/_build subpack-1/_build/sub subpack-1/_inst
chmod a-w subpack-1
test -d subpack-1/_build || exit 0; \
dc_install_base=`CDPATH="${ZSH_VERSION+.}:" && cd subpack-1/_inst && pwd | sed -e 's,^[^:\\/]:[\\/],/,'` \
  && dc_destdir="${TMPDIR-/tmp}/am-dc-$$/" \
  && am__cwd=`pwd` \
  && CDPATH="${ZSH_VERSION+.}:" && cd subpack-1/_build/sub \
  && ../../configure \
     \
     \
    --srcdir=../.. --prefix="$dc_install_base" \
  && make  \
  && make  dvi \
  && make  check \
  && make  install \
  && make  installcheck \
  && make  uninstall \
  && make  distuninstallcheck_dir="$dc_install_base" \
        distuninstallcheck \
  && chmod -R a-w "$dc_install_base" \
  && ({ \
       (cd ../.. && umask 077 && mkdir "$dc_destdir") \
       && make  DESTDIR="$dc_destdir" install \
       && make  DESTDIR="$dc_destdir" uninstall \
       && make  DESTDIR="$dc_destdir" \
            distuninstallcheck_dir="$dc_destdir" distuninstallcheck; \
      } || { rm -rf "$dc_destdir"; exit 1; }) \
  && rm -rf "$dc_destdir" \
  && make  dist \
  && rm -rf subpack-1.tar.gz \
  && make  distcleancheck \
  && cd "$am__cwd" \
  || exit 1
checking for a BSD-compatible install... /usr/bin/install -c
checking whether build environment is sane... yes
checking for a thread-safe mkdir -p... /tools/bin/mkdir -p
checking for gawk... gawk
checking whether make sets $(MAKE)... yes
checking whether make supports nested variables... yes
checking for gcc... cc
checking whether the C compiler works... yes
checking for C compiler default output file name... a.out
checking for suffix of executables... 
checking whether we are cross compiling... no
checking for suffix of object files... o
checking whether we are using the GNU C compiler... yes
checking whether cc accepts -g... yes
checking for cc option to accept ISO C89... none needed
checking whether cc understands -c and -o together... yes
checking whether make supports the include directive... yes (GNU style)
checking dependency style of cc... gcc3
checking that generated files are newer than configure... done
configure: creating ./config.status
config.status: creating Makefile
config.status: executing depfiles commands
=== configuring in lib (/sources/automake-1.16.1/t/subpkg-yacc.dir/subpack-1/_build/sub/lib)
configure: running /bin/sh ../../../lib/configure --disable-option-checking '--prefix=/sources/automake-1.16.1/t/subpkg-yacc.dir/subpack-1/_inst'  'build_alias=' 'host_alias=' 'CC=cc' 'CFLAGS=-g -O2' 'CPPFLAGS=' --cache-file=/dev/null --srcdir=../../../lib
checking for a BSD-compatible install... /usr/bin/install -c
checking whether build environment is sane... yes
checking for a thread-safe mkdir -p... /tools/bin/mkdir -p
checking for gawk... gawk
checking whether make sets $(MAKE)... yes
checking whether make supports nested variables... yes
checking for ranlib... ranlib
checking for bison... yacc
checking for gcc... cc
checking whether the C compiler works... yes
checking for C compiler default output file name... a.out
checking for suffix of executables... 
checking whether we are cross compiling... no
checking for suffix of object files... o
checking whether we are using the GNU C compiler... yes
checking whether cc accepts -g... yes
checking for cc option to accept ISO C89... none needed
checking whether cc understands -c and -o together... yes
checking whether make supports the include directive... yes (GNU style)
checking dependency style of cc... gcc3
checking for ar... ar
checking the archiver (ar) interface... ar
checking that generated files are newer than configure... done
configure: creating ./config.status
config.status: creating Makefile
config.status: creating config.h
config.status: executing depfiles commands
make[1]: Entering directory '/sources/automake-1.16.1/t/subpkg-yacc.dir/subpack-1/_build/sub'
Making all in lib
make[2]: Entering directory '/sources/automake-1.16.1/t/subpkg-yacc.dir/subpack-1/_build/sub/lib'
make  all-am
make[3]: Entering directory '/sources/automake-1.16.1/t/subpkg-yacc.dir/subpack-1/_build/sub/lib'
depbase=`echo src/x.o | sed 's|[^/]*$|.deps/&|;s|\.o$||'`;\
cc -DHAVE_CONFIG_H -I. -I../../../lib     -g -O2 -MT src/x.o -MD -MP -MF $depbase.Tpo -c -o src/x.o ../../../lib/src/x.c &&\
mv -f $depbase.Tpo $depbase.Po
depbase=`echo foo.o | sed 's|[^/]*$|.deps/&|;s|\.o$||'`;\
cc -DHAVE_CONFIG_H -I. -I../../../lib     -g -O2 -MT foo.o -MD -MP -MF $depbase.Tpo -c -o foo.o ../../../lib/foo.c &&\
mv -f $depbase.Tpo $depbase.Po
rm -f liblib.a
ar cru liblib.a src/x.o foo.o 
ranlib liblib.a
make[3]: Leaving directory '/sources/automake-1.16.1/t/subpkg-yacc.dir/subpack-1/_build/sub/lib'
make[2]: Leaving directory '/sources/automake-1.16.1/t/subpkg-yacc.dir/subpack-1/_build/sub/lib'
make[2]: Entering directory '/sources/automake-1.16.1/t/subpkg-yacc.dir/subpack-1/_build/sub'
cc -DPACKAGE_NAME=\"subpkg-yacc\" -DPACKAGE_TARNAME=\"subpkg-yacc\" -DPACKAGE_VERSION=\"1.0\" -DPACKAGE_STRING=\"subpkg-yacc\ 1.0\" -DPACKAGE_BUGREPORT=\"\" -DPACKAGE_URL=\"\" -DPACKAGE=\"subpkg-yacc\" -DVERSION=\"1.0\" -I. -I../..     -g -O2 -MT MU.o -MD -MP -MF .deps/MU.Tpo -c -o MU.o ../../MU.c
mv -f .deps/MU.Tpo .deps/MU.Po
cc  -g -O2   -o MU MU.o lib/liblib.a 
make[2]: Leaving directory '/sources/automake-1.16.1/t/subpkg-yacc.dir/subpack-1/_build/sub'
make[1]: Leaving directory '/sources/automake-1.16.1/t/subpkg-yacc.dir/subpack-1/_build/sub'
make[1]: Entering directory '/sources/automake-1.16.1/t/subpkg-yacc.dir/subpack-1/_build/sub'
Making dvi in lib
make[2]: Entering directory '/sources/automake-1.16.1/t/subpkg-yacc.dir/subpack-1/_build/sub/lib'
make[2]: Nothing to be done for 'dvi'.
make[2]: Leaving directory '/sources/automake-1.16.1/t/subpkg-yacc.dir/subpack-1/_build/sub/lib'
make[2]: Entering directory '/sources/automake-1.16.1/t/subpkg-yacc.dir/subpack-1/_build/sub'
make[2]: Nothing to be done for 'dvi-am'.
make[2]: Leaving directory '/sources/automake-1.16.1/t/subpkg-yacc.dir/subpack-1/_build/sub'
make[1]: Leaving directory '/sources/automake-1.16.1/t/subpkg-yacc.dir/subpack-1/_build/sub'
make[1]: Entering directory '/sources/automake-1.16.1/t/subpkg-yacc.dir/subpack-1/_build/sub'
Making check in lib
make[2]: Entering directory '/sources/automake-1.16.1/t/subpkg-yacc.dir/subpack-1/_build/sub/lib'
make[2]: Leaving directory '/sources/automake-1.16.1/t/subpkg-yacc.dir/subpack-1/_build/sub/lib'
make[2]: Entering directory '/sources/automake-1.16.1/t/subpkg-yacc.dir/subpack-1/_build/sub'
make[2]: Nothing to be done for 'check-am'.
make[2]: Leaving directory '/sources/automake-1.16.1/t/subpkg-yacc.dir/subpack-1/_build/sub'
make[1]: Leaving directory '/sources/automake-1.16.1/t/subpkg-yacc.dir/subpack-1/_build/sub'
make[1]: Entering directory '/sources/automake-1.16.1/t/subpkg-yacc.dir/subpack-1/_build/sub'
Making install in lib
make[2]: Entering directory '/sources/automake-1.16.1/t/subpkg-yacc.dir/subpack-1/_build/sub/lib'
make[3]: Entering directory '/sources/automake-1.16.1/t/subpkg-yacc.dir/subpack-1/_build/sub/lib'
make[3]: Nothing to be done for 'install-exec-am'.
make[3]: Nothing to be done for 'install-data-am'.
make[3]: Leaving directory '/sources/automake-1.16.1/t/subpkg-yacc.dir/subpack-1/_build/sub/lib'
make[2]: Leaving directory '/sources/automake-1.16.1/t/subpkg-yacc.dir/subpack-1/_build/sub/lib'
make[2]: Entering directory '/sources/automake-1.16.1/t/subpkg-yacc.dir/subpack-1/_build/sub'
make[3]: Entering directory '/sources/automake-1.16.1/t/subpkg-yacc.dir/subpack-1/_build/sub'
 /tools/bin/mkdir -p '/sources/automake-1.16.1/t/subpkg-yacc.dir/subpack-1/_inst/bin'
  /usr/bin/install -c MU '/sources/automake-1.16.1/t/subpkg-yacc.dir/subpack-1/_inst/bin'
make[3]: Nothing to be done for 'install-data-am'.
make[3]: Leaving directory '/sources/automake-1.16.1/t/subpkg-yacc.dir/subpack-1/_build/sub'
make[2]: Leaving directory '/sources/automake-1.16.1/t/subpkg-yacc.dir/subpack-1/_build/sub'
make[1]: Leaving directory '/sources/automake-1.16.1/t/subpkg-yacc.dir/subpack-1/_build/sub'
make[1]: Entering directory '/sources/automake-1.16.1/t/subpkg-yacc.dir/subpack-1/_build/sub'
Making installcheck in lib
make[2]: Entering directory '/sources/automake-1.16.1/t/subpkg-yacc.dir/subpack-1/_build/sub/lib'
make[2]: Nothing to be done for 'installcheck'.
make[2]: Leaving directory '/sources/automake-1.16.1/t/subpkg-yacc.dir/subpack-1/_build/sub/lib'
make[2]: Entering directory '/sources/automake-1.16.1/t/subpkg-yacc.dir/subpack-1/_build/sub'
make[2]: Nothing to be done for 'installcheck-am'.
make[2]: Leaving directory '/sources/automake-1.16.1/t/subpkg-yacc.dir/subpack-1/_build/sub'
make[1]: Leaving directory '/sources/automake-1.16.1/t/subpkg-yacc.dir/subpack-1/_build/sub'
make[1]: Entering directory '/sources/automake-1.16.1/t/subpkg-yacc.dir/subpack-1/_build/sub'
Making uninstall in lib
make[2]: Entering directory '/sources/automake-1.16.1/t/subpkg-yacc.dir/subpack-1/_build/sub/lib'
make[2]: Nothing to be done for 'uninstall'.
make[2]: Leaving directory '/sources/automake-1.16.1/t/subpkg-yacc.dir/subpack-1/_build/sub/lib'
make[2]: Entering directory '/sources/automake-1.16.1/t/subpkg-yacc.dir/subpack-1/_build/sub'
 ( cd '/sources/automake-1.16.1/t/subpkg-yacc.dir/subpack-1/_inst/bin' && rm -f MU )
make[2]: Leaving directory '/sources/automake-1.16.1/t/subpkg-yacc.dir/subpack-1/_build/sub'
make[1]: Leaving directory '/sources/automake-1.16.1/t/subpkg-yacc.dir/subpack-1/_build/sub'
make[1]: Entering directory '/sources/automake-1.16.1/t/subpkg-yacc.dir/subpack-1/_build/sub'
make[1]: Leaving directory '/sources/automake-1.16.1/t/subpkg-yacc.dir/subpack-1/_build/sub'
make[1]: Entering directory '/sources/automake-1.16.1/t/subpkg-yacc.dir/subpack-1/_build/sub'
Making install in lib
make[2]: Entering directory '/sources/automake-1.16.1/t/subpkg-yacc.dir/subpack-1/_build/sub/lib'
make[3]: Entering directory '/sources/automake-1.16.1/t/subpkg-yacc.dir/subpack-1/_build/sub/lib'
make[3]: Nothing to be done for 'install-exec-am'.
make[3]: Nothing to be done for 'install-data-am'.
make[3]: Leaving directory '/sources/automake-1.16.1/t/subpkg-yacc.dir/subpack-1/_build/sub/lib'
make[2]: Leaving directory '/sources/automake-1.16.1/t/subpkg-yacc.dir/subpack-1/_build/sub/lib'
make[2]: Entering directory '/sources/automake-1.16.1/t/subpkg-yacc.dir/subpack-1/_build/sub'
make[3]: Entering directory '/sources/automake-1.16.1/t/subpkg-yacc.dir/subpack-1/_build/sub'
 /tools/bin/mkdir -p '/tmp/am-dc-52311//sources/automake-1.16.1/t/subpkg-yacc.dir/subpack-1/_inst/bin'
  /usr/bin/install -c MU '/tmp/am-dc-52311//sources/automake-1.16.1/t/subpkg-yacc.dir/subpack-1/_inst/bin'
make[3]: Nothing to be done for 'install-data-am'.
make[3]: Leaving directory '/sources/automake-1.16.1/t/subpkg-yacc.dir/subpack-1/_build/sub'
make[2]: Leaving directory '/sources/automake-1.16.1/t/subpkg-yacc.dir/subpack-1/_build/sub'
make[1]: Leaving directory '/sources/automake-1.16.1/t/subpkg-yacc.dir/subpack-1/_build/sub'
make[1]: Entering directory '/sources/automake-1.16.1/t/subpkg-yacc.dir/subpack-1/_build/sub'
Making uninstall in lib
make[2]: Entering directory '/sources/automake-1.16.1/t/subpkg-yacc.dir/subpack-1/_build/sub/lib'
make[2]: Nothing to be done for 'uninstall'.
make[2]: Leaving directory '/sources/automake-1.16.1/t/subpkg-yacc.dir/subpack-1/_build/sub/lib'
make[2]: Entering directory '/sources/automake-1.16.1/t/subpkg-yacc.dir/subpack-1/_build/sub'
 ( cd '/tmp/am-dc-52311//sources/automake-1.16.1/t/subpkg-yacc.dir/subpack-1/_inst/bin' && rm -f MU )
make[2]: Leaving directory '/sources/automake-1.16.1/t/subpkg-yacc.dir/subpack-1/_build/sub'
make[1]: Leaving directory '/sources/automake-1.16.1/t/subpkg-yacc.dir/subpack-1/_build/sub'
make[1]: Entering directory '/sources/automake-1.16.1/t/subpkg-yacc.dir/subpack-1/_build/sub'
make[1]: Leaving directory '/sources/automake-1.16.1/t/subpkg-yacc.dir/subpack-1/_build/sub'
make[1]: Entering directory '/sources/automake-1.16.1/t/subpkg-yacc.dir/subpack-1/_build/sub'
make  dist-gzip am__post_remove_distdir='@:'
make[2]: Entering directory '/sources/automake-1.16.1/t/subpkg-yacc.dir/subpack-1/_build/sub'
make  distdir-am
make[3]: Entering directory '/sources/automake-1.16.1/t/subpkg-yacc.dir/subpack-1/_build/sub'
if test -d "subpack-1"; then find "subpack-1" -type d ! -perm -200 -exec chmod u+w {} ';' && rm -rf "subpack-1" || { sleep 5 && rm -rf "subpack-1"; }; else :; fi
test -d "subpack-1" || mkdir "subpack-1"
 (cd lib && make  top_distdir=../subpack-1 distdir=../subpack-1/lib \
     am__remove_distdir=: am__skip_length_check=: am__skip_mode_fix=: distdir)
make[4]: Entering directory '/sources/automake-1.16.1/t/subpkg-yacc.dir/subpack-1/_build/sub/lib'
make  distdir-am
make[5]: Entering directory '/sources/automake-1.16.1/t/subpkg-yacc.dir/subpack-1/_build/sub/lib'
:
test -d "../subpack-1/lib" || mkdir "../subpack-1/lib"
make  \
  top_distdir="../subpack-1" distdir="../subpack-1/lib" \
  dist-hook
make[6]: Entering directory '/sources/automake-1.16.1/t/subpkg-yacc.dir/subpack-1/_build/sub/lib'
test -d ../subpack-1
test -d ../subpack-1/lib
find ../subpack-1 ../subpack-1/lib ;: For debugging.
../subpack-1
../subpack-1/compile
../subpack-1/Makefile.in
../subpack-1/Makefile.am
../subpack-1/ar-lib
../subpack-1/lib
../subpack-1/lib/bar.c
../subpack-1/lib/Makefile.in
../subpack-1/lib/Makefile.am
../subpack-1/lib/config.hin
../subpack-1/lib/bar.y
../subpack-1/lib/foo.y
../subpack-1/lib/src
../subpack-1/lib/src/x.c
../subpack-1/lib/configure.ac
../subpack-1/lib/configure
../subpack-1/lib/foo.c
../subpack-1/lib/aclocal.m4
../subpack-1/depcomp
../subpack-1/configure.ac
../subpack-1/MU.c
../subpack-1/configure
../subpack-1/install-sh
../subpack-1/aclocal.m4
../subpack-1/missing
../subpack-1/ylwrap
../subpack-1/lib
../subpack-1/lib/bar.c
../subpack-1/lib/Makefile.in
../subpack-1/lib/Makefile.am
../subpack-1/lib/config.hin
../subpack-1/lib/bar.y
../subpack-1/lib/foo.y
../subpack-1/lib/src
../subpack-1/lib/src/x.c
../subpack-1/lib/configure.ac
../subpack-1/lib/configure
../subpack-1/lib/foo.c
../subpack-1/lib/aclocal.m4
test -f ../subpack-1/MU.c
test ! -f ../subpack-1/lib/MU.c
for suf in y c; do \
  for name in foo bar; do \
    test -f ../subpack-1/lib/$name.$suf || exit 1; \
    test ! -f ../subpack-1/$name.$suf || exit 1; \
  done; \
done
test -f ../subpack-1/lib/foo.y
test ! -f ../subpack-1/foo.y
test -f ../subpack-1/lib/src/x.c
test ! -f ../subpack-1/src/x.c
test -f ../../../lib/../ylwrap
: > ./../lib-dist-hook-has-run
make[6]: Leaving directory '/sources/automake-1.16.1/t/subpkg-yacc.dir/subpack-1/_build/sub/lib'
test -n ":" \
|| find "../subpack-1/lib" -type d ! -perm -755 \
	-exec chmod u+rwx,go+rx {} \; -o \
  ! -type d ! -perm -444 -links 1 -exec chmod a+r {} \; -o \
  ! -type d ! -perm -400 -exec chmod a+r {} \; -o \
  ! -type d ! -perm -444 -exec /bin/sh /sources/automake-1.16.1/t/subpkg-yacc.dir/subpack-1/install-sh -c -m a+r {} {} \; \
|| chmod -R a+r "../subpack-1/lib"
make[5]: Leaving directory '/sources/automake-1.16.1/t/subpkg-yacc.dir/subpack-1/_build/sub/lib'
make[4]: Leaving directory '/sources/automake-1.16.1/t/subpkg-yacc.dir/subpack-1/_build/sub/lib'
test -n "" \
|| find "subpack-1" -type d ! -perm -755 \
	-exec chmod u+rwx,go+rx {} \; -o \
  ! -type d ! -perm -444 -links 1 -exec chmod a+r {} \; -o \
  ! -type d ! -perm -400 -exec chmod a+r {} \; -o \
  ! -type d ! -perm -444 -exec /bin/sh /sources/automake-1.16.1/t/subpkg-yacc.dir/subpack-1/install-sh -c -m a+r {} {} \; \
|| chmod -R a+r "subpack-1"
make[3]: Leaving directory '/sources/automake-1.16.1/t/subpkg-yacc.dir/subpack-1/_build/sub'
tardir=subpack-1 && ${TAR-tar} chof - "$tardir" | eval GZIP= gzip --best -c >subpack-1.tar.gz
make[2]: Leaving directory '/sources/automake-1.16.1/t/subpkg-yacc.dir/subpack-1/_build/sub'
if test -d "subpack-1"; then find "subpack-1" -type d ! -perm -200 -exec chmod u+w {} ';' && rm -rf "subpack-1" || { sleep 5 && rm -rf "subpack-1"; }; else :; fi
make[1]: Leaving directory '/sources/automake-1.16.1/t/subpkg-yacc.dir/subpack-1/_build/sub'
make[1]: Entering directory '/sources/automake-1.16.1/t/subpkg-yacc.dir/subpack-1/_build/sub'
Making distclean in lib
make[2]: Entering directory '/sources/automake-1.16.1/t/subpkg-yacc.dir/subpack-1/_build/sub/lib'
test -z "liblib.a" || rm -f liblib.a
rm -f *.o
rm -f src/*.o
rm -f *.tab.c
test -z "" || rm -f 
test . = "../../../lib" || test -z "" || rm -f 
rm -f src/.deps/.dirstamp
rm -f src/.dirstamp
rm -f config.h stamp-h1
rm -f TAGS ID GTAGS GRTAGS GSYMS GPATH tags
rm -f cscope.out cscope.in.out cscope.po.out cscope.files
rm -f config.status config.cache config.log configure.lineno config.status.lineno
rm -f ./.deps/bar.Po
rm -f ./.deps/foo.Po
rm -f src/.deps/x.Po
rm -f Makefile
make[2]: Leaving directory '/sources/automake-1.16.1/t/subpkg-yacc.dir/subpack-1/_build/sub/lib'
make[2]: Entering directory '/sources/automake-1.16.1/t/subpkg-yacc.dir/subpack-1/_build/sub'
test -z "MU" || rm -f MU
test -z "lib-dist-hook-has-run" || rm -f lib-dist-hook-has-run
rm -f *.o
rm -f *.tab.c
test -z "" || rm -f 
test . = "../.." || test -z "" || rm -f 
rm -f TAGS ID GTAGS GRTAGS GSYMS GPATH tags
rm -f cscope.out cscope.in.out cscope.po.out cscope.files
make[2]: Leaving directory '/sources/automake-1.16.1/t/subpkg-yacc.dir/subpack-1/_build/sub'
rm -f config.status config.cache config.log configure.lineno config.status.lineno
rm -f ./.deps/MU.Po
rm -f Makefile
make[1]: Leaving directory '/sources/automake-1.16.1/t/subpkg-yacc.dir/subpack-1/_build/sub'
if test -d "subpack-1"; then find "subpack-1" -type d ! -perm -200 -exec chmod u+w {} ';' && rm -rf "subpack-1" || { sleep 5 && rm -rf "subpack-1"; }; else :; fi
===========================================
subpack-1 archives ready for distribution: 
subpack-1.tar.gz
===========================================
+ test 0 -eq 253
+ test no = yes
+ test no = yes
+ test no = yes
+ case $am__make_rc_exp in
+ test 0 -ge 0
+ test 0 -le 255
+ test 0 -eq 0
+ :
+ am_exit_trap 0
+ exit_status=0
+ set +e
+ cd /sources/automake-1.16.1
+ test none = tap
+ case $am_explicit_skips in
+ test 0 -eq 0
+ am_keeping_testdirs
+ case $keep_testdirs in
+ return 1
+ rm_rf_ t/subpkg-yacc.dir
+ test 1 -gt 0
+ /usr/bin/perl /sources/automake-1.16.1/t/ax/deltree.pl t/subpkg-yacc.dir
+ set +x
PASS t/subpkg-yacc.sh (exit status: 0)
