Running from installcheck: no
Test Protocol: none
PATH = /sources/automake-1.16.1/bin:/sources/automake-1.16.1/t/ax:/bin:/usr/bin:/sbin:/usr/sbin:/tools/bin
++ pwd
/sources/automake-1.16.1/t/suffix4.dir
+ cat
+ aclocal-1.16 -Werror
+ automake-1.16 --foreign -Werror -Wall
+ grep '^\.SUFFIXES:' Makefile.in
+ sed -e 's/$/ /'
+ cat suffixes
.SUFFIXES: 
.SUFFIXES: .k .o 
+ /bin/grep -F ' .k ' suffixes
.SUFFIXES: .k .o 
+ :
+ am_exit_trap 0
+ exit_status=0
+ set +e
+ cd /sources/automake-1.16.1
+ test none = tap
+ case $am_explicit_skips in
+ test 0 -eq 0
+ am_keeping_testdirs
+ case $keep_testdirs in
+ return 1
+ rm_rf_ t/suffix4.dir
+ test 1 -gt 0
+ /usr/bin/perl /sources/automake-1.16.1/t/ax/deltree.pl t/suffix4.dir
+ set +x
PASS t/suffix4.sh (exit status: 0)
