Running from installcheck: no
Test Protocol: none
PATH = /sources/automake-1.16.1/bin:/sources/automake-1.16.1/t/ax:/bin:/usr/bin:/sbin:/usr/sbin:/tools/bin
++ pwd
/sources/automake-1.16.1/t/suffix.dir
+ cat
+ cat
+ for use_arlib in false :
+ rm -rf 'autom4te*.cache'
+ false
+ am_warns=-Wno-extra-portability
+ aclocal-1.16 -Werror
+ automake-1.16 --foreign -Werror -Wall -Wno-extra-portability -i
+ grep '^ *\.c' Makefile.in
.c.o:
.c.obj:
++ grep -c '^\.c\.o:' Makefile.in
+ test 1 -eq 1
++ grep -c '^\.c\.obj:' Makefile.in
+ test 1 -eq 1
+ automake-1.16 --foreign -Werror -Wall -Wno-extra-portability
+ grep '^ *\.c' Makefile.in
.c.o:
.c.obj:
++ grep -c '^\.c\.o:' Makefile.in
+ test 1 -eq 1
++ grep -c '^\.c\.obj:' Makefile.in
+ test 1 -eq 1
+ for use_arlib in false :
+ rm -rf autom4te.cache
+ :
+ am_warns=
+ echo AM_PROG_AR
+ :
+ aclocal-1.16 -Werror
+ automake-1.16 --foreign -Werror -Wall -i
+ grep '^ *\.c' Makefile.in
.c.o:
.c.obj:
++ grep -c '^\.c\.o:' Makefile.in
+ test 1 -eq 1
++ grep -c '^\.c\.obj:' Makefile.in
+ test 1 -eq 1
+ automake-1.16 --foreign -Werror -Wall
+ grep '^ *\.c' Makefile.in
.c.o:
.c.obj:
++ grep -c '^\.c\.o:' Makefile.in
+ test 1 -eq 1
++ grep -c '^\.c\.obj:' Makefile.in
+ test 1 -eq 1
+ :
+ am_exit_trap 0
+ exit_status=0
+ set +e
+ cd /sources/automake-1.16.1
+ test none = tap
+ case $am_explicit_skips in
+ test 0 -eq 0
+ am_keeping_testdirs
+ case $keep_testdirs in
+ return 1
+ rm_rf_ t/suffix.dir
+ test 1 -gt 0
+ /usr/bin/perl /sources/automake-1.16.1/t/ax/deltree.pl t/suffix.dir
+ set +x
PASS t/suffix.sh (exit status: 0)
