Running from installcheck: no
Test Protocol: none
PATH = /sources/automake-1.16.1/bin:/sources/automake-1.16.1/t/ax:/bin:/usr/bin:/sbin:/usr/sbin:/tools/bin
++ pwd
/sources/automake-1.16.1/t/suffix-custom-subobj-and-specflg.dir
+ cat
+ cat
+ mkdir sub
+ cat
+ cat
+ aclocal-1.16 -Werror
+ autoconf
+ automake-1.16 --foreign -Werror -Wall -a
+ ./configure
checking for a BSD-compatible install... /usr/bin/install -c
checking whether build environment is sane... yes
checking for a thread-safe mkdir -p... /tools/bin/mkdir -p
checking for gawk... gawk
checking whether make sets $(MAKE)... yes
checking whether make supports nested variables... yes
checking for gcc... cc
checking whether the C compiler works... yes
checking for C compiler default output file name... a.out
checking for suffix of executables... 
checking whether we are cross compiling... no
checking for suffix of object files... o
checking whether we are using the GNU C compiler... yes
checking whether cc accepts -g... yes
checking for cc option to accept ISO C89... none needed
checking whether cc understands -c and -o together... yes
checking whether make supports the include directive... yes (GNU style)
checking dependency style of cc... gcc3
checking that generated files are newer than configure... done
configure: creating ./config.status
config.status: creating Makefile
config.status: executing depfiles commands
+ make
cc -DPACKAGE_NAME=\"suffix-custom-subobj-and-specflg\" -DPACKAGE_TARNAME=\"suffix-custom-subobj-and-specflg\" -DPACKAGE_VERSION=\"1.0\" -DPACKAGE_STRING=\"suffix-custom-subobj-and-specflg\ 1.0\" -DPACKAGE_BUGREPORT=\"\" -DPACKAGE_URL=\"\" -DPACKAGE=\"suffix-custom-subobj-and-specflg\" -DVERSION=\"1.0\" -I.     -g -O2 -MT foo-foo.o -MD -MP -MF .deps/foo-foo.Tpo -c -o foo-foo.o `test -f 'foo.c' || echo './'`foo.c
mv -f .deps/foo-foo.Tpo .deps/foo-foo.Po
case sub/bar.c in sub/*) /tools/bin/mkdir -p sub;; *) :;; esac
cp `test -f 'sub/bar.baz' || echo ./`sub/bar.baz sub/bar.c
cc -DPACKAGE_NAME=\"suffix-custom-subobj-and-specflg\" -DPACKAGE_TARNAME=\"suffix-custom-subobj-and-specflg\" -DPACKAGE_VERSION=\"1.0\" -DPACKAGE_STRING=\"suffix-custom-subobj-and-specflg\ 1.0\" -DPACKAGE_BUGREPORT=\"\" -DPACKAGE_URL=\"\" -DPACKAGE=\"suffix-custom-subobj-and-specflg\" -DVERSION=\"1.0\" -I.     -g -O2 -MT sub/foo-bar.o -MD -MP -MF sub/.deps/foo-bar.Tpo -c -o sub/foo-bar.o `test -f 'sub/bar.c' || echo './'`sub/bar.c
mv -f sub/.deps/foo-bar.Tpo sub/.deps/foo-bar.Po
cc  -g -O2   -o foo foo-foo.o sub/foo-bar.o  
+ make distcheck
make  dist-gzip am__post_remove_distdir='@:'
make[1]: Entering directory '/sources/automake-1.16.1/t/suffix-custom-subobj-and-specflg.dir'
make  distdir-am
make[2]: Entering directory '/sources/automake-1.16.1/t/suffix-custom-subobj-and-specflg.dir'
if test -d "suffix-custom-subobj-and-specflg-1.0"; then find "suffix-custom-subobj-and-specflg-1.0" -type d ! -perm -200 -exec chmod u+w {} ';' && rm -rf "suffix-custom-subobj-and-specflg-1.0" || { sleep 5 && rm -rf "suffix-custom-subobj-and-specflg-1.0"; }; else :; fi
test -d "suffix-custom-subobj-and-specflg-1.0" || mkdir "suffix-custom-subobj-and-specflg-1.0"
test -n "" \
|| find "suffix-custom-subobj-and-specflg-1.0" -type d ! -perm -755 \
	-exec chmod u+rwx,go+rx {} \; -o \
  ! -type d ! -perm -444 -links 1 -exec chmod a+r {} \; -o \
  ! -type d ! -perm -400 -exec chmod a+r {} \; -o \
  ! -type d ! -perm -444 -exec /bin/sh /sources/automake-1.16.1/t/suffix-custom-subobj-and-specflg.dir/install-sh -c -m a+r {} {} \; \
|| chmod -R a+r "suffix-custom-subobj-and-specflg-1.0"
make[2]: Leaving directory '/sources/automake-1.16.1/t/suffix-custom-subobj-and-specflg.dir'
tardir=suffix-custom-subobj-and-specflg-1.0 && ${TAR-tar} chof - "$tardir" | eval GZIP= gzip --best -c >suffix-custom-subobj-and-specflg-1.0.tar.gz
make[1]: Leaving directory '/sources/automake-1.16.1/t/suffix-custom-subobj-and-specflg.dir'
if test -d "suffix-custom-subobj-and-specflg-1.0"; then find "suffix-custom-subobj-and-specflg-1.0" -type d ! -perm -200 -exec chmod u+w {} ';' && rm -rf "suffix-custom-subobj-and-specflg-1.0" || { sleep 5 && rm -rf "suffix-custom-subobj-and-specflg-1.0"; }; else :; fi
case 'suffix-custom-subobj-and-specflg-1.0.tar.gz' in \
*.tar.gz*) \
  eval GZIP= gzip --best -dc suffix-custom-subobj-and-specflg-1.0.tar.gz | ${TAR-tar} xf - ;;\
*.tar.bz2*) \
  bzip2 -dc suffix-custom-subobj-and-specflg-1.0.tar.bz2 | ${TAR-tar} xf - ;;\
*.tar.lz*) \
  lzip -dc suffix-custom-subobj-and-specflg-1.0.tar.lz | ${TAR-tar} xf - ;;\
*.tar.xz*) \
  xz -dc suffix-custom-subobj-and-specflg-1.0.tar.xz | ${TAR-tar} xf - ;;\
*.tar.Z*) \
  uncompress -c suffix-custom-subobj-and-specflg-1.0.tar.Z | ${TAR-tar} xf - ;;\
*.shar.gz*) \
  eval GZIP= gzip --best -dc suffix-custom-subobj-and-specflg-1.0.shar.gz | unshar ;;\
*.zip*) \
  unzip suffix-custom-subobj-and-specflg-1.0.zip ;;\
esac
chmod -R a-w suffix-custom-subobj-and-specflg-1.0
chmod u+w suffix-custom-subobj-and-specflg-1.0
mkdir suffix-custom-subobj-and-specflg-1.0/_build suffix-custom-subobj-and-specflg-1.0/_build/sub suffix-custom-subobj-and-specflg-1.0/_inst
chmod a-w suffix-custom-subobj-and-specflg-1.0
test -d suffix-custom-subobj-and-specflg-1.0/_build || exit 0; \
dc_install_base=`CDPATH="${ZSH_VERSION+.}:" && cd suffix-custom-subobj-and-specflg-1.0/_inst && pwd | sed -e 's,^[^:\\/]:[\\/],/,'` \
  && dc_destdir="${TMPDIR-/tmp}/am-dc-$$/" \
  && am__cwd=`pwd` \
  && CDPATH="${ZSH_VERSION+.}:" && cd suffix-custom-subobj-and-specflg-1.0/_build/sub \
  && ../../configure \
     \
     \
    --srcdir=../.. --prefix="$dc_install_base" \
  && make  \
  && make  dvi \
  && make  check \
  && make  install \
  && make  installcheck \
  && make  uninstall \
  && make  distuninstallcheck_dir="$dc_install_base" \
        distuninstallcheck \
  && chmod -R a-w "$dc_install_base" \
  && ({ \
       (cd ../.. && umask 077 && mkdir "$dc_destdir") \
       && make  DESTDIR="$dc_destdir" install \
       && make  DESTDIR="$dc_destdir" uninstall \
       && make  DESTDIR="$dc_destdir" \
            distuninstallcheck_dir="$dc_destdir" distuninstallcheck; \
      } || { rm -rf "$dc_destdir"; exit 1; }) \
  && rm -rf "$dc_destdir" \
  && make  dist \
  && rm -rf suffix-custom-subobj-and-specflg-1.0.tar.gz \
  && make  distcleancheck \
  && cd "$am__cwd" \
  || exit 1
checking for a BSD-compatible install... /usr/bin/install -c
checking whether build environment is sane... yes
checking for a thread-safe mkdir -p... /tools/bin/mkdir -p
checking for gawk... gawk
checking whether make sets $(MAKE)... yes
checking whether make supports nested variables... yes
checking for gcc... cc
checking whether the C compiler works... yes
checking for C compiler default output file name... a.out
checking for suffix of executables... 
checking whether we are cross compiling... no
checking for suffix of object files... o
checking whether we are using the GNU C compiler... yes
checking whether cc accepts -g... yes
checking for cc option to accept ISO C89... none needed
checking whether cc understands -c and -o together... yes
checking whether make supports the include directive... yes (GNU style)
checking dependency style of cc... gcc3
checking that generated files are newer than configure... done
configure: creating ./config.status
config.status: creating Makefile
config.status: executing depfiles commands
make[1]: Entering directory '/sources/automake-1.16.1/t/suffix-custom-subobj-and-specflg.dir/suffix-custom-subobj-and-specflg-1.0/_build/sub'
cc -DPACKAGE_NAME=\"suffix-custom-subobj-and-specflg\" -DPACKAGE_TARNAME=\"suffix-custom-subobj-and-specflg\" -DPACKAGE_VERSION=\"1.0\" -DPACKAGE_STRING=\"suffix-custom-subobj-and-specflg\ 1.0\" -DPACKAGE_BUGREPORT=\"\" -DPACKAGE_URL=\"\" -DPACKAGE=\"suffix-custom-subobj-and-specflg\" -DVERSION=\"1.0\" -I. -I../..     -g -O2 -MT foo-foo.o -MD -MP -MF .deps/foo-foo.Tpo -c -o foo-foo.o `test -f 'foo.c' || echo '../../'`foo.c
mv -f .deps/foo-foo.Tpo .deps/foo-foo.Po
case sub/bar.c in sub/*) /tools/bin/mkdir -p sub;; *) :;; esac
cp `test -f '../../sub/bar.baz' || echo ../../`../../sub/bar.baz sub/bar.c
cc -DPACKAGE_NAME=\"suffix-custom-subobj-and-specflg\" -DPACKAGE_TARNAME=\"suffix-custom-subobj-and-specflg\" -DPACKAGE_VERSION=\"1.0\" -DPACKAGE_STRING=\"suffix-custom-subobj-and-specflg\ 1.0\" -DPACKAGE_BUGREPORT=\"\" -DPACKAGE_URL=\"\" -DPACKAGE=\"suffix-custom-subobj-and-specflg\" -DVERSION=\"1.0\" -I. -I../..     -g -O2 -MT sub/foo-bar.o -MD -MP -MF sub/.deps/foo-bar.Tpo -c -o sub/foo-bar.o `test -f 'sub/bar.c' || echo '../../'`sub/bar.c
mv -f sub/.deps/foo-bar.Tpo sub/.deps/foo-bar.Po
cc  -g -O2   -o foo foo-foo.o sub/foo-bar.o  
make[1]: Leaving directory '/sources/automake-1.16.1/t/suffix-custom-subobj-and-specflg.dir/suffix-custom-subobj-and-specflg-1.0/_build/sub'
make[1]: Entering directory '/sources/automake-1.16.1/t/suffix-custom-subobj-and-specflg.dir/suffix-custom-subobj-and-specflg-1.0/_build/sub'
make[1]: Nothing to be done for 'dvi'.
make[1]: Leaving directory '/sources/automake-1.16.1/t/suffix-custom-subobj-and-specflg.dir/suffix-custom-subobj-and-specflg-1.0/_build/sub'
make[1]: Entering directory '/sources/automake-1.16.1/t/suffix-custom-subobj-and-specflg.dir/suffix-custom-subobj-and-specflg-1.0/_build/sub'
make[1]: Nothing to be done for 'check'.
make[1]: Leaving directory '/sources/automake-1.16.1/t/suffix-custom-subobj-and-specflg.dir/suffix-custom-subobj-and-specflg-1.0/_build/sub'
make[1]: Entering directory '/sources/automake-1.16.1/t/suffix-custom-subobj-and-specflg.dir/suffix-custom-subobj-and-specflg-1.0/_build/sub'
make[2]: Entering directory '/sources/automake-1.16.1/t/suffix-custom-subobj-and-specflg.dir/suffix-custom-subobj-and-specflg-1.0/_build/sub'
 /tools/bin/mkdir -p '/sources/automake-1.16.1/t/suffix-custom-subobj-and-specflg.dir/suffix-custom-subobj-and-specflg-1.0/_inst/bin'
  /usr/bin/install -c foo '/sources/automake-1.16.1/t/suffix-custom-subobj-and-specflg.dir/suffix-custom-subobj-and-specflg-1.0/_inst/bin'
make[2]: Nothing to be done for 'install-data-am'.
make[2]: Leaving directory '/sources/automake-1.16.1/t/suffix-custom-subobj-and-specflg.dir/suffix-custom-subobj-and-specflg-1.0/_build/sub'
make[1]: Leaving directory '/sources/automake-1.16.1/t/suffix-custom-subobj-and-specflg.dir/suffix-custom-subobj-and-specflg-1.0/_build/sub'
make[1]: Entering directory '/sources/automake-1.16.1/t/suffix-custom-subobj-and-specflg.dir/suffix-custom-subobj-and-specflg-1.0/_build/sub'
make[1]: Nothing to be done for 'installcheck'.
make[1]: Leaving directory '/sources/automake-1.16.1/t/suffix-custom-subobj-and-specflg.dir/suffix-custom-subobj-and-specflg-1.0/_build/sub'
make[1]: Entering directory '/sources/automake-1.16.1/t/suffix-custom-subobj-and-specflg.dir/suffix-custom-subobj-and-specflg-1.0/_build/sub'
 ( cd '/sources/automake-1.16.1/t/suffix-custom-subobj-and-specflg.dir/suffix-custom-subobj-and-specflg-1.0/_inst/bin' && rm -f foo )
make[1]: Leaving directory '/sources/automake-1.16.1/t/suffix-custom-subobj-and-specflg.dir/suffix-custom-subobj-and-specflg-1.0/_build/sub'
make[1]: Entering directory '/sources/automake-1.16.1/t/suffix-custom-subobj-and-specflg.dir/suffix-custom-subobj-and-specflg-1.0/_build/sub'
make[1]: Leaving directory '/sources/automake-1.16.1/t/suffix-custom-subobj-and-specflg.dir/suffix-custom-subobj-and-specflg-1.0/_build/sub'
make[1]: Entering directory '/sources/automake-1.16.1/t/suffix-custom-subobj-and-specflg.dir/suffix-custom-subobj-and-specflg-1.0/_build/sub'
make[2]: Entering directory '/sources/automake-1.16.1/t/suffix-custom-subobj-and-specflg.dir/suffix-custom-subobj-and-specflg-1.0/_build/sub'
 /tools/bin/mkdir -p '/tmp/am-dc-9156//sources/automake-1.16.1/t/suffix-custom-subobj-and-specflg.dir/suffix-custom-subobj-and-specflg-1.0/_inst/bin'
  /usr/bin/install -c foo '/tmp/am-dc-9156//sources/automake-1.16.1/t/suffix-custom-subobj-and-specflg.dir/suffix-custom-subobj-and-specflg-1.0/_inst/bin'
make[2]: Nothing to be done for 'install-data-am'.
make[2]: Leaving directory '/sources/automake-1.16.1/t/suffix-custom-subobj-and-specflg.dir/suffix-custom-subobj-and-specflg-1.0/_build/sub'
make[1]: Leaving directory '/sources/automake-1.16.1/t/suffix-custom-subobj-and-specflg.dir/suffix-custom-subobj-and-specflg-1.0/_build/sub'
make[1]: Entering directory '/sources/automake-1.16.1/t/suffix-custom-subobj-and-specflg.dir/suffix-custom-subobj-and-specflg-1.0/_build/sub'
 ( cd '/tmp/am-dc-9156//sources/automake-1.16.1/t/suffix-custom-subobj-and-specflg.dir/suffix-custom-subobj-and-specflg-1.0/_inst/bin' && rm -f foo )
make[1]: Leaving directory '/sources/automake-1.16.1/t/suffix-custom-subobj-and-specflg.dir/suffix-custom-subobj-and-specflg-1.0/_build/sub'
make[1]: Entering directory '/sources/automake-1.16.1/t/suffix-custom-subobj-and-specflg.dir/suffix-custom-subobj-and-specflg-1.0/_build/sub'
make[1]: Leaving directory '/sources/automake-1.16.1/t/suffix-custom-subobj-and-specflg.dir/suffix-custom-subobj-and-specflg-1.0/_build/sub'
make[1]: Entering directory '/sources/automake-1.16.1/t/suffix-custom-subobj-and-specflg.dir/suffix-custom-subobj-and-specflg-1.0/_build/sub'
make  dist-gzip am__post_remove_distdir='@:'
make[2]: Entering directory '/sources/automake-1.16.1/t/suffix-custom-subobj-and-specflg.dir/suffix-custom-subobj-and-specflg-1.0/_build/sub'
make  distdir-am
make[3]: Entering directory '/sources/automake-1.16.1/t/suffix-custom-subobj-and-specflg.dir/suffix-custom-subobj-and-specflg-1.0/_build/sub'
if test -d "suffix-custom-subobj-and-specflg-1.0"; then find "suffix-custom-subobj-and-specflg-1.0" -type d ! -perm -200 -exec chmod u+w {} ';' && rm -rf "suffix-custom-subobj-and-specflg-1.0" || { sleep 5 && rm -rf "suffix-custom-subobj-and-specflg-1.0"; }; else :; fi
test -d "suffix-custom-subobj-and-specflg-1.0" || mkdir "suffix-custom-subobj-and-specflg-1.0"
test -n "" \
|| find "suffix-custom-subobj-and-specflg-1.0" -type d ! -perm -755 \
	-exec chmod u+rwx,go+rx {} \; -o \
  ! -type d ! -perm -444 -links 1 -exec chmod a+r {} \; -o \
  ! -type d ! -perm -400 -exec chmod a+r {} \; -o \
  ! -type d ! -perm -444 -exec /bin/sh /sources/automake-1.16.1/t/suffix-custom-subobj-and-specflg.dir/suffix-custom-subobj-and-specflg-1.0/install-sh -c -m a+r {} {} \; \
|| chmod -R a+r "suffix-custom-subobj-and-specflg-1.0"
make[3]: Leaving directory '/sources/automake-1.16.1/t/suffix-custom-subobj-and-specflg.dir/suffix-custom-subobj-and-specflg-1.0/_build/sub'
tardir=suffix-custom-subobj-and-specflg-1.0 && ${TAR-tar} chof - "$tardir" | eval GZIP= gzip --best -c >suffix-custom-subobj-and-specflg-1.0.tar.gz
make[2]: Leaving directory '/sources/automake-1.16.1/t/suffix-custom-subobj-and-specflg.dir/suffix-custom-subobj-and-specflg-1.0/_build/sub'
if test -d "suffix-custom-subobj-and-specflg-1.0"; then find "suffix-custom-subobj-and-specflg-1.0" -type d ! -perm -200 -exec chmod u+w {} ';' && rm -rf "suffix-custom-subobj-and-specflg-1.0" || { sleep 5 && rm -rf "suffix-custom-subobj-and-specflg-1.0"; }; else :; fi
make[1]: Leaving directory '/sources/automake-1.16.1/t/suffix-custom-subobj-and-specflg.dir/suffix-custom-subobj-and-specflg-1.0/_build/sub'
make[1]: Entering directory '/sources/automake-1.16.1/t/suffix-custom-subobj-and-specflg.dir/suffix-custom-subobj-and-specflg-1.0/_build/sub'
test -z "foo" || rm -f foo
rm -f *.o
rm -f sub/*.o
rm -f *.tab.c
test -z "" || rm -f 
test . = "../.." || test -z "" || rm -f 
rm -f sub/.deps/.dirstamp
rm -f sub/.dirstamp
test -z "sub/bar.c" || rm -f sub/bar.c
rm -f TAGS ID GTAGS GRTAGS GSYMS GPATH tags
rm -f cscope.out cscope.in.out cscope.po.out cscope.files
rm -f config.status config.cache config.log configure.lineno config.status.lineno
rm -f ./.deps/foo-foo.Po
rm -f sub/.deps/foo-bar.Po
rm -f Makefile
make[1]: Leaving directory '/sources/automake-1.16.1/t/suffix-custom-subobj-and-specflg.dir/suffix-custom-subobj-and-specflg-1.0/_build/sub'
if test -d "suffix-custom-subobj-and-specflg-1.0"; then find "suffix-custom-subobj-and-specflg-1.0" -type d ! -perm -200 -exec chmod u+w {} ';' && rm -rf "suffix-custom-subobj-and-specflg-1.0" || { sleep 5 && rm -rf "suffix-custom-subobj-and-specflg-1.0"; }; else :; fi
======================================================================
suffix-custom-subobj-and-specflg-1.0 archives ready for distribution: 
suffix-custom-subobj-and-specflg-1.0.tar.gz
======================================================================
+ :
+ am_exit_trap 0
+ exit_status=0
+ set +e
+ cd /sources/automake-1.16.1
+ test none = tap
+ case $am_explicit_skips in
+ test 0 -eq 0
+ am_keeping_testdirs
+ case $keep_testdirs in
+ return 1
+ rm_rf_ t/suffix-custom-subobj-and-specflg.dir
+ test 1 -gt 0
+ /usr/bin/perl /sources/automake-1.16.1/t/ax/deltree.pl t/suffix-custom-subobj-and-specflg.dir
+ set +x
PASS t/suffix-custom-subobj-and-specflg.sh (exit status: 0)
