Running from installcheck: no
Test Protocol: none
PATH = /sources/automake-1.16.1/bin:/sources/automake-1.16.1/t/ax:/bin:/usr/bin:/sbin:/usr/sbin:/tools/bin
++ pwd
/sources/automake-1.16.1/t/tap-planskip-and-logging.dir
+ . tap-setup.sh
++ test -f ../../bin/automake
++ test -f ../../runtest
++ test -d ../../t
++ test '!' -f Makefile.am
++ test -d ../tap-common-setup.dir
++ cp -fpR ../tap-common-setup.dir/Makefile ../tap-common-setup.dir/Makefile.am ../tap-common-setup.dir/Makefile.in ../tap-common-setup.dir/aclocal.m4 ../tap-common-setup.dir/compile ../tap-common-setup.dir/config.log ../tap-common-setup.dir/config.status ../tap-common-setup.dir/configure ../tap-common-setup.dir/configure.ac ../tap-common-setup.dir/depcomp ../tap-common-setup.dir/install-sh ../tap-common-setup.dir/missing .
++ fetch_tap_driver
++ AM_TAP_AWK=gawk
++ export AM_TAP_AWK
++ get_shell_script tap-driver.sh tap-driver
++ am_source=tap-driver.sh
++ am_target=tap-driver
++ test '!' -f tap-driver
++ test x = xyes
++ cp -f /sources/automake-1.16.1/lib/tap-driver.sh tap-driver
++ sed 10q tap-driver
#! /bin/sh
# Copyright (C) 2011-2018 Free Software Foundation, Inc.
#
# This program is free software; you can redistribute it and/or modify
# it under the terms of the GNU General Public License as published by
# the Free Software Foundation; either version 2, or (at your option)
# any later version.
#
# This program is distributed in the hope that it will be useful,
# but WITHOUT ANY WARRANTY; without even the implied warranty of
++ unset am_target am_source
++ test -f Makefile.am~
++ :
+ echo TEST_LOG_DRIVER_FLAGS = --comments
+ cat
+ cat
+ cat
+ run_make -O 'TESTS=foo.test foo2.test bar.test' check
+ am__make_redirect_stdout=no
+ am__make_redirect_stderr=no
+ am__make_redirect_stdall=no
+ am__make_flags=
+ am__make_rc_exp=0
+ am_make_rc=0
+ test 3 -gt 0
+ case $1 in
+ am__make_redirect_stdout=yes
+ shift
+ test 2 -gt 0
+ case $1 in
+ break
+ using_gmake
+ case $am__using_gmake in
+ grep GNU
+ make --version -v
GNU Make 4.2.1
License GPLv3+: GNU GPL version 3 or later <http://gnu.org/licenses/gpl.html>
+ am__using_gmake=yes
+ return 0
+ :
+ test x '!=' x
+ : exec make 'TESTS=foo.test foo2.test bar.test' check
+ set +x
+ test 0 -eq 253
+ test no = yes
+ test yes = yes
+ cat stdout
make  check-TESTS
make[1]: Entering directory '/sources/automake-1.16.1/t/tap-planskip-and-logging.dir'
make[2]: Entering directory '/sources/automake-1.16.1/t/tap-planskip-and-logging.dir'
SKIP: foo.test
# foo.test: a comment
# foo2.test: a comment 2
SKIP: foo2.test
# bar.test: an early comment
SKIP: bar.test - SKIP
# bar.test: a later comment
============================================================================
Testsuite summary for tap-common-setup 1.0
============================================================================
# TOTAL: 3
# PASS:  0
# SKIP:  3
# XFAIL: 0
# FAIL:  0
# XPASS: 0
# ERROR: 0
============================================================================
make[2]: Leaving directory '/sources/automake-1.16.1/t/tap-planskip-and-logging.dir'
make[1]: Leaving directory '/sources/automake-1.16.1/t/tap-planskip-and-logging.dir'
+ test no = yes
+ case $am__make_rc_exp in
+ test 0 -ge 0
+ test 0 -le 255
+ test 0 -eq 0
+ count_test_results total=3 pass=0 fail=0 xpass=0 xfail=0 skip=3 error=0
+ total=ERR
+ pass=ERR
+ fail=ERR
+ xpass=ERR
+ xfail=ERR
+ skip=ERR
+ error=ERR
+ eval total=3 pass=0 fail=0 xpass=0 xfail=0 skip=3 error=0
++ total=3
++ pass=0
++ fail=0
++ xpass=0
++ xfail=0
++ skip=3
++ error=0
+ /bin/grep -E -i '(total|x?pass|x?fail|skip|error)' stdout
make[1]: Entering directory '/sources/automake-1.16.1/t/tap-planskip-and-logging.dir'
make[2]: Entering directory '/sources/automake-1.16.1/t/tap-planskip-and-logging.dir'
SKIP: foo.test
SKIP: foo2.test
SKIP: bar.test - SKIP
# TOTAL: 3
# PASS:  0
# SKIP:  3
# XFAIL: 0
# FAIL:  0
# XPASS: 0
# ERROR: 0
make[2]: Leaving directory '/sources/automake-1.16.1/t/tap-planskip-and-logging.dir'
make[1]: Leaving directory '/sources/automake-1.16.1/t/tap-planskip-and-logging.dir'
+ rc=0
+ set +e
++ grep -c '^PASS:' stdout
+ test 0 -eq 0
++ grep -c '^XFAIL:' stdout
+ test 0 -eq 0
++ grep -c '^SKIP:' stdout
+ test 3 -eq 3
++ grep -c '^FAIL:' stdout
+ test 0 -eq 0
++ grep -c '^XPASS:' stdout
+ test 0 -eq 0
++ grep -c '^ERROR:' stdout
+ test 0 -eq 0
+ grep '^# TOTAL:  *3$' stdout
# TOTAL: 3
+ grep '^# PASS:  *0$' stdout
# PASS:  0
+ grep '^# XFAIL:  *0$' stdout
# XFAIL: 0
+ grep '^# SKIP:  *3$' stdout
# SKIP:  3
+ grep '^# FAIL:  *0$' stdout
# FAIL:  0
+ grep '^# XPASS:  *0$' stdout
# XPASS: 0
+ grep '^# ERROR:  *0$' stdout
# ERROR: 0
+ test 0 -eq 0
+ grep '^# foo\.test: a comment$' stdout
# foo.test: a comment
+ grep '^# foo2\.test: a comment 2$' stdout
# foo2.test: a comment 2
+ grep '^# bar\.test: an early comment$' stdout
# bar.test: an early comment
+ grep '^# bar\.test: a later comment$' stdout
# bar.test: a later comment
+ cat foo.log
1..0
SKIP: foo.test
a non-TAP line
# a comment
# foo.test: a comment
+ cat foo2.log
a non-TAP line 2
# a comment 2
# foo2.test: a comment 2
1..0
SKIP: foo2.test
+ cat bar.log
# an early comment
# bar.test: an early comment
an early non-TAP line
 	
1..0 # SKIP
SKIP: bar.test - SKIP
# a later comment
# bar.test: a later comment
a later non-TAP line
+ grep '^a non-TAP line$' foo.log
a non-TAP line
+ grep '^# a comment$' foo.log
# a comment
+ grep '^a non-TAP line 2$' foo2.log
a non-TAP line 2
+ grep '^# a comment 2$' foo2.log
# a comment 2
+ grep '^# an early comment' bar.log
# an early comment
+ grep '^an early non-TAP line$' bar.log
an early non-TAP line
+ grep '^# a later comment' bar.log
# a later comment
+ grep '^a later non-TAP line$' bar.log
a later non-TAP line
+ grep '^ 	$' bar.log
 	
+ :
+ am_exit_trap 0
+ exit_status=0
+ set +e
+ cd /sources/automake-1.16.1
+ test none = tap
+ case $am_explicit_skips in
+ test 0 -eq 0
+ am_keeping_testdirs
+ case $keep_testdirs in
+ return 1
+ rm_rf_ t/tap-planskip-and-logging.dir
+ test 1 -gt 0
+ /usr/bin/perl /sources/automake-1.16.1/t/ax/deltree.pl t/tap-planskip-and-logging.dir
+ set +x
PASS t/tap-planskip-and-logging.sh (exit status: 0)
