Running from installcheck: no
Test Protocol: none
PATH = /sources/automake-1.16.1/bin:/sources/automake-1.16.1/t/ax:/bin:/usr/bin:/sbin:/usr/sbin:/tools/bin
++ pwd
/sources/automake-1.16.1/t/tap-recheck-logs.dir
+ cat
+ . tap-setup.sh
++ test -f ../../bin/automake
++ test -f ../../runtest
++ test -d ../../t
++ test '!' -f Makefile.am
++ mv Makefile.am Makefile.am~
++ test -d ../tap-common-setup.dir
++ cp -fpR ../tap-common-setup.dir/Makefile ../tap-common-setup.dir/Makefile.am ../tap-common-setup.dir/Makefile.in ../tap-common-setup.dir/aclocal.m4 ../tap-common-setup.dir/compile ../tap-common-setup.dir/config.log ../tap-common-setup.dir/config.status ../tap-common-setup.dir/configure ../tap-common-setup.dir/configure.ac ../tap-common-setup.dir/depcomp ../tap-common-setup.dir/install-sh ../tap-common-setup.dir/missing .
++ fetch_tap_driver
++ AM_TAP_AWK=gawk
++ export AM_TAP_AWK
++ get_shell_script tap-driver.sh tap-driver
++ am_source=tap-driver.sh
++ am_target=tap-driver
++ test '!' -f tap-driver
++ test x = xyes
++ cp -f /sources/automake-1.16.1/lib/tap-driver.sh tap-driver
++ sed 10q tap-driver
#! /bin/sh
# Copyright (C) 2011-2018 Free Software Foundation, Inc.
#
# This program is free software; you can redistribute it and/or modify
# it under the terms of the GNU General Public License as published by
# the Free Software Foundation; either version 2, or (at your option)
# any later version.
#
# This program is distributed in the hope that it will be useful,
# but WITHOUT ANY WARRANTY; without even the implied warranty of
++ unset am_target am_source
++ test -f Makefile.am~
++ mv -f Makefile.am~ Makefile.am
++ echo 'TEST_LOG_DRIVER = $(srcdir)/tap-driver'
++ automake-1.16 --foreign -Werror -Wall Makefile
++ ./config.status Makefile
config.status: creating Makefile
++ :
+ :
+ cat
+ cat
+ cat
+ run_make -e FAIL check
+ am__make_redirect_stdout=no
+ am__make_redirect_stderr=no
+ am__make_redirect_stdall=no
+ am__make_flags=
+ am__make_rc_exp=0
+ am_make_rc=0
+ test 3 -gt 0
+ case $1 in
+ am__make_rc_exp=FAIL
+ shift
+ shift
+ test 1 -gt 0
+ case $1 in
+ break
+ using_gmake
+ case $am__using_gmake in
+ make --version -v
+ grep GNU
GNU Make 4.2.1
License GPLv3+: GNU GPL version 3 or later <http://gnu.org/licenses/gpl.html>
+ am__using_gmake=yes
+ return 0
+ :
+ test x '!=' x
+ : exec make check
+ set +x
make  check-TESTS
make[1]: Entering directory '/sources/automake-1.16.1/t/tap-recheck-logs.dir'
make[2]: Entering directory '/sources/automake-1.16.1/t/tap-recheck-logs.dir'
PASS: foo.test 1
PASS: foo.test 2
FAIL: bar.test 1
ERROR: baz.test - Bail out!
============================================================================
Testsuite summary for tap-common-setup 1.0
============================================================================
# TOTAL: 4
# PASS:  2
# SKIP:  0
# XFAIL: 0
# FAIL:  1
# XPASS: 0
# ERROR: 1
============================================================================
See ./test-suite.log
============================================================================
make[2]: *** [Makefile:475: test-suite.log] Error 1
make[2]: Leaving directory '/sources/automake-1.16.1/t/tap-recheck-logs.dir'
make[1]: *** [Makefile:583: check-TESTS] Error 2
make[1]: Leaving directory '/sources/automake-1.16.1/t/tap-recheck-logs.dir'
make: *** [Makefile:775: check-am] Error 2
+ am_make_rc=2
+ test 2 -eq 253
+ test no = yes
+ test no = yes
+ test no = yes
+ case $am__make_rc_exp in
+ test 2 -gt 0
+ test -f foo.log
+ test -f bar.log
+ test -f baz.log
+ rm -f foo.log bar.log
+ run_make -O -e FAIL check RECHECK_LOGS=
+ am__make_redirect_stdout=no
+ am__make_redirect_stderr=no
+ am__make_redirect_stdall=no
+ am__make_flags=
+ am__make_rc_exp=0
+ am_make_rc=0
+ test 5 -gt 0
+ case $1 in
+ am__make_redirect_stdout=yes
+ shift
+ test 4 -gt 0
+ case $1 in
+ am__make_rc_exp=FAIL
+ shift
+ shift
+ test 2 -gt 0
+ case $1 in
+ break
+ using_gmake
+ case $am__using_gmake in
+ return 0
+ :
+ test x '!=' x
+ : exec make check RECHECK_LOGS=
+ set +x
make[2]: *** [Makefile:475: test-suite.log] Error 1
make[1]: *** [Makefile:583: check-TESTS] Error 2
make: *** [Makefile:775: check-am] Error 2
+ am_make_rc=2
+ test 2 -eq 253
+ test no = yes
+ test yes = yes
+ cat stdout
make  check-TESTS
make[1]: Entering directory '/sources/automake-1.16.1/t/tap-recheck-logs.dir'
make[2]: Entering directory '/sources/automake-1.16.1/t/tap-recheck-logs.dir'
PASS: foo.test 1
PASS: foo.test 2
FAIL: bar.test 1
============================================================================
Testsuite summary for tap-common-setup 1.0
============================================================================
# TOTAL: 4
# PASS:  2
# SKIP:  0
# XFAIL: 0
# FAIL:  1
# XPASS: 0
# ERROR: 1
============================================================================
See ./test-suite.log
============================================================================
make[2]: Leaving directory '/sources/automake-1.16.1/t/tap-recheck-logs.dir'
make[1]: Leaving directory '/sources/automake-1.16.1/t/tap-recheck-logs.dir'
+ test no = yes
+ case $am__make_rc_exp in
+ test 2 -gt 0
+ test -f foo.log
+ test -f bar.log
+ grep '^PASS: foo\.test 1$' stdout
PASS: foo.test 1
+ grep '^PASS: foo\.test 2$' stdout
PASS: foo.test 2
+ grep '^FAIL: bar\.test 1$' stdout
FAIL: bar.test 1
+ grep 'baz\.test' stdout
+ grep_summary
+ grep '^# TOTAL: *4$' stdout
# TOTAL: 4
+ grep '^# PASS: *2$' stdout
# PASS:  2
+ grep '^# XPASS: *0$' stdout
# XPASS: 0
+ grep '^# FAIL: *1$' stdout
# FAIL:  1
+ grep '^# XFAIL: *0$' stdout
# XFAIL: 0
+ grep '^# SKIP: *0$' stdout
# SKIP:  0
+ grep '^# ERROR: *1$' stdout
# ERROR: 1
+ sleep 2
+ touch foo.test
+ run_make -O -e FAIL check RECHECK_LOGS=
+ am__make_redirect_stdout=no
+ am__make_redirect_stderr=no
+ am__make_redirect_stdall=no
+ am__make_flags=
+ am__make_rc_exp=0
+ am_make_rc=0
+ test 5 -gt 0
+ case $1 in
+ am__make_redirect_stdout=yes
+ shift
+ test 4 -gt 0
+ case $1 in
+ am__make_rc_exp=FAIL
+ shift
+ shift
+ test 2 -gt 0
+ case $1 in
+ break
+ using_gmake
+ case $am__using_gmake in
+ return 0
+ :
+ test x '!=' x
+ : exec make check RECHECK_LOGS=
+ set +x
make[2]: *** [Makefile:475: test-suite.log] Error 1
make[1]: *** [Makefile:583: check-TESTS] Error 2
make: *** [Makefile:775: check-am] Error 2
+ am_make_rc=2
+ test 2 -eq 253
+ test no = yes
+ test yes = yes
+ cat stdout
make  check-TESTS
make[1]: Entering directory '/sources/automake-1.16.1/t/tap-recheck-logs.dir'
make[2]: Entering directory '/sources/automake-1.16.1/t/tap-recheck-logs.dir'
PASS: foo.test 1
PASS: foo.test 2
============================================================================
Testsuite summary for tap-common-setup 1.0
============================================================================
# TOTAL: 4
# PASS:  2
# SKIP:  0
# XFAIL: 0
# FAIL:  1
# XPASS: 0
# ERROR: 1
============================================================================
See ./test-suite.log
============================================================================
make[2]: Leaving directory '/sources/automake-1.16.1/t/tap-recheck-logs.dir'
make[1]: Leaving directory '/sources/automake-1.16.1/t/tap-recheck-logs.dir'
+ test no = yes
+ case $am__make_rc_exp in
+ test 2 -gt 0
+ grep '^PASS: foo\.test 1$' stdout
PASS: foo.test 1
+ grep '^PASS: foo\.test 2$' stdout
PASS: foo.test 2
+ grep 'ba[rz]\.test' stdout
+ is_newest foo.log foo.test
+ grep_summary
+ grep '^# TOTAL: *4$' stdout
# TOTAL: 4
+ grep '^# PASS: *2$' stdout
# PASS:  2
+ grep '^# XPASS: *0$' stdout
# XPASS: 0
+ grep '^# FAIL: *1$' stdout
# FAIL:  1
+ grep '^# XFAIL: *0$' stdout
# XFAIL: 0
+ grep '^# SKIP: *0$' stdout
# SKIP:  0
+ grep '^# ERROR: *1$' stdout
# ERROR: 1
+ sleep 2
+ touch zardoz
+ run_make -O -e FAIL check RECHECK_LOGS=
+ am__make_redirect_stdout=no
+ am__make_redirect_stderr=no
+ am__make_redirect_stdall=no
+ am__make_flags=
+ am__make_rc_exp=0
+ am_make_rc=0
+ test 5 -gt 0
+ case $1 in
+ am__make_redirect_stdout=yes
+ shift
+ test 4 -gt 0
+ case $1 in
+ am__make_rc_exp=FAIL
+ shift
+ shift
+ test 2 -gt 0
+ case $1 in
+ break
+ using_gmake
+ case $am__using_gmake in
+ return 0
+ :
+ test x '!=' x
+ : exec make check RECHECK_LOGS=
+ set +x
make[2]: *** [Makefile:475: test-suite.log] Error 1
make[1]: *** [Makefile:583: check-TESTS] Error 2
make: *** [Makefile:775: check-am] Error 2
+ am_make_rc=2
+ test 2 -eq 253
+ test no = yes
+ test yes = yes
+ cat stdout
make  check-TESTS
make[1]: Entering directory '/sources/automake-1.16.1/t/tap-recheck-logs.dir'
make[2]: Entering directory '/sources/automake-1.16.1/t/tap-recheck-logs.dir'
ERROR: baz.test - Bail out!
============================================================================
Testsuite summary for tap-common-setup 1.0
============================================================================
# TOTAL: 4
# PASS:  2
# SKIP:  0
# XFAIL: 0
# FAIL:  1
# XPASS: 0
# ERROR: 1
============================================================================
See ./test-suite.log
============================================================================
make[2]: Leaving directory '/sources/automake-1.16.1/t/tap-recheck-logs.dir'
make[1]: Leaving directory '/sources/automake-1.16.1/t/tap-recheck-logs.dir'
+ test no = yes
+ case $am__make_rc_exp in
+ test 2 -gt 0
+ grep '^ERROR: baz\.test' stdout
ERROR: baz.test - Bail out!
+ /bin/grep -E '(foo|bar)\.test' stdout
+ is_newest baz.log zardoz
+ grep_summary
+ grep '^# TOTAL: *4$' stdout
# TOTAL: 4
+ grep '^# PASS: *2$' stdout
# PASS:  2
+ grep '^# XPASS: *0$' stdout
# XPASS: 0
+ grep '^# FAIL: *1$' stdout
# FAIL:  1
+ grep '^# XFAIL: *0$' stdout
# XFAIL: 0
+ grep '^# SKIP: *0$' stdout
# SKIP:  0
+ grep '^# ERROR: *1$' stdout
# ERROR: 1
+ run_make -O -e FAIL check RECHECK_LOGS=
+ am__make_redirect_stdout=no
+ am__make_redirect_stderr=no
+ am__make_redirect_stdall=no
+ am__make_flags=
+ am__make_rc_exp=0
+ am_make_rc=0
+ test 5 -gt 0
+ case $1 in
+ am__make_redirect_stdout=yes
+ shift
+ test 4 -gt 0
+ case $1 in
+ am__make_rc_exp=FAIL
+ shift
+ shift
+ test 2 -gt 0
+ case $1 in
+ break
+ using_gmake
+ case $am__using_gmake in
+ return 0
+ :
+ test x '!=' x
+ : exec make check RECHECK_LOGS=
+ set +x
make[2]: *** [Makefile:475: test-suite.log] Error 1
make[1]: *** [Makefile:583: check-TESTS] Error 2
make: *** [Makefile:775: check-am] Error 2
+ am_make_rc=2
+ test 2 -eq 253
+ test no = yes
+ test yes = yes
+ cat stdout
make  check-TESTS
make[1]: Entering directory '/sources/automake-1.16.1/t/tap-recheck-logs.dir'
make[2]: Entering directory '/sources/automake-1.16.1/t/tap-recheck-logs.dir'
============================================================================
Testsuite summary for tap-common-setup 1.0
============================================================================
# TOTAL: 4
# PASS:  2
# SKIP:  0
# XFAIL: 0
# FAIL:  1
# XPASS: 0
# ERROR: 1
============================================================================
See ./test-suite.log
============================================================================
make[2]: Leaving directory '/sources/automake-1.16.1/t/tap-recheck-logs.dir'
make[1]: Leaving directory '/sources/automake-1.16.1/t/tap-recheck-logs.dir'
+ test no = yes
+ case $am__make_rc_exp in
+ test 2 -gt 0
+ /bin/grep -E '(foo|bar|baz)\.test' stdout
+ grep_summary
+ grep '^# TOTAL: *4$' stdout
# TOTAL: 4
+ grep '^# PASS: *2$' stdout
# PASS:  2
+ grep '^# XPASS: *0$' stdout
# XPASS: 0
+ grep '^# FAIL: *1$' stdout
# FAIL:  1
+ grep '^# XFAIL: *0$' stdout
# XFAIL: 0
+ grep '^# SKIP: *0$' stdout
# SKIP:  0
+ grep '^# ERROR: *1$' stdout
# ERROR: 1
+ :
+ run_make -O -e FAIL check RECHECK_LOGS=foo.log
+ am__make_redirect_stdout=no
+ am__make_redirect_stderr=no
+ am__make_redirect_stdall=no
+ am__make_flags=
+ am__make_rc_exp=0
+ am_make_rc=0
+ test 5 -gt 0
+ case $1 in
+ am__make_redirect_stdout=yes
+ shift
+ test 4 -gt 0
+ case $1 in
+ am__make_rc_exp=FAIL
+ shift
+ shift
+ test 2 -gt 0
+ case $1 in
+ break
+ using_gmake
+ case $am__using_gmake in
+ return 0
+ :
+ test x '!=' x
+ : exec make check RECHECK_LOGS=foo.log
+ set +x
make[2]: *** [Makefile:475: test-suite.log] Error 1
make[1]: *** [Makefile:583: check-TESTS] Error 2
make: *** [Makefile:775: check-am] Error 2
+ am_make_rc=2
+ test 2 -eq 253
+ test no = yes
+ test yes = yes
+ cat stdout
make  check-TESTS
make[1]: Entering directory '/sources/automake-1.16.1/t/tap-recheck-logs.dir'
make[2]: Entering directory '/sources/automake-1.16.1/t/tap-recheck-logs.dir'
PASS: foo.test 1
PASS: foo.test 2
============================================================================
Testsuite summary for tap-common-setup 1.0
============================================================================
# TOTAL: 4
# PASS:  2
# SKIP:  0
# XFAIL: 0
# FAIL:  1
# XPASS: 0
# ERROR: 1
============================================================================
See ./test-suite.log
============================================================================
make[2]: Leaving directory '/sources/automake-1.16.1/t/tap-recheck-logs.dir'
make[1]: Leaving directory '/sources/automake-1.16.1/t/tap-recheck-logs.dir'
+ test no = yes
+ case $am__make_rc_exp in
+ test 2 -gt 0
+ grep '^PASS: foo\.test 1$' stdout
PASS: foo.test 1
+ grep '^PASS: foo\.test 2$' stdout
PASS: foo.test 2
+ grep 'ba[rz]\.test' stdout
+ is_newest foo.log older
+ grep_summary
+ grep '^# TOTAL: *4$' stdout
# TOTAL: 4
+ grep '^# PASS: *2$' stdout
# PASS:  2
+ grep '^# XPASS: *0$' stdout
# XPASS: 0
+ grep '^# FAIL: *1$' stdout
# FAIL:  1
+ grep '^# XFAIL: *0$' stdout
# XFAIL: 0
+ grep '^# SKIP: *0$' stdout
# SKIP:  0
+ grep '^# ERROR: *1$' stdout
# ERROR: 1
+ :
+ am_exit_trap 0
+ exit_status=0
+ set +e
+ cd /sources/automake-1.16.1
+ test none = tap
+ case $am_explicit_skips in
+ test 0 -eq 0
+ am_keeping_testdirs
+ case $keep_testdirs in
+ return 1
+ rm_rf_ t/tap-recheck-logs.dir
+ test 1 -gt 0
+ /usr/bin/perl /sources/automake-1.16.1/t/ax/deltree.pl t/tap-recheck-logs.dir
+ set +x
PASS t/tap-recheck-logs.sh (exit status: 0)
