Running from installcheck: no
Test Protocol: none
PATH = /sources/automake-1.16.1/bin:/sources/automake-1.16.1/t/ax:/bin:/usr/bin:/sbin:/usr/sbin:/tools/bin
++ pwd
/sources/automake-1.16.1/t/tap-more2.dir
+ fetch_tap_driver
+ AM_TAP_AWK=gawk
+ export AM_TAP_AWK
+ get_shell_script tap-driver.sh tap-driver
+ am_source=tap-driver.sh
+ am_target=tap-driver
+ test '!' -f tap-driver
+ test x = xyes
+ cp -f /sources/automake-1.16.1/lib/tap-driver.sh tap-driver
+ sed 10q tap-driver
#! /bin/sh
# Copyright (C) 2011-2018 Free Software Foundation, Inc.
#
# This program is free software; you can redistribute it and/or modify
# it under the terms of the GNU General Public License as published by
# the Free Software Foundation; either version 2, or (at your option)
# any later version.
#
# This program is distributed in the hope that it will be useful,
# but WITHOUT ANY WARRANTY; without even the implied warranty of
+ unset am_target am_source
+ cat
+ cat
+ cat
+ cat
+ aclocal-1.16 -Werror
+ autoconf
+ automake-1.16 --foreign -Werror -Wall
+ ./configure
checking for a BSD-compatible install... /usr/bin/install -c
checking whether build environment is sane... yes
checking for a thread-safe mkdir -p... /tools/bin/mkdir -p
checking for gawk... gawk
checking whether make sets $(MAKE)... yes
checking whether make supports nested variables... yes
checking for gcc... cc
checking whether the C compiler works... yes
checking for C compiler default output file name... a.out
checking for suffix of executables... 
checking whether we are cross compiling... no
checking for suffix of object files... o
checking whether we are using the GNU C compiler... yes
checking whether cc accepts -g... yes
checking for cc option to accept ISO C89... none needed
checking whether cc understands -c and -o together... yes
checking whether make supports the include directive... yes (GNU style)
checking dependency style of cc... gcc3
checking that generated files are newer than configure... done
configure: creating ./config.status
config.status: creating Makefile
config.status: executing depfiles commands
+ for target in check distcheck
+ run_make -O check
+ am__make_redirect_stdout=no
+ am__make_redirect_stderr=no
+ am__make_redirect_stdall=no
+ am__make_flags=
+ am__make_rc_exp=0
+ am_make_rc=0
+ test 2 -gt 0
+ case $1 in
+ am__make_redirect_stdout=yes
+ shift
+ test 1 -gt 0
+ case $1 in
+ break
+ using_gmake
+ case $am__using_gmake in
+ make --version -v
+ grep GNU
GNU Make 4.2.1
License GPLv3+: GNU GPL version 3 or later <http://gnu.org/licenses/gpl.html>
+ am__using_gmake=yes
+ return 0
+ :
+ test x '!=' x
+ : exec make check
+ set +x
+ test 0 -eq 253
+ test no = yes
+ test yes = yes
+ cat stdout
make  foo-test bar.sh
make[1]: Entering directory '/sources/automake-1.16.1/t/tap-more2.dir'
cc -DPACKAGE_NAME=\"tap-more2\" -DPACKAGE_TARNAME=\"tap-more2\" -DPACKAGE_VERSION=\"1.0\" -DPACKAGE_STRING=\"tap-more2\ 1.0\" -DPACKAGE_BUGREPORT=\"\" -DPACKAGE_URL=\"\" -DPACKAGE=\"tap-more2\" -DVERSION=\"1.0\" -I.     -g -O2 -MT foo.o -MD -MP -MF .deps/foo.Tpo -c -o foo.o foo.c
mv -f .deps/foo.Tpo .deps/foo.Po
cc  -g -O2   -o foo-test foo.o  
echo '#!/bin/sh' > bar.sh-t
echo 'echo 1..1' >> bar.sh-t
echo 'echo "not ok 1 # TODO"' >> bar.sh-t
chmod a-w bar.sh-t && mv -f bar.sh-t bar.sh
make[1]: Leaving directory '/sources/automake-1.16.1/t/tap-more2.dir'
make  check-TESTS
make[1]: Entering directory '/sources/automake-1.16.1/t/tap-more2.dir'
make[2]: Entering directory '/sources/automake-1.16.1/t/tap-more2.dir'
PASS: foo-test 1
XFAIL: bar.sh 1 # TODO
SKIP: baz.tap 1 # SKIP
============================================================================
Testsuite summary for tap-more2 1.0
============================================================================
# TOTAL: 3
# PASS:  1
# SKIP:  1
# XFAIL: 1
# FAIL:  0
# XPASS: 0
# ERROR: 0
============================================================================
make[2]: Leaving directory '/sources/automake-1.16.1/t/tap-more2.dir'
make[1]: Leaving directory '/sources/automake-1.16.1/t/tap-more2.dir'
+ test no = yes
+ case $am__make_rc_exp in
+ test 0 -ge 0
+ test 0 -le 255
+ test 0 -eq 0
+ count_test_results total=3 pass=1 fail=0 xpass=0 xfail=1 skip=1 error=0
+ total=ERR
+ pass=ERR
+ fail=ERR
+ xpass=ERR
+ xfail=ERR
+ skip=ERR
+ error=ERR
+ eval total=3 pass=1 fail=0 xpass=0 xfail=1 skip=1 error=0
++ total=3
++ pass=1
++ fail=0
++ xpass=0
++ xfail=1
++ skip=1
++ error=0
+ /bin/grep -E -i '(total|x?pass|x?fail|skip|error)' stdout
PASS: foo-test 1
XFAIL: bar.sh 1 # TODO
SKIP: baz.tap 1 # SKIP
# TOTAL: 3
# PASS:  1
# SKIP:  1
# XFAIL: 1
# FAIL:  0
# XPASS: 0
# ERROR: 0
+ rc=0
+ set +e
++ grep -c '^PASS:' stdout
+ test 1 -eq 1
++ grep -c '^XFAIL:' stdout
+ test 1 -eq 1
++ grep -c '^SKIP:' stdout
+ test 1 -eq 1
++ grep -c '^FAIL:' stdout
+ test 0 -eq 0
++ grep -c '^XPASS:' stdout
+ test 0 -eq 0
++ grep -c '^ERROR:' stdout
+ test 0 -eq 0
+ grep '^# TOTAL:  *3$' stdout
# TOTAL: 3
+ grep '^# PASS:  *1$' stdout
# PASS:  1
+ grep '^# XFAIL:  *1$' stdout
# XFAIL: 1
+ grep '^# SKIP:  *1$' stdout
# SKIP:  1
+ grep '^# FAIL:  *0$' stdout
# FAIL:  0
+ grep '^# XPASS:  *0$' stdout
# XPASS: 0
+ grep '^# ERROR:  *0$' stdout
# ERROR: 0
+ test 0 -eq 0
+ for target in check distcheck
+ run_make -O distcheck
+ am__make_redirect_stdout=no
+ am__make_redirect_stderr=no
+ am__make_redirect_stdall=no
+ am__make_flags=
+ am__make_rc_exp=0
+ am_make_rc=0
+ test 2 -gt 0
+ case $1 in
+ am__make_redirect_stdout=yes
+ shift
+ test 1 -gt 0
+ case $1 in
+ break
+ using_gmake
+ case $am__using_gmake in
+ return 0
+ :
+ test x '!=' x
+ : exec make distcheck
+ set +x
+ test 0 -eq 253
+ test no = yes
+ test yes = yes
+ cat stdout
make  dist-gzip am__post_remove_distdir='@:'
make[1]: Entering directory '/sources/automake-1.16.1/t/tap-more2.dir'
make  distdir-am
make[2]: Entering directory '/sources/automake-1.16.1/t/tap-more2.dir'
if test -d "tap-more2-1.0"; then find "tap-more2-1.0" -type d ! -perm -200 -exec chmod u+w {} ';' && rm -rf "tap-more2-1.0" || { sleep 5 && rm -rf "tap-more2-1.0"; }; else :; fi
test -d "tap-more2-1.0" || mkdir "tap-more2-1.0"
test -n "" \
|| find "tap-more2-1.0" -type d ! -perm -755 \
	-exec chmod u+rwx,go+rx {} \; -o \
  ! -type d ! -perm -444 -links 1 -exec chmod a+r {} \; -o \
  ! -type d ! -perm -400 -exec chmod a+r {} \; -o \
  ! -type d ! -perm -444 -exec /bin/sh /sources/automake-1.16.1/t/tap-more2.dir/install-sh -c -m a+r {} {} \; \
|| chmod -R a+r "tap-more2-1.0"
make[2]: Leaving directory '/sources/automake-1.16.1/t/tap-more2.dir'
tardir=tap-more2-1.0 && ${TAR-tar} chof - "$tardir" | eval GZIP= gzip --best -c >tap-more2-1.0.tar.gz
make[1]: Leaving directory '/sources/automake-1.16.1/t/tap-more2.dir'
if test -d "tap-more2-1.0"; then find "tap-more2-1.0" -type d ! -perm -200 -exec chmod u+w {} ';' && rm -rf "tap-more2-1.0" || { sleep 5 && rm -rf "tap-more2-1.0"; }; else :; fi
case 'tap-more2-1.0.tar.gz' in \
*.tar.gz*) \
  eval GZIP= gzip --best -dc tap-more2-1.0.tar.gz | ${TAR-tar} xf - ;;\
*.tar.bz2*) \
  bzip2 -dc tap-more2-1.0.tar.bz2 | ${TAR-tar} xf - ;;\
*.tar.lz*) \
  lzip -dc tap-more2-1.0.tar.lz | ${TAR-tar} xf - ;;\
*.tar.xz*) \
  xz -dc tap-more2-1.0.tar.xz | ${TAR-tar} xf - ;;\
*.tar.Z*) \
  uncompress -c tap-more2-1.0.tar.Z | ${TAR-tar} xf - ;;\
*.shar.gz*) \
  eval GZIP= gzip --best -dc tap-more2-1.0.shar.gz | unshar ;;\
*.zip*) \
  unzip tap-more2-1.0.zip ;;\
esac
chmod -R a-w tap-more2-1.0
chmod u+w tap-more2-1.0
mkdir tap-more2-1.0/_build tap-more2-1.0/_build/sub tap-more2-1.0/_inst
chmod a-w tap-more2-1.0
test -d tap-more2-1.0/_build || exit 0; \
dc_install_base=`CDPATH="${ZSH_VERSION+.}:" && cd tap-more2-1.0/_inst && pwd | sed -e 's,^[^:\\/]:[\\/],/,'` \
  && dc_destdir="${TMPDIR-/tmp}/am-dc-$$/" \
  && am__cwd=`pwd` \
  && CDPATH="${ZSH_VERSION+.}:" && cd tap-more2-1.0/_build/sub \
  && ../../configure \
     \
     \
    --srcdir=../.. --prefix="$dc_install_base" \
  && make  \
  && make  dvi \
  && make  check \
  && make  install \
  && make  installcheck \
  && make  uninstall \
  && make  distuninstallcheck_dir="$dc_install_base" \
        distuninstallcheck \
  && chmod -R a-w "$dc_install_base" \
  && ({ \
       (cd ../.. && umask 077 && mkdir "$dc_destdir") \
       && make  DESTDIR="$dc_destdir" install \
       && make  DESTDIR="$dc_destdir" uninstall \
       && make  DESTDIR="$dc_destdir" \
            distuninstallcheck_dir="$dc_destdir" distuninstallcheck; \
      } || { rm -rf "$dc_destdir"; exit 1; }) \
  && rm -rf "$dc_destdir" \
  && make  dist \
  && rm -rf tap-more2-1.0.tar.gz \
  && make  distcleancheck \
  && cd "$am__cwd" \
  || exit 1
checking for a BSD-compatible install... /usr/bin/install -c
checking whether build environment is sane... yes
checking for a thread-safe mkdir -p... /tools/bin/mkdir -p
checking for gawk... gawk
checking whether make sets $(MAKE)... yes
checking whether make supports nested variables... yes
checking for gcc... cc
checking whether the C compiler works... yes
checking for C compiler default output file name... a.out
checking for suffix of executables... 
checking whether we are cross compiling... no
checking for suffix of object files... o
checking whether we are using the GNU C compiler... yes
checking whether cc accepts -g... yes
checking for cc option to accept ISO C89... none needed
checking whether cc understands -c and -o together... yes
checking whether make supports the include directive... yes (GNU style)
checking dependency style of cc... gcc3
checking that generated files are newer than configure... done
configure: creating ./config.status
config.status: creating Makefile
config.status: executing depfiles commands
make[1]: Entering directory '/sources/automake-1.16.1/t/tap-more2.dir/tap-more2-1.0/_build/sub'
make[1]: Nothing to be done for 'all'.
make[1]: Leaving directory '/sources/automake-1.16.1/t/tap-more2.dir/tap-more2-1.0/_build/sub'
make[1]: Entering directory '/sources/automake-1.16.1/t/tap-more2.dir/tap-more2-1.0/_build/sub'
make[1]: Nothing to be done for 'dvi'.
make[1]: Leaving directory '/sources/automake-1.16.1/t/tap-more2.dir/tap-more2-1.0/_build/sub'
make[1]: Entering directory '/sources/automake-1.16.1/t/tap-more2.dir/tap-more2-1.0/_build/sub'
make  foo-test bar.sh
make[2]: Entering directory '/sources/automake-1.16.1/t/tap-more2.dir/tap-more2-1.0/_build/sub'
cc -DPACKAGE_NAME=\"tap-more2\" -DPACKAGE_TARNAME=\"tap-more2\" -DPACKAGE_VERSION=\"1.0\" -DPACKAGE_STRING=\"tap-more2\ 1.0\" -DPACKAGE_BUGREPORT=\"\" -DPACKAGE_URL=\"\" -DPACKAGE=\"tap-more2\" -DVERSION=\"1.0\" -I. -I../..     -g -O2 -MT foo.o -MD -MP -MF .deps/foo.Tpo -c -o foo.o ../../foo.c
mv -f .deps/foo.Tpo .deps/foo.Po
cc  -g -O2   -o foo-test foo.o  
echo '#!/bin/sh' > bar.sh-t
echo 'echo 1..1' >> bar.sh-t
echo 'echo "not ok 1 # TODO"' >> bar.sh-t
chmod a-w bar.sh-t && mv -f bar.sh-t bar.sh
make[2]: Leaving directory '/sources/automake-1.16.1/t/tap-more2.dir/tap-more2-1.0/_build/sub'
make  check-TESTS
make[2]: Entering directory '/sources/automake-1.16.1/t/tap-more2.dir/tap-more2-1.0/_build/sub'
make[3]: Entering directory '/sources/automake-1.16.1/t/tap-more2.dir/tap-more2-1.0/_build/sub'
PASS: foo-test 1
XFAIL: bar.sh 1 # TODO
SKIP: baz.tap 1 # SKIP
============================================================================
Testsuite summary for tap-more2 1.0
============================================================================
# TOTAL: 3
# PASS:  1
# SKIP:  1
# XFAIL: 1
# FAIL:  0
# XPASS: 0
# ERROR: 0
============================================================================
make[3]: Leaving directory '/sources/automake-1.16.1/t/tap-more2.dir/tap-more2-1.0/_build/sub'
make[2]: Leaving directory '/sources/automake-1.16.1/t/tap-more2.dir/tap-more2-1.0/_build/sub'
make[1]: Leaving directory '/sources/automake-1.16.1/t/tap-more2.dir/tap-more2-1.0/_build/sub'
make[1]: Entering directory '/sources/automake-1.16.1/t/tap-more2.dir/tap-more2-1.0/_build/sub'
make[2]: Entering directory '/sources/automake-1.16.1/t/tap-more2.dir/tap-more2-1.0/_build/sub'
make[2]: Nothing to be done for 'install-exec-am'.
make[2]: Nothing to be done for 'install-data-am'.
make[2]: Leaving directory '/sources/automake-1.16.1/t/tap-more2.dir/tap-more2-1.0/_build/sub'
make[1]: Leaving directory '/sources/automake-1.16.1/t/tap-more2.dir/tap-more2-1.0/_build/sub'
make[1]: Entering directory '/sources/automake-1.16.1/t/tap-more2.dir/tap-more2-1.0/_build/sub'
make[1]: Nothing to be done for 'installcheck'.
make[1]: Leaving directory '/sources/automake-1.16.1/t/tap-more2.dir/tap-more2-1.0/_build/sub'
make[1]: Entering directory '/sources/automake-1.16.1/t/tap-more2.dir/tap-more2-1.0/_build/sub'
make[1]: Nothing to be done for 'uninstall'.
make[1]: Leaving directory '/sources/automake-1.16.1/t/tap-more2.dir/tap-more2-1.0/_build/sub'
make[1]: Entering directory '/sources/automake-1.16.1/t/tap-more2.dir/tap-more2-1.0/_build/sub'
make[1]: Leaving directory '/sources/automake-1.16.1/t/tap-more2.dir/tap-more2-1.0/_build/sub'
make[1]: Entering directory '/sources/automake-1.16.1/t/tap-more2.dir/tap-more2-1.0/_build/sub'
make[2]: Entering directory '/sources/automake-1.16.1/t/tap-more2.dir/tap-more2-1.0/_build/sub'
make[2]: Nothing to be done for 'install-exec-am'.
make[2]: Nothing to be done for 'install-data-am'.
make[2]: Leaving directory '/sources/automake-1.16.1/t/tap-more2.dir/tap-more2-1.0/_build/sub'
make[1]: Leaving directory '/sources/automake-1.16.1/t/tap-more2.dir/tap-more2-1.0/_build/sub'
make[1]: Entering directory '/sources/automake-1.16.1/t/tap-more2.dir/tap-more2-1.0/_build/sub'
make[1]: Nothing to be done for 'uninstall'.
make[1]: Leaving directory '/sources/automake-1.16.1/t/tap-more2.dir/tap-more2-1.0/_build/sub'
make[1]: Entering directory '/sources/automake-1.16.1/t/tap-more2.dir/tap-more2-1.0/_build/sub'
make[1]: Leaving directory '/sources/automake-1.16.1/t/tap-more2.dir/tap-more2-1.0/_build/sub'
make[1]: Entering directory '/sources/automake-1.16.1/t/tap-more2.dir/tap-more2-1.0/_build/sub'
make  dist-gzip am__post_remove_distdir='@:'
make[2]: Entering directory '/sources/automake-1.16.1/t/tap-more2.dir/tap-more2-1.0/_build/sub'
make  distdir-am
make[3]: Entering directory '/sources/automake-1.16.1/t/tap-more2.dir/tap-more2-1.0/_build/sub'
if test -d "tap-more2-1.0"; then find "tap-more2-1.0" -type d ! -perm -200 -exec chmod u+w {} ';' && rm -rf "tap-more2-1.0" || { sleep 5 && rm -rf "tap-more2-1.0"; }; else :; fi
test -d "tap-more2-1.0" || mkdir "tap-more2-1.0"
test -n "" \
|| find "tap-more2-1.0" -type d ! -perm -755 \
	-exec chmod u+rwx,go+rx {} \; -o \
  ! -type d ! -perm -444 -links 1 -exec chmod a+r {} \; -o \
  ! -type d ! -perm -400 -exec chmod a+r {} \; -o \
  ! -type d ! -perm -444 -exec /bin/sh /sources/automake-1.16.1/t/tap-more2.dir/tap-more2-1.0/install-sh -c -m a+r {} {} \; \
|| chmod -R a+r "tap-more2-1.0"
make[3]: Leaving directory '/sources/automake-1.16.1/t/tap-more2.dir/tap-more2-1.0/_build/sub'
tardir=tap-more2-1.0 && ${TAR-tar} chof - "$tardir" | eval GZIP= gzip --best -c >tap-more2-1.0.tar.gz
make[2]: Leaving directory '/sources/automake-1.16.1/t/tap-more2.dir/tap-more2-1.0/_build/sub'
if test -d "tap-more2-1.0"; then find "tap-more2-1.0" -type d ! -perm -200 -exec chmod u+w {} ';' && rm -rf "tap-more2-1.0" || { sleep 5 && rm -rf "tap-more2-1.0"; }; else :; fi
make[1]: Leaving directory '/sources/automake-1.16.1/t/tap-more2.dir/tap-more2-1.0/_build/sub'
make[1]: Entering directory '/sources/automake-1.16.1/t/tap-more2.dir/tap-more2-1.0/_build/sub'
test -z "foo-test" || rm -f foo-test
test -z "bar.sh" || rm -f bar.sh
rm -f *.o
test -z "foo-test.log bar.log baz.log" || rm -f foo-test.log bar.log baz.log
test -z "foo-test.trs bar.trs baz.trs" || rm -f foo-test.trs bar.trs baz.trs
test -z "test-suite.log" || rm -f test-suite.log
rm -f *.tab.c
test -z "" || rm -f 
test . = "../.." || test -z "" || rm -f 
rm -f TAGS ID GTAGS GRTAGS GSYMS GPATH tags
rm -f cscope.out cscope.in.out cscope.po.out cscope.files
rm -f config.status config.cache config.log configure.lineno config.status.lineno
rm -f ./.deps/foo.Po
rm -f Makefile
make[1]: Leaving directory '/sources/automake-1.16.1/t/tap-more2.dir/tap-more2-1.0/_build/sub'
if test -d "tap-more2-1.0"; then find "tap-more2-1.0" -type d ! -perm -200 -exec chmod u+w {} ';' && rm -rf "tap-more2-1.0" || { sleep 5 && rm -rf "tap-more2-1.0"; }; else :; fi
===============================================
tap-more2-1.0 archives ready for distribution: 
tap-more2-1.0.tar.gz
===============================================
+ test no = yes
+ case $am__make_rc_exp in
+ test 0 -ge 0
+ test 0 -le 255
+ test 0 -eq 0
+ count_test_results total=3 pass=1 fail=0 xpass=0 xfail=1 skip=1 error=0
+ total=ERR
+ pass=ERR
+ fail=ERR
+ xpass=ERR
+ xfail=ERR
+ skip=ERR
+ error=ERR
+ eval total=3 pass=1 fail=0 xpass=0 xfail=1 skip=1 error=0
++ total=3
++ pass=1
++ fail=0
++ xpass=0
++ xfail=1
++ skip=1
++ error=0
+ /bin/grep -E -i '(total|x?pass|x?fail|skip|error)' stdout
PASS: foo-test 1
XFAIL: bar.sh 1 # TODO
SKIP: baz.tap 1 # SKIP
# TOTAL: 3
# PASS:  1
# SKIP:  1
# XFAIL: 1
# FAIL:  0
# XPASS: 0
# ERROR: 0
+ rc=0
+ set +e
++ grep -c '^PASS:' stdout
+ test 1 -eq 1
++ grep -c '^XFAIL:' stdout
+ test 1 -eq 1
++ grep -c '^SKIP:' stdout
+ test 1 -eq 1
++ grep -c '^FAIL:' stdout
+ test 0 -eq 0
++ grep -c '^XPASS:' stdout
+ test 0 -eq 0
++ grep -c '^ERROR:' stdout
+ test 0 -eq 0
+ grep '^# TOTAL:  *3$' stdout
# TOTAL: 3
+ grep '^# PASS:  *1$' stdout
# PASS:  1
+ grep '^# XFAIL:  *1$' stdout
# XFAIL: 1
+ grep '^# SKIP:  *1$' stdout
# SKIP:  1
+ grep '^# FAIL:  *0$' stdout
# FAIL:  0
+ grep '^# XPASS:  *0$' stdout
# XPASS: 0
+ grep '^# ERROR:  *0$' stdout
# ERROR: 0
+ test 0 -eq 0
+ :
+ am_exit_trap 0
+ exit_status=0
+ set +e
+ cd /sources/automake-1.16.1
+ test none = tap
+ case $am_explicit_skips in
+ test 0 -eq 0
+ am_keeping_testdirs
+ case $keep_testdirs in
+ return 1
+ rm_rf_ t/tap-more2.dir
+ test 1 -gt 0
+ /usr/bin/perl /sources/automake-1.16.1/t/ax/deltree.pl t/tap-more2.dir
+ set +x
PASS t/tap-more2.sh (exit status: 0)
