Running from installcheck: no
Test Protocol: none
PATH = /sources/automake-1.16.1/bin:/sources/automake-1.16.1/t/ax:/bin:/usr/bin:/sbin:/usr/sbin:/tools/bin
++ pwd
/sources/automake-1.16.1/t/tap-numbers-leading-zero.dir
+ . tap-setup.sh
++ test -f ../../bin/automake
++ test -f ../../runtest
++ test -d ../../t
++ test '!' -f Makefile.am
++ test -d ../tap-common-setup.dir
++ cp -fpR ../tap-common-setup.dir/Makefile ../tap-common-setup.dir/Makefile.am ../tap-common-setup.dir/Makefile.in ../tap-common-setup.dir/aclocal.m4 ../tap-common-setup.dir/compile ../tap-common-setup.dir/config.log ../tap-common-setup.dir/config.status ../tap-common-setup.dir/configure ../tap-common-setup.dir/configure.ac ../tap-common-setup.dir/depcomp ../tap-common-setup.dir/install-sh ../tap-common-setup.dir/missing .
++ fetch_tap_driver
++ AM_TAP_AWK=gawk
++ export AM_TAP_AWK
++ get_shell_script tap-driver.sh tap-driver
++ am_source=tap-driver.sh
++ am_target=tap-driver
++ test '!' -f tap-driver
++ test x = xyes
++ cp -f /sources/automake-1.16.1/lib/tap-driver.sh tap-driver
++ sed 10q tap-driver
#! /bin/sh
# Copyright (C) 2011-2018 Free Software Foundation, Inc.
#
# This program is free software; you can redistribute it and/or modify
# it under the terms of the GNU General Public License as published by
# the Free Software Foundation; either version 2, or (at your option)
# any later version.
#
# This program is distributed in the hope that it will be useful,
# but WITHOUT ANY WARRANTY; without even the implied warranty of
++ unset am_target am_source
++ test -f Makefile.am~
++ :
+ cat
+ cat
+ do_checks total=15 pass=5 fail=3 xpass=1 xfail=3 skip=3 error=0
+ run_make -O -e FAIL check
+ am__make_redirect_stdout=no
+ am__make_redirect_stderr=no
+ am__make_redirect_stdall=no
+ am__make_flags=
+ am__make_rc_exp=0
+ am_make_rc=0
+ test 4 -gt 0
+ case $1 in
+ am__make_redirect_stdout=yes
+ shift
+ test 3 -gt 0
+ case $1 in
+ am__make_rc_exp=FAIL
+ shift
+ shift
+ test 1 -gt 0
+ case $1 in
+ break
+ using_gmake
+ case $am__using_gmake in
+ make --version -v
+ grep GNU
GNU Make 4.2.1
License GPLv3+: GNU GPL version 3 or later <http://gnu.org/licenses/gpl.html>
+ am__using_gmake=yes
+ return 0
+ :
+ test x '!=' x
+ : exec make check
+ set +x
make[2]: *** [Makefile:475: test-suite.log] Error 1
make[1]: *** [Makefile:583: check-TESTS] Error 2
make: *** [Makefile:775: check-am] Error 2
+ am_make_rc=2
+ test 2 -eq 253
+ test no = yes
+ test yes = yes
+ cat stdout
make  check-TESTS
make[1]: Entering directory '/sources/automake-1.16.1/t/tap-numbers-leading-zero.dir'
make[2]: Entering directory '/sources/automake-1.16.1/t/tap-numbers-leading-zero.dir'
PASS: all.test 1
PASS: all.test 2
FAIL: all.test 3
FAIL: all.test 4
SKIP: all.test 5 # SKIP
SKIP: all.test 6 # SKIP
XFAIL: all.test 7 # TODO
XFAIL: all.test 8 # TODO
PASS: all.test 9
PASS: all.test 10
PASS: all.test 11
FAIL: all.test 12
SKIP: all.test 13 # SKIP
XFAIL: all.test 14 # TODO
XPASS: all.test 15 # TODO
============================================================================
Testsuite summary for tap-common-setup 1.0
============================================================================
# TOTAL: 15
# PASS:  5
# SKIP:  3
# XFAIL: 3
# FAIL:  3
# XPASS: 1
# ERROR: 0
============================================================================
See ./test-suite.log
============================================================================
make[2]: Leaving directory '/sources/automake-1.16.1/t/tap-numbers-leading-zero.dir'
make[1]: Leaving directory '/sources/automake-1.16.1/t/tap-numbers-leading-zero.dir'
+ test no = yes
+ case $am__make_rc_exp in
+ test 2 -gt 0
+ count_test_results total=15 pass=5 fail=3 xpass=1 xfail=3 skip=3 error=0
+ total=ERR
+ pass=ERR
+ fail=ERR
+ xpass=ERR
+ xfail=ERR
+ skip=ERR
+ error=ERR
+ eval total=15 pass=5 fail=3 xpass=1 xfail=3 skip=3 error=0
++ total=15
++ pass=5
++ fail=3
++ xpass=1
++ xfail=3
++ skip=3
++ error=0
+ /bin/grep -E -i '(total|x?pass|x?fail|skip|error)' stdout
PASS: all.test 1
PASS: all.test 2
FAIL: all.test 3
FAIL: all.test 4
SKIP: all.test 5 # SKIP
SKIP: all.test 6 # SKIP
XFAIL: all.test 7 # TODO
XFAIL: all.test 8 # TODO
PASS: all.test 9
PASS: all.test 10
PASS: all.test 11
FAIL: all.test 12
SKIP: all.test 13 # SKIP
XFAIL: all.test 14 # TODO
XPASS: all.test 15 # TODO
# TOTAL: 15
# PASS:  5
# SKIP:  3
# XFAIL: 3
# FAIL:  3
# XPASS: 1
# ERROR: 0
+ rc=0
+ set +e
++ grep -c '^PASS:' stdout
+ test 5 -eq 5
++ grep -c '^XFAIL:' stdout
+ test 3 -eq 3
++ grep -c '^SKIP:' stdout
+ test 3 -eq 3
++ grep -c '^FAIL:' stdout
+ test 3 -eq 3
++ grep -c '^XPASS:' stdout
+ test 1 -eq 1
++ grep -c '^ERROR:' stdout
+ test 0 -eq 0
+ grep '^# TOTAL:  *15$' stdout
# TOTAL: 15
+ grep '^# PASS:  *5$' stdout
# PASS:  5
+ grep '^# XFAIL:  *3$' stdout
# XFAIL: 3
+ grep '^# SKIP:  *3$' stdout
# SKIP:  3
+ grep '^# FAIL:  *3$' stdout
# FAIL:  3
+ grep '^# XPASS:  *1$' stdout
# XPASS: 1
+ grep '^# ERROR:  *0$' stdout
# ERROR: 0
+ test 0 -eq 0
+ LC_ALL=C
+ sed -n 's/: all\.test 0*\([0-9]\)/: all.test \1/p' stdout
+ cat exp
PASS: all.test 1
PASS: all.test 2
FAIL: all.test 3
FAIL: all.test 4
SKIP: all.test 5 # SKIP
SKIP: all.test 6 # SKIP
XFAIL: all.test 7 # TODO
XFAIL: all.test 8 # TODO
PASS: all.test 9
PASS: all.test 10
PASS: all.test 11
FAIL: all.test 12
SKIP: all.test 13 # SKIP
XFAIL: all.test 14 # TODO
XPASS: all.test 15 # TODO
+ cat got
PASS: all.test 1
PASS: all.test 2
FAIL: all.test 3
FAIL: all.test 4
SKIP: all.test 5 # SKIP
SKIP: all.test 6 # SKIP
XFAIL: all.test 7 # TODO
XFAIL: all.test 8 # TODO
PASS: all.test 9
PASS: all.test 10
PASS: all.test 11
FAIL: all.test 12
SKIP: all.test 13 # SKIP
XFAIL: all.test 14 # TODO
XPASS: all.test 15 # TODO
+ diff exp got
+ cat
+ cat
+ do_checks total=8 pass=3 fail=0 xpass=0 xfail=0 skip=0 error=5
+ run_make -O -e FAIL check
+ am__make_redirect_stdout=no
+ am__make_redirect_stderr=no
+ am__make_redirect_stdall=no
+ am__make_flags=
+ am__make_rc_exp=0
+ am_make_rc=0
+ test 4 -gt 0
+ case $1 in
+ am__make_redirect_stdout=yes
+ shift
+ test 3 -gt 0
+ case $1 in
+ am__make_rc_exp=FAIL
+ shift
+ shift
+ test 1 -gt 0
+ case $1 in
+ break
+ using_gmake
+ case $am__using_gmake in
+ return 0
+ :
+ test x '!=' x
+ : exec make check
+ set +x
make[2]: *** [Makefile:475: test-suite.log] Error 1
make[1]: *** [Makefile:583: check-TESTS] Error 2
make: *** [Makefile:775: check-am] Error 2
+ am_make_rc=2
+ test 2 -eq 253
+ test no = yes
+ test yes = yes
+ cat stdout
make  check-TESTS
make[1]: Entering directory '/sources/automake-1.16.1/t/tap-numbers-leading-zero.dir'
make[2]: Entering directory '/sources/automake-1.16.1/t/tap-numbers-leading-zero.dir'
ERROR: all.test 10 # OUT-OF-ORDER (expecting 1)
ERROR: all.test 3 # OUT-OF-ORDER (expecting 2)
ERROR: all.test 1 # OUT-OF-ORDER (expecting 3)
ERROR: all.test 10 # OUT-OF-ORDER (expecting 4)
ERROR: all.test 100 # OUT-OF-ORDER (expecting 5)
PASS: all.test 6
PASS: all.test 7
PASS: all.test 8
============================================================================
Testsuite summary for tap-common-setup 1.0
============================================================================
# TOTAL: 8
# PASS:  3
# SKIP:  0
# XFAIL: 0
# FAIL:  0
# XPASS: 0
# ERROR: 5
============================================================================
See ./test-suite.log
============================================================================
make[2]: Leaving directory '/sources/automake-1.16.1/t/tap-numbers-leading-zero.dir'
make[1]: Leaving directory '/sources/automake-1.16.1/t/tap-numbers-leading-zero.dir'
+ test no = yes
+ case $am__make_rc_exp in
+ test 2 -gt 0
+ count_test_results total=8 pass=3 fail=0 xpass=0 xfail=0 skip=0 error=5
+ total=ERR
+ pass=ERR
+ fail=ERR
+ xpass=ERR
+ xfail=ERR
+ skip=ERR
+ error=ERR
+ eval total=8 pass=3 fail=0 xpass=0 xfail=0 skip=0 error=5
++ total=8
++ pass=3
++ fail=0
++ xpass=0
++ xfail=0
++ skip=0
++ error=5
+ /bin/grep -E -i '(total|x?pass|x?fail|skip|error)' stdout
ERROR: all.test 10 # OUT-OF-ORDER (expecting 1)
ERROR: all.test 3 # OUT-OF-ORDER (expecting 2)
ERROR: all.test 1 # OUT-OF-ORDER (expecting 3)
ERROR: all.test 10 # OUT-OF-ORDER (expecting 4)
ERROR: all.test 100 # OUT-OF-ORDER (expecting 5)
PASS: all.test 6
PASS: all.test 7
PASS: all.test 8
# TOTAL: 8
# PASS:  3
# SKIP:  0
# XFAIL: 0
# FAIL:  0
# XPASS: 0
# ERROR: 5
+ rc=0
+ set +e
++ grep -c '^PASS:' stdout
+ test 3 -eq 3
++ grep -c '^XFAIL:' stdout
+ test 0 -eq 0
++ grep -c '^SKIP:' stdout
+ test 0 -eq 0
++ grep -c '^FAIL:' stdout
+ test 0 -eq 0
++ grep -c '^XPASS:' stdout
+ test 0 -eq 0
++ grep -c '^ERROR:' stdout
+ test 5 -eq 5
+ grep '^# TOTAL:  *8$' stdout
# TOTAL: 8
+ grep '^# PASS:  *3$' stdout
# PASS:  3
+ grep '^# XFAIL:  *0$' stdout
# XFAIL: 0
+ grep '^# SKIP:  *0$' stdout
# SKIP:  0
+ grep '^# FAIL:  *0$' stdout
# FAIL:  0
+ grep '^# XPASS:  *0$' stdout
# XPASS: 0
+ grep '^# ERROR:  *5$' stdout
# ERROR: 5
+ test 0 -eq 0
+ LC_ALL=C
+ sed -n 's/: all\.test 0*\([0-9]\)/: all.test \1/p' stdout
+ cat exp
ERROR: all.test 10 # OUT-OF-ORDER (expecting 1)
ERROR: all.test 3 # OUT-OF-ORDER (expecting 2)
ERROR: all.test 1 # OUT-OF-ORDER (expecting 3)
ERROR: all.test 10 # OUT-OF-ORDER (expecting 4)
ERROR: all.test 100 # OUT-OF-ORDER (expecting 5)
PASS: all.test 6
PASS: all.test 7
PASS: all.test 8
+ cat got
ERROR: all.test 10 # OUT-OF-ORDER (expecting 1)
ERROR: all.test 3 # OUT-OF-ORDER (expecting 2)
ERROR: all.test 1 # OUT-OF-ORDER (expecting 3)
ERROR: all.test 10 # OUT-OF-ORDER (expecting 4)
ERROR: all.test 100 # OUT-OF-ORDER (expecting 5)
PASS: all.test 6
PASS: all.test 7
PASS: all.test 8
+ diff exp got
+ :
+ am_exit_trap 0
+ exit_status=0
+ set +e
+ cd /sources/automake-1.16.1
+ test none = tap
+ case $am_explicit_skips in
+ test 0 -eq 0
+ am_keeping_testdirs
+ case $keep_testdirs in
+ return 1
+ rm_rf_ t/tap-numbers-leading-zero.dir
+ test 1 -gt 0
+ /usr/bin/perl /sources/automake-1.16.1/t/ax/deltree.pl t/tap-numbers-leading-zero.dir
+ set +x
PASS t/tap-numbers-leading-zero.sh (exit status: 0)
