Running from installcheck: no
Test Protocol: none
PATH = /sources/automake-1.16.1/bin:/sources/automake-1.16.1/t/ax:/bin:/usr/bin:/sbin:/usr/sbin:/tools/bin
++ pwd
/sources/automake-1.16.1/t/tap-diagnostic.dir
+ . tap-setup.sh
++ test -f ../../bin/automake
++ test -f ../../runtest
++ test -d ../../t
++ test '!' -f Makefile.am
++ test -d ../tap-common-setup.dir
++ cp -fpR ../tap-common-setup.dir/Makefile ../tap-common-setup.dir/Makefile.am ../tap-common-setup.dir/Makefile.in ../tap-common-setup.dir/aclocal.m4 ../tap-common-setup.dir/compile ../tap-common-setup.dir/config.log ../tap-common-setup.dir/config.status ../tap-common-setup.dir/configure ../tap-common-setup.dir/configure.ac ../tap-common-setup.dir/depcomp ../tap-common-setup.dir/install-sh ../tap-common-setup.dir/missing .
++ fetch_tap_driver
++ AM_TAP_AWK=gawk
++ export AM_TAP_AWK
++ get_shell_script tap-driver.sh tap-driver
++ am_source=tap-driver.sh
++ am_target=tap-driver
++ test '!' -f tap-driver
++ test x = xyes
++ cp -f /sources/automake-1.16.1/lib/tap-driver.sh tap-driver
++ sed 10q tap-driver
#! /bin/sh
# Copyright (C) 2011-2018 Free Software Foundation, Inc.
#
# This program is free software; you can redistribute it and/or modify
# it under the terms of the GNU General Public License as published by
# the Free Software Foundation; either version 2, or (at your option)
# any later version.
#
# This program is distributed in the hope that it will be useful,
# but WITHOUT ANY WARRANTY; without even the implied warranty of
++ unset am_target am_source
++ test -f Makefile.am~
++ :
+ metacharacters=''\''"\$!&()[]<>#;^?*'
+ cat
+ cat
+ run_make -O check
+ am__make_redirect_stdout=no
+ am__make_redirect_stderr=no
+ am__make_redirect_stdall=no
+ am__make_flags=
+ am__make_rc_exp=0
+ am_make_rc=0
+ test 2 -gt 0
+ case $1 in
+ am__make_redirect_stdout=yes
+ shift
+ test 1 -gt 0
+ case $1 in
+ break
+ using_gmake
+ case $am__using_gmake in
+ make --version -v
+ grep GNU
GNU Make 4.2.1
License GPLv3+: GNU GPL version 3 or later <http://gnu.org/licenses/gpl.html>
+ am__using_gmake=yes
+ return 0
+ :
+ test x '!=' x
+ : exec make check
+ set +x
+ test 0 -eq 253
+ test no = yes
+ test yes = yes
+ cat stdout
make  check-TESTS
make[1]: Entering directory '/sources/automake-1.16.1/t/tap-diagnostic.dir'
make[2]: Entering directory '/sources/automake-1.16.1/t/tap-diagnostic.dir'
PASS: all.test 1
XFAIL: all.test 2 - foo # TODO
SKIP: all.test 3 - bar # SKIP
PASS: all.test 4 - zardoz
============================================================================
Testsuite summary for tap-common-setup 1.0
============================================================================
# TOTAL: 4
# PASS:  2
# SKIP:  1
# XFAIL: 1
# FAIL:  0
# XPASS: 0
# ERROR: 0
============================================================================
make[2]: Leaving directory '/sources/automake-1.16.1/t/tap-diagnostic.dir'
make[1]: Leaving directory '/sources/automake-1.16.1/t/tap-diagnostic.dir'
+ test no = yes
+ case $am__make_rc_exp in
+ test 0 -ge 0
+ test 0 -le 255
+ test 0 -eq 0
+ /bin/grep -E -i '#.*all\.test|a comment|(Tests|Shell) ' stdout
+ count_test_results total=4 pass=2 fail=0 xpass=0 xfail=1 skip=1 error=0
+ total=ERR
+ pass=ERR
+ fail=ERR
+ xpass=ERR
+ xfail=ERR
+ skip=ERR
+ error=ERR
+ eval total=4 pass=2 fail=0 xpass=0 xfail=1 skip=1 error=0
++ total=4
++ pass=2
++ fail=0
++ xpass=0
++ xfail=1
++ skip=1
++ error=0
+ /bin/grep -E -i '(total|x?pass|x?fail|skip|error)' stdout
PASS: all.test 1
XFAIL: all.test 2 - foo # TODO
SKIP: all.test 3 - bar # SKIP
PASS: all.test 4 - zardoz
# TOTAL: 4
# PASS:  2
# SKIP:  1
# XFAIL: 1
# FAIL:  0
# XPASS: 0
# ERROR: 0
+ rc=0
+ set +e
++ grep -c '^PASS:' stdout
+ test 2 -eq 2
++ grep -c '^XFAIL:' stdout
+ test 1 -eq 1
++ grep -c '^SKIP:' stdout
+ test 1 -eq 1
++ grep -c '^FAIL:' stdout
+ test 0 -eq 0
++ grep -c '^XPASS:' stdout
+ test 0 -eq 0
++ grep -c '^ERROR:' stdout
+ test 0 -eq 0
+ grep '^# TOTAL:  *4$' stdout
# TOTAL: 4
+ grep '^# PASS:  *2$' stdout
# PASS:  2
+ grep '^# XFAIL:  *1$' stdout
# XFAIL: 1
+ grep '^# SKIP:  *1$' stdout
# SKIP:  1
+ grep '^# FAIL:  *0$' stdout
# FAIL:  0
+ grep '^# XPASS:  *0$' stdout
# XPASS: 0
+ grep '^# ERROR:  *0$' stdout
# ERROR: 0
+ test 0 -eq 0
+ echo 'AM_TEST_LOG_DRIVER_FLAGS = --comments'
+ run_make -O check
+ am__make_redirect_stdout=no
+ am__make_redirect_stderr=no
+ am__make_redirect_stdall=no
+ am__make_flags=
+ am__make_rc_exp=0
+ am_make_rc=0
+ test 2 -gt 0
+ case $1 in
+ am__make_redirect_stdout=yes
+ shift
+ test 1 -gt 0
+ case $1 in
+ break
+ using_gmake
+ case $am__using_gmake in
+ return 0
+ :
+ test x '!=' x
+ : exec make check
+ set +x
+ test 0 -eq 253
+ test no = yes
+ test yes = yes
+ cat stdout
make  check-TESTS
make[1]: Entering directory '/sources/automake-1.16.1/t/tap-diagnostic.dir'
make[2]: Entering directory '/sources/automake-1.16.1/t/tap-diagnostic.dir'
# all.test: Hi! I'm a comment.
# all.test: Tests begin.
PASS: all.test 1
XFAIL: all.test 2 - foo # TODO
SKIP: all.test 3 - bar # SKIP
# all.test: Tests end.
PASS: all.test 4 - zardoz
# all.test: Shell metacharacters here: '"\$!&()[]<>#;^?*
============================================================================
Testsuite summary for tap-common-setup 1.0
============================================================================
# TOTAL: 4
# PASS:  2
# SKIP:  1
# XFAIL: 1
# FAIL:  0
# XPASS: 0
# ERROR: 0
============================================================================
make[2]: Leaving directory '/sources/automake-1.16.1/t/tap-diagnostic.dir'
make[1]: Leaving directory '/sources/automake-1.16.1/t/tap-diagnostic.dir'
+ test no = yes
+ case $am__make_rc_exp in
+ test 0 -ge 0
+ test 0 -le 255
+ test 0 -eq 0
+ /bin/grep -F ' all.test' stdout
+ cat exp
# all.test: Hi! I'm a comment.
# all.test: Tests begin.
PASS: all.test 1
XFAIL: all.test 2 - foo # TODO
SKIP: all.test 3 - bar # SKIP
# all.test: Tests end.
PASS: all.test 4 - zardoz
# all.test: Shell metacharacters here: '"\$!&()[]<>#;^?*
+ cat got
# all.test: Hi! I'm a comment.
# all.test: Tests begin.
PASS: all.test 1
XFAIL: all.test 2 - foo # TODO
SKIP: all.test 3 - bar # SKIP
# all.test: Tests end.
PASS: all.test 4 - zardoz
# all.test: Shell metacharacters here: '"\$!&()[]<>#;^?*
+ diff exp got
+ count_test_results total=4 pass=2 fail=0 xpass=0 xfail=1 skip=1 error=0
+ total=ERR
+ pass=ERR
+ fail=ERR
+ xpass=ERR
+ xfail=ERR
+ skip=ERR
+ error=ERR
+ eval total=4 pass=2 fail=0 xpass=0 xfail=1 skip=1 error=0
++ total=4
++ pass=2
++ fail=0
++ xpass=0
++ xfail=1
++ skip=1
++ error=0
+ /bin/grep -E -i '(total|x?pass|x?fail|skip|error)' stdout
PASS: all.test 1
XFAIL: all.test 2 - foo # TODO
SKIP: all.test 3 - bar # SKIP
PASS: all.test 4 - zardoz
# TOTAL: 4
# PASS:  2
# SKIP:  1
# XFAIL: 1
# FAIL:  0
# XPASS: 0
# ERROR: 0
+ rc=0
+ set +e
++ grep -c '^PASS:' stdout
+ test 2 -eq 2
++ grep -c '^XFAIL:' stdout
+ test 1 -eq 1
++ grep -c '^SKIP:' stdout
+ test 1 -eq 1
++ grep -c '^FAIL:' stdout
+ test 0 -eq 0
++ grep -c '^XPASS:' stdout
+ test 0 -eq 0
++ grep -c '^ERROR:' stdout
+ test 0 -eq 0
+ grep '^# TOTAL:  *4$' stdout
# TOTAL: 4
+ grep '^# PASS:  *2$' stdout
# PASS:  2
+ grep '^# XFAIL:  *1$' stdout
# XFAIL: 1
+ grep '^# SKIP:  *1$' stdout
# SKIP:  1
+ grep '^# FAIL:  *0$' stdout
# FAIL:  0
+ grep '^# XPASS:  *0$' stdout
# XPASS: 0
+ grep '^# ERROR:  *0$' stdout
# ERROR: 0
+ test 0 -eq 0
+ run_make -O TEST_LOG_DRIVER_FLAGS=--no-comments check
+ am__make_redirect_stdout=no
+ am__make_redirect_stderr=no
+ am__make_redirect_stdall=no
+ am__make_flags=
+ am__make_rc_exp=0
+ am_make_rc=0
+ test 3 -gt 0
+ case $1 in
+ am__make_redirect_stdout=yes
+ shift
+ test 2 -gt 0
+ case $1 in
+ break
+ using_gmake
+ case $am__using_gmake in
+ return 0
+ :
+ test x '!=' x
+ : exec make TEST_LOG_DRIVER_FLAGS=--no-comments check
+ set +x
+ test 0 -eq 253
+ test no = yes
+ test yes = yes
+ cat stdout
make  check-TESTS
make[1]: Entering directory '/sources/automake-1.16.1/t/tap-diagnostic.dir'
make[2]: Entering directory '/sources/automake-1.16.1/t/tap-diagnostic.dir'
PASS: all.test 1
XFAIL: all.test 2 - foo # TODO
SKIP: all.test 3 - bar # SKIP
PASS: all.test 4 - zardoz
============================================================================
Testsuite summary for tap-common-setup 1.0
============================================================================
# TOTAL: 4
# PASS:  2
# SKIP:  1
# XFAIL: 1
# FAIL:  0
# XPASS: 0
# ERROR: 0
============================================================================
make[2]: Leaving directory '/sources/automake-1.16.1/t/tap-diagnostic.dir'
make[1]: Leaving directory '/sources/automake-1.16.1/t/tap-diagnostic.dir'
+ test no = yes
+ case $am__make_rc_exp in
+ test 0 -ge 0
+ test 0 -le 255
+ test 0 -eq 0
+ /bin/grep -E -i '#.*all\.test|a comment|(Tests|Shell) ' stdout
+ count_test_results total=4 pass=2 fail=0 xpass=0 xfail=1 skip=1 error=0
+ total=ERR
+ pass=ERR
+ fail=ERR
+ xpass=ERR
+ xfail=ERR
+ skip=ERR
+ error=ERR
+ eval total=4 pass=2 fail=0 xpass=0 xfail=1 skip=1 error=0
++ total=4
++ pass=2
++ fail=0
++ xpass=0
++ xfail=1
++ skip=1
++ error=0
+ /bin/grep -E -i '(total|x?pass|x?fail|skip|error)' stdout
PASS: all.test 1
XFAIL: all.test 2 - foo # TODO
SKIP: all.test 3 - bar # SKIP
PASS: all.test 4 - zardoz
# TOTAL: 4
# PASS:  2
# SKIP:  1
# XFAIL: 1
# FAIL:  0
# XPASS: 0
# ERROR: 0
+ rc=0
+ set +e
++ grep -c '^PASS:' stdout
+ test 2 -eq 2
++ grep -c '^XFAIL:' stdout
+ test 1 -eq 1
++ grep -c '^SKIP:' stdout
+ test 1 -eq 1
++ grep -c '^FAIL:' stdout
+ test 0 -eq 0
++ grep -c '^XPASS:' stdout
+ test 0 -eq 0
++ grep -c '^ERROR:' stdout
+ test 0 -eq 0
+ grep '^# TOTAL:  *4$' stdout
# TOTAL: 4
+ grep '^# PASS:  *2$' stdout
# PASS:  2
+ grep '^# XFAIL:  *1$' stdout
# XFAIL: 1
+ grep '^# SKIP:  *1$' stdout
# SKIP:  1
+ grep '^# FAIL:  *0$' stdout
# FAIL:  0
+ grep '^# XPASS:  *0$' stdout
# XPASS: 0
+ grep '^# ERROR:  *0$' stdout
# ERROR: 0
+ test 0 -eq 0
+ cat
+ run_make -O check
+ am__make_redirect_stdout=no
+ am__make_redirect_stderr=no
+ am__make_redirect_stdall=no
+ am__make_flags=
+ am__make_rc_exp=0
+ am_make_rc=0
+ test 2 -gt 0
+ case $1 in
+ am__make_redirect_stdout=yes
+ shift
+ test 1 -gt 0
+ case $1 in
+ break
+ using_gmake
+ case $am__using_gmake in
+ return 0
+ :
+ test x '!=' x
+ : exec make check
+ set +x
+ test 0 -eq 253
+ test no = yes
+ test yes = yes
+ cat stdout
make  check-TESTS
make[1]: Entering directory '/sources/automake-1.16.1/t/tap-diagnostic.dir'
make[2]: Entering directory '/sources/automake-1.16.1/t/tap-diagnostic.dir'
PASS: all.test 1
# all.test: ok
# all.test: ok
# all.test: not ok
# all.test: not ok
# all.test: Bail out!
# all.test: Bail out!
# all.test: SKIP
# all.test: SKIP
# all.test: TODO
# all.test: TODO
============================================================================
Testsuite summary for tap-common-setup 1.0
============================================================================
# TOTAL: 1
# PASS:  1
# SKIP:  0
# XFAIL: 0
# FAIL:  0
# XPASS: 0
# ERROR: 0
============================================================================
make[2]: Leaving directory '/sources/automake-1.16.1/t/tap-diagnostic.dir'
make[1]: Leaving directory '/sources/automake-1.16.1/t/tap-diagnostic.dir'
+ test no = yes
+ case $am__make_rc_exp in
+ test 0 -ge 0
+ test 0 -le 255
+ test 0 -eq 0
+ count_test_results total=1 pass=1 fail=0 xpass=0 xfail=0 skip=0 error=0
+ total=ERR
+ pass=ERR
+ fail=ERR
+ xpass=ERR
+ xfail=ERR
+ skip=ERR
+ error=ERR
+ eval total=1 pass=1 fail=0 xpass=0 xfail=0 skip=0 error=0
++ total=1
++ pass=1
++ fail=0
++ xpass=0
++ xfail=0
++ skip=0
++ error=0
+ /bin/grep -E -i '(total|x?pass|x?fail|skip|error)' stdout
PASS: all.test 1
# all.test: SKIP
# all.test: SKIP
# TOTAL: 1
# PASS:  1
# SKIP:  0
# XFAIL: 0
# FAIL:  0
# XPASS: 0
# ERROR: 0
+ rc=0
+ set +e
++ grep -c '^PASS:' stdout
+ test 1 -eq 1
++ grep -c '^XFAIL:' stdout
+ test 0 -eq 0
++ grep -c '^SKIP:' stdout
+ test 0 -eq 0
++ grep -c '^FAIL:' stdout
+ test 0 -eq 0
++ grep -c '^XPASS:' stdout
+ test 0 -eq 0
++ grep -c '^ERROR:' stdout
+ test 0 -eq 0
+ grep '^# TOTAL:  *1$' stdout
# TOTAL: 1
+ grep '^# PASS:  *1$' stdout
# PASS:  1
+ grep '^# XFAIL:  *0$' stdout
# XFAIL: 0
+ grep '^# SKIP:  *0$' stdout
# SKIP:  0
+ grep '^# FAIL:  *0$' stdout
# FAIL:  0
+ grep '^# XPASS:  *0$' stdout
# XPASS: 0
+ grep '^# ERROR:  *0$' stdout
# ERROR: 0
+ test 0 -eq 0
+ ws='[ 	]'
+ ws0p='[ 	]*'
+ ws1p='[ 	][ 	]*'
+ cat
+ run_make -O check
+ am__make_redirect_stdout=no
+ am__make_redirect_stderr=no
+ am__make_redirect_stdall=no
+ am__make_flags=
+ am__make_rc_exp=0
+ am_make_rc=0
+ test 2 -gt 0
+ case $1 in
+ am__make_redirect_stdout=yes
+ shift
+ test 1 -gt 0
+ case $1 in
+ break
+ using_gmake
+ case $am__using_gmake in
+ return 0
+ :
+ test x '!=' x
+ : exec make check
+ set +x
+ test 0 -eq 253
+ test no = yes
+ test yes = yes
+ cat stdout
make  check-TESTS
make[1]: Entering directory '/sources/automake-1.16.1/t/tap-diagnostic.dir'
make[2]: Entering directory '/sources/automake-1.16.1/t/tap-diagnostic.dir'
PASS: all.test 1
# all.test: foo
# all.test: bar
# all.test: zardoz
# all.test: foo  bar	baz
============================================================================
Testsuite summary for tap-common-setup 1.0
============================================================================
# TOTAL: 1
# PASS:  1
# SKIP:  0
# XFAIL: 0
# FAIL:  0
# XPASS: 0
# ERROR: 0
============================================================================
make[2]: Leaving directory '/sources/automake-1.16.1/t/tap-diagnostic.dir'
make[1]: Leaving directory '/sources/automake-1.16.1/t/tap-diagnostic.dir'
+ test no = yes
+ case $am__make_rc_exp in
+ test 0 -ge 0
+ test 0 -le 255
+ test 0 -eq 0
+ count_test_results total=1 pass=1 fail=0 xpass=0 xfail=0 skip=0 error=0
+ total=ERR
+ pass=ERR
+ fail=ERR
+ xpass=ERR
+ xfail=ERR
+ skip=ERR
+ error=ERR
+ eval total=1 pass=1 fail=0 xpass=0 xfail=0 skip=0 error=0
++ total=1
++ pass=1
++ fail=0
++ xpass=0
++ xfail=0
++ skip=0
++ error=0
+ /bin/grep -E -i '(total|x?pass|x?fail|skip|error)' stdout
PASS: all.test 1
# TOTAL: 1
# PASS:  1
# SKIP:  0
# XFAIL: 0
# FAIL:  0
# XPASS: 0
# ERROR: 0
+ rc=0
+ set +e
++ grep -c '^PASS:' stdout
+ test 1 -eq 1
++ grep -c '^XFAIL:' stdout
+ test 0 -eq 0
++ grep -c '^SKIP:' stdout
+ test 0 -eq 0
++ grep -c '^FAIL:' stdout
+ test 0 -eq 0
++ grep -c '^XPASS:' stdout
+ test 0 -eq 0
++ grep -c '^ERROR:' stdout
+ test 0 -eq 0
+ grep '^# TOTAL:  *1$' stdout
# TOTAL: 1
+ grep '^# PASS:  *1$' stdout
# PASS:  1
+ grep '^# XFAIL:  *0$' stdout
# XFAIL: 0
+ grep '^# SKIP:  *0$' stdout
# SKIP:  0
+ grep '^# FAIL:  *0$' stdout
# FAIL:  0
+ grep '^# XPASS:  *0$' stdout
# XPASS: 0
+ grep '^# ERROR:  *0$' stdout
# ERROR: 0
+ test 0 -eq 0
+ grep '^# all.test:[ 	]*foo$' stdout
# all.test: foo
+ grep '^# all.test:[ 	]*bar[ 	]*$' stdout
# all.test: bar
+ grep '^# all.test:[ 	][ 	]*zardoz[ 	]*$' stdout
# all.test: zardoz
+ grep '^# all.test:[ 	][ 	]*foo  bar	baz[ 	]*$' stdout
# all.test: foo  bar	baz
++ grep -c '^# all\.test:' stdout
+ test 4 -eq 4
+ :
+ am_exit_trap 0
+ exit_status=0
+ set +e
+ cd /sources/automake-1.16.1
+ test none = tap
+ case $am_explicit_skips in
+ test 0 -eq 0
+ am_keeping_testdirs
+ case $keep_testdirs in
+ return 1
+ rm_rf_ t/tap-diagnostic.dir
+ test 1 -gt 0
+ /usr/bin/perl /sources/automake-1.16.1/t/ax/deltree.pl t/tap-diagnostic.dir
+ set +x
PASS t/tap-diagnostic.sh (exit status: 0)
