Running from installcheck: no
Test Protocol: none
PATH = /sources/automake-1.16.1/bin:/sources/automake-1.16.1/t/ax:/bin:/usr/bin:/sbin:/usr/sbin:/tools/bin
++ pwd
/sources/automake-1.16.1/t/tap-bailout.dir
+ . tap-setup.sh
++ test -f ../../bin/automake
++ test -f ../../runtest
++ test -d ../../t
++ test '!' -f Makefile.am
++ test -d ../tap-common-setup.dir
++ cp -fpR ../tap-common-setup.dir/Makefile ../tap-common-setup.dir/Makefile.am ../tap-common-setup.dir/Makefile.in ../tap-common-setup.dir/aclocal.m4 ../tap-common-setup.dir/compile ../tap-common-setup.dir/config.log ../tap-common-setup.dir/config.status ../tap-common-setup.dir/configure ../tap-common-setup.dir/configure.ac ../tap-common-setup.dir/depcomp ../tap-common-setup.dir/install-sh ../tap-common-setup.dir/missing .
++ fetch_tap_driver
++ AM_TAP_AWK=gawk
++ export AM_TAP_AWK
++ get_shell_script tap-driver.sh tap-driver
++ am_source=tap-driver.sh
++ am_target=tap-driver
++ test '!' -f tap-driver
++ test x = xyes
++ cp -f /sources/automake-1.16.1/lib/tap-driver.sh tap-driver
++ sed 10q tap-driver
#! /bin/sh
# Copyright (C) 2011-2018 Free Software Foundation, Inc.
#
# This program is free software; you can redistribute it and/or modify
# it under the terms of the GNU General Public License as published by
# the Free Software Foundation; either version 2, or (at your option)
# any later version.
#
# This program is distributed in the hope that it will be useful,
# but WITHOUT ANY WARRANTY; without even the implied warranty of
++ unset am_target am_source
++ test -f Makefile.am~
++ :
+ :
+ cat
+ cat
+ cat
+ cat
+ cat
+ cat
+ cat
+ echo 'ERROR: d.test - Bail out! mktemp -d: Permission denied'
+ cat
+ echo 'ERROR: e.test - Bail out!'
+ test_counts='total=12 pass=3 fail=1 xpass=1 xfail=1 skip=1 error=5'
+ run_make -O -e FAIL 'TESTS=a.test b.test c.test d.test e.test' check
+ am__make_redirect_stdout=no
+ am__make_redirect_stderr=no
+ am__make_redirect_stdall=no
+ am__make_flags=
+ am__make_rc_exp=0
+ am_make_rc=0
+ test 5 -gt 0
+ case $1 in
+ am__make_redirect_stdout=yes
+ shift
+ test 4 -gt 0
+ case $1 in
+ am__make_rc_exp=FAIL
+ shift
+ shift
+ test 2 -gt 0
+ case $1 in
+ break
+ using_gmake
+ case $am__using_gmake in
+ make --version -v
+ grep GNU
GNU Make 4.2.1
License GPLv3+: GNU GPL version 3 or later <http://gnu.org/licenses/gpl.html>
+ am__using_gmake=yes
+ return 0
+ :
+ test x '!=' x
+ : exec make 'TESTS=a.test b.test c.test d.test e.test' check
+ set +x
make[2]: *** [Makefile:475: test-suite.log] Error 1
make[1]: *** [Makefile:583: check-TESTS] Error 2
make: *** [Makefile:775: check-am] Error 2
+ am_make_rc=2
+ test 2 -eq 253
+ test no = yes
+ test yes = yes
+ cat stdout
make  check-TESTS
make[1]: Entering directory '/sources/automake-1.16.1/t/tap-bailout.dir'
make[2]: Entering directory '/sources/automake-1.16.1/t/tap-bailout.dir'
PASS: a.test 1
FAIL: a.test 2
ERROR: a.test - Bail out!
SKIP: b.test 1 # SKIP
XPASS: b.test 2 # TODO
XFAIL: b.test 3 # TODO
ERROR: b.test - Bail out! We're out of disk space.
PASS: c.test 1
PASS: c.test 2
ERROR: c.test - Bail out! BOOOH!
ERROR: d.test - Bail out! mktemp -d: Permission denied
ERROR: e.test - Bail out!
============================================================================
Testsuite summary for tap-common-setup 1.0
============================================================================
# TOTAL: 12
# PASS:  3
# SKIP:  1
# XFAIL: 1
# FAIL:  1
# XPASS: 1
# ERROR: 5
============================================================================
See ./test-suite.log
============================================================================
make[2]: Leaving directory '/sources/automake-1.16.1/t/tap-bailout.dir'
make[1]: Leaving directory '/sources/automake-1.16.1/t/tap-bailout.dir'
+ test no = yes
+ case $am__make_rc_exp in
+ test 2 -gt 0
+ count_test_results total=12 pass=3 fail=1 xpass=1 xfail=1 skip=1 error=5
+ total=ERR
+ pass=ERR
+ fail=ERR
+ xpass=ERR
+ xfail=ERR
+ skip=ERR
+ error=ERR
+ eval total=12 pass=3 fail=1 xpass=1 xfail=1 skip=1 error=5
++ total=12
++ pass=3
++ fail=1
++ xpass=1
++ xfail=1
++ skip=1
++ error=5
+ /bin/grep -E -i '(total|x?pass|x?fail|skip|error)' stdout
PASS: a.test 1
FAIL: a.test 2
ERROR: a.test - Bail out!
SKIP: b.test 1 # SKIP
XPASS: b.test 2 # TODO
XFAIL: b.test 3 # TODO
ERROR: b.test - Bail out! We're out of disk space.
PASS: c.test 1
PASS: c.test 2
ERROR: c.test - Bail out! BOOOH!
ERROR: d.test - Bail out! mktemp -d: Permission denied
ERROR: e.test - Bail out!
# TOTAL: 12
# PASS:  3
# SKIP:  1
# XFAIL: 1
# FAIL:  1
# XPASS: 1
# ERROR: 5
+ rc=0
+ set +e
++ grep -c '^PASS:' stdout
+ test 3 -eq 3
++ grep -c '^XFAIL:' stdout
+ test 1 -eq 1
++ grep -c '^SKIP:' stdout
+ test 1 -eq 1
++ grep -c '^FAIL:' stdout
+ test 1 -eq 1
++ grep -c '^XPASS:' stdout
+ test 1 -eq 1
++ grep -c '^ERROR:' stdout
+ test 5 -eq 5
+ grep '^# TOTAL:  *12$' stdout
# TOTAL: 12
+ grep '^# PASS:  *3$' stdout
# PASS:  3
+ grep '^# XFAIL:  *1$' stdout
# XFAIL: 1
+ grep '^# SKIP:  *1$' stdout
# SKIP:  1
+ grep '^# FAIL:  *1$' stdout
# FAIL:  1
+ grep '^# XPASS:  *1$' stdout
# XPASS: 1
+ grep '^# ERROR:  *5$' stdout
# ERROR: 5
+ test 0 -eq 0
+ LC_ALL=C
+ sort exp
+ mv -f t exp
+ grep ': [abcde]\.test' stdout
+ LC_ALL=C
+ sort
+ cat exp
ERROR: a.test - Bail out!
ERROR: b.test - Bail out! We're out of disk space.
ERROR: c.test - Bail out! BOOOH!
ERROR: d.test - Bail out! mktemp -d: Permission denied
ERROR: e.test - Bail out!
FAIL: a.test 2
PASS: a.test 1
PASS: c.test 1
PASS: c.test 2
SKIP: b.test 1 # SKIP
XFAIL: b.test 3 # TODO
XPASS: b.test 2 # TODO
+ cat got
ERROR: a.test - Bail out!
ERROR: b.test - Bail out! We're out of disk space.
ERROR: c.test - Bail out! BOOOH!
ERROR: d.test - Bail out! mktemp -d: Permission denied
ERROR: e.test - Bail out!
FAIL: a.test 2
PASS: a.test 1
PASS: c.test 1
PASS: c.test 2
SKIP: b.test 1 # SKIP
XFAIL: b.test 3 # TODO
XPASS: b.test 2 # TODO
+ diff exp got
+ :
+ am_exit_trap 0
+ exit_status=0
+ set +e
+ cd /sources/automake-1.16.1
+ test none = tap
+ case $am_explicit_skips in
+ test 0 -eq 0
+ am_keeping_testdirs
+ case $keep_testdirs in
+ return 1
+ rm_rf_ t/tap-bailout.dir
+ test 1 -gt 0
+ /usr/bin/perl /sources/automake-1.16.1/t/ax/deltree.pl t/tap-bailout.dir
+ set +x
PASS t/tap-bailout.sh (exit status: 0)
