Running from installcheck: no
Test Protocol: none
PATH = /sources/automake-1.16.1/bin:/sources/automake-1.16.1/t/ax:/bin:/usr/bin:/sbin:/usr/sbin:/tools/bin
++ pwd
/sources/automake-1.16.1/t/tap-exit.dir
+ echo TESTS =
+ for st in 1 2 77 99
+ unindent
+ test x = x
++ printf '%s\n' '
  /^$/b                    # Nothing to do for empty lines.
  x                        # Get x<indent> into pattern space.
  /^$/{                    # No prior x<indent>, go prepare it.
    g                      # Copy this 1st non-blank line into pattern space.
    s/^\([	 ]*\).*/x\1/   # Prepare x<indent> in pattern space.
  }                        # Now: x<indent> in pattern and <line> in hold.
  G                        # Build x<indent>\n<line> in pattern space, and
  h                        # duplicate it into hold space.
  s/\n.*$//                # Restore x<indent> in pattern space, and
  x                        # exchange with the above duplicate in hold space.
  s/^x\(.*\)\n\1//         # Remove leading <indent> from <line>.
  s/^x.*\n//               # Restore <line> when there is no leading <indent>.
'
++ sed -e 's/  *# .*//'
+ sed_unindent_prog='
  /^$/b
  x
  /^$/{
    g
    s/^\([	 ]*\).*/x\1/
  }
  G
  h
  s/\n.*$//
  x
  s/^x\(.*\)\n\1//
  s/^x.*\n//'
+ sed '
  /^$/b
  x
  /^$/{
    g
    s/^\([	 ]*\).*/x\1/
  }
  G
  h
  s/\n.*$//
  x
  s/^x\(.*\)\n\1//
  s/^x.*\n//'
+ echo TESTS += exit1.test
+ for st in 1 2 77 99
+ unindent
+ test 'x
  /^$/b
  x
  /^$/{
    g
    s/^\([	 ]*\).*/x\1/
  }
  G
  h
  s/\n.*$//
  x
  s/^x\(.*\)\n\1//
  s/^x.*\n//' = x
+ sed '
  /^$/b
  x
  /^$/{
    g
    s/^\([	 ]*\).*/x\1/
  }
  G
  h
  s/\n.*$//
  x
  s/^x\(.*\)\n\1//
  s/^x.*\n//'
+ echo TESTS += exit2.test
+ for st in 1 2 77 99
+ unindent
+ test 'x
  /^$/b
  x
  /^$/{
    g
    s/^\([	 ]*\).*/x\1/
  }
  G
  h
  s/\n.*$//
  x
  s/^x\(.*\)\n\1//
  s/^x.*\n//' = x
+ sed '
  /^$/b
  x
  /^$/{
    g
    s/^\([	 ]*\).*/x\1/
  }
  G
  h
  s/\n.*$//
  x
  s/^x\(.*\)\n\1//
  s/^x.*\n//'
+ echo TESTS += exit77.test
+ for st in 1 2 77 99
+ unindent
+ test 'x
  /^$/b
  x
  /^$/{
    g
    s/^\([	 ]*\).*/x\1/
  }
  G
  h
  s/\n.*$//
  x
  s/^x\(.*\)\n\1//
  s/^x.*\n//' = x
+ sed '
  /^$/b
  x
  /^$/{
    g
    s/^\([	 ]*\).*/x\1/
  }
  G
  h
  s/\n.*$//
  x
  s/^x\(.*\)\n\1//
  s/^x.*\n//'
+ echo TESTS += exit99.test
+ chmod a+x exit1.test exit2.test exit77.test exit99.test
+ . tap-setup.sh
++ test -f ../../bin/automake
++ test -f ../../runtest
++ test -d ../../t
++ test '!' -f Makefile.am
++ mv Makefile.am Makefile.am~
++ test -d ../tap-common-setup.dir
++ cp -fpR ../tap-common-setup.dir/Makefile ../tap-common-setup.dir/Makefile.am ../tap-common-setup.dir/Makefile.in ../tap-common-setup.dir/aclocal.m4 ../tap-common-setup.dir/compile ../tap-common-setup.dir/config.log ../tap-common-setup.dir/config.status ../tap-common-setup.dir/configure ../tap-common-setup.dir/configure.ac ../tap-common-setup.dir/depcomp ../tap-common-setup.dir/install-sh ../tap-common-setup.dir/missing .
++ fetch_tap_driver
++ AM_TAP_AWK=gawk
++ export AM_TAP_AWK
++ get_shell_script tap-driver.sh tap-driver
++ am_source=tap-driver.sh
++ am_target=tap-driver
++ test '!' -f tap-driver
++ test x = xyes
++ cp -f /sources/automake-1.16.1/lib/tap-driver.sh tap-driver
++ sed 10q tap-driver
#! /bin/sh
# Copyright (C) 2011-2018 Free Software Foundation, Inc.
#
# This program is free software; you can redistribute it and/or modify
# it under the terms of the GNU General Public License as published by
# the Free Software Foundation; either version 2, or (at your option)
# any later version.
#
# This program is distributed in the hope that it will be useful,
# but WITHOUT ANY WARRANTY; without even the implied warranty of
++ unset am_target am_source
++ test -f Makefile.am~
++ mv -f Makefile.am~ Makefile.am
++ echo 'TEST_LOG_DRIVER = $(srcdir)/tap-driver'
++ automake-1.16 --foreign -Werror -Wall Makefile
++ ./config.status Makefile
config.status: creating Makefile
++ :
+ run_make -O -e FAIL check
+ am__make_redirect_stdout=no
+ am__make_redirect_stderr=no
+ am__make_redirect_stdall=no
+ am__make_flags=
+ am__make_rc_exp=0
+ am_make_rc=0
+ test 4 -gt 0
+ case $1 in
+ am__make_redirect_stdout=yes
+ shift
+ test 3 -gt 0
+ case $1 in
+ am__make_rc_exp=FAIL
+ shift
+ shift
+ test 1 -gt 0
+ case $1 in
+ break
+ using_gmake
+ case $am__using_gmake in
+ make --version -v
+ grep GNU
GNU Make 4.2.1
License GPLv3+: GNU GPL version 3 or later <http://gnu.org/licenses/gpl.html>
+ am__using_gmake=yes
+ return 0
+ :
+ test x '!=' x
+ : exec make check
+ set +x
make[2]: *** [Makefile:474: test-suite.log] Error 1
make[1]: *** [Makefile:582: check-TESTS] Error 2
make: *** [Makefile:774: check-am] Error 2
+ am_make_rc=2
+ test 2 -eq 253
+ test no = yes
+ test yes = yes
+ cat stdout
make  check-TESTS
make[1]: Entering directory '/sources/automake-1.16.1/t/tap-exit.dir'
make[2]: Entering directory '/sources/automake-1.16.1/t/tap-exit.dir'
PASS: exit1.test 1
ERROR: exit1.test - exited with status 1
PASS: exit2.test 1
ERROR: exit2.test - exited with status 2
PASS: exit77.test 1
ERROR: exit77.test - exited with status 77
PASS: exit99.test 1
ERROR: exit99.test - exited with status 99
============================================================================
Testsuite summary for tap-common-setup 1.0
============================================================================
# TOTAL: 8
# PASS:  4
# SKIP:  0
# XFAIL: 0
# FAIL:  0
# XPASS: 0
# ERROR: 4
============================================================================
See ./test-suite.log
============================================================================
make[2]: Leaving directory '/sources/automake-1.16.1/t/tap-exit.dir'
make[1]: Leaving directory '/sources/automake-1.16.1/t/tap-exit.dir'
+ test no = yes
+ case $am__make_rc_exp in
+ test 2 -gt 0
+ count_test_results total=8 pass=4 fail=0 xpass=0 xfail=0 skip=0 error=4
+ total=ERR
+ pass=ERR
+ fail=ERR
+ xpass=ERR
+ xfail=ERR
+ skip=ERR
+ error=ERR
+ eval total=8 pass=4 fail=0 xpass=0 xfail=0 skip=0 error=4
++ total=8
++ pass=4
++ fail=0
++ xpass=0
++ xfail=0
++ skip=0
++ error=4
+ /bin/grep -E -i '(total|x?pass|x?fail|skip|error)' stdout
PASS: exit1.test 1
ERROR: exit1.test - exited with status 1
PASS: exit2.test 1
ERROR: exit2.test - exited with status 2
PASS: exit77.test 1
ERROR: exit77.test - exited with status 77
PASS: exit99.test 1
ERROR: exit99.test - exited with status 99
# TOTAL: 8
# PASS:  4
# SKIP:  0
# XFAIL: 0
# FAIL:  0
# XPASS: 0
# ERROR: 4
+ rc=0
+ set +e
++ grep -c '^PASS:' stdout
+ test 4 -eq 4
++ grep -c '^XFAIL:' stdout
+ test 0 -eq 0
++ grep -c '^SKIP:' stdout
+ test 0 -eq 0
++ grep -c '^FAIL:' stdout
+ test 0 -eq 0
++ grep -c '^XPASS:' stdout
+ test 0 -eq 0
++ grep -c '^ERROR:' stdout
+ test 4 -eq 4
+ grep '^# TOTAL:  *8$' stdout
# TOTAL: 8
+ grep '^# PASS:  *4$' stdout
# PASS:  4
+ grep '^# XFAIL:  *0$' stdout
# XFAIL: 0
+ grep '^# SKIP:  *0$' stdout
# SKIP:  0
+ grep '^# FAIL:  *0$' stdout
# FAIL:  0
+ grep '^# XPASS:  *0$' stdout
# XPASS: 0
+ grep '^# ERROR:  *4$' stdout
# ERROR: 4
+ test 0 -eq 0
+ grep '^ERROR: exit1\.test - exited with status 1$' stdout
ERROR: exit1.test - exited with status 1
+ grep '^ERROR: exit2\.test - exited with status 2$' stdout
ERROR: exit2.test - exited with status 2
+ grep '^ERROR: exit77\.test - exited with status 77$' stdout
ERROR: exit77.test - exited with status 77
+ grep '^ERROR: exit99\.test - exited with status 99$' stdout
ERROR: exit99.test - exited with status 99
+ echo TEST_LOG_DRIVER_FLAGS = --ignore-exit
+ run_make -O check
+ am__make_redirect_stdout=no
+ am__make_redirect_stderr=no
+ am__make_redirect_stdall=no
+ am__make_flags=
+ am__make_rc_exp=0
+ am_make_rc=0
+ test 2 -gt 0
+ case $1 in
+ am__make_redirect_stdout=yes
+ shift
+ test 1 -gt 0
+ case $1 in
+ break
+ using_gmake
+ case $am__using_gmake in
+ return 0
+ :
+ test x '!=' x
+ : exec make check
+ set +x
+ test 0 -eq 253
+ test no = yes
+ test yes = yes
+ cat stdout
make  check-TESTS
make[1]: Entering directory '/sources/automake-1.16.1/t/tap-exit.dir'
make[2]: Entering directory '/sources/automake-1.16.1/t/tap-exit.dir'
PASS: exit1.test 1
PASS: exit2.test 1
PASS: exit77.test 1
PASS: exit99.test 1
============================================================================
Testsuite summary for tap-common-setup 1.0
============================================================================
# TOTAL: 4
# PASS:  4
# SKIP:  0
# XFAIL: 0
# FAIL:  0
# XPASS: 0
# ERROR: 0
============================================================================
make[2]: Leaving directory '/sources/automake-1.16.1/t/tap-exit.dir'
make[1]: Leaving directory '/sources/automake-1.16.1/t/tap-exit.dir'
+ test no = yes
+ case $am__make_rc_exp in
+ test 0 -ge 0
+ test 0 -le 255
+ test 0 -eq 0
+ count_test_results total=4 pass=4 fail=0 xpass=0 xfail=0 skip=0 error=0
+ total=ERR
+ pass=ERR
+ fail=ERR
+ xpass=ERR
+ xfail=ERR
+ skip=ERR
+ error=ERR
+ eval total=4 pass=4 fail=0 xpass=0 xfail=0 skip=0 error=0
++ total=4
++ pass=4
++ fail=0
++ xpass=0
++ xfail=0
++ skip=0
++ error=0
+ /bin/grep -E -i '(total|x?pass|x?fail|skip|error)' stdout
PASS: exit1.test 1
PASS: exit2.test 1
PASS: exit77.test 1
PASS: exit99.test 1
# TOTAL: 4
# PASS:  4
# SKIP:  0
# XFAIL: 0
# FAIL:  0
# XPASS: 0
# ERROR: 0
+ rc=0
+ set +e
++ grep -c '^PASS:' stdout
+ test 4 -eq 4
++ grep -c '^XFAIL:' stdout
+ test 0 -eq 0
++ grep -c '^SKIP:' stdout
+ test 0 -eq 0
++ grep -c '^FAIL:' stdout
+ test 0 -eq 0
++ grep -c '^XPASS:' stdout
+ test 0 -eq 0
++ grep -c '^ERROR:' stdout
+ test 0 -eq 0
+ grep '^# TOTAL:  *4$' stdout
# TOTAL: 4
+ grep '^# PASS:  *4$' stdout
# PASS:  4
+ grep '^# XFAIL:  *0$' stdout
# XFAIL: 0
+ grep '^# SKIP:  *0$' stdout
# SKIP:  0
+ grep '^# FAIL:  *0$' stdout
# FAIL:  0
+ grep '^# XPASS:  *0$' stdout
# XPASS: 0
+ grep '^# ERROR:  *0$' stdout
# ERROR: 0
+ test 0 -eq 0
+ :
+ am_exit_trap 0
+ exit_status=0
+ set +e
+ cd /sources/automake-1.16.1
+ test none = tap
+ case $am_explicit_skips in
+ test 0 -eq 0
+ am_keeping_testdirs
+ case $keep_testdirs in
+ return 1
+ rm_rf_ t/tap-exit.dir
+ test 1 -gt 0
+ /usr/bin/perl /sources/automake-1.16.1/t/ax/deltree.pl t/tap-exit.dir
+ set +x
PASS t/tap-exit.sh (exit status: 0)
