Running from installcheck: no
Test Protocol: none
PATH = /sources/automake-1.16.1/bin:/sources/automake-1.16.1/t/ax:/bin:/usr/bin:/sbin:/usr/sbin:/tools/bin
++ pwd
/sources/automake-1.16.1/t/tar-override.dir
++ pwd
+ cwd=/sources/automake-1.16.1/t/tar-override.dir
+ echo AC_OUTPUT
+ cat
+ chmod a+x am--tar
+ cat
+ aclocal-1.16 -Werror
+ autoconf
+ automake-1.16 --foreign -Werror -Wall
+ ./configure
checking for a BSD-compatible install... /usr/bin/install -c
checking whether build environment is sane... yes
checking for a thread-safe mkdir -p... /tools/bin/mkdir -p
checking for gawk... gawk
checking whether make sets $(MAKE)... yes
checking whether make supports nested variables... yes
checking that generated files are newer than configure... done
configure: creating ./config.status
config.status: creating Makefile
+ make dist
make  dist-gzip am__post_remove_distdir='@:'
make[1]: Entering directory '/sources/automake-1.16.1/t/tar-override.dir'
make  distdir-am
make[2]: Entering directory '/sources/automake-1.16.1/t/tar-override.dir'
if test -d "tar-override-1.0"; then find "tar-override-1.0" -type d ! -perm -200 -exec chmod u+w {} ';' && rm -rf "tar-override-1.0" || { sleep 5 && rm -rf "tar-override-1.0"; }; else :; fi
test -d "tar-override-1.0" || mkdir "tar-override-1.0"
test -n "" \
|| find "tar-override-1.0" -type d ! -perm -755 \
	-exec chmod u+rwx,go+rx {} \; -o \
  ! -type d ! -perm -444 -links 1 -exec chmod a+r {} \; -o \
  ! -type d ! -perm -400 -exec chmod a+r {} \; -o \
  ! -type d ! -perm -444 -exec /bin/sh /sources/automake-1.16.1/t/tar-override.dir/install-sh -c -m a+r {} {} \; \
|| chmod -R a+r "tar-override-1.0"
make[2]: Leaving directory '/sources/automake-1.16.1/t/tar-override.dir'
tardir=tar-override-1.0 && ${TAR-tar} chof - "$tardir" | eval GZIP= gzip --best -c >tar-override-1.0.tar.gz
make[1]: Leaving directory '/sources/automake-1.16.1/t/tar-override.dir'
if test -d "tar-override-1.0"; then find "tar-override-1.0" -type d ! -perm -200 -exec chmod u+w {} ';' && rm -rf "tar-override-1.0" || { sleep 5 && rm -rf "tar-override-1.0"; }; else :; fi
+ test -f tar-override-1.0.tar.gz
+ ls
+ grep has-run
+ clean_temp
+ rm -f tar-override-1.0.tar.gz '*has-run*'
+ TAR='/sources/automake-1.16.1/t/tar-override.dir/am--tar foo'
+ make distcheck
make  dist-gzip am__post_remove_distdir='@:'
make[1]: Entering directory '/sources/automake-1.16.1/t/tar-override.dir'
make  distdir-am
make[2]: Entering directory '/sources/automake-1.16.1/t/tar-override.dir'
if test -d "tar-override-1.0"; then find "tar-override-1.0" -type d ! -perm -200 -exec chmod u+w {} ';' && rm -rf "tar-override-1.0" || { sleep 5 && rm -rf "tar-override-1.0"; }; else :; fi
test -d "tar-override-1.0" || mkdir "tar-override-1.0"
test -n "" \
|| find "tar-override-1.0" -type d ! -perm -755 \
	-exec chmod u+rwx,go+rx {} \; -o \
  ! -type d ! -perm -444 -links 1 -exec chmod a+r {} \; -o \
  ! -type d ! -perm -400 -exec chmod a+r {} \; -o \
  ! -type d ! -perm -444 -exec /bin/sh /sources/automake-1.16.1/t/tar-override.dir/install-sh -c -m a+r {} {} \; \
|| chmod -R a+r "tar-override-1.0"
make[2]: Leaving directory '/sources/automake-1.16.1/t/tar-override.dir'
tardir=tar-override-1.0 && ${TAR-tar} chof - "$tardir" | eval GZIP= gzip --best -c >tar-override-1.0.tar.gz
make[1]: Leaving directory '/sources/automake-1.16.1/t/tar-override.dir'
if test -d "tar-override-1.0"; then find "tar-override-1.0" -type d ! -perm -200 -exec chmod u+w {} ';' && rm -rf "tar-override-1.0" || { sleep 5 && rm -rf "tar-override-1.0"; }; else :; fi
case 'tar-override-1.0.tar.gz' in \
*.tar.gz*) \
  eval GZIP= gzip --best -dc tar-override-1.0.tar.gz | ${TAR-tar} xf - ;;\
*.tar.bz2*) \
  bzip2 -dc tar-override-1.0.tar.bz2 | ${TAR-tar} xf - ;;\
*.tar.lz*) \
  lzip -dc tar-override-1.0.tar.lz | ${TAR-tar} xf - ;;\
*.tar.xz*) \
  xz -dc tar-override-1.0.tar.xz | ${TAR-tar} xf - ;;\
*.tar.Z*) \
  uncompress -c tar-override-1.0.tar.Z | ${TAR-tar} xf - ;;\
*.shar.gz*) \
  eval GZIP= gzip --best -dc tar-override-1.0.shar.gz | unshar ;;\
*.zip*) \
  unzip tar-override-1.0.zip ;;\
esac
chmod -R a-w tar-override-1.0
chmod u+w tar-override-1.0
mkdir tar-override-1.0/_build tar-override-1.0/_build/sub tar-override-1.0/_inst
chmod a-w tar-override-1.0
test -d tar-override-1.0/_build || exit 0; \
dc_install_base=`CDPATH="${ZSH_VERSION+.}:" && cd tar-override-1.0/_inst && pwd | sed -e 's,^[^:\\/]:[\\/],/,'` \
  && dc_destdir="${TMPDIR-/tmp}/am-dc-$$/" \
  && am__cwd=`pwd` \
  && CDPATH="${ZSH_VERSION+.}:" && cd tar-override-1.0/_build/sub \
  && ../../configure \
     \
     \
    --srcdir=../.. --prefix="$dc_install_base" \
  && make  \
  && make  dvi \
  && make  check \
  && make  install \
  && make  installcheck \
  && make  uninstall \
  && make  distuninstallcheck_dir="$dc_install_base" \
        distuninstallcheck \
  && chmod -R a-w "$dc_install_base" \
  && ({ \
       (cd ../.. && umask 077 && mkdir "$dc_destdir") \
       && make  DESTDIR="$dc_destdir" install \
       && make  DESTDIR="$dc_destdir" uninstall \
       && make  DESTDIR="$dc_destdir" \
            distuninstallcheck_dir="$dc_destdir" distuninstallcheck; \
      } || { rm -rf "$dc_destdir"; exit 1; }) \
  && rm -rf "$dc_destdir" \
  && make  dist \
  && rm -rf tar-override-1.0.tar.gz \
  && make  distcleancheck \
  && cd "$am__cwd" \
  || exit 1
checking for a BSD-compatible install... /usr/bin/install -c
checking whether build environment is sane... yes
checking for a thread-safe mkdir -p... /tools/bin/mkdir -p
checking for gawk... gawk
checking whether make sets $(MAKE)... yes
checking whether make supports nested variables... yes
checking that generated files are newer than configure... done
configure: creating ./config.status
config.status: creating Makefile
make[1]: Entering directory '/sources/automake-1.16.1/t/tar-override.dir/tar-override-1.0/_build/sub'
make[1]: Nothing to be done for 'all'.
make[1]: Leaving directory '/sources/automake-1.16.1/t/tar-override.dir/tar-override-1.0/_build/sub'
make[1]: Entering directory '/sources/automake-1.16.1/t/tar-override.dir/tar-override-1.0/_build/sub'
make[1]: Nothing to be done for 'dvi'.
make[1]: Leaving directory '/sources/automake-1.16.1/t/tar-override.dir/tar-override-1.0/_build/sub'
make[1]: Entering directory '/sources/automake-1.16.1/t/tar-override.dir/tar-override-1.0/_build/sub'
make  check-local
make[2]: Entering directory '/sources/automake-1.16.1/t/tar-override.dir/tar-override-1.0/_build/sub'
make  dist-gzip am__post_remove_distdir='@:'
make[3]: Entering directory '/sources/automake-1.16.1/t/tar-override.dir/tar-override-1.0/_build/sub'
make  distdir-am
make[4]: Entering directory '/sources/automake-1.16.1/t/tar-override.dir/tar-override-1.0/_build/sub'
if test -d "tar-override-1.0"; then find "tar-override-1.0" -type d ! -perm -200 -exec chmod u+w {} ';' && rm -rf "tar-override-1.0" || { sleep 5 && rm -rf "tar-override-1.0"; }; else :; fi
test -d "tar-override-1.0" || mkdir "tar-override-1.0"
test -n "" \
|| find "tar-override-1.0" -type d ! -perm -755 \
	-exec chmod u+rwx,go+rx {} \; -o \
  ! -type d ! -perm -444 -links 1 -exec chmod a+r {} \; -o \
  ! -type d ! -perm -400 -exec chmod a+r {} \; -o \
  ! -type d ! -perm -444 -exec /bin/sh /sources/automake-1.16.1/t/tar-override.dir/tar-override-1.0/install-sh -c -m a+r {} {} \; \
|| chmod -R a+r "tar-override-1.0"
make[4]: Leaving directory '/sources/automake-1.16.1/t/tar-override.dir/tar-override-1.0/_build/sub'
tardir=tar-override-1.0 && ${TAR-tar} chof - "$tardir" | eval GZIP= gzip --best -c >tar-override-1.0.tar.gz
make[3]: Leaving directory '/sources/automake-1.16.1/t/tar-override.dir/tar-override-1.0/_build/sub'
if test -d "tar-override-1.0"; then find "tar-override-1.0" -type d ! -perm -200 -exec chmod u+w {} ';' && rm -rf "tar-override-1.0" || { sleep 5 && rm -rf "tar-override-1.0"; }; else :; fi
ls -l ;: For debugging.
total 120
-rw-r--r-- 1 root root 17842 Nov 27 06:50 Makefile
-rw-r--r-- 1 root root     4 Nov 27 06:50 am--tar-has-run
-rw-r--r-- 1 root root  5228 Nov 27 06:50 config.log
-rwxr-xr-x 1 root root 25647 Nov 27 06:50 config.status
-rw-r--r-- 1 root root 60942 Nov 27 06:50 tar-override-1.0.tar.gz
test -f am--tar-has-run
make[2]: Leaving directory '/sources/automake-1.16.1/t/tar-override.dir/tar-override-1.0/_build/sub'
make[1]: Leaving directory '/sources/automake-1.16.1/t/tar-override.dir/tar-override-1.0/_build/sub'
make[1]: Entering directory '/sources/automake-1.16.1/t/tar-override.dir/tar-override-1.0/_build/sub'
make[2]: Entering directory '/sources/automake-1.16.1/t/tar-override.dir/tar-override-1.0/_build/sub'
make[2]: Nothing to be done for 'install-exec-am'.
make[2]: Nothing to be done for 'install-data-am'.
make[2]: Leaving directory '/sources/automake-1.16.1/t/tar-override.dir/tar-override-1.0/_build/sub'
make[1]: Leaving directory '/sources/automake-1.16.1/t/tar-override.dir/tar-override-1.0/_build/sub'
make[1]: Entering directory '/sources/automake-1.16.1/t/tar-override.dir/tar-override-1.0/_build/sub'
make[1]: Nothing to be done for 'installcheck'.
make[1]: Leaving directory '/sources/automake-1.16.1/t/tar-override.dir/tar-override-1.0/_build/sub'
make[1]: Entering directory '/sources/automake-1.16.1/t/tar-override.dir/tar-override-1.0/_build/sub'
make[1]: Nothing to be done for 'uninstall'.
make[1]: Leaving directory '/sources/automake-1.16.1/t/tar-override.dir/tar-override-1.0/_build/sub'
make[1]: Entering directory '/sources/automake-1.16.1/t/tar-override.dir/tar-override-1.0/_build/sub'
make[1]: Leaving directory '/sources/automake-1.16.1/t/tar-override.dir/tar-override-1.0/_build/sub'
make[1]: Entering directory '/sources/automake-1.16.1/t/tar-override.dir/tar-override-1.0/_build/sub'
make[2]: Entering directory '/sources/automake-1.16.1/t/tar-override.dir/tar-override-1.0/_build/sub'
make[2]: Nothing to be done for 'install-exec-am'.
make[2]: Nothing to be done for 'install-data-am'.
make[2]: Leaving directory '/sources/automake-1.16.1/t/tar-override.dir/tar-override-1.0/_build/sub'
make[1]: Leaving directory '/sources/automake-1.16.1/t/tar-override.dir/tar-override-1.0/_build/sub'
make[1]: Entering directory '/sources/automake-1.16.1/t/tar-override.dir/tar-override-1.0/_build/sub'
make[1]: Nothing to be done for 'uninstall'.
make[1]: Leaving directory '/sources/automake-1.16.1/t/tar-override.dir/tar-override-1.0/_build/sub'
make[1]: Entering directory '/sources/automake-1.16.1/t/tar-override.dir/tar-override-1.0/_build/sub'
make[1]: Leaving directory '/sources/automake-1.16.1/t/tar-override.dir/tar-override-1.0/_build/sub'
make[1]: Entering directory '/sources/automake-1.16.1/t/tar-override.dir/tar-override-1.0/_build/sub'
make  dist-gzip am__post_remove_distdir='@:'
make[2]: Entering directory '/sources/automake-1.16.1/t/tar-override.dir/tar-override-1.0/_build/sub'
make  distdir-am
make[3]: Entering directory '/sources/automake-1.16.1/t/tar-override.dir/tar-override-1.0/_build/sub'
if test -d "tar-override-1.0"; then find "tar-override-1.0" -type d ! -perm -200 -exec chmod u+w {} ';' && rm -rf "tar-override-1.0" || { sleep 5 && rm -rf "tar-override-1.0"; }; else :; fi
test -d "tar-override-1.0" || mkdir "tar-override-1.0"
test -n "" \
|| find "tar-override-1.0" -type d ! -perm -755 \
	-exec chmod u+rwx,go+rx {} \; -o \
  ! -type d ! -perm -444 -links 1 -exec chmod a+r {} \; -o \
  ! -type d ! -perm -400 -exec chmod a+r {} \; -o \
  ! -type d ! -perm -444 -exec /bin/sh /sources/automake-1.16.1/t/tar-override.dir/tar-override-1.0/install-sh -c -m a+r {} {} \; \
|| chmod -R a+r "tar-override-1.0"
make[3]: Leaving directory '/sources/automake-1.16.1/t/tar-override.dir/tar-override-1.0/_build/sub'
tardir=tar-override-1.0 && ${TAR-tar} chof - "$tardir" | eval GZIP= gzip --best -c >tar-override-1.0.tar.gz
make[2]: Leaving directory '/sources/automake-1.16.1/t/tar-override.dir/tar-override-1.0/_build/sub'
if test -d "tar-override-1.0"; then find "tar-override-1.0" -type d ! -perm -200 -exec chmod u+w {} ';' && rm -rf "tar-override-1.0" || { sleep 5 && rm -rf "tar-override-1.0"; }; else :; fi
make[1]: Leaving directory '/sources/automake-1.16.1/t/tar-override.dir/tar-override-1.0/_build/sub'
make[1]: Entering directory '/sources/automake-1.16.1/t/tar-override.dir/tar-override-1.0/_build/sub'
test -z "am--tar-has-run" || rm -f am--tar-has-run
test -z "" || rm -f 
test . = "../.." || test -z "" || rm -f 
rm -f config.status config.cache config.log configure.lineno config.status.lineno
rm -f Makefile
make[1]: Leaving directory '/sources/automake-1.16.1/t/tar-override.dir/tar-override-1.0/_build/sub'
if test -d "tar-override-1.0"; then find "tar-override-1.0" -type d ! -perm -200 -exec chmod u+w {} ';' && rm -rf "tar-override-1.0" || { sleep 5 && rm -rf "tar-override-1.0"; }; else :; fi
==================================================
tar-override-1.0 archives ready for distribution: 
tar-override-1.0.tar.gz
==================================================
+ test -f tar-override-1.0.tar.gz
++ cat am--tar-has-run
+ test foo = foo
+ clean_temp
+ rm -f tar-override-1.0.tar.gz am--tar-has-run
+ unset TAR
+ eval '$MAKE dist "TAR=./am--tar mu"'
++ make dist 'TAR=./am--tar mu'
make  dist-gzip am__post_remove_distdir='@:'
make[1]: Entering directory '/sources/automake-1.16.1/t/tar-override.dir'
make  distdir-am
make[2]: Entering directory '/sources/automake-1.16.1/t/tar-override.dir'
if test -d "tar-override-1.0"; then find "tar-override-1.0" -type d ! -perm -200 -exec chmod u+w {} ';' && rm -rf "tar-override-1.0" || { sleep 5 && rm -rf "tar-override-1.0"; }; else :; fi
test -d "tar-override-1.0" || mkdir "tar-override-1.0"
test -n "" \
|| find "tar-override-1.0" -type d ! -perm -755 \
	-exec chmod u+rwx,go+rx {} \; -o \
  ! -type d ! -perm -444 -links 1 -exec chmod a+r {} \; -o \
  ! -type d ! -perm -400 -exec chmod a+r {} \; -o \
  ! -type d ! -perm -444 -exec /bin/sh /sources/automake-1.16.1/t/tar-override.dir/install-sh -c -m a+r {} {} \; \
|| chmod -R a+r "tar-override-1.0"
make[2]: Leaving directory '/sources/automake-1.16.1/t/tar-override.dir'
tardir=tar-override-1.0 && ${TAR-tar} chof - "$tardir" | eval GZIP= gzip --best -c >tar-override-1.0.tar.gz
make[1]: Leaving directory '/sources/automake-1.16.1/t/tar-override.dir'
if test -d "tar-override-1.0"; then find "tar-override-1.0" -type d ! -perm -200 -exec chmod u+w {} ';' && rm -rf "tar-override-1.0" || { sleep 5 && rm -rf "tar-override-1.0"; }; else :; fi
+ test -f tar-override-1.0.tar.gz
++ cat am--tar-has-run
+ test mu = mu
+ :
+ am_exit_trap 0
+ exit_status=0
+ set +e
+ cd /sources/automake-1.16.1
+ test none = tap
+ case $am_explicit_skips in
+ test 0 -eq 0
+ am_keeping_testdirs
+ case $keep_testdirs in
+ return 1
+ rm_rf_ t/tar-override.dir
+ test 1 -gt 0
+ /usr/bin/perl /sources/automake-1.16.1/t/ax/deltree.pl t/tar-override.dir
+ set +x
PASS t/tar-override.sh (exit status: 0)
