Running from installcheck: no
Test Protocol: none
PATH = /sources/automake-1.16.1/bin:/sources/automake-1.16.1/t/ax:/bin:/usr/bin:/sbin:/usr/sbin:/tools/bin
++ pwd
/sources/automake-1.16.1/t/txinfo-other-suffixes.dir
+ cat
+ echo '@setfilename foo.info'
+ echo '@setfilename bar.info'
+ :
+ aclocal-1.16 -Werror
+ AUTOMAKE_fails
+ AUTOMAKE_run -e 1
+ am__desc=
+ am__exp_rc=0
+ test 2 -gt 0
+ case $1 in
+ am__exp_rc=1
+ shift
+ shift
+ test 0 -gt 0
+ am__got_rc=0
+ automake-1.16 --foreign -Werror -Wall
+ am__got_rc=1
+ cat stderr
automake-1.16: warnings are treated as errors
Makefile.am:1: warning: suffix '.txi' for Texinfo files is discouraged; use '.texi' instead
Makefile.am:1: warning: suffix '.texinfo' for Texinfo files is discouraged; use '.texi' instead
+ cat stdout
+ test none = none
+ test 1 -eq 1
+ return
+ grep '^Makefile\.am:.*suffix '\''.txi'\''.*Texinfo file.*discouraged' stderr
Makefile.am:1: warning: suffix '.txi' for Texinfo files is discouraged; use '.texi' instead
+ grep '^Makefile\.am:.*suffix '\''.texinfo'\''.*Texinfo file.*discouraged' stderr
Makefile.am:1: warning: suffix '.texinfo' for Texinfo files is discouraged; use '.texi' instead
+ grep '^Makefile\.am:.* use '\''.texi'\'' instead' stderr
Makefile.am:1: warning: suffix '.txi' for Texinfo files is discouraged; use '.texi' instead
Makefile.am:1: warning: suffix '.texinfo' for Texinfo files is discouraged; use '.texi' instead
+ automake-1.16 --foreign -Werror -Wall -Wno-obsolete
+ grep '^\.txi\.info: *$' Makefile.in
.txi.info:
+ grep '^\.texinfo\.info: *$' Makefile.in
.texinfo.info:
+ :
+ am_exit_trap 0
+ exit_status=0
+ set +e
+ cd /sources/automake-1.16.1
+ test none = tap
+ case $am_explicit_skips in
+ test 0 -eq 0
+ am_keeping_testdirs
+ case $keep_testdirs in
+ return 1
+ rm_rf_ t/txinfo-other-suffixes.dir
+ test 1 -gt 0
+ /usr/bin/perl /sources/automake-1.16.1/t/ax/deltree.pl t/txinfo-other-suffixes.dir
+ set +x
PASS t/txinfo-other-suffixes.sh (exit status: 0)
