txinfo-no-installinfo: running makeinfo --version
Unescaped left brace in regex is deprecated here (and will be fatal in Perl 5.32), passed through in regex; marked by <-- HERE in m/^\s+@([[:alnum:]][[:alnum:]\-]*)({ <-- HERE })?\s*/ at /tools/share/texinfo/Texinfo/Parser.pm line 5481.
Unescaped left brace in regex is deprecated here (and will be fatal in Perl 5.32), passed through in regex; marked by <-- HERE in m/^\s+@([[:alnum:]][[:alnum:]\-]*)({ <-- HERE })?\s*(\@(c|comment)((\@|\s+).*)?)?/ at /tools/share/texinfo/Texinfo/Parser.pm line 5485.
texi2any (GNU texinfo) 6.5

Copyright (C) 2017 Free Software Foundation, Inc.
License GPLv3+: GNU GPL version 3 or later <http://gnu.org/licenses/gpl.html>
This is free software: you are free to change and redistribute it.
There is NO WARRANTY, to the extent permitted by law.
Running from installcheck: no
Test Protocol: none
PATH = /sources/automake-1.16.1/bin:/sources/automake-1.16.1/t/ax:/bin:/usr/bin:/sbin:/usr/sbin:/tools/bin
++ pwd
/sources/automake-1.16.1/t/txinfo-no-installinfo.dir
+ echo AC_OUTPUT
+ cat
+ cat
+ aclocal-1.16 -Werror
+ automake-1.16 --foreign -Werror -Wall --add-missing
Makefile.am:1: installing './mdate-sh'
Makefile.am:1: installing './texinfo.tex'
+ autoconf
++ pwd
++ pwd
+ ./configure --prefix=/sources/automake-1.16.1/t/txinfo-no-installinfo.dir/inst --infodir=/sources/automake-1.16.1/t/txinfo-no-installinfo.dir/inst/info
checking for a BSD-compatible install... /usr/bin/install -c
checking whether build environment is sane... yes
checking for a thread-safe mkdir -p... /tools/bin/mkdir -p
checking for gawk... gawk
checking whether make sets $(MAKE)... yes
checking whether make supports nested variables... yes
checking that generated files are newer than configure... done
configure: creating ./config.status
config.status: creating Makefile
+ make install-info
Updating ./version.texi
restore=: && backupdir=".am$$" && \
am__cwd=`pwd` && CDPATH="${ZSH_VERSION+.}:" && cd . && \
rm -rf $backupdir && mkdir $backupdir && \
if (/bin/sh /sources/automake-1.16.1/t/txinfo-no-installinfo.dir/missing makeinfo --version) >/dev/null 2>&1; then \
  for f in main.info main.info-[0-9] main.info-[0-9][0-9] main.i[0-9] main.i[0-9][0-9]; do \
    if test -f $f; then mv $f $backupdir; restore=mv; else :; fi; \
  done; \
else :; fi && \
cd "$am__cwd"; \
if /bin/sh /sources/automake-1.16.1/t/txinfo-no-installinfo.dir/missing makeinfo   -I . \
 -o main.info main.texi; \
then \
  rc=0; \
  CDPATH="${ZSH_VERSION+.}:" && cd .; \
else \
  rc=$?; \
  CDPATH="${ZSH_VERSION+.}:" && cd . && \
  $restore $backupdir/* `echo "./main.info" | sed 's|[^/]*$||'`; \
fi; \
rm -rf $backupdir; exit $rc
Unescaped left brace in regex is deprecated here (and will be fatal in Perl 5.32), passed through in regex; marked by <-- HERE in m/^\s+@([[:alnum:]][[:alnum:]\-]*)({ <-- HERE })?\s*/ at /tools/share/texinfo/Texinfo/Parser.pm line 5481.
Unescaped left brace in regex is deprecated here (and will be fatal in Perl 5.32), passed through in regex; marked by <-- HERE in m/^\s+@([[:alnum:]][[:alnum:]\-]*)({ <-- HERE })?\s*(\@(c|comment)((\@|\s+).*)?)?/ at /tools/share/texinfo/Texinfo/Parser.pm line 5485.
 /tools/bin/mkdir -p '/sources/automake-1.16.1/t/txinfo-no-installinfo.dir/inst/info'
 /usr/bin/install -c -m 644 ./main.info '/sources/automake-1.16.1/t/txinfo-no-installinfo.dir/inst/info'
 install-info --info-dir='/sources/automake-1.16.1/t/txinfo-no-installinfo.dir/inst/info' '/sources/automake-1.16.1/t/txinfo-no-installinfo.dir/inst/info/main.info'
install-info: warning: no info dir entry in `/sources/automake-1.16.1/t/txinfo-no-installinfo.dir/inst/info/main.info'
+ test -f inst/info/main.info
+ :
+ am_exit_trap 0
+ exit_status=0
+ set +e
+ cd /sources/automake-1.16.1
+ test none = tap
+ case $am_explicit_skips in
+ test 0 -eq 0
+ am_keeping_testdirs
+ case $keep_testdirs in
+ return 1
+ rm_rf_ t/txinfo-no-installinfo.dir
+ test 1 -gt 0
+ /usr/bin/perl /sources/automake-1.16.1/t/ax/deltree.pl t/txinfo-no-installinfo.dir
+ set +x
PASS t/txinfo-no-installinfo.sh (exit status: 0)
