Running from installcheck: no
Test Protocol: none
PATH = /sources/automake-1.16.1/bin:/sources/automake-1.16.1/t/ax:/bin:/usr/bin:/sbin:/usr/sbin:/tools/bin
++ pwd
/sources/automake-1.16.1/t/txinfo-unrecognized-extension.dir
+ cat
+ echo '@setfilename foobar.info'
+ echo '@setfilename bazquux.info'
+ echo '@setfilename zardoz.info'
+ :
+ aclocal-1.16 -Werror
+ AUTOMAKE_fails
+ AUTOMAKE_run -e 1
+ am__desc=
+ am__exp_rc=0
+ test 2 -gt 0
+ case $1 in
+ am__exp_rc=1
+ shift
+ shift
+ test 0 -gt 0
+ am__got_rc=0
+ automake-1.16 --foreign -Werror -Wall
+ am__got_rc=1
+ cat stderr
Makefile.am: error: texinfo file 'foobar.foo' has unrecognized extension
Makefile.am: error: texinfo file 'bazquux.tex' has unrecognized extension
Makefile.am: error: texinfo file 'zardoz.c' has unrecognized extension
+ cat stdout
+ test none = none
+ test 1 -eq 1
+ return
+ for x in 'foobar\.foo' 'bazquux\.tex' 'zardoz\.c'
+ grep '^Makefile\.am:.* texinfo file .*foobar\.foo.* unrecognized extension' stderr
Makefile.am: error: texinfo file 'foobar.foo' has unrecognized extension
+ for x in 'foobar\.foo' 'bazquux\.tex' 'zardoz\.c'
+ grep '^Makefile\.am:.* texinfo file .*bazquux\.tex.* unrecognized extension' stderr
Makefile.am: error: texinfo file 'bazquux.tex' has unrecognized extension
+ for x in 'foobar\.foo' 'bazquux\.tex' 'zardoz\.c'
+ grep '^Makefile\.am:.* texinfo file .*zardoz\.c.* unrecognized extension' stderr
Makefile.am: error: texinfo file 'zardoz.c' has unrecognized extension
+ :
+ am_exit_trap 0
+ exit_status=0
+ set +e
+ cd /sources/automake-1.16.1
+ test none = tap
+ case $am_explicit_skips in
+ test 0 -eq 0
+ am_keeping_testdirs
+ case $keep_testdirs in
+ return 1
+ rm_rf_ t/txinfo-unrecognized-extension.dir
+ test 1 -gt 0
+ /usr/bin/perl /sources/automake-1.16.1/t/ax/deltree.pl t/txinfo-unrecognized-extension.dir
+ set +x
PASS t/txinfo-unrecognized-extension.sh (exit status: 0)
