Running from installcheck: no
Test Protocol: none
PATH = /sources/automake-1.16.1/bin:/sources/automake-1.16.1/t/ax:/bin:/usr/bin:/sbin:/usr/sbin:/tools/bin
++ pwd
/sources/automake-1.16.1/t/txinfo-bsd-make-recurs.dir
+ mkdir sub
+ cat
+ cat
+ :
+ aclocal-1.16 -Werror
+ autoconf
+ automake-1.16 --foreign -Werror -Wall
++ pwd
+ ./configure --prefix=/sources/automake-1.16.1/t/txinfo-bsd-make-recurs.dir/inst
checking for a BSD-compatible install... /usr/bin/install -c
checking whether build environment is sane... yes
checking for a thread-safe mkdir -p... /tools/bin/mkdir -p
checking for gawk... gawk
checking whether make sets $(MAKE)... yes
checking whether make supports nested variables... yes
checking that generated files are newer than configure... done
configure: creating ./config.status
config.status: creating Makefile
config.status: creating sub/Makefile
+ make html dvi ps pdf info install-html install-dvi install-ps install-pdf install-info install-man install-data install-exec install uninstall
Making html in sub
make[1]: Entering directory '/sources/automake-1.16.1/t/txinfo-bsd-make-recurs.dir/sub'
make[1]: Nothing to be done for 'html'.
make[1]: Leaving directory '/sources/automake-1.16.1/t/txinfo-bsd-make-recurs.dir/sub'
make[1]: Entering directory '/sources/automake-1.16.1/t/txinfo-bsd-make-recurs.dir'
make[1]: Nothing to be done for 'html-am'.
make[1]: Leaving directory '/sources/automake-1.16.1/t/txinfo-bsd-make-recurs.dir'
Making dvi in sub
make[1]: Entering directory '/sources/automake-1.16.1/t/txinfo-bsd-make-recurs.dir/sub'
make[1]: Nothing to be done for 'dvi'.
make[1]: Leaving directory '/sources/automake-1.16.1/t/txinfo-bsd-make-recurs.dir/sub'
make[1]: Entering directory '/sources/automake-1.16.1/t/txinfo-bsd-make-recurs.dir'
make[1]: Nothing to be done for 'dvi-am'.
make[1]: Leaving directory '/sources/automake-1.16.1/t/txinfo-bsd-make-recurs.dir'
Making ps in sub
make[1]: Entering directory '/sources/automake-1.16.1/t/txinfo-bsd-make-recurs.dir/sub'
make[1]: Nothing to be done for 'ps'.
make[1]: Leaving directory '/sources/automake-1.16.1/t/txinfo-bsd-make-recurs.dir/sub'
make[1]: Entering directory '/sources/automake-1.16.1/t/txinfo-bsd-make-recurs.dir'
make[1]: Nothing to be done for 'ps-am'.
make[1]: Leaving directory '/sources/automake-1.16.1/t/txinfo-bsd-make-recurs.dir'
Making pdf in sub
make[1]: Entering directory '/sources/automake-1.16.1/t/txinfo-bsd-make-recurs.dir/sub'
make[1]: Nothing to be done for 'pdf'.
make[1]: Leaving directory '/sources/automake-1.16.1/t/txinfo-bsd-make-recurs.dir/sub'
make[1]: Entering directory '/sources/automake-1.16.1/t/txinfo-bsd-make-recurs.dir'
make[1]: Nothing to be done for 'pdf-am'.
make[1]: Leaving directory '/sources/automake-1.16.1/t/txinfo-bsd-make-recurs.dir'
Making info in sub
make[1]: Entering directory '/sources/automake-1.16.1/t/txinfo-bsd-make-recurs.dir/sub'
make[1]: Nothing to be done for 'info'.
make[1]: Leaving directory '/sources/automake-1.16.1/t/txinfo-bsd-make-recurs.dir/sub'
make[1]: Entering directory '/sources/automake-1.16.1/t/txinfo-bsd-make-recurs.dir'
make[1]: Nothing to be done for 'info-am'.
make[1]: Leaving directory '/sources/automake-1.16.1/t/txinfo-bsd-make-recurs.dir'
Making install-html in sub
make[1]: Entering directory '/sources/automake-1.16.1/t/txinfo-bsd-make-recurs.dir/sub'
make[1]: Nothing to be done for 'install-html'.
make[1]: Leaving directory '/sources/automake-1.16.1/t/txinfo-bsd-make-recurs.dir/sub'
make[1]: Entering directory '/sources/automake-1.16.1/t/txinfo-bsd-make-recurs.dir'
make[1]: Nothing to be done for 'install-html-am'.
make[1]: Leaving directory '/sources/automake-1.16.1/t/txinfo-bsd-make-recurs.dir'
Making install-dvi in sub
make[1]: Entering directory '/sources/automake-1.16.1/t/txinfo-bsd-make-recurs.dir/sub'
make[1]: Nothing to be done for 'install-dvi'.
make[1]: Leaving directory '/sources/automake-1.16.1/t/txinfo-bsd-make-recurs.dir/sub'
make[1]: Entering directory '/sources/automake-1.16.1/t/txinfo-bsd-make-recurs.dir'
make[1]: Nothing to be done for 'install-dvi-am'.
make[1]: Leaving directory '/sources/automake-1.16.1/t/txinfo-bsd-make-recurs.dir'
Making install-ps in sub
make[1]: Entering directory '/sources/automake-1.16.1/t/txinfo-bsd-make-recurs.dir/sub'
make[1]: Nothing to be done for 'install-ps'.
make[1]: Leaving directory '/sources/automake-1.16.1/t/txinfo-bsd-make-recurs.dir/sub'
make[1]: Entering directory '/sources/automake-1.16.1/t/txinfo-bsd-make-recurs.dir'
make[1]: Nothing to be done for 'install-ps-am'.
make[1]: Leaving directory '/sources/automake-1.16.1/t/txinfo-bsd-make-recurs.dir'
Making install-pdf in sub
make[1]: Entering directory '/sources/automake-1.16.1/t/txinfo-bsd-make-recurs.dir/sub'
make[1]: Nothing to be done for 'install-pdf'.
make[1]: Leaving directory '/sources/automake-1.16.1/t/txinfo-bsd-make-recurs.dir/sub'
make[1]: Entering directory '/sources/automake-1.16.1/t/txinfo-bsd-make-recurs.dir'
make[1]: Nothing to be done for 'install-pdf-am'.
make[1]: Leaving directory '/sources/automake-1.16.1/t/txinfo-bsd-make-recurs.dir'
Making install-info in sub
make[1]: Entering directory '/sources/automake-1.16.1/t/txinfo-bsd-make-recurs.dir/sub'
make[1]: Nothing to be done for 'install-info'.
make[1]: Leaving directory '/sources/automake-1.16.1/t/txinfo-bsd-make-recurs.dir/sub'
make[1]: Entering directory '/sources/automake-1.16.1/t/txinfo-bsd-make-recurs.dir'
make[1]: Nothing to be done for 'install-info-am'.
make[1]: Leaving directory '/sources/automake-1.16.1/t/txinfo-bsd-make-recurs.dir'
make: Nothing to be done for 'install-man'.
Making install-data in sub
make[1]: Entering directory '/sources/automake-1.16.1/t/txinfo-bsd-make-recurs.dir/sub'
make[1]: Nothing to be done for 'install-data'.
make[1]: Leaving directory '/sources/automake-1.16.1/t/txinfo-bsd-make-recurs.dir/sub'
make[1]: Entering directory '/sources/automake-1.16.1/t/txinfo-bsd-make-recurs.dir'
make[1]: Nothing to be done for 'install-data-am'.
make[1]: Leaving directory '/sources/automake-1.16.1/t/txinfo-bsd-make-recurs.dir'
Making install-exec in sub
make[1]: Entering directory '/sources/automake-1.16.1/t/txinfo-bsd-make-recurs.dir/sub'
make[1]: Nothing to be done for 'install-exec'.
make[1]: Leaving directory '/sources/automake-1.16.1/t/txinfo-bsd-make-recurs.dir/sub'
make[1]: Entering directory '/sources/automake-1.16.1/t/txinfo-bsd-make-recurs.dir'
make[1]: Nothing to be done for 'install-exec-am'.
make[1]: Leaving directory '/sources/automake-1.16.1/t/txinfo-bsd-make-recurs.dir'
Making install in sub
make[1]: Entering directory '/sources/automake-1.16.1/t/txinfo-bsd-make-recurs.dir/sub'
make[2]: Entering directory '/sources/automake-1.16.1/t/txinfo-bsd-make-recurs.dir/sub'
make[2]: Nothing to be done for 'install-exec-am'.
make[2]: Nothing to be done for 'install-data-am'.
make[2]: Leaving directory '/sources/automake-1.16.1/t/txinfo-bsd-make-recurs.dir/sub'
make[1]: Leaving directory '/sources/automake-1.16.1/t/txinfo-bsd-make-recurs.dir/sub'
make[1]: Entering directory '/sources/automake-1.16.1/t/txinfo-bsd-make-recurs.dir'
make[2]: Entering directory '/sources/automake-1.16.1/t/txinfo-bsd-make-recurs.dir'
make[2]: Nothing to be done for 'install-exec-am'.
make[2]: Nothing to be done for 'install-data-am'.
make[2]: Leaving directory '/sources/automake-1.16.1/t/txinfo-bsd-make-recurs.dir'
make[1]: Leaving directory '/sources/automake-1.16.1/t/txinfo-bsd-make-recurs.dir'
Making uninstall in sub
make[1]: Entering directory '/sources/automake-1.16.1/t/txinfo-bsd-make-recurs.dir/sub'
make[1]: Nothing to be done for 'uninstall'.
make[1]: Leaving directory '/sources/automake-1.16.1/t/txinfo-bsd-make-recurs.dir/sub'
make[1]: Entering directory '/sources/automake-1.16.1/t/txinfo-bsd-make-recurs.dir'
make[1]: Nothing to be done for 'uninstall-am'.
make[1]: Leaving directory '/sources/automake-1.16.1/t/txinfo-bsd-make-recurs.dir'
+ :
+ am_exit_trap 0
+ exit_status=0
+ set +e
+ cd /sources/automake-1.16.1
+ test none = tap
+ case $am_explicit_skips in
+ test 0 -eq 0
+ am_keeping_testdirs
+ case $keep_testdirs in
+ return 1
+ rm_rf_ t/txinfo-bsd-make-recurs.dir
+ test 1 -gt 0
+ /usr/bin/perl /sources/automake-1.16.1/t/ax/deltree.pl t/txinfo-bsd-make-recurs.dir
+ set +x
PASS t/txinfo-bsd-make-recurs.sh (exit status: 0)
