txinfo-tex-dist: running makeinfo --version
Unescaped left brace in regex is deprecated here (and will be fatal in Perl 5.32), passed through in regex; marked by <-- HERE in m/^\s+@([[:alnum:]][[:alnum:]\-]*)({ <-- HERE })?\s*/ at /tools/share/texinfo/Texinfo/Parser.pm line 5481.
Unescaped left brace in regex is deprecated here (and will be fatal in Perl 5.32), passed through in regex; marked by <-- HERE in m/^\s+@([[:alnum:]][[:alnum:]\-]*)({ <-- HERE })?\s*(\@(c|comment)((\@|\s+).*)?)?/ at /tools/share/texinfo/Texinfo/Parser.pm line 5485.
texi2any (GNU texinfo) 6.5

Copyright (C) 2017 Free Software Foundation, Inc.
License GPLv3+: GNU GPL version 3 or later <http://gnu.org/licenses/gpl.html>
This is free software: you are free to change and redistribute it.
There is NO WARRANTY, to the extent permitted by law.
Running from installcheck: no
Test Protocol: none
PATH = /sources/automake-1.16.1/bin:/sources/automake-1.16.1/t/ax:/bin:/usr/bin:/sbin:/usr/sbin:/tools/bin
++ pwd
/sources/automake-1.16.1/t/txinfo-tex-dist.dir
+ cat
+ cat
+ echo '@setfilename textutils.info'
+ :
+ aclocal-1.16 -Werror
+ autoconf
+ automake-1.16 --foreign -Werror -Wall
+ ./configure
checking for a BSD-compatible install... /usr/bin/install -c
checking whether build environment is sane... yes
checking for a thread-safe mkdir -p... /tools/bin/mkdir -p
checking for gawk... gawk
checking whether make sets $(MAKE)... yes
checking whether make supports nested variables... yes
checking that generated files are newer than configure... done
configure: creating ./config.status
config.status: creating Makefile
+ make test1 test2
DISTFILES = ./Makefile.am ./configure ./configure.ac ./aclocal.m4 ./Makefile.in compile depcomp install-sh missing texinfo.tex textutils.texi
echo ' ' ./Makefile.am ./configure ./configure.ac  ./aclocal.m4 ./Makefile.in compile depcomp install-sh missing texinfo.tex  textutils.texi  ' ' | grep '[ /]texinfo\.tex '
  ./Makefile.am ./configure ./configure.ac ./aclocal.m4 ./Makefile.in compile depcomp install-sh missing texinfo.tex textutils.texi  
make  distdir-am
make[1]: Entering directory '/sources/automake-1.16.1/t/txinfo-tex-dist.dir'
if test -d "txinfo-tex-dist-1.0"; then find "txinfo-tex-dist-1.0" -type d ! -perm -200 -exec chmod u+w {} ';' && rm -rf "txinfo-tex-dist-1.0" || { sleep 5 && rm -rf "txinfo-tex-dist-1.0"; }; else :; fi
test -d "txinfo-tex-dist-1.0" || mkdir "txinfo-tex-dist-1.0"
make  \
  top_distdir="txinfo-tex-dist-1.0" distdir="txinfo-tex-dist-1.0" \
  dist-info
make[2]: Entering directory '/sources/automake-1.16.1/t/txinfo-tex-dist.dir'
restore=: && backupdir=".am$$" && \
am__cwd=`pwd` && CDPATH="${ZSH_VERSION+.}:" && cd . && \
rm -rf $backupdir && mkdir $backupdir && \
if (/bin/sh /sources/automake-1.16.1/t/txinfo-tex-dist.dir/missing makeinfo --version) >/dev/null 2>&1; then \
  for f in textutils.info textutils.info-[0-9] textutils.info-[0-9][0-9] textutils.i[0-9] textutils.i[0-9][0-9]; do \
    if test -f $f; then mv $f $backupdir; restore=mv; else :; fi; \
  done; \
else :; fi && \
cd "$am__cwd"; \
if /bin/sh /sources/automake-1.16.1/t/txinfo-tex-dist.dir/missing makeinfo   -I . \
 -o textutils.info textutils.texi; \
then \
  rc=0; \
  CDPATH="${ZSH_VERSION+.}:" && cd .; \
else \
  rc=$?; \
  CDPATH="${ZSH_VERSION+.}:" && cd . && \
  $restore $backupdir/* `echo "./textutils.info" | sed 's|[^/]*$||'`; \
fi; \
rm -rf $backupdir; exit $rc
Unescaped left brace in regex is deprecated here (and will be fatal in Perl 5.32), passed through in regex; marked by <-- HERE in m/^\s+@([[:alnum:]][[:alnum:]\-]*)({ <-- HERE })?\s*/ at /tools/share/texinfo/Texinfo/Parser.pm line 5481.
Unescaped left brace in regex is deprecated here (and will be fatal in Perl 5.32), passed through in regex; marked by <-- HERE in m/^\s+@([[:alnum:]][[:alnum:]\-]*)({ <-- HERE })?\s*(\@(c|comment)((\@|\s+).*)?)?/ at /tools/share/texinfo/Texinfo/Parser.pm line 5485.
textutils.texi: warning: document without nodes
make[2]: Leaving directory '/sources/automake-1.16.1/t/txinfo-tex-dist.dir'
test -n "" \
|| find "txinfo-tex-dist-1.0" -type d ! -perm -755 \
	-exec chmod u+rwx,go+rx {} \; -o \
  ! -type d ! -perm -444 -links 1 -exec chmod a+r {} \; -o \
  ! -type d ! -perm -400 -exec chmod a+r {} \; -o \
  ! -type d ! -perm -444 -exec /bin/sh /sources/automake-1.16.1/t/txinfo-tex-dist.dir/install-sh -c -m a+r {} {} \; \
|| chmod -R a+r "txinfo-tex-dist-1.0"
make[1]: Leaving directory '/sources/automake-1.16.1/t/txinfo-tex-dist.dir'
ls -l txinfo-tex-dist-1.0
total 236
-rw-r--r-- 1 root root    209 Nov 27 06:50 Makefile.am
-rw-r--r-- 1 root root  28740 Nov 27 06:50 Makefile.in
-rw-r--r-- 1 root root  27316 Nov 27 06:50 aclocal.m4
-rwxr-xr-x 1 root root   7383 Nov 27 06:50 compile
-rwxr-xr-x 1 root root 104158 Nov 27 06:50 configure
-rw-r--r-- 1 root root     89 Nov 27 06:50 configure.ac
-rwxr-xr-x 1 root root  23568 Nov 27 06:50 depcomp
-rwxr-xr-x 1 root root  15368 Nov 27 06:50 install-sh
-rwxr-xr-x 1 root root   6878 Nov 27 06:50 missing
-rw-r--r-- 1 root root      0 Nov 27 06:50 texinfo.tex
-rw-r--r-- 1 root root    109 Nov 27 06:50 textutils.info
-rw-r--r-- 1 root root     28 Nov 27 06:50 textutils.texi
test -f txinfo-tex-dist-1.0/texinfo.tex
+ :
+ am_exit_trap 0
+ exit_status=0
+ set +e
+ cd /sources/automake-1.16.1
+ test none = tap
+ case $am_explicit_skips in
+ test 0 -eq 0
+ am_keeping_testdirs
+ case $keep_testdirs in
+ return 1
+ rm_rf_ t/txinfo-tex-dist.dir
+ test 1 -gt 0
+ /usr/bin/perl /sources/automake-1.16.1/t/ax/deltree.pl t/txinfo-tex-dist.dir
+ set +x
PASS t/txinfo-tex-dist.sh (exit status: 0)
