txinfo-nodist-info: running makeinfo --version
Unescaped left brace in regex is deprecated here (and will be fatal in Perl 5.32), passed through in regex; marked by <-- HERE in m/^\s+@([[:alnum:]][[:alnum:]\-]*)({ <-- HERE })?\s*/ at /tools/share/texinfo/Texinfo/Parser.pm line 5481.
Unescaped left brace in regex is deprecated here (and will be fatal in Perl 5.32), passed through in regex; marked by <-- HERE in m/^\s+@([[:alnum:]][[:alnum:]\-]*)({ <-- HERE })?\s*(\@(c|comment)((\@|\s+).*)?)?/ at /tools/share/texinfo/Texinfo/Parser.pm line 5485.
texi2any (GNU texinfo) 6.5

Copyright (C) 2017 Free Software Foundation, Inc.
License GPLv3+: GNU GPL version 3 or later <http://gnu.org/licenses/gpl.html>
This is free software: you are free to change and redistribute it.
There is NO WARRANTY, to the extent permitted by law.
Running from installcheck: no
Test Protocol: none
PATH = /sources/automake-1.16.1/bin:/sources/automake-1.16.1/t/ax:/bin:/usr/bin:/sbin:/usr/sbin:/tools/bin
++ pwd
/sources/automake-1.16.1/t/txinfo-nodist-info.dir
+ echo AC_OUTPUT
+ cat
+ mkdir subdir
+ cat
+ aclocal-1.16 -Werror
+ autoconf
+ automake-1.16 --foreign -Werror -Wall -a -Wno-override
Makefile.am:2: installing './mdate-sh'
Makefile.am:2: installing './texinfo.tex'
+ ./configure
checking for a BSD-compatible install... /usr/bin/install -c
checking whether build environment is sane... yes
checking for a thread-safe mkdir -p... /tools/bin/mkdir -p
checking for gawk... gawk
checking whether make sets $(MAKE)... yes
checking whether make supports nested variables... yes
checking that generated files are newer than configure... done
configure: creating ./config.status
config.status: creating Makefile
+ make distdir
make  distdir-am
make[1]: Entering directory '/sources/automake-1.16.1/t/txinfo-nodist-info.dir'
Updating ./version.texi
if test -d "txinfo-nodist-info-1.0"; then find "txinfo-nodist-info-1.0" -type d ! -perm -200 -exec chmod u+w {} ';' && rm -rf "txinfo-nodist-info-1.0" || { sleep 5 && rm -rf "txinfo-nodist-info-1.0"; }; else :; fi
test -d "txinfo-nodist-info-1.0" || mkdir "txinfo-nodist-info-1.0"
make  \
  top_distdir="txinfo-nodist-info-1.0" distdir="txinfo-nodist-info-1.0" \
  dist-info
test -n "" \
|| find "txinfo-nodist-info-1.0" -type d ! -perm -755 \
	-exec chmod u+rwx,go+rx {} \; -o \
  ! -type d ! -perm -444 -links 1 -exec chmod a+r {} \; -o \
  ! -type d ! -perm -400 -exec chmod a+r {} \; -o \
  ! -type d ! -perm -444 -exec /bin/sh /sources/automake-1.16.1/t/txinfo-nodist-info.dir/install-sh -c -m a+r {} {} \; \
|| chmod -R a+r "txinfo-nodist-info-1.0"
make[1]: Leaving directory '/sources/automake-1.16.1/t/txinfo-nodist-info.dir'
+ ls -l . txinfo-nodist-info-1.0
.:
total 320
-rw-r--r-- 1 root root  29737 Nov 27 06:50 Makefile
-rw-r--r-- 1 root root    211 Nov 27 06:50 Makefile.am
-rw-r--r-- 1 root root  28987 Nov 27 06:50 Makefile.in
-rw-r--r-- 1 root root  27316 Nov 27 06:50 aclocal.m4
drwxr-xr-x 2 root root   4096 Nov 27 06:50 autom4te.cache
-rwxr-xr-x 1 root root   7383 Nov 27 06:50 compile
-rw-r--r-- 1 root root   5084 Nov 27 06:50 config.log
-rwxr-xr-x 1 root root  25521 Nov 27 06:50 config.status
-rwxr-xr-x 1 root root 104220 Nov 27 06:50 configure
-rw-r--r-- 1 root root     92 Nov 27 06:50 configure.ac
-rwxr-xr-x 1 root root  23568 Nov 27 06:50 depcomp
-rw-r--r-- 1 root root    101 Nov 27 06:50 foo.texi
-rwxr-xr-x 1 root root  15368 Nov 27 06:50 install-sh
lrwxrwxrwx 1 root root     37 Nov 27 06:50 mdate-sh -> /sources/automake-1.16.1/lib/mdate-sh
-rwxr-xr-x 1 root root   6878 Nov 27 06:50 missing
-rw-r--r-- 1 root root     97 Nov 27 06:50 stamp-vti
drwxr-xr-x 2 root root   4096 Nov 27 06:50 subdir
lrwxrwxrwx 1 root root     40 Nov 27 06:50 texinfo.tex -> /sources/automake-1.16.1/lib/texinfo.tex
drwxr-xr-x 2 root root   4096 Nov 27 06:50 txinfo-nodist-info-1.0
-rw-r--r-- 1 root root     97 Nov 27 06:50 version.texi

txinfo-nodist-info-1.0:
total 624
-rw-r--r-- 1 root root    211 Nov 27 06:50 Makefile.am
-rw-r--r-- 1 root root  28987 Nov 27 06:50 Makefile.in
-rw-r--r-- 1 root root  27316 Nov 27 06:50 aclocal.m4
-rwxr-xr-x 1 root root   7383 Nov 27 06:50 compile
-rwxr-xr-x 1 root root 104220 Nov 27 06:50 configure
-rw-r--r-- 1 root root     92 Nov 27 06:50 configure.ac
-rwxr-xr-x 1 root root  23568 Nov 27 06:50 depcomp
-rw-r--r-- 1 root root    101 Nov 27 06:50 foo.texi
-rwxr-xr-x 1 root root  15368 Nov 27 06:50 install-sh
-rwxr-xr-x 1 1000  998   6106 Mar  8  2018 mdate-sh
-rwxr-xr-x 1 root root   6878 Nov 27 06:50 missing
-rw-r--r-- 1 root root     97 Nov 27 06:50 stamp-vti
-rw-r--r-- 1 1000  998 382211 Mar 11  2018 texinfo.tex
-rw-r--r-- 1 root root     97 Nov 27 06:50 version.texi
+ test '!' -e foo.info
+ test '!' -e txinfo-nodist-info-1.0/foo.info
+ make
restore=: && backupdir=".am$$" && \
rm -rf $backupdir && mkdir $backupdir && \
if (/bin/sh /sources/automake-1.16.1/t/txinfo-nodist-info.dir/missing makeinfo --version) >/dev/null 2>&1; then \
  for f in foo.info foo.info-[0-9] foo.info-[0-9][0-9] foo.i[0-9] foo.i[0-9][0-9]; do \
    if test -f $f; then mv $f $backupdir; restore=mv; else :; fi; \
  done; \
else :; fi && \
if /bin/sh /sources/automake-1.16.1/t/txinfo-nodist-info.dir/missing makeinfo   -I . \
 -o foo.info `test -f 'foo.texi' || echo './'`foo.texi; \
then \
  rc=0; \
else \
  rc=$?; \
  $restore $backupdir/* `echo "./foo.info" | sed 's|[^/]*$||'`; \
fi; \
rm -rf $backupdir; exit $rc
Unescaped left brace in regex is deprecated here (and will be fatal in Perl 5.32), passed through in regex; marked by <-- HERE in m/^\s+@([[:alnum:]][[:alnum:]\-]*)({ <-- HERE })?\s*/ at /tools/share/texinfo/Texinfo/Parser.pm line 5481.
Unescaped left brace in regex is deprecated here (and will be fatal in Perl 5.32), passed through in regex; marked by <-- HERE in m/^\s+@([[:alnum:]][[:alnum:]\-]*)({ <-- HERE })?\s*(\@(c|comment)((\@|\s+).*)?)?/ at /tools/share/texinfo/Texinfo/Parser.pm line 5485.
+ test -f foo.info
+ make distdir
make  distdir-am
make[1]: Entering directory '/sources/automake-1.16.1/t/txinfo-nodist-info.dir'
if test -d "txinfo-nodist-info-1.0"; then find "txinfo-nodist-info-1.0" -type d ! -perm -200 -exec chmod u+w {} ';' && rm -rf "txinfo-nodist-info-1.0" || { sleep 5 && rm -rf "txinfo-nodist-info-1.0"; }; else :; fi
test -d "txinfo-nodist-info-1.0" || mkdir "txinfo-nodist-info-1.0"
make  \
  top_distdir="txinfo-nodist-info-1.0" distdir="txinfo-nodist-info-1.0" \
  dist-info
test -n "" \
|| find "txinfo-nodist-info-1.0" -type d ! -perm -755 \
	-exec chmod u+rwx,go+rx {} \; -o \
  ! -type d ! -perm -444 -links 1 -exec chmod a+r {} \; -o \
  ! -type d ! -perm -400 -exec chmod a+r {} \; -o \
  ! -type d ! -perm -444 -exec /bin/sh /sources/automake-1.16.1/t/txinfo-nodist-info.dir/install-sh -c -m a+r {} {} \; \
|| chmod -R a+r "txinfo-nodist-info-1.0"
make[1]: Leaving directory '/sources/automake-1.16.1/t/txinfo-nodist-info.dir'
+ ls -l txinfo-nodist-info-1.0
total 624
-rw-r--r-- 1 root root    211 Nov 27 06:50 Makefile.am
-rw-r--r-- 1 root root  28987 Nov 27 06:50 Makefile.in
-rw-r--r-- 1 root root  27316 Nov 27 06:50 aclocal.m4
-rwxr-xr-x 1 root root   7383 Nov 27 06:50 compile
-rwxr-xr-x 1 root root 104220 Nov 27 06:50 configure
-rw-r--r-- 1 root root     92 Nov 27 06:50 configure.ac
-rwxr-xr-x 1 root root  23568 Nov 27 06:50 depcomp
-rw-r--r-- 1 root root    101 Nov 27 06:50 foo.texi
-rwxr-xr-x 1 root root  15368 Nov 27 06:50 install-sh
-rwxr-xr-x 1 1000  998   6106 Mar  8  2018 mdate-sh
-rwxr-xr-x 1 root root   6878 Nov 27 06:50 missing
-rw-r--r-- 1 root root     97 Nov 27 06:50 stamp-vti
-rw-r--r-- 1 1000  998 382211 Mar 11  2018 texinfo.tex
-rw-r--r-- 1 root root     97 Nov 27 06:50 version.texi
+ test '!' -f txinfo-nodist-info-1.0/foo.info
+ make distcheck
make  dist-gzip am__post_remove_distdir='@:'
make[1]: Entering directory '/sources/automake-1.16.1/t/txinfo-nodist-info.dir'
make  distdir-am
make[2]: Entering directory '/sources/automake-1.16.1/t/txinfo-nodist-info.dir'
if test -d "txinfo-nodist-info-1.0"; then find "txinfo-nodist-info-1.0" -type d ! -perm -200 -exec chmod u+w {} ';' && rm -rf "txinfo-nodist-info-1.0" || { sleep 5 && rm -rf "txinfo-nodist-info-1.0"; }; else :; fi
test -d "txinfo-nodist-info-1.0" || mkdir "txinfo-nodist-info-1.0"
make  \
  top_distdir="txinfo-nodist-info-1.0" distdir="txinfo-nodist-info-1.0" \
  dist-info
test -n "" \
|| find "txinfo-nodist-info-1.0" -type d ! -perm -755 \
	-exec chmod u+rwx,go+rx {} \; -o \
  ! -type d ! -perm -444 -links 1 -exec chmod a+r {} \; -o \
  ! -type d ! -perm -400 -exec chmod a+r {} \; -o \
  ! -type d ! -perm -444 -exec /bin/sh /sources/automake-1.16.1/t/txinfo-nodist-info.dir/install-sh -c -m a+r {} {} \; \
|| chmod -R a+r "txinfo-nodist-info-1.0"
make[2]: Leaving directory '/sources/automake-1.16.1/t/txinfo-nodist-info.dir'
tardir=txinfo-nodist-info-1.0 && ${TAR-tar} chof - "$tardir" | eval GZIP= gzip --best -c >txinfo-nodist-info-1.0.tar.gz
make[1]: Leaving directory '/sources/automake-1.16.1/t/txinfo-nodist-info.dir'
if test -d "txinfo-nodist-info-1.0"; then find "txinfo-nodist-info-1.0" -type d ! -perm -200 -exec chmod u+w {} ';' && rm -rf "txinfo-nodist-info-1.0" || { sleep 5 && rm -rf "txinfo-nodist-info-1.0"; }; else :; fi
case 'txinfo-nodist-info-1.0.tar.gz' in \
*.tar.gz*) \
  eval GZIP= gzip --best -dc txinfo-nodist-info-1.0.tar.gz | ${TAR-tar} xf - ;;\
*.tar.bz2*) \
  bzip2 -dc txinfo-nodist-info-1.0.tar.bz2 | ${TAR-tar} xf - ;;\
*.tar.lz*) \
  lzip -dc txinfo-nodist-info-1.0.tar.lz | ${TAR-tar} xf - ;;\
*.tar.xz*) \
  xz -dc txinfo-nodist-info-1.0.tar.xz | ${TAR-tar} xf - ;;\
*.tar.Z*) \
  uncompress -c txinfo-nodist-info-1.0.tar.Z | ${TAR-tar} xf - ;;\
*.shar.gz*) \
  eval GZIP= gzip --best -dc txinfo-nodist-info-1.0.shar.gz | unshar ;;\
*.zip*) \
  unzip txinfo-nodist-info-1.0.zip ;;\
esac
chmod -R a-w txinfo-nodist-info-1.0
chmod u+w txinfo-nodist-info-1.0
mkdir txinfo-nodist-info-1.0/_build txinfo-nodist-info-1.0/_build/sub txinfo-nodist-info-1.0/_inst
chmod a-w txinfo-nodist-info-1.0
test -d txinfo-nodist-info-1.0/_build || exit 0; \
dc_install_base=`CDPATH="${ZSH_VERSION+.}:" && cd txinfo-nodist-info-1.0/_inst && pwd | sed -e 's,^[^:\\/]:[\\/],/,'` \
  && dc_destdir="${TMPDIR-/tmp}/am-dc-$$/" \
  && am__cwd=`pwd` \
  && CDPATH="${ZSH_VERSION+.}:" && cd txinfo-nodist-info-1.0/_build/sub \
  && ../../configure \
     \
     \
    --srcdir=../.. --prefix="$dc_install_base" \
  && make  \
  && make  dvi \
  && make  check \
  && make  install \
  && make  installcheck \
  && make  uninstall \
  && make  distuninstallcheck_dir="$dc_install_base" \
        distuninstallcheck \
  && chmod -R a-w "$dc_install_base" \
  && ({ \
       (cd ../.. && umask 077 && mkdir "$dc_destdir") \
       && make  DESTDIR="$dc_destdir" install \
       && make  DESTDIR="$dc_destdir" uninstall \
       && make  DESTDIR="$dc_destdir" \
            distuninstallcheck_dir="$dc_destdir" distuninstallcheck; \
      } || { rm -rf "$dc_destdir"; exit 1; }) \
  && rm -rf "$dc_destdir" \
  && make  dist \
  && rm -rf txinfo-nodist-info-1.0.tar.gz \
  && make  distcleancheck \
  && cd "$am__cwd" \
  || exit 1
checking for a BSD-compatible install... /usr/bin/install -c
checking whether build environment is sane... yes
checking for a thread-safe mkdir -p... /tools/bin/mkdir -p
checking for gawk... gawk
checking whether make sets $(MAKE)... yes
checking whether make supports nested variables... yes
checking that generated files are newer than configure... done
configure: creating ./config.status
config.status: creating Makefile
make[1]: Entering directory '/sources/automake-1.16.1/t/txinfo-nodist-info.dir/txinfo-nodist-info-1.0/_build/sub'
restore=: && backupdir=".am$$" && \
rm -rf $backupdir && mkdir $backupdir && \
if (/bin/sh /sources/automake-1.16.1/t/txinfo-nodist-info.dir/txinfo-nodist-info-1.0/missing makeinfo --version) >/dev/null 2>&1; then \
  for f in foo.info foo.info-[0-9] foo.info-[0-9][0-9] foo.i[0-9] foo.i[0-9][0-9]; do \
    if test -f $f; then mv $f $backupdir; restore=mv; else :; fi; \
  done; \
else :; fi && \
if /bin/sh /sources/automake-1.16.1/t/txinfo-nodist-info.dir/txinfo-nodist-info-1.0/missing makeinfo   -I ../.. \
 -o foo.info `test -f 'foo.texi' || echo '../../'`foo.texi; \
then \
  rc=0; \
else \
  rc=$?; \
  $restore $backupdir/* `echo "./foo.info" | sed 's|[^/]*$||'`; \
fi; \
rm -rf $backupdir; exit $rc
Unescaped left brace in regex is deprecated here (and will be fatal in Perl 5.32), passed through in regex; marked by <-- HERE in m/^\s+@([[:alnum:]][[:alnum:]\-]*)({ <-- HERE })?\s*/ at /tools/share/texinfo/Texinfo/Parser.pm line 5481.
Unescaped left brace in regex is deprecated here (and will be fatal in Perl 5.32), passed through in regex; marked by <-- HERE in m/^\s+@([[:alnum:]][[:alnum:]\-]*)({ <-- HERE })?\s*(\@(c|comment)((\@|\s+).*)?)?/ at /tools/share/texinfo/Texinfo/Parser.pm line 5485.
make[1]: Leaving directory '/sources/automake-1.16.1/t/txinfo-nodist-info.dir/txinfo-nodist-info-1.0/_build/sub'
make[1]: Entering directory '/sources/automake-1.16.1/t/txinfo-nodist-info.dir/txinfo-nodist-info-1.0/_build/sub'
make[1]: Nothing to be done for 'dvi'.
make[1]: Leaving directory '/sources/automake-1.16.1/t/txinfo-nodist-info.dir/txinfo-nodist-info-1.0/_build/sub'
make[1]: Entering directory '/sources/automake-1.16.1/t/txinfo-nodist-info.dir/txinfo-nodist-info-1.0/_build/sub'
make[1]: Nothing to be done for 'check'.
make[1]: Leaving directory '/sources/automake-1.16.1/t/txinfo-nodist-info.dir/txinfo-nodist-info-1.0/_build/sub'
make[1]: Entering directory '/sources/automake-1.16.1/t/txinfo-nodist-info.dir/txinfo-nodist-info-1.0/_build/sub'
make[2]: Entering directory '/sources/automake-1.16.1/t/txinfo-nodist-info.dir/txinfo-nodist-info-1.0/_build/sub'
make[2]: Nothing to be done for 'install-exec-am'.
 /tools/bin/mkdir -p '/sources/automake-1.16.1/t/txinfo-nodist-info.dir/txinfo-nodist-info-1.0/_inst/share/info'
 /usr/bin/install -c -m 644 ./foo.info '/sources/automake-1.16.1/t/txinfo-nodist-info.dir/txinfo-nodist-info-1.0/_inst/share/info'
 install-info --info-dir='/sources/automake-1.16.1/t/txinfo-nodist-info.dir/txinfo-nodist-info-1.0/_inst/share/info' '/sources/automake-1.16.1/t/txinfo-nodist-info.dir/txinfo-nodist-info-1.0/_inst/share/info/foo.info'
install-info: warning: no info dir entry in `/sources/automake-1.16.1/t/txinfo-nodist-info.dir/txinfo-nodist-info-1.0/_inst/share/info/foo.info'
make[2]: Leaving directory '/sources/automake-1.16.1/t/txinfo-nodist-info.dir/txinfo-nodist-info-1.0/_build/sub'
make[1]: Leaving directory '/sources/automake-1.16.1/t/txinfo-nodist-info.dir/txinfo-nodist-info-1.0/_build/sub'
make[1]: Entering directory '/sources/automake-1.16.1/t/txinfo-nodist-info.dir/txinfo-nodist-info-1.0/_build/sub'
make[1]: Nothing to be done for 'installcheck'.
make[1]: Leaving directory '/sources/automake-1.16.1/t/txinfo-nodist-info.dir/txinfo-nodist-info-1.0/_build/sub'
make[1]: Entering directory '/sources/automake-1.16.1/t/txinfo-nodist-info.dir/txinfo-nodist-info-1.0/_build/sub'
 rm -f '/sources/automake-1.16.1/t/txinfo-nodist-info.dir/txinfo-nodist-info-1.0/_inst/share/doc/txinfo-nodist-info/foo.dvi'
 rm -rf '/sources/automake-1.16.1/t/txinfo-nodist-info.dir/txinfo-nodist-info-1.0/_inst/share/doc/txinfo-nodist-info/foo.html'
 install-info --info-dir='/sources/automake-1.16.1/t/txinfo-nodist-info.dir/txinfo-nodist-info-1.0/_inst/share/info' --remove '/sources/automake-1.16.1/t/txinfo-nodist-info.dir/txinfo-nodist-info-1.0/_inst/share/info/foo.info'
install-info: warning: no entries found for `/sources/automake-1.16.1/t/txinfo-nodist-info.dir/txinfo-nodist-info-1.0/_inst/share/info/foo.info'; nothing deleted
 cd '/sources/automake-1.16.1/t/txinfo-nodist-info.dir/txinfo-nodist-info-1.0/_inst/share/info' && rm -f foo.info foo.info-[0-9] foo.info-[0-9][0-9] foo.i[0-9] foo.i[0-9][0-9]
 rm -f '/sources/automake-1.16.1/t/txinfo-nodist-info.dir/txinfo-nodist-info-1.0/_inst/share/doc/txinfo-nodist-info/foo.pdf'
 rm -f '/sources/automake-1.16.1/t/txinfo-nodist-info.dir/txinfo-nodist-info-1.0/_inst/share/doc/txinfo-nodist-info/foo.ps'
make[1]: Leaving directory '/sources/automake-1.16.1/t/txinfo-nodist-info.dir/txinfo-nodist-info-1.0/_build/sub'
make[1]: Entering directory '/sources/automake-1.16.1/t/txinfo-nodist-info.dir/txinfo-nodist-info-1.0/_build/sub'
make[1]: Leaving directory '/sources/automake-1.16.1/t/txinfo-nodist-info.dir/txinfo-nodist-info-1.0/_build/sub'
make[1]: Entering directory '/sources/automake-1.16.1/t/txinfo-nodist-info.dir/txinfo-nodist-info-1.0/_build/sub'
make[2]: Entering directory '/sources/automake-1.16.1/t/txinfo-nodist-info.dir/txinfo-nodist-info-1.0/_build/sub'
make[2]: Nothing to be done for 'install-exec-am'.
 /tools/bin/mkdir -p '/tmp/am-dc-37341//sources/automake-1.16.1/t/txinfo-nodist-info.dir/txinfo-nodist-info-1.0/_inst/share/info'
 /usr/bin/install -c -m 644 ./foo.info '/tmp/am-dc-37341//sources/automake-1.16.1/t/txinfo-nodist-info.dir/txinfo-nodist-info-1.0/_inst/share/info'
 install-info --info-dir='/tmp/am-dc-37341//sources/automake-1.16.1/t/txinfo-nodist-info.dir/txinfo-nodist-info-1.0/_inst/share/info' '/tmp/am-dc-37341//sources/automake-1.16.1/t/txinfo-nodist-info.dir/txinfo-nodist-info-1.0/_inst/share/info/foo.info'
install-info: warning: no info dir entry in `/tmp/am-dc-37341//sources/automake-1.16.1/t/txinfo-nodist-info.dir/txinfo-nodist-info-1.0/_inst/share/info/foo.info'
make[2]: Leaving directory '/sources/automake-1.16.1/t/txinfo-nodist-info.dir/txinfo-nodist-info-1.0/_build/sub'
make[1]: Leaving directory '/sources/automake-1.16.1/t/txinfo-nodist-info.dir/txinfo-nodist-info-1.0/_build/sub'
make[1]: Entering directory '/sources/automake-1.16.1/t/txinfo-nodist-info.dir/txinfo-nodist-info-1.0/_build/sub'
 rm -f '/tmp/am-dc-37341//sources/automake-1.16.1/t/txinfo-nodist-info.dir/txinfo-nodist-info-1.0/_inst/share/doc/txinfo-nodist-info/foo.dvi'
 rm -rf '/tmp/am-dc-37341//sources/automake-1.16.1/t/txinfo-nodist-info.dir/txinfo-nodist-info-1.0/_inst/share/doc/txinfo-nodist-info/foo.html'
 install-info --info-dir='/tmp/am-dc-37341//sources/automake-1.16.1/t/txinfo-nodist-info.dir/txinfo-nodist-info-1.0/_inst/share/info' --remove '/tmp/am-dc-37341//sources/automake-1.16.1/t/txinfo-nodist-info.dir/txinfo-nodist-info-1.0/_inst/share/info/foo.info'
install-info: warning: no entries found for `/tmp/am-dc-37341//sources/automake-1.16.1/t/txinfo-nodist-info.dir/txinfo-nodist-info-1.0/_inst/share/info/foo.info'; nothing deleted
 cd '/tmp/am-dc-37341//sources/automake-1.16.1/t/txinfo-nodist-info.dir/txinfo-nodist-info-1.0/_inst/share/info' && rm -f foo.info foo.info-[0-9] foo.info-[0-9][0-9] foo.i[0-9] foo.i[0-9][0-9]
 rm -f '/tmp/am-dc-37341//sources/automake-1.16.1/t/txinfo-nodist-info.dir/txinfo-nodist-info-1.0/_inst/share/doc/txinfo-nodist-info/foo.pdf'
 rm -f '/tmp/am-dc-37341//sources/automake-1.16.1/t/txinfo-nodist-info.dir/txinfo-nodist-info-1.0/_inst/share/doc/txinfo-nodist-info/foo.ps'
make[1]: Leaving directory '/sources/automake-1.16.1/t/txinfo-nodist-info.dir/txinfo-nodist-info-1.0/_build/sub'
make[1]: Entering directory '/sources/automake-1.16.1/t/txinfo-nodist-info.dir/txinfo-nodist-info-1.0/_build/sub'
make[1]: Leaving directory '/sources/automake-1.16.1/t/txinfo-nodist-info.dir/txinfo-nodist-info-1.0/_build/sub'
make[1]: Entering directory '/sources/automake-1.16.1/t/txinfo-nodist-info.dir/txinfo-nodist-info-1.0/_build/sub'
make  dist-gzip am__post_remove_distdir='@:'
make[2]: Entering directory '/sources/automake-1.16.1/t/txinfo-nodist-info.dir/txinfo-nodist-info-1.0/_build/sub'
make  distdir-am
make[3]: Entering directory '/sources/automake-1.16.1/t/txinfo-nodist-info.dir/txinfo-nodist-info-1.0/_build/sub'
if test -d "txinfo-nodist-info-1.0"; then find "txinfo-nodist-info-1.0" -type d ! -perm -200 -exec chmod u+w {} ';' && rm -rf "txinfo-nodist-info-1.0" || { sleep 5 && rm -rf "txinfo-nodist-info-1.0"; }; else :; fi
test -d "txinfo-nodist-info-1.0" || mkdir "txinfo-nodist-info-1.0"
make  \
  top_distdir="txinfo-nodist-info-1.0" distdir="txinfo-nodist-info-1.0" \
  dist-info
test -n "" \
|| find "txinfo-nodist-info-1.0" -type d ! -perm -755 \
	-exec chmod u+rwx,go+rx {} \; -o \
  ! -type d ! -perm -444 -links 1 -exec chmod a+r {} \; -o \
  ! -type d ! -perm -400 -exec chmod a+r {} \; -o \
  ! -type d ! -perm -444 -exec /bin/sh /sources/automake-1.16.1/t/txinfo-nodist-info.dir/txinfo-nodist-info-1.0/install-sh -c -m a+r {} {} \; \
|| chmod -R a+r "txinfo-nodist-info-1.0"
make[3]: Leaving directory '/sources/automake-1.16.1/t/txinfo-nodist-info.dir/txinfo-nodist-info-1.0/_build/sub'
tardir=txinfo-nodist-info-1.0 && ${TAR-tar} chof - "$tardir" | eval GZIP= gzip --best -c >txinfo-nodist-info-1.0.tar.gz
make[2]: Leaving directory '/sources/automake-1.16.1/t/txinfo-nodist-info.dir/txinfo-nodist-info-1.0/_build/sub'
if test -d "txinfo-nodist-info-1.0"; then find "txinfo-nodist-info-1.0" -type d ! -perm -200 -exec chmod u+w {} ';' && rm -rf "txinfo-nodist-info-1.0" || { sleep 5 && rm -rf "txinfo-nodist-info-1.0"; }; else :; fi
make[1]: Leaving directory '/sources/automake-1.16.1/t/txinfo-nodist-info.dir/txinfo-nodist-info-1.0/_build/sub'
make[1]: Entering directory '/sources/automake-1.16.1/t/txinfo-nodist-info.dir/txinfo-nodist-info-1.0/_build/sub'
test -z "foo.dvi foo.pdf foo.ps foo.html" \
|| rm -rf foo.dvi foo.pdf foo.ps foo.html
test -z "foo.info" || rm -f foo.info
rm -rf foo.t2d foo.t2p
rm -f vti.tmp* ../../version.texi.tmp*
test -z "" || rm -f 
test . = "../.." || test -z "" || rm -f 
rm -f config.status config.cache config.log configure.lineno config.status.lineno
rm -f Makefile
make[1]: Leaving directory '/sources/automake-1.16.1/t/txinfo-nodist-info.dir/txinfo-nodist-info-1.0/_build/sub'
if test -d "txinfo-nodist-info-1.0"; then find "txinfo-nodist-info-1.0" -type d ! -perm -200 -exec chmod u+w {} ';' && rm -rf "txinfo-nodist-info-1.0" || { sleep 5 && rm -rf "txinfo-nodist-info-1.0"; }; else :; fi
========================================================
txinfo-nodist-info-1.0 archives ready for distribution: 
txinfo-nodist-info-1.0.tar.gz
========================================================
+ :
+ am_exit_trap 0
+ exit_status=0
+ set +e
+ cd /sources/automake-1.16.1
+ test none = tap
+ case $am_explicit_skips in
+ test 0 -eq 0
+ am_keeping_testdirs
+ case $keep_testdirs in
+ return 1
+ rm_rf_ t/txinfo-nodist-info.dir
+ test 1 -gt 0
+ /usr/bin/perl /sources/automake-1.16.1/t/ax/deltree.pl t/txinfo-nodist-info.dir
+ set +x
PASS t/txinfo-nodist-info.sh (exit status: 0)
