Running from installcheck: no
Test Protocol: none
PATH = /sources/automake-1.16.1/bin:/sources/automake-1.16.1/t/ax:/bin:/usr/bin:/sbin:/usr/sbin:/tools/bin
++ pwd
/sources/automake-1.16.1/t/version8.dir
+ echo 'AM_AUTOMAKE_VERSION([1.9])'
+ aclocal-1.16 -Werror
+ cat stderr
configure.ac:4: error: Do not call AM_AUTOMAKE_VERSION, use AM_INIT_AUTOMAKE([1.9]).
/sources/automake-1.16.1/m4/amversion.m4:14: AM_AUTOMAKE_VERSION is expanded from...
configure.ac:4: the top level
autom4te: /usr/bin/m4 failed with exit status: 1
aclocal-1.16: error: echo failed with exit status: 1
+ /bin/grep -F 'AM_INIT_AUTOMAKE([1.9])' stderr
configure.ac:4: error: Do not call AM_AUTOMAKE_VERSION, use AM_INIT_AUTOMAKE([1.9]).
+ am_exit_trap 0
+ exit_status=0
+ set +e
+ cd /sources/automake-1.16.1
+ test none = tap
+ case $am_explicit_skips in
+ test 0 -eq 0
+ am_keeping_testdirs
+ case $keep_testdirs in
+ return 1
+ rm_rf_ t/version8.dir
+ test 1 -gt 0
+ /usr/bin/perl /sources/automake-1.16.1/t/ax/deltree.pl t/version8.dir
+ set +x
PASS t/version8.sh (exit status: 0)
