Running from installcheck: no
Test Protocol: none
PATH = /sources/automake-1.16.1/bin:/sources/automake-1.16.1/t/ax:/bin:/usr/bin:/sbin:/usr/sbin:/tools/bin
++ pwd
/sources/automake-1.16.1/t/vpath.dir
+ cat
+ aclocal-1.16 -Werror
+ automake-1.16 --foreign -Werror -Wall
+ grep VPATH Makefile.in
CONFIG_CLEAN_VPATH_FILES =
VPATH = zardoz
# This target untars the dist file and tries a VPATH configuration.  Then
	  echo "ERROR: distcleancheck can only run from a VPATH build" ; \
	-test . = "$(srcdir)" || test -z "$(CONFIG_CLEAN_VPATH_FILES)" || rm -f $(CONFIG_CLEAN_VPATH_FILES)
+ grep '^VPATH = zardoz$' Makefile.in
VPATH = zardoz
+ grep 'VPATH.*@srcdir@' Makefile.in
+ :
+ am_exit_trap 0
+ exit_status=0
+ set +e
+ cd /sources/automake-1.16.1
+ test none = tap
+ case $am_explicit_skips in
+ test 0 -eq 0
+ am_keeping_testdirs
+ case $keep_testdirs in
+ return 1
+ rm_rf_ t/vpath.dir
+ test 1 -gt 0
+ /usr/bin/perl /sources/automake-1.16.1/t/ax/deltree.pl t/vpath.dir
+ set +x
PASS t/vpath.sh (exit status: 0)
