Running from installcheck: no
Test Protocol: none
PATH = /sources/automake-1.16.1/bin:/sources/automake-1.16.1/t/ax:/bin:/usr/bin:/sbin:/usr/sbin:/tools/bin
++ pwd
/sources/automake-1.16.1/t/warning-groups-win-over-strictness.dir
+ AUTOMAKE=automake-1.16
+ touch README INSTALL NEWS AUTHORS ChangeLog COPYING THANKS
+ cat
+ cat
+ rm -rf 'autom4te*.cache'
+ :
+ echo AM_INIT_AUTOMAKE
+ aclocal-1.16 -Werror
+ AUTOMAKE_fails -Werror -Wall --foreign
+ AUTOMAKE_run -e 1 -Werror -Wall --foreign
+ am__desc=
+ am__exp_rc=0
+ test 5 -gt 0
+ case $1 in
+ am__exp_rc=1
+ shift
+ shift
+ test 3 -gt 0
+ case $1 in
+ break
+ am__got_rc=0
+ automake-1.16 -Werror -Wall --foreign
+ am__got_rc=1
+ cat stderr
automake-1.16: warnings are treated as errors
Makefile.am:2: warning: ':='-style assignments are not portable
+ cat stdout
+ test none = none
+ test 1 -eq 1
+ return
+ grep '^Makefile\.am:.*:=.*not portable' stderr
Makefile.am:2: warning: ':='-style assignments are not portable
+ rm -rf autom4te.cache
+ :
+ echo 'AM_INIT_AUTOMAKE([-Werror -Wnone gnu])'
+ aclocal-1.16 -Werror
+ automake-1.16
+ rm -rf autom4te.cache
+ echo 'AUTOMAKE_OPTIONS = -Werror -Wnone gnits'
+ echo AM_INIT_AUTOMAKE
+ aclocal-1.16 -Werror
+ automake-1.16
+ :
+ am_exit_trap 0
+ exit_status=0
+ set +e
+ cd /sources/automake-1.16.1
+ test none = tap
+ case $am_explicit_skips in
+ test 0 -eq 0
+ am_keeping_testdirs
+ case $keep_testdirs in
+ return 1
+ rm_rf_ t/warning-groups-win-over-strictness.dir
+ test 1 -gt 0
+ /usr/bin/perl /sources/automake-1.16.1/t/ax/deltree.pl t/warning-groups-win-over-strictness.dir
+ set +x
PASS t/warning-groups-win-over-strictness.sh (exit status: 0)
