Running from installcheck: no
Test Protocol: none
PATH = /sources/automake-1.16.1/bin:/sources/automake-1.16.1/t/ax:/bin:/usr/bin:/sbin:/usr/sbin:/tools/bin
++ pwd
/sources/automake-1.16.1/t/werror4.dir
+ cat
+ mkdir sub
+ cat
+ cat
+ aclocal-1.16 -Werror
+ AUTOMAKE_fails -Wno-error
+ AUTOMAKE_run -e 1 -Wno-error
+ am__desc=
+ am__exp_rc=0
+ test 3 -gt 0
+ case $1 in
+ am__exp_rc=1
+ shift
+ shift
+ test 1 -gt 0
+ case $1 in
+ break
+ am__got_rc=0
+ automake-1.16 --foreign -Werror -Wall -Wno-error
+ am__got_rc=1
+ cat stderr
automake-1.16: warnings are treated as errors
Makefile.am:3: warning: VAR multiply defined in condition TRUE ...
Makefile.am:2: ... 'VAR' previously defined here
sub/Makefile.am:3: warning: SUB multiply defined in condition TRUE ...
sub/Makefile.am:2: ... 'SUB' previously defined here
+ cat stdout
+ test none = none
+ test 1 -eq 1
+ return
+ grep 'VAR multiply defined' stderr
Makefile.am:3: warning: VAR multiply defined in condition TRUE ...
+ grep 'SUB multiply defined' stderr
sub/Makefile.am:3: warning: SUB multiply defined in condition TRUE ...
++ grep -c 'warnings are treated as errors' stderr
+ test 1 -eq 1
+ sed /AUTOMAKE_OPTIONS/d sub/Makefile.am
+ mv -f t sub/Makefile.am
+ AUTOMAKE_fails -Wno-error
+ AUTOMAKE_run -e 1 -Wno-error
+ am__desc=
+ am__exp_rc=0
+ test 3 -gt 0
+ case $1 in
+ am__exp_rc=1
+ shift
+ shift
+ test 1 -gt 0
+ case $1 in
+ break
+ am__got_rc=0
+ automake-1.16 --foreign -Werror -Wall -Wno-error
+ am__got_rc=1
+ cat stderr
automake-1.16: warnings are treated as errors
Makefile.am:3: warning: VAR multiply defined in condition TRUE ...
Makefile.am:2: ... 'VAR' previously defined here
sub/Makefile.am:2: warning: SUB multiply defined in condition TRUE ...
sub/Makefile.am:1: ... 'SUB' previously defined here
+ cat stdout
+ test none = none
+ test 1 -eq 1
+ return
+ grep 'VAR multiply defined' stderr
Makefile.am:3: warning: VAR multiply defined in condition TRUE ...
+ grep 'SUB multiply defined' stderr
sub/Makefile.am:2: warning: SUB multiply defined in condition TRUE ...
++ grep -c 'warnings are treated as errors' stderr
+ test 1 -eq 1
+ sed /AUTOMAKE_OPTIONS/d Makefile.am
+ mv -f t Makefile.am
+ AUTOMAKE_fails -Werror
+ AUTOMAKE_run -e 1 -Werror
+ am__desc=
+ am__exp_rc=0
+ test 3 -gt 0
+ case $1 in
+ am__exp_rc=1
+ shift
+ shift
+ test 1 -gt 0
+ case $1 in
+ break
+ am__got_rc=0
+ automake-1.16 --foreign -Werror -Wall -Werror
+ am__got_rc=1
+ cat stderr
automake-1.16: warnings are treated as errors
Makefile.am:2: warning: VAR multiply defined in condition TRUE ...
Makefile.am:1: ... 'VAR' previously defined here
sub/Makefile.am:2: warning: SUB multiply defined in condition TRUE ...
sub/Makefile.am:1: ... 'SUB' previously defined here
+ cat stdout
+ test none = none
+ test 1 -eq 1
+ return
+ grep 'VAR multiply defined' stderr
Makefile.am:2: warning: VAR multiply defined in condition TRUE ...
+ grep 'SUB multiply defined' stderr
sub/Makefile.am:2: warning: SUB multiply defined in condition TRUE ...
++ grep -c 'warnings are treated as errors' stderr
+ test 1 -eq 1
+ AUTOMAKE_run -Wno-error
+ am__desc=
+ am__exp_rc=0
+ test 1 -gt 0
+ case $1 in
+ break
+ am__got_rc=0
+ automake-1.16 --foreign -Werror -Wall -Wno-error
+ cat stderr
Makefile.am:2: warning: VAR multiply defined in condition TRUE ...
Makefile.am:1: ... 'VAR' previously defined here
sub/Makefile.am:2: warning: SUB multiply defined in condition TRUE ...
sub/Makefile.am:1: ... 'SUB' previously defined here
+ cat stdout
+ test none = none
+ test 0 -eq 0
+ return
+ grep 'VAR multiply defined' stderr
Makefile.am:2: warning: VAR multiply defined in condition TRUE ...
+ grep 'SUB multiply defined' stderr
sub/Makefile.am:2: warning: SUB multiply defined in condition TRUE ...
+ grep 'warnings are treated as errors' stderr
+ :
+ am_exit_trap 0
+ exit_status=0
+ set +e
+ cd /sources/automake-1.16.1
+ test none = tap
+ case $am_explicit_skips in
+ test 0 -eq 0
+ am_keeping_testdirs
+ case $keep_testdirs in
+ return 1
+ rm_rf_ t/werror4.dir
+ test 1 -gt 0
+ /usr/bin/perl /sources/automake-1.16.1/t/ax/deltree.pl t/werror4.dir
+ set +x
PASS t/werror4.sh (exit status: 0)
