Running from installcheck: no
Test Protocol: none
PATH = /sources/automake-1.16.1/bin:/sources/automake-1.16.1/t/ax:/bin:/usr/bin:/sbin:/usr/sbin:/tools/bin
++ pwd
/sources/automake-1.16.1/t/yacc-depend2.dir
+ cat
+ cat
+ cat
+ cat
+ aclocal-1.16 -Werror
+ autoconf
+ automake-1.16 --foreign -Werror -Wall -a
configure.ac: installing './ylwrap'
+ ./configure --enable-dependency-tracking
checking for a BSD-compatible install... /usr/bin/install -c
checking whether build environment is sane... yes
checking for a thread-safe mkdir -p... /tools/bin/mkdir -p
checking for gawk... gawk
checking whether make sets $(MAKE)... yes
checking whether make supports nested variables... yes
checking for gcc... cc
checking whether the C compiler works... yes
checking for C compiler default output file name... a.out
checking for suffix of executables... 
checking whether we are cross compiling... no
checking for suffix of object files... o
checking whether we are using the GNU C compiler... yes
checking whether cc accepts -g... yes
checking for cc option to accept ISO C89... none needed
checking whether cc understands -c and -o together... yes
checking whether make supports the include directive... yes (GNU style)
checking dependency style of cc... gcc3
checking for bison... yacc
checking that generated files are newer than configure... done
configure: creating ./config.status
config.status: creating Makefile
config.status: executing depfiles commands
+ make
/bin/sh ./ylwrap foo.y y.tab.c foo.c y.tab.h `echo foo.c | sed -e s/cc$/hh/ -e s/cpp$/hpp/ -e s/cxx$/hxx/ -e s/c++$/h++/ -e s/c$/h/` y.output foo.output -- yacc -d 
updating foo.h
make  all-am
make[1]: Entering directory '/sources/automake-1.16.1/t/yacc-depend2.dir'
cc -DPACKAGE_NAME=\"yacc-depend2\" -DPACKAGE_TARNAME=\"yacc-depend2\" -DPACKAGE_VERSION=\"1.0\" -DPACKAGE_STRING=\"yacc-depend2\ 1.0\" -DPACKAGE_BUGREPORT=\"\" -DPACKAGE_URL=\"\" -DPACKAGE=\"yacc-depend2\" -DVERSION=\"1.0\" -I.     -g -O2 -MT foo.o -MD -MP -MF .deps/foo.Tpo -c -o foo.o foo.c
mv -f .deps/foo.Tpo .deps/foo.Po
cc -DPACKAGE_NAME=\"yacc-depend2\" -DPACKAGE_TARNAME=\"yacc-depend2\" -DPACKAGE_VERSION=\"1.0\" -DPACKAGE_STRING=\"yacc-depend2\ 1.0\" -DPACKAGE_BUGREPORT=\"\" -DPACKAGE_URL=\"\" -DPACKAGE=\"yacc-depend2\" -DVERSION=\"1.0\" -I.     -g -O2 -MT main.o -MD -MP -MF .deps/main.Tpo -c -o main.o main.c
mv -f .deps/main.Tpo .deps/main.Po
cc  -g -O2   -o foo foo.o main.o  
make[1]: Leaving directory '/sources/automake-1.16.1/t/yacc-depend2.dir'
+ ls -l
total 452
-rw-r--r-- 1 root root  24892 Nov 27 06:51 Makefile
-rw-r--r-- 1 root root    245 Nov 27 06:51 Makefile.am
-rw-r--r-- 1 root root  24791 Nov 27 06:51 Makefile.in
-rw-r--r-- 1 root root  41888 Nov 27 06:51 aclocal.m4
drwxr-xr-x 2 root root   4096 Nov 27 06:51 autom4te.cache
-rwxr-xr-x 1 root root   7383 Nov 27 06:51 compile
-rw-r--r-- 1 root root   8948 Nov 27 06:51 config.log
-rwxr-xr-x 1 root root  29298 Nov 27 06:51 config.status
-rwxr-xr-x 1 root root 142645 Nov 27 06:51 configure
-rw-r--r-- 1 root root    110 Nov 27 06:51 configure.ac
-rwxr-xr-x 1 root root  23568 Nov 27 06:51 depcomp
-rwxr-xr-x 1 root root  28232 Nov 27 06:51 foo
-rw-r--r-- 1 root root  42794 Nov 27 06:51 foo.c
-rw-r--r-- 1 root root   2073 Nov 27 06:51 foo.h
-rw-r--r-- 1 root root  11656 Nov 27 06:51 foo.o
-rw-r--r-- 1 root root    121 Nov 27 06:51 foo.y
-rwxr-xr-x 1 root root  15368 Nov 27 06:51 install-sh
-rw-r--r-- 1 root root     57 Nov 27 06:51 main.c
-rw-r--r-- 1 root root   3288 Nov 27 06:51 main.o
-rwxr-xr-x 1 root root   6878 Nov 27 06:51 missing
lrwxrwxrwx 1 root root     35 Nov 27 06:51 ylwrap -> /sources/automake-1.16.1/lib/ylwrap
+ sleep 2
+ touch foo.y
+ make
/bin/sh ./ylwrap foo.y y.tab.c foo.c y.tab.h `echo foo.c | sed -e s/cc$/hh/ -e s/cpp$/hpp/ -e s/cxx$/hxx/ -e s/c++$/h++/ -e s/c$/h/` y.output foo.output -- yacc -d 
foo.h is unchanged
make  all-am
make[1]: Entering directory '/sources/automake-1.16.1/t/yacc-depend2.dir'
cc -DPACKAGE_NAME=\"yacc-depend2\" -DPACKAGE_TARNAME=\"yacc-depend2\" -DPACKAGE_VERSION=\"1.0\" -DPACKAGE_STRING=\"yacc-depend2\ 1.0\" -DPACKAGE_BUGREPORT=\"\" -DPACKAGE_URL=\"\" -DPACKAGE=\"yacc-depend2\" -DVERSION=\"1.0\" -I.     -g -O2 -MT foo.o -MD -MP -MF .deps/foo.Tpo -c -o foo.o foo.c
mv -f .deps/foo.Tpo .deps/foo.Po
cc  -g -O2   -o foo foo.o main.o  
make[1]: Leaving directory '/sources/automake-1.16.1/t/yacc-depend2.dir'
+ make test-time-unchanged
is_newest foo.y foo.h main.o
+ sleep 2
+ sed s/TOKEN/TEKON/g foo.y
+ mv -f t foo.y
+ make
/bin/sh ./ylwrap foo.y y.tab.c foo.c y.tab.h `echo foo.c | sed -e s/cc$/hh/ -e s/cpp$/hpp/ -e s/cxx$/hxx/ -e s/c++$/h++/ -e s/c$/h/` y.output foo.output -- yacc -d 
updating foo.h
make  all-am
make[1]: Entering directory '/sources/automake-1.16.1/t/yacc-depend2.dir'
cc -DPACKAGE_NAME=\"yacc-depend2\" -DPACKAGE_TARNAME=\"yacc-depend2\" -DPACKAGE_VERSION=\"1.0\" -DPACKAGE_STRING=\"yacc-depend2\ 1.0\" -DPACKAGE_BUGREPORT=\"\" -DPACKAGE_URL=\"\" -DPACKAGE=\"yacc-depend2\" -DVERSION=\"1.0\" -I.     -g -O2 -MT foo.o -MD -MP -MF .deps/foo.Tpo -c -o foo.o foo.c
mv -f .deps/foo.Tpo .deps/foo.Po
cc -DPACKAGE_NAME=\"yacc-depend2\" -DPACKAGE_TARNAME=\"yacc-depend2\" -DPACKAGE_VERSION=\"1.0\" -DPACKAGE_STRING=\"yacc-depend2\ 1.0\" -DPACKAGE_BUGREPORT=\"\" -DPACKAGE_URL=\"\" -DPACKAGE=\"yacc-depend2\" -DVERSION=\"1.0\" -I.     -g -O2 -MT main.o -MD -MP -MF .deps/main.Tpo -c -o main.o main.c
mv -f .deps/main.Tpo .deps/main.Po
cc  -g -O2   -o foo foo.o main.o  
make[1]: Leaving directory '/sources/automake-1.16.1/t/yacc-depend2.dir'
+ make test-time-changed
is_newest main.o foo.y foo.h
+ :
+ am_exit_trap 0
+ exit_status=0
+ set +e
+ cd /sources/automake-1.16.1
+ test none = tap
+ case $am_explicit_skips in
+ test 0 -eq 0
+ am_keeping_testdirs
+ case $keep_testdirs in
+ return 1
+ rm_rf_ t/yacc-depend2.dir
+ test 1 -gt 0
+ /usr/bin/perl /sources/automake-1.16.1/t/ax/deltree.pl t/yacc-depend2.dir
+ set +x
PASS t/yacc-depend2.sh (exit status: 0)
