Running from installcheck: no
Test Protocol: none
PATH = /sources/automake-1.16.1/bin:/sources/automake-1.16.1/t/ax:/bin:/usr/bin:/sbin:/usr/sbin:/tools/bin
++ pwd
/sources/automake-1.16.1/t/yacc-mix-c-cxx.dir
+ cat
+ cat
+ cat
+ cat
+ cat
+ cat
+ cat
+ cat
+ cat
+ edit
+ sed -e s/FOOBAR/BAZQUUX/ -e 's/"parse\.hh"/"parse3.hxx"/'
+ edit
+ sed -e s/FOOBAR/BAZQUUX/ -e 's/"parse\.hh"/"parse3.hxx"/'
+ aclocal-1.16 -Werror
+ autoconf
+ automake-1.16 --foreign -Werror -Wall -a
configure.ac: installing './ylwrap'
+ for try in 0 1
+ test 0 -eq 0
+ mkdir build
+ cd build
+ srcdir=..
+ debug_info='ls -l . ..'
+ run_make=make
+ ../configure
checking for a BSD-compatible install... /usr/bin/install -c
checking whether build environment is sane... yes
checking for a thread-safe mkdir -p... /tools/bin/mkdir -p
checking for gawk... gawk
checking whether make sets $(MAKE)... yes
checking whether make supports nested variables... yes
checking for gcc... cc
checking whether the C compiler works... yes
checking for C compiler default output file name... a.out
checking for suffix of executables... 
checking whether we are cross compiling... no
checking for suffix of object files... o
checking whether we are using the GNU C compiler... yes
checking whether cc accepts -g... yes
checking for cc option to accept ISO C89... none needed
checking whether cc understands -c and -o together... yes
checking whether make supports the include directive... yes (GNU style)
checking dependency style of cc... gcc3
checking whether we are using the GNU C++ compiler... yes
checking whether c++ accepts -g... yes
checking dependency style of c++... gcc3
checking for bison... yacc
checking that generated files are newer than configure... done
configure: creating ./config.status
config.status: creating Makefile
config.status: executing depfiles commands
+ make
/bin/sh ../ylwrap ../p.y y.tab.c p.c y.tab.h `echo p.c | sed -e s/cc$/hh/ -e s/cpp$/hpp/ -e s/cxx$/hxx/ -e s/c++$/h++/ -e s/c$/h/` y.output p.output -- yacc -d 
updating p.h
/bin/sh ../ylwrap ../parse.yy y.tab.c parse.cc y.tab.h `echo parse.cc | sed -e s/cc$/hh/ -e s/cpp$/hpp/ -e s/cxx$/hxx/ -e s/c++$/h++/ -e s/c$/h/` y.output parse.output -- yacc -d 
updating parse.hh
/bin/sh ../ylwrap ../parse3.yxx y.tab.c parse3.cxx y.tab.h `echo parse3.cxx | sed -e s/cc$/hh/ -e s/cpp$/hpp/ -e s/cxx$/hxx/ -e s/c++$/h++/ -e s/c$/h/` y.output parse3.output -- yacc -d 
updating parse3.hxx
make  all-am
make[1]: Entering directory '/sources/automake-1.16.1/t/yacc-mix-c-cxx.dir/build'
cc -DPACKAGE_NAME=\"yacc-mix-c-cxx\" -DPACKAGE_TARNAME=\"yacc-mix-c-cxx\" -DPACKAGE_VERSION=\"1.0\" -DPACKAGE_STRING=\"yacc-mix-c-cxx\ 1.0\" -DPACKAGE_BUGREPORT=\"\" -DPACKAGE_URL=\"\" -DPACKAGE=\"yacc-mix-c-cxx\" -DVERSION=\"1.0\" -I. -I..     -g -O2 -MT p.o -MD -MP -MF .deps/p.Tpo -c -o p.o p.c
mv -f .deps/p.Tpo .deps/p.Po
cc -DPACKAGE_NAME=\"yacc-mix-c-cxx\" -DPACKAGE_TARNAME=\"yacc-mix-c-cxx\" -DPACKAGE_VERSION=\"1.0\" -DPACKAGE_STRING=\"yacc-mix-c-cxx\ 1.0\" -DPACKAGE_BUGREPORT=\"\" -DPACKAGE_URL=\"\" -DPACKAGE=\"yacc-mix-c-cxx\" -DVERSION=\"1.0\" -I. -I..     -g -O2 -MT 1.o -MD -MP -MF .deps/1.Tpo -c -o 1.o ../1.c
mv -f .deps/1.Tpo .deps/1.Po
cc  -g -O2   -o c1 p.o 1.o  
\
 \
/bin/sh ../ylwrap `test -f 'p.y' || echo '../'`p.y y.tab.c c2-p.c y.tab.h `echo c2-p.c | sed -e s/cc$/hh/ -e s/cpp$/hpp/ -e s/cxx$/hxx/ -e s/c++$/h++/ -e s/c$/h/` y.output c2-p.output -- yacc  
cc -DPACKAGE_NAME=\"yacc-mix-c-cxx\" -DPACKAGE_TARNAME=\"yacc-mix-c-cxx\" -DPACKAGE_VERSION=\"1.0\" -DPACKAGE_STRING=\"yacc-mix-c-cxx\ 1.0\" -DPACKAGE_BUGREPORT=\"\" -DPACKAGE_URL=\"\" -DPACKAGE=\"yacc-mix-c-cxx\" -DVERSION=\"1.0\" -I. -I..     -g -O2 -MT c2-p.o -MD -MP -MF .deps/c2-p.Tpo -c -o c2-p.o c2-p.c
mv -f .deps/c2-p.Tpo .deps/c2-p.Po
cc -DPACKAGE_NAME=\"yacc-mix-c-cxx\" -DPACKAGE_TARNAME=\"yacc-mix-c-cxx\" -DPACKAGE_VERSION=\"1.0\" -DPACKAGE_STRING=\"yacc-mix-c-cxx\ 1.0\" -DPACKAGE_BUGREPORT=\"\" -DPACKAGE_URL=\"\" -DPACKAGE=\"yacc-mix-c-cxx\" -DVERSION=\"1.0\" -I. -I..     -g -O2 -MT 2.o -MD -MP -MF .deps/2.Tpo -c -o 2.o ../2.c
mv -f .deps/2.Tpo .deps/2.Po
cc  -g -O2   -o c2 c2-p.o 2.o  
c++ -DPACKAGE_NAME=\"yacc-mix-c-cxx\" -DPACKAGE_TARNAME=\"yacc-mix-c-cxx\" -DPACKAGE_VERSION=\"1.0\" -DPACKAGE_STRING=\"yacc-mix-c-cxx\ 1.0\" -DPACKAGE_BUGREPORT=\"\" -DPACKAGE_URL=\"\" -DPACKAGE=\"yacc-mix-c-cxx\" -DVERSION=\"1.0\" -I. -I..     -g -O2 -MT parse.o -MD -MP -MF .deps/parse.Tpo -c -o parse.o parse.cc
mv -f .deps/parse.Tpo .deps/parse.Po
c++ -DPACKAGE_NAME=\"yacc-mix-c-cxx\" -DPACKAGE_TARNAME=\"yacc-mix-c-cxx\" -DPACKAGE_VERSION=\"1.0\" -DPACKAGE_STRING=\"yacc-mix-c-cxx\ 1.0\" -DPACKAGE_BUGREPORT=\"\" -DPACKAGE_URL=\"\" -DPACKAGE=\"yacc-mix-c-cxx\" -DVERSION=\"1.0\" -I. -I..     -g -O2 -MT main1.o -MD -MP -MF .deps/main1.Tpo -c -o main1.o ../main1.cc
mv -f .deps/main1.Tpo .deps/main1.Po
c++  -g -O2   -o cxx1 parse.o main1.o  
\
 \
/bin/sh ../ylwrap `test -f 'parse2.y++' || echo '../'`parse2.y++ y.tab.c cxx2-parse2.c++ y.tab.h `echo cxx2-parse2.c++ | sed -e s/cc$/hh/ -e s/cpp$/hpp/ -e s/cxx$/hxx/ -e s/c++$/h++/ -e s/c$/h/` y.output cxx2-parse2.output -- yacc  
c++ -DPACKAGE_NAME=\"yacc-mix-c-cxx\" -DPACKAGE_TARNAME=\"yacc-mix-c-cxx\" -DPACKAGE_VERSION=\"1.0\" -DPACKAGE_STRING=\"yacc-mix-c-cxx\ 1.0\" -DPACKAGE_BUGREPORT=\"\" -DPACKAGE_URL=\"\" -DPACKAGE=\"yacc-mix-c-cxx\" -DVERSION=\"1.0\" -I. -I..     -g -O2 -MT cxx2-parse2.o -MD -MP -MF .deps/cxx2-parse2.Tpo -c -o cxx2-parse2.o cxx2-parse2.c++
mv -f .deps/cxx2-parse2.Tpo .deps/cxx2-parse2.Po
c++ -DPACKAGE_NAME=\"yacc-mix-c-cxx\" -DPACKAGE_TARNAME=\"yacc-mix-c-cxx\" -DPACKAGE_VERSION=\"1.0\" -DPACKAGE_STRING=\"yacc-mix-c-cxx\ 1.0\" -DPACKAGE_BUGREPORT=\"\" -DPACKAGE_URL=\"\" -DPACKAGE=\"yacc-mix-c-cxx\" -DVERSION=\"1.0\" -I. -I..     -g -O2 -MT main2.o -MD -MP -MF .deps/main2.Tpo -c -o main2.o ../main2.c++
mv -f .deps/main2.Tpo .deps/main2.Po
c++  -g -O2   -o cxx2 cxx2-parse2.o main2.o  
c++ -DPACKAGE_NAME=\"yacc-mix-c-cxx\" -DPACKAGE_TARNAME=\"yacc-mix-c-cxx\" -DPACKAGE_VERSION=\"1.0\" -DPACKAGE_STRING=\"yacc-mix-c-cxx\ 1.0\" -DPACKAGE_BUGREPORT=\"\" -DPACKAGE_URL=\"\" -DPACKAGE=\"yacc-mix-c-cxx\" -DVERSION=\"1.0\" -I. -I..     -g -O2 -MT parse3.o -MD -MP -MF .deps/parse3.Tpo -c -o parse3.o parse3.cxx
mv -f .deps/parse3.Tpo .deps/parse3.Po
c++ -DPACKAGE_NAME=\"yacc-mix-c-cxx\" -DPACKAGE_TARNAME=\"yacc-mix-c-cxx\" -DPACKAGE_VERSION=\"1.0\" -DPACKAGE_STRING=\"yacc-mix-c-cxx\ 1.0\" -DPACKAGE_BUGREPORT=\"\" -DPACKAGE_URL=\"\" -DPACKAGE=\"yacc-mix-c-cxx\" -DVERSION=\"1.0\" -I. -I..     -g -O2 -MT main3.o -MD -MP -MF .deps/main3.Tpo -c -o main3.o ../main3.cxx
mv -f .deps/main3.Tpo .deps/main3.Po
c++  -g -O2   -o cxx3 parse3.o main3.o  
make[1]: Leaving directory '/sources/automake-1.16.1/t/yacc-mix-c-cxx.dir/build'
+ ls -l . ..
.:
total 560
-rw-r--r-- 1 root root  3336 Nov 27 06:51 1.o
-rw-r--r-- 1 root root  3208 Nov 27 06:51 2.o
-rw-r--r-- 1 root root 31092 Nov 27 06:51 Makefile
-rwxr-xr-x 1 root root 28304 Nov 27 06:51 c1
-rwxr-xr-x 1 root root 28280 Nov 27 06:51 c2
-rw-r--r-- 1 root root 42373 Nov 27 06:51 c2-p.c
-rw-r--r-- 1 root root 11592 Nov 27 06:51 c2-p.o
-rw-r--r-- 1 root root 10772 Nov 27 06:51 config.log
-rwxr-xr-x 1 root root 29320 Nov 27 06:51 config.status
-rwxr-xr-x 1 root root 31072 Nov 27 06:51 cxx1
-rwxr-xr-x 1 root root 30968 Nov 27 06:51 cxx2
-rw-r--r-- 1 root root 42270 Nov 27 06:51 cxx2-parse2.c++
-rw-r--r-- 1 root root 14192 Nov 27 06:51 cxx2-parse2.o
-rwxr-xr-x 1 root root 31072 Nov 27 06:51 cxx3
-rw-r--r-- 1 root root  4104 Nov 27 06:51 main1.o
-rw-r--r-- 1 root root  3872 Nov 27 06:51 main2.o
-rw-r--r-- 1 root root  4104 Nov 27 06:51 main3.o
-rw-r--r-- 1 root root 42541 Nov 27 06:51 p.c
-rw-r--r-- 1 root root  2069 Nov 27 06:51 p.h
-rw-r--r-- 1 root root 11568 Nov 27 06:51 p.o
-rw-r--r-- 1 root root 42622 Nov 27 06:51 parse.cc
-rw-r--r-- 1 root root  2084 Nov 27 06:51 parse.hh
-rw-r--r-- 1 root root 14184 Nov 27 06:51 parse.o
-rw-r--r-- 1 root root 42644 Nov 27 06:51 parse3.cxx
-rw-r--r-- 1 root root  2089 Nov 27 06:51 parse3.hxx
-rw-r--r-- 1 root root 14184 Nov 27 06:51 parse3.o

..:
total 336
-rw-r--r-- 1 root root     83 Nov 27 06:51 1.c
-rw-r--r-- 1 root root     82 Nov 27 06:51 2.c
-rw-r--r-- 1 root root    282 Nov 27 06:51 Makefile.am
-rw-r--r-- 1 root root  32211 Nov 27 06:51 Makefile.in
-rw-r--r-- 1 root root  41888 Nov 27 06:51 aclocal.m4
drwxr-xr-x 2 root root   4096 Nov 27 06:51 autom4te.cache
drwxr-xr-x 3 root root   4096 Nov 27 06:51 build
-rwxr-xr-x 1 root root   7383 Nov 27 06:51 compile
-rwxr-xr-x 1 root root 155608 Nov 27 06:51 configure
-rw-r--r-- 1 root root    124 Nov 27 06:51 configure.ac
-rwxr-xr-x 1 root root  23568 Nov 27 06:51 depcomp
-rwxr-xr-x 1 root root  15368 Nov 27 06:51 install-sh
-rw-r--r-- 1 root root    134 Nov 27 06:51 main1.cc
-rw-r--r-- 1 root root    105 Nov 27 06:51 main2.c++
-rw-r--r-- 1 root root    137 Nov 27 06:51 main3.cxx
-rwxr-xr-x 1 root root   6878 Nov 27 06:51 missing
-rw-r--r-- 1 root root    119 Nov 27 06:51 p.y
-rw-r--r-- 1 root root    149 Nov 27 06:51 parse.yy
-rw-r--r-- 1 root root    115 Nov 27 06:51 parse2.y++
-rw-r--r-- 1 root root    152 Nov 27 06:51 parse3.yxx
lrwxrwxrwx 1 root root     35 Nov 27 06:51 ylwrap -> /sources/automake-1.16.1/lib/ylwrap
+ test -f p.c
+ test -f p.h
+ test -f c2-p.c
+ test '!' -e c2-p.h
+ test -f parse.cc
+ test -f parse.hh
+ test -f parse3.cxx
+ test -f parse3.hxx
+ test -f cxx2-parse2.c++
+ test '!' -e parse2.h++
+ test '!' -e cxx2-parse2.h++
+ rm -f p.h parse.hh parse3.hxx
+ make p.h parse.hh
make[1]: Entering directory '/sources/automake-1.16.1/t/yacc-mix-c-cxx.dir/build'
/bin/sh ../ylwrap ../p.y y.tab.c p.c y.tab.h `echo p.c | sed -e s/cc$/hh/ -e s/cpp$/hpp/ -e s/cxx$/hxx/ -e s/c++$/h++/ -e s/c$/h/` y.output p.output -- yacc -d 
updating p.h
make[1]: Leaving directory '/sources/automake-1.16.1/t/yacc-mix-c-cxx.dir/build'
make[1]: Entering directory '/sources/automake-1.16.1/t/yacc-mix-c-cxx.dir/build'
/bin/sh ../ylwrap ../parse.yy y.tab.c parse.cc y.tab.h `echo parse.cc | sed -e s/cc$/hh/ -e s/cpp$/hpp/ -e s/cxx$/hxx/ -e s/c++$/h++/ -e s/c$/h/` y.output parse.output -- yacc -d 
updating parse.hh
make[1]: Leaving directory '/sources/automake-1.16.1/t/yacc-mix-c-cxx.dir/build'
+ ls -l . ..
.:
total 556
-rw-r--r-- 1 root root  3336 Nov 27 06:51 1.o
-rw-r--r-- 1 root root  3208 Nov 27 06:51 2.o
-rw-r--r-- 1 root root 31092 Nov 27 06:51 Makefile
-rwxr-xr-x 1 root root 28304 Nov 27 06:51 c1
-rwxr-xr-x 1 root root 28280 Nov 27 06:51 c2
-rw-r--r-- 1 root root 42373 Nov 27 06:51 c2-p.c
-rw-r--r-- 1 root root 11592 Nov 27 06:51 c2-p.o
-rw-r--r-- 1 root root 10772 Nov 27 06:51 config.log
-rwxr-xr-x 1 root root 29320 Nov 27 06:51 config.status
-rwxr-xr-x 1 root root 31072 Nov 27 06:51 cxx1
-rwxr-xr-x 1 root root 30968 Nov 27 06:51 cxx2
-rw-r--r-- 1 root root 42270 Nov 27 06:51 cxx2-parse2.c++
-rw-r--r-- 1 root root 14192 Nov 27 06:51 cxx2-parse2.o
-rwxr-xr-x 1 root root 31072 Nov 27 06:51 cxx3
-rw-r--r-- 1 root root  4104 Nov 27 06:51 main1.o
-rw-r--r-- 1 root root  3872 Nov 27 06:51 main2.o
-rw-r--r-- 1 root root  4104 Nov 27 06:51 main3.o
-rw-r--r-- 1 root root 42541 Nov 27 06:51 p.c
-rw-r--r-- 1 root root  2069 Nov 27 06:51 p.h
-rw-r--r-- 1 root root 11568 Nov 27 06:51 p.o
-rw-r--r-- 1 root root 42622 Nov 27 06:51 parse.cc
-rw-r--r-- 1 root root  2084 Nov 27 06:51 parse.hh
-rw-r--r-- 1 root root 14184 Nov 27 06:51 parse.o
-rw-r--r-- 1 root root 42644 Nov 27 06:51 parse3.cxx
-rw-r--r-- 1 root root 14184 Nov 27 06:51 parse3.o

..:
total 336
-rw-r--r-- 1 root root     83 Nov 27 06:51 1.c
-rw-r--r-- 1 root root     82 Nov 27 06:51 2.c
-rw-r--r-- 1 root root    282 Nov 27 06:51 Makefile.am
-rw-r--r-- 1 root root  32211 Nov 27 06:51 Makefile.in
-rw-r--r-- 1 root root  41888 Nov 27 06:51 aclocal.m4
drwxr-xr-x 2 root root   4096 Nov 27 06:51 autom4te.cache
drwxr-xr-x 3 root root   4096 Nov 27 06:51 build
-rwxr-xr-x 1 root root   7383 Nov 27 06:51 compile
-rwxr-xr-x 1 root root 155608 Nov 27 06:51 configure
-rw-r--r-- 1 root root    124 Nov 27 06:51 configure.ac
-rwxr-xr-x 1 root root  23568 Nov 27 06:51 depcomp
-rwxr-xr-x 1 root root  15368 Nov 27 06:51 install-sh
-rw-r--r-- 1 root root    134 Nov 27 06:51 main1.cc
-rw-r--r-- 1 root root    105 Nov 27 06:51 main2.c++
-rw-r--r-- 1 root root    137 Nov 27 06:51 main3.cxx
-rwxr-xr-x 1 root root   6878 Nov 27 06:51 missing
-rw-r--r-- 1 root root    119 Nov 27 06:51 p.y
-rw-r--r-- 1 root root    149 Nov 27 06:51 parse.yy
-rw-r--r-- 1 root root    115 Nov 27 06:51 parse2.y++
-rw-r--r-- 1 root root    152 Nov 27 06:51 parse3.yxx
lrwxrwxrwx 1 root root     35 Nov 27 06:51 ylwrap -> /sources/automake-1.16.1/lib/ylwrap
+ test -f p.h
+ test -f parse.hh
+ test '!' -e parse3.hxx
+ make
make[1]: Entering directory '/sources/automake-1.16.1/t/yacc-mix-c-cxx.dir/build'
/bin/sh ../ylwrap ../parse3.yxx y.tab.c parse3.cxx y.tab.h `echo parse3.cxx | sed -e s/cc$/hh/ -e s/cpp$/hpp/ -e s/cxx$/hxx/ -e s/c++$/h++/ -e s/c$/h/` y.output parse3.output -- yacc -d 
updating parse3.hxx
make[1]: Leaving directory '/sources/automake-1.16.1/t/yacc-mix-c-cxx.dir/build'
make  all-am
make[1]: Entering directory '/sources/automake-1.16.1/t/yacc-mix-c-cxx.dir/build'
cc -DPACKAGE_NAME=\"yacc-mix-c-cxx\" -DPACKAGE_TARNAME=\"yacc-mix-c-cxx\" -DPACKAGE_VERSION=\"1.0\" -DPACKAGE_STRING=\"yacc-mix-c-cxx\ 1.0\" -DPACKAGE_BUGREPORT=\"\" -DPACKAGE_URL=\"\" -DPACKAGE=\"yacc-mix-c-cxx\" -DVERSION=\"1.0\" -I. -I..     -g -O2 -MT p.o -MD -MP -MF .deps/p.Tpo -c -o p.o p.c
mv -f .deps/p.Tpo .deps/p.Po
cc -DPACKAGE_NAME=\"yacc-mix-c-cxx\" -DPACKAGE_TARNAME=\"yacc-mix-c-cxx\" -DPACKAGE_VERSION=\"1.0\" -DPACKAGE_STRING=\"yacc-mix-c-cxx\ 1.0\" -DPACKAGE_BUGREPORT=\"\" -DPACKAGE_URL=\"\" -DPACKAGE=\"yacc-mix-c-cxx\" -DVERSION=\"1.0\" -I. -I..     -g -O2 -MT 1.o -MD -MP -MF .deps/1.Tpo -c -o 1.o ../1.c
mv -f .deps/1.Tpo .deps/1.Po
cc  -g -O2   -o c1 p.o 1.o  
c++ -DPACKAGE_NAME=\"yacc-mix-c-cxx\" -DPACKAGE_TARNAME=\"yacc-mix-c-cxx\" -DPACKAGE_VERSION=\"1.0\" -DPACKAGE_STRING=\"yacc-mix-c-cxx\ 1.0\" -DPACKAGE_BUGREPORT=\"\" -DPACKAGE_URL=\"\" -DPACKAGE=\"yacc-mix-c-cxx\" -DVERSION=\"1.0\" -I. -I..     -g -O2 -MT parse.o -MD -MP -MF .deps/parse.Tpo -c -o parse.o parse.cc
mv -f .deps/parse.Tpo .deps/parse.Po
c++ -DPACKAGE_NAME=\"yacc-mix-c-cxx\" -DPACKAGE_TARNAME=\"yacc-mix-c-cxx\" -DPACKAGE_VERSION=\"1.0\" -DPACKAGE_STRING=\"yacc-mix-c-cxx\ 1.0\" -DPACKAGE_BUGREPORT=\"\" -DPACKAGE_URL=\"\" -DPACKAGE=\"yacc-mix-c-cxx\" -DVERSION=\"1.0\" -I. -I..     -g -O2 -MT main1.o -MD -MP -MF .deps/main1.Tpo -c -o main1.o ../main1.cc
mv -f .deps/main1.Tpo .deps/main1.Po
c++  -g -O2   -o cxx1 parse.o main1.o  
c++ -DPACKAGE_NAME=\"yacc-mix-c-cxx\" -DPACKAGE_TARNAME=\"yacc-mix-c-cxx\" -DPACKAGE_VERSION=\"1.0\" -DPACKAGE_STRING=\"yacc-mix-c-cxx\ 1.0\" -DPACKAGE_BUGREPORT=\"\" -DPACKAGE_URL=\"\" -DPACKAGE=\"yacc-mix-c-cxx\" -DVERSION=\"1.0\" -I. -I..     -g -O2 -MT parse3.o -MD -MP -MF .deps/parse3.Tpo -c -o parse3.o parse3.cxx
mv -f .deps/parse3.Tpo .deps/parse3.Po
c++ -DPACKAGE_NAME=\"yacc-mix-c-cxx\" -DPACKAGE_TARNAME=\"yacc-mix-c-cxx\" -DPACKAGE_VERSION=\"1.0\" -DPACKAGE_STRING=\"yacc-mix-c-cxx\ 1.0\" -DPACKAGE_BUGREPORT=\"\" -DPACKAGE_URL=\"\" -DPACKAGE=\"yacc-mix-c-cxx\" -DVERSION=\"1.0\" -I. -I..     -g -O2 -MT main3.o -MD -MP -MF .deps/main3.Tpo -c -o main3.o ../main3.cxx
mv -f .deps/main3.Tpo .deps/main3.Po
c++  -g -O2   -o cxx3 parse3.o main3.o  
make[1]: Leaving directory '/sources/automake-1.16.1/t/yacc-mix-c-cxx.dir/build'
+ ls -l . ..
.:
total 560
-rw-r--r-- 1 root root  3336 Nov 27 06:51 1.o
-rw-r--r-- 1 root root  3208 Nov 27 06:51 2.o
-rw-r--r-- 1 root root 31092 Nov 27 06:51 Makefile
-rwxr-xr-x 1 root root 28304 Nov 27 06:51 c1
-rwxr-xr-x 1 root root 28280 Nov 27 06:51 c2
-rw-r--r-- 1 root root 42373 Nov 27 06:51 c2-p.c
-rw-r--r-- 1 root root 11592 Nov 27 06:51 c2-p.o
-rw-r--r-- 1 root root 10772 Nov 27 06:51 config.log
-rwxr-xr-x 1 root root 29320 Nov 27 06:51 config.status
-rwxr-xr-x 1 root root 31072 Nov 27 06:51 cxx1
-rwxr-xr-x 1 root root 30968 Nov 27 06:51 cxx2
-rw-r--r-- 1 root root 42270 Nov 27 06:51 cxx2-parse2.c++
-rw-r--r-- 1 root root 14192 Nov 27 06:51 cxx2-parse2.o
-rwxr-xr-x 1 root root 31072 Nov 27 06:51 cxx3
-rw-r--r-- 1 root root  4104 Nov 27 06:51 main1.o
-rw-r--r-- 1 root root  3872 Nov 27 06:51 main2.o
-rw-r--r-- 1 root root  4104 Nov 27 06:51 main3.o
-rw-r--r-- 1 root root 42541 Nov 27 06:51 p.c
-rw-r--r-- 1 root root  2069 Nov 27 06:51 p.h
-rw-r--r-- 1 root root 11568 Nov 27 06:51 p.o
-rw-r--r-- 1 root root 42622 Nov 27 06:51 parse.cc
-rw-r--r-- 1 root root  2084 Nov 27 06:51 parse.hh
-rw-r--r-- 1 root root 14184 Nov 27 06:51 parse.o
-rw-r--r-- 1 root root 42644 Nov 27 06:51 parse3.cxx
-rw-r--r-- 1 root root  2089 Nov 27 06:51 parse3.hxx
-rw-r--r-- 1 root root 14184 Nov 27 06:51 parse3.o

..:
total 336
-rw-r--r-- 1 root root     83 Nov 27 06:51 1.c
-rw-r--r-- 1 root root     82 Nov 27 06:51 2.c
-rw-r--r-- 1 root root    282 Nov 27 06:51 Makefile.am
-rw-r--r-- 1 root root  32211 Nov 27 06:51 Makefile.in
-rw-r--r-- 1 root root  41888 Nov 27 06:51 aclocal.m4
drwxr-xr-x 2 root root   4096 Nov 27 06:51 autom4te.cache
drwxr-xr-x 3 root root   4096 Nov 27 06:51 build
-rwxr-xr-x 1 root root   7383 Nov 27 06:51 compile
-rwxr-xr-x 1 root root 155608 Nov 27 06:51 configure
-rw-r--r-- 1 root root    124 Nov 27 06:51 configure.ac
-rwxr-xr-x 1 root root  23568 Nov 27 06:51 depcomp
-rwxr-xr-x 1 root root  15368 Nov 27 06:51 install-sh
-rw-r--r-- 1 root root    134 Nov 27 06:51 main1.cc
-rw-r--r-- 1 root root    105 Nov 27 06:51 main2.c++
-rw-r--r-- 1 root root    137 Nov 27 06:51 main3.cxx
-rwxr-xr-x 1 root root   6878 Nov 27 06:51 missing
-rw-r--r-- 1 root root    119 Nov 27 06:51 p.y
-rw-r--r-- 1 root root    149 Nov 27 06:51 parse.yy
-rw-r--r-- 1 root root    115 Nov 27 06:51 parse2.y++
-rw-r--r-- 1 root root    152 Nov 27 06:51 parse3.yxx
lrwxrwxrwx 1 root root     35 Nov 27 06:51 ylwrap -> /sources/automake-1.16.1/lib/ylwrap
+ test -f parse3.hxx
+ cd ..
+ for try in 0 1
+ test 1 -eq 0
+ test 1 -eq 1
+ srcdir=.
+ debug_info='ls -l'
+ case $MAKE in
+ echo all:
+ for run_make in "$MAKE -j3" "$MAKE -j 3" "$MAKE"
+ make -j3
make: Nothing to be done for 'all'.
+ break
+ rm -f Makefile
+ ./configure
checking for a BSD-compatible install... /usr/bin/install -c
checking whether build environment is sane... yes
checking for a thread-safe mkdir -p... /tools/bin/mkdir -p
checking for gawk... gawk
checking whether make sets $(MAKE)... yes
checking whether make supports nested variables... yes
checking for gcc... cc
checking whether the C compiler works... yes
checking for C compiler default output file name... a.out
checking for suffix of executables... 
checking whether we are cross compiling... no
checking for suffix of object files... o
checking whether we are using the GNU C compiler... yes
checking whether cc accepts -g... yes
checking for cc option to accept ISO C89... none needed
checking whether cc understands -c and -o together... yes
checking whether make supports the include directive... yes (GNU style)
checking dependency style of cc... gcc3
checking whether we are using the GNU C++ compiler... yes
checking whether c++ accepts -g... yes
checking dependency style of c++... gcc3
checking for bison... yacc
checking that generated files are newer than configure... done
configure: creating ./config.status
config.status: creating Makefile
config.status: executing depfiles commands
+ make -j3
/bin/sh ./ylwrap p.y y.tab.c p.c y.tab.h `echo p.c | sed -e s/cc$/hh/ -e s/cpp$/hpp/ -e s/cxx$/hxx/ -e s/c++$/h++/ -e s/c$/h/` y.output p.output -- yacc -d 
/bin/sh ./ylwrap parse.yy y.tab.c parse.cc y.tab.h `echo parse.cc | sed -e s/cc$/hh/ -e s/cpp$/hpp/ -e s/cxx$/hxx/ -e s/c++$/h++/ -e s/c$/h/` y.output parse.output -- yacc -d 
/bin/sh ./ylwrap parse3.yxx y.tab.c parse3.cxx y.tab.h `echo parse3.cxx | sed -e s/cc$/hh/ -e s/cpp$/hpp/ -e s/cxx$/hxx/ -e s/c++$/h++/ -e s/c$/h/` y.output parse3.output -- yacc -d 
updating parse.hh
updating p.h
updating parse3.hxx
make  all-am
make[1]: Entering directory '/sources/automake-1.16.1/t/yacc-mix-c-cxx.dir'
cc -DPACKAGE_NAME=\"yacc-mix-c-cxx\" -DPACKAGE_TARNAME=\"yacc-mix-c-cxx\" -DPACKAGE_VERSION=\"1.0\" -DPACKAGE_STRING=\"yacc-mix-c-cxx\ 1.0\" -DPACKAGE_BUGREPORT=\"\" -DPACKAGE_URL=\"\" -DPACKAGE=\"yacc-mix-c-cxx\" -DVERSION=\"1.0\" -I.     -g -O2 -MT p.o -MD -MP -MF .deps/p.Tpo -c -o p.o p.c
cc -DPACKAGE_NAME=\"yacc-mix-c-cxx\" -DPACKAGE_TARNAME=\"yacc-mix-c-cxx\" -DPACKAGE_VERSION=\"1.0\" -DPACKAGE_STRING=\"yacc-mix-c-cxx\ 1.0\" -DPACKAGE_BUGREPORT=\"\" -DPACKAGE_URL=\"\" -DPACKAGE=\"yacc-mix-c-cxx\" -DVERSION=\"1.0\" -I.     -g -O2 -MT 1.o -MD -MP -MF .deps/1.Tpo -c -o 1.o 1.c
\
 \
/bin/sh ./ylwrap `test -f 'p.y' || echo './'`p.y y.tab.c c2-p.c y.tab.h `echo c2-p.c | sed -e s/cc$/hh/ -e s/cpp$/hpp/ -e s/cxx$/hxx/ -e s/c++$/h++/ -e s/c$/h/` y.output c2-p.output -- yacc  
mv -f .deps/1.Tpo .deps/1.Po
cc -DPACKAGE_NAME=\"yacc-mix-c-cxx\" -DPACKAGE_TARNAME=\"yacc-mix-c-cxx\" -DPACKAGE_VERSION=\"1.0\" -DPACKAGE_STRING=\"yacc-mix-c-cxx\ 1.0\" -DPACKAGE_BUGREPORT=\"\" -DPACKAGE_URL=\"\" -DPACKAGE=\"yacc-mix-c-cxx\" -DVERSION=\"1.0\" -I.     -g -O2 -MT 2.o -MD -MP -MF .deps/2.Tpo -c -o 2.o 2.c
mv -f .deps/2.Tpo .deps/2.Po
c++ -DPACKAGE_NAME=\"yacc-mix-c-cxx\" -DPACKAGE_TARNAME=\"yacc-mix-c-cxx\" -DPACKAGE_VERSION=\"1.0\" -DPACKAGE_STRING=\"yacc-mix-c-cxx\ 1.0\" -DPACKAGE_BUGREPORT=\"\" -DPACKAGE_URL=\"\" -DPACKAGE=\"yacc-mix-c-cxx\" -DVERSION=\"1.0\" -I.     -g -O2 -MT parse.o -MD -MP -MF .deps/parse.Tpo -c -o parse.o parse.cc
c++ -DPACKAGE_NAME=\"yacc-mix-c-cxx\" -DPACKAGE_TARNAME=\"yacc-mix-c-cxx\" -DPACKAGE_VERSION=\"1.0\" -DPACKAGE_STRING=\"yacc-mix-c-cxx\ 1.0\" -DPACKAGE_BUGREPORT=\"\" -DPACKAGE_URL=\"\" -DPACKAGE=\"yacc-mix-c-cxx\" -DVERSION=\"1.0\" -I.     -g -O2 -MT main1.o -MD -MP -MF .deps/main1.Tpo -c -o main1.o main1.cc
mv -f .deps/p.Tpo .deps/p.Po
\
 \
/bin/sh ./ylwrap `test -f 'parse2.y++' || echo './'`parse2.y++ y.tab.c cxx2-parse2.c++ y.tab.h `echo cxx2-parse2.c++ | sed -e s/cc$/hh/ -e s/cpp$/hpp/ -e s/cxx$/hxx/ -e s/c++$/h++/ -e s/c$/h/` y.output cxx2-parse2.output -- yacc  
mv -f .deps/main1.Tpo .deps/main1.Po
c++ -DPACKAGE_NAME=\"yacc-mix-c-cxx\" -DPACKAGE_TARNAME=\"yacc-mix-c-cxx\" -DPACKAGE_VERSION=\"1.0\" -DPACKAGE_STRING=\"yacc-mix-c-cxx\ 1.0\" -DPACKAGE_BUGREPORT=\"\" -DPACKAGE_URL=\"\" -DPACKAGE=\"yacc-mix-c-cxx\" -DVERSION=\"1.0\" -I.     -g -O2 -MT main2.o -MD -MP -MF .deps/main2.Tpo -c -o main2.o main2.c++
mv -f .deps/main2.Tpo .deps/main2.Po
c++ -DPACKAGE_NAME=\"yacc-mix-c-cxx\" -DPACKAGE_TARNAME=\"yacc-mix-c-cxx\" -DPACKAGE_VERSION=\"1.0\" -DPACKAGE_STRING=\"yacc-mix-c-cxx\ 1.0\" -DPACKAGE_BUGREPORT=\"\" -DPACKAGE_URL=\"\" -DPACKAGE=\"yacc-mix-c-cxx\" -DVERSION=\"1.0\" -I.     -g -O2 -MT parse3.o -MD -MP -MF .deps/parse3.Tpo -c -o parse3.o parse3.cxx
c++ -DPACKAGE_NAME=\"yacc-mix-c-cxx\" -DPACKAGE_TARNAME=\"yacc-mix-c-cxx\" -DPACKAGE_VERSION=\"1.0\" -DPACKAGE_STRING=\"yacc-mix-c-cxx\ 1.0\" -DPACKAGE_BUGREPORT=\"\" -DPACKAGE_URL=\"\" -DPACKAGE=\"yacc-mix-c-cxx\" -DVERSION=\"1.0\" -I.     -g -O2 -MT main3.o -MD -MP -MF .deps/main3.Tpo -c -o main3.o main3.cxx
mv -f .deps/parse.Tpo .deps/parse.Po
cc  -g -O2   -o c1 p.o 1.o  
cc -DPACKAGE_NAME=\"yacc-mix-c-cxx\" -DPACKAGE_TARNAME=\"yacc-mix-c-cxx\" -DPACKAGE_VERSION=\"1.0\" -DPACKAGE_STRING=\"yacc-mix-c-cxx\ 1.0\" -DPACKAGE_BUGREPORT=\"\" -DPACKAGE_URL=\"\" -DPACKAGE=\"yacc-mix-c-cxx\" -DVERSION=\"1.0\" -I.     -g -O2 -MT c2-p.o -MD -MP -MF .deps/c2-p.Tpo -c -o c2-p.o c2-p.c
mv -f .deps/main3.Tpo .deps/main3.Po
c++  -g -O2   -o cxx1 parse.o main1.o  
mv -f .deps/parse3.Tpo .deps/parse3.Po
c++ -DPACKAGE_NAME=\"yacc-mix-c-cxx\" -DPACKAGE_TARNAME=\"yacc-mix-c-cxx\" -DPACKAGE_VERSION=\"1.0\" -DPACKAGE_STRING=\"yacc-mix-c-cxx\ 1.0\" -DPACKAGE_BUGREPORT=\"\" -DPACKAGE_URL=\"\" -DPACKAGE=\"yacc-mix-c-cxx\" -DVERSION=\"1.0\" -I.     -g -O2 -MT cxx2-parse2.o -MD -MP -MF .deps/cxx2-parse2.Tpo -c -o cxx2-parse2.o cxx2-parse2.c++
mv -f .deps/c2-p.Tpo .deps/c2-p.Po
c++  -g -O2   -o cxx3 parse3.o main3.o  
cc  -g -O2   -o c2 c2-p.o 2.o  
mv -f .deps/cxx2-parse2.Tpo .deps/cxx2-parse2.Po
c++  -g -O2   -o cxx2 cxx2-parse2.o main2.o  
make[1]: Leaving directory '/sources/automake-1.16.1/t/yacc-mix-c-cxx.dir'
+ ls -l
total 888
-rw-r--r-- 1 root root     83 Nov 27 06:51 1.c
-rw-r--r-- 1 root root   3304 Nov 27 06:51 1.o
-rw-r--r-- 1 root root     82 Nov 27 06:51 2.c
-rw-r--r-- 1 root root   3176 Nov 27 06:51 2.o
-rw-r--r-- 1 root root  31038 Nov 27 06:51 Makefile
-rw-r--r-- 1 root root    282 Nov 27 06:51 Makefile.am
-rw-r--r-- 1 root root  32211 Nov 27 06:51 Makefile.in
-rw-r--r-- 1 root root  41888 Nov 27 06:51 aclocal.m4
drwxr-xr-x 2 root root   4096 Nov 27 06:51 autom4te.cache
drwxr-xr-x 3 root root   4096 Nov 27 06:51 build
-rwxr-xr-x 1 root root  28288 Nov 27 06:51 c1
-rwxr-xr-x 1 root root  28264 Nov 27 06:51 c2
-rw-r--r-- 1 root root  42364 Nov 27 06:51 c2-p.c
-rw-r--r-- 1 root root  11584 Nov 27 06:51 c2-p.o
-rwxr-xr-x 1 root root   7383 Nov 27 06:51 compile
-rw-r--r-- 1 root root  10759 Nov 27 06:51 config.log
-rwxr-xr-x 1 root root  29471 Nov 27 06:51 config.status
-rwxr-xr-x 1 root root 155608 Nov 27 06:51 configure
-rw-r--r-- 1 root root    124 Nov 27 06:51 configure.ac
-rwxr-xr-x 1 root root  31056 Nov 27 06:51 cxx1
-rwxr-xr-x 1 root root  30952 Nov 27 06:51 cxx2
-rw-r--r-- 1 root root  42261 Nov 27 06:51 cxx2-parse2.c++
-rw-r--r-- 1 root root  14184 Nov 27 06:51 cxx2-parse2.o
-rwxr-xr-x 1 root root  31056 Nov 27 06:51 cxx3
-rwxr-xr-x 1 root root  23568 Nov 27 06:51 depcomp
-rwxr-xr-x 1 root root  15368 Nov 27 06:51 install-sh
-rw-r--r-- 1 root root    134 Nov 27 06:51 main1.cc
-rw-r--r-- 1 root root   4088 Nov 27 06:51 main1.o
-rw-r--r-- 1 root root    105 Nov 27 06:51 main2.c++
-rw-r--r-- 1 root root   3864 Nov 27 06:51 main2.o
-rw-r--r-- 1 root root    137 Nov 27 06:51 main3.cxx
-rw-r--r-- 1 root root   4096 Nov 27 06:51 main3.o
-rwxr-xr-x 1 root root   6878 Nov 27 06:51 missing
-rw-r--r-- 1 root root  42532 Nov 27 06:51 p.c
-rw-r--r-- 1 root root   2069 Nov 27 06:51 p.h
-rw-r--r-- 1 root root  11552 Nov 27 06:51 p.o
-rw-r--r-- 1 root root    119 Nov 27 06:51 p.y
-rw-r--r-- 1 root root  42613 Nov 27 06:51 parse.cc
-rw-r--r-- 1 root root   2084 Nov 27 06:51 parse.hh
-rw-r--r-- 1 root root  14176 Nov 27 06:51 parse.o
-rw-r--r-- 1 root root    149 Nov 27 06:51 parse.yy
-rw-r--r-- 1 root root    115 Nov 27 06:51 parse2.y++
-rw-r--r-- 1 root root  42635 Nov 27 06:51 parse3.cxx
-rw-r--r-- 1 root root   2089 Nov 27 06:51 parse3.hxx
-rw-r--r-- 1 root root  14184 Nov 27 06:51 parse3.o
-rw-r--r-- 1 root root    152 Nov 27 06:51 parse3.yxx
lrwxrwxrwx 1 root root     35 Nov 27 06:51 ylwrap -> /sources/automake-1.16.1/lib/ylwrap
+ test -f p.c
+ test -f p.h
+ test -f c2-p.c
+ test '!' -e c2-p.h
+ test -f parse.cc
+ test -f parse.hh
+ test -f parse3.cxx
+ test -f parse3.hxx
+ test -f cxx2-parse2.c++
+ test '!' -e parse2.h++
+ test '!' -e cxx2-parse2.h++
+ rm -f p.h parse.hh parse3.hxx
+ make -j3 p.h parse.hh
make[1]: Entering directory '/sources/automake-1.16.1/t/yacc-mix-c-cxx.dir'
/bin/sh ./ylwrap parse.yy y.tab.c parse.cc y.tab.h `echo parse.cc | sed -e s/cc$/hh/ -e s/cpp$/hpp/ -e s/cxx$/hxx/ -e s/c++$/h++/ -e s/c$/h/` y.output parse.output -- yacc -d 
make[1]: Entering directory '/sources/automake-1.16.1/t/yacc-mix-c-cxx.dir'
/bin/sh ./ylwrap p.y y.tab.c p.c y.tab.h `echo p.c | sed -e s/cc$/hh/ -e s/cpp$/hpp/ -e s/cxx$/hxx/ -e s/c++$/h++/ -e s/c$/h/` y.output p.output -- yacc -d 
updating p.h
updating parse.hh
make[1]: Leaving directory '/sources/automake-1.16.1/t/yacc-mix-c-cxx.dir'
make[1]: Leaving directory '/sources/automake-1.16.1/t/yacc-mix-c-cxx.dir'
+ ls -l
total 884
-rw-r--r-- 1 root root     83 Nov 27 06:51 1.c
-rw-r--r-- 1 root root   3304 Nov 27 06:51 1.o
-rw-r--r-- 1 root root     82 Nov 27 06:51 2.c
-rw-r--r-- 1 root root   3176 Nov 27 06:51 2.o
-rw-r--r-- 1 root root  31038 Nov 27 06:51 Makefile
-rw-r--r-- 1 root root    282 Nov 27 06:51 Makefile.am
-rw-r--r-- 1 root root  32211 Nov 27 06:51 Makefile.in
-rw-r--r-- 1 root root  41888 Nov 27 06:51 aclocal.m4
drwxr-xr-x 2 root root   4096 Nov 27 06:51 autom4te.cache
drwxr-xr-x 3 root root   4096 Nov 27 06:51 build
-rwxr-xr-x 1 root root  28288 Nov 27 06:51 c1
-rwxr-xr-x 1 root root  28264 Nov 27 06:51 c2
-rw-r--r-- 1 root root  42364 Nov 27 06:51 c2-p.c
-rw-r--r-- 1 root root  11584 Nov 27 06:51 c2-p.o
-rwxr-xr-x 1 root root   7383 Nov 27 06:51 compile
-rw-r--r-- 1 root root  10759 Nov 27 06:51 config.log
-rwxr-xr-x 1 root root  29471 Nov 27 06:51 config.status
-rwxr-xr-x 1 root root 155608 Nov 27 06:51 configure
-rw-r--r-- 1 root root    124 Nov 27 06:51 configure.ac
-rwxr-xr-x 1 root root  31056 Nov 27 06:51 cxx1
-rwxr-xr-x 1 root root  30952 Nov 27 06:51 cxx2
-rw-r--r-- 1 root root  42261 Nov 27 06:51 cxx2-parse2.c++
-rw-r--r-- 1 root root  14184 Nov 27 06:51 cxx2-parse2.o
-rwxr-xr-x 1 root root  31056 Nov 27 06:51 cxx3
-rwxr-xr-x 1 root root  23568 Nov 27 06:51 depcomp
-rwxr-xr-x 1 root root  15368 Nov 27 06:51 install-sh
-rw-r--r-- 1 root root    134 Nov 27 06:51 main1.cc
-rw-r--r-- 1 root root   4088 Nov 27 06:51 main1.o
-rw-r--r-- 1 root root    105 Nov 27 06:51 main2.c++
-rw-r--r-- 1 root root   3864 Nov 27 06:51 main2.o
-rw-r--r-- 1 root root    137 Nov 27 06:51 main3.cxx
-rw-r--r-- 1 root root   4096 Nov 27 06:51 main3.o
-rwxr-xr-x 1 root root   6878 Nov 27 06:51 missing
-rw-r--r-- 1 root root  42532 Nov 27 06:51 p.c
-rw-r--r-- 1 root root   2069 Nov 27 06:51 p.h
-rw-r--r-- 1 root root  11552 Nov 27 06:51 p.o
-rw-r--r-- 1 root root    119 Nov 27 06:51 p.y
-rw-r--r-- 1 root root  42613 Nov 27 06:51 parse.cc
-rw-r--r-- 1 root root   2084 Nov 27 06:51 parse.hh
-rw-r--r-- 1 root root  14176 Nov 27 06:51 parse.o
-rw-r--r-- 1 root root    149 Nov 27 06:51 parse.yy
-rw-r--r-- 1 root root    115 Nov 27 06:51 parse2.y++
-rw-r--r-- 1 root root  42635 Nov 27 06:51 parse3.cxx
-rw-r--r-- 1 root root  14184 Nov 27 06:51 parse3.o
-rw-r--r-- 1 root root    152 Nov 27 06:51 parse3.yxx
lrwxrwxrwx 1 root root     35 Nov 27 06:51 ylwrap -> /sources/automake-1.16.1/lib/ylwrap
+ test -f p.h
+ test -f parse.hh
+ test '!' -e parse3.hxx
+ make -j3
make[1]: Entering directory '/sources/automake-1.16.1/t/yacc-mix-c-cxx.dir'
/bin/sh ./ylwrap parse3.yxx y.tab.c parse3.cxx y.tab.h `echo parse3.cxx | sed -e s/cc$/hh/ -e s/cpp$/hpp/ -e s/cxx$/hxx/ -e s/c++$/h++/ -e s/c$/h/` y.output parse3.output -- yacc -d 
updating parse3.hxx
make[1]: Leaving directory '/sources/automake-1.16.1/t/yacc-mix-c-cxx.dir'
make  all-am
make[1]: Entering directory '/sources/automake-1.16.1/t/yacc-mix-c-cxx.dir'
cc -DPACKAGE_NAME=\"yacc-mix-c-cxx\" -DPACKAGE_TARNAME=\"yacc-mix-c-cxx\" -DPACKAGE_VERSION=\"1.0\" -DPACKAGE_STRING=\"yacc-mix-c-cxx\ 1.0\" -DPACKAGE_BUGREPORT=\"\" -DPACKAGE_URL=\"\" -DPACKAGE=\"yacc-mix-c-cxx\" -DVERSION=\"1.0\" -I.     -g -O2 -MT p.o -MD -MP -MF .deps/p.Tpo -c -o p.o p.c
cc -DPACKAGE_NAME=\"yacc-mix-c-cxx\" -DPACKAGE_TARNAME=\"yacc-mix-c-cxx\" -DPACKAGE_VERSION=\"1.0\" -DPACKAGE_STRING=\"yacc-mix-c-cxx\ 1.0\" -DPACKAGE_BUGREPORT=\"\" -DPACKAGE_URL=\"\" -DPACKAGE=\"yacc-mix-c-cxx\" -DVERSION=\"1.0\" -I.     -g -O2 -MT 1.o -MD -MP -MF .deps/1.Tpo -c -o 1.o 1.c
c++ -DPACKAGE_NAME=\"yacc-mix-c-cxx\" -DPACKAGE_TARNAME=\"yacc-mix-c-cxx\" -DPACKAGE_VERSION=\"1.0\" -DPACKAGE_STRING=\"yacc-mix-c-cxx\ 1.0\" -DPACKAGE_BUGREPORT=\"\" -DPACKAGE_URL=\"\" -DPACKAGE=\"yacc-mix-c-cxx\" -DVERSION=\"1.0\" -I.     -g -O2 -MT parse.o -MD -MP -MF .deps/parse.Tpo -c -o parse.o parse.cc
mv -f .deps/1.Tpo .deps/1.Po
c++ -DPACKAGE_NAME=\"yacc-mix-c-cxx\" -DPACKAGE_TARNAME=\"yacc-mix-c-cxx\" -DPACKAGE_VERSION=\"1.0\" -DPACKAGE_STRING=\"yacc-mix-c-cxx\ 1.0\" -DPACKAGE_BUGREPORT=\"\" -DPACKAGE_URL=\"\" -DPACKAGE=\"yacc-mix-c-cxx\" -DVERSION=\"1.0\" -I.     -g -O2 -MT main1.o -MD -MP -MF .deps/main1.Tpo -c -o main1.o main1.cc
mv -f .deps/main1.Tpo .deps/main1.Po
c++ -DPACKAGE_NAME=\"yacc-mix-c-cxx\" -DPACKAGE_TARNAME=\"yacc-mix-c-cxx\" -DPACKAGE_VERSION=\"1.0\" -DPACKAGE_STRING=\"yacc-mix-c-cxx\ 1.0\" -DPACKAGE_BUGREPORT=\"\" -DPACKAGE_URL=\"\" -DPACKAGE=\"yacc-mix-c-cxx\" -DVERSION=\"1.0\" -I.     -g -O2 -MT parse3.o -MD -MP -MF .deps/parse3.Tpo -c -o parse3.o parse3.cxx
mv -f .deps/p.Tpo .deps/p.Po
c++ -DPACKAGE_NAME=\"yacc-mix-c-cxx\" -DPACKAGE_TARNAME=\"yacc-mix-c-cxx\" -DPACKAGE_VERSION=\"1.0\" -DPACKAGE_STRING=\"yacc-mix-c-cxx\ 1.0\" -DPACKAGE_BUGREPORT=\"\" -DPACKAGE_URL=\"\" -DPACKAGE=\"yacc-mix-c-cxx\" -DVERSION=\"1.0\" -I.     -g -O2 -MT main3.o -MD -MP -MF .deps/main3.Tpo -c -o main3.o main3.cxx
mv -f .deps/parse.Tpo .deps/parse.Po
cc  -g -O2   -o c1 p.o 1.o  
mv -f .deps/main3.Tpo .deps/main3.Po
c++  -g -O2   -o cxx1 parse.o main1.o  
mv -f .deps/parse3.Tpo .deps/parse3.Po
c++  -g -O2   -o cxx3 parse3.o main3.o  
make[1]: Leaving directory '/sources/automake-1.16.1/t/yacc-mix-c-cxx.dir'
+ ls -l
total 888
-rw-r--r-- 1 root root     83 Nov 27 06:51 1.c
-rw-r--r-- 1 root root   3304 Nov 27 06:51 1.o
-rw-r--r-- 1 root root     82 Nov 27 06:51 2.c
-rw-r--r-- 1 root root   3176 Nov 27 06:51 2.o
-rw-r--r-- 1 root root  31038 Nov 27 06:51 Makefile
-rw-r--r-- 1 root root    282 Nov 27 06:51 Makefile.am
-rw-r--r-- 1 root root  32211 Nov 27 06:51 Makefile.in
-rw-r--r-- 1 root root  41888 Nov 27 06:51 aclocal.m4
drwxr-xr-x 2 root root   4096 Nov 27 06:51 autom4te.cache
drwxr-xr-x 3 root root   4096 Nov 27 06:51 build
-rwxr-xr-x 1 root root  28288 Nov 27 06:51 c1
-rwxr-xr-x 1 root root  28264 Nov 27 06:51 c2
-rw-r--r-- 1 root root  42364 Nov 27 06:51 c2-p.c
-rw-r--r-- 1 root root  11584 Nov 27 06:51 c2-p.o
-rwxr-xr-x 1 root root   7383 Nov 27 06:51 compile
-rw-r--r-- 1 root root  10759 Nov 27 06:51 config.log
-rwxr-xr-x 1 root root  29471 Nov 27 06:51 config.status
-rwxr-xr-x 1 root root 155608 Nov 27 06:51 configure
-rw-r--r-- 1 root root    124 Nov 27 06:51 configure.ac
-rwxr-xr-x 1 root root  31056 Nov 27 06:51 cxx1
-rwxr-xr-x 1 root root  30952 Nov 27 06:51 cxx2
-rw-r--r-- 1 root root  42261 Nov 27 06:51 cxx2-parse2.c++
-rw-r--r-- 1 root root  14184 Nov 27 06:51 cxx2-parse2.o
-rwxr-xr-x 1 root root  31056 Nov 27 06:51 cxx3
-rwxr-xr-x 1 root root  23568 Nov 27 06:51 depcomp
-rwxr-xr-x 1 root root  15368 Nov 27 06:51 install-sh
-rw-r--r-- 1 root root    134 Nov 27 06:51 main1.cc
-rw-r--r-- 1 root root   4088 Nov 27 06:51 main1.o
-rw-r--r-- 1 root root    105 Nov 27 06:51 main2.c++
-rw-r--r-- 1 root root   3864 Nov 27 06:51 main2.o
-rw-r--r-- 1 root root    137 Nov 27 06:51 main3.cxx
-rw-r--r-- 1 root root   4096 Nov 27 06:51 main3.o
-rwxr-xr-x 1 root root   6878 Nov 27 06:51 missing
-rw-r--r-- 1 root root  42532 Nov 27 06:51 p.c
-rw-r--r-- 1 root root   2069 Nov 27 06:51 p.h
-rw-r--r-- 1 root root  11552 Nov 27 06:51 p.o
-rw-r--r-- 1 root root    119 Nov 27 06:51 p.y
-rw-r--r-- 1 root root  42613 Nov 27 06:51 parse.cc
-rw-r--r-- 1 root root   2084 Nov 27 06:51 parse.hh
-rw-r--r-- 1 root root  14176 Nov 27 06:51 parse.o
-rw-r--r-- 1 root root    149 Nov 27 06:51 parse.yy
-rw-r--r-- 1 root root    115 Nov 27 06:51 parse2.y++
-rw-r--r-- 1 root root  42635 Nov 27 06:51 parse3.cxx
-rw-r--r-- 1 root root   2089 Nov 27 06:51 parse3.hxx
-rw-r--r-- 1 root root  14184 Nov 27 06:51 parse3.o
-rw-r--r-- 1 root root    152 Nov 27 06:51 parse3.yxx
lrwxrwxrwx 1 root root     35 Nov 27 06:51 ylwrap -> /sources/automake-1.16.1/lib/ylwrap
+ test -f parse3.hxx
+ cd .
+ :
+ am_exit_trap 0
+ exit_status=0
+ set +e
+ cd /sources/automake-1.16.1
+ test none = tap
+ case $am_explicit_skips in
+ test 0 -eq 0
+ am_keeping_testdirs
+ case $keep_testdirs in
+ return 1
+ rm_rf_ t/yacc-mix-c-cxx.dir
+ test 1 -gt 0
+ /usr/bin/perl /sources/automake-1.16.1/t/ax/deltree.pl t/yacc-mix-c-cxx.dir
+ set +x
PASS t/yacc-mix-c-cxx.sh (exit status: 0)
