Running from installcheck: no
Test Protocol: none
PATH = /sources/automake-1.16.1/bin:/sources/automake-1.16.1/t/ax:/bin:/usr/bin:/sbin:/usr/sbin:/tools/bin
++ pwd
/sources/automake-1.16.1/t/yacc-dry.dir
+ cat
+ cat
+ cat
+ cat
+ aclocal-1.16 -Werror
+ automake-1.16 --foreign -Werror -Wall --add-missing
configure.ac: installing './ylwrap'
+ autoconf
+ ./configure
checking for a BSD-compatible install... /usr/bin/install -c
checking whether build environment is sane... yes
checking for a thread-safe mkdir -p... /tools/bin/mkdir -p
checking for gawk... gawk
checking whether make sets $(MAKE)... yes
checking whether make supports nested variables... yes
checking for gcc... cc
checking whether the C compiler works... yes
checking for C compiler default output file name... a.out
checking for suffix of executables... 
checking whether we are cross compiling... no
checking for suffix of object files... o
checking whether we are using the GNU C compiler... yes
checking whether cc accepts -g... yes
checking for cc option to accept ISO C89... none needed
checking whether cc understands -c and -o together... yes
checking whether make supports the include directive... yes (GNU style)
checking dependency style of cc... gcc3
checking for bison... yacc
checking that generated files are newer than configure... done
configure: creating ./config.status
config.status: creating Makefile
config.status: executing depfiles commands
+ make
cc -DPACKAGE_NAME=\"yacc-dry\" -DPACKAGE_TARNAME=\"yacc-dry\" -DPACKAGE_VERSION=\"1.0\" -DPACKAGE_STRING=\"yacc-dry\ 1.0\" -DPACKAGE_BUGREPORT=\"\" -DPACKAGE_URL=\"\" -DPACKAGE=\"yacc-dry\" -DVERSION=\"1.0\" -I.     -g -O2 -MT foo.o -MD -MP -MF .deps/foo.Tpo -c -o foo.o foo.c
mv -f .deps/foo.Tpo .deps/foo.Po
/bin/sh ./ylwrap parse.y y.tab.c parse.c y.tab.h `echo parse.c | sed -e s/cc$/hh/ -e s/cpp$/hpp/ -e s/cxx$/hxx/ -e s/c++$/h++/ -e s/c$/h/` y.output parse.output -- yacc -d 
updating parse.h
cc -DPACKAGE_NAME=\"yacc-dry\" -DPACKAGE_TARNAME=\"yacc-dry\" -DPACKAGE_VERSION=\"1.0\" -DPACKAGE_STRING=\"yacc-dry\ 1.0\" -DPACKAGE_BUGREPORT=\"\" -DPACKAGE_URL=\"\" -DPACKAGE=\"yacc-dry\" -DVERSION=\"1.0\" -I.     -g -O2 -MT parse.o -MD -MP -MF .deps/parse.Tpo -c -o parse.o parse.c
mv -f .deps/parse.Tpo .deps/parse.Po
cc  -g -O2   -o foo foo.o parse.o  
+ rm -f parse.h
+ make -n parse.h
if test ! -f parse.h; then rm -f parse.c; else :; fi
if test ! -f parse.h; then make  parse.c; else :; fi
make[1]: Entering directory '/sources/automake-1.16.1/t/yacc-dry.dir'
make[1]: 'parse.c' is up to date.
make[1]: Leaving directory '/sources/automake-1.16.1/t/yacc-dry.dir'
+ test -f parse.c
+ test '!' -e parse.h
+ :
+ am_exit_trap 0
+ exit_status=0
+ set +e
+ cd /sources/automake-1.16.1
+ test none = tap
+ case $am_explicit_skips in
+ test 0 -eq 0
+ am_keeping_testdirs
+ case $keep_testdirs in
+ return 1
+ rm_rf_ t/yacc-dry.dir
+ test 1 -gt 0
+ /usr/bin/perl /sources/automake-1.16.1/t/ax/deltree.pl t/yacc-dry.dir
+ set +x
PASS t/yacc-dry.sh (exit status: 0)
