yacc-bison-skeleton-cxx: running bison --version
bison (GNU Bison) 3.0.5
Written by Robert Corbett and Richard Stallman.

Copyright (C) 2018 Free Software Foundation, Inc.
This is free software; see the source for copying conditions.  There is NO
warranty; not even for MERCHANTABILITY or FITNESS FOR A PARTICULAR PURPOSE.
Running from installcheck: no
Test Protocol: none
PATH = /sources/automake-1.16.1/bin:/sources/automake-1.16.1/t/ax:/bin:/usr/bin:/sbin:/usr/sbin:/tools/bin
++ pwd
/sources/automake-1.16.1/t/yacc-bison-skeleton-cxx.dir
+ cat
+ cat
+ cat
+ cat
+ aclocal-1.16 -Werror
+ autoconf
+ automake-1.16 --foreign -Werror -Wall -a
configure.ac: installing './ylwrap'
+ mkdir build
+ cd build
+ ../configure 'YACC=bison -y'
checking for a BSD-compatible install... /usr/bin/install -c
checking whether build environment is sane... yes
checking for a thread-safe mkdir -p... /tools/bin/mkdir -p
checking for gawk... gawk
checking whether make sets $(MAKE)... yes
checking whether make supports nested variables... yes
checking whether the C++ compiler works... yes
checking for C++ compiler default output file name... a.out
checking for suffix of executables... 
checking whether we are cross compiling... no
checking for suffix of object files... o
checking whether we are using the GNU C++ compiler... yes
checking whether c++ accepts -g... yes
checking whether make supports the include directive... yes (GNU style)
checking dependency style of c++... gcc3
checking for bison... bison -y
checking that generated files are newer than configure... done
configure: creating ./config.status
config.status: creating Makefile
config.status: executing depfiles commands
+ make
/bin/sh ../ylwrap ../zardoz.yy y.tab.c zardoz.cc y.tab.h `echo zardoz.cc | sed -e s/cc$/hh/ -e s/cpp$/hpp/ -e s/cxx$/hxx/ -e s/c++$/h++/ -e s/c$/h/` y.output zardoz.output -- bison -y -d 
updating location.hh
updating position.hh
updating stack.hh
updating zardoz.hh
make  all-am
make[1]: Entering directory '/sources/automake-1.16.1/t/yacc-bison-skeleton-cxx.dir/build'
c++ -DPACKAGE_NAME=\"yacc-bison-skeleton-cxx\" -DPACKAGE_TARNAME=\"yacc-bison-skeleton-cxx\" -DPACKAGE_VERSION=\"1.0\" -DPACKAGE_STRING=\"yacc-bison-skeleton-cxx\ 1.0\" -DPACKAGE_BUGREPORT=\"\" -DPACKAGE_URL=\"\" -DPACKAGE=\"yacc-bison-skeleton-cxx\" -DVERSION=\"1.0\" -I. -I..     -g -O2 -MT zardoz.o -MD -MP -MF .deps/zardoz.Tpo -c -o zardoz.o zardoz.cc
mv -f .deps/zardoz.Tpo .deps/zardoz.Po
c++ -DPACKAGE_NAME=\"yacc-bison-skeleton-cxx\" -DPACKAGE_TARNAME=\"yacc-bison-skeleton-cxx\" -DPACKAGE_VERSION=\"1.0\" -DPACKAGE_STRING=\"yacc-bison-skeleton-cxx\ 1.0\" -DPACKAGE_BUGREPORT=\"\" -DPACKAGE_URL=\"\" -DPACKAGE=\"yacc-bison-skeleton-cxx\" -DVERSION=\"1.0\" -I. -I..     -g -O2 -MT foo.o -MD -MP -MF .deps/foo.Tpo -c -o foo.o ../foo.cc
mv -f .deps/foo.Tpo .deps/foo.Po
c++  -g -O2   -o zardoz zardoz.o foo.o  
make[1]: Leaving directory '/sources/automake-1.16.1/t/yacc-bison-skeleton-cxx.dir/build'
+ cd ..
+ ./configure 'YACC=bison -y'
checking for a BSD-compatible install... /usr/bin/install -c
checking whether build environment is sane... yes
checking for a thread-safe mkdir -p... /tools/bin/mkdir -p
checking for gawk... gawk
checking whether make sets $(MAKE)... yes
checking whether make supports nested variables... yes
checking whether the C++ compiler works... yes
checking for C++ compiler default output file name... a.out
checking for suffix of executables... 
checking whether we are cross compiling... no
checking for suffix of object files... o
checking whether we are using the GNU C++ compiler... yes
checking whether c++ accepts -g... yes
checking whether make supports the include directive... yes (GNU style)
checking dependency style of c++... gcc3
checking for bison... bison -y
checking that generated files are newer than configure... done
configure: creating ./config.status
config.status: creating Makefile
config.status: executing depfiles commands
+ make
/bin/sh ./ylwrap zardoz.yy y.tab.c zardoz.cc y.tab.h `echo zardoz.cc | sed -e s/cc$/hh/ -e s/cpp$/hpp/ -e s/cxx$/hxx/ -e s/c++$/h++/ -e s/c$/h/` y.output zardoz.output -- bison -y -d 
updating location.hh
updating position.hh
updating stack.hh
updating zardoz.hh
make  all-am
make[1]: Entering directory '/sources/automake-1.16.1/t/yacc-bison-skeleton-cxx.dir'
c++ -DPACKAGE_NAME=\"yacc-bison-skeleton-cxx\" -DPACKAGE_TARNAME=\"yacc-bison-skeleton-cxx\" -DPACKAGE_VERSION=\"1.0\" -DPACKAGE_STRING=\"yacc-bison-skeleton-cxx\ 1.0\" -DPACKAGE_BUGREPORT=\"\" -DPACKAGE_URL=\"\" -DPACKAGE=\"yacc-bison-skeleton-cxx\" -DVERSION=\"1.0\" -I.     -g -O2 -MT zardoz.o -MD -MP -MF .deps/zardoz.Tpo -c -o zardoz.o zardoz.cc
mv -f .deps/zardoz.Tpo .deps/zardoz.Po
c++ -DPACKAGE_NAME=\"yacc-bison-skeleton-cxx\" -DPACKAGE_TARNAME=\"yacc-bison-skeleton-cxx\" -DPACKAGE_VERSION=\"1.0\" -DPACKAGE_STRING=\"yacc-bison-skeleton-cxx\ 1.0\" -DPACKAGE_BUGREPORT=\"\" -DPACKAGE_URL=\"\" -DPACKAGE=\"yacc-bison-skeleton-cxx\" -DVERSION=\"1.0\" -I.     -g -O2 -MT foo.o -MD -MP -MF .deps/foo.Tpo -c -o foo.o foo.cc
mv -f .deps/foo.Tpo .deps/foo.Po
c++  -g -O2   -o zardoz zardoz.o foo.o  
make[1]: Leaving directory '/sources/automake-1.16.1/t/yacc-bison-skeleton-cxx.dir'
+ yl_distcheck YACC=false DISTCHECK_CONFIGURE_FLAGS=YACC=false
+ useless_vpath_rebuild
+ test -z ''
+ using_gmake
+ case $am__using_gmake in
+ make --version -v
+ grep GNU
GNU Make 4.2.1
License GPLv3+: GNU GPL version 3 or later <http://gnu.org/licenses/gpl.html>
+ am__using_gmake=yes
+ return 0
+ am__useless_vpath_rebuild=no
+ return 1
+ run_make distcheck YACC=false DISTCHECK_CONFIGURE_FLAGS=YACC=false
+ am__make_redirect_stdout=no
+ am__make_redirect_stderr=no
+ am__make_redirect_stdall=no
+ am__make_flags=
+ am__make_rc_exp=0
+ am_make_rc=0
+ test 3 -gt 0
+ case $1 in
+ break
+ using_gmake
+ case $am__using_gmake in
+ return 0
+ :
+ test x '!=' x
+ : exec make distcheck YACC=false DISTCHECK_CONFIGURE_FLAGS=YACC=false
+ set +x
make  dist-gzip am__post_remove_distdir='@:'
make[1]: Entering directory '/sources/automake-1.16.1/t/yacc-bison-skeleton-cxx.dir'
make  distdir-am
make[2]: Entering directory '/sources/automake-1.16.1/t/yacc-bison-skeleton-cxx.dir'
if test -d "yacc-bison-skeleton-cxx-1.0"; then find "yacc-bison-skeleton-cxx-1.0" -type d ! -perm -200 -exec chmod u+w {} ';' && rm -rf "yacc-bison-skeleton-cxx-1.0" || { sleep 5 && rm -rf "yacc-bison-skeleton-cxx-1.0"; }; else :; fi
test -d "yacc-bison-skeleton-cxx-1.0" || mkdir "yacc-bison-skeleton-cxx-1.0"
test -n "" \
|| find "yacc-bison-skeleton-cxx-1.0" -type d ! -perm -755 \
	-exec chmod u+rwx,go+rx {} \; -o \
  ! -type d ! -perm -444 -links 1 -exec chmod a+r {} \; -o \
  ! -type d ! -perm -400 -exec chmod a+r {} \; -o \
  ! -type d ! -perm -444 -exec /bin/sh /sources/automake-1.16.1/t/yacc-bison-skeleton-cxx.dir/install-sh -c -m a+r {} {} \; \
|| chmod -R a+r "yacc-bison-skeleton-cxx-1.0"
make[2]: Leaving directory '/sources/automake-1.16.1/t/yacc-bison-skeleton-cxx.dir'
tardir=yacc-bison-skeleton-cxx-1.0 && ${TAR-tar} chof - "$tardir" | eval GZIP= gzip --best -c >yacc-bison-skeleton-cxx-1.0.tar.gz
make[1]: Leaving directory '/sources/automake-1.16.1/t/yacc-bison-skeleton-cxx.dir'
if test -d "yacc-bison-skeleton-cxx-1.0"; then find "yacc-bison-skeleton-cxx-1.0" -type d ! -perm -200 -exec chmod u+w {} ';' && rm -rf "yacc-bison-skeleton-cxx-1.0" || { sleep 5 && rm -rf "yacc-bison-skeleton-cxx-1.0"; }; else :; fi
case 'yacc-bison-skeleton-cxx-1.0.tar.gz' in \
*.tar.gz*) \
  eval GZIP= gzip --best -dc yacc-bison-skeleton-cxx-1.0.tar.gz | ${TAR-tar} xf - ;;\
*.tar.bz2*) \
  bzip2 -dc yacc-bison-skeleton-cxx-1.0.tar.bz2 | ${TAR-tar} xf - ;;\
*.tar.lz*) \
  lzip -dc yacc-bison-skeleton-cxx-1.0.tar.lz | ${TAR-tar} xf - ;;\
*.tar.xz*) \
  xz -dc yacc-bison-skeleton-cxx-1.0.tar.xz | ${TAR-tar} xf - ;;\
*.tar.Z*) \
  uncompress -c yacc-bison-skeleton-cxx-1.0.tar.Z | ${TAR-tar} xf - ;;\
*.shar.gz*) \
  eval GZIP= gzip --best -dc yacc-bison-skeleton-cxx-1.0.shar.gz | unshar ;;\
*.zip*) \
  unzip yacc-bison-skeleton-cxx-1.0.zip ;;\
esac
chmod -R a-w yacc-bison-skeleton-cxx-1.0
chmod u+w yacc-bison-skeleton-cxx-1.0
mkdir yacc-bison-skeleton-cxx-1.0/_build yacc-bison-skeleton-cxx-1.0/_build/sub yacc-bison-skeleton-cxx-1.0/_inst
chmod a-w yacc-bison-skeleton-cxx-1.0
test -d yacc-bison-skeleton-cxx-1.0/_build || exit 0; \
dc_install_base=`CDPATH="${ZSH_VERSION+.}:" && cd yacc-bison-skeleton-cxx-1.0/_inst && pwd | sed -e 's,^[^:\\/]:[\\/],/,'` \
  && dc_destdir="${TMPDIR-/tmp}/am-dc-$$/" \
  && am__cwd=`pwd` \
  && CDPATH="${ZSH_VERSION+.}:" && cd yacc-bison-skeleton-cxx-1.0/_build/sub \
  && ../../configure \
     \
    YACC=false \
    --srcdir=../.. --prefix="$dc_install_base" \
  && make  \
  && make  dvi \
  && make  check \
  && make  install \
  && make  installcheck \
  && make  uninstall \
  && make  distuninstallcheck_dir="$dc_install_base" \
        distuninstallcheck \
  && chmod -R a-w "$dc_install_base" \
  && ({ \
       (cd ../.. && umask 077 && mkdir "$dc_destdir") \
       && make  DESTDIR="$dc_destdir" install \
       && make  DESTDIR="$dc_destdir" uninstall \
       && make  DESTDIR="$dc_destdir" \
            distuninstallcheck_dir="$dc_destdir" distuninstallcheck; \
      } || { rm -rf "$dc_destdir"; exit 1; }) \
  && rm -rf "$dc_destdir" \
  && make  dist \
  && rm -rf yacc-bison-skeleton-cxx-1.0.tar.gz \
  && make  distcleancheck \
  && cd "$am__cwd" \
  || exit 1
checking for a BSD-compatible install... /usr/bin/install -c
checking whether build environment is sane... yes
checking for a thread-safe mkdir -p... /tools/bin/mkdir -p
checking for gawk... gawk
checking whether make sets $(MAKE)... yes
checking whether make supports nested variables... yes
checking whether the C++ compiler works... yes
checking for C++ compiler default output file name... a.out
checking for suffix of executables... 
checking whether we are cross compiling... no
checking for suffix of object files... o
checking whether we are using the GNU C++ compiler... yes
checking whether c++ accepts -g... yes
checking whether make supports the include directive... yes (GNU style)
checking dependency style of c++... gcc3
checking for bison... false
checking that generated files are newer than configure... done
configure: creating ./config.status
config.status: creating Makefile
config.status: executing depfiles commands
make[1]: Entering directory '/sources/automake-1.16.1/t/yacc-bison-skeleton-cxx.dir/yacc-bison-skeleton-cxx-1.0/_build/sub'
make  all-am
make[2]: Entering directory '/sources/automake-1.16.1/t/yacc-bison-skeleton-cxx.dir/yacc-bison-skeleton-cxx-1.0/_build/sub'
c++ -DPACKAGE_NAME=\"yacc-bison-skeleton-cxx\" -DPACKAGE_TARNAME=\"yacc-bison-skeleton-cxx\" -DPACKAGE_VERSION=\"1.0\" -DPACKAGE_STRING=\"yacc-bison-skeleton-cxx\ 1.0\" -DPACKAGE_BUGREPORT=\"\" -DPACKAGE_URL=\"\" -DPACKAGE=\"yacc-bison-skeleton-cxx\" -DVERSION=\"1.0\" -I. -I../..     -g -O2 -MT zardoz.o -MD -MP -MF .deps/zardoz.Tpo -c -o zardoz.o ../../zardoz.cc
mv -f .deps/zardoz.Tpo .deps/zardoz.Po
c++ -DPACKAGE_NAME=\"yacc-bison-skeleton-cxx\" -DPACKAGE_TARNAME=\"yacc-bison-skeleton-cxx\" -DPACKAGE_VERSION=\"1.0\" -DPACKAGE_STRING=\"yacc-bison-skeleton-cxx\ 1.0\" -DPACKAGE_BUGREPORT=\"\" -DPACKAGE_URL=\"\" -DPACKAGE=\"yacc-bison-skeleton-cxx\" -DVERSION=\"1.0\" -I. -I../..     -g -O2 -MT foo.o -MD -MP -MF .deps/foo.Tpo -c -o foo.o ../../foo.cc
mv -f .deps/foo.Tpo .deps/foo.Po
c++  -g -O2   -o zardoz zardoz.o foo.o  
make[2]: Leaving directory '/sources/automake-1.16.1/t/yacc-bison-skeleton-cxx.dir/yacc-bison-skeleton-cxx-1.0/_build/sub'
make[1]: Leaving directory '/sources/automake-1.16.1/t/yacc-bison-skeleton-cxx.dir/yacc-bison-skeleton-cxx-1.0/_build/sub'
make[1]: Entering directory '/sources/automake-1.16.1/t/yacc-bison-skeleton-cxx.dir/yacc-bison-skeleton-cxx-1.0/_build/sub'
make[1]: Nothing to be done for 'dvi'.
make[1]: Leaving directory '/sources/automake-1.16.1/t/yacc-bison-skeleton-cxx.dir/yacc-bison-skeleton-cxx-1.0/_build/sub'
make[1]: Entering directory '/sources/automake-1.16.1/t/yacc-bison-skeleton-cxx.dir/yacc-bison-skeleton-cxx-1.0/_build/sub'
make  check-am
make[2]: Entering directory '/sources/automake-1.16.1/t/yacc-bison-skeleton-cxx.dir/yacc-bison-skeleton-cxx-1.0/_build/sub'
make[2]: Nothing to be done for 'check-am'.
make[2]: Leaving directory '/sources/automake-1.16.1/t/yacc-bison-skeleton-cxx.dir/yacc-bison-skeleton-cxx-1.0/_build/sub'
make[1]: Leaving directory '/sources/automake-1.16.1/t/yacc-bison-skeleton-cxx.dir/yacc-bison-skeleton-cxx-1.0/_build/sub'
make[1]: Entering directory '/sources/automake-1.16.1/t/yacc-bison-skeleton-cxx.dir/yacc-bison-skeleton-cxx-1.0/_build/sub'
make  install-am
make[2]: Entering directory '/sources/automake-1.16.1/t/yacc-bison-skeleton-cxx.dir/yacc-bison-skeleton-cxx-1.0/_build/sub'
make[3]: Entering directory '/sources/automake-1.16.1/t/yacc-bison-skeleton-cxx.dir/yacc-bison-skeleton-cxx-1.0/_build/sub'
 /tools/bin/mkdir -p '/sources/automake-1.16.1/t/yacc-bison-skeleton-cxx.dir/yacc-bison-skeleton-cxx-1.0/_inst/bin'
  /usr/bin/install -c zardoz '/sources/automake-1.16.1/t/yacc-bison-skeleton-cxx.dir/yacc-bison-skeleton-cxx-1.0/_inst/bin'
make[3]: Nothing to be done for 'install-data-am'.
make[3]: Leaving directory '/sources/automake-1.16.1/t/yacc-bison-skeleton-cxx.dir/yacc-bison-skeleton-cxx-1.0/_build/sub'
make[2]: Leaving directory '/sources/automake-1.16.1/t/yacc-bison-skeleton-cxx.dir/yacc-bison-skeleton-cxx-1.0/_build/sub'
make[1]: Leaving directory '/sources/automake-1.16.1/t/yacc-bison-skeleton-cxx.dir/yacc-bison-skeleton-cxx-1.0/_build/sub'
make[1]: Entering directory '/sources/automake-1.16.1/t/yacc-bison-skeleton-cxx.dir/yacc-bison-skeleton-cxx-1.0/_build/sub'
make[1]: Nothing to be done for 'installcheck'.
make[1]: Leaving directory '/sources/automake-1.16.1/t/yacc-bison-skeleton-cxx.dir/yacc-bison-skeleton-cxx-1.0/_build/sub'
make[1]: Entering directory '/sources/automake-1.16.1/t/yacc-bison-skeleton-cxx.dir/yacc-bison-skeleton-cxx-1.0/_build/sub'
 ( cd '/sources/automake-1.16.1/t/yacc-bison-skeleton-cxx.dir/yacc-bison-skeleton-cxx-1.0/_inst/bin' && rm -f zardoz )
make[1]: Leaving directory '/sources/automake-1.16.1/t/yacc-bison-skeleton-cxx.dir/yacc-bison-skeleton-cxx-1.0/_build/sub'
make[1]: Entering directory '/sources/automake-1.16.1/t/yacc-bison-skeleton-cxx.dir/yacc-bison-skeleton-cxx-1.0/_build/sub'
make[1]: Leaving directory '/sources/automake-1.16.1/t/yacc-bison-skeleton-cxx.dir/yacc-bison-skeleton-cxx-1.0/_build/sub'
make[1]: Entering directory '/sources/automake-1.16.1/t/yacc-bison-skeleton-cxx.dir/yacc-bison-skeleton-cxx-1.0/_build/sub'
make  install-am
make[2]: Entering directory '/sources/automake-1.16.1/t/yacc-bison-skeleton-cxx.dir/yacc-bison-skeleton-cxx-1.0/_build/sub'
make[3]: Entering directory '/sources/automake-1.16.1/t/yacc-bison-skeleton-cxx.dir/yacc-bison-skeleton-cxx-1.0/_build/sub'
 /tools/bin/mkdir -p '/tmp/am-dc-3029//sources/automake-1.16.1/t/yacc-bison-skeleton-cxx.dir/yacc-bison-skeleton-cxx-1.0/_inst/bin'
  /usr/bin/install -c zardoz '/tmp/am-dc-3029//sources/automake-1.16.1/t/yacc-bison-skeleton-cxx.dir/yacc-bison-skeleton-cxx-1.0/_inst/bin'
make[3]: Nothing to be done for 'install-data-am'.
make[3]: Leaving directory '/sources/automake-1.16.1/t/yacc-bison-skeleton-cxx.dir/yacc-bison-skeleton-cxx-1.0/_build/sub'
make[2]: Leaving directory '/sources/automake-1.16.1/t/yacc-bison-skeleton-cxx.dir/yacc-bison-skeleton-cxx-1.0/_build/sub'
make[1]: Leaving directory '/sources/automake-1.16.1/t/yacc-bison-skeleton-cxx.dir/yacc-bison-skeleton-cxx-1.0/_build/sub'
make[1]: Entering directory '/sources/automake-1.16.1/t/yacc-bison-skeleton-cxx.dir/yacc-bison-skeleton-cxx-1.0/_build/sub'
 ( cd '/tmp/am-dc-3029//sources/automake-1.16.1/t/yacc-bison-skeleton-cxx.dir/yacc-bison-skeleton-cxx-1.0/_inst/bin' && rm -f zardoz )
make[1]: Leaving directory '/sources/automake-1.16.1/t/yacc-bison-skeleton-cxx.dir/yacc-bison-skeleton-cxx-1.0/_build/sub'
make[1]: Entering directory '/sources/automake-1.16.1/t/yacc-bison-skeleton-cxx.dir/yacc-bison-skeleton-cxx-1.0/_build/sub'
make[1]: Leaving directory '/sources/automake-1.16.1/t/yacc-bison-skeleton-cxx.dir/yacc-bison-skeleton-cxx-1.0/_build/sub'
make[1]: Entering directory '/sources/automake-1.16.1/t/yacc-bison-skeleton-cxx.dir/yacc-bison-skeleton-cxx-1.0/_build/sub'
make  dist-gzip am__post_remove_distdir='@:'
make[2]: Entering directory '/sources/automake-1.16.1/t/yacc-bison-skeleton-cxx.dir/yacc-bison-skeleton-cxx-1.0/_build/sub'
make  distdir-am
make[3]: Entering directory '/sources/automake-1.16.1/t/yacc-bison-skeleton-cxx.dir/yacc-bison-skeleton-cxx-1.0/_build/sub'
if test -d "yacc-bison-skeleton-cxx-1.0"; then find "yacc-bison-skeleton-cxx-1.0" -type d ! -perm -200 -exec chmod u+w {} ';' && rm -rf "yacc-bison-skeleton-cxx-1.0" || { sleep 5 && rm -rf "yacc-bison-skeleton-cxx-1.0"; }; else :; fi
test -d "yacc-bison-skeleton-cxx-1.0" || mkdir "yacc-bison-skeleton-cxx-1.0"
test -n "" \
|| find "yacc-bison-skeleton-cxx-1.0" -type d ! -perm -755 \
	-exec chmod u+rwx,go+rx {} \; -o \
  ! -type d ! -perm -444 -links 1 -exec chmod a+r {} \; -o \
  ! -type d ! -perm -400 -exec chmod a+r {} \; -o \
  ! -type d ! -perm -444 -exec /bin/sh /sources/automake-1.16.1/t/yacc-bison-skeleton-cxx.dir/yacc-bison-skeleton-cxx-1.0/install-sh -c -m a+r {} {} \; \
|| chmod -R a+r "yacc-bison-skeleton-cxx-1.0"
make[3]: Leaving directory '/sources/automake-1.16.1/t/yacc-bison-skeleton-cxx.dir/yacc-bison-skeleton-cxx-1.0/_build/sub'
tardir=yacc-bison-skeleton-cxx-1.0 && ${TAR-tar} chof - "$tardir" | eval GZIP= gzip --best -c >yacc-bison-skeleton-cxx-1.0.tar.gz
make[2]: Leaving directory '/sources/automake-1.16.1/t/yacc-bison-skeleton-cxx.dir/yacc-bison-skeleton-cxx-1.0/_build/sub'
if test -d "yacc-bison-skeleton-cxx-1.0"; then find "yacc-bison-skeleton-cxx-1.0" -type d ! -perm -200 -exec chmod u+w {} ';' && rm -rf "yacc-bison-skeleton-cxx-1.0" || { sleep 5 && rm -rf "yacc-bison-skeleton-cxx-1.0"; }; else :; fi
make[1]: Leaving directory '/sources/automake-1.16.1/t/yacc-bison-skeleton-cxx.dir/yacc-bison-skeleton-cxx-1.0/_build/sub'
make[1]: Entering directory '/sources/automake-1.16.1/t/yacc-bison-skeleton-cxx.dir/yacc-bison-skeleton-cxx-1.0/_build/sub'
test -z "zardoz" || rm -f zardoz
rm -f *.o
rm -f *.tab.c
test -z "" || rm -f 
test . = "../.." || test -z "" || rm -f 
rm -f TAGS ID GTAGS GRTAGS GSYMS GPATH tags
rm -f cscope.out cscope.in.out cscope.po.out cscope.files
rm -f config.status config.cache config.log configure.lineno config.status.lineno
rm -f ./.deps/foo.Po
rm -f ./.deps/zardoz.Po
rm -f Makefile
make[1]: Leaving directory '/sources/automake-1.16.1/t/yacc-bison-skeleton-cxx.dir/yacc-bison-skeleton-cxx-1.0/_build/sub'
if test -d "yacc-bison-skeleton-cxx-1.0"; then find "yacc-bison-skeleton-cxx-1.0" -type d ! -perm -200 -exec chmod u+w {} ';' && rm -rf "yacc-bison-skeleton-cxx-1.0" || { sleep 5 && rm -rf "yacc-bison-skeleton-cxx-1.0"; }; else :; fi
=============================================================
yacc-bison-skeleton-cxx-1.0 archives ready for distribution: 
yacc-bison-skeleton-cxx-1.0.tar.gz
=============================================================
+ test 0 -eq 253
+ test no = yes
+ test no = yes
+ test no = yes
+ case $am__make_rc_exp in
+ test 0 -ge 0
+ test 0 -le 255
+ test 0 -eq 0
+ :
+ am_exit_trap 0
+ exit_status=0
+ set +e
+ cd /sources/automake-1.16.1
+ test none = tap
+ case $am_explicit_skips in
+ test 0 -eq 0
+ am_keeping_testdirs
+ case $keep_testdirs in
+ return 1
+ rm_rf_ t/yacc-bison-skeleton-cxx.dir
+ test 1 -gt 0
+ /usr/bin/perl /sources/automake-1.16.1/t/ax/deltree.pl t/yacc-bison-skeleton-cxx.dir
+ set +x
PASS t/yacc-bison-skeleton-cxx.sh (exit status: 0)
