Running from installcheck: no
Test Protocol: none
PATH = /sources/automake-1.16.1/bin:/sources/automake-1.16.1/t/ax:/bin:/usr/bin:/sbin:/usr/sbin:/tools/bin
++ pwd
/sources/automake-1.16.1/t/yflags-d-false-positives.dir
+ cat
+ aclocal-1.16 -Werror
+ cat
+ automake-1.16 --foreign -Werror -Wall -a
configure.ac: installing './ylwrap'
+ /bin/grep -E '(foobar|zardoz)\.h.*:' Makefile.in
+ /bin/grep -E '(foobar|zardoz)\.h' Makefile.in
+ /bin/grep -F -v '$(YLWRAP) '
+ :
+ am_exit_trap 0
+ exit_status=0
+ set +e
+ cd /sources/automake-1.16.1
+ test none = tap
+ case $am_explicit_skips in
+ test 0 -eq 0
+ am_keeping_testdirs
+ case $keep_testdirs in
+ return 1
+ rm_rf_ t/yflags-d-false-positives.dir
+ test 1 -gt 0
+ /usr/bin/perl /sources/automake-1.16.1/t/ax/deltree.pl t/yflags-d-false-positives.dir
+ set +x
PASS t/yflags-d-false-positives.sh (exit status: 0)
