This file contains any messages produced by compilers while
running configure, to aid debugging if configure makes a mistake.

It was created by ld configure 2.31.1, which was
generated by GNU Autoconf 2.69.  Invocation command line was

  $ /mnt/lfs/sources/binutils-2.31.1/ld/configure --srcdir=../../ld --cache-file=./config.cache --with-gnu-as --with-gnu-ld --prefix=/tools --disable-nls --disable-werror --with-lib-path=/tools/lib --with-sysroot --program-transform-name=s,y,y, --disable-option-checking --build=x86_64-pc-linux-gnu --host=x86_64-pc-linux-gnu --target=x86_64-pc-linux-gnu

## --------- ##
## Platform. ##
## --------- ##

hostname = ip-172-31-5-17
uname -m = x86_64
uname -r = 4.15.0-1021-aws
uname -s = Linux
uname -v = #21-Ubuntu SMP Tue Aug 28 10:23:07 UTC 2018

/usr/bin/uname -p = unknown
/bin/uname -X     = unknown

/bin/arch              = unknown
/usr/bin/arch -k       = unknown
/usr/convex/getsysinfo = unknown
/usr/bin/hostinfo      = unknown
/bin/machine           = unknown
/usr/bin/oslevel       = unknown
/bin/universe          = unknown

PATH: /tools/bin
PATH: /bin
PATH: /usr/bin


## ----------- ##
## Core tests. ##
## ----------- ##

configure:2588: creating cache ./config.cache
configure:2702: checking build system type
configure:2716: result: x86_64-pc-linux-gnu
configure:2736: checking host system type
configure:2749: result: x86_64-pc-linux-gnu
configure:2769: checking target system type
configure:2782: result: x86_64-pc-linux-gnu
configure:2820: checking for x86_64-pc-linux-gnu-gcc
configure:2847: result: x86_64-lfs-linux-gnu-gcc
configure:3116: checking for C compiler version
configure:3125: x86_64-lfs-linux-gnu-gcc --version >&5
x86_64-lfs-linux-gnu-gcc (GCC) 8.2.0
Copyright (C) 2018 Free Software Foundation, Inc.
This is free software; see the source for copying conditions.  There is NO
warranty; not even for MERCHANTABILITY or FITNESS FOR A PARTICULAR PURPOSE.

configure:3136: $? = 0
configure:3125: x86_64-lfs-linux-gnu-gcc -v >&5
Using built-in specs.
COLLECT_GCC=x86_64-lfs-linux-gnu-gcc
COLLECT_LTO_WRAPPER=/mnt/lfs/tools/bin/../libexec/gcc/x86_64-lfs-linux-gnu/8.2.0/lto-wrapper
Target: x86_64-lfs-linux-gnu
Configured with: ../configure --target=x86_64-lfs-linux-gnu --prefix=/tools --with-glibc-version=2.11 --with-sysroot=/mnt/lfs --with-newlib --without-headers --with-local-prefix=/tools --with-native-system-header-dir=/tools/include --disable-nls --disable-shared --disable-multilib --disable-decimal-float --disable-threads --disable-libatomic --disable-libgomp --disable-libmpx --disable-libquadmath --disable-libssp --disable-libvtv --disable-libstdcxx --enable-languages=c,c++
Thread model: single
gcc version 8.2.0 (GCC) 
configure:3136: $? = 0
configure:3125: x86_64-lfs-linux-gnu-gcc -V >&5
x86_64-lfs-linux-gnu-gcc: error: unrecognized command line option '-V'
x86_64-lfs-linux-gnu-gcc: fatal error: no input files
compilation terminated.
configure:3136: $? = 1
configure:3125: x86_64-lfs-linux-gnu-gcc -qversion >&5
x86_64-lfs-linux-gnu-gcc: error: unrecognized command line option '-qversion'; did you mean '--version'?
x86_64-lfs-linux-gnu-gcc: fatal error: no input files
compilation terminated.
configure:3136: $? = 1
configure:3156: checking whether the C compiler works
configure:3178: x86_64-lfs-linux-gnu-gcc -g -O2  -static-libstdc++ -static-libgcc  conftest.c  >&5
configure:3182: $? = 0
configure:3230: result: yes
configure:3233: checking for C compiler default output file name
configure:3235: result: a.out
configure:3241: checking for suffix of executables
configure:3248: x86_64-lfs-linux-gnu-gcc -o conftest -g -O2  -static-libstdc++ -static-libgcc  conftest.c  >&5
configure:3252: $? = 0
configure:3274: result: 
configure:3296: checking whether we are cross compiling
configure:3304: x86_64-lfs-linux-gnu-gcc -o conftest -g -O2  -static-libstdc++ -static-libgcc  conftest.c  >&5
configure:3308: $? = 0
configure:3315: ./conftest
configure:3319: $? = 0
configure:3334: result: no
configure:3339: checking for suffix of object files
configure:3361: x86_64-lfs-linux-gnu-gcc -c -g -O2  conftest.c >&5
configure:3365: $? = 0
configure:3386: result: o
configure:3390: checking whether we are using the GNU C compiler
configure:3409: x86_64-lfs-linux-gnu-gcc -c -g -O2  conftest.c >&5
configure:3409: $? = 0
configure:3418: result: yes
configure:3427: checking whether x86_64-lfs-linux-gnu-gcc accepts -g
configure:3447: x86_64-lfs-linux-gnu-gcc -c -g  conftest.c >&5
configure:3447: $? = 0
configure:3488: result: yes
configure:3505: checking for x86_64-lfs-linux-gnu-gcc option to accept ISO C89
configure:3568: x86_64-lfs-linux-gnu-gcc  -c -g -O2  conftest.c >&5
configure:3568: $? = 0
configure:3581: result: none needed
configure:3606: checking whether x86_64-lfs-linux-gnu-gcc understands -c and -o together
configure:3628: x86_64-lfs-linux-gnu-gcc -c conftest.c -o conftest2.o
configure:3631: $? = 0
configure:3628: x86_64-lfs-linux-gnu-gcc -c conftest.c -o conftest2.o
configure:3631: $? = 0
configure:3643: result: yes
configure:3661: checking for library containing strerror
configure:3692: x86_64-lfs-linux-gnu-gcc -o conftest -g -O2  -static-libstdc++ -static-libgcc  conftest.c  >&5
configure:3692: $? = 0
configure:3709: result: none required
configure:3734: checking for a BSD-compatible install
configure:3802: result: /usr/bin/install -c
configure:3813: checking whether build environment is sane
configure:3868: result: yes
configure:4016: checking for a thread-safe mkdir -p
configure:4055: result: /bin/mkdir -p
configure:4062: checking for gawk
configure:4089: result: gawk
configure:4100: checking whether make sets $(MAKE)
configure:4122: result: yes
configure:4152: checking for style of include used by make
configure:4180: result: GNU
configure:4214: checking whether make supports nested variables
configure:4231: result: yes
configure:4316: checking dependency style of x86_64-lfs-linux-gnu-gcc
configure:4427: result: gcc3
configure:4486: checking whether to enable maintainer-specific portions of Makefiles
configure:4495: result: no
configure:4517: checking for x86_64-pc-linux-gnu-gcc
configure:4544: result: x86_64-lfs-linux-gnu-gcc
configure:4813: checking for C compiler version
configure:4822: x86_64-lfs-linux-gnu-gcc --version >&5
x86_64-lfs-linux-gnu-gcc (GCC) 8.2.0
Copyright (C) 2018 Free Software Foundation, Inc.
This is free software; see the source for copying conditions.  There is NO
warranty; not even for MERCHANTABILITY or FITNESS FOR A PARTICULAR PURPOSE.

configure:4833: $? = 0
configure:4822: x86_64-lfs-linux-gnu-gcc -v >&5
Using built-in specs.
COLLECT_GCC=x86_64-lfs-linux-gnu-gcc
COLLECT_LTO_WRAPPER=/mnt/lfs/tools/bin/../libexec/gcc/x86_64-lfs-linux-gnu/8.2.0/lto-wrapper
Target: x86_64-lfs-linux-gnu
Configured with: ../configure --target=x86_64-lfs-linux-gnu --prefix=/tools --with-glibc-version=2.11 --with-sysroot=/mnt/lfs --with-newlib --without-headers --with-local-prefix=/tools --with-native-system-header-dir=/tools/include --disable-nls --disable-shared --disable-multilib --disable-decimal-float --disable-threads --disable-libatomic --disable-libgomp --disable-libmpx --disable-libquadmath --disable-libssp --disable-libvtv --disable-libstdcxx --enable-languages=c,c++
Thread model: single
gcc version 8.2.0 (GCC) 
configure:4833: $? = 0
configure:4822: x86_64-lfs-linux-gnu-gcc -V >&5
x86_64-lfs-linux-gnu-gcc: error: unrecognized command line option '-V'
x86_64-lfs-linux-gnu-gcc: fatal error: no input files
compilation terminated.
configure:4833: $? = 1
configure:4822: x86_64-lfs-linux-gnu-gcc -qversion >&5
x86_64-lfs-linux-gnu-gcc: error: unrecognized command line option '-qversion'; did you mean '--version'?
x86_64-lfs-linux-gnu-gcc: fatal error: no input files
compilation terminated.
configure:4833: $? = 1
configure:4837: checking whether we are using the GNU C compiler
configure:4865: result: yes
configure:4874: checking whether x86_64-lfs-linux-gnu-gcc accepts -g
configure:4935: result: yes
configure:4952: checking for x86_64-lfs-linux-gnu-gcc option to accept ISO C89
configure:5028: result: none needed
configure:5053: checking whether x86_64-lfs-linux-gnu-gcc understands -c and -o together
configure:5090: result: yes
configure:5219: checking for C++ compiler version
configure:5228: g++ --version >&5
g++ (Ubuntu 7.3.0-27ubuntu1~18.04) 7.3.0
Copyright (C) 2017 Free Software Foundation, Inc.
This is free software; see the source for copying conditions.  There is NO
warranty; not even for MERCHANTABILITY or FITNESS FOR A PARTICULAR PURPOSE.

configure:5239: $? = 0
configure:5228: g++ -v >&5
Using built-in specs.
COLLECT_GCC=g++
COLLECT_LTO_WRAPPER=/usr/lib/gcc/x86_64-linux-gnu/7/lto-wrapper
OFFLOAD_TARGET_NAMES=nvptx-none
OFFLOAD_TARGET_DEFAULT=1
Target: x86_64-linux-gnu
Configured with: ../src/configure -v --with-pkgversion='Ubuntu 7.3.0-27ubuntu1~18.04' --with-bugurl=file:///usr/share/doc/gcc-7/README.Bugs --enable-languages=c,ada,c++,go,brig,d,fortran,objc,obj-c++ --prefix=/usr --with-gcc-major-version-only --program-suffix=-7 --program-prefix=x86_64-linux-gnu- --enable-shared --enable-linker-build-id --libexecdir=/usr/lib --without-included-gettext --enable-threads=posix --libdir=/usr/lib --enable-nls --with-sysroot=/ --enable-clocale=gnu --enable-libstdcxx-debug --enable-libstdcxx-time=yes --with-default-libstdcxx-abi=new --enable-gnu-unique-object --disable-vtable-verify --enable-libmpx --enable-plugin --enable-default-pie --with-system-zlib --with-target-system-zlib --enable-objc-gc=auto --enable-multiarch --disable-werror --with-arch-32=i686 --with-abi=m64 --with-multilib-list=m32,m64,mx32 --enable-multilib --with-tune=generic --enable-offload-targets=nvptx-none --without-cuda-driver --enable-checking=release --build=x86_64-linux-gnu --host=x86_64-linux-gnu --target=x86_64-linux-gnu
Thread model: posix
gcc version 7.3.0 (Ubuntu 7.3.0-27ubuntu1~18.04) 
configure:5239: $? = 0
configure:5228: g++ -V >&5
g++: error: unrecognized command line option '-V'
g++: fatal error: no input files
compilation terminated.
configure:5239: $? = 1
configure:5228: g++ -qversion >&5
g++: error: unrecognized command line option '-qversion'; did you mean '--version'?
g++: fatal error: no input files
compilation terminated.
configure:5239: $? = 1
configure:5243: checking whether we are using the GNU C++ compiler
configure:5262: g++ -c -g -O2  conftest.cpp >&5
configure:5262: $? = 0
configure:5271: result: yes
configure:5280: checking whether g++ accepts -g
configure:5300: g++ -c -g  conftest.cpp >&5
configure:5300: $? = 0
configure:5341: result: yes
configure:5366: checking dependency style of g++
configure:5477: result: gcc3
configure:5492: checking for grep that handles long lines and -e
configure:5550: result: /bin/grep
configure:5560: checking how to run the C preprocessor
configure:5591: x86_64-lfs-linux-gnu-gcc -E  conftest.c
configure:5591: $? = 0
configure:5605: x86_64-lfs-linux-gnu-gcc -E  conftest.c
conftest.c:11:10: fatal error: ac_nonexistent.h: No such file or directory
 #include <ac_nonexistent.h>
          ^~~~~~~~~~~~~~~~~~
compilation terminated.
configure:5605: $? = 1
configure: failed program was:
| /* confdefs.h */
| #define PACKAGE_NAME "ld"
| #define PACKAGE_TARNAME "ld"
| #define PACKAGE_VERSION "2.31.1"
| #define PACKAGE_STRING "ld 2.31.1"
| #define PACKAGE_BUGREPORT ""
| #define PACKAGE_URL ""
| #define PACKAGE "ld"
| #define VERSION "2.31.1"
| /* end confdefs.h.  */
| #include <ac_nonexistent.h>
configure:5630: result: x86_64-lfs-linux-gnu-gcc -E
configure:5650: x86_64-lfs-linux-gnu-gcc -E  conftest.c
configure:5650: $? = 0
configure:5664: x86_64-lfs-linux-gnu-gcc -E  conftest.c
conftest.c:11:10: fatal error: ac_nonexistent.h: No such file or directory
 #include <ac_nonexistent.h>
          ^~~~~~~~~~~~~~~~~~
compilation terminated.
configure:5664: $? = 1
configure: failed program was:
| /* confdefs.h */
| #define PACKAGE_NAME "ld"
| #define PACKAGE_TARNAME "ld"
| #define PACKAGE_VERSION "2.31.1"
| #define PACKAGE_STRING "ld 2.31.1"
| #define PACKAGE_BUGREPORT ""
| #define PACKAGE_URL ""
| #define PACKAGE "ld"
| #define VERSION "2.31.1"
| /* end confdefs.h.  */
| #include <ac_nonexistent.h>
configure:5693: checking for egrep
configure:5755: result: /bin/grep -E
configure:5760: checking for ANSI C header files
configure:5780: x86_64-lfs-linux-gnu-gcc -c -g -O2  conftest.c >&5
configure:5780: $? = 0
configure:5853: x86_64-lfs-linux-gnu-gcc -o conftest -g -O2  -static-libstdc++ -static-libgcc  conftest.c  >&5
configure:5853: $? = 0
configure:5853: ./conftest
configure:5853: $? = 0
configure:5864: result: yes
configure:5877: checking for sys/types.h
configure:5877: x86_64-lfs-linux-gnu-gcc -c -g -O2  conftest.c >&5
configure:5877: $? = 0
configure:5877: result: yes
configure:5877: checking for sys/stat.h
configure:5877: x86_64-lfs-linux-gnu-gcc -c -g -O2  conftest.c >&5
configure:5877: $? = 0
configure:5877: result: yes
configure:5877: checking for stdlib.h
configure:5877: x86_64-lfs-linux-gnu-gcc -c -g -O2  conftest.c >&5
configure:5877: $? = 0
configure:5877: result: yes
configure:5877: checking for string.h
configure:5877: x86_64-lfs-linux-gnu-gcc -c -g -O2  conftest.c >&5
configure:5877: $? = 0
configure:5877: result: yes
configure:5877: checking for memory.h
configure:5877: x86_64-lfs-linux-gnu-gcc -c -g -O2  conftest.c >&5
configure:5877: $? = 0
configure:5877: result: yes
configure:5877: checking for strings.h
configure:5877: x86_64-lfs-linux-gnu-gcc -c -g -O2  conftest.c >&5
configure:5877: $? = 0
configure:5877: result: yes
configure:5877: checking for inttypes.h
configure:5877: x86_64-lfs-linux-gnu-gcc -c -g -O2  conftest.c >&5
configure:5877: $? = 0
configure:5877: result: yes
configure:5877: checking for stdint.h
configure:5877: x86_64-lfs-linux-gnu-gcc -c -g -O2  conftest.c >&5
configure:5877: $? = 0
configure:5877: result: yes
configure:5877: checking for unistd.h
configure:5877: x86_64-lfs-linux-gnu-gcc -c -g -O2  conftest.c >&5
configure:5877: $? = 0
configure:5877: result: yes
configure:5890: checking minix/config.h usability
configure:5890: x86_64-lfs-linux-gnu-gcc -c -g -O2  conftest.c >&5
conftest.c:54:10: fatal error: minix/config.h: No such file or directory
 #include <minix/config.h>
          ^~~~~~~~~~~~~~~~
compilation terminated.
configure:5890: $? = 1
configure: failed program was:
| /* confdefs.h */
| #define PACKAGE_NAME "ld"
| #define PACKAGE_TARNAME "ld"
| #define PACKAGE_VERSION "2.31.1"
| #define PACKAGE_STRING "ld 2.31.1"
| #define PACKAGE_BUGREPORT ""
| #define PACKAGE_URL ""
| #define PACKAGE "ld"
| #define VERSION "2.31.1"
| #define STDC_HEADERS 1
| #define HAVE_SYS_TYPES_H 1
| #define HAVE_SYS_STAT_H 1
| #define HAVE_STDLIB_H 1
| #define HAVE_STRING_H 1
| #define HAVE_MEMORY_H 1
| #define HAVE_STRINGS_H 1
| #define HAVE_INTTYPES_H 1
| #define HAVE_STDINT_H 1
| #define HAVE_UNISTD_H 1
| /* end confdefs.h.  */
| #include <stdio.h>
| #ifdef HAVE_SYS_TYPES_H
| # include <sys/types.h>
| #endif
| #ifdef HAVE_SYS_STAT_H
| # include <sys/stat.h>
| #endif
| #ifdef STDC_HEADERS
| # include <stdlib.h>
| # include <stddef.h>
| #else
| # ifdef HAVE_STDLIB_H
| #  include <stdlib.h>
| # endif
| #endif
| #ifdef HAVE_STRING_H
| # if !defined STDC_HEADERS && defined HAVE_MEMORY_H
| #  include <memory.h>
| # endif
| # include <string.h>
| #endif
| #ifdef HAVE_STRINGS_H
| # include <strings.h>
| #endif
| #ifdef HAVE_INTTYPES_H
| # include <inttypes.h>
| #endif
| #ifdef HAVE_STDINT_H
| # include <stdint.h>
| #endif
| #ifdef HAVE_UNISTD_H
| # include <unistd.h>
| #endif
| #include <minix/config.h>
configure:5890: result: no
configure:5890: checking minix/config.h presence
configure:5890: x86_64-lfs-linux-gnu-gcc -E  conftest.c
conftest.c:21:10: fatal error: minix/config.h: No such file or directory
 #include <minix/config.h>
          ^~~~~~~~~~~~~~~~
compilation terminated.
configure:5890: $? = 1
configure: failed program was:
| /* confdefs.h */
| #define PACKAGE_NAME "ld"
| #define PACKAGE_TARNAME "ld"
| #define PACKAGE_VERSION "2.31.1"
| #define PACKAGE_STRING "ld 2.31.1"
| #define PACKAGE_BUGREPORT ""
| #define PACKAGE_URL ""
| #define PACKAGE "ld"
| #define VERSION "2.31.1"
| #define STDC_HEADERS 1
| #define HAVE_SYS_TYPES_H 1
| #define HAVE_SYS_STAT_H 1
| #define HAVE_STDLIB_H 1
| #define HAVE_STRING_H 1
| #define HAVE_MEMORY_H 1
| #define HAVE_STRINGS_H 1
| #define HAVE_INTTYPES_H 1
| #define HAVE_STDINT_H 1
| #define HAVE_UNISTD_H 1
| /* end confdefs.h.  */
| #include <minix/config.h>
configure:5890: result: no
configure:5890: checking for minix/config.h
configure:5890: result: no
configure:5911: checking whether it is safe to define __EXTENSIONS__
configure:5929: x86_64-lfs-linux-gnu-gcc -c -g -O2  conftest.c >&5
configure:5929: $? = 0
configure:5936: result: yes
configure:6000: checking how to print strings
configure:6027: result: printf
configure:6048: checking for a sed that does not truncate output
configure:6112: result: /bin/sed
configure:6130: checking for fgrep
configure:6192: result: /bin/grep -F
configure:6227: checking for ld used by x86_64-lfs-linux-gnu-gcc
configure:6294: result: /mnt/lfs/tools/bin/../lib/gcc/x86_64-lfs-linux-gnu/8.2.0/../../../../x86_64-lfs-linux-gnu/bin/ld
configure:6301: checking if the linker (/mnt/lfs/tools/bin/../lib/gcc/x86_64-lfs-linux-gnu/8.2.0/../../../../x86_64-lfs-linux-gnu/bin/ld) is GNU ld
configure:6316: result: yes
configure:6328: checking for BSD- or MS-compatible name lister (nm)
configure:6377: result: nm
configure:6507: checking the name lister (nm) interface
configure:6514: x86_64-lfs-linux-gnu-gcc -c -g -O2  conftest.c >&5
configure:6517: nm "conftest.o"
configure:6520: output
0000000000000000 B some_variable
configure:6527: result: BSD nm
configure:6530: checking whether ln -s works
configure:6534: result: yes
configure:6542: checking the maximum length of command line arguments
configure:6667: result: 1572864
configure:6684: checking whether the shell understands some XSI constructs
configure:6694: result: yes
configure:6698: checking whether the shell understands "+="
configure:6704: result: yes
configure:6739: checking for /mnt/lfs/tools/bin/../lib/gcc/x86_64-lfs-linux-gnu/8.2.0/../../../../x86_64-lfs-linux-gnu/bin/ld option to reload object files
configure:6746: result: -r
configure:6775: checking for x86_64-pc-linux-gnu-objdump
configure:6802: result: objdump
configure:6874: checking how to recognize dependent libraries
configure:7075: result: pass_all
configure:7095: checking for x86_64-pc-linux-gnu-ar
configure:7122: result: x86_64-lfs-linux-gnu-ar
configure:7200: checking for x86_64-pc-linux-gnu-strip
configure:7230: result: no
configure:7240: checking for strip
configure:7256: found /usr/bin/strip
configure:7267: result: strip
configure:7299: checking for x86_64-pc-linux-gnu-ranlib
configure:7326: result: x86_64-lfs-linux-gnu-ranlib
configure:7468: checking command to parse nm output from x86_64-lfs-linux-gnu-gcc object
configure:7586: x86_64-lfs-linux-gnu-gcc -c -g -O2  conftest.c >&5
configure:7589: $? = 0
configure:7593: nm conftest.o \| sed -n -e 's/^.*[ ]\([ABCDGIRSTW][ABCDGIRSTW]*\)[ ][ ]*\([_A-Za-z][_A-Za-z0-9]*\)$/\1 \2 \2/p' \> conftest.nm
configure:7596: $? = 0
configure:7650: x86_64-lfs-linux-gnu-gcc -o conftest -g -O2  -static-libstdc++ -static-libgcc  conftest.c conftstm.o >&5
configure:7653: $? = 0
configure:7691: result: ok
configure:7786: x86_64-lfs-linux-gnu-gcc -c -g -O2  conftest.c >&5
configure:7789: $? = 0
configure:8539: checking for dlfcn.h
configure:8539: x86_64-lfs-linux-gnu-gcc -c -g -O2  conftest.c >&5
configure:8539: $? = 0
configure:8539: result: yes
configure:8727: checking for objdir
configure:8742: result: .libs
configure:9013: checking if x86_64-lfs-linux-gnu-gcc supports -fno-rtti -fno-exceptions
configure:9031: x86_64-lfs-linux-gnu-gcc -c -g -O2  -fno-rtti -fno-exceptions conftest.c >&5
cc1: warning: command line option '-fno-rtti' is valid for C++/ObjC++ but not for C
configure:9035: $? = 0
configure:9048: result: no
configure:9068: checking for x86_64-lfs-linux-gnu-gcc option to produce PIC
configure:9354: result: -fPIC -DPIC
configure:9366: checking if x86_64-lfs-linux-gnu-gcc PIC flag -fPIC -DPIC works
configure:9384: x86_64-lfs-linux-gnu-gcc -c -g -O2  -fPIC -DPIC -DPIC conftest.c >&5
configure:9388: $? = 0
configure:9401: result: yes
configure:9425: checking if x86_64-lfs-linux-gnu-gcc static flag -static works
configure:9453: result: yes
configure:9468: checking if x86_64-lfs-linux-gnu-gcc supports -c -o file.o
configure:9489: x86_64-lfs-linux-gnu-gcc -c -g -O2  -o out/conftest2.o conftest.c >&5
configure:9493: $? = 0
configure:9515: result: yes
configure:9523: checking if x86_64-lfs-linux-gnu-gcc supports -c -o file.o
configure:9570: result: yes
configure:9603: checking whether the x86_64-lfs-linux-gnu-gcc linker (/mnt/lfs/tools/bin/../lib/gcc/x86_64-lfs-linux-gnu/8.2.0/../../../../x86_64-lfs-linux-gnu/bin/ld -m elf_x86_64) supports shared libraries
configure:10674: result: yes
configure:10711: checking whether -lc should be explicitly linked in
configure:10719: x86_64-lfs-linux-gnu-gcc -c -g -O2  conftest.c >&5
configure:10722: $? = 0
configure:10737: x86_64-lfs-linux-gnu-gcc -shared  -fPIC -DPIC conftest.o  -v -Wl,-soname -Wl,conftest -o conftest 2\>\&1 \| /bin/grep  -lc  \>/dev/null 2\>\&1
configure:10740: $? = 0
configure:10754: result: no
configure:10919: checking dynamic linker characteristics
configure:11370: x86_64-lfs-linux-gnu-gcc -o conftest -g -O2  -static-libstdc++ -static-libgcc  -Wl,-rpath -Wl,/foo conftest.c  >&5
configure:11370: $? = 0
configure:11592: result: GNU/Linux ld.so
configure:11699: checking how to hardcode library paths into programs
configure:11724: result: immediate
configure:12264: checking whether stripping libraries is possible
configure:12269: result: yes
configure:12304: checking if libtool supports shared libraries
configure:12306: result: yes
configure:12309: checking whether to build shared libraries
configure:12330: result: yes
configure:12333: checking whether to build static libraries
configure:12337: result: yes
configure:12360: checking how to run the C++ preprocessor
configure:12387: g++ -E  conftest.cpp
configure:12387: $? = 0
configure:12401: g++ -E  conftest.cpp
conftest.cpp:28:10: fatal error: ac_nonexistent.h: No such file or directory
 #include <ac_nonexistent.h>
          ^~~~~~~~~~~~~~~~~~
compilation terminated.
configure:12401: $? = 1
configure: failed program was:
| /* confdefs.h */
| #define PACKAGE_NAME "ld"
| #define PACKAGE_TARNAME "ld"
| #define PACKAGE_VERSION "2.31.1"
| #define PACKAGE_STRING "ld 2.31.1"
| #define PACKAGE_BUGREPORT ""
| #define PACKAGE_URL ""
| #define PACKAGE "ld"
| #define VERSION "2.31.1"
| #define STDC_HEADERS 1
| #define HAVE_SYS_TYPES_H 1
| #define HAVE_SYS_STAT_H 1
| #define HAVE_STDLIB_H 1
| #define HAVE_STRING_H 1
| #define HAVE_MEMORY_H 1
| #define HAVE_STRINGS_H 1
| #define HAVE_INTTYPES_H 1
| #define HAVE_STDINT_H 1
| #define HAVE_UNISTD_H 1
| #define __EXTENSIONS__ 1
| #define _ALL_SOURCE 1
| #define _GNU_SOURCE 1
| #define _POSIX_PTHREAD_SEMANTICS 1
| #define _TANDEM_SOURCE 1
| #define HAVE_DLFCN_H 1
| #define LT_OBJDIR ".libs/"
| /* end confdefs.h.  */
| #include <ac_nonexistent.h>
configure:12426: result: g++ -E
configure:12446: g++ -E  conftest.cpp
configure:12446: $? = 0
configure:12460: g++ -E  conftest.cpp
conftest.cpp:28:10: fatal error: ac_nonexistent.h: No such file or directory
 #include <ac_nonexistent.h>
          ^~~~~~~~~~~~~~~~~~
compilation terminated.
configure:12460: $? = 1
configure: failed program was:
| /* confdefs.h */
| #define PACKAGE_NAME "ld"
| #define PACKAGE_TARNAME "ld"
| #define PACKAGE_VERSION "2.31.1"
| #define PACKAGE_STRING "ld 2.31.1"
| #define PACKAGE_BUGREPORT ""
| #define PACKAGE_URL ""
| #define PACKAGE "ld"
| #define VERSION "2.31.1"
| #define STDC_HEADERS 1
| #define HAVE_SYS_TYPES_H 1
| #define HAVE_SYS_STAT_H 1
| #define HAVE_STDLIB_H 1
| #define HAVE_STRING_H 1
| #define HAVE_MEMORY_H 1
| #define HAVE_STRINGS_H 1
| #define HAVE_INTTYPES_H 1
| #define HAVE_STDINT_H 1
| #define HAVE_UNISTD_H 1
| #define __EXTENSIONS__ 1
| #define _ALL_SOURCE 1
| #define _GNU_SOURCE 1
| #define _POSIX_PTHREAD_SEMANTICS 1
| #define _TANDEM_SOURCE 1
| #define HAVE_DLFCN_H 1
| #define LT_OBJDIR ".libs/"
| /* end confdefs.h.  */
| #include <ac_nonexistent.h>
configure:12628: checking for ld used by g++
configure:12695: result: /mnt/lfs/tools/bin/../lib/gcc/x86_64-lfs-linux-gnu/8.2.0/../../../../x86_64-lfs-linux-gnu/bin/ld -m elf_x86_64
configure:12702: checking if the linker (/mnt/lfs/tools/bin/../lib/gcc/x86_64-lfs-linux-gnu/8.2.0/../../../../x86_64-lfs-linux-gnu/bin/ld -m elf_x86_64) is GNU ld
configure:12717: result: yes
configure:12772: checking whether the g++ linker (/mnt/lfs/tools/bin/../lib/gcc/x86_64-lfs-linux-gnu/8.2.0/../../../../x86_64-lfs-linux-gnu/bin/ld -m elf_x86_64) supports shared libraries
configure:13704: result: yes
configure:13732: g++ -c -g -O2  conftest.cpp >&5
configure:13735: $? = 0
configure:13917: checking for g++ option to produce PIC
configure:14240: result: -fPIC -DPIC
configure:14249: checking if g++ PIC flag -fPIC -DPIC works
configure:14267: g++ -c -g -O2  -fPIC -DPIC -DPIC conftest.cpp >&5
configure:14271: $? = 0
configure:14284: result: yes
configure:14305: checking if g++ static flag -static works
configure:14333: result: yes
configure:14345: checking if g++ supports -c -o file.o
configure:14366: g++ -c -g -O2  -o out/conftest2.o conftest.cpp >&5
configure:14370: $? = 0
configure:14392: result: yes
configure:14397: checking if g++ supports -c -o file.o
configure:14444: result: yes
configure:14474: checking whether the g++ linker (/mnt/lfs/tools/bin/../lib/gcc/x86_64-lfs-linux-gnu/8.2.0/../../../../x86_64-lfs-linux-gnu/bin/ld -m elf_x86_64) supports shared libraries
configure:14502: result: yes
configure:14645: checking dynamic linker characteristics
configure:15252: result: GNU/Linux ld.so
configure:15305: checking how to hardcode library paths into programs
configure:15330: result: immediate
configure:15401: checking for dlfcn.h
configure:15401: result: yes
configure:15414: checking for windows.h
configure:15414: x86_64-lfs-linux-gnu-gcc -c -g -O2  conftest.c >&5
conftest.c:63:10: fatal error: windows.h: No such file or directory
 #include <windows.h>
          ^~~~~~~~~~~
compilation terminated.
configure:15414: $? = 1
configure: failed program was:
| /* confdefs.h */
| #define PACKAGE_NAME "ld"
| #define PACKAGE_TARNAME "ld"
| #define PACKAGE_VERSION "2.31.1"
| #define PACKAGE_STRING "ld 2.31.1"
| #define PACKAGE_BUGREPORT ""
| #define PACKAGE_URL ""
| #define PACKAGE "ld"
| #define VERSION "2.31.1"
| #define STDC_HEADERS 1
| #define HAVE_SYS_TYPES_H 1
| #define HAVE_SYS_STAT_H 1
| #define HAVE_STDLIB_H 1
| #define HAVE_STRING_H 1
| #define HAVE_MEMORY_H 1
| #define HAVE_STRINGS_H 1
| #define HAVE_INTTYPES_H 1
| #define HAVE_STDINT_H 1
| #define HAVE_UNISTD_H 1
| #define __EXTENSIONS__ 1
| #define _ALL_SOURCE 1
| #define _GNU_SOURCE 1
| #define _POSIX_PTHREAD_SEMANTICS 1
| #define _TANDEM_SOURCE 1
| #define HAVE_DLFCN_H 1
| #define LT_OBJDIR ".libs/"
| #define HAVE_DLFCN_H 1
| /* end confdefs.h.  */
| #include <stdio.h>
| #ifdef HAVE_SYS_TYPES_H
| # include <sys/types.h>
| #endif
| #ifdef HAVE_SYS_STAT_H
| # include <sys/stat.h>
| #endif
| #ifdef STDC_HEADERS
| # include <stdlib.h>
| # include <stddef.h>
| #else
| # ifdef HAVE_STDLIB_H
| #  include <stdlib.h>
| # endif
| #endif
| #ifdef HAVE_STRING_H
| # if !defined STDC_HEADERS && defined HAVE_MEMORY_H
| #  include <memory.h>
| # endif
| # include <string.h>
| #endif
| #ifdef HAVE_STRINGS_H
| # include <strings.h>
| #endif
| #ifdef HAVE_INTTYPES_H
| # include <inttypes.h>
| #endif
| #ifdef HAVE_STDINT_H
| # include <stdint.h>
| #endif
| #ifdef HAVE_UNISTD_H
| # include <unistd.h>
| #endif
| 
| #include <windows.h>
configure:15414: result: no
configure:15441: checking for library containing dlsym
configure:15472: x86_64-lfs-linux-gnu-gcc -o conftest -g -O2  -static-libstdc++ -static-libgcc  conftest.c  >&5
/mnt/lfs/tools/bin/../lib/gcc/x86_64-lfs-linux-gnu/8.2.0/../../../../x86_64-lfs-linux-gnu/bin/ld: /tmp/ccmgNOuU.o: in function `main':
/mnt/lfs/sources/binutils-2.31.1/build/ld/conftest.c:40: undefined reference to `dlsym'
collect2: error: ld returned 1 exit status
configure:15472: $? = 1
configure: failed program was:
| /* confdefs.h */
| #define PACKAGE_NAME "ld"
| #define PACKAGE_TARNAME "ld"
| #define PACKAGE_VERSION "2.31.1"
| #define PACKAGE_STRING "ld 2.31.1"
| #define PACKAGE_BUGREPORT ""
| #define PACKAGE_URL ""
| #define PACKAGE "ld"
| #define VERSION "2.31.1"
| #define STDC_HEADERS 1
| #define HAVE_SYS_TYPES_H 1
| #define HAVE_SYS_STAT_H 1
| #define HAVE_STDLIB_H 1
| #define HAVE_STRING_H 1
| #define HAVE_MEMORY_H 1
| #define HAVE_STRINGS_H 1
| #define HAVE_INTTYPES_H 1
| #define HAVE_STDINT_H 1
| #define HAVE_UNISTD_H 1
| #define __EXTENSIONS__ 1
| #define _ALL_SOURCE 1
| #define _GNU_SOURCE 1
| #define _POSIX_PTHREAD_SEMANTICS 1
| #define _TANDEM_SOURCE 1
| #define HAVE_DLFCN_H 1
| #define LT_OBJDIR ".libs/"
| #define HAVE_DLFCN_H 1
| /* end confdefs.h.  */
| 
| /* Override any GCC internal prototype to avoid an error.
|    Use char because int might match the return type of a GCC
|    builtin and then its argument prototype would still apply.  */
| #ifdef __cplusplus
| extern "C"
| #endif
| char dlsym ();
| int
| main ()
| {
| return dlsym ();
|   ;
|   return 0;
| }
configure:15472: x86_64-lfs-linux-gnu-gcc -o conftest -g -O2  -static-libstdc++ -static-libgcc  conftest.c -ldl   >&5
configure:15472: $? = 0
configure:15489: result: -ldl
configure:15520: checking for special C compiler options needed for large files
configure:15565: result: no
configure:15571: checking for _FILE_OFFSET_BITS value needed for large files
configure:15596: x86_64-lfs-linux-gnu-gcc -c -g -O2  conftest.c >&5
configure:15596: $? = 0
configure:15628: result: no
configure:16066: checking for LC_MESSAGES
configure:16082: x86_64-lfs-linux-gnu-gcc -o conftest -g -O2  -static-libstdc++ -static-libgcc  conftest.c -ldl  >&5
configure:16082: $? = 0
configure:16090: result: yes
configure:16128: checking whether NLS is requested
configure:16131: result: no
configure:16199: checking whether NLS is requested
configure:16208: result: no
configure:16246: checking for msgfmt
configure:16280: result: no
configure:16286: checking for gmsgfmt
configure:16317: result: :
configure:16357: checking for xgettext
configure:16391: result: no
configure:16428: checking for msgmerge
configure:16461: result: no
configure:16500: checking for bison
configure:16527: result: bison -y
configure:16543: checking for flex
configure:16570: result: /mnt/lfs/sources/binutils-2.31.1/missing flex
configure:16704: checking whether to enable maintainer-specific portions of Makefiles
configure:16713: result: no
configure:16734: checking how to compare bootstrapped objects
configure:16759: result: cmp --ignore-initial=16 $$f1 $$f2
configure:16773: checking for string.h
configure:16773: result: yes
configure:16773: checking for strings.h
configure:16773: result: yes
configure:16773: checking for stdlib.h
configure:16773: result: yes
configure:16773: checking for unistd.h
configure:16773: result: yes
configure:16773: checking elf-hints.h usability
configure:16773: x86_64-lfs-linux-gnu-gcc -c -g -O2  conftest.c >&5
conftest.c:68:10: fatal error: elf-hints.h: No such file or directory
 #include <elf-hints.h>
          ^~~~~~~~~~~~~
compilation terminated.
configure:16773: $? = 1
configure: failed program was:
| /* confdefs.h */
| #define PACKAGE_NAME "ld"
| #define PACKAGE_TARNAME "ld"
| #define PACKAGE_VERSION "2.31.1"
| #define PACKAGE_STRING "ld 2.31.1"
| #define PACKAGE_BUGREPORT ""
| #define PACKAGE_URL ""
| #define PACKAGE "ld"
| #define VERSION "2.31.1"
| #define STDC_HEADERS 1
| #define HAVE_SYS_TYPES_H 1
| #define HAVE_SYS_STAT_H 1
| #define HAVE_STDLIB_H 1
| #define HAVE_STRING_H 1
| #define HAVE_MEMORY_H 1
| #define HAVE_STRINGS_H 1
| #define HAVE_INTTYPES_H 1
| #define HAVE_STDINT_H 1
| #define HAVE_UNISTD_H 1
| #define __EXTENSIONS__ 1
| #define _ALL_SOURCE 1
| #define _GNU_SOURCE 1
| #define _POSIX_PTHREAD_SEMANTICS 1
| #define _TANDEM_SOURCE 1
| #define HAVE_DLFCN_H 1
| #define LT_OBJDIR ".libs/"
| #define HAVE_DLFCN_H 1
| #define GOT_HANDLING_DEFAULT GOT_HANDLING_TARGET_DEFAULT
| #define HAVE_LC_MESSAGES 1
| #define HAVE_STRING_H 1
| #define HAVE_STRINGS_H 1
| #define HAVE_STDLIB_H 1
| #define HAVE_UNISTD_H 1
| /* end confdefs.h.  */
| #include <stdio.h>
| #ifdef HAVE_SYS_TYPES_H
| # include <sys/types.h>
| #endif
| #ifdef HAVE_SYS_STAT_H
| # include <sys/stat.h>
| #endif
| #ifdef STDC_HEADERS
| # include <stdlib.h>
| # include <stddef.h>
| #else
| # ifdef HAVE_STDLIB_H
| #  include <stdlib.h>
| # endif
| #endif
| #ifdef HAVE_STRING_H
| # if !defined STDC_HEADERS && defined HAVE_MEMORY_H
| #  include <memory.h>
| # endif
| # include <string.h>
| #endif
| #ifdef HAVE_STRINGS_H
| # include <strings.h>
| #endif
| #ifdef HAVE_INTTYPES_H
| # include <inttypes.h>
| #endif
| #ifdef HAVE_STDINT_H
| # include <stdint.h>
| #endif
| #ifdef HAVE_UNISTD_H
| # include <unistd.h>
| #endif
| #include <elf-hints.h>
configure:16773: result: no
configure:16773: checking elf-hints.h presence
configure:16773: x86_64-lfs-linux-gnu-gcc -E  conftest.c
conftest.c:35:10: fatal error: elf-hints.h: No such file or directory
 #include <elf-hints.h>
          ^~~~~~~~~~~~~
compilation terminated.
configure:16773: $? = 1
configure: failed program was:
| /* confdefs.h */
| #define PACKAGE_NAME "ld"
| #define PACKAGE_TARNAME "ld"
| #define PACKAGE_VERSION "2.31.1"
| #define PACKAGE_STRING "ld 2.31.1"
| #define PACKAGE_BUGREPORT ""
| #define PACKAGE_URL ""
| #define PACKAGE "ld"
| #define VERSION "2.31.1"
| #define STDC_HEADERS 1
| #define HAVE_SYS_TYPES_H 1
| #define HAVE_SYS_STAT_H 1
| #define HAVE_STDLIB_H 1
| #define HAVE_STRING_H 1
| #define HAVE_MEMORY_H 1
| #define HAVE_STRINGS_H 1
| #define HAVE_INTTYPES_H 1
| #define HAVE_STDINT_H 1
| #define HAVE_UNISTD_H 1
| #define __EXTENSIONS__ 1
| #define _ALL_SOURCE 1
| #define _GNU_SOURCE 1
| #define _POSIX_PTHREAD_SEMANTICS 1
| #define _TANDEM_SOURCE 1
| #define HAVE_DLFCN_H 1
| #define LT_OBJDIR ".libs/"
| #define HAVE_DLFCN_H 1
| #define GOT_HANDLING_DEFAULT GOT_HANDLING_TARGET_DEFAULT
| #define HAVE_LC_MESSAGES 1
| #define HAVE_STRING_H 1
| #define HAVE_STRINGS_H 1
| #define HAVE_STDLIB_H 1
| #define HAVE_UNISTD_H 1
| /* end confdefs.h.  */
| #include <elf-hints.h>
configure:16773: result: no
configure:16773: checking for elf-hints.h
configure:16773: result: no
configure:16773: checking limits.h usability
configure:16773: x86_64-lfs-linux-gnu-gcc -c -g -O2  conftest.c >&5
configure:16773: $? = 0
configure:16773: result: yes
configure:16773: checking limits.h presence
configure:16773: x86_64-lfs-linux-gnu-gcc -E  conftest.c
configure:16773: $? = 0
configure:16773: result: yes
configure:16773: checking for limits.h
configure:16773: result: yes
configure:16773: checking locale.h usability
configure:16773: x86_64-lfs-linux-gnu-gcc -c -g -O2  conftest.c >&5
configure:16773: $? = 0
configure:16773: result: yes
configure:16773: checking locale.h presence
configure:16773: x86_64-lfs-linux-gnu-gcc -E  conftest.c
configure:16773: $? = 0
configure:16773: result: yes
configure:16773: checking for locale.h
configure:16773: result: yes
configure:16773: checking sys/param.h usability
configure:16773: x86_64-lfs-linux-gnu-gcc -c -g -O2  conftest.c >&5
configure:16773: $? = 0
configure:16773: result: yes
configure:16773: checking sys/param.h presence
configure:16773: x86_64-lfs-linux-gnu-gcc -E  conftest.c
configure:16773: $? = 0
configure:16773: result: yes
configure:16773: checking for sys/param.h
configure:16773: result: yes
configure:16786: checking fcntl.h usability
configure:16786: x86_64-lfs-linux-gnu-gcc -c -g -O2  conftest.c >&5
configure:16786: $? = 0
configure:16786: result: yes
configure:16786: checking fcntl.h presence
configure:16786: x86_64-lfs-linux-gnu-gcc -E  conftest.c
configure:16786: $? = 0
configure:16786: result: yes
configure:16786: checking for fcntl.h
configure:16786: result: yes
configure:16786: checking sys/file.h usability
configure:16786: x86_64-lfs-linux-gnu-gcc -c -g -O2  conftest.c >&5
configure:16786: $? = 0
configure:16786: result: yes
configure:16786: checking sys/file.h presence
configure:16786: x86_64-lfs-linux-gnu-gcc -E  conftest.c
configure:16786: $? = 0
configure:16786: result: yes
configure:16786: checking for sys/file.h
configure:16786: result: yes
configure:16786: checking sys/time.h usability
configure:16786: x86_64-lfs-linux-gnu-gcc -c -g -O2  conftest.c >&5
configure:16786: $? = 0
configure:16786: result: yes
configure:16786: checking sys/time.h presence
configure:16786: x86_64-lfs-linux-gnu-gcc -E  conftest.c
configure:16786: $? = 0
configure:16786: result: yes
configure:16786: checking for sys/time.h
configure:16786: result: yes
configure:16786: checking for sys/stat.h
configure:16786: result: yes
configure:16796: checking whether string.h and strings.h may both be included
configure:16813: x86_64-lfs-linux-gnu-gcc -c -g -O2  conftest.c >&5
configure:16813: $? = 0
configure:16820: result: yes
configure:16831: checking for glob
configure:16831: x86_64-lfs-linux-gnu-gcc -o conftest -g -O2  -static-libstdc++ -static-libgcc  conftest.c -ldl  >&5
configure:16831: $? = 0
configure:16831: result: yes
configure:16831: checking for mkstemp
configure:16831: x86_64-lfs-linux-gnu-gcc -o conftest -g -O2  -static-libstdc++ -static-libgcc  conftest.c -ldl  >&5
configure:16831: $? = 0
configure:16831: result: yes
configure:16831: checking for realpath
configure:16831: x86_64-lfs-linux-gnu-gcc -o conftest -g -O2  -static-libstdc++ -static-libgcc  conftest.c -ldl  >&5
configure:16831: $? = 0
configure:16831: result: yes
configure:16831: checking for sbrk
configure:16831: x86_64-lfs-linux-gnu-gcc -o conftest -g -O2  -static-libstdc++ -static-libgcc  conftest.c -ldl  >&5
configure:16831: $? = 0
configure:16831: result: yes
configure:16831: checking for setlocale
configure:16831: x86_64-lfs-linux-gnu-gcc -o conftest -g -O2  -static-libstdc++ -static-libgcc  conftest.c -ldl  >&5
configure:16831: $? = 0
configure:16831: result: yes
configure:16831: checking for waitpid
configure:16831: x86_64-lfs-linux-gnu-gcc -o conftest -g -O2  -static-libstdc++ -static-libgcc  conftest.c -ldl  >&5
configure:16831: $? = 0
configure:16831: result: yes
configure:16843: checking for open
configure:16843: x86_64-lfs-linux-gnu-gcc -o conftest -g -O2  -static-libstdc++ -static-libgcc  conftest.c -ldl  >&5
configure:16843: $? = 0
configure:16843: result: yes
configure:16843: checking for lseek
configure:16843: x86_64-lfs-linux-gnu-gcc -o conftest -g -O2  -static-libstdc++ -static-libgcc  conftest.c -ldl  >&5
configure:16843: $? = 0
configure:16843: result: yes
configure:16843: checking for close
configure:16843: x86_64-lfs-linux-gnu-gcc -o conftest -g -O2  -static-libstdc++ -static-libgcc  conftest.c -ldl  >&5
configure:16843: $? = 0
configure:16843: result: yes
configure:16855: checking for dirent.h that defines DIR
configure:16874: x86_64-lfs-linux-gnu-gcc -c -g -O2  conftest.c >&5
configure:16874: $? = 0
configure:16882: result: yes
configure:16895: checking for library containing opendir
configure:16926: x86_64-lfs-linux-gnu-gcc -o conftest -g -O2  -static-libstdc++ -static-libgcc  conftest.c -ldl  >&5
configure:16926: $? = 0
configure:16943: result: none required
configure:17017: checking for stdlib.h
configure:17017: result: yes
configure:17017: checking for unistd.h
configure:17017: result: yes
configure:17017: checking for sys/param.h
configure:17017: result: yes
configure:17037: checking for getpagesize
configure:17037: x86_64-lfs-linux-gnu-gcc -o conftest -g -O2  -static-libstdc++ -static-libgcc  conftest.c -ldl  >&5
configure:17037: $? = 0
configure:17037: result: yes
configure:17046: checking for working mmap
configure:17193: x86_64-lfs-linux-gnu-gcc -o conftest -g -O2  -static-libstdc++ -static-libgcc  conftest.c -ldl  >&5
configure:17193: $? = 0
configure:17193: ./conftest
configure:17193: $? = 0
configure:17203: result: yes
configure:17213: checking for library containing dlopen
configure:17244: x86_64-lfs-linux-gnu-gcc -o conftest -g -O2  -static-libstdc++ -static-libgcc  conftest.c -ldl  >&5
configure:17244: $? = 0
configure:17261: result: none required
configure:17295: checking for a known getopt prototype in unistd.h
configure:17311: x86_64-lfs-linux-gnu-gcc -c -g -O2  conftest.c >&5
configure:17311: $? = 0
configure:17319: result: yes
configure:17335: checking whether strstr is declared
configure:17335: x86_64-lfs-linux-gnu-gcc -c -g -O2  conftest.c >&5
configure:17335: $? = 0
configure:17335: result: yes
configure:17345: checking whether free is declared
configure:17345: x86_64-lfs-linux-gnu-gcc -c -g -O2  conftest.c >&5
configure:17345: $? = 0
configure:17345: result: yes
configure:17355: checking whether sbrk is declared
configure:17355: x86_64-lfs-linux-gnu-gcc -c -g -O2  conftest.c >&5
configure:17355: $? = 0
configure:17355: result: yes
configure:17365: checking whether getenv is declared
configure:17365: x86_64-lfs-linux-gnu-gcc -c -g -O2  conftest.c >&5
configure:17365: $? = 0
configure:17365: result: yes
configure:17375: checking whether environ is declared
configure:17375: x86_64-lfs-linux-gnu-gcc -c -g -O2  conftest.c >&5
configure:17375: $? = 0
configure:17375: result: yes
configure:17393: checking whether ANSI C string concatenation works
configure:17409: x86_64-lfs-linux-gnu-gcc -c -g -O2  conftest.c >&5
configure:17409: $? = 0
configure:17417: result: yes
configure:17443: checking size of void *
configure:17448: x86_64-lfs-linux-gnu-gcc -o conftest -g -O2  -static-libstdc++ -static-libgcc  conftest.c -ldl  >&5
configure:17448: $? = 0
configure:17448: ./conftest
configure:17448: $? = 0
configure:17462: result: 8
configure:17739: updating cache ./config.cache
configure:17783: checking that generated files are newer than configure
configure:17789: result: done
configure:17832: creating ./config.status

## ---------------------- ##
## Running config.status. ##
## ---------------------- ##

This file was extended by ld config.status 2.31.1, which was
generated by GNU Autoconf 2.69.  Invocation command line was

  CONFIG_FILES    = 
  CONFIG_HEADERS  = 
  CONFIG_LINKS    = 
  CONFIG_COMMANDS = 
  $ ./config.status 

on ip-172-31-5-17

config.status:1270: creating Makefile
config.status:1270: creating po/Makefile.in
config.status:1270: creating config.h
config.status:1489: executing depfiles commands
config.status:1489: executing libtool commands
config.status:1489: executing default-1 commands
config.status:1489: executing default commands

## ---------------- ##
## Cache variables. ##
## ---------------- ##

ac_cv_build=x86_64-pc-linux-gnu
ac_cv_c_compiler_gnu=yes
ac_cv_cxx_compiler_gnu=yes
ac_cv_env_CCC_set=
ac_cv_env_CCC_value=
ac_cv_env_CC_set=set
ac_cv_env_CC_value=x86_64-lfs-linux-gnu-gcc
ac_cv_env_CFLAGS_set=set
ac_cv_env_CFLAGS_value='-g -O2'
ac_cv_env_CPPFLAGS_set=
ac_cv_env_CPPFLAGS_value=
ac_cv_env_CPP_set=
ac_cv_env_CPP_value=
ac_cv_env_CXXCPP_set=
ac_cv_env_CXXCPP_value=
ac_cv_env_CXXFLAGS_set=set
ac_cv_env_CXXFLAGS_value='-g -O2'
ac_cv_env_CXX_set=set
ac_cv_env_CXX_value=g++
ac_cv_env_LDFLAGS_set=set
ac_cv_env_LDFLAGS_value='-static-libstdc++ -static-libgcc '
ac_cv_env_LIBS_set=
ac_cv_env_LIBS_value=
ac_cv_env_YACC_set=set
ac_cv_env_YACC_value='bison -y'
ac_cv_env_YFLAGS_set=
ac_cv_env_YFLAGS_value=
ac_cv_env_build_alias_set=set
ac_cv_env_build_alias_value=x86_64-pc-linux-gnu
ac_cv_env_host_alias_set=set
ac_cv_env_host_alias_value=x86_64-pc-linux-gnu
ac_cv_env_target_alias_set=set
ac_cv_env_target_alias_value=x86_64-pc-linux-gnu
ac_cv_func_close=yes
ac_cv_func_getpagesize=yes
ac_cv_func_glob=yes
ac_cv_func_lseek=yes
ac_cv_func_mkstemp=yes
ac_cv_func_mmap_fixed_mapped=yes
ac_cv_func_open=yes
ac_cv_func_realpath=yes
ac_cv_func_sbrk=yes
ac_cv_func_setlocale=yes
ac_cv_func_waitpid=yes
ac_cv_have_decl_environ=yes
ac_cv_have_decl_free=yes
ac_cv_have_decl_getenv=yes
ac_cv_have_decl_sbrk=yes
ac_cv_have_decl_strstr=yes
ac_cv_header_dirent_dirent_h=yes
ac_cv_header_dlfcn_h=yes
ac_cv_header_elf_hints_h=no
ac_cv_header_fcntl_h=yes
ac_cv_header_inttypes_h=yes
ac_cv_header_limits_h=yes
ac_cv_header_locale_h=yes
ac_cv_header_memory_h=yes
ac_cv_header_minix_config_h=no
ac_cv_header_stdc=yes
ac_cv_header_stdint_h=yes
ac_cv_header_stdlib_h=yes
ac_cv_header_string_h=yes
ac_cv_header_strings_h=yes
ac_cv_header_sys_file_h=yes
ac_cv_header_sys_param_h=yes
ac_cv_header_sys_stat_h=yes
ac_cv_header_sys_time_h=yes
ac_cv_header_sys_types_h=yes
ac_cv_header_unistd_h=yes
ac_cv_header_windows_h=no
ac_cv_host=x86_64-pc-linux-gnu
ac_cv_objext=o
ac_cv_path_EGREP='/bin/grep -E'
ac_cv_path_FGREP='/bin/grep -F'
ac_cv_path_GMSGFMT=:
ac_cv_path_GREP=/bin/grep
ac_cv_path_MSGFMT=:
ac_cv_path_MSGMERGE=:
ac_cv_path_SED=/bin/sed
ac_cv_path_XGETTEXT=:
ac_cv_path_mkdir=/bin/mkdir
ac_cv_prog_AR=x86_64-lfs-linux-gnu-ar
ac_cv_prog_AWK=gawk
ac_cv_prog_CC=x86_64-lfs-linux-gnu-gcc
ac_cv_prog_CPP='x86_64-lfs-linux-gnu-gcc -E'
ac_cv_prog_CXXCPP='g++ -E'
ac_cv_prog_LEX='/mnt/lfs/sources/binutils-2.31.1/missing flex'
ac_cv_prog_OBJDUMP=objdump
ac_cv_prog_RANLIB=x86_64-lfs-linux-gnu-ranlib
ac_cv_prog_YACC='bison -y'
ac_cv_prog_ac_ct_STRIP=strip
ac_cv_prog_cc_c89=
ac_cv_prog_cc_g=yes
ac_cv_prog_cxx_g=yes
ac_cv_prog_make_make_set=yes
ac_cv_safe_to_define___extensions__=yes
ac_cv_search_dlopen='none required'
ac_cv_search_dlsym=-ldl
ac_cv_search_opendir='none required'
ac_cv_search_strerror='none required'
ac_cv_sizeof_void_p=8
ac_cv_sys_file_offset_bits=no
ac_cv_sys_largefile_CC=no
ac_cv_target=x86_64-pc-linux-gnu
am_cv_CC_dependencies_compiler_type=gcc3
am_cv_CXX_dependencies_compiler_type=gcc3
am_cv_make_support_nested_variables=yes
am_cv_prog_cc_c_o=yes
am_cv_val_LC_MESSAGES=yes
gcc_cv_header_string=yes
gcc_cv_prog_cmp_skip='cmp --ignore-initial=16 $$f1 $$f2'
ld_cv_decl_getopt_unistd_h=yes
ld_cv_string_concatenation=yes
lt_cv_archive_cmds_need_lc=no
lt_cv_deplibs_check_method=pass_all
lt_cv_file_magic_cmd='$MAGIC_CMD'
lt_cv_file_magic_test_file=
lt_cv_ld_reload_flag=-r
lt_cv_nm_interface='BSD nm'
lt_cv_objdir=.libs
lt_cv_path_LD=/mnt/lfs/tools/bin/../lib/gcc/x86_64-lfs-linux-gnu/8.2.0/../../../../x86_64-lfs-linux-gnu/bin/ld
lt_cv_path_LDCXX='/mnt/lfs/tools/bin/../lib/gcc/x86_64-lfs-linux-gnu/8.2.0/../../../../x86_64-lfs-linux-gnu/bin/ld -m elf_x86_64'
lt_cv_path_NM=nm
lt_cv_prog_compiler_c_o=yes
lt_cv_prog_compiler_c_o_CXX=yes
lt_cv_prog_compiler_pic_works=yes
lt_cv_prog_compiler_pic_works_CXX=yes
lt_cv_prog_compiler_rtti_exceptions=no
lt_cv_prog_compiler_static_works=yes
lt_cv_prog_compiler_static_works_CXX=yes
lt_cv_prog_gnu_ld=yes
lt_cv_prog_gnu_ldcxx=yes
lt_cv_shlibpath_overrides_runpath=no
lt_cv_sys_global_symbol_pipe='sed -n -e '\''s/^.*[	 ]\([ABCDGIRSTW][ABCDGIRSTW]*\)[	 ][	 ]*\([_A-Za-z][_A-Za-z0-9]*\)$/\1 \2 \2/p'\'''
lt_cv_sys_global_symbol_to_c_name_address='sed -n -e '\''s/^: \([^ ]*\) $/  {\"\1\", (void *) 0},/p'\'' -e '\''s/^[ABCDGIRSTW]* \([^ ]*\) \([^ ]*\)$/  {"\2", (void *) \&\2},/p'\'''
lt_cv_sys_global_symbol_to_c_name_address_lib_prefix='sed -n -e '\''s/^: \([^ ]*\) $/  {\"\1\", (void *) 0},/p'\'' -e '\''s/^[ABCDGIRSTW]* \([^ ]*\) \(lib[^ ]*\)$/  {"\2", (void *) \&\2},/p'\'' -e '\''s/^[ABCDGIRSTW]* \([^ ]*\) \([^ ]*\)$/  {"lib\2", (void *) \&\2},/p'\'''
lt_cv_sys_global_symbol_to_cdecl='sed -n -e '\''s/^T .* \(.*\)$/extern int \1();/p'\'' -e '\''s/^[ABCDGIRSTW]* .* \(.*\)$/extern char \1;/p'\'''
lt_cv_sys_max_cmd_len=1572864

## ----------------- ##
## Output variables. ##
## ----------------- ##

ACLOCAL='${SHELL} /mnt/lfs/sources/binutils-2.31.1/missing aclocal-1.15'
AMDEPBACKSLASH='\'
AMDEP_FALSE='#'
AMDEP_TRUE=''
AMTAR='$${TAR-tar}'
AM_BACKSLASH='\'
AM_DEFAULT_V='$(AM_DEFAULT_VERBOSITY)'
AM_DEFAULT_VERBOSITY='1'
AM_V='$(V)'
AR='x86_64-lfs-linux-gnu-ar'
AUTOCONF='${SHELL} /mnt/lfs/sources/binutils-2.31.1/missing autoconf'
AUTOHEADER='${SHELL} /mnt/lfs/sources/binutils-2.31.1/missing autoheader'
AUTOMAKE='${SHELL} /mnt/lfs/sources/binutils-2.31.1/missing automake-1.15'
AWK='gawk'
CATALOGS=''
CATOBJEXT=''
CC='x86_64-lfs-linux-gnu-gcc'
CCDEPMODE='depmode=gcc3'
CFLAGS='-g -O2'
CPP='x86_64-lfs-linux-gnu-gcc -E'
CPPFLAGS=''
CXX='g++'
CXXCPP='g++ -E'
CXXDEPMODE='depmode=gcc3'
CXXFLAGS='-g -O2'
CYGPATH_W='echo'
DATADIRNAME=''
DEFS='-DHAVE_CONFIG_H'
DEPDIR='.deps'
DSYMUTIL=''
DUMPBIN=''
ECHO_C=''
ECHO_N='-n'
ECHO_T=''
EGREP='/bin/grep -E'
EMUL='elf_x86_64'
EMULATION_LIBPATH='elf_x86_64 elf_i386 elf32_x86_64 elf_l1om elf_k1om'
EMULATION_OFILES=' eelf_x86_64.o eelf32_x86_64.o eelf_i386.o eelf_iamcu.o eelf_l1om.o eelf_k1om.o'
EMUL_EXTRA_OFILES=''
ENABLE_PLUGINS_FALSE='#'
ENABLE_PLUGINS_TRUE=''
EXEEXT=''
FGREP='/bin/grep -F'
GENCAT=''
GENINSRC_NEVER_FALSE=''
GENINSRC_NEVER_TRUE='#'
GMSGFMT=':'
GREP='/bin/grep'
HDEFINES=''
INCINTL=''
INSTALL_DATA='/usr/bin/install -c -m 644'
INSTALL_PROGRAM='/usr/bin/install -c'
INSTALL_SCRIPT='/usr/bin/install -c'
INSTALL_STRIP_PROGRAM='$(install_sh) -c -s'
INSTOBJEXT=''
LD='/mnt/lfs/tools/bin/../lib/gcc/x86_64-lfs-linux-gnu/8.2.0/../../../../x86_64-lfs-linux-gnu/bin/ld -m elf_x86_64'
LDFLAGS='-static-libstdc++ -static-libgcc '
LEX='/mnt/lfs/sources/binutils-2.31.1/missing flex'
LEXLIB=''
LEX_OUTPUT_ROOT=''
LIBINTL=''
LIBINTL_DEP=''
LIBOBJS=''
LIBS='-ldl '
LIBTOOL='$(SHELL) $(top_builddir)/libtool'
LIB_PATH='/tools/lib'
LIPO=''
LN_S='ln -s'
LTLIBOBJS=''
MAINT='#'
MAINTAINER_MODE_FALSE=''
MAINTAINER_MODE_TRUE='#'
MAKEINFO='makeinfo --split-size=5000000'
MKDIR_P='/bin/mkdir -p'
MKINSTALLDIRS='$(top_builddir)/../../ld/../mkinstalldirs'
MSGFMT=':'
MSGMERGE=':'
NATIVE_LIB_DIRS='/usr/local/lib /lib /usr/lib'
NM='nm'
NMEDIT=''
NO_WERROR=''
OBJDUMP='objdump'
OBJEXT='o'
OTOOL64=''
OTOOL=''
PACKAGE='ld'
PACKAGE_BUGREPORT=''
PACKAGE_NAME='ld'
PACKAGE_STRING='ld 2.31.1'
PACKAGE_TARNAME='ld'
PACKAGE_URL=''
PACKAGE_VERSION='2.31.1'
PATH_SEPARATOR=':'
POSUB=''
RANLIB='x86_64-lfs-linux-gnu-ranlib'
SED='/bin/sed'
SET_MAKE=''
SHELL='/bin/sh'
STRINGIFY='astring.sed'
STRIP='strip'
TARGET_SYSTEM_ROOT='${exec_prefix}/${target_alias}/sys-root'
TARGET_SYSTEM_ROOT_DEFINE='-DTARGET_SYSTEM_ROOT=\"$(TARGET_SYSTEM_ROOT)\" -DTARGET_SYSTEM_ROOT_RELOCATABLE'
TESTBFDLIB='../bfd/.libs/libbfd.a'
USE_NLS='no'
VERSION='2.31.1'
WARN_CFLAGS='-W -Wall -Wstrict-prototypes -Wmissing-prototypes -Wshadow -Wstack-usage=262144'
WARN_CFLAGS_FOR_BUILD='-W -Wall -Wstrict-prototypes -Wmissing-prototypes -Wshadow -Wstack-usage=262144'
WARN_WRITE_STRINGS='-Wwrite-strings'
XGETTEXT=':'
YACC='bison -y'
YFLAGS=''
ac_ct_CC=''
ac_ct_CXX=''
ac_ct_DUMPBIN=''
am__EXEEXT_FALSE=''
am__EXEEXT_TRUE='#'
am__fastdepCC_FALSE='#'
am__fastdepCC_TRUE=''
am__fastdepCXX_FALSE='#'
am__fastdepCXX_TRUE=''
am__include='include'
am__isrc=' -I$(srcdir)'
am__leading_dot='.'
am__nodep='_no'
am__quote=''
am__tar='$${TAR-tar} chof - "$$tardir"'
am__untar='$${TAR-tar} xf -'
bindir='${exec_prefix}/bin'
build='x86_64-pc-linux-gnu'
build_alias='x86_64-pc-linux-gnu'
build_cpu='x86_64'
build_os='linux-gnu'
build_vendor='pc'
datadir='${datarootdir}'
datarootdir='${prefix}/share'
do_compare='cmp --ignore-initial=16 $$f1 $$f2'
docdir='${datarootdir}/doc/${PACKAGE_TARNAME}'
dvidir='${docdir}'
elf_list_options='TRUE'
elf_plt_unwind_list_options='TRUE'
elf_shlib_list_options='TRUE'
enable_initfini_array='yes'
exec_prefix='${prefix}'
host='x86_64-pc-linux-gnu'
host_alias='x86_64-pc-linux-gnu'
host_cpu='x86_64'
host_os='linux-gnu'
host_vendor='pc'
htmldir='${docdir}'
includedir='${prefix}/include'
infodir='${datarootdir}/info'
install_as_default='yes'
install_sh='${SHELL} /mnt/lfs/sources/binutils-2.31.1/install-sh'
installed_linker='ld.bfd'
libdir='${exec_prefix}/lib'
libexecdir='${exec_prefix}/libexec'
localedir='${datarootdir}/locale'
localstatedir='${prefix}/var'
mandir='${datarootdir}/man'
mkdir_p='$(MKDIR_P)'
oldincludedir='/usr/include'
pdfdir='${docdir}'
prefix='/tools'
program_transform_name='s,y,y,'
psdir='${docdir}'
sbindir='${exec_prefix}/sbin'
sharedstatedir='${prefix}/com'
sysconfdir='${prefix}/etc'
target='x86_64-pc-linux-gnu'
target_alias='x86_64-pc-linux-gnu'
target_cpu='x86_64'
target_os='linux-gnu'
target_vendor='pc'
use_sysroot='yes'

## ------------------- ##
## File substitutions. ##
## ------------------- ##

TDIRS='tdirs'

## ----------- ##
## confdefs.h. ##
## ----------- ##

/* confdefs.h */
#define PACKAGE_NAME "ld"
#define PACKAGE_TARNAME "ld"
#define PACKAGE_VERSION "2.31.1"
#define PACKAGE_STRING "ld 2.31.1"
#define PACKAGE_BUGREPORT ""
#define PACKAGE_URL ""
#define PACKAGE "ld"
#define VERSION "2.31.1"
#define STDC_HEADERS 1
#define HAVE_SYS_TYPES_H 1
#define HAVE_SYS_STAT_H 1
#define HAVE_STDLIB_H 1
#define HAVE_STRING_H 1
#define HAVE_MEMORY_H 1
#define HAVE_STRINGS_H 1
#define HAVE_INTTYPES_H 1
#define HAVE_STDINT_H 1
#define HAVE_UNISTD_H 1
#define __EXTENSIONS__ 1
#define _ALL_SOURCE 1
#define _GNU_SOURCE 1
#define _POSIX_PTHREAD_SEMANTICS 1
#define _TANDEM_SOURCE 1
#define HAVE_DLFCN_H 1
#define LT_OBJDIR ".libs/"
#define HAVE_DLFCN_H 1
#define GOT_HANDLING_DEFAULT GOT_HANDLING_TARGET_DEFAULT
#define HAVE_LC_MESSAGES 1
#define HAVE_STRING_H 1
#define HAVE_STRINGS_H 1
#define HAVE_STDLIB_H 1
#define HAVE_UNISTD_H 1
#define HAVE_LIMITS_H 1
#define HAVE_LOCALE_H 1
#define HAVE_SYS_PARAM_H 1
#define HAVE_FCNTL_H 1
#define HAVE_SYS_FILE_H 1
#define HAVE_SYS_TIME_H 1
#define HAVE_SYS_STAT_H 1
#define STRING_WITH_STRINGS 1
#define HAVE_GLOB 1
#define HAVE_MKSTEMP 1
#define HAVE_REALPATH 1
#define HAVE_SBRK 1
#define HAVE_SETLOCALE 1
#define HAVE_WAITPID 1
#define HAVE_OPEN 1
#define HAVE_LSEEK 1
#define HAVE_CLOSE 1
#define HAVE_DIRENT_H 1
#define HAVE_STDLIB_H 1
#define HAVE_UNISTD_H 1
#define HAVE_SYS_PARAM_H 1
#define HAVE_GETPAGESIZE 1
#define HAVE_MMAP 1
#define HAVE_INITFINI_ARRAY 1
#define HAVE_DECL_GETOPT 1
#define HAVE_DECL_STRSTR 1
#define HAVE_DECL_FREE 1
#define HAVE_DECL_SBRK 1
#define HAVE_DECL_GETENV 1
#define HAVE_DECL_ENVIRON 1
#define SIZEOF_VOID_P 8
#define DEFAULT_NEW_DTAGS 0
#define DEFAULT_LD_Z_RELRO 1
#define DEFAULT_LD_Z_SEPARATE_CODE 1
#define DEFAULT_EMIT_SYSV_HASH 1
#define DEFAULT_EMIT_GNU_HASH 1

configure: exit 0

## ---------------------- ##
## Running config.status. ##
## ---------------------- ##

This file was extended by ld config.status 2.31.1, which was
generated by GNU Autoconf 2.69.  Invocation command line was

  CONFIG_FILES    = po/Makefile.in:po/Make-in
  CONFIG_HEADERS  = 
  CONFIG_LINKS    = 
  CONFIG_COMMANDS = 
  $ ./config.status 

on ip-172-31-5-17

config.status:1270: creating po/Makefile.in
config.status:1489: executing depfiles commands
config.status:1489: executing libtool commands
config.status:1489: executing default-1 commands
config.status:1489: executing default commands
