This file contains any messages produced by compilers while
running configure, to aid debugging if configure makes a mistake.

It was created by configure, which was
generated by GNU Autoconf 2.69.  Invocation command line was

  $ /mnt/lfs/sources/binutils-2.31.1/intl/configure --srcdir=../../intl --cache-file=./config.cache --with-gnu-as --with-gnu-ld --prefix=/tools --disable-nls --disable-werror --with-lib-path=/tools/lib --with-sysroot --program-transform-name=s,y,y, --disable-option-checking --build=x86_64-pc-linux-gnu --host=x86_64-pc-linux-gnu --target=x86_64-pc-linux-gnu

## --------- ##
## Platform. ##
## --------- ##

hostname = ip-172-31-5-17
uname -m = x86_64
uname -r = 4.15.0-1021-aws
uname -s = Linux
uname -v = #21-Ubuntu SMP Tue Aug 28 10:23:07 UTC 2018

/usr/bin/uname -p = unknown
/bin/uname -X     = unknown

/bin/arch              = unknown
/usr/bin/arch -k       = unknown
/usr/convex/getsysinfo = unknown
/usr/bin/hostinfo      = unknown
/bin/machine           = unknown
/usr/bin/oslevel       = unknown
/bin/universe          = unknown

PATH: /tools/bin
PATH: /bin
PATH: /usr/bin


## ----------- ##
## Core tests. ##
## ----------- ##

configure:2130: creating cache ./config.cache
configure:2217: checking for x86_64-pc-linux-gnu-gcc
configure:2244: result: x86_64-lfs-linux-gnu-gcc
configure:2513: checking for C compiler version
configure:2522: x86_64-lfs-linux-gnu-gcc --version >&5
x86_64-lfs-linux-gnu-gcc (GCC) 8.2.0
Copyright (C) 2018 Free Software Foundation, Inc.
This is free software; see the source for copying conditions.  There is NO
warranty; not even for MERCHANTABILITY or FITNESS FOR A PARTICULAR PURPOSE.

configure:2533: $? = 0
configure:2522: x86_64-lfs-linux-gnu-gcc -v >&5
Using built-in specs.
COLLECT_GCC=x86_64-lfs-linux-gnu-gcc
COLLECT_LTO_WRAPPER=/mnt/lfs/tools/bin/../libexec/gcc/x86_64-lfs-linux-gnu/8.2.0/lto-wrapper
Target: x86_64-lfs-linux-gnu
Configured with: ../configure --target=x86_64-lfs-linux-gnu --prefix=/tools --with-glibc-version=2.11 --with-sysroot=/mnt/lfs --with-newlib --without-headers --with-local-prefix=/tools --with-native-system-header-dir=/tools/include --disable-nls --disable-shared --disable-multilib --disable-decimal-float --disable-threads --disable-libatomic --disable-libgomp --disable-libmpx --disable-libquadmath --disable-libssp --disable-libvtv --disable-libstdcxx --enable-languages=c,c++
Thread model: single
gcc version 8.2.0 (GCC) 
configure:2533: $? = 0
configure:2522: x86_64-lfs-linux-gnu-gcc -V >&5
x86_64-lfs-linux-gnu-gcc: error: unrecognized command line option '-V'
x86_64-lfs-linux-gnu-gcc: fatal error: no input files
compilation terminated.
configure:2533: $? = 1
configure:2522: x86_64-lfs-linux-gnu-gcc -qversion >&5
x86_64-lfs-linux-gnu-gcc: error: unrecognized command line option '-qversion'; did you mean '--version'?
x86_64-lfs-linux-gnu-gcc: fatal error: no input files
compilation terminated.
configure:2533: $? = 1
configure:2553: checking whether the C compiler works
configure:2575: x86_64-lfs-linux-gnu-gcc -g -O2  -static-libstdc++ -static-libgcc  conftest.c  >&5
configure:2579: $? = 0
configure:2627: result: yes
configure:2630: checking for C compiler default output file name
configure:2632: result: a.out
configure:2638: checking for suffix of executables
configure:2645: x86_64-lfs-linux-gnu-gcc -o conftest -g -O2  -static-libstdc++ -static-libgcc  conftest.c  >&5
configure:2649: $? = 0
configure:2671: result: 
configure:2693: checking whether we are cross compiling
configure:2701: x86_64-lfs-linux-gnu-gcc -o conftest -g -O2  -static-libstdc++ -static-libgcc  conftest.c  >&5
configure:2705: $? = 0
configure:2712: ./conftest
configure:2716: $? = 0
configure:2731: result: no
configure:2736: checking for suffix of object files
configure:2758: x86_64-lfs-linux-gnu-gcc -c -g -O2  conftest.c >&5
configure:2762: $? = 0
configure:2783: result: o
configure:2787: checking whether we are using the GNU C compiler
configure:2806: x86_64-lfs-linux-gnu-gcc -c -g -O2  conftest.c >&5
configure:2806: $? = 0
configure:2815: result: yes
configure:2824: checking whether x86_64-lfs-linux-gnu-gcc accepts -g
configure:2844: x86_64-lfs-linux-gnu-gcc -c -g  conftest.c >&5
configure:2844: $? = 0
configure:2885: result: yes
configure:2902: checking for x86_64-lfs-linux-gnu-gcc option to accept ISO C89
configure:2965: x86_64-lfs-linux-gnu-gcc  -c -g -O2  conftest.c >&5
configure:2965: $? = 0
configure:2978: result: none needed
configure:3004: checking how to run the C preprocessor
configure:3035: x86_64-lfs-linux-gnu-gcc -E  conftest.c
configure:3035: $? = 0
configure:3049: x86_64-lfs-linux-gnu-gcc -E  conftest.c
conftest.c:9:10: fatal error: ac_nonexistent.h: No such file or directory
 #include <ac_nonexistent.h>
          ^~~~~~~~~~~~~~~~~~
compilation terminated.
configure:3049: $? = 1
configure: failed program was:
| /* confdefs.h */
| #define PACKAGE_NAME ""
| #define PACKAGE_TARNAME ""
| #define PACKAGE_VERSION ""
| #define PACKAGE_STRING ""
| #define PACKAGE_BUGREPORT ""
| #define PACKAGE_URL ""
| /* end confdefs.h.  */
| #include <ac_nonexistent.h>
configure:3074: result: x86_64-lfs-linux-gnu-gcc -E
configure:3094: x86_64-lfs-linux-gnu-gcc -E  conftest.c
configure:3094: $? = 0
configure:3108: x86_64-lfs-linux-gnu-gcc -E  conftest.c
conftest.c:9:10: fatal error: ac_nonexistent.h: No such file or directory
 #include <ac_nonexistent.h>
          ^~~~~~~~~~~~~~~~~~
compilation terminated.
configure:3108: $? = 1
configure: failed program was:
| /* confdefs.h */
| #define PACKAGE_NAME ""
| #define PACKAGE_TARNAME ""
| #define PACKAGE_VERSION ""
| #define PACKAGE_STRING ""
| #define PACKAGE_BUGREPORT ""
| #define PACKAGE_URL ""
| /* end confdefs.h.  */
| #include <ac_nonexistent.h>
configure:3137: checking for grep that handles long lines and -e
configure:3195: result: /bin/grep
configure:3200: checking for egrep
configure:3262: result: /bin/grep -E
configure:3267: checking for ANSI C header files
configure:3287: x86_64-lfs-linux-gnu-gcc -c -g -O2  conftest.c >&5
configure:3287: $? = 0
configure:3360: x86_64-lfs-linux-gnu-gcc -o conftest -g -O2  -static-libstdc++ -static-libgcc  conftest.c  >&5
configure:3360: $? = 0
configure:3360: ./conftest
configure:3360: $? = 0
configure:3371: result: yes
configure:3384: checking for sys/types.h
configure:3384: x86_64-lfs-linux-gnu-gcc -c -g -O2  conftest.c >&5
configure:3384: $? = 0
configure:3384: result: yes
configure:3384: checking for sys/stat.h
configure:3384: x86_64-lfs-linux-gnu-gcc -c -g -O2  conftest.c >&5
configure:3384: $? = 0
configure:3384: result: yes
configure:3384: checking for stdlib.h
configure:3384: x86_64-lfs-linux-gnu-gcc -c -g -O2  conftest.c >&5
configure:3384: $? = 0
configure:3384: result: yes
configure:3384: checking for string.h
configure:3384: x86_64-lfs-linux-gnu-gcc -c -g -O2  conftest.c >&5
configure:3384: $? = 0
configure:3384: result: yes
configure:3384: checking for memory.h
configure:3384: x86_64-lfs-linux-gnu-gcc -c -g -O2  conftest.c >&5
configure:3384: $? = 0
configure:3384: result: yes
configure:3384: checking for strings.h
configure:3384: x86_64-lfs-linux-gnu-gcc -c -g -O2  conftest.c >&5
configure:3384: $? = 0
configure:3384: result: yes
configure:3384: checking for inttypes.h
configure:3384: x86_64-lfs-linux-gnu-gcc -c -g -O2  conftest.c >&5
configure:3384: $? = 0
configure:3384: result: yes
configure:3384: checking for stdint.h
configure:3384: x86_64-lfs-linux-gnu-gcc -c -g -O2  conftest.c >&5
configure:3384: $? = 0
configure:3384: result: yes
configure:3384: checking for unistd.h
configure:3384: x86_64-lfs-linux-gnu-gcc -c -g -O2  conftest.c >&5
configure:3384: $? = 0
configure:3384: result: yes
configure:3397: checking minix/config.h usability
configure:3397: x86_64-lfs-linux-gnu-gcc -c -g -O2  conftest.c >&5
conftest.c:52:10: fatal error: minix/config.h: No such file or directory
 #include <minix/config.h>
          ^~~~~~~~~~~~~~~~
compilation terminated.
configure:3397: $? = 1
configure: failed program was:
| /* confdefs.h */
| #define PACKAGE_NAME ""
| #define PACKAGE_TARNAME ""
| #define PACKAGE_VERSION ""
| #define PACKAGE_STRING ""
| #define PACKAGE_BUGREPORT ""
| #define PACKAGE_URL ""
| #define STDC_HEADERS 1
| #define HAVE_SYS_TYPES_H 1
| #define HAVE_SYS_STAT_H 1
| #define HAVE_STDLIB_H 1
| #define HAVE_STRING_H 1
| #define HAVE_MEMORY_H 1
| #define HAVE_STRINGS_H 1
| #define HAVE_INTTYPES_H 1
| #define HAVE_STDINT_H 1
| #define HAVE_UNISTD_H 1
| /* end confdefs.h.  */
| #include <stdio.h>
| #ifdef HAVE_SYS_TYPES_H
| # include <sys/types.h>
| #endif
| #ifdef HAVE_SYS_STAT_H
| # include <sys/stat.h>
| #endif
| #ifdef STDC_HEADERS
| # include <stdlib.h>
| # include <stddef.h>
| #else
| # ifdef HAVE_STDLIB_H
| #  include <stdlib.h>
| # endif
| #endif
| #ifdef HAVE_STRING_H
| # if !defined STDC_HEADERS && defined HAVE_MEMORY_H
| #  include <memory.h>
| # endif
| # include <string.h>
| #endif
| #ifdef HAVE_STRINGS_H
| # include <strings.h>
| #endif
| #ifdef HAVE_INTTYPES_H
| # include <inttypes.h>
| #endif
| #ifdef HAVE_STDINT_H
| # include <stdint.h>
| #endif
| #ifdef HAVE_UNISTD_H
| # include <unistd.h>
| #endif
| #include <minix/config.h>
configure:3397: result: no
configure:3397: checking minix/config.h presence
configure:3397: x86_64-lfs-linux-gnu-gcc -E  conftest.c
conftest.c:19:10: fatal error: minix/config.h: No such file or directory
 #include <minix/config.h>
          ^~~~~~~~~~~~~~~~
compilation terminated.
configure:3397: $? = 1
configure: failed program was:
| /* confdefs.h */
| #define PACKAGE_NAME ""
| #define PACKAGE_TARNAME ""
| #define PACKAGE_VERSION ""
| #define PACKAGE_STRING ""
| #define PACKAGE_BUGREPORT ""
| #define PACKAGE_URL ""
| #define STDC_HEADERS 1
| #define HAVE_SYS_TYPES_H 1
| #define HAVE_SYS_STAT_H 1
| #define HAVE_STDLIB_H 1
| #define HAVE_STRING_H 1
| #define HAVE_MEMORY_H 1
| #define HAVE_STRINGS_H 1
| #define HAVE_INTTYPES_H 1
| #define HAVE_STDINT_H 1
| #define HAVE_UNISTD_H 1
| /* end confdefs.h.  */
| #include <minix/config.h>
configure:3397: result: no
configure:3397: checking for minix/config.h
configure:3397: result: no
configure:3418: checking whether it is safe to define __EXTENSIONS__
configure:3436: x86_64-lfs-linux-gnu-gcc -c -g -O2  conftest.c >&5
configure:3436: $? = 0
configure:3443: result: yes
configure:3462: checking whether make sets $(MAKE)
configure:3484: result: yes
configure:3536: checking for a BSD-compatible install
configure:3604: result: /usr/bin/install -c
configure:3629: checking whether NLS is requested
configure:3638: result: no
configure:3676: checking for msgfmt
configure:3710: result: no
configure:3716: checking for gmsgfmt
configure:3747: result: :
configure:3787: checking for xgettext
configure:3821: result: no
configure:3858: checking for msgmerge
configure:3891: result: no
configure:3927: checking build system type
configure:3941: result: x86_64-pc-linux-gnu
configure:3961: checking host system type
configure:3974: result: x86_64-pc-linux-gnu
configure:3997: checking for x86_64-pc-linux-gnu-ranlib
configure:4024: result: x86_64-lfs-linux-gnu-ranlib
configure:4086: checking for library containing strerror
configure:4117: x86_64-lfs-linux-gnu-gcc -o conftest -g -O2  -static-libstdc++ -static-libgcc  conftest.c  >&5
configure:4117: $? = 0
configure:4134: result: none required
configure:4142: checking for an ANSI C-conforming const
configure:4208: x86_64-lfs-linux-gnu-gcc -c -g -O2  conftest.c >&5
configure:4208: $? = 0
configure:4215: result: yes
configure:4223: checking for inline
configure:4239: x86_64-lfs-linux-gnu-gcc -c -g -O2  conftest.c >&5
configure:4239: $? = 0
configure:4247: result: inline
configure:4265: checking for off_t
configure:4265: x86_64-lfs-linux-gnu-gcc -c -g -O2  conftest.c >&5
configure:4265: $? = 0
configure:4265: x86_64-lfs-linux-gnu-gcc -c -g -O2  conftest.c >&5
conftest.c: In function 'main':
conftest.c:60:20: error: expected expression before ')' token
 if (sizeof ((off_t)))
                    ^
configure:4265: $? = 1
configure: failed program was:
| /* confdefs.h */
| #define PACKAGE_NAME ""
| #define PACKAGE_TARNAME ""
| #define PACKAGE_VERSION ""
| #define PACKAGE_STRING ""
| #define PACKAGE_BUGREPORT ""
| #define PACKAGE_URL ""
| #define STDC_HEADERS 1
| #define HAVE_SYS_TYPES_H 1
| #define HAVE_SYS_STAT_H 1
| #define HAVE_STDLIB_H 1
| #define HAVE_STRING_H 1
| #define HAVE_MEMORY_H 1
| #define HAVE_STRINGS_H 1
| #define HAVE_INTTYPES_H 1
| #define HAVE_STDINT_H 1
| #define HAVE_UNISTD_H 1
| #define __EXTENSIONS__ 1
| #define _ALL_SOURCE 1
| #define _GNU_SOURCE 1
| #define _POSIX_PTHREAD_SEMANTICS 1
| #define _TANDEM_SOURCE 1
| /* end confdefs.h.  */
| #include <stdio.h>
| #ifdef HAVE_SYS_TYPES_H
| # include <sys/types.h>
| #endif
| #ifdef HAVE_SYS_STAT_H
| # include <sys/stat.h>
| #endif
| #ifdef STDC_HEADERS
| # include <stdlib.h>
| # include <stddef.h>
| #else
| # ifdef HAVE_STDLIB_H
| #  include <stdlib.h>
| # endif
| #endif
| #ifdef HAVE_STRING_H
| # if !defined STDC_HEADERS && defined HAVE_MEMORY_H
| #  include <memory.h>
| # endif
| # include <string.h>
| #endif
| #ifdef HAVE_STRINGS_H
| # include <strings.h>
| #endif
| #ifdef HAVE_INTTYPES_H
| # include <inttypes.h>
| #endif
| #ifdef HAVE_STDINT_H
| # include <stdint.h>
| #endif
| #ifdef HAVE_UNISTD_H
| # include <unistd.h>
| #endif
| int
| main ()
| {
| if (sizeof ((off_t)))
| 	    return 0;
|   ;
|   return 0;
| }
configure:4265: result: yes
configure:4276: checking for size_t
configure:4276: x86_64-lfs-linux-gnu-gcc -c -g -O2  conftest.c >&5
configure:4276: $? = 0
configure:4276: x86_64-lfs-linux-gnu-gcc -c -g -O2  conftest.c >&5
conftest.c: In function 'main':
conftest.c:60:21: error: expected expression before ')' token
 if (sizeof ((size_t)))
                     ^
configure:4276: $? = 1
configure: failed program was:
| /* confdefs.h */
| #define PACKAGE_NAME ""
| #define PACKAGE_TARNAME ""
| #define PACKAGE_VERSION ""
| #define PACKAGE_STRING ""
| #define PACKAGE_BUGREPORT ""
| #define PACKAGE_URL ""
| #define STDC_HEADERS 1
| #define HAVE_SYS_TYPES_H 1
| #define HAVE_SYS_STAT_H 1
| #define HAVE_STDLIB_H 1
| #define HAVE_STRING_H 1
| #define HAVE_MEMORY_H 1
| #define HAVE_STRINGS_H 1
| #define HAVE_INTTYPES_H 1
| #define HAVE_STDINT_H 1
| #define HAVE_UNISTD_H 1
| #define __EXTENSIONS__ 1
| #define _ALL_SOURCE 1
| #define _GNU_SOURCE 1
| #define _POSIX_PTHREAD_SEMANTICS 1
| #define _TANDEM_SOURCE 1
| /* end confdefs.h.  */
| #include <stdio.h>
| #ifdef HAVE_SYS_TYPES_H
| # include <sys/types.h>
| #endif
| #ifdef HAVE_SYS_STAT_H
| # include <sys/stat.h>
| #endif
| #ifdef STDC_HEADERS
| # include <stdlib.h>
| # include <stddef.h>
| #else
| # ifdef HAVE_STDLIB_H
| #  include <stdlib.h>
| # endif
| #endif
| #ifdef HAVE_STRING_H
| # if !defined STDC_HEADERS && defined HAVE_MEMORY_H
| #  include <memory.h>
| # endif
| # include <string.h>
| #endif
| #ifdef HAVE_STRINGS_H
| # include <strings.h>
| #endif
| #ifdef HAVE_INTTYPES_H
| # include <inttypes.h>
| #endif
| #ifdef HAVE_STDINT_H
| # include <stdint.h>
| #endif
| #ifdef HAVE_UNISTD_H
| # include <unistd.h>
| #endif
| int
| main ()
| {
| if (sizeof ((size_t)))
| 	    return 0;
|   ;
|   return 0;
| }
configure:4276: result: yes
configure:4289: checking for working alloca.h
configure:4306: x86_64-lfs-linux-gnu-gcc -o conftest -g -O2  -static-libstdc++ -static-libgcc  conftest.c  >&5
configure:4306: $? = 0
configure:4314: result: yes
configure:4322: checking for alloca
configure:4359: x86_64-lfs-linux-gnu-gcc -o conftest -g -O2  -static-libstdc++ -static-libgcc  conftest.c  >&5
configure:4359: $? = 0
configure:4367: result: yes
configure:4479: checking for stdlib.h
configure:4479: result: yes
configure:4479: checking for unistd.h
configure:4479: result: yes
configure:4479: checking for sys/param.h
configure:4479: x86_64-lfs-linux-gnu-gcc -c -g -O2  conftest.c >&5
configure:4479: $? = 0
configure:4479: result: yes
configure:4499: checking for getpagesize
configure:4499: x86_64-lfs-linux-gnu-gcc -o conftest -g -O2  -static-libstdc++ -static-libgcc  conftest.c  >&5
configure:4499: $? = 0
configure:4499: result: yes
configure:4508: checking for working mmap
configure:4655: x86_64-lfs-linux-gnu-gcc -o conftest -g -O2  -static-libstdc++ -static-libgcc  conftest.c  >&5
configure:4655: $? = 0
configure:4655: ./conftest
configure:4655: $? = 0
configure:4665: result: yes
configure:4675: checking whether we are using the GNU C Library 2.1 or newer
configure:4702: result: yes
configure:4710: checking whether integer division by zero raises SIGFPE
configure:4767: x86_64-lfs-linux-gnu-gcc -o conftest -g -O2  -static-libstdc++ -static-libgcc  conftest.c  >&5
conftest.c:49:5: warning: built-in function 'nan' declared as non-function [-Wbuiltin-declaration-mismatch]
 int nan;
     ^~~
configure:4767: $? = 0
configure:4767: ./conftest
configure:4767: $? = 0
configure:4778: result: yes
configure:4791: checking for inttypes.h
configure:4808: x86_64-lfs-linux-gnu-gcc -c -g -O2  conftest.c >&5
configure:4808: $? = 0
configure:4815: result: yes
configure:4826: checking for stdint.h
configure:4843: x86_64-lfs-linux-gnu-gcc -c -g -O2  conftest.c >&5
configure:4843: $? = 0
configure:4850: result: yes
configure:4861: checking for unsigned long long
configure:4878: x86_64-lfs-linux-gnu-gcc -o conftest -g -O2  -static-libstdc++ -static-libgcc  conftest.c  >&5
configure:4878: $? = 0
configure:4886: result: yes
configure:4914: checking for inttypes.h
configure:4932: x86_64-lfs-linux-gnu-gcc -c -g -O2  conftest.c >&5
configure:4932: $? = 0
configure:4940: result: yes
configure:4953: checking whether the inttypes.h PRIxNN macros are broken
configure:4974: x86_64-lfs-linux-gnu-gcc -c -g -O2  conftest.c >&5
configure:4974: $? = 0
configure:4982: result: no
configure:5033: checking for ld used by GCC
configure:5096: result: /mnt/lfs/tools/bin/../lib/gcc/x86_64-lfs-linux-gnu/8.2.0/../../../../x86_64-lfs-linux-gnu/bin/ld
configure:5103: checking if the linker (/mnt/lfs/tools/bin/../lib/gcc/x86_64-lfs-linux-gnu/8.2.0/../../../../x86_64-lfs-linux-gnu/bin/ld) is GNU ld
GNU ld (GNU Binutils) 2.31.1
configure:5115: result: yes
configure:5121: checking for shared library run path origin
configure:5134: result: done
configure:5540: checking argz.h usability
configure:5540: x86_64-lfs-linux-gnu-gcc -c -g -O2  conftest.c >&5
configure:5540: $? = 0
configure:5540: result: yes
configure:5540: checking argz.h presence
configure:5540: x86_64-lfs-linux-gnu-gcc -E  conftest.c
configure:5540: $? = 0
configure:5540: result: yes
configure:5540: checking for argz.h
configure:5540: result: yes
configure:5540: checking limits.h usability
configure:5540: x86_64-lfs-linux-gnu-gcc -c -g -O2  conftest.c >&5
configure:5540: $? = 0
configure:5540: result: yes
configure:5540: checking limits.h presence
configure:5540: x86_64-lfs-linux-gnu-gcc -E  conftest.c
configure:5540: $? = 0
configure:5540: result: yes
configure:5540: checking for limits.h
configure:5540: result: yes
configure:5540: checking locale.h usability
configure:5540: x86_64-lfs-linux-gnu-gcc -c -g -O2  conftest.c >&5
configure:5540: $? = 0
configure:5540: result: yes
configure:5540: checking locale.h presence
configure:5540: x86_64-lfs-linux-gnu-gcc -E  conftest.c
configure:5540: $? = 0
configure:5540: result: yes
configure:5540: checking for locale.h
configure:5540: result: yes
configure:5540: checking nl_types.h usability
configure:5540: x86_64-lfs-linux-gnu-gcc -c -g -O2  conftest.c >&5
configure:5540: $? = 0
configure:5540: result: yes
configure:5540: checking nl_types.h presence
configure:5540: x86_64-lfs-linux-gnu-gcc -E  conftest.c
configure:5540: $? = 0
configure:5540: result: yes
configure:5540: checking for nl_types.h
configure:5540: result: yes
configure:5540: checking malloc.h usability
configure:5540: x86_64-lfs-linux-gnu-gcc -c -g -O2  conftest.c >&5
configure:5540: $? = 0
configure:5540: result: yes
configure:5540: checking malloc.h presence
configure:5540: x86_64-lfs-linux-gnu-gcc -E  conftest.c
configure:5540: $? = 0
configure:5540: result: yes
configure:5540: checking for malloc.h
configure:5540: result: yes
configure:5540: checking stddef.h usability
configure:5540: x86_64-lfs-linux-gnu-gcc -c -g -O2  conftest.c >&5
configure:5540: $? = 0
configure:5540: result: yes
configure:5540: checking stddef.h presence
configure:5540: x86_64-lfs-linux-gnu-gcc -E  conftest.c
configure:5540: $? = 0
configure:5540: result: yes
configure:5540: checking for stddef.h
configure:5540: result: yes
configure:5540: checking for stdlib.h
configure:5540: result: yes
configure:5540: checking for string.h
configure:5540: result: yes
configure:5540: checking for unistd.h
configure:5540: result: yes
configure:5540: checking for sys/param.h
configure:5540: result: yes
configure:5556: checking for feof_unlocked
configure:5556: x86_64-lfs-linux-gnu-gcc -o conftest -g -O2  -static-libstdc++ -static-libgcc  conftest.c  >&5
configure:5556: $? = 0
configure:5556: result: yes
configure:5556: checking for fgets_unlocked
configure:5556: x86_64-lfs-linux-gnu-gcc -o conftest -g -O2  -static-libstdc++ -static-libgcc  conftest.c  >&5
configure:5556: $? = 0
configure:5556: result: yes
configure:5556: checking for getc_unlocked
configure:5556: x86_64-lfs-linux-gnu-gcc -o conftest -g -O2  -static-libstdc++ -static-libgcc  conftest.c  >&5
configure:5556: $? = 0
configure:5556: result: yes
configure:5556: checking for getcwd
configure:5556: x86_64-lfs-linux-gnu-gcc -o conftest -g -O2  -static-libstdc++ -static-libgcc  conftest.c  >&5
configure:5556: $? = 0
configure:5556: result: yes
configure:5556: checking for getegid
configure:5556: x86_64-lfs-linux-gnu-gcc -o conftest -g -O2  -static-libstdc++ -static-libgcc  conftest.c  >&5
configure:5556: $? = 0
configure:5556: result: yes
configure:5556: checking for geteuid
configure:5556: x86_64-lfs-linux-gnu-gcc -o conftest -g -O2  -static-libstdc++ -static-libgcc  conftest.c  >&5
configure:5556: $? = 0
configure:5556: result: yes
configure:5556: checking for getgid
configure:5556: x86_64-lfs-linux-gnu-gcc -o conftest -g -O2  -static-libstdc++ -static-libgcc  conftest.c  >&5
configure:5556: $? = 0
configure:5556: result: yes
configure:5556: checking for getuid
configure:5556: x86_64-lfs-linux-gnu-gcc -o conftest -g -O2  -static-libstdc++ -static-libgcc  conftest.c  >&5
configure:5556: $? = 0
configure:5556: result: yes
configure:5556: checking for mempcpy
configure:5556: x86_64-lfs-linux-gnu-gcc -o conftest -g -O2  -static-libstdc++ -static-libgcc  conftest.c  >&5
conftest.c:78:6: warning: conflicting types for built-in function 'mempcpy' [-Wbuiltin-declaration-mismatch]
 char mempcpy ();
      ^~~~~~~
configure:5556: $? = 0
configure:5556: result: yes
configure:5556: checking for munmap
configure:5556: x86_64-lfs-linux-gnu-gcc -o conftest -g -O2  -static-libstdc++ -static-libgcc  conftest.c  >&5
configure:5556: $? = 0
configure:5556: result: yes
configure:5556: checking for putenv
configure:5556: x86_64-lfs-linux-gnu-gcc -o conftest -g -O2  -static-libstdc++ -static-libgcc  conftest.c  >&5
configure:5556: $? = 0
configure:5556: result: yes
configure:5556: checking for setenv
configure:5556: x86_64-lfs-linux-gnu-gcc -o conftest -g -O2  -static-libstdc++ -static-libgcc  conftest.c  >&5
configure:5556: $? = 0
configure:5556: result: yes
configure:5556: checking for setlocale
configure:5556: x86_64-lfs-linux-gnu-gcc -o conftest -g -O2  -static-libstdc++ -static-libgcc  conftest.c  >&5
configure:5556: $? = 0
configure:5556: result: yes
configure:5556: checking for stpcpy
configure:5556: x86_64-lfs-linux-gnu-gcc -o conftest -g -O2  -static-libstdc++ -static-libgcc  conftest.c  >&5
conftest.c:83:6: warning: conflicting types for built-in function 'stpcpy' [-Wbuiltin-declaration-mismatch]
 char stpcpy ();
      ^~~~~~
configure:5556: $? = 0
configure:5556: result: yes
configure:5556: checking for strcasecmp
configure:5556: x86_64-lfs-linux-gnu-gcc -o conftest -g -O2  -static-libstdc++ -static-libgcc  conftest.c  >&5
conftest.c:84:6: warning: conflicting types for built-in function 'strcasecmp' [-Wbuiltin-declaration-mismatch]
 char strcasecmp ();
      ^~~~~~~~~~
configure:5556: $? = 0
configure:5556: result: yes
configure:5556: checking for strdup
configure:5556: x86_64-lfs-linux-gnu-gcc -o conftest -g -O2  -static-libstdc++ -static-libgcc  conftest.c  >&5
conftest.c:85:6: warning: conflicting types for built-in function 'strdup' [-Wbuiltin-declaration-mismatch]
 char strdup ();
      ^~~~~~
configure:5556: $? = 0
configure:5556: result: yes
configure:5556: checking for strtoul
configure:5556: x86_64-lfs-linux-gnu-gcc -o conftest -g -O2  -static-libstdc++ -static-libgcc  conftest.c  >&5
configure:5556: $? = 0
configure:5556: result: yes
configure:5556: checking for tsearch
configure:5556: x86_64-lfs-linux-gnu-gcc -o conftest -g -O2  -static-libstdc++ -static-libgcc  conftest.c  >&5
configure:5556: $? = 0
configure:5556: result: yes
configure:5556: checking for __argz_count
configure:5556: x86_64-lfs-linux-gnu-gcc -o conftest -g -O2  -static-libstdc++ -static-libgcc  conftest.c  >&5
configure:5556: $? = 0
configure:5556: result: yes
configure:5556: checking for __argz_stringify
configure:5556: x86_64-lfs-linux-gnu-gcc -o conftest -g -O2  -static-libstdc++ -static-libgcc  conftest.c  >&5
configure:5556: $? = 0
configure:5556: result: yes
configure:5556: checking for __argz_next
configure:5556: x86_64-lfs-linux-gnu-gcc -o conftest -g -O2  -static-libstdc++ -static-libgcc  conftest.c  >&5
configure:5556: $? = 0
configure:5556: result: yes
configure:5556: checking for __fsetlocking
configure:5556: x86_64-lfs-linux-gnu-gcc -o conftest -g -O2  -static-libstdc++ -static-libgcc  conftest.c  >&5
configure:5556: $? = 0
configure:5556: result: yes
configure:5571: checking for iconv
configure:5595: x86_64-lfs-linux-gnu-gcc -o conftest -g -O2   -static-libstdc++ -static-libgcc  conftest.c  >&5
configure:5595: $? = 0
configure:5669: result: yes
configure:5712: checking for iconv declaration
configure:5741: x86_64-lfs-linux-gnu-gcc -c -g -O2  conftest.c >&5
configure:5741: $? = 0
configure:5752: result: 
         extern size_t iconv (iconv_t cd, char * *inbuf, size_t *inbytesleft, char * *outbuf, size_t *outbytesleft);
configure:5763: checking for nl_langinfo and CODESET
configure:5779: x86_64-lfs-linux-gnu-gcc -o conftest -g -O2  -static-libstdc++ -static-libgcc  conftest.c  >&5
configure:5779: $? = 0
configure:5788: result: yes
configure:5798: checking for LC_MESSAGES
configure:5814: x86_64-lfs-linux-gnu-gcc -o conftest -g -O2  -static-libstdc++ -static-libgcc  conftest.c  >&5
configure:5814: $? = 0
configure:5822: result: yes
configure:5836: checking for bison
configure:5852: found /usr/bin/bison
configure:5863: result: bison
configure:5877: checking version of bison
configure:5886: result: 3.0.4, ok
configure:5908: checking whether NLS is requested
configure:5917: result: no
configure:6475: checking whether to use NLS
configure:6477: result: no
configure:6605: checking for aclocal
configure:6635: result: no
configure:6648: checking for autoconf
configure:6678: result: no
configure:6691: checking for autoheader
configure:6721: result: no
configure:6827: updating cache ./config.cache
configure:6876: creating ./config.status

## ---------------------- ##
## Running config.status. ##
## ---------------------- ##

This file was extended by config.status, which was
generated by GNU Autoconf 2.69.  Invocation command line was

  CONFIG_FILES    = 
  CONFIG_HEADERS  = 
  CONFIG_LINKS    = 
  CONFIG_COMMANDS = 
  $ ./config.status 

on ip-172-31-5-17

config.status:919: creating Makefile
config.status:919: creating config.intl
config.status:919: creating config.h
config.status:1093: executing default-1 commands

## ---------------- ##
## Cache variables. ##
## ---------------- ##

ac_cv_build=x86_64-pc-linux-gnu
ac_cv_c_compiler_gnu=yes
ac_cv_c_const=yes
ac_cv_c_inline=inline
ac_cv_env_CC_set=set
ac_cv_env_CC_value=x86_64-lfs-linux-gnu-gcc
ac_cv_env_CFLAGS_set=set
ac_cv_env_CFLAGS_value='-g -O2'
ac_cv_env_CPPFLAGS_set=
ac_cv_env_CPPFLAGS_value=
ac_cv_env_CPP_set=
ac_cv_env_CPP_value=
ac_cv_env_LDFLAGS_set=set
ac_cv_env_LDFLAGS_value='-static-libstdc++ -static-libgcc '
ac_cv_env_LIBS_set=
ac_cv_env_LIBS_value=
ac_cv_env_build_alias_set=set
ac_cv_env_build_alias_value=x86_64-pc-linux-gnu
ac_cv_env_host_alias_set=set
ac_cv_env_host_alias_value=x86_64-pc-linux-gnu
ac_cv_env_target_alias_set=set
ac_cv_env_target_alias_value=x86_64-pc-linux-gnu
ac_cv_func___argz_count=yes
ac_cv_func___argz_next=yes
ac_cv_func___argz_stringify=yes
ac_cv_func___fsetlocking=yes
ac_cv_func_alloca_works=yes
ac_cv_func_feof_unlocked=yes
ac_cv_func_fgets_unlocked=yes
ac_cv_func_getc_unlocked=yes
ac_cv_func_getcwd=yes
ac_cv_func_getegid=yes
ac_cv_func_geteuid=yes
ac_cv_func_getgid=yes
ac_cv_func_getpagesize=yes
ac_cv_func_getuid=yes
ac_cv_func_mempcpy=yes
ac_cv_func_mmap_fixed_mapped=yes
ac_cv_func_munmap=yes
ac_cv_func_putenv=yes
ac_cv_func_setenv=yes
ac_cv_func_setlocale=yes
ac_cv_func_stpcpy=yes
ac_cv_func_strcasecmp=yes
ac_cv_func_strdup=yes
ac_cv_func_strtoul=yes
ac_cv_func_tsearch=yes
ac_cv_gnu_library_2_1=yes
ac_cv_header_argz_h=yes
ac_cv_header_inttypes_h=yes
ac_cv_header_limits_h=yes
ac_cv_header_locale_h=yes
ac_cv_header_malloc_h=yes
ac_cv_header_memory_h=yes
ac_cv_header_minix_config_h=no
ac_cv_header_nl_types_h=yes
ac_cv_header_stdc=yes
ac_cv_header_stddef_h=yes
ac_cv_header_stdint_h=yes
ac_cv_header_stdlib_h=yes
ac_cv_header_string_h=yes
ac_cv_header_strings_h=yes
ac_cv_header_sys_param_h=yes
ac_cv_header_sys_stat_h=yes
ac_cv_header_sys_types_h=yes
ac_cv_header_unistd_h=yes
ac_cv_host=x86_64-pc-linux-gnu
ac_cv_objext=o
ac_cv_path_EGREP='/bin/grep -E'
ac_cv_path_GMSGFMT=:
ac_cv_path_GREP=/bin/grep
ac_cv_path_MSGFMT=:
ac_cv_path_MSGMERGE=:
ac_cv_path_XGETTEXT=:
ac_cv_prog_CC=x86_64-lfs-linux-gnu-gcc
ac_cv_prog_CPP='x86_64-lfs-linux-gnu-gcc -E'
ac_cv_prog_INTLBISON=bison
ac_cv_prog_RANLIB=x86_64-lfs-linux-gnu-ranlib
ac_cv_prog_cc_c89=
ac_cv_prog_cc_g=yes
ac_cv_prog_make_make_set=yes
ac_cv_safe_to_define___extensions__=yes
ac_cv_search_strerror='none required'
ac_cv_type_off_t=yes
ac_cv_type_size_t=yes
ac_cv_type_unsigned_long_long=yes
ac_cv_working_alloca_h=yes
acl_cv_hardcode_direct=no
acl_cv_hardcode_libdir_flag_spec='${wl}-rpath ${wl}$libdir'
acl_cv_hardcode_libdir_separator=
acl_cv_hardcode_minus_L=no
acl_cv_libext=a
acl_cv_path_LD=/mnt/lfs/tools/bin/../lib/gcc/x86_64-lfs-linux-gnu/8.2.0/../../../../x86_64-lfs-linux-gnu/bin/ld
acl_cv_prog_gnu_ld=yes
acl_cv_rpath=done
acl_cv_shlibext=so
acl_cv_wl=-Wl,
am_cv_func_iconv=yes
am_cv_langinfo_codeset=yes
am_cv_lib_iconv=no
am_cv_proto_iconv='extern size_t iconv (iconv_t cd, char * *inbuf, size_t *inbytesleft, char * *outbuf, size_t *outbytesleft);'
am_cv_proto_iconv_arg1=
am_cv_val_LC_MESSAGES=yes
gt_cv_header_inttypes_h=yes
gt_cv_int_divbyzero_sigfpe=yes
gt_cv_inttypes_pri_broken=no
jm_ac_cv_header_inttypes_h=yes
jm_ac_cv_header_stdint_h=yes
nls_cv_header_intl=
nls_cv_header_libgt=

## ----------------- ##
## Output variables. ##
## ----------------- ##

ACLOCAL='/mnt/lfs/sources/binutils-2.31.1/missing aclocal'
ALLOCA=''
AUTOCONF='/mnt/lfs/sources/binutils-2.31.1/missing autoconf'
AUTOHEADER='/mnt/lfs/sources/binutils-2.31.1/missing autoheader'
BUILD_INCLUDED_LIBINTL='no'
CATOBJEXT=''
CC='x86_64-lfs-linux-gnu-gcc'
CFLAGS='-g -O2'
CPP='x86_64-lfs-linux-gnu-gcc -E'
CPPFLAGS=''
DATADIRNAME='share'
DEFS='-DHAVE_CONFIG_H'
ECHO_C=''
ECHO_N='-n'
ECHO_T=''
EGREP='/bin/grep -E'
EXEEXT=''
GENCAT='gencat'
GLIBC21='yes'
GMSGFMT=':'
GREP='/bin/grep'
INCINTL=''
INSTALL_DATA='/usr/bin/install -c -m 644'
INSTALL_PROGRAM='/usr/bin/install -c'
INSTALL_SCRIPT='/usr/bin/install -c'
INSTOBJEXT='.mo'
INTLBISON='bison'
INTLLIBS=''
INTLOBJS=''
INTL_LIBTOOL_SUFFIX_PREFIX=''
LDFLAGS='-static-libstdc++ -static-libgcc '
LIBICONV=''
LIBINTL=''
LIBINTL_DEP=''
LIBOBJS=''
LIBS=''
LTLIBICONV=''
LTLIBINTL=''
LTLIBOBJS=''
MAINT='#'
MKINSTALLDIRS='$(top_builddir)/../../intl/../mkinstalldirs'
MSGFMT=':'
MSGMERGE=':'
OBJEXT='o'
PACKAGE_BUGREPORT=''
PACKAGE_NAME=''
PACKAGE_STRING=''
PACKAGE_TARNAME=''
PACKAGE_URL=''
PACKAGE_VERSION=''
PATH_SEPARATOR=':'
POSUB=''
RANLIB='x86_64-lfs-linux-gnu-ranlib'
SET_MAKE=''
SHELL='/bin/sh'
USE_INCLUDED_LIBINTL='no'
USE_NLS='no'
XGETTEXT=':'
ac_ct_CC=''
bindir='${exec_prefix}/bin'
build='x86_64-pc-linux-gnu'
build_alias='x86_64-pc-linux-gnu'
build_cpu='x86_64'
build_os='linux-gnu'
build_vendor='pc'
datadir='${datarootdir}'
datarootdir='${prefix}/share'
docdir='${datarootdir}/doc/${PACKAGE}'
dvidir='${docdir}'
exec_prefix='${prefix}'
host='x86_64-pc-linux-gnu'
host_alias='x86_64-pc-linux-gnu'
host_cpu='x86_64'
host_os='linux-gnu'
host_vendor='pc'
htmldir='${docdir}'
includedir='${prefix}/include'
infodir='${datarootdir}/info'
libdir='${exec_prefix}/lib'
libexecdir='${exec_prefix}/libexec'
localedir='${datarootdir}/locale'
localstatedir='${prefix}/var'
mandir='${datarootdir}/man'
oldincludedir='/usr/include'
pdfdir='${docdir}'
prefix='/tools'
program_transform_name='s,y,y,'
psdir='${docdir}'
sbindir='${exec_prefix}/sbin'
sharedstatedir='${prefix}/com'
sysconfdir='${prefix}/etc'
target_alias='x86_64-pc-linux-gnu'

## ----------- ##
## confdefs.h. ##
## ----------- ##

/* confdefs.h */
#define PACKAGE_NAME ""
#define PACKAGE_TARNAME ""
#define PACKAGE_VERSION ""
#define PACKAGE_STRING ""
#define PACKAGE_BUGREPORT ""
#define PACKAGE_URL ""
#define STDC_HEADERS 1
#define HAVE_SYS_TYPES_H 1
#define HAVE_SYS_STAT_H 1
#define HAVE_STDLIB_H 1
#define HAVE_STRING_H 1
#define HAVE_MEMORY_H 1
#define HAVE_STRINGS_H 1
#define HAVE_INTTYPES_H 1
#define HAVE_STDINT_H 1
#define HAVE_UNISTD_H 1
#define __EXTENSIONS__ 1
#define _ALL_SOURCE 1
#define _GNU_SOURCE 1
#define _POSIX_PTHREAD_SEMANTICS 1
#define _TANDEM_SOURCE 1
#define HAVE_ALLOCA_H 1
#define HAVE_ALLOCA 1
#define HAVE_STDLIB_H 1
#define HAVE_UNISTD_H 1
#define HAVE_SYS_PARAM_H 1
#define HAVE_GETPAGESIZE 1
#define HAVE_MMAP 1
#define INTDIV0_RAISES_SIGFPE 1
#define HAVE_INTTYPES_H_WITH_UINTMAX 1
#define HAVE_STDINT_H_WITH_UINTMAX 1
#define HAVE_UNSIGNED_LONG_LONG 1
#define HAVE_UINTMAX_T 1
#define HAVE_INTTYPES_H 1
#define HAVE_ARGZ_H 1
#define HAVE_LIMITS_H 1
#define HAVE_LOCALE_H 1
#define HAVE_NL_TYPES_H 1
#define HAVE_MALLOC_H 1
#define HAVE_STDDEF_H 1
#define HAVE_STDLIB_H 1
#define HAVE_STRING_H 1
#define HAVE_UNISTD_H 1
#define HAVE_SYS_PARAM_H 1
#define HAVE_FEOF_UNLOCKED 1
#define HAVE_FGETS_UNLOCKED 1
#define HAVE_GETC_UNLOCKED 1
#define HAVE_GETCWD 1
#define HAVE_GETEGID 1
#define HAVE_GETEUID 1
#define HAVE_GETGID 1
#define HAVE_GETUID 1
#define HAVE_MEMPCPY 1
#define HAVE_MUNMAP 1
#define HAVE_PUTENV 1
#define HAVE_SETENV 1
#define HAVE_SETLOCALE 1
#define HAVE_STPCPY 1
#define HAVE_STRCASECMP 1
#define HAVE_STRDUP 1
#define HAVE_STRTOUL 1
#define HAVE_TSEARCH 1
#define HAVE___ARGZ_COUNT 1
#define HAVE___ARGZ_STRINGIFY 1
#define HAVE___ARGZ_NEXT 1
#define HAVE___FSETLOCKING 1
#define HAVE_ICONV 1
#define ICONV_CONST 
#define HAVE_LANGINFO_CODESET 1
#define HAVE_LC_MESSAGES 1
#define IN_LIBINTL 1
#define IN_LIBRARY 1
#define DEPENDS_ON_LIBICONV 1
#define ENABLE_RELOCATABLE 1
#define NO_XMALLOC 1
#define set_relocation_prefix libintl_set_relocation_prefix
#define relocate libintl_relocate

configure: exit 0
