This file contains any messages produced by compilers while
running configure, to aid debugging if configure makes a mistake.

It was created by tdbc configure 1.0.6, which was
generated by GNU Autoconf 2.69.  Invocation command line was

  $ /mnt/lfs/sources/tcl8.6.8/pkgs/tdbc1.0.6/configure --with-tcl=../.. --with-tclinclude=/mnt/lfs/sources/tcl8.6.8/generic --prefix=/tools --libdir=/tools/lib --enable-shared --enable-threads

## --------- ##
## Platform. ##
## --------- ##

hostname = ip-172-31-5-17
uname -m = x86_64
uname -r = 4.15.0-1021-aws
uname -s = Linux
uname -v = #21-Ubuntu SMP Tue Aug 28 10:23:07 UTC 2018

/usr/bin/uname -p = unknown
/bin/uname -X     = unknown

/bin/arch              = unknown
/usr/bin/arch -k       = unknown
/usr/convex/getsysinfo = unknown
/usr/bin/hostinfo      = unknown
/bin/machine           = unknown
/usr/bin/oslevel       = unknown
/bin/universe          = unknown

PATH: /tools/bin
PATH: /bin
PATH: /usr/bin


## ----------- ##
## Core tests. ##
## ----------- ##

configure:2212: checking for correct TEA configuration
configure:2225: result: ok (TEA 3.10)
configure:2307: configuring tdbc 1.0.6
configure:2380: checking for Tcl configuration
configure:2506: result: found /mnt/lfs/sources/tcl8.6.8/unix/tclConfig.sh
configure:2559: checking for gcc
configure:2575: found /tools/bin/gcc
configure:2586: result: gcc
configure:2815: checking for C compiler version
configure:2824: gcc --version >&5
gcc (GCC) 8.2.0
Copyright (C) 2018 Free Software Foundation, Inc.
This is free software; see the source for copying conditions.  There is NO
warranty; not even for MERCHANTABILITY or FITNESS FOR A PARTICULAR PURPOSE.

configure:2835: $? = 0
configure:2824: gcc -v >&5
Using built-in specs.
COLLECT_GCC=gcc
COLLECT_LTO_WRAPPER=/mnt/lfs/tools/bin/../libexec/gcc/x86_64-pc-linux-gnu/8.2.0/lto-wrapper
Target: x86_64-pc-linux-gnu
Configured with: ../configure --prefix=/tools --with-local-prefix=/tools --with-native-system-header-dir=/tools/include --enable-languages=c,c++ --disable-libstdcxx-pch --disable-multilib --disable-bootstrap --disable-libgomp
Thread model: posix
gcc version 8.2.0 (GCC) 
configure:2835: $? = 0
configure:2824: gcc -V >&5
gcc: error: unrecognized command line option '-V'
gcc: fatal error: no input files
compilation terminated.
configure:2835: $? = 1
configure:2824: gcc -qversion >&5
gcc: error: unrecognized command line option '-qversion'; did you mean '--version'?
gcc: fatal error: no input files
compilation terminated.
configure:2835: $? = 1
configure:2855: checking whether the C compiler works
configure:2877: gcc    conftest.c  >&5
configure:2881: $? = 0
configure:2929: result: yes
configure:2932: checking for C compiler default output file name
configure:2934: result: a.out
configure:2940: checking for suffix of executables
configure:2947: gcc -o conftest    conftest.c  >&5
configure:2951: $? = 0
configure:2973: result: 
configure:2995: checking whether we are cross compiling
configure:3003: gcc -o conftest    conftest.c  >&5
configure:3007: $? = 0
configure:3014: ./conftest
configure:3018: $? = 0
configure:3033: result: no
configure:3038: checking for suffix of object files
configure:3060: gcc -c   conftest.c >&5
configure:3064: $? = 0
configure:3085: result: o
configure:3089: checking whether we are using the GNU C compiler
configure:3108: gcc -c   conftest.c >&5
configure:3108: $? = 0
configure:3117: result: yes
configure:3126: checking whether gcc accepts -g
configure:3146: gcc -c -g  conftest.c >&5
configure:3146: $? = 0
configure:3187: result: yes
configure:3204: checking for gcc option to accept ISO C89
configure:3267: gcc  -c   conftest.c >&5
configure:3267: $? = 0
configure:3280: result: none needed
configure:3302: checking for existence of /mnt/lfs/sources/tcl8.6.8/unix/tclConfig.sh
configure:3306: result: loading
configure:3370: checking platform
configure:3388: gcc -c   conftest.c >&5
configure:3388: $? = 0
configure:3438: result: unix
configure:3762: --exec-prefix defaulting to TCL_EXEC_PREFIX /tools
configure:3832: checking for gcc
configure:3859: result: gcc
configure:4088: checking for C compiler version
configure:4097: gcc --version >&5
gcc (GCC) 8.2.0
Copyright (C) 2018 Free Software Foundation, Inc.
This is free software; see the source for copying conditions.  There is NO
warranty; not even for MERCHANTABILITY or FITNESS FOR A PARTICULAR PURPOSE.

configure:4108: $? = 0
configure:4097: gcc -v >&5
Using built-in specs.
COLLECT_GCC=gcc
COLLECT_LTO_WRAPPER=/mnt/lfs/tools/bin/../libexec/gcc/x86_64-pc-linux-gnu/8.2.0/lto-wrapper
Target: x86_64-pc-linux-gnu
Configured with: ../configure --prefix=/tools --with-local-prefix=/tools --with-native-system-header-dir=/tools/include --enable-languages=c,c++ --disable-libstdcxx-pch --disable-multilib --disable-bootstrap --disable-libgomp
Thread model: posix
gcc version 8.2.0 (GCC) 
configure:4108: $? = 0
configure:4097: gcc -V >&5
gcc: error: unrecognized command line option '-V'
gcc: fatal error: no input files
compilation terminated.
configure:4108: $? = 1
configure:4097: gcc -qversion >&5
gcc: error: unrecognized command line option '-qversion'; did you mean '--version'?
gcc: fatal error: no input files
compilation terminated.
configure:4108: $? = 1
configure:4112: checking whether we are using the GNU C compiler
configure:4140: result: yes
configure:4149: checking whether gcc accepts -g
configure:4210: result: yes
configure:4227: checking for gcc option to accept ISO C89
configure:4303: result: none needed
configure:4328: checking how to run the C preprocessor
configure:4359: gcc -E  conftest.c
configure:4359: $? = 0
configure:4373: gcc -E  conftest.c
conftest.c:10:10: fatal error: ac_nonexistent.h: No such file or directory
 #include <ac_nonexistent.h>
          ^~~~~~~~~~~~~~~~~~
compilation terminated.
configure:4373: $? = 1
configure: failed program was:
| /* confdefs.h */
| #define PACKAGE_NAME "tdbc"
| #define PACKAGE_TARNAME "tdbc"
| #define PACKAGE_VERSION "1.0.6"
| #define PACKAGE_STRING "tdbc 1.0.6"
| #define PACKAGE_BUGREPORT ""
| #define PACKAGE_URL ""
| #define BUILD_tdbc /**/
| /* end confdefs.h.  */
| #include <ac_nonexistent.h>
configure:4398: result: gcc -E
configure:4418: gcc -E  conftest.c
configure:4418: $? = 0
configure:4432: gcc -E  conftest.c
conftest.c:10:10: fatal error: ac_nonexistent.h: No such file or directory
 #include <ac_nonexistent.h>
          ^~~~~~~~~~~~~~~~~~
compilation terminated.
configure:4432: $? = 1
configure: failed program was:
| /* confdefs.h */
| #define PACKAGE_NAME "tdbc"
| #define PACKAGE_TARNAME "tdbc"
| #define PACKAGE_VERSION "1.0.6"
| #define PACKAGE_STRING "tdbc 1.0.6"
| #define PACKAGE_BUGREPORT ""
| #define PACKAGE_URL ""
| #define BUILD_tdbc /**/
| /* end confdefs.h.  */
| #include <ac_nonexistent.h>
configure:4479: checking whether make sets $(MAKE)
configure:4501: result: yes
configure:4558: checking for ranlib
configure:4574: found /tools/bin/ranlib
configure:4585: result: ranlib
configure:4616: checking for grep that handles long lines and -e
configure:4674: result: /bin/grep
configure:4679: checking for egrep
configure:4741: result: /bin/grep -E
configure:4746: checking for ANSI C header files
configure:4766: gcc -c   conftest.c >&5
configure:4766: $? = 0
configure:4839: gcc -o conftest    conftest.c  >&5
configure:4839: $? = 0
configure:4839: ./conftest
configure:4839: $? = 0
configure:4850: result: yes
configure:4863: checking for sys/types.h
configure:4863: gcc -c   conftest.c >&5
configure:4863: $? = 0
configure:4863: result: yes
configure:4863: checking for sys/stat.h
configure:4863: gcc -c   conftest.c >&5
configure:4863: $? = 0
configure:4863: result: yes
configure:4863: checking for stdlib.h
configure:4863: gcc -c   conftest.c >&5
configure:4863: $? = 0
configure:4863: result: yes
configure:4863: checking for string.h
configure:4863: gcc -c   conftest.c >&5
configure:4863: $? = 0
configure:4863: result: yes
configure:4863: checking for memory.h
configure:4863: gcc -c   conftest.c >&5
configure:4863: $? = 0
configure:4863: result: yes
configure:4863: checking for strings.h
configure:4863: gcc -c   conftest.c >&5
configure:4863: $? = 0
configure:4863: result: yes
configure:4863: checking for inttypes.h
configure:4863: gcc -c   conftest.c >&5
configure:4863: $? = 0
configure:4863: result: yes
configure:4863: checking for stdint.h
configure:4863: gcc -c   conftest.c >&5
configure:4863: $? = 0
configure:4863: result: yes
configure:4863: checking for unistd.h
configure:4863: gcc -c   conftest.c >&5
configure:4863: $? = 0
configure:4863: result: yes
configure:4885: checking if the compiler understands -pipe
configure:4903: gcc -c  -pipe  conftest.c >&5
configure:4903: $? = 0
configure:4911: result: yes
configure:4922: checking whether byte ordering is bigendian
configure:4937: gcc -c  -pipe  conftest.c >&5
conftest.c:21:9: error: unknown type name 'not'
         not a universal capable compiler
         ^~~
conftest.c:21:15: error: expected '=', ',', ';', 'asm' or '__attribute__' before 'universal'
         not a universal capable compiler
               ^~~~~~~~~
conftest.c:21:15: error: unknown type name 'universal'
configure:4937: $? = 1
configure: failed program was:
| /* confdefs.h */
| #define PACKAGE_NAME "tdbc"
| #define PACKAGE_TARNAME "tdbc"
| #define PACKAGE_VERSION "1.0.6"
| #define PACKAGE_STRING "tdbc 1.0.6"
| #define PACKAGE_BUGREPORT ""
| #define PACKAGE_URL ""
| #define BUILD_tdbc /**/
| #define STDC_HEADERS 1
| #define HAVE_SYS_TYPES_H 1
| #define HAVE_SYS_STAT_H 1
| #define HAVE_STDLIB_H 1
| #define HAVE_STRING_H 1
| #define HAVE_MEMORY_H 1
| #define HAVE_STRINGS_H 1
| #define HAVE_INTTYPES_H 1
| #define HAVE_STDINT_H 1
| #define HAVE_UNISTD_H 1
| /* end confdefs.h.  */
| #ifndef __APPLE_CC__
| 	       not a universal capable compiler
| 	     #endif
| 	     typedef int dummy;
| 
configure:4982: gcc -c  -pipe  conftest.c >&5
configure:4982: $? = 0
configure:5000: gcc -c  -pipe  conftest.c >&5
conftest.c: In function 'main':
conftest.c:27:4: error: unknown type name 'not'; did you mean 'ino_t'?
    not big endian
    ^~~
    ino_t
conftest.c:27:12: error: expected '=', ',', ';', 'asm' or '__attribute__' before 'endian'
    not big endian
            ^~~~~~
configure:5000: $? = 1
configure: failed program was:
| /* confdefs.h */
| #define PACKAGE_NAME "tdbc"
| #define PACKAGE_TARNAME "tdbc"
| #define PACKAGE_VERSION "1.0.6"
| #define PACKAGE_STRING "tdbc 1.0.6"
| #define PACKAGE_BUGREPORT ""
| #define PACKAGE_URL ""
| #define BUILD_tdbc /**/
| #define STDC_HEADERS 1
| #define HAVE_SYS_TYPES_H 1
| #define HAVE_SYS_STAT_H 1
| #define HAVE_STDLIB_H 1
| #define HAVE_STRING_H 1
| #define HAVE_MEMORY_H 1
| #define HAVE_STRINGS_H 1
| #define HAVE_INTTYPES_H 1
| #define HAVE_STDINT_H 1
| #define HAVE_UNISTD_H 1
| /* end confdefs.h.  */
| #include <sys/types.h>
| 		#include <sys/param.h>
| 
| int
| main ()
| {
| #if BYTE_ORDER != BIG_ENDIAN
| 		 not big endian
| 		#endif
| 
|   ;
|   return 0;
| }
configure:5128: result: no
configure:5155: checking for sin
configure:5155: gcc -o conftest  -pipe   conftest.c  >&5
conftest.c:43:6: warning: conflicting types for built-in function 'sin' [-Wbuiltin-declaration-mismatch]
 char sin ();
      ^~~
/mnt/lfs/tools/bin/../lib/gcc/x86_64-pc-linux-gnu/8.2.0/../../../../x86_64-pc-linux-gnu/bin/ld: /tmp/ccyz5yLG.o: in function `main':
conftest.c:(.text+0xa): undefined reference to `sin'
collect2: error: ld returned 1 exit status
configure:5155: $? = 1
configure: failed program was:
| /* confdefs.h */
| #define PACKAGE_NAME "tdbc"
| #define PACKAGE_TARNAME "tdbc"
| #define PACKAGE_VERSION "1.0.6"
| #define PACKAGE_STRING "tdbc 1.0.6"
| #define PACKAGE_BUGREPORT ""
| #define PACKAGE_URL ""
| #define BUILD_tdbc /**/
| #define STDC_HEADERS 1
| #define HAVE_SYS_TYPES_H 1
| #define HAVE_SYS_STAT_H 1
| #define HAVE_STDLIB_H 1
| #define HAVE_STRING_H 1
| #define HAVE_MEMORY_H 1
| #define HAVE_STRINGS_H 1
| #define HAVE_INTTYPES_H 1
| #define HAVE_STDINT_H 1
| #define HAVE_UNISTD_H 1
| /* end confdefs.h.  */
| /* Define sin to an innocuous variant, in case <limits.h> declares sin.
|    For example, HP-UX 11i <limits.h> declares gettimeofday.  */
| #define sin innocuous_sin
| 
| /* System header to define __stub macros and hopefully few prototypes,
|     which can conflict with char sin (); below.
|     Prefer <limits.h> to <assert.h> if __STDC__ is defined, since
|     <limits.h> exists even on freestanding compilers.  */
| 
| #ifdef __STDC__
| # include <limits.h>
| #else
| # include <assert.h>
| #endif
| 
| #undef sin
| 
| /* Override any GCC internal prototype to avoid an error.
|    Use char because int might match the return type of a GCC
|    builtin and then its argument prototype would still apply.  */
| #ifdef __cplusplus
| extern "C"
| #endif
| char sin ();
| /* The GNU C library defines this for functions which it implements
|     to always fail with ENOSYS.  Some functions are actually named
|     something starting with __ and the normal name is an alias.  */
| #if defined __stub_sin || defined __stub___sin
| choke me
| #endif
| 
| int
| main ()
| {
| return sin ();
|   ;
|   return 0;
| }
configure:5155: result: no
configure:5162: checking for main in -lieee
configure:5181: gcc -o conftest  -pipe   conftest.c -lieee   >&5
/mnt/lfs/tools/bin/../lib/gcc/x86_64-pc-linux-gnu/8.2.0/../../../../x86_64-pc-linux-gnu/bin/ld: cannot find -lieee
collect2: error: ld returned 1 exit status
configure:5181: $? = 1
configure: failed program was:
| /* confdefs.h */
| #define PACKAGE_NAME "tdbc"
| #define PACKAGE_TARNAME "tdbc"
| #define PACKAGE_VERSION "1.0.6"
| #define PACKAGE_STRING "tdbc 1.0.6"
| #define PACKAGE_BUGREPORT ""
| #define PACKAGE_URL ""
| #define BUILD_tdbc /**/
| #define STDC_HEADERS 1
| #define HAVE_SYS_TYPES_H 1
| #define HAVE_SYS_STAT_H 1
| #define HAVE_STDLIB_H 1
| #define HAVE_STRING_H 1
| #define HAVE_MEMORY_H 1
| #define HAVE_STRINGS_H 1
| #define HAVE_INTTYPES_H 1
| #define HAVE_STDINT_H 1
| #define HAVE_UNISTD_H 1
| /* end confdefs.h.  */
| 
| 
| int
| main ()
| {
| return main ();
|   ;
|   return 0;
| }
configure:5190: result: no
configure:5202: checking for main in -linet
configure:5221: gcc -o conftest  -pipe   conftest.c -linet   >&5
/mnt/lfs/tools/bin/../lib/gcc/x86_64-pc-linux-gnu/8.2.0/../../../../x86_64-pc-linux-gnu/bin/ld: cannot find -linet
collect2: error: ld returned 1 exit status
configure:5221: $? = 1
configure: failed program was:
| /* confdefs.h */
| #define PACKAGE_NAME "tdbc"
| #define PACKAGE_TARNAME "tdbc"
| #define PACKAGE_VERSION "1.0.6"
| #define PACKAGE_STRING "tdbc 1.0.6"
| #define PACKAGE_BUGREPORT ""
| #define PACKAGE_URL ""
| #define BUILD_tdbc /**/
| #define STDC_HEADERS 1
| #define HAVE_SYS_TYPES_H 1
| #define HAVE_SYS_STAT_H 1
| #define HAVE_STDLIB_H 1
| #define HAVE_STRING_H 1
| #define HAVE_MEMORY_H 1
| #define HAVE_STRINGS_H 1
| #define HAVE_INTTYPES_H 1
| #define HAVE_STDINT_H 1
| #define HAVE_UNISTD_H 1
| /* end confdefs.h.  */
| 
| 
| int
| main ()
| {
| return main ();
|   ;
|   return 0;
| }
configure:5230: result: no
configure:5236: checking net/errno.h usability
configure:5236: gcc -c  -pipe  conftest.c >&5
conftest.c:53:10: fatal error: net/errno.h: No such file or directory
 #include <net/errno.h>
          ^~~~~~~~~~~~~
compilation terminated.
configure:5236: $? = 1
configure: failed program was:
| /* confdefs.h */
| #define PACKAGE_NAME "tdbc"
| #define PACKAGE_TARNAME "tdbc"
| #define PACKAGE_VERSION "1.0.6"
| #define PACKAGE_STRING "tdbc 1.0.6"
| #define PACKAGE_BUGREPORT ""
| #define PACKAGE_URL ""
| #define BUILD_tdbc /**/
| #define STDC_HEADERS 1
| #define HAVE_SYS_TYPES_H 1
| #define HAVE_SYS_STAT_H 1
| #define HAVE_STDLIB_H 1
| #define HAVE_STRING_H 1
| #define HAVE_MEMORY_H 1
| #define HAVE_STRINGS_H 1
| #define HAVE_INTTYPES_H 1
| #define HAVE_STDINT_H 1
| #define HAVE_UNISTD_H 1
| /* end confdefs.h.  */
| #include <stdio.h>
| #ifdef HAVE_SYS_TYPES_H
| # include <sys/types.h>
| #endif
| #ifdef HAVE_SYS_STAT_H
| # include <sys/stat.h>
| #endif
| #ifdef STDC_HEADERS
| # include <stdlib.h>
| # include <stddef.h>
| #else
| # ifdef HAVE_STDLIB_H
| #  include <stdlib.h>
| # endif
| #endif
| #ifdef HAVE_STRING_H
| # if !defined STDC_HEADERS && defined HAVE_MEMORY_H
| #  include <memory.h>
| # endif
| # include <string.h>
| #endif
| #ifdef HAVE_STRINGS_H
| # include <strings.h>
| #endif
| #ifdef HAVE_INTTYPES_H
| # include <inttypes.h>
| #endif
| #ifdef HAVE_STDINT_H
| # include <stdint.h>
| #endif
| #ifdef HAVE_UNISTD_H
| # include <unistd.h>
| #endif
| #include <net/errno.h>
configure:5236: result: no
configure:5236: checking net/errno.h presence
configure:5236: gcc -E  conftest.c
conftest.c:20:10: fatal error: net/errno.h: No such file or directory
 #include <net/errno.h>
          ^~~~~~~~~~~~~
compilation terminated.
configure:5236: $? = 1
configure: failed program was:
| /* confdefs.h */
| #define PACKAGE_NAME "tdbc"
| #define PACKAGE_TARNAME "tdbc"
| #define PACKAGE_VERSION "1.0.6"
| #define PACKAGE_STRING "tdbc 1.0.6"
| #define PACKAGE_BUGREPORT ""
| #define PACKAGE_URL ""
| #define BUILD_tdbc /**/
| #define STDC_HEADERS 1
| #define HAVE_SYS_TYPES_H 1
| #define HAVE_SYS_STAT_H 1
| #define HAVE_STDLIB_H 1
| #define HAVE_STRING_H 1
| #define HAVE_MEMORY_H 1
| #define HAVE_STRINGS_H 1
| #define HAVE_INTTYPES_H 1
| #define HAVE_STDINT_H 1
| #define HAVE_UNISTD_H 1
| /* end confdefs.h.  */
| #include <net/errno.h>
configure:5236: result: no
configure:5236: checking for net/errno.h
configure:5236: result: no
configure:5265: checking for connect
configure:5265: gcc -o conftest  -pipe   conftest.c  >&5
configure:5265: $? = 0
configure:5265: result: yes
configure:5333: checking for gethostbyname
configure:5333: gcc -o conftest  -pipe   conftest.c  >&5
configure:5333: $? = 0
configure:5333: result: yes
configure:5388: checking dirent.h
configure:5424: gcc -o conftest  -pipe   conftest.c  >&5
configure:5424: $? = 0
configure:5432: result: yes
configure:5442: checking errno.h usability
configure:5442: gcc -c  -pipe  conftest.c >&5
configure:5442: $? = 0
configure:5442: result: yes
configure:5442: checking errno.h presence
configure:5442: gcc -E  conftest.c
configure:5442: $? = 0
configure:5442: result: yes
configure:5442: checking for errno.h
configure:5442: result: yes
configure:5452: checking values.h usability
configure:5452: gcc -c  -pipe  conftest.c >&5
configure:5452: $? = 0
configure:5452: result: yes
configure:5452: checking values.h presence
configure:5452: gcc -E  conftest.c
configure:5452: $? = 0
configure:5452: result: yes
configure:5452: checking for values.h
configure:5452: result: yes
configure:5462: checking limits.h usability
configure:5462: gcc -c  -pipe  conftest.c >&5
configure:5462: $? = 0
configure:5462: result: yes
configure:5462: checking limits.h presence
configure:5462: gcc -E  conftest.c
configure:5462: $? = 0
configure:5462: result: yes
configure:5462: checking for limits.h
configure:5462: result: yes
configure:5474: checking for stdlib.h
configure:5474: result: yes
configure:5526: checking for string.h
configure:5526: result: yes
configure:5570: checking sys/wait.h usability
configure:5570: gcc -c  -pipe  conftest.c >&5
configure:5570: $? = 0
configure:5570: result: yes
configure:5570: checking sys/wait.h presence
configure:5570: gcc -E  conftest.c
configure:5570: $? = 0
configure:5570: result: yes
configure:5570: checking for sys/wait.h
configure:5570: result: yes
configure:5580: checking dlfcn.h usability
configure:5580: gcc -c  -pipe  conftest.c >&5
configure:5580: $? = 0
configure:5580: result: yes
configure:5580: checking dlfcn.h presence
configure:5580: gcc -E  conftest.c
configure:5580: $? = 0
configure:5580: result: yes
configure:5580: checking for dlfcn.h
configure:5580: result: yes
configure:5594: checking sys/param.h usability
configure:5594: gcc -c  -pipe  conftest.c >&5
configure:5594: $? = 0
configure:5594: result: yes
configure:5594: checking sys/param.h presence
configure:5594: gcc -E  conftest.c
configure:5594: $? = 0
configure:5594: result: yes
configure:5594: checking for sys/param.h
configure:5594: result: yes
configure:5611: checking for inline
configure:5627: gcc -c  -pipe  conftest.c >&5
configure:5627: $? = 0
configure:5635: result: inline
configure:5793: checking for Tcl public headers
configure:5864: result: /mnt/lfs/sources/tcl8.6.8/generic
configure:5920: checking for pthread_mutex_init in -lpthread
configure:5945: gcc -o conftest  -pipe   conftest.c -lpthread   >&5
configure:5945: $? = 0
configure:5954: result: yes
configure:6163: checking for building with threads
configure:6169: result: yes (default)
configure:6210: checking how to build libraries
configure:6244: result: shared
configure:6328: checking for ranlib
configure:6355: result: ranlib
configure:6382: checking if 64bit support is requested
configure:6391: result: no
configure:6396: checking if 64bit Sparc VIS support is requested
configure:6405: result: no
configure:6415: checking if compiler supports visibility "hidden"
configure:6435: gcc -o conftest  -pipe -Werror   conftest.c  >&5
configure:6435: $? = 0
configure:6444: result: yes
configure:6459: checking if rpath support is requested
configure:6468: result: yes
configure:6493: checking system version
configure:6516: result: Linux-4.15.0-1021-aws
configure:6596: checking for ar
configure:6612: found /tools/bin/ar
configure:6623: result: ar
configure:8385: checking for cast to union support
configure:8404: gcc -c  -pipe  conftest.c >&5
configure:8404: $? = 0
configure:8412: result: yes
configure:8435: checking for required early compiler flags
configure:8453: gcc -c  -pipe  conftest.c >&5
configure:8453: $? = 0
configure:8500: gcc -c  -pipe  conftest.c >&5
conftest.c: In function 'main':
conftest.c:35:15: error: storage size of 'buf' isn't known
 struct stat64 buf; int i = stat64("/", &buf);
               ^~~
conftest.c:35:28: warning: implicit declaration of function 'stat64'; did you mean 'stat'? [-Wimplicit-function-declaration]
 struct stat64 buf; int i = stat64("/", &buf);
                            ^~~~~~
                            stat
configure:8500: $? = 1
configure: failed program was:
| /* confdefs.h */
| #define PACKAGE_NAME "tdbc"
| #define PACKAGE_TARNAME "tdbc"
| #define PACKAGE_VERSION "1.0.6"
| #define PACKAGE_STRING "tdbc 1.0.6"
| #define PACKAGE_BUGREPORT ""
| #define PACKAGE_URL ""
| #define BUILD_tdbc /**/
| #define STDC_HEADERS 1
| #define HAVE_SYS_TYPES_H 1
| #define HAVE_SYS_STAT_H 1
| #define HAVE_STDLIB_H 1
| #define HAVE_STRING_H 1
| #define HAVE_MEMORY_H 1
| #define HAVE_STRINGS_H 1
| #define HAVE_INTTYPES_H 1
| #define HAVE_STDINT_H 1
| #define HAVE_UNISTD_H 1
| #define HAVE_LIMITS_H 1
| #define HAVE_SYS_PARAM_H 1
| #define USE_THREAD_ALLOC 1
| #define _REENTRANT 1
| #define _THREAD_SAFE 1
| #define TCL_THREADS 1
| #define USE_TCL_STUBS 1
| #define USE_TCLOO_STUBS 1
| #define MODULE_SCOPE extern __attribute__((__visibility__("hidden")))
| #define HAVE_HIDDEN 1
| #define HAVE_CAST_TO_UNION 1
| /* end confdefs.h.  */
| #include <sys/stat.h>
| int
| main ()
| {
| struct stat64 buf; int i = stat64("/", &buf);
|   ;
|   return 0;
| }
configure:8515: gcc -c  -pipe  conftest.c >&5
configure:8515: $? = 0
configure:8547: gcc -c  -pipe  conftest.c >&5
conftest.c: In function 'main':
conftest.c:36:19: error: 'open64' undeclared (first use in this function)
 char *p = (char *)open64;
                   ^~~~~~
conftest.c:36:19: note: each undeclared identifier is reported only once for each function it appears in
configure:8547: $? = 1
configure: failed program was:
| /* confdefs.h */
| #define PACKAGE_NAME "tdbc"
| #define PACKAGE_TARNAME "tdbc"
| #define PACKAGE_VERSION "1.0.6"
| #define PACKAGE_STRING "tdbc 1.0.6"
| #define PACKAGE_BUGREPORT ""
| #define PACKAGE_URL ""
| #define BUILD_tdbc /**/
| #define STDC_HEADERS 1
| #define HAVE_SYS_TYPES_H 1
| #define HAVE_SYS_STAT_H 1
| #define HAVE_STDLIB_H 1
| #define HAVE_STRING_H 1
| #define HAVE_MEMORY_H 1
| #define HAVE_STRINGS_H 1
| #define HAVE_INTTYPES_H 1
| #define HAVE_STDINT_H 1
| #define HAVE_UNISTD_H 1
| #define HAVE_LIMITS_H 1
| #define HAVE_SYS_PARAM_H 1
| #define USE_THREAD_ALLOC 1
| #define _REENTRANT 1
| #define _THREAD_SAFE 1
| #define TCL_THREADS 1
| #define USE_TCL_STUBS 1
| #define USE_TCLOO_STUBS 1
| #define MODULE_SCOPE extern __attribute__((__visibility__("hidden")))
| #define HAVE_HIDDEN 1
| #define HAVE_CAST_TO_UNION 1
| #define _LARGEFILE64_SOURCE 1
| /* end confdefs.h.  */
| #include <sys/stat.h>
| int
| main ()
| {
| char *p = (char *)open64;
|   ;
|   return 0;
| }
configure:8562: gcc -c  -pipe  conftest.c >&5
conftest.c: In function 'main':
conftest.c:37:19: error: 'open64' undeclared (first use in this function)
 char *p = (char *)open64;
                   ^~~~~~
conftest.c:37:19: note: each undeclared identifier is reported only once for each function it appears in
configure:8562: $? = 1
configure: failed program was:
| /* confdefs.h */
| #define PACKAGE_NAME "tdbc"
| #define PACKAGE_TARNAME "tdbc"
| #define PACKAGE_VERSION "1.0.6"
| #define PACKAGE_STRING "tdbc 1.0.6"
| #define PACKAGE_BUGREPORT ""
| #define PACKAGE_URL ""
| #define BUILD_tdbc /**/
| #define STDC_HEADERS 1
| #define HAVE_SYS_TYPES_H 1
| #define HAVE_SYS_STAT_H 1
| #define HAVE_STDLIB_H 1
| #define HAVE_STRING_H 1
| #define HAVE_MEMORY_H 1
| #define HAVE_STRINGS_H 1
| #define HAVE_INTTYPES_H 1
| #define HAVE_STDINT_H 1
| #define HAVE_UNISTD_H 1
| #define HAVE_LIMITS_H 1
| #define HAVE_SYS_PARAM_H 1
| #define USE_THREAD_ALLOC 1
| #define _REENTRANT 1
| #define _THREAD_SAFE 1
| #define TCL_THREADS 1
| #define USE_TCL_STUBS 1
| #define USE_TCLOO_STUBS 1
| #define MODULE_SCOPE extern __attribute__((__visibility__("hidden")))
| #define HAVE_HIDDEN 1
| #define HAVE_CAST_TO_UNION 1
| #define _LARGEFILE64_SOURCE 1
| /* end confdefs.h.  */
| #define _LARGEFILE_SOURCE64 1
| #include <sys/stat.h>
| int
| main ()
| {
| char *p = (char *)open64;
|   ;
|   return 0;
| }
configure:8583: result:  _LARGEFILE64_SOURCE
configure:8588: checking for 64-bit integer type
configure:8607: gcc -c  -pipe  conftest.c >&5
conftest.c: In function 'main':
conftest.c:36:1: error: unknown type name '__int64'; did you mean '__int128'?
 __int64 value = (__int64) 0;
 ^~~~~~~
 __int128
conftest.c:36:18: error: '__int64' undeclared (first use in this function); did you mean '__int128'?
 __int64 value = (__int64) 0;
                  ^~~~~~~
                  __int128
conftest.c:36:18: note: each undeclared identifier is reported only once for each function it appears in
conftest.c:36:27: error: expected ',' or ';' before numeric constant
 __int64 value = (__int64) 0;
                           ^
configure:8607: $? = 1
configure: failed program was:
| /* confdefs.h */
| #define PACKAGE_NAME "tdbc"
| #define PACKAGE_TARNAME "tdbc"
| #define PACKAGE_VERSION "1.0.6"
| #define PACKAGE_STRING "tdbc 1.0.6"
| #define PACKAGE_BUGREPORT ""
| #define PACKAGE_URL ""
| #define BUILD_tdbc /**/
| #define STDC_HEADERS 1
| #define HAVE_SYS_TYPES_H 1
| #define HAVE_SYS_STAT_H 1
| #define HAVE_STDLIB_H 1
| #define HAVE_STRING_H 1
| #define HAVE_MEMORY_H 1
| #define HAVE_STRINGS_H 1
| #define HAVE_INTTYPES_H 1
| #define HAVE_STDINT_H 1
| #define HAVE_UNISTD_H 1
| #define HAVE_LIMITS_H 1
| #define HAVE_SYS_PARAM_H 1
| #define USE_THREAD_ALLOC 1
| #define _REENTRANT 1
| #define _THREAD_SAFE 1
| #define TCL_THREADS 1
| #define USE_TCL_STUBS 1
| #define USE_TCLOO_STUBS 1
| #define MODULE_SCOPE extern __attribute__((__visibility__("hidden")))
| #define HAVE_HIDDEN 1
| #define HAVE_CAST_TO_UNION 1
| #define _LARGEFILE64_SOURCE 1
| /* end confdefs.h.  */
| 
| int
| main ()
| {
| __int64 value = (__int64) 0;
|   ;
|   return 0;
| }
configure:8629: gcc -c  -pipe  conftest.c >&5
conftest.c: In function 'main':
conftest.c:37:21: error: duplicate case value
             case 1: case (sizeof(long long)==sizeof(long)): ;
                     ^~~~
conftest.c:37:13: note: previously used here
             case 1: case (sizeof(long long)==sizeof(long)): ;
             ^~~~
configure:8629: $? = 1
configure: failed program was:
| /* confdefs.h */
| #define PACKAGE_NAME "tdbc"
| #define PACKAGE_TARNAME "tdbc"
| #define PACKAGE_VERSION "1.0.6"
| #define PACKAGE_STRING "tdbc 1.0.6"
| #define PACKAGE_BUGREPORT ""
| #define PACKAGE_URL ""
| #define BUILD_tdbc /**/
| #define STDC_HEADERS 1
| #define HAVE_SYS_TYPES_H 1
| #define HAVE_SYS_STAT_H 1
| #define HAVE_STDLIB_H 1
| #define HAVE_STRING_H 1
| #define HAVE_MEMORY_H 1
| #define HAVE_STRINGS_H 1
| #define HAVE_INTTYPES_H 1
| #define HAVE_STDINT_H 1
| #define HAVE_UNISTD_H 1
| #define HAVE_LIMITS_H 1
| #define HAVE_SYS_PARAM_H 1
| #define USE_THREAD_ALLOC 1
| #define _REENTRANT 1
| #define _THREAD_SAFE 1
| #define TCL_THREADS 1
| #define USE_TCL_STUBS 1
| #define USE_TCLOO_STUBS 1
| #define MODULE_SCOPE extern __attribute__((__visibility__("hidden")))
| #define HAVE_HIDDEN 1
| #define HAVE_CAST_TO_UNION 1
| #define _LARGEFILE64_SOURCE 1
| /* end confdefs.h.  */
| 
| int
| main ()
| {
| switch (0) {
|             case 1: case (sizeof(long long)==sizeof(long)): ;
|         }
|   ;
|   return 0;
| }
configure:8639: result: using long
configure:8783: checking for build with symbols
configure:8796: result: no
configure:8960: checking for tclsh
configure:8995: result: /mnt/lfs/sources/tcl8.6.8/unix/tclsh
configure:9220: creating ./config.status

## ---------------------- ##
## Running config.status. ##
## ---------------------- ##

This file was extended by tdbc config.status 1.0.6, which was
generated by GNU Autoconf 2.69.  Invocation command line was

  CONFIG_FILES    = 
  CONFIG_HEADERS  = 
  CONFIG_LINKS    = 
  CONFIG_COMMANDS = 
  $ ./config.status 

on ip-172-31-5-17

config.status:825: creating Makefile
config.status:825: creating pkgIndex.tcl
config.status:825: creating tdbcConfig.sh

## ---------------- ##
## Cache variables. ##
## ---------------- ##

ac_cv_c_bigendian=no
ac_cv_c_compiler_gnu=yes
ac_cv_c_inline=inline
ac_cv_c_tclconfig=/mnt/lfs/sources/tcl8.6.8/unix
ac_cv_c_tclh=/mnt/lfs/sources/tcl8.6.8/generic
ac_cv_env_CC_set=
ac_cv_env_CC_value=
ac_cv_env_CFLAGS_set=
ac_cv_env_CFLAGS_value=
ac_cv_env_CPPFLAGS_set=
ac_cv_env_CPPFLAGS_value=
ac_cv_env_CPP_set=
ac_cv_env_CPP_value=
ac_cv_env_LDFLAGS_set=
ac_cv_env_LDFLAGS_value=
ac_cv_env_LIBS_set=
ac_cv_env_LIBS_value=
ac_cv_env_build_alias_set=
ac_cv_env_build_alias_value=
ac_cv_env_host_alias_set=
ac_cv_env_host_alias_value=
ac_cv_env_target_alias_set=
ac_cv_env_target_alias_value=
ac_cv_func_connect=yes
ac_cv_func_gethostbyname=yes
ac_cv_func_sin=no
ac_cv_header_dlfcn_h=yes
ac_cv_header_errno_h=yes
ac_cv_header_inttypes_h=yes
ac_cv_header_limits_h=yes
ac_cv_header_memory_h=yes
ac_cv_header_net_errno_h=no
ac_cv_header_stdc=yes
ac_cv_header_stdint_h=yes
ac_cv_header_stdlib_h=yes
ac_cv_header_string_h=yes
ac_cv_header_strings_h=yes
ac_cv_header_sys_param_h=yes
ac_cv_header_sys_stat_h=yes
ac_cv_header_sys_types_h=yes
ac_cv_header_sys_wait_h=yes
ac_cv_header_unistd_h=yes
ac_cv_header_values_h=yes
ac_cv_lib_ieee_main=no
ac_cv_lib_inet_main=no
ac_cv_lib_pthread_pthread_mutex_init=yes
ac_cv_objext=o
ac_cv_path_EGREP='/bin/grep -E'
ac_cv_path_GREP=/bin/grep
ac_cv_prog_CPP='gcc -E'
ac_cv_prog_ac_ct_AR=ar
ac_cv_prog_ac_ct_CC=gcc
ac_cv_prog_ac_ct_RANLIB=ranlib
ac_cv_prog_cc_c89=
ac_cv_prog_cc_g=yes
ac_cv_prog_make_make_set=yes
tcl_cv_cast_to_union=yes
tcl_cv_cc_pipe=yes
tcl_cv_cc_visibility_hidden=yes
tcl_cv_dirent_h=yes
tcl_cv_flag__isoc99_source=no
tcl_cv_flag__largefile64_source=yes
tcl_cv_flag__largefile_source64=no
tcl_cv_sys_version=Linux-4.15.0-1021-aws
tcl_cv_type_64bit=none

## ----------------- ##
## Output variables. ##
## ----------------- ##

AR='ar'
CC='gcc'
CELIB_DIR=''
CFLAGS=' -pipe ${CFLAGS_DEFAULT} ${CFLAGS_WARNING} ${SHLIB_CFLAGS} '
CFLAGS_DEBUG='-g'
CFLAGS_DEFAULT='-O2 -fomit-frame-pointer -DNDEBUG'
CFLAGS_OPTIMIZE='-O2 -fomit-frame-pointer'
CFLAGS_WARNING='-Wall'
CLEANFILES=' tdbc.tcl'
CPP='gcc -E'
CPPFLAGS=''
CYGPATH='echo'
DEFS='-DPACKAGE_NAME=\"tdbc\" -DPACKAGE_TARNAME=\"tdbc\" -DPACKAGE_VERSION=\"1.0.6\" -DPACKAGE_STRING=\"tdbc\ 1.0.6\" -DPACKAGE_BUGREPORT=\"\" -DPACKAGE_URL=\"\" -DBUILD_tdbc=/\*\*/ -DSTDC_HEADERS=1 -DHAVE_SYS_TYPES_H=1 -DHAVE_SYS_STAT_H=1 -DHAVE_STDLIB_H=1 -DHAVE_STRING_H=1 -DHAVE_MEMORY_H=1 -DHAVE_STRINGS_H=1 -DHAVE_INTTYPES_H=1 -DHAVE_STDINT_H=1 -DHAVE_UNISTD_H=1 -DHAVE_LIMITS_H=1 -DHAVE_SYS_PARAM_H=1 -DUSE_THREAD_ALLOC=1 -D_REENTRANT=1 -D_THREAD_SAFE=1 -DTCL_THREADS=1 -DUSE_TCL_STUBS=1 -DUSE_TCLOO_STUBS=1 -DMODULE_SCOPE=extern\ __attribute__\(\(__visibility__\(\"hidden\"\)\)\) -DHAVE_HIDDEN=1 -DHAVE_CAST_TO_UNION=1 -D_LARGEFILE64_SOURCE=1 -DTCL_WIDE_INT_IS_LONG=1 -DUSE_TCL_STUBS=1'
ECHO_C=''
ECHO_N='-n'
ECHO_T=''
EGREP='/bin/grep -E'
EXEEXT=''
GREP='/bin/grep'
INSTALL='$(SHELL) $(srcdir)/tclconfig/install-sh -c'
INSTALL_DATA='${INSTALL} -m 644'
INSTALL_DATA_DIR='${INSTALL} -d -m 755'
INSTALL_LIBRARY='${INSTALL_DATA}'
INSTALL_PROGRAM='${INSTALL}'
INSTALL_SCRIPT='${INSTALL}'
LDFLAGS=' -Wl,--export-dynamic '
LDFLAGS_DEFAULT=' -Wl,--export-dynamic '
LD_LIBRARY_PATH_VAR='LD_LIBRARY_PATH'
LIBOBJS=''
LIBS=''
LTLIBOBJS=''
MAJOR_VERSION=''
MAKE_LIB='${SHLIB_LD} -o $@ $(PKG_OBJECTS) ${SHLIB_LD_LIBS} '
MAKE_SHARED_LIB='${SHLIB_LD} -o $@ $(PKG_OBJECTS) ${SHLIB_LD_LIBS}'
MAKE_STATIC_LIB='${STLIB_LD} $@ $(PKG_OBJECTS)'
MAKE_STUB_LIB='${STLIB_LD} $@ $(PKG_STUB_OBJECTS)'
MATH_LIBS='-lm'
MINOR_VERSION=''
OBJEXT='o'
PACKAGE_BUGREPORT=''
PACKAGE_NAME='tdbc'
PACKAGE_STRING='tdbc 1.0.6'
PACKAGE_TARNAME='tdbc'
PACKAGE_URL=''
PACKAGE_VERSION='1.0.6'
PATCHLEVEL=''
PATH_SEPARATOR=':'
PKG_CFLAGS=' '
PKG_HEADERS=' generic/tdbc.h generic/tdbcInt.h generic/tdbcDecls.h'
PKG_INCLUDES=''
PKG_LIBS=''
PKG_LIB_FILE='libtdbc1.0.6.so'
PKG_OBJECTS=' tdbc.o tdbcStubInit.o tdbcTokenize.o'
PKG_SOURCES=' tdbc.c tdbcStubInit.c tdbcTokenize.c'
PKG_STUB_LIB_FILE='libtdbcstub1.0.6.a'
PKG_STUB_OBJECTS=' tdbcStubLib.o'
PKG_STUB_SOURCES=' tdbcStubLib.c'
PKG_TCL_SOURCES=' library/tdbc.tcl'
RANLIB=':'
RANLIB_STUB='ranlib'
RC=''
SET_MAKE=''
SHARED_BUILD='1'
SHELL='/bin/sh'
SHLIB_CFLAGS='-fPIC'
SHLIB_LD='${CC} ${CFLAGS} ${LDFLAGS_DEFAULT} -shared'
SHLIB_LD_LIBS='${LIBS} -L/mnt/lfs/sources/tcl8.6.8/unix -ltclstub8.6'
STLIB_LD='${AR} cr'
STUBS_BUILD='1'
TCLOO_VERSION_REQ='0.6'
TCLSH_PROG='/mnt/lfs/sources/tcl8.6.8/unix/tclsh'
TCL_BIN_DIR='/mnt/lfs/sources/tcl8.6.8/unix'
TCL_DBGX=''
TCL_DEFS='-DPACKAGE_NAME=\"tcl\" -DPACKAGE_TARNAME=\"tcl\" -DPACKAGE_VERSION=\"8.6\" -DPACKAGE_STRING=\"tcl\ 8.6\" -DPACKAGE_BUGREPORT=\"\" -DSTDC_HEADERS=1 -DHAVE_SYS_TYPES_H=1 -DHAVE_SYS_STAT_H=1 -DHAVE_STDLIB_H=1 -DHAVE_STRING_H=1 -DHAVE_MEMORY_H=1 -DHAVE_STRINGS_H=1 -DHAVE_INTTYPES_H=1 -DHAVE_STDINT_H=1 -DHAVE_UNISTD_H=1 -DHAVE_SYS_PARAM_H=1 -DUSE_THREAD_ALLOC=1 -D_REENTRANT=1 -D_THREAD_SAFE=1 -DHAVE_PTHREAD_ATTR_SETSTACKSIZE=1 -DHAVE_PTHREAD_ATFORK=1 -DTCL_THREADS=1 -DTCL_CFGVAL_ENCODING=\"iso8859-1\" -DHAVE_ZLIB=1 -DMODULE_SCOPE=extern\ __attribute__\(\(__visibility__\(\"hidden\"\)\)\) -DHAVE_HIDDEN=1 -DHAVE_CAST_TO_UNION=1 -DTCL_SHLIB_EXT=\".so\" -DNDEBUG=1 -DTCL_CFG_OPTIMIZED=1 -DTCL_TOMMATH=1 -DMP_PREC=4 -D_LARGEFILE64_SOURCE=1 -DTCL_WIDE_INT_IS_LONG=1 -DHAVE_GETCWD=1 -DHAVE_MKSTEMP=1 -DHAVE_OPENDIR=1 -DHAVE_STRTOL=1 -DHAVE_WAITPID=1 -DHAVE_GETNAMEINFO=1 -DHAVE_GETADDRINFO=1 -DHAVE_FREEADDRINFO=1 -DHAVE_GAI_STRERROR=1 -DHAVE_STRUCT_ADDRINFO=1 -DHAVE_STRUCT_IN6_ADDR=1 -DHAVE_STRUCT_SOCKADDR_IN6=1 -DHAVE_STRUCT_SOCKADDR_STORAGE=1 -DHAVE_GETPWUID_R_5=1 -DHAVE_GETPWUID_R=1 -DHAVE_GETPWNAM_R_5=1 -DHAVE_GETPWNAM_R=1 -DHAVE_GETGRGID_R_5=1 -DHAVE_GETGRGID_R=1 -DHAVE_GETGRNAM_R_5=1 -DHAVE_GETGRNAM_R=1 -DHAVE_GETHOSTBYNAME_R_6=1 -DHAVE_GETHOSTBYNAME_R=1 -DHAVE_GETHOSTBYADDR_R_8=1 -DHAVE_GETHOSTBYADDR_R=1 -DHAVE_TERMIOS_H=1 -DHAVE_SYS_IOCTL_H=1 -DHAVE_SYS_TIME_H=1 -DTIME_WITH_SYS_TIME=1 -DHAVE_GMTIME_R=1 -DHAVE_LOCALTIME_R=1 -DHAVE_MKTIME=1 -DHAVE_TM_GMTOFF=1 -DHAVE_TIMEZONE_VAR=1 -DHAVE_STRUCT_STAT_ST_BLOCKS=1 -DHAVE_STRUCT_STAT_ST_BLKSIZE=1 -DHAVE_BLKCNT_T=1 -DHAVE_INTPTR_T=1 -DHAVE_UINTPTR_T=1 -DNO_UNION_WAIT=1 -DHAVE_SIGNED_CHAR=1 -DHAVE_LANGINFO=1 -DHAVE_MKSTEMPS=1 -DHAVE_FTS=1 -DHAVE_SYS_IOCTL_H=1 -DTCL_UNLOAD_DLLS=1 -DHAVE_CPUID=1 '
TCL_EXTRA_CFLAGS=' -pipe '
TCL_INCLUDES='-I"/mnt/lfs/sources/tcl8.6.8/generic"'
TCL_LD_FLAGS=' -Wl,--export-dynamic '
TCL_LIBS='${DL_LIBS} ${LIBS} ${MATH_LIBS}'
TCL_LIB_FILE='libtcl8.6.so'
TCL_LIB_FLAG='-ltcl8.6'
TCL_LIB_SPEC='-L/mnt/lfs/sources/tcl8.6.8/unix -ltcl8.6'
TCL_PATCH_LEVEL='.8'
TCL_SHLIB_LD_LIBS='${LIBS}'
TCL_SRC_DIR='/mnt/lfs/sources/tcl8.6.8'
TCL_STUB_LIB_FILE='libtclstub8.6.a'
TCL_STUB_LIB_FLAG='-ltclstub8.6'
TCL_STUB_LIB_SPEC='-L/mnt/lfs/sources/tcl8.6.8/unix -ltclstub8.6'
TCL_THREADS='1'
TCL_VERSION='8.6'
TCL_VERSION_DESIRED='8.6'
TCL_VERSION_REQ='8.5'
VC_MANIFEST_EMBED_DLL=''
VC_MANIFEST_EMBED_EXE=''
ac_ct_CC='gcc'
bindir='${exec_prefix}/bin'
build_alias=''
datadir='${datarootdir}'
datarootdir='${prefix}/share'
docdir='${datarootdir}/doc/${PACKAGE_TARNAME}'
dvidir='${docdir}'
exec_prefix='/tools'
host_alias=''
htmldir='${docdir}'
includedir='${prefix}/include'
infodir='${datarootdir}/info'
libdir='/tools/lib'
libexecdir='${exec_prefix}/libexec'
localedir='${datarootdir}/locale'
localstatedir='${prefix}/var'
mandir='${datarootdir}/man'
oldincludedir='/usr/include'
pdfdir='${docdir}'
prefix='/tools'
program_transform_name='s,x,x,'
psdir='${docdir}'
sbindir='${exec_prefix}/sbin'
sharedstatedir='${prefix}/com'
sysconfdir='${prefix}/etc'
target_alias=''
tcloo_BIN_DIR=''
tcloo_LIB_FILE=''
tcloo_LIB_SPEC=''
tcloo_SRC_DIR=''
tcloo_STUB_LIB_FILE=''
tcloo_STUB_LIB_PATH=''
tcloo_STUB_LIB_SPEC=''
tcloo_VERSION=''
tdbc_BUILD_INCLUDE_SPEC='-I/mnt/lfs/sources/tcl8.6.8/pkgs/tdbc1.0.6/generic'
tdbc_BUILD_LIB_SPEC='-L/mnt/lfs/sources/tcl8.6.8/unix/pkgs/tdbc1.0.6 -ltdbc1.0.6'
tdbc_BUILD_STUB_LIB_PATH='/mnt/lfs/sources/tcl8.6.8/unix/pkgs/tdbc1.0.6/libtdbcstub1.0.6.a'
tdbc_BUILD_STUB_LIB_SPEC='-L/mnt/lfs/sources/tcl8.6.8/unix/pkgs/tdbc1.0.6 -ltdbcstub1.0.6'
tdbc_INCLUDE_SPEC='-I/tools/include'
tdbc_LIB_DIR='/tools/lib/tdbc1.0.6'
tdbc_LIB_SPEC='-L/tools/lib/tdbc1.0.6 -ltdbc1.0.6'
tdbc_SRC_DIR='/mnt/lfs/sources/tcl8.6.8/pkgs/tdbc1.0.6'
tdbc_STUB_LIB_PATH='/tools/lib/tdbc1.0.6/libtdbcstub1.0.6.a'
tdbc_STUB_LIB_SPEC='-L/tools/lib/tdbc1.0.6 -ltdbcstub1.0.6'

## ----------- ##
## confdefs.h. ##
## ----------- ##

/* confdefs.h */
#define PACKAGE_NAME "tdbc"
#define PACKAGE_TARNAME "tdbc"
#define PACKAGE_VERSION "1.0.6"
#define PACKAGE_STRING "tdbc 1.0.6"
#define PACKAGE_BUGREPORT ""
#define PACKAGE_URL ""
#define BUILD_tdbc /**/
#define STDC_HEADERS 1
#define HAVE_SYS_TYPES_H 1
#define HAVE_SYS_STAT_H 1
#define HAVE_STDLIB_H 1
#define HAVE_STRING_H 1
#define HAVE_MEMORY_H 1
#define HAVE_STRINGS_H 1
#define HAVE_INTTYPES_H 1
#define HAVE_STDINT_H 1
#define HAVE_UNISTD_H 1
#define HAVE_LIMITS_H 1
#define HAVE_SYS_PARAM_H 1
#define USE_THREAD_ALLOC 1
#define _REENTRANT 1
#define _THREAD_SAFE 1
#define TCL_THREADS 1
#define USE_TCL_STUBS 1
#define USE_TCLOO_STUBS 1
#define MODULE_SCOPE extern __attribute__((__visibility__("hidden")))
#define HAVE_HIDDEN 1
#define HAVE_CAST_TO_UNION 1
#define _LARGEFILE64_SOURCE 1
#define TCL_WIDE_INT_IS_LONG 1
#define USE_TCL_STUBS 1

configure: exit 0
