This file contains any messages produced by compilers while
running configure, to aid debugging if configure makes a mistake.

It was created by gprof configure 2.31.1, which was
generated by GNU Autoconf 2.69.  Invocation command line was

  $ /mnt/lfs/sources/binutils-2.31.1/gprof/configure --srcdir=../../gprof --cache-file=./config.cache --with-gnu-as --with-gnu-ld --prefix=/tools --with-sysroot=/mnt/lfs --with-lib-path=/tools/lib --disable-nls --disable-werror --program-transform-name=s&^&x86_64-lfs-linux-gnu-& --disable-option-checking --build=x86_64-pc-linux-gnu --host=x86_64-pc-linux-gnu --target=x86_64-lfs-linux-gnu

## --------- ##
## Platform. ##
## --------- ##

hostname = ip-172-31-5-17
uname -m = x86_64
uname -r = 4.15.0-1021-aws
uname -s = Linux
uname -v = #21-Ubuntu SMP Tue Aug 28 10:23:07 UTC 2018

/usr/bin/uname -p = unknown
/bin/uname -X     = unknown

/bin/arch              = unknown
/usr/bin/arch -k       = unknown
/usr/convex/getsysinfo = unknown
/usr/bin/hostinfo      = unknown
/bin/machine           = unknown
/usr/bin/oslevel       = unknown
/bin/universe          = unknown

PATH: /tools/bin
PATH: /bin
PATH: /usr/bin


## ----------- ##
## Core tests. ##
## ----------- ##

configure:2162: creating cache ./config.cache
configure:2273: checking build system type
configure:2287: result: x86_64-pc-linux-gnu
configure:2307: checking host system type
configure:2320: result: x86_64-pc-linux-gnu
configure:2340: checking target system type
configure:2353: result: x86_64-lfs-linux-gnu
configure:2390: checking for x86_64-pc-linux-gnu-gcc
configure:2417: result: gcc
configure:2686: checking for C compiler version
configure:2695: gcc --version >&5
gcc (Ubuntu 7.3.0-27ubuntu1~18.04) 7.3.0
Copyright (C) 2017 Free Software Foundation, Inc.
This is free software; see the source for copying conditions.  There is NO
warranty; not even for MERCHANTABILITY or FITNESS FOR A PARTICULAR PURPOSE.

configure:2706: $? = 0
configure:2695: gcc -v >&5
Using built-in specs.
COLLECT_GCC=gcc
COLLECT_LTO_WRAPPER=/usr/lib/gcc/x86_64-linux-gnu/7/lto-wrapper
OFFLOAD_TARGET_NAMES=nvptx-none
OFFLOAD_TARGET_DEFAULT=1
Target: x86_64-linux-gnu
Configured with: ../src/configure -v --with-pkgversion='Ubuntu 7.3.0-27ubuntu1~18.04' --with-bugurl=file:///usr/share/doc/gcc-7/README.Bugs --enable-languages=c,ada,c++,go,brig,d,fortran,objc,obj-c++ --prefix=/usr --with-gcc-major-version-only --program-suffix=-7 --program-prefix=x86_64-linux-gnu- --enable-shared --enable-linker-build-id --libexecdir=/usr/lib --without-included-gettext --enable-threads=posix --libdir=/usr/lib --enable-nls --with-sysroot=/ --enable-clocale=gnu --enable-libstdcxx-debug --enable-libstdcxx-time=yes --with-default-libstdcxx-abi=new --enable-gnu-unique-object --disable-vtable-verify --enable-libmpx --enable-plugin --enable-default-pie --with-system-zlib --with-target-system-zlib --enable-objc-gc=auto --enable-multiarch --disable-werror --with-arch-32=i686 --with-abi=m64 --with-multilib-list=m32,m64,mx32 --enable-multilib --with-tune=generic --enable-offload-targets=nvptx-none --without-cuda-driver --enable-checking=release --build=x86_64-linux-gnu --host=x86_64-linux-gnu --target=x86_64-linux-gnu
Thread model: posix
gcc version 7.3.0 (Ubuntu 7.3.0-27ubuntu1~18.04) 
configure:2706: $? = 0
configure:2695: gcc -V >&5
gcc: error: unrecognized command line option '-V'
gcc: fatal error: no input files
compilation terminated.
configure:2706: $? = 1
configure:2695: gcc -qversion >&5
gcc: error: unrecognized command line option '-qversion'; did you mean '--version'?
gcc: fatal error: no input files
compilation terminated.
configure:2706: $? = 1
configure:2726: checking whether the C compiler works
configure:2748: gcc -g -O2  -static-libstdc++ -static-libgcc  conftest.c  >&5
configure:2752: $? = 0
configure:2800: result: yes
configure:2803: checking for C compiler default output file name
configure:2805: result: a.out
configure:2811: checking for suffix of executables
configure:2818: gcc -o conftest -g -O2  -static-libstdc++ -static-libgcc  conftest.c  >&5
configure:2822: $? = 0
configure:2844: result: 
configure:2866: checking whether we are cross compiling
configure:2874: gcc -o conftest -g -O2  -static-libstdc++ -static-libgcc  conftest.c  >&5
configure:2878: $? = 0
configure:2885: ./conftest
configure:2889: $? = 0
configure:2904: result: no
configure:2909: checking for suffix of object files
configure:2931: gcc -c -g -O2  conftest.c >&5
configure:2935: $? = 0
configure:2956: result: o
configure:2960: checking whether we are using the GNU C compiler
configure:2979: gcc -c -g -O2  conftest.c >&5
configure:2979: $? = 0
configure:2988: result: yes
configure:2997: checking whether gcc accepts -g
configure:3017: gcc -c -g  conftest.c >&5
configure:3017: $? = 0
configure:3058: result: yes
configure:3075: checking for gcc option to accept ISO C89
configure:3138: gcc  -c -g -O2  conftest.c >&5
configure:3138: $? = 0
configure:3151: result: none needed
configure:3176: checking whether gcc understands -c and -o together
configure:3198: gcc -c conftest.c -o conftest2.o
configure:3201: $? = 0
configure:3198: gcc -c conftest.c -o conftest2.o
configure:3201: $? = 0
configure:3213: result: yes
configure:3231: checking for library containing strerror
configure:3262: gcc -o conftest -g -O2  -static-libstdc++ -static-libgcc  conftest.c  >&5
configure:3262: $? = 0
configure:3279: result: none required
configure:3304: checking for a BSD-compatible install
configure:3372: result: /usr/bin/install -c
configure:3383: checking whether build environment is sane
configure:3438: result: yes
configure:3586: checking for a thread-safe mkdir -p
configure:3625: result: /bin/mkdir -p
configure:3632: checking for gawk
configure:3659: result: gawk
configure:3670: checking whether make sets $(MAKE)
configure:3692: result: yes
configure:3722: checking for style of include used by make
configure:3750: result: GNU
configure:3784: checking whether make supports nested variables
configure:3801: result: yes
configure:3886: checking dependency style of gcc
configure:3997: result: gcc3
configure:4067: checking for x86_64-pc-linux-gnu-gcc
configure:4094: result: gcc
configure:4363: checking for C compiler version
configure:4372: gcc --version >&5
gcc (Ubuntu 7.3.0-27ubuntu1~18.04) 7.3.0
Copyright (C) 2017 Free Software Foundation, Inc.
This is free software; see the source for copying conditions.  There is NO
warranty; not even for MERCHANTABILITY or FITNESS FOR A PARTICULAR PURPOSE.

configure:4383: $? = 0
configure:4372: gcc -v >&5
Using built-in specs.
COLLECT_GCC=gcc
COLLECT_LTO_WRAPPER=/usr/lib/gcc/x86_64-linux-gnu/7/lto-wrapper
OFFLOAD_TARGET_NAMES=nvptx-none
OFFLOAD_TARGET_DEFAULT=1
Target: x86_64-linux-gnu
Configured with: ../src/configure -v --with-pkgversion='Ubuntu 7.3.0-27ubuntu1~18.04' --with-bugurl=file:///usr/share/doc/gcc-7/README.Bugs --enable-languages=c,ada,c++,go,brig,d,fortran,objc,obj-c++ --prefix=/usr --with-gcc-major-version-only --program-suffix=-7 --program-prefix=x86_64-linux-gnu- --enable-shared --enable-linker-build-id --libexecdir=/usr/lib --without-included-gettext --enable-threads=posix --libdir=/usr/lib --enable-nls --with-sysroot=/ --enable-clocale=gnu --enable-libstdcxx-debug --enable-libstdcxx-time=yes --with-default-libstdcxx-abi=new --enable-gnu-unique-object --disable-vtable-verify --enable-libmpx --enable-plugin --enable-default-pie --with-system-zlib --with-target-system-zlib --enable-objc-gc=auto --enable-multiarch --disable-werror --with-arch-32=i686 --with-abi=m64 --with-multilib-list=m32,m64,mx32 --enable-multilib --with-tune=generic --enable-offload-targets=nvptx-none --without-cuda-driver --enable-checking=release --build=x86_64-linux-gnu --host=x86_64-linux-gnu --target=x86_64-linux-gnu
Thread model: posix
gcc version 7.3.0 (Ubuntu 7.3.0-27ubuntu1~18.04) 
configure:4383: $? = 0
configure:4372: gcc -V >&5
gcc: error: unrecognized command line option '-V'
gcc: fatal error: no input files
compilation terminated.
configure:4383: $? = 1
configure:4372: gcc -qversion >&5
gcc: error: unrecognized command line option '-qversion'; did you mean '--version'?
gcc: fatal error: no input files
compilation terminated.
configure:4383: $? = 1
configure:4387: checking whether we are using the GNU C compiler
configure:4415: result: yes
configure:4424: checking whether gcc accepts -g
configure:4485: result: yes
configure:4502: checking for gcc option to accept ISO C89
configure:4578: result: none needed
configure:4603: checking whether gcc understands -c and -o together
configure:4640: result: yes
configure:4662: checking how to run the C preprocessor
configure:4693: gcc -E  conftest.c
configure:4693: $? = 0
configure:4707: gcc -E  conftest.c
conftest.c:11:10: fatal error: ac_nonexistent.h: No such file or directory
 #include <ac_nonexistent.h>
          ^~~~~~~~~~~~~~~~~~
compilation terminated.
configure:4707: $? = 1
configure: failed program was:
| /* confdefs.h */
| #define PACKAGE_NAME "gprof"
| #define PACKAGE_TARNAME "gprof"
| #define PACKAGE_VERSION "2.31.1"
| #define PACKAGE_STRING "gprof 2.31.1"
| #define PACKAGE_BUGREPORT ""
| #define PACKAGE_URL ""
| #define PACKAGE "gprof"
| #define VERSION "2.31.1"
| /* end confdefs.h.  */
| #include <ac_nonexistent.h>
configure:4732: result: gcc -E
configure:4752: gcc -E  conftest.c
configure:4752: $? = 0
configure:4766: gcc -E  conftest.c
conftest.c:11:10: fatal error: ac_nonexistent.h: No such file or directory
 #include <ac_nonexistent.h>
          ^~~~~~~~~~~~~~~~~~
compilation terminated.
configure:4766: $? = 1
configure: failed program was:
| /* confdefs.h */
| #define PACKAGE_NAME "gprof"
| #define PACKAGE_TARNAME "gprof"
| #define PACKAGE_VERSION "2.31.1"
| #define PACKAGE_STRING "gprof 2.31.1"
| #define PACKAGE_BUGREPORT ""
| #define PACKAGE_URL ""
| #define PACKAGE "gprof"
| #define VERSION "2.31.1"
| /* end confdefs.h.  */
| #include <ac_nonexistent.h>
configure:4795: checking for grep that handles long lines and -e
configure:4853: result: /bin/grep
configure:4858: checking for egrep
configure:4920: result: /bin/grep -E
configure:4925: checking for ANSI C header files
configure:4945: gcc -c -g -O2  conftest.c >&5
configure:4945: $? = 0
configure:5018: gcc -o conftest -g -O2  -static-libstdc++ -static-libgcc  conftest.c  >&5
configure:5018: $? = 0
configure:5018: ./conftest
configure:5018: $? = 0
configure:5029: result: yes
configure:5042: checking for sys/types.h
configure:5042: gcc -c -g -O2  conftest.c >&5
configure:5042: $? = 0
configure:5042: result: yes
configure:5042: checking for sys/stat.h
configure:5042: gcc -c -g -O2  conftest.c >&5
configure:5042: $? = 0
configure:5042: result: yes
configure:5042: checking for stdlib.h
configure:5042: gcc -c -g -O2  conftest.c >&5
configure:5042: $? = 0
configure:5042: result: yes
configure:5042: checking for string.h
configure:5042: gcc -c -g -O2  conftest.c >&5
configure:5042: $? = 0
configure:5042: result: yes
configure:5042: checking for memory.h
configure:5042: gcc -c -g -O2  conftest.c >&5
configure:5042: $? = 0
configure:5042: result: yes
configure:5042: checking for strings.h
configure:5042: gcc -c -g -O2  conftest.c >&5
configure:5042: $? = 0
configure:5042: result: yes
configure:5042: checking for inttypes.h
configure:5042: gcc -c -g -O2  conftest.c >&5
configure:5042: $? = 0
configure:5042: result: yes
configure:5042: checking for stdint.h
configure:5042: gcc -c -g -O2  conftest.c >&5
configure:5042: $? = 0
configure:5042: result: yes
configure:5042: checking for unistd.h
configure:5042: gcc -c -g -O2  conftest.c >&5
configure:5042: $? = 0
configure:5042: result: yes
configure:5055: checking minix/config.h usability
configure:5055: gcc -c -g -O2  conftest.c >&5
conftest.c:54:10: fatal error: minix/config.h: No such file or directory
 #include <minix/config.h>
          ^~~~~~~~~~~~~~~~
compilation terminated.
configure:5055: $? = 1
configure: failed program was:
| /* confdefs.h */
| #define PACKAGE_NAME "gprof"
| #define PACKAGE_TARNAME "gprof"
| #define PACKAGE_VERSION "2.31.1"
| #define PACKAGE_STRING "gprof 2.31.1"
| #define PACKAGE_BUGREPORT ""
| #define PACKAGE_URL ""
| #define PACKAGE "gprof"
| #define VERSION "2.31.1"
| #define STDC_HEADERS 1
| #define HAVE_SYS_TYPES_H 1
| #define HAVE_SYS_STAT_H 1
| #define HAVE_STDLIB_H 1
| #define HAVE_STRING_H 1
| #define HAVE_MEMORY_H 1
| #define HAVE_STRINGS_H 1
| #define HAVE_INTTYPES_H 1
| #define HAVE_STDINT_H 1
| #define HAVE_UNISTD_H 1
| /* end confdefs.h.  */
| #include <stdio.h>
| #ifdef HAVE_SYS_TYPES_H
| # include <sys/types.h>
| #endif
| #ifdef HAVE_SYS_STAT_H
| # include <sys/stat.h>
| #endif
| #ifdef STDC_HEADERS
| # include <stdlib.h>
| # include <stddef.h>
| #else
| # ifdef HAVE_STDLIB_H
| #  include <stdlib.h>
| # endif
| #endif
| #ifdef HAVE_STRING_H
| # if !defined STDC_HEADERS && defined HAVE_MEMORY_H
| #  include <memory.h>
| # endif
| # include <string.h>
| #endif
| #ifdef HAVE_STRINGS_H
| # include <strings.h>
| #endif
| #ifdef HAVE_INTTYPES_H
| # include <inttypes.h>
| #endif
| #ifdef HAVE_STDINT_H
| # include <stdint.h>
| #endif
| #ifdef HAVE_UNISTD_H
| # include <unistd.h>
| #endif
| #include <minix/config.h>
configure:5055: result: no
configure:5055: checking minix/config.h presence
configure:5055: gcc -E  conftest.c
conftest.c:21:10: fatal error: minix/config.h: No such file or directory
 #include <minix/config.h>
          ^~~~~~~~~~~~~~~~
compilation terminated.
configure:5055: $? = 1
configure: failed program was:
| /* confdefs.h */
| #define PACKAGE_NAME "gprof"
| #define PACKAGE_TARNAME "gprof"
| #define PACKAGE_VERSION "2.31.1"
| #define PACKAGE_STRING "gprof 2.31.1"
| #define PACKAGE_BUGREPORT ""
| #define PACKAGE_URL ""
| #define PACKAGE "gprof"
| #define VERSION "2.31.1"
| #define STDC_HEADERS 1
| #define HAVE_SYS_TYPES_H 1
| #define HAVE_SYS_STAT_H 1
| #define HAVE_STDLIB_H 1
| #define HAVE_STRING_H 1
| #define HAVE_MEMORY_H 1
| #define HAVE_STRINGS_H 1
| #define HAVE_INTTYPES_H 1
| #define HAVE_STDINT_H 1
| #define HAVE_UNISTD_H 1
| /* end confdefs.h.  */
| #include <minix/config.h>
configure:5055: result: no
configure:5055: checking for minix/config.h
configure:5055: result: no
configure:5076: checking whether it is safe to define __EXTENSIONS__
configure:5094: gcc -c -g -O2  conftest.c >&5
configure:5094: $? = 0
configure:5101: result: yes
configure:5165: checking how to print strings
configure:5192: result: printf
configure:5213: checking for a sed that does not truncate output
configure:5277: result: /bin/sed
configure:5295: checking for fgrep
configure:5357: result: /bin/grep -F
configure:5392: checking for ld used by gcc
configure:5459: result: ld
configure:5466: checking if the linker (ld) is GNU ld
configure:5481: result: yes
configure:5493: checking for BSD- or MS-compatible name lister (nm)
configure:5542: result: nm
configure:5672: checking the name lister (nm) interface
configure:5679: gcc -c -g -O2  conftest.c >&5
configure:5682: nm "conftest.o"
configure:5685: output
0000000000000000 B some_variable
configure:5692: result: BSD nm
configure:5695: checking whether ln -s works
configure:5699: result: yes
configure:5707: checking the maximum length of command line arguments
configure:5832: result: 1572864
configure:5849: checking whether the shell understands some XSI constructs
configure:5859: result: yes
configure:5863: checking whether the shell understands "+="
configure:5869: result: yes
configure:5904: checking for ld option to reload object files
configure:5911: result: -r
configure:5940: checking for x86_64-pc-linux-gnu-objdump
configure:5967: result: objdump
configure:6039: checking how to recognize dependent libraries
configure:6240: result: pass_all
configure:6260: checking for x86_64-pc-linux-gnu-ar
configure:6287: result: ar
configure:6365: checking for x86_64-pc-linux-gnu-strip
configure:6395: result: no
configure:6405: checking for strip
configure:6421: found /usr/bin/strip
configure:6432: result: strip
configure:6464: checking for x86_64-pc-linux-gnu-ranlib
configure:6491: result: ranlib
configure:6633: checking command to parse nm output from gcc object
configure:6751: gcc -c -g -O2  conftest.c >&5
configure:6754: $? = 0
configure:6758: nm conftest.o \| sed -n -e 's/^.*[ ]\([ABCDGIRSTW][ABCDGIRSTW]*\)[ ][ ]*\([_A-Za-z][_A-Za-z0-9]*\)$/\1 \2 \2/p' \> conftest.nm
configure:6761: $? = 0
configure:6815: gcc -o conftest -g -O2  -static-libstdc++ -static-libgcc  conftest.c conftstm.o >&5
configure:6818: $? = 0
configure:6856: result: ok
configure:6951: gcc -c -g -O2  conftest.c >&5
configure:6954: $? = 0
configure:7704: checking for dlfcn.h
configure:7704: gcc -c -g -O2  conftest.c >&5
configure:7704: $? = 0
configure:7704: result: yes
configure:7891: checking for objdir
configure:7906: result: .libs
configure:8177: checking if gcc supports -fno-rtti -fno-exceptions
configure:8195: gcc -c -g -O2  -fno-rtti -fno-exceptions conftest.c >&5
cc1: warning: command line option '-fno-rtti' is valid for C++/ObjC++ but not for C
configure:8199: $? = 0
configure:8212: result: no
configure:8232: checking for gcc option to produce PIC
configure:8518: result: -fPIC -DPIC
configure:8530: checking if gcc PIC flag -fPIC -DPIC works
configure:8548: gcc -c -g -O2  -fPIC -DPIC -DPIC conftest.c >&5
configure:8552: $? = 0
configure:8565: result: yes
configure:8589: checking if gcc static flag -static works
configure:8617: result: yes
configure:8632: checking if gcc supports -c -o file.o
configure:8653: gcc -c -g -O2  -o out/conftest2.o conftest.c >&5
configure:8657: $? = 0
configure:8679: result: yes
configure:8687: checking if gcc supports -c -o file.o
configure:8734: result: yes
configure:8767: checking whether the gcc linker (ld -m elf_x86_64) supports shared libraries
configure:9838: result: yes
configure:9875: checking whether -lc should be explicitly linked in
configure:9883: gcc -c -g -O2  conftest.c >&5
configure:9886: $? = 0
configure:9901: gcc -shared  -fPIC -DPIC conftest.o  -v -Wl,-soname -Wl,conftest -o conftest 2\>\&1 \| /bin/grep  -lc  \>/dev/null 2\>\&1
configure:9904: $? = 0
configure:9918: result: no
configure:10083: checking dynamic linker characteristics
configure:10534: gcc -o conftest -g -O2  -static-libstdc++ -static-libgcc  -Wl,-rpath -Wl,/foo conftest.c  >&5
configure:10534: $? = 0
configure:10756: result: GNU/Linux ld.so
configure:10863: checking how to hardcode library paths into programs
configure:10888: result: immediate
configure:11428: checking whether stripping libraries is possible
configure:11433: result: yes
configure:11468: checking if libtool supports shared libraries
configure:11470: result: yes
configure:11473: checking whether to build shared libraries
configure:11494: result: yes
configure:11497: checking whether to build static libraries
configure:11501: result: yes
configure:11549: checking for dlfcn.h
configure:11549: result: yes
configure:11562: checking for windows.h
configure:11562: gcc -c -g -O2  conftest.c >&5
conftest.c:63:10: fatal error: windows.h: No such file or directory
 #include <windows.h>
          ^~~~~~~~~~~
compilation terminated.
configure:11562: $? = 1
configure: failed program was:
| /* confdefs.h */
| #define PACKAGE_NAME "gprof"
| #define PACKAGE_TARNAME "gprof"
| #define PACKAGE_VERSION "2.31.1"
| #define PACKAGE_STRING "gprof 2.31.1"
| #define PACKAGE_BUGREPORT ""
| #define PACKAGE_URL ""
| #define PACKAGE "gprof"
| #define VERSION "2.31.1"
| #define STDC_HEADERS 1
| #define HAVE_SYS_TYPES_H 1
| #define HAVE_SYS_STAT_H 1
| #define HAVE_STDLIB_H 1
| #define HAVE_STRING_H 1
| #define HAVE_MEMORY_H 1
| #define HAVE_STRINGS_H 1
| #define HAVE_INTTYPES_H 1
| #define HAVE_STDINT_H 1
| #define HAVE_UNISTD_H 1
| #define __EXTENSIONS__ 1
| #define _ALL_SOURCE 1
| #define _GNU_SOURCE 1
| #define _POSIX_PTHREAD_SEMANTICS 1
| #define _TANDEM_SOURCE 1
| #define HAVE_DLFCN_H 1
| #define LT_OBJDIR ".libs/"
| #define HAVE_DLFCN_H 1
| /* end confdefs.h.  */
| #include <stdio.h>
| #ifdef HAVE_SYS_TYPES_H
| # include <sys/types.h>
| #endif
| #ifdef HAVE_SYS_STAT_H
| # include <sys/stat.h>
| #endif
| #ifdef STDC_HEADERS
| # include <stdlib.h>
| # include <stddef.h>
| #else
| # ifdef HAVE_STDLIB_H
| #  include <stdlib.h>
| # endif
| #endif
| #ifdef HAVE_STRING_H
| # if !defined STDC_HEADERS && defined HAVE_MEMORY_H
| #  include <memory.h>
| # endif
| # include <string.h>
| #endif
| #ifdef HAVE_STRINGS_H
| # include <strings.h>
| #endif
| #ifdef HAVE_INTTYPES_H
| # include <inttypes.h>
| #endif
| #ifdef HAVE_STDINT_H
| # include <stdint.h>
| #endif
| #ifdef HAVE_UNISTD_H
| # include <unistd.h>
| #endif
| 
| #include <windows.h>
configure:11562: result: no
configure:11589: checking for library containing dlsym
configure:11620: gcc -o conftest -g -O2  -static-libstdc++ -static-libgcc  conftest.c  >&5
/tmp/cc9RTmy9.o: In function `main':
/mnt/lfs/sources/binutils-2.31.1/build/gprof/conftest.c:40: undefined reference to `dlsym'
collect2: error: ld returned 1 exit status
configure:11620: $? = 1
configure: failed program was:
| /* confdefs.h */
| #define PACKAGE_NAME "gprof"
| #define PACKAGE_TARNAME "gprof"
| #define PACKAGE_VERSION "2.31.1"
| #define PACKAGE_STRING "gprof 2.31.1"
| #define PACKAGE_BUGREPORT ""
| #define PACKAGE_URL ""
| #define PACKAGE "gprof"
| #define VERSION "2.31.1"
| #define STDC_HEADERS 1
| #define HAVE_SYS_TYPES_H 1
| #define HAVE_SYS_STAT_H 1
| #define HAVE_STDLIB_H 1
| #define HAVE_STRING_H 1
| #define HAVE_MEMORY_H 1
| #define HAVE_STRINGS_H 1
| #define HAVE_INTTYPES_H 1
| #define HAVE_STDINT_H 1
| #define HAVE_UNISTD_H 1
| #define __EXTENSIONS__ 1
| #define _ALL_SOURCE 1
| #define _GNU_SOURCE 1
| #define _POSIX_PTHREAD_SEMANTICS 1
| #define _TANDEM_SOURCE 1
| #define HAVE_DLFCN_H 1
| #define LT_OBJDIR ".libs/"
| #define HAVE_DLFCN_H 1
| /* end confdefs.h.  */
| 
| /* Override any GCC internal prototype to avoid an error.
|    Use char because int might match the return type of a GCC
|    builtin and then its argument prototype would still apply.  */
| #ifdef __cplusplus
| extern "C"
| #endif
| char dlsym ();
| int
| main ()
| {
| return dlsym ();
|   ;
|   return 0;
| }
configure:11620: gcc -o conftest -g -O2  -static-libstdc++ -static-libgcc  conftest.c -ldl   >&5
configure:11620: $? = 0
configure:11637: result: -ldl
configure:11668: checking for special C compiler options needed for large files
configure:11713: result: no
configure:11719: checking for _FILE_OFFSET_BITS value needed for large files
configure:11744: gcc -c -g -O2  conftest.c >&5
configure:11744: $? = 0
configure:11776: result: no
configure:11865: checking for setmode
configure:11865: gcc -o conftest -g -O2  -static-libstdc++ -static-libgcc  conftest.c -ldl  >&5
/tmp/ccLpJQog.o: In function `main':
/mnt/lfs/sources/binutils-2.31.1/build/gprof/conftest.c:63: undefined reference to `setmode'
collect2: error: ld returned 1 exit status
configure:11865: $? = 1
configure: failed program was:
| /* confdefs.h */
| #define PACKAGE_NAME "gprof"
| #define PACKAGE_TARNAME "gprof"
| #define PACKAGE_VERSION "2.31.1"
| #define PACKAGE_STRING "gprof 2.31.1"
| #define PACKAGE_BUGREPORT ""
| #define PACKAGE_URL ""
| #define PACKAGE "gprof"
| #define VERSION "2.31.1"
| #define STDC_HEADERS 1
| #define HAVE_SYS_TYPES_H 1
| #define HAVE_SYS_STAT_H 1
| #define HAVE_STDLIB_H 1
| #define HAVE_STRING_H 1
| #define HAVE_MEMORY_H 1
| #define HAVE_STRINGS_H 1
| #define HAVE_INTTYPES_H 1
| #define HAVE_STDINT_H 1
| #define HAVE_UNISTD_H 1
| #define __EXTENSIONS__ 1
| #define _ALL_SOURCE 1
| #define _GNU_SOURCE 1
| #define _POSIX_PTHREAD_SEMANTICS 1
| #define _TANDEM_SOURCE 1
| #define HAVE_DLFCN_H 1
| #define LT_OBJDIR ".libs/"
| #define HAVE_DLFCN_H 1
| /* end confdefs.h.  */
| /* Define setmode to an innocuous variant, in case <limits.h> declares setmode.
|    For example, HP-UX 11i <limits.h> declares gettimeofday.  */
| #define setmode innocuous_setmode
| 
| /* System header to define __stub macros and hopefully few prototypes,
|     which can conflict with char setmode (); below.
|     Prefer <limits.h> to <assert.h> if __STDC__ is defined, since
|     <limits.h> exists even on freestanding compilers.  */
| 
| #ifdef __STDC__
| # include <limits.h>
| #else
| # include <assert.h>
| #endif
| 
| #undef setmode
| 
| /* Override any GCC internal prototype to avoid an error.
|    Use char because int might match the return type of a GCC
|    builtin and then its argument prototype would still apply.  */
| #ifdef __cplusplus
| extern "C"
| #endif
| char setmode ();
| /* The GNU C library defines this for functions which it implements
|     to always fail with ENOSYS.  Some functions are actually named
|     something starting with __ and the normal name is an alias.  */
| #if defined __stub_setmode || defined __stub___setmode
| choke me
| #endif
| 
| int
| main ()
| {
| return setmode ();
|   ;
|   return 0;
| }
configure:11865: result: no
configure:11889: checking whether NLS is requested
configure:11892: result: no
configure:11960: checking whether NLS is requested
configure:11969: result: no
configure:12007: checking for msgfmt
configure:12041: result: no
configure:12047: checking for gmsgfmt
configure:12078: result: :
configure:12118: checking for xgettext
configure:12152: result: no
configure:12189: checking for msgmerge
configure:12222: result: no
configure:12256: checking whether to enable maintainer-specific portions of Makefiles
configure:12265: result: no
configure:12290: checking sys/gmon_out.h usability
configure:12290: gcc -c -g -O2  conftest.c >&5
configure:12290: $? = 0
configure:12290: result: yes
configure:12290: checking sys/gmon_out.h presence
configure:12290: gcc -E  conftest.c
configure:12290: $? = 0
configure:12290: result: yes
configure:12290: checking for sys/gmon_out.h
configure:12290: result: yes
configure:12301: checking for a known getopt prototype in unistd.h
configure:12317: gcc -c -g -O2  conftest.c >&5
configure:12317: $? = 0
configure:12325: result: yes
configure:12334: checking for library containing fabs
configure:12365: gcc -o conftest -g -O2  -static-libstdc++ -static-libgcc  conftest.c -ldl  >&5
conftest.c:38:6: warning: conflicting types for built-in function 'fabs' [-Wbuiltin-declaration-mismatch]
 char fabs ();
      ^~~~
/tmp/ccuHrJUf.o: In function `main':
/mnt/lfs/sources/binutils-2.31.1/build/gprof/conftest.c:42: undefined reference to `fabs'
collect2: error: ld returned 1 exit status
configure:12365: $? = 1
configure: failed program was:
| /* confdefs.h */
| #define PACKAGE_NAME "gprof"
| #define PACKAGE_TARNAME "gprof"
| #define PACKAGE_VERSION "2.31.1"
| #define PACKAGE_STRING "gprof 2.31.1"
| #define PACKAGE_BUGREPORT ""
| #define PACKAGE_URL ""
| #define PACKAGE "gprof"
| #define VERSION "2.31.1"
| #define STDC_HEADERS 1
| #define HAVE_SYS_TYPES_H 1
| #define HAVE_SYS_STAT_H 1
| #define HAVE_STDLIB_H 1
| #define HAVE_STRING_H 1
| #define HAVE_MEMORY_H 1
| #define HAVE_STRINGS_H 1
| #define HAVE_INTTYPES_H 1
| #define HAVE_STDINT_H 1
| #define HAVE_UNISTD_H 1
| #define __EXTENSIONS__ 1
| #define _ALL_SOURCE 1
| #define _GNU_SOURCE 1
| #define _POSIX_PTHREAD_SEMANTICS 1
| #define _TANDEM_SOURCE 1
| #define HAVE_DLFCN_H 1
| #define LT_OBJDIR ".libs/"
| #define HAVE_DLFCN_H 1
| #define HAVE_SYS_GMON_OUT_H 1
| #define HAVE_DECL_GETOPT 1
| /* end confdefs.h.  */
| 
| /* Override any GCC internal prototype to avoid an error.
|    Use char because int might match the return type of a GCC
|    builtin and then its argument prototype would still apply.  */
| #ifdef __cplusplus
| extern "C"
| #endif
| char fabs ();
| int
| main ()
| {
| return fabs ();
|   ;
|   return 0;
| }
configure:12365: gcc -o conftest -g -O2  -static-libstdc++ -static-libgcc  conftest.c -lm  -ldl  >&5
conftest.c:38:6: warning: conflicting types for built-in function 'fabs' [-Wbuiltin-declaration-mismatch]
 char fabs ();
      ^~~~
configure:12365: $? = 0
configure:12382: result: -lm
configure:12616: updating cache ./config.cache
configure:12660: checking that generated files are newer than configure
configure:12666: result: done
configure:12697: creating ./config.status

## ---------------------- ##
## Running config.status. ##
## ---------------------- ##

This file was extended by gprof config.status 2.31.1, which was
generated by GNU Autoconf 2.69.  Invocation command line was

  CONFIG_FILES    = 
  CONFIG_HEADERS  = 
  CONFIG_LINKS    = 
  CONFIG_COMMANDS = 
  $ ./config.status 

on ip-172-31-5-17

config.status:1112: creating Makefile
config.status:1112: creating po/Makefile.in
config.status:1112: creating gconfig.h
config.status:1326: executing depfiles commands
config.status:1326: executing libtool commands
config.status:1326: executing default-1 commands

## ---------------- ##
## Cache variables. ##
## ---------------- ##

ac_cv_build=x86_64-pc-linux-gnu
ac_cv_c_compiler_gnu=yes
ac_cv_env_CC_set=set
ac_cv_env_CC_value=gcc
ac_cv_env_CFLAGS_set=set
ac_cv_env_CFLAGS_value='-g -O2'
ac_cv_env_CPPFLAGS_set=
ac_cv_env_CPPFLAGS_value=
ac_cv_env_CPP_set=
ac_cv_env_CPP_value=
ac_cv_env_LDFLAGS_set=set
ac_cv_env_LDFLAGS_value='-static-libstdc++ -static-libgcc '
ac_cv_env_LIBS_set=
ac_cv_env_LIBS_value=
ac_cv_env_build_alias_set=set
ac_cv_env_build_alias_value=x86_64-pc-linux-gnu
ac_cv_env_host_alias_set=set
ac_cv_env_host_alias_value=x86_64-pc-linux-gnu
ac_cv_env_target_alias_set=set
ac_cv_env_target_alias_value=x86_64-lfs-linux-gnu
ac_cv_func_setmode=no
ac_cv_header_dlfcn_h=yes
ac_cv_header_inttypes_h=yes
ac_cv_header_memory_h=yes
ac_cv_header_minix_config_h=no
ac_cv_header_stdc=yes
ac_cv_header_stdint_h=yes
ac_cv_header_stdlib_h=yes
ac_cv_header_string_h=yes
ac_cv_header_strings_h=yes
ac_cv_header_sys_gmon_out_h=yes
ac_cv_header_sys_stat_h=yes
ac_cv_header_sys_types_h=yes
ac_cv_header_unistd_h=yes
ac_cv_header_windows_h=no
ac_cv_host=x86_64-pc-linux-gnu
ac_cv_objext=o
ac_cv_path_EGREP='/bin/grep -E'
ac_cv_path_FGREP='/bin/grep -F'
ac_cv_path_GMSGFMT=:
ac_cv_path_GREP=/bin/grep
ac_cv_path_MSGFMT=:
ac_cv_path_MSGMERGE=:
ac_cv_path_SED=/bin/sed
ac_cv_path_XGETTEXT=:
ac_cv_path_mkdir=/bin/mkdir
ac_cv_prog_AR=ar
ac_cv_prog_AWK=gawk
ac_cv_prog_CC=gcc
ac_cv_prog_CPP='gcc -E'
ac_cv_prog_OBJDUMP=objdump
ac_cv_prog_RANLIB=ranlib
ac_cv_prog_ac_ct_STRIP=strip
ac_cv_prog_cc_c89=
ac_cv_prog_cc_g=yes
ac_cv_prog_make_make_set=yes
ac_cv_safe_to_define___extensions__=yes
ac_cv_search_dlsym=-ldl
ac_cv_search_fabs=-lm
ac_cv_search_strerror='none required'
ac_cv_sys_file_offset_bits=no
ac_cv_sys_largefile_CC=no
ac_cv_target=x86_64-lfs-linux-gnu
am_cv_CC_dependencies_compiler_type=gcc3
am_cv_make_support_nested_variables=yes
am_cv_prog_cc_c_o=yes
gprof_cv_decl_getopt_unistd_h=yes
lt_cv_archive_cmds_need_lc=no
lt_cv_deplibs_check_method=pass_all
lt_cv_file_magic_cmd='$MAGIC_CMD'
lt_cv_file_magic_test_file=
lt_cv_ld_reload_flag=-r
lt_cv_nm_interface='BSD nm'
lt_cv_objdir=.libs
lt_cv_path_LD=ld
lt_cv_path_NM=nm
lt_cv_prog_compiler_c_o=yes
lt_cv_prog_compiler_pic_works=yes
lt_cv_prog_compiler_rtti_exceptions=no
lt_cv_prog_compiler_static_works=yes
lt_cv_prog_gnu_ld=yes
lt_cv_shlibpath_overrides_runpath=yes
lt_cv_sys_global_symbol_pipe='sed -n -e '\''s/^.*[	 ]\([ABCDGIRSTW][ABCDGIRSTW]*\)[	 ][	 ]*\([_A-Za-z][_A-Za-z0-9]*\)$/\1 \2 \2/p'\'''
lt_cv_sys_global_symbol_to_c_name_address='sed -n -e '\''s/^: \([^ ]*\) $/  {\"\1\", (void *) 0},/p'\'' -e '\''s/^[ABCDGIRSTW]* \([^ ]*\) \([^ ]*\)$/  {"\2", (void *) \&\2},/p'\'''
lt_cv_sys_global_symbol_to_c_name_address_lib_prefix='sed -n -e '\''s/^: \([^ ]*\) $/  {\"\1\", (void *) 0},/p'\'' -e '\''s/^[ABCDGIRSTW]* \([^ ]*\) \(lib[^ ]*\)$/  {"\2", (void *) \&\2},/p'\'' -e '\''s/^[ABCDGIRSTW]* \([^ ]*\) \([^ ]*\)$/  {"lib\2", (void *) \&\2},/p'\'''
lt_cv_sys_global_symbol_to_cdecl='sed -n -e '\''s/^T .* \(.*\)$/extern int \1();/p'\'' -e '\''s/^[ABCDGIRSTW]* .* \(.*\)$/extern char \1;/p'\'''
lt_cv_sys_max_cmd_len=1572864

## ----------------- ##
## Output variables. ##
## ----------------- ##

ACLOCAL='${SHELL} /mnt/lfs/sources/binutils-2.31.1/missing aclocal-1.15'
AMDEPBACKSLASH='\'
AMDEP_FALSE='#'
AMDEP_TRUE=''
AMTAR='$${TAR-tar}'
AM_BACKSLASH='\'
AM_DEFAULT_V='$(AM_DEFAULT_VERBOSITY)'
AM_DEFAULT_VERBOSITY='1'
AM_V='$(V)'
AR='ar'
AUTOCONF='${SHELL} /mnt/lfs/sources/binutils-2.31.1/missing autoconf'
AUTOHEADER='${SHELL} /mnt/lfs/sources/binutils-2.31.1/missing autoheader'
AUTOMAKE='${SHELL} /mnt/lfs/sources/binutils-2.31.1/missing automake-1.15'
AWK='gawk'
CATALOGS=''
CATOBJEXT=''
CC='gcc'
CCDEPMODE='depmode=gcc3'
CFLAGS='-g -O2'
CPP='gcc -E'
CPPFLAGS=''
CYGPATH_W='echo'
DATADIRNAME=''
DEFS='-DHAVE_CONFIG_H'
DEPDIR='.deps'
DSYMUTIL=''
DUMPBIN=''
ECHO_C=''
ECHO_N='-n'
ECHO_T=''
EGREP='/bin/grep -E'
EXEEXT=''
FGREP='/bin/grep -F'
GENCAT=''
GENINSRC_NEVER_FALSE=''
GENINSRC_NEVER_TRUE='#'
GMSGFMT=':'
GREP='/bin/grep'
INCINTL=''
INSTALL_DATA='/usr/bin/install -c -m 644'
INSTALL_PROGRAM='/usr/bin/install -c'
INSTALL_SCRIPT='/usr/bin/install -c'
INSTALL_STRIP_PROGRAM='$(install_sh) -c -s'
INSTOBJEXT=''
LD='ld -m elf_x86_64'
LDFLAGS='-static-libstdc++ -static-libgcc '
LIBINTL=''
LIBINTL_DEP=''
LIBOBJS=''
LIBS='-lm -ldl '
LIBTOOL='$(SHELL) $(top_builddir)/libtool'
LIPO=''
LN_S='ln -s'
LTLIBOBJS=''
MAINT='#'
MAINTAINER_MODE_FALSE=''
MAINTAINER_MODE_TRUE='#'
MAKEINFO='makeinfo --split-size=5000000'
MKDIR_P='/bin/mkdir -p'
MKINSTALLDIRS='$(top_builddir)/../../gprof/../mkinstalldirs'
MSGFMT=':'
MSGMERGE=':'
NM='nm'
NMEDIT=''
NO_WERROR=''
OBJDUMP='objdump'
OBJEXT='o'
OTOOL64=''
OTOOL=''
PACKAGE='gprof'
PACKAGE_BUGREPORT=''
PACKAGE_NAME='gprof'
PACKAGE_STRING='gprof 2.31.1'
PACKAGE_TARNAME='gprof'
PACKAGE_URL=''
PACKAGE_VERSION='2.31.1'
PATH_SEPARATOR=':'
POSUB=''
RANLIB='ranlib'
SED='/bin/sed'
SET_MAKE=''
SHELL='/bin/sh'
STRIP='strip'
USE_NLS='no'
VERSION='2.31.1'
WARN_CFLAGS='-W -Wall -Wstrict-prototypes -Wmissing-prototypes -Wshadow -Wstack-usage=262144'
WARN_CFLAGS_FOR_BUILD='-W -Wall -Wstrict-prototypes -Wmissing-prototypes -Wshadow -Wstack-usage=262144'
WARN_WRITE_STRINGS='-Wwrite-strings'
XGETTEXT=':'
ac_ct_CC=''
ac_ct_DUMPBIN=''
am__EXEEXT_FALSE=''
am__EXEEXT_TRUE='#'
am__fastdepCC_FALSE='#'
am__fastdepCC_TRUE=''
am__include='include'
am__isrc=' -I$(srcdir)'
am__leading_dot='.'
am__nodep='_no'
am__quote=''
am__tar='$${TAR-tar} chof - "$$tardir"'
am__untar='$${TAR-tar} xf -'
bindir='${exec_prefix}/bin'
build='x86_64-pc-linux-gnu'
build_alias='x86_64-pc-linux-gnu'
build_cpu='x86_64'
build_os='linux-gnu'
build_vendor='pc'
datadir='${datarootdir}'
datarootdir='${prefix}/share'
docdir='${datarootdir}/doc/${PACKAGE_TARNAME}'
dvidir='${docdir}'
exec_prefix='${prefix}'
host='x86_64-pc-linux-gnu'
host_alias='x86_64-pc-linux-gnu'
host_cpu='x86_64'
host_os='linux-gnu'
host_vendor='pc'
htmldir='${docdir}'
includedir='${prefix}/include'
infodir='${datarootdir}/info'
install_sh='${SHELL} /mnt/lfs/sources/binutils-2.31.1/install-sh'
libdir='${exec_prefix}/lib'
libexecdir='${exec_prefix}/libexec'
localedir='${datarootdir}/locale'
localstatedir='${prefix}/var'
mandir='${datarootdir}/man'
mkdir_p='$(MKDIR_P)'
oldincludedir='/usr/include'
pdfdir='${docdir}'
prefix='/tools'
program_transform_name='s&^&x86_64-lfs-linux-gnu-&'
psdir='${docdir}'
sbindir='${exec_prefix}/sbin'
sharedstatedir='${prefix}/com'
sysconfdir='${prefix}/etc'
target='x86_64-lfs-linux-gnu'
target_alias='x86_64-lfs-linux-gnu'
target_cpu='x86_64'
target_os='linux-gnu'
target_vendor='lfs'

## ----------- ##
## confdefs.h. ##
## ----------- ##

/* confdefs.h */
#define PACKAGE_NAME "gprof"
#define PACKAGE_TARNAME "gprof"
#define PACKAGE_VERSION "2.31.1"
#define PACKAGE_STRING "gprof 2.31.1"
#define PACKAGE_BUGREPORT ""
#define PACKAGE_URL ""
#define PACKAGE "gprof"
#define VERSION "2.31.1"
#define STDC_HEADERS 1
#define HAVE_SYS_TYPES_H 1
#define HAVE_SYS_STAT_H 1
#define HAVE_STDLIB_H 1
#define HAVE_STRING_H 1
#define HAVE_MEMORY_H 1
#define HAVE_STRINGS_H 1
#define HAVE_INTTYPES_H 1
#define HAVE_STDINT_H 1
#define HAVE_UNISTD_H 1
#define __EXTENSIONS__ 1
#define _ALL_SOURCE 1
#define _GNU_SOURCE 1
#define _POSIX_PTHREAD_SEMANTICS 1
#define _TANDEM_SOURCE 1
#define HAVE_DLFCN_H 1
#define LT_OBJDIR ".libs/"
#define HAVE_DLFCN_H 1
#define HAVE_SYS_GMON_OUT_H 1
#define HAVE_DECL_GETOPT 1

configure: exit 0
