This file contains any messages produced by compilers while
running configure, to aid debugging if configure makes a mistake.

It was created by libasprintf configure 1.0, which was
generated by GNU Autoconf 2.69.  Invocation command line was

  $ ./configure --disable-option-checking --prefix=/usr --disable-static --docdir=/usr/share/doc/gettext-0.19.8.1 --cache-file=/dev/null --srcdir=.

## --------- ##
## Platform. ##
## --------- ##

hostname = ip-172-31-5-17
uname -m = x86_64
uname -r = 4.15.0-1021-aws
uname -s = Linux
uname -v = #21-Ubuntu SMP Tue Aug 28 10:23:07 UTC 2018

/usr/bin/uname -p = unknown
/bin/uname -X     = unknown

/bin/arch              = unknown
/usr/bin/arch -k       = unknown
/usr/convex/getsysinfo = unknown
/usr/bin/hostinfo      = unknown
/bin/machine           = unknown
/usr/bin/oslevel       = unknown
/bin/universe          = unknown

PATH: /bin
PATH: /usr/bin
PATH: /sbin
PATH: /usr/sbin
PATH: /tools/bin


## ----------- ##
## Core tests. ##
## ----------- ##

configure:2718: checking for a BSD-compatible install
configure:2786: result: /usr/bin/install -c
configure:2797: checking whether build environment is sane
configure:2852: result: yes
configure:3003: checking for a thread-safe mkdir -p
configure:3042: result: /tools/bin/mkdir -p
configure:3049: checking for gawk
configure:3065: found /tools/bin/gawk
configure:3076: result: gawk
configure:3087: checking whether make sets $(MAKE)
configure:3109: result: yes
configure:3138: checking whether make supports nested variables
configure:3155: result: yes
configure:3332: checking for gcc
configure:3348: found /usr/bin/gcc
configure:3359: result: gcc
configure:3588: checking for C compiler version
configure:3597: gcc --version >&5
gcc (GCC) 8.2.0
Copyright (C) 2018 Free Software Foundation, Inc.
This is free software; see the source for copying conditions.  There is NO
warranty; not even for MERCHANTABILITY or FITNESS FOR A PARTICULAR PURPOSE.

configure:3608: $? = 0
configure:3597: gcc -v >&5
Using built-in specs.
COLLECT_GCC=gcc
COLLECT_LTO_WRAPPER=/usr/libexec/gcc/x86_64-pc-linux-gnu/8.2.0/lto-wrapper
Target: x86_64-pc-linux-gnu
Configured with: ../configure --prefix=/usr --enable-languages=c,c++ --disable-multilib --disable-bootstrap --disable-libmpx --with-system-zlib
Thread model: posix
gcc version 8.2.0 (GCC) 
configure:3608: $? = 0
configure:3597: gcc -V >&5
gcc: error: unrecognized command line option '-V'
gcc: fatal error: no input files
compilation terminated.
configure:3608: $? = 1
configure:3597: gcc -qversion >&5
gcc: error: unrecognized command line option '-qversion'; did you mean '--version'?
gcc: fatal error: no input files
compilation terminated.
configure:3608: $? = 1
configure:3628: checking whether the C compiler works
configure:3650: gcc    conftest.c  >&5
configure:3654: $? = 0
configure:3702: result: yes
configure:3705: checking for C compiler default output file name
configure:3707: result: a.out
configure:3713: checking for suffix of executables
configure:3720: gcc -o conftest    conftest.c  >&5
configure:3724: $? = 0
configure:3746: result: 
configure:3768: checking whether we are cross compiling
configure:3776: gcc -o conftest    conftest.c  >&5
configure:3780: $? = 0
configure:3787: ./conftest
configure:3791: $? = 0
configure:3806: result: no
configure:3811: checking for suffix of object files
configure:3833: gcc -c   conftest.c >&5
configure:3837: $? = 0
configure:3858: result: o
configure:3862: checking whether we are using the GNU C compiler
configure:3881: gcc -c   conftest.c >&5
configure:3881: $? = 0
configure:3890: result: yes
configure:3899: checking whether gcc accepts -g
configure:3919: gcc -c -g  conftest.c >&5
configure:3919: $? = 0
configure:3960: result: yes
configure:3977: checking for gcc option to accept ISO C89
configure:4040: gcc  -c -g -O2  conftest.c >&5
configure:4040: $? = 0
configure:4053: result: none needed
configure:4078: checking whether gcc understands -c and -o together
configure:4100: gcc -c conftest.c -o conftest2.o
configure:4103: $? = 0
configure:4100: gcc -c conftest.c -o conftest2.o
configure:4103: $? = 0
configure:4115: result: yes
configure:4143: checking for style of include used by make
configure:4171: result: GNU
configure:4197: checking dependency style of gcc
configure:4308: result: gcc3
configure:4381: checking for g++
configure:4397: found /usr/bin/g++
configure:4408: result: g++
configure:4435: checking for C++ compiler version
configure:4444: g++ --version >&5
g++ (GCC) 8.2.0
Copyright (C) 2018 Free Software Foundation, Inc.
This is free software; see the source for copying conditions.  There is NO
warranty; not even for MERCHANTABILITY or FITNESS FOR A PARTICULAR PURPOSE.

configure:4455: $? = 0
configure:4444: g++ -v >&5
Using built-in specs.
COLLECT_GCC=g++
COLLECT_LTO_WRAPPER=/usr/libexec/gcc/x86_64-pc-linux-gnu/8.2.0/lto-wrapper
Target: x86_64-pc-linux-gnu
Configured with: ../configure --prefix=/usr --enable-languages=c,c++ --disable-multilib --disable-bootstrap --disable-libmpx --with-system-zlib
Thread model: posix
gcc version 8.2.0 (GCC) 
configure:4455: $? = 0
configure:4444: g++ -V >&5
g++: error: unrecognized command line option '-V'
g++: fatal error: no input files
compilation terminated.
configure:4455: $? = 1
configure:4444: g++ -qversion >&5
g++: error: unrecognized command line option '-qversion'; did you mean '--version'?
g++: fatal error: no input files
compilation terminated.
configure:4455: $? = 1
configure:4459: checking whether we are using the GNU C++ compiler
configure:4478: g++ -c   conftest.cpp >&5
configure:4478: $? = 0
configure:4487: result: yes
configure:4496: checking whether g++ accepts -g
configure:4516: g++ -c -g  conftest.cpp >&5
configure:4516: $? = 0
configure:4557: result: yes
configure:4582: checking dependency style of g++
configure:4693: result: gcc3
configure:4714: checking build system type
configure:4728: result: x86_64-pc-linux-gnu
configure:4748: checking host system type
configure:4761: result: x86_64-pc-linux-gnu
configure:4791: checking how to run the C preprocessor
configure:4822: gcc -E  conftest.c
configure:4822: $? = 0
configure:4836: gcc -E  conftest.c
conftest.c:11:10: fatal error: ac_nonexistent.h: No such file or directory
 #include <ac_nonexistent.h>
          ^~~~~~~~~~~~~~~~~~
compilation terminated.
configure:4836: $? = 1
configure: failed program was:
| /* confdefs.h */
| #define PACKAGE_NAME "libasprintf"
| #define PACKAGE_TARNAME "libasprintf"
| #define PACKAGE_VERSION "1.0"
| #define PACKAGE_STRING "libasprintf 1.0"
| #define PACKAGE_BUGREPORT ""
| #define PACKAGE_URL ""
| #define PACKAGE "libasprintf"
| #define VERSION "1.0"
| /* end confdefs.h.  */
| #include <ac_nonexistent.h>
configure:4861: result: gcc -E
configure:4881: gcc -E  conftest.c
configure:4881: $? = 0
configure:4895: gcc -E  conftest.c
conftest.c:11:10: fatal error: ac_nonexistent.h: No such file or directory
 #include <ac_nonexistent.h>
          ^~~~~~~~~~~~~~~~~~
compilation terminated.
configure:4895: $? = 1
configure: failed program was:
| /* confdefs.h */
| #define PACKAGE_NAME "libasprintf"
| #define PACKAGE_TARNAME "libasprintf"
| #define PACKAGE_VERSION "1.0"
| #define PACKAGE_STRING "libasprintf 1.0"
| #define PACKAGE_BUGREPORT ""
| #define PACKAGE_URL ""
| #define PACKAGE "libasprintf"
| #define VERSION "1.0"
| /* end confdefs.h.  */
| #include <ac_nonexistent.h>
configure:4924: checking for grep that handles long lines and -e
configure:4982: result: /bin/grep
configure:4987: checking for egrep
configure:5049: result: /bin/grep -E
configure:5057: checking for Minix Amsterdam compiler
configure:5081: result: no
configure:5141: checking for ar
configure:5157: found /usr/bin/ar
configure:5168: result: ar
configure:5194: checking the archiver (ar) interface
configure:5210: gcc -c -g -O2  conftest.c >&5
configure:5210: $? = 0
configure:5212: ar cru libconftest.a conftest.o >&5
configure:5215: $? = 0
configure:5243: result: ar
configure:5308: checking for ar
configure:5335: result: ar
configure:5410: checking for ranlib
configure:5426: found /usr/bin/ranlib
configure:5437: result: ranlib
configure:5566: checking how to print strings
configure:5593: result: printf
configure:5614: checking for a sed that does not truncate output
configure:5678: result: /bin/sed
configure:5696: checking for fgrep
configure:5758: result: /bin/grep -F
configure:5793: checking for ld used by gcc
configure:5860: result: /usr/bin/ld
configure:5867: checking if the linker (/usr/bin/ld) is GNU ld
configure:5882: result: yes
configure:5894: checking for BSD- or MS-compatible name lister (nm)
configure:5948: result: /usr/bin/nm -B
configure:6078: checking the name lister (/usr/bin/nm -B) interface
configure:6085: gcc -c -g -O2  conftest.c >&5
configure:6088: /usr/bin/nm -B "conftest.o"
configure:6091: output
0000000000000000 B some_variable
configure:6098: result: BSD nm
configure:6101: checking whether ln -s works
configure:6105: result: yes
configure:6113: checking the maximum length of command line arguments
configure:6244: result: 6291456
configure:6292: checking how to convert x86_64-pc-linux-gnu file names to x86_64-pc-linux-gnu format
configure:6332: result: func_convert_file_noop
configure:6339: checking how to convert x86_64-pc-linux-gnu file names to toolchain format
configure:6359: result: func_convert_file_noop
configure:6366: checking for /usr/bin/ld option to reload object files
configure:6373: result: -r
configure:6447: checking for objdump
configure:6463: found /usr/bin/objdump
configure:6474: result: objdump
configure:6503: checking how to recognize dependent libraries
configure:6703: result: pass_all
configure:6788: checking for dlltool
configure:6818: result: no
configure:6845: checking how to associate runtime and link libraries
configure:6872: result: printf %s\n
configure:6996: checking for archiver @FILE support
configure:7013: gcc -c -g -O2  conftest.c >&5
configure:7013: $? = 0
configure:7016: ar cru libconftest.a @conftest.lst >&5
configure:7019: $? = 0
configure:7024: ar cru libconftest.a @conftest.lst >&5
ar: conftest.o: No such file or directory
configure:7027: $? = 1
configure:7039: result: @
configure:7097: checking for strip
configure:7113: found /usr/bin/strip
configure:7124: result: strip
configure:7196: checking for ranlib
configure:7223: result: ranlib
configure:7325: checking command to parse /usr/bin/nm -B output from gcc object
configure:7478: gcc -c -g -O2  conftest.c >&5
configure:7481: $? = 0
configure:7485: /usr/bin/nm -B conftest.o \| sed -n -e 's/^.*[ ]\([ABCDGIRSTW][ABCDGIRSTW]*\)[ ][ ]*\([_A-Za-z][_A-Za-z0-9]*\)$/\1 \2 \2/p' | sed '/ __gnu_lto/d' \> conftest.nm
configure:7488: $? = 0
configure:7554: gcc -o conftest -g -O2   conftest.c conftstm.o >&5
configure:7557: $? = 0
configure:7595: result: ok
configure:7642: checking for sysroot
configure:7672: result: no
configure:7679: checking for a working dd
configure:7717: result: /bin/dd
configure:7721: checking how to truncate binary pipes
configure:7736: result: /bin/dd bs=4096 count=1
configure:7872: gcc -c -g -O2  conftest.c >&5
configure:7875: $? = 0
configure:8065: checking for mt
configure:8095: result: no
configure:8115: checking if : is a manifest tool
configure:8121: : '-?'
configure:8129: result: no
configure:8801: checking for ANSI C header files
configure:8821: gcc -c -g -O2  conftest.c >&5
configure:8821: $? = 0
configure:8894: gcc -o conftest -g -O2   conftest.c  >&5
configure:8894: $? = 0
configure:8894: ./conftest
configure:8894: $? = 0
configure:8905: result: yes
configure:8918: checking for sys/types.h
configure:8918: gcc -c -g -O2  conftest.c >&5
configure:8918: $? = 0
configure:8918: result: yes
configure:8918: checking for sys/stat.h
configure:8918: gcc -c -g -O2  conftest.c >&5
configure:8918: $? = 0
configure:8918: result: yes
configure:8918: checking for stdlib.h
configure:8918: gcc -c -g -O2  conftest.c >&5
configure:8918: $? = 0
configure:8918: result: yes
configure:8918: checking for string.h
configure:8918: gcc -c -g -O2  conftest.c >&5
configure:8918: $? = 0
configure:8918: result: yes
configure:8918: checking for memory.h
configure:8918: gcc -c -g -O2  conftest.c >&5
configure:8918: $? = 0
configure:8918: result: yes
configure:8918: checking for strings.h
configure:8918: gcc -c -g -O2  conftest.c >&5
configure:8918: $? = 0
configure:8918: result: yes
configure:8918: checking for inttypes.h
configure:8918: gcc -c -g -O2  conftest.c >&5
configure:8918: $? = 0
configure:8918: result: yes
configure:8918: checking for stdint.h
configure:8918: gcc -c -g -O2  conftest.c >&5
configure:8918: $? = 0
configure:8918: result: yes
configure:8918: checking for unistd.h
configure:8918: gcc -c -g -O2  conftest.c >&5
configure:8918: $? = 0
configure:8918: result: yes
configure:8932: checking for dlfcn.h
configure:8932: gcc -c -g -O2  conftest.c >&5
configure:8932: $? = 0
configure:8932: result: yes
configure:9497: checking for objdir
configure:9512: result: .libs
configure:9776: checking if gcc supports -fno-rtti -fno-exceptions
configure:9794: gcc -c -g -O2  -fno-rtti -fno-exceptions conftest.c >&5
cc1: warning: command line option '-fno-rtti' is valid for C++/ObjC++ but not for C
configure:9798: $? = 0
configure:9811: result: no
configure:10169: checking for gcc option to produce PIC
configure:10176: result: -fPIC -DPIC
configure:10184: checking if gcc PIC flag -fPIC -DPIC works
configure:10202: gcc -c -g -O2  -fPIC -DPIC -DPIC conftest.c >&5
configure:10206: $? = 0
configure:10219: result: yes
configure:10248: checking if gcc static flag -static works
configure:10276: result: yes
configure:10291: checking if gcc supports -c -o file.o
configure:10312: gcc -c -g -O2  -o out/conftest2.o conftest.c >&5
configure:10316: $? = 0
configure:10338: result: yes
configure:10346: checking if gcc supports -c -o file.o
configure:10393: result: yes
configure:10426: checking whether the gcc linker (/usr/bin/ld -m elf_x86_64) supports shared libraries
configure:11685: result: yes
configure:11722: checking whether -lc should be explicitly linked in
configure:11730: gcc -c -g -O2  conftest.c >&5
configure:11733: $? = 0
configure:11748: gcc -shared  -fPIC -DPIC conftest.o  -v -Wl,-soname -Wl,conftest -o conftest 2\>\&1 \| /bin/grep  -lc  \>/dev/null 2\>\&1
configure:11751: $? = 0
configure:11765: result: no
configure:11925: checking dynamic linker characteristics
configure:12506: gcc -o conftest -g -O2   -Wl,-rpath -Wl,/foo conftest.c  >&5
configure:12506: $? = 0
configure:12743: result: GNU/Linux ld.so
configure:12865: checking how to hardcode library paths into programs
configure:12890: result: immediate
configure:13438: checking whether stripping libraries is possible
configure:13443: result: yes
configure:13478: checking if libtool supports shared libraries
configure:13480: result: yes
configure:13483: checking whether to build shared libraries
configure:13508: result: yes
configure:13511: checking whether to build static libraries
configure:13515: result: no
configure:13538: checking how to run the C++ preprocessor
configure:13565: g++ -E  conftest.cpp
configure:13565: $? = 0
configure:13579: g++ -E  conftest.cpp
conftest.cpp:23:10: fatal error: ac_nonexistent.h: No such file or directory
 #include <ac_nonexistent.h>
          ^~~~~~~~~~~~~~~~~~
compilation terminated.
configure:13579: $? = 1
configure: failed program was:
| /* confdefs.h */
| #define PACKAGE_NAME "libasprintf"
| #define PACKAGE_TARNAME "libasprintf"
| #define PACKAGE_VERSION "1.0"
| #define PACKAGE_STRING "libasprintf 1.0"
| #define PACKAGE_BUGREPORT ""
| #define PACKAGE_URL ""
| #define PACKAGE "libasprintf"
| #define VERSION "1.0"
| #define STDC_HEADERS 1
| #define HAVE_SYS_TYPES_H 1
| #define HAVE_SYS_STAT_H 1
| #define HAVE_STDLIB_H 1
| #define HAVE_STRING_H 1
| #define HAVE_MEMORY_H 1
| #define HAVE_STRINGS_H 1
| #define HAVE_INTTYPES_H 1
| #define HAVE_STDINT_H 1
| #define HAVE_UNISTD_H 1
| #define HAVE_DLFCN_H 1
| #define LT_OBJDIR ".libs/"
| /* end confdefs.h.  */
| #include <ac_nonexistent.h>
configure:13604: result: g++ -E
configure:13624: g++ -E  conftest.cpp
configure:13624: $? = 0
configure:13638: g++ -E  conftest.cpp
conftest.cpp:23:10: fatal error: ac_nonexistent.h: No such file or directory
 #include <ac_nonexistent.h>
          ^~~~~~~~~~~~~~~~~~
compilation terminated.
configure:13638: $? = 1
configure: failed program was:
| /* confdefs.h */
| #define PACKAGE_NAME "libasprintf"
| #define PACKAGE_TARNAME "libasprintf"
| #define PACKAGE_VERSION "1.0"
| #define PACKAGE_STRING "libasprintf 1.0"
| #define PACKAGE_BUGREPORT ""
| #define PACKAGE_URL ""
| #define PACKAGE "libasprintf"
| #define VERSION "1.0"
| #define STDC_HEADERS 1
| #define HAVE_SYS_TYPES_H 1
| #define HAVE_SYS_STAT_H 1
| #define HAVE_STDLIB_H 1
| #define HAVE_STRING_H 1
| #define HAVE_MEMORY_H 1
| #define HAVE_STRINGS_H 1
| #define HAVE_INTTYPES_H 1
| #define HAVE_STDINT_H 1
| #define HAVE_UNISTD_H 1
| #define HAVE_DLFCN_H 1
| #define LT_OBJDIR ".libs/"
| /* end confdefs.h.  */
| #include <ac_nonexistent.h>
configure:13800: checking for ld used by g++
configure:13867: result: /usr/bin/ld -m elf_x86_64
configure:13874: checking if the linker (/usr/bin/ld -m elf_x86_64) is GNU ld
configure:13889: result: yes
configure:13944: checking whether the g++ linker (/usr/bin/ld -m elf_x86_64) supports shared libraries
configure:15017: result: yes
configure:15053: g++ -c -g -O2  conftest.cpp >&5
configure:15056: $? = 0
configure:15537: checking for g++ option to produce PIC
configure:15544: result: -fPIC -DPIC
configure:15552: checking if g++ PIC flag -fPIC -DPIC works
configure:15570: g++ -c -g -O2  -fPIC -DPIC -DPIC conftest.cpp >&5
configure:15574: $? = 0
configure:15587: result: yes
configure:15610: checking if g++ static flag -static works
configure:15638: result: yes
configure:15650: checking if g++ supports -c -o file.o
configure:15671: g++ -c -g -O2  -o out/conftest2.o conftest.cpp >&5
configure:15675: $? = 0
configure:15697: result: yes
configure:15702: checking if g++ supports -c -o file.o
configure:15749: result: yes
configure:15779: checking whether the g++ linker (/usr/bin/ld -m elf_x86_64) supports shared libraries
configure:15819: result: yes
configure:15960: checking dynamic linker characteristics
configure:16705: result: GNU/Linux ld.so
configure:16770: checking how to hardcode library paths into programs
configure:16795: result: immediate
configure:16867: checking features.h usability
configure:16867: gcc -c -g -O2  conftest.c >&5
configure:16867: $? = 0
configure:16867: result: yes
configure:16867: checking features.h presence
configure:16867: gcc -E  conftest.c
configure:16867: $? = 0
configure:16867: result: yes
configure:16867: checking for features.h
configure:16867: result: yes
configure:16878: checking for inline
configure:16894: gcc -c -g -O2  conftest.c >&5
configure:16894: $? = 0
configure:16902: result: inline
configure:16920: checking for size_t
configure:16920: gcc -c -g -O2  conftest.c >&5
configure:16920: $? = 0
configure:16920: gcc -c -g -O2  conftest.c >&5
conftest.c: In function 'main':
conftest.c:60:21: error: expected expression before ')' token
 if (sizeof ((size_t)))
                     ^
configure:16920: $? = 1
configure: failed program was:
| /* confdefs.h */
| #define PACKAGE_NAME "libasprintf"
| #define PACKAGE_TARNAME "libasprintf"
| #define PACKAGE_VERSION "1.0"
| #define PACKAGE_STRING "libasprintf 1.0"
| #define PACKAGE_BUGREPORT ""
| #define PACKAGE_URL ""
| #define PACKAGE "libasprintf"
| #define VERSION "1.0"
| #define STDC_HEADERS 1
| #define HAVE_SYS_TYPES_H 1
| #define HAVE_SYS_STAT_H 1
| #define HAVE_STDLIB_H 1
| #define HAVE_STRING_H 1
| #define HAVE_MEMORY_H 1
| #define HAVE_STRINGS_H 1
| #define HAVE_INTTYPES_H 1
| #define HAVE_STDINT_H 1
| #define HAVE_UNISTD_H 1
| #define HAVE_DLFCN_H 1
| #define LT_OBJDIR ".libs/"
| #define HAVE_FEATURES_H 1
| /* end confdefs.h.  */
| #include <stdio.h>
| #ifdef HAVE_SYS_TYPES_H
| # include <sys/types.h>
| #endif
| #ifdef HAVE_SYS_STAT_H
| # include <sys/stat.h>
| #endif
| #ifdef STDC_HEADERS
| # include <stdlib.h>
| # include <stddef.h>
| #else
| # ifdef HAVE_STDLIB_H
| #  include <stdlib.h>
| # endif
| #endif
| #ifdef HAVE_STRING_H
| # if !defined STDC_HEADERS && defined HAVE_MEMORY_H
| #  include <memory.h>
| # endif
| # include <string.h>
| #endif
| #ifdef HAVE_STRINGS_H
| # include <strings.h>
| #endif
| #ifdef HAVE_INTTYPES_H
| # include <inttypes.h>
| #endif
| #ifdef HAVE_STDINT_H
| # include <stdint.h>
| #endif
| #ifdef HAVE_UNISTD_H
| # include <unistd.h>
| #endif
| int
| main ()
| {
| if (sizeof ((size_t)))
| 	    return 0;
|   ;
|   return 0;
| }
configure:16920: result: yes
configure:16932: checking for unsigned long long int
configure:16971: gcc -o conftest -g -O2   conftest.c  >&5
configure:16971: $? = 0
configure:16980: result: yes
configure:16990: checking for long long int
configure:17028: gcc -o conftest -g -O2   conftest.c  >&5
configure:17028: $? = 0
configure:17028: ./conftest
configure:17028: $? = 0
configure:17040: result: yes
configure:17049: checking for wchar_t
configure:17066: gcc -c -g -O2  conftest.c >&5
configure:17066: $? = 0
configure:17073: result: yes
configure:17082: checking for wint_t
configure:17107: gcc -c -g -O2  conftest.c >&5
configure:17107: $? = 0
configure:17114: result: yes
configure:17122: checking for mbstate_t
configure:17139: gcc -c -g -O2  conftest.c >&5
configure:17139: $? = 0
configure:17146: result: yes
configure:17157: checking for ptrdiff_t
configure:17157: gcc -c -g -O2  conftest.c >&5
configure:17157: $? = 0
configure:17157: gcc -c -g -O2  conftest.c >&5
conftest.c: In function 'main':
conftest.c:65:24: error: expected expression before ')' token
 if (sizeof ((ptrdiff_t)))
                        ^
configure:17157: $? = 1
configure: failed program was:
| /* confdefs.h */
| #define PACKAGE_NAME "libasprintf"
| #define PACKAGE_TARNAME "libasprintf"
| #define PACKAGE_VERSION "1.0"
| #define PACKAGE_STRING "libasprintf 1.0"
| #define PACKAGE_BUGREPORT ""
| #define PACKAGE_URL ""
| #define PACKAGE "libasprintf"
| #define VERSION "1.0"
| #define STDC_HEADERS 1
| #define HAVE_SYS_TYPES_H 1
| #define HAVE_SYS_STAT_H 1
| #define HAVE_STDLIB_H 1
| #define HAVE_STRING_H 1
| #define HAVE_MEMORY_H 1
| #define HAVE_STRINGS_H 1
| #define HAVE_INTTYPES_H 1
| #define HAVE_STDINT_H 1
| #define HAVE_UNISTD_H 1
| #define HAVE_DLFCN_H 1
| #define LT_OBJDIR ".libs/"
| #define HAVE_FEATURES_H 1
| #define HAVE_UNSIGNED_LONG_LONG_INT 1
| #define HAVE_LONG_LONG_INT 1
| #define HAVE_WCHAR_T 1
| #define HAVE_WINT_T 1
| #define HAVE_MBSTATE_T 1
| /* end confdefs.h.  */
| #include <stdio.h>
| #ifdef HAVE_SYS_TYPES_H
| # include <sys/types.h>
| #endif
| #ifdef HAVE_SYS_STAT_H
| # include <sys/stat.h>
| #endif
| #ifdef STDC_HEADERS
| # include <stdlib.h>
| # include <stddef.h>
| #else
| # ifdef HAVE_STDLIB_H
| #  include <stdlib.h>
| # endif
| #endif
| #ifdef HAVE_STRING_H
| # if !defined STDC_HEADERS && defined HAVE_MEMORY_H
| #  include <memory.h>
| # endif
| # include <string.h>
| #endif
| #ifdef HAVE_STRINGS_H
| # include <strings.h>
| #endif
| #ifdef HAVE_INTTYPES_H
| # include <inttypes.h>
| #endif
| #ifdef HAVE_STDINT_H
| # include <stdint.h>
| #endif
| #ifdef HAVE_UNISTD_H
| # include <unistd.h>
| #endif
| int
| main ()
| {
| if (sizeof ((ptrdiff_t)))
| 	    return 0;
|   ;
|   return 0;
| }
configure:17157: result: yes
configure:17168: checking for inttypes.h
configure:17187: gcc -c -g -O2  conftest.c >&5
configure:17187: $? = 0
configure:17194: result: yes
configure:17205: checking for stdint.h
configure:17222: gcc -c -g -O2  conftest.c >&5
configure:17222: $? = 0
configure:17229: result: yes
configure:17261: checking for stdint.h
configure:17261: result: yes
configure:17271: checking for SIZE_MAX
configure:17342: result: yes
configure:17357: checking for stdint.h
configure:17357: result: yes
configure:17380: checking for working alloca.h
configure:17397: gcc -o conftest -g -O2   conftest.c  >&5
configure:17397: $? = 0
configure:17405: result: yes
configure:17413: checking for alloca
configure:17450: gcc -o conftest -g -O2   conftest.c  >&5
configure:17450: $? = 0
configure:17458: result: yes
configure:17575: checking for stdlib.h
configure:17575: result: yes
configure:17575: checking for string.h
configure:17575: result: yes
configure:17596: checking whether the preprocessor supports include_next
configure:17634: gcc -c -g -O2  -Iconftestd1b -Iconftestd2 conftest.c >&5
configure:17634: $? = 0
configure:17655: result: yes
configure:17676: checking whether system header files limit the line length
configure:17699: result: no
configure:17710: checking for complete errno.h
configure:17783: result: yes
configure:18164: checking for stdint.h
configure:18164: result: yes
configure:18174: checking for SIZE_MAX
configure:18245: result: yes
configure:18260: checking for stdint.h
configure:18260: result: yes
configure:18307: checking for snprintf
configure:18307: gcc -o conftest -g -O2   conftest.c  >&5
conftest.c:63:6: warning: conflicting types for built-in function 'snprintf' [-Wbuiltin-declaration-mismatch]
 char snprintf ();
      ^~~~~~~~
configure:18307: $? = 0
configure:18307: result: yes
configure:18307: checking for vasprintf
configure:18307: gcc -o conftest -g -O2   conftest.c  >&5
configure:18307: $? = 0
configure:18307: result: yes
configure:18307: checking for strnlen
configure:18307: gcc -o conftest -g -O2   conftest.c  >&5
configure:18307: $? = 0
configure:18307: result: yes
configure:18307: checking for wcslen
configure:18307: gcc -o conftest -g -O2   conftest.c  >&5
configure:18307: $? = 0
configure:18307: result: yes
configure:18307: checking for wcsnlen
configure:18307: gcc -o conftest -g -O2   conftest.c  >&5
configure:18307: $? = 0
configure:18307: result: yes
configure:18307: checking for mbrtowc
configure:18307: gcc -o conftest -g -O2   conftest.c  >&5
configure:18307: $? = 0
configure:18307: result: yes
configure:18307: checking for wcrtomb
configure:18307: gcc -o conftest -g -O2   conftest.c  >&5
configure:18307: $? = 0
configure:18307: result: yes
configure:18316: checking whether _snprintf is declared
configure:18316: gcc -c -g -O2  conftest.c >&5
conftest.c: In function 'main':
conftest.c:56:10: error: '_snprintf' undeclared (first use in this function); did you mean 'vsnprintf'?
   (void) _snprintf;
          ^~~~~~~~~
          vsnprintf
conftest.c:56:10: note: each undeclared identifier is reported only once for each function it appears in
configure:18316: $? = 1
configure: failed program was:
| /* confdefs.h */
| #define PACKAGE_NAME "libasprintf"
| #define PACKAGE_TARNAME "libasprintf"
| #define PACKAGE_VERSION "1.0"
| #define PACKAGE_STRING "libasprintf 1.0"
| #define PACKAGE_BUGREPORT ""
| #define PACKAGE_URL ""
| #define PACKAGE "libasprintf"
| #define VERSION "1.0"
| #define STDC_HEADERS 1
| #define HAVE_SYS_TYPES_H 1
| #define HAVE_SYS_STAT_H 1
| #define HAVE_STDLIB_H 1
| #define HAVE_STRING_H 1
| #define HAVE_MEMORY_H 1
| #define HAVE_STRINGS_H 1
| #define HAVE_INTTYPES_H 1
| #define HAVE_STDINT_H 1
| #define HAVE_UNISTD_H 1
| #define HAVE_DLFCN_H 1
| #define LT_OBJDIR ".libs/"
| #define HAVE_FEATURES_H 1
| #define HAVE_UNSIGNED_LONG_LONG_INT 1
| #define HAVE_LONG_LONG_INT 1
| #define HAVE_WCHAR_T 1
| #define HAVE_WINT_T 1
| #define HAVE_MBSTATE_T 1
| #define HAVE_INTTYPES_H_WITH_UINTMAX 1
| #define HAVE_STDINT_H_WITH_UINTMAX 1
| #define HAVE_INTMAX_T 1
| #define HAVE_STDINT_H 1
| #define HAVE_STDINT_H 1
| #define HAVE_ALLOCA_H 1
| #define HAVE_ALLOCA 1
| #define HAVE_STDLIB_H 1
| #define HAVE_STRING_H 1
| #define HAVE_STDINT_H 1
| #define HAVE_STDINT_H 1
| #define HAVE_SNPRINTF 1
| #define HAVE_VASPRINTF 1
| #define HAVE_STRNLEN 1
| #define HAVE_WCSLEN 1
| #define HAVE_WCSNLEN 1
| #define HAVE_MBRTOWC 1
| #define HAVE_WCRTOMB 1
| /* end confdefs.h.  */
| #include <stdio.h>
| 
| int
| main ()
| {
| #ifndef _snprintf
| #ifdef __cplusplus
|   (void) _snprintf;
| #else
|   (void) _snprintf;
| #endif
| #endif
| 
|   ;
|   return 0;
| }
configure:18316: result: no
configure:18330: checking whether printf() supports POSIX/XSI format strings
configure:18371: gcc -o conftest -g -O2   conftest.c  >&5
configure:18371: $? = 0
configure:18371: ./conftest
configure:18371: $? = 0
configure:18382: result: yes
configure:18396: checking for dvips
configure:18427: result: /sources/gettext-0.19.8.1/build-aux/missing dvips
configure:18437: checking for texi2pdf
configure:18455: found /tools/bin/texi2pdf
configure:18468: result: /tools/bin/texi2pdf
configure:18478: checking for perl
configure:18496: found /usr/bin/perl
configure:18509: result: /usr/bin/perl
configure:18630: checking that generated files are newer than configure
configure:18636: result: done
configure:18707: creating ./config.status

## ---------------------- ##
## Running config.status. ##
## ---------------------- ##

This file was extended by libasprintf config.status 1.0, which was
generated by GNU Autoconf 2.69.  Invocation command line was

  CONFIG_FILES    = 
  CONFIG_HEADERS  = 
  CONFIG_LINKS    = 
  CONFIG_COMMANDS = 
  $ ./config.status 

on ip-172-31-5-17

config.status:1207: creating Makefile
config.status:1207: creating config.h
config.status:1436: executing depfiles commands
config.status:1436: executing libtool commands

## ---------------- ##
## Cache variables. ##
## ---------------- ##

ac_cv_build=x86_64-pc-linux-gnu
ac_cv_c_compiler_gnu=yes
ac_cv_c_inline=inline
ac_cv_cxx_compiler_gnu=yes
ac_cv_env_CCC_set=
ac_cv_env_CCC_value=
ac_cv_env_CC_set=
ac_cv_env_CC_value=
ac_cv_env_CFLAGS_set=
ac_cv_env_CFLAGS_value=
ac_cv_env_CPPFLAGS_set=
ac_cv_env_CPPFLAGS_value=
ac_cv_env_CPP_set=
ac_cv_env_CPP_value=
ac_cv_env_CXXCPP_set=
ac_cv_env_CXXCPP_value=
ac_cv_env_CXXFLAGS_set=
ac_cv_env_CXXFLAGS_value=
ac_cv_env_CXX_set=
ac_cv_env_CXX_value=
ac_cv_env_LDFLAGS_set=
ac_cv_env_LDFLAGS_value=
ac_cv_env_LIBS_set=
ac_cv_env_LIBS_value=
ac_cv_env_LT_SYS_LIBRARY_PATH_set=
ac_cv_env_LT_SYS_LIBRARY_PATH_value=
ac_cv_env_build_alias_set=
ac_cv_env_build_alias_value=
ac_cv_env_host_alias_set=
ac_cv_env_host_alias_value=
ac_cv_env_target_alias_set=
ac_cv_env_target_alias_value=
ac_cv_func_alloca_works=yes
ac_cv_func_mbrtowc=yes
ac_cv_func_snprintf=yes
ac_cv_func_strnlen=yes
ac_cv_func_vasprintf=yes
ac_cv_func_wcrtomb=yes
ac_cv_func_wcslen=yes
ac_cv_func_wcsnlen=yes
ac_cv_have_decl__snprintf=no
ac_cv_header_dlfcn_h=yes
ac_cv_header_features_h=yes
ac_cv_header_inttypes_h=yes
ac_cv_header_memory_h=yes
ac_cv_header_stdc=yes
ac_cv_header_stdint_h=yes
ac_cv_header_stdlib_h=yes
ac_cv_header_string_h=yes
ac_cv_header_strings_h=yes
ac_cv_header_sys_stat_h=yes
ac_cv_header_sys_types_h=yes
ac_cv_header_unistd_h=yes
ac_cv_host=x86_64-pc-linux-gnu
ac_cv_objext=o
ac_cv_path_DVIPS='/sources/gettext-0.19.8.1/build-aux/missing dvips'
ac_cv_path_EGREP='/bin/grep -E'
ac_cv_path_FGREP='/bin/grep -F'
ac_cv_path_GREP=/bin/grep
ac_cv_path_PERL=/usr/bin/perl
ac_cv_path_SED=/bin/sed
ac_cv_path_TEXI2PDF=/tools/bin/texi2pdf
ac_cv_path_install='/usr/bin/install -c'
ac_cv_path_lt_DD=/bin/dd
ac_cv_path_mkdir=/tools/bin/mkdir
ac_cv_prog_AWK=gawk
ac_cv_prog_CPP='gcc -E'
ac_cv_prog_CXXCPP='g++ -E'
ac_cv_prog_ac_ct_AR=ar
ac_cv_prog_ac_ct_CC=gcc
ac_cv_prog_ac_ct_CXX=g++
ac_cv_prog_ac_ct_OBJDUMP=objdump
ac_cv_prog_ac_ct_RANLIB=ranlib
ac_cv_prog_ac_ct_STRIP=strip
ac_cv_prog_cc_c89=
ac_cv_prog_cc_g=yes
ac_cv_prog_cxx_g=yes
ac_cv_prog_make_make_set=yes
ac_cv_type_long_long_int=yes
ac_cv_type_mbstate_t=yes
ac_cv_type_ptrdiff_t=yes
ac_cv_type_size_t=yes
ac_cv_type_unsigned_long_long_int=yes
ac_cv_working_alloca_h=yes
am_cv_CC_dependencies_compiler_type=gcc3
am_cv_CXX_dependencies_compiler_type=gcc3
am_cv_ar_interface=ar
am_cv_make_support_nested_variables=yes
am_cv_prog_cc_c_o=yes
gl_cv_c_amsterdam_compiler=no
gl_cv_have_include_next=yes
gl_cv_header_errno_h_complete=yes
gl_cv_header_inttypes_h=yes
gl_cv_header_stdint_h=yes
gl_cv_pragma_columns=no
gl_cv_size_max=yes
gt_cv_c_wchar_t=yes
gt_cv_c_wint_t=yes
gt_cv_func_printf_posix=yes
lt_cv_ar_at_file=@
lt_cv_archive_cmds_need_lc=no
lt_cv_deplibs_check_method=pass_all
lt_cv_file_magic_cmd='$MAGIC_CMD'
lt_cv_file_magic_test_file=
lt_cv_ld_reload_flag=-r
lt_cv_nm_interface='BSD nm'
lt_cv_objdir=.libs
lt_cv_path_LD=/usr/bin/ld
lt_cv_path_LDCXX='/usr/bin/ld -m elf_x86_64'
lt_cv_path_NM='/usr/bin/nm -B'
lt_cv_path_mainfest_tool=no
lt_cv_prog_compiler_c_o=yes
lt_cv_prog_compiler_c_o_CXX=yes
lt_cv_prog_compiler_pic='-fPIC -DPIC'
lt_cv_prog_compiler_pic_CXX='-fPIC -DPIC'
lt_cv_prog_compiler_pic_works=yes
lt_cv_prog_compiler_pic_works_CXX=yes
lt_cv_prog_compiler_rtti_exceptions=no
lt_cv_prog_compiler_static_works=yes
lt_cv_prog_compiler_static_works_CXX=yes
lt_cv_prog_gnu_ld=yes
lt_cv_prog_gnu_ldcxx=yes
lt_cv_sharedlib_from_linklib_cmd='printf %s\n'
lt_cv_shlibpath_overrides_runpath=no
lt_cv_sys_global_symbol_pipe='sed -n -e '\''s/^.*[	 ]\([ABCDGIRSTW][ABCDGIRSTW]*\)[	 ][	 ]*\([_A-Za-z][_A-Za-z0-9]*\)$/\1 \2 \2/p'\'' | sed '\''/ __gnu_lto/d'\'''
lt_cv_sys_global_symbol_to_c_name_address='sed -n -e '\''s/^: \(.*\) .*$/  {"\1", (void *) 0},/p'\'' -e '\''s/^[ABCDGIRSTW][ABCDGIRSTW]* .* \(.*\)$/  {"\1", (void *) \&\1},/p'\'''
lt_cv_sys_global_symbol_to_c_name_address_lib_prefix='sed -n -e '\''s/^: \(.*\) .*$/  {"\1", (void *) 0},/p'\'' -e '\''s/^[ABCDGIRSTW][ABCDGIRSTW]* .* \(lib.*\)$/  {"\1", (void *) \&\1},/p'\'' -e '\''s/^[ABCDGIRSTW][ABCDGIRSTW]* .* \(.*\)$/  {"lib\1", (void *) \&\1},/p'\'''
lt_cv_sys_global_symbol_to_cdecl='sed -n -e '\''s/^T .* \(.*\)$/extern int \1();/p'\'' -e '\''s/^[ABCDGIRSTW][ABCDGIRSTW]* .* \(.*\)$/extern char \1;/p'\'''
lt_cv_sys_global_symbol_to_import=
lt_cv_sys_max_cmd_len=6291456
lt_cv_to_host_file_cmd=func_convert_file_noop
lt_cv_to_tool_file_cmd=func_convert_file_noop
lt_cv_truncate_bin='/bin/dd bs=4096 count=1'

## ----------------- ##
## Output variables. ##
## ----------------- ##

ACLOCAL='${SHELL} /sources/gettext-0.19.8.1/build-aux/missing aclocal-1.15'
ALLOCA=''
ALLOCA_H='alloca.h'
AMDEPBACKSLASH='\'
AMDEP_FALSE='#'
AMDEP_TRUE=''
AMTAR='$${TAR-tar}'
AM_BACKSLASH='\'
AM_DEFAULT_V='$(AM_DEFAULT_VERBOSITY)'
AM_DEFAULT_VERBOSITY='1'
AM_V='$(V)'
AR='ar'
ARFLAGS='cr'
AS='as'
AUTOCONF='${SHELL} /sources/gettext-0.19.8.1/build-aux/missing autoconf'
AUTOHEADER='${SHELL} /sources/gettext-0.19.8.1/build-aux/missing autoheader'
AUTOMAKE='${SHELL} /sources/gettext-0.19.8.1/build-aux/missing automake-1.15'
AWK='gawk'
CC='gcc'
CCDEPMODE='depmode=gcc3'
CFLAGS='-g -O2'
CPP='gcc -E'
CPPFLAGS=''
CXX='g++'
CXXCPP='g++ -E'
CXXDEPMODE='depmode=gcc3'
CXXFLAGS='-g -O2'
CYGPATH_W='echo'
DEFS='-DHAVE_CONFIG_H'
DEPDIR='.deps'
DLLTOOL='false'
DSYMUTIL=''
DUMPBIN=''
DVIPS='/sources/gettext-0.19.8.1/build-aux/missing dvips'
ECHO_C=''
ECHO_N='-n'
ECHO_T=''
EGREP='/bin/grep -E'
EMULTIHOP_HIDDEN=''
EMULTIHOP_VALUE=''
ENOLINK_HIDDEN=''
ENOLINK_VALUE=''
EOVERFLOW_HIDDEN=''
EOVERFLOW_VALUE=''
ERRNO_H=''
EXEEXT=''
FGREP='/bin/grep -F'
GL_COND_LIBTOOL_FALSE='#'
GL_COND_LIBTOOL_TRUE=''
GL_GENERATE_ALLOCA_H_FALSE='#'
GL_GENERATE_ALLOCA_H_TRUE=''
GL_GENERATE_ERRNO_H_FALSE=''
GL_GENERATE_ERRNO_H_TRUE='#'
GREP='/bin/grep'
INCLUDE_NEXT='include_next'
INCLUDE_NEXT_AS_FIRST_DIRECTIVE='include_next'
INSTALL_DATA='${INSTALL} -m 644'
INSTALL_PROGRAM='${INSTALL}'
INSTALL_SCRIPT='${INSTALL}'
INSTALL_STRIP_PROGRAM='$(install_sh) -c -s'
LD='/usr/bin/ld -m elf_x86_64'
LDFLAGS=''
LIBOBJS=''
LIBS=''
LIBTOOL='/bin/sh $(top_builddir)/libtool'
LIPO=''
LN_S='ln -s'
LTALLOCA=''
LTLIBOBJS=''
LTNOUNDEF=''
LT_SYS_LIBRARY_PATH=''
MAKEINFO='${SHELL} /sources/gettext-0.19.8.1/build-aux/missing makeinfo'
MANIFEST_TOOL=':'
MKDIR_P='/tools/bin/mkdir -p'
NEXT_AS_FIRST_DIRECTIVE_ERRNO_H=''
NEXT_ERRNO_H=''
NM='/usr/bin/nm -B'
NMEDIT=''
OBJDUMP='objdump'
OBJEXT='o'
OTOOL64=''
OTOOL=''
PACKAGE='libasprintf'
PACKAGE_BUGREPORT=''
PACKAGE_NAME='libasprintf'
PACKAGE_STRING='libasprintf 1.0'
PACKAGE_TARNAME='libasprintf'
PACKAGE_URL=''
PACKAGE_VERSION='1.0'
PATH_SEPARATOR=':'
PERL='/usr/bin/perl'
PRAGMA_COLUMNS=''
PRAGMA_SYSTEM_HEADER='#pragma GCC system_header'
RANLIB='ranlib'
SED='/bin/sed'
SET_MAKE=''
SHELL='/bin/sh'
STRIP='strip'
TEXI2PDF='/tools/bin/texi2pdf'
VERSION='1.0'
ac_ct_AR='ar'
ac_ct_CC='gcc'
ac_ct_CXX='g++'
ac_ct_DUMPBIN=''
am__EXEEXT_FALSE=''
am__EXEEXT_TRUE='#'
am__fastdepCC_FALSE='#'
am__fastdepCC_TRUE=''
am__fastdepCXX_FALSE='#'
am__fastdepCXX_TRUE=''
am__include='include'
am__isrc=''
am__leading_dot='.'
am__nodep='_no'
am__quote=''
am__tar='$${TAR-tar} chof - "$$tardir"'
am__untar='$${TAR-tar} xf -'
bindir='${exec_prefix}/bin'
build='x86_64-pc-linux-gnu'
build_alias=''
build_cpu='x86_64'
build_os='linux-gnu'
build_vendor='pc'
datadir='${datarootdir}'
datarootdir='${prefix}/share'
docdir='/usr/share/doc/gettext-0.19.8.1'
dvidir='${docdir}'
exec_prefix='${prefix}'
gl_LIBOBJS=''
gl_LTLIBOBJS=''
gltests_LIBOBJS=''
gltests_LTLIBOBJS=''
gltests_WITNESS='IN_LIBASPRINTF_GNULIB_TESTS'
host='x86_64-pc-linux-gnu'
host_alias=''
host_cpu='x86_64'
host_os='linux-gnu'
host_vendor='pc'
htmldir='${docdir}'
includedir='${prefix}/include'
infodir='${datarootdir}/info'
install_sh='${SHELL} /sources/gettext-0.19.8.1/build-aux/install-sh'
libdir='${exec_prefix}/lib'
libexecdir='${exec_prefix}/libexec'
localedir='${datarootdir}/locale'
localstatedir='${prefix}/var'
mandir='${datarootdir}/man'
mkdir_p='$(MKDIR_P)'
oldincludedir='/usr/include'
pdfdir='${docdir}'
prefix='/usr'
program_transform_name='s,x,x,'
psdir='${docdir}'
runstatedir='${localstatedir}/run'
sbindir='${exec_prefix}/sbin'
sharedstatedir='${prefix}/com'
sysconfdir='${prefix}/etc'
target_alias=''

## ----------- ##
## confdefs.h. ##
## ----------- ##

/* confdefs.h */
#define PACKAGE_NAME "libasprintf"
#define PACKAGE_TARNAME "libasprintf"
#define PACKAGE_VERSION "1.0"
#define PACKAGE_STRING "libasprintf 1.0"
#define PACKAGE_BUGREPORT ""
#define PACKAGE_URL ""
#define PACKAGE "libasprintf"
#define VERSION "1.0"
#define STDC_HEADERS 1
#define HAVE_SYS_TYPES_H 1
#define HAVE_SYS_STAT_H 1
#define HAVE_STDLIB_H 1
#define HAVE_STRING_H 1
#define HAVE_MEMORY_H 1
#define HAVE_STRINGS_H 1
#define HAVE_INTTYPES_H 1
#define HAVE_STDINT_H 1
#define HAVE_UNISTD_H 1
#define HAVE_DLFCN_H 1
#define LT_OBJDIR ".libs/"
#define HAVE_FEATURES_H 1
#define HAVE_UNSIGNED_LONG_LONG_INT 1
#define HAVE_LONG_LONG_INT 1
#define HAVE_WCHAR_T 1
#define HAVE_WINT_T 1
#define HAVE_MBSTATE_T 1
#define HAVE_INTTYPES_H_WITH_UINTMAX 1
#define HAVE_STDINT_H_WITH_UINTMAX 1
#define HAVE_INTMAX_T 1
#define HAVE_STDINT_H 1
#define HAVE_STDINT_H 1
#define HAVE_ALLOCA_H 1
#define HAVE_ALLOCA 1
#define HAVE_STDLIB_H 1
#define HAVE_STRING_H 1
#define HAVE_STDINT_H 1
#define HAVE_STDINT_H 1
#define HAVE_SNPRINTF 1
#define HAVE_VASPRINTF 1
#define HAVE_STRNLEN 1
#define HAVE_WCSLEN 1
#define HAVE_WCSNLEN 1
#define HAVE_MBRTOWC 1
#define HAVE_WCRTOMB 1
#define HAVE_DECL__SNPRINTF 0
#define HAVE_POSIX_PRINTF 1

configure: exit 0
