This file contains any messages produced by compilers while
running configure, to aid debugging if configure makes a mistake.

It was created by gas configure 2.31.1, which was
generated by GNU Autoconf 2.69.  Invocation command line was

  $ /mnt/lfs/sources/binutils-2.31.1/gas/configure --srcdir=../../gas --cache-file=./config.cache --with-gnu-as --with-gnu-ld --prefix=/tools --with-sysroot=/mnt/lfs --with-lib-path=/tools/lib --disable-nls --disable-werror --program-transform-name=s&^&x86_64-lfs-linux-gnu-& --disable-option-checking --build=x86_64-pc-linux-gnu --host=x86_64-pc-linux-gnu --target=x86_64-lfs-linux-gnu

## --------- ##
## Platform. ##
## --------- ##

hostname = ip-172-31-5-17
uname -m = x86_64
uname -r = 4.15.0-1021-aws
uname -s = Linux
uname -v = #21-Ubuntu SMP Tue Aug 28 10:23:07 UTC 2018

/usr/bin/uname -p = unknown
/bin/uname -X     = unknown

/bin/arch              = unknown
/usr/bin/arch -k       = unknown
/usr/convex/getsysinfo = unknown
/usr/bin/hostinfo      = unknown
/bin/machine           = unknown
/usr/bin/oslevel       = unknown
/bin/universe          = unknown

PATH: /tools/bin
PATH: /bin
PATH: /usr/bin


## ----------- ##
## Core tests. ##
## ----------- ##

configure:2311: creating cache ./config.cache
configure:2422: checking build system type
configure:2436: result: x86_64-pc-linux-gnu
configure:2456: checking host system type
configure:2469: result: x86_64-pc-linux-gnu
configure:2489: checking target system type
configure:2502: result: x86_64-lfs-linux-gnu
configure:2539: checking for x86_64-pc-linux-gnu-gcc
configure:2566: result: gcc
configure:2835: checking for C compiler version
configure:2844: gcc --version >&5
gcc (Ubuntu 7.3.0-27ubuntu1~18.04) 7.3.0
Copyright (C) 2017 Free Software Foundation, Inc.
This is free software; see the source for copying conditions.  There is NO
warranty; not even for MERCHANTABILITY or FITNESS FOR A PARTICULAR PURPOSE.

configure:2855: $? = 0
configure:2844: gcc -v >&5
Using built-in specs.
COLLECT_GCC=gcc
COLLECT_LTO_WRAPPER=/usr/lib/gcc/x86_64-linux-gnu/7/lto-wrapper
OFFLOAD_TARGET_NAMES=nvptx-none
OFFLOAD_TARGET_DEFAULT=1
Target: x86_64-linux-gnu
Configured with: ../src/configure -v --with-pkgversion='Ubuntu 7.3.0-27ubuntu1~18.04' --with-bugurl=file:///usr/share/doc/gcc-7/README.Bugs --enable-languages=c,ada,c++,go,brig,d,fortran,objc,obj-c++ --prefix=/usr --with-gcc-major-version-only --program-suffix=-7 --program-prefix=x86_64-linux-gnu- --enable-shared --enable-linker-build-id --libexecdir=/usr/lib --without-included-gettext --enable-threads=posix --libdir=/usr/lib --enable-nls --with-sysroot=/ --enable-clocale=gnu --enable-libstdcxx-debug --enable-libstdcxx-time=yes --with-default-libstdcxx-abi=new --enable-gnu-unique-object --disable-vtable-verify --enable-libmpx --enable-plugin --enable-default-pie --with-system-zlib --with-target-system-zlib --enable-objc-gc=auto --enable-multiarch --disable-werror --with-arch-32=i686 --with-abi=m64 --with-multilib-list=m32,m64,mx32 --enable-multilib --with-tune=generic --enable-offload-targets=nvptx-none --without-cuda-driver --enable-checking=release --build=x86_64-linux-gnu --host=x86_64-linux-gnu --target=x86_64-linux-gnu
Thread model: posix
gcc version 7.3.0 (Ubuntu 7.3.0-27ubuntu1~18.04) 
configure:2855: $? = 0
configure:2844: gcc -V >&5
gcc: error: unrecognized command line option '-V'
gcc: fatal error: no input files
compilation terminated.
configure:2855: $? = 1
configure:2844: gcc -qversion >&5
gcc: error: unrecognized command line option '-qversion'; did you mean '--version'?
gcc: fatal error: no input files
compilation terminated.
configure:2855: $? = 1
configure:2875: checking whether the C compiler works
configure:2897: gcc -g -O2  -static-libstdc++ -static-libgcc  conftest.c  >&5
configure:2901: $? = 0
configure:2949: result: yes
configure:2952: checking for C compiler default output file name
configure:2954: result: a.out
configure:2960: checking for suffix of executables
configure:2967: gcc -o conftest -g -O2  -static-libstdc++ -static-libgcc  conftest.c  >&5
configure:2971: $? = 0
configure:2993: result: 
configure:3015: checking whether we are cross compiling
configure:3023: gcc -o conftest -g -O2  -static-libstdc++ -static-libgcc  conftest.c  >&5
configure:3027: $? = 0
configure:3034: ./conftest
configure:3038: $? = 0
configure:3053: result: no
configure:3058: checking for suffix of object files
configure:3080: gcc -c -g -O2  conftest.c >&5
configure:3084: $? = 0
configure:3105: result: o
configure:3109: checking whether we are using the GNU C compiler
configure:3128: gcc -c -g -O2  conftest.c >&5
configure:3128: $? = 0
configure:3137: result: yes
configure:3146: checking whether gcc accepts -g
configure:3166: gcc -c -g  conftest.c >&5
configure:3166: $? = 0
configure:3207: result: yes
configure:3224: checking for gcc option to accept ISO C89
configure:3287: gcc  -c -g -O2  conftest.c >&5
configure:3287: $? = 0
configure:3300: result: none needed
configure:3325: checking whether gcc understands -c and -o together
configure:3347: gcc -c conftest.c -o conftest2.o
configure:3350: $? = 0
configure:3347: gcc -c conftest.c -o conftest2.o
configure:3350: $? = 0
configure:3362: result: yes
configure:3380: checking for library containing strerror
configure:3411: gcc -o conftest -g -O2  -static-libstdc++ -static-libgcc  conftest.c  >&5
configure:3411: $? = 0
configure:3428: result: none required
configure:3453: checking for a BSD-compatible install
configure:3521: result: /usr/bin/install -c
configure:3532: checking whether build environment is sane
configure:3587: result: yes
configure:3735: checking for a thread-safe mkdir -p
configure:3774: result: /bin/mkdir -p
configure:3781: checking for gawk
configure:3808: result: gawk
configure:3819: checking whether make sets $(MAKE)
configure:3841: result: yes
configure:3871: checking for style of include used by make
configure:3899: result: GNU
configure:3933: checking whether make supports nested variables
configure:3950: result: yes
configure:4035: checking dependency style of gcc
configure:4146: result: gcc3
configure:4213: checking for x86_64-pc-linux-gnu-gcc
configure:4240: result: gcc
configure:4509: checking for C compiler version
configure:4518: gcc --version >&5
gcc (Ubuntu 7.3.0-27ubuntu1~18.04) 7.3.0
Copyright (C) 2017 Free Software Foundation, Inc.
This is free software; see the source for copying conditions.  There is NO
warranty; not even for MERCHANTABILITY or FITNESS FOR A PARTICULAR PURPOSE.

configure:4529: $? = 0
configure:4518: gcc -v >&5
Using built-in specs.
COLLECT_GCC=gcc
COLLECT_LTO_WRAPPER=/usr/lib/gcc/x86_64-linux-gnu/7/lto-wrapper
OFFLOAD_TARGET_NAMES=nvptx-none
OFFLOAD_TARGET_DEFAULT=1
Target: x86_64-linux-gnu
Configured with: ../src/configure -v --with-pkgversion='Ubuntu 7.3.0-27ubuntu1~18.04' --with-bugurl=file:///usr/share/doc/gcc-7/README.Bugs --enable-languages=c,ada,c++,go,brig,d,fortran,objc,obj-c++ --prefix=/usr --with-gcc-major-version-only --program-suffix=-7 --program-prefix=x86_64-linux-gnu- --enable-shared --enable-linker-build-id --libexecdir=/usr/lib --without-included-gettext --enable-threads=posix --libdir=/usr/lib --enable-nls --with-sysroot=/ --enable-clocale=gnu --enable-libstdcxx-debug --enable-libstdcxx-time=yes --with-default-libstdcxx-abi=new --enable-gnu-unique-object --disable-vtable-verify --enable-libmpx --enable-plugin --enable-default-pie --with-system-zlib --with-target-system-zlib --enable-objc-gc=auto --enable-multiarch --disable-werror --with-arch-32=i686 --with-abi=m64 --with-multilib-list=m32,m64,mx32 --enable-multilib --with-tune=generic --enable-offload-targets=nvptx-none --without-cuda-driver --enable-checking=release --build=x86_64-linux-gnu --host=x86_64-linux-gnu --target=x86_64-linux-gnu
Thread model: posix
gcc version 7.3.0 (Ubuntu 7.3.0-27ubuntu1~18.04) 
configure:4529: $? = 0
configure:4518: gcc -V >&5
gcc: error: unrecognized command line option '-V'
gcc: fatal error: no input files
compilation terminated.
configure:4529: $? = 1
configure:4518: gcc -qversion >&5
gcc: error: unrecognized command line option '-qversion'; did you mean '--version'?
gcc: fatal error: no input files
compilation terminated.
configure:4529: $? = 1
configure:4533: checking whether we are using the GNU C compiler
configure:4561: result: yes
configure:4570: checking whether gcc accepts -g
configure:4631: result: yes
configure:4648: checking for gcc option to accept ISO C89
configure:4724: result: none needed
configure:4749: checking whether gcc understands -c and -o together
configure:4786: result: yes
configure:4808: checking how to run the C preprocessor
configure:4839: gcc -E  conftest.c
configure:4839: $? = 0
configure:4853: gcc -E  conftest.c
conftest.c:11:10: fatal error: ac_nonexistent.h: No such file or directory
 #include <ac_nonexistent.h>
          ^~~~~~~~~~~~~~~~~~
compilation terminated.
configure:4853: $? = 1
configure: failed program was:
| /* confdefs.h */
| #define PACKAGE_NAME "gas"
| #define PACKAGE_TARNAME "gas"
| #define PACKAGE_VERSION "2.31.1"
| #define PACKAGE_STRING "gas 2.31.1"
| #define PACKAGE_BUGREPORT ""
| #define PACKAGE_URL ""
| #define PACKAGE "gas"
| #define VERSION "2.31.1"
| /* end confdefs.h.  */
| #include <ac_nonexistent.h>
configure:4878: result: gcc -E
configure:4898: gcc -E  conftest.c
configure:4898: $? = 0
configure:4912: gcc -E  conftest.c
conftest.c:11:10: fatal error: ac_nonexistent.h: No such file or directory
 #include <ac_nonexistent.h>
          ^~~~~~~~~~~~~~~~~~
compilation terminated.
configure:4912: $? = 1
configure: failed program was:
| /* confdefs.h */
| #define PACKAGE_NAME "gas"
| #define PACKAGE_TARNAME "gas"
| #define PACKAGE_VERSION "2.31.1"
| #define PACKAGE_STRING "gas 2.31.1"
| #define PACKAGE_BUGREPORT ""
| #define PACKAGE_URL ""
| #define PACKAGE "gas"
| #define VERSION "2.31.1"
| /* end confdefs.h.  */
| #include <ac_nonexistent.h>
configure:4941: checking for grep that handles long lines and -e
configure:4999: result: /bin/grep
configure:5004: checking for egrep
configure:5066: result: /bin/grep -E
configure:5071: checking for ANSI C header files
configure:5091: gcc -c -g -O2  conftest.c >&5
configure:5091: $? = 0
configure:5164: gcc -o conftest -g -O2  -static-libstdc++ -static-libgcc  conftest.c  >&5
configure:5164: $? = 0
configure:5164: ./conftest
configure:5164: $? = 0
configure:5175: result: yes
configure:5188: checking for sys/types.h
configure:5188: gcc -c -g -O2  conftest.c >&5
configure:5188: $? = 0
configure:5188: result: yes
configure:5188: checking for sys/stat.h
configure:5188: gcc -c -g -O2  conftest.c >&5
configure:5188: $? = 0
configure:5188: result: yes
configure:5188: checking for stdlib.h
configure:5188: gcc -c -g -O2  conftest.c >&5
configure:5188: $? = 0
configure:5188: result: yes
configure:5188: checking for string.h
configure:5188: gcc -c -g -O2  conftest.c >&5
configure:5188: $? = 0
configure:5188: result: yes
configure:5188: checking for memory.h
configure:5188: gcc -c -g -O2  conftest.c >&5
configure:5188: $? = 0
configure:5188: result: yes
configure:5188: checking for strings.h
configure:5188: gcc -c -g -O2  conftest.c >&5
configure:5188: $? = 0
configure:5188: result: yes
configure:5188: checking for inttypes.h
configure:5188: gcc -c -g -O2  conftest.c >&5
configure:5188: $? = 0
configure:5188: result: yes
configure:5188: checking for stdint.h
configure:5188: gcc -c -g -O2  conftest.c >&5
configure:5188: $? = 0
configure:5188: result: yes
configure:5188: checking for unistd.h
configure:5188: gcc -c -g -O2  conftest.c >&5
configure:5188: $? = 0
configure:5188: result: yes
configure:5201: checking minix/config.h usability
configure:5201: gcc -c -g -O2  conftest.c >&5
conftest.c:54:10: fatal error: minix/config.h: No such file or directory
 #include <minix/config.h>
          ^~~~~~~~~~~~~~~~
compilation terminated.
configure:5201: $? = 1
configure: failed program was:
| /* confdefs.h */
| #define PACKAGE_NAME "gas"
| #define PACKAGE_TARNAME "gas"
| #define PACKAGE_VERSION "2.31.1"
| #define PACKAGE_STRING "gas 2.31.1"
| #define PACKAGE_BUGREPORT ""
| #define PACKAGE_URL ""
| #define PACKAGE "gas"
| #define VERSION "2.31.1"
| #define STDC_HEADERS 1
| #define HAVE_SYS_TYPES_H 1
| #define HAVE_SYS_STAT_H 1
| #define HAVE_STDLIB_H 1
| #define HAVE_STRING_H 1
| #define HAVE_MEMORY_H 1
| #define HAVE_STRINGS_H 1
| #define HAVE_INTTYPES_H 1
| #define HAVE_STDINT_H 1
| #define HAVE_UNISTD_H 1
| /* end confdefs.h.  */
| #include <stdio.h>
| #ifdef HAVE_SYS_TYPES_H
| # include <sys/types.h>
| #endif
| #ifdef HAVE_SYS_STAT_H
| # include <sys/stat.h>
| #endif
| #ifdef STDC_HEADERS
| # include <stdlib.h>
| # include <stddef.h>
| #else
| # ifdef HAVE_STDLIB_H
| #  include <stdlib.h>
| # endif
| #endif
| #ifdef HAVE_STRING_H
| # if !defined STDC_HEADERS && defined HAVE_MEMORY_H
| #  include <memory.h>
| # endif
| # include <string.h>
| #endif
| #ifdef HAVE_STRINGS_H
| # include <strings.h>
| #endif
| #ifdef HAVE_INTTYPES_H
| # include <inttypes.h>
| #endif
| #ifdef HAVE_STDINT_H
| # include <stdint.h>
| #endif
| #ifdef HAVE_UNISTD_H
| # include <unistd.h>
| #endif
| #include <minix/config.h>
configure:5201: result: no
configure:5201: checking minix/config.h presence
configure:5201: gcc -E  conftest.c
conftest.c:21:10: fatal error: minix/config.h: No such file or directory
 #include <minix/config.h>
          ^~~~~~~~~~~~~~~~
compilation terminated.
configure:5201: $? = 1
configure: failed program was:
| /* confdefs.h */
| #define PACKAGE_NAME "gas"
| #define PACKAGE_TARNAME "gas"
| #define PACKAGE_VERSION "2.31.1"
| #define PACKAGE_STRING "gas 2.31.1"
| #define PACKAGE_BUGREPORT ""
| #define PACKAGE_URL ""
| #define PACKAGE "gas"
| #define VERSION "2.31.1"
| #define STDC_HEADERS 1
| #define HAVE_SYS_TYPES_H 1
| #define HAVE_SYS_STAT_H 1
| #define HAVE_STDLIB_H 1
| #define HAVE_STRING_H 1
| #define HAVE_MEMORY_H 1
| #define HAVE_STRINGS_H 1
| #define HAVE_INTTYPES_H 1
| #define HAVE_STDINT_H 1
| #define HAVE_UNISTD_H 1
| /* end confdefs.h.  */
| #include <minix/config.h>
configure:5201: result: no
configure:5201: checking for minix/config.h
configure:5201: result: no
configure:5222: checking whether it is safe to define __EXTENSIONS__
configure:5240: gcc -c -g -O2  conftest.c >&5
configure:5240: $? = 0
configure:5247: result: yes
configure:5310: checking how to print strings
configure:5337: result: printf
configure:5358: checking for a sed that does not truncate output
configure:5422: result: /bin/sed
configure:5440: checking for fgrep
configure:5502: result: /bin/grep -F
configure:5537: checking for ld used by gcc
configure:5604: result: ld
configure:5611: checking if the linker (ld) is GNU ld
configure:5626: result: yes
configure:5638: checking for BSD- or MS-compatible name lister (nm)
configure:5687: result: nm
configure:5817: checking the name lister (nm) interface
configure:5824: gcc -c -g -O2  conftest.c >&5
configure:5827: nm "conftest.o"
configure:5830: output
0000000000000000 B some_variable
configure:5837: result: BSD nm
configure:5840: checking whether ln -s works
configure:5844: result: yes
configure:5852: checking the maximum length of command line arguments
configure:5977: result: 1572864
configure:5994: checking whether the shell understands some XSI constructs
configure:6004: result: yes
configure:6008: checking whether the shell understands "+="
configure:6014: result: yes
configure:6049: checking for ld option to reload object files
configure:6056: result: -r
configure:6085: checking for x86_64-pc-linux-gnu-objdump
configure:6112: result: objdump
configure:6184: checking how to recognize dependent libraries
configure:6385: result: pass_all
configure:6405: checking for x86_64-pc-linux-gnu-ar
configure:6432: result: ar
configure:6510: checking for x86_64-pc-linux-gnu-strip
configure:6540: result: no
configure:6550: checking for strip
configure:6566: found /usr/bin/strip
configure:6577: result: strip
configure:6609: checking for x86_64-pc-linux-gnu-ranlib
configure:6636: result: ranlib
configure:6778: checking command to parse nm output from gcc object
configure:6896: gcc -c -g -O2  conftest.c >&5
configure:6899: $? = 0
configure:6903: nm conftest.o \| sed -n -e 's/^.*[ ]\([ABCDGIRSTW][ABCDGIRSTW]*\)[ ][ ]*\([_A-Za-z][_A-Za-z0-9]*\)$/\1 \2 \2/p' \> conftest.nm
configure:6906: $? = 0
configure:6960: gcc -o conftest -g -O2  -static-libstdc++ -static-libgcc  conftest.c conftstm.o >&5
configure:6963: $? = 0
configure:7001: result: ok
configure:7096: gcc -c -g -O2  conftest.c >&5
configure:7099: $? = 0
configure:7849: checking for dlfcn.h
configure:7849: gcc -c -g -O2  conftest.c >&5
configure:7849: $? = 0
configure:7849: result: yes
configure:8036: checking for objdir
configure:8051: result: .libs
configure:8322: checking if gcc supports -fno-rtti -fno-exceptions
configure:8340: gcc -c -g -O2  -fno-rtti -fno-exceptions conftest.c >&5
cc1: warning: command line option '-fno-rtti' is valid for C++/ObjC++ but not for C
configure:8344: $? = 0
configure:8357: result: no
configure:8377: checking for gcc option to produce PIC
configure:8663: result: -fPIC -DPIC
configure:8675: checking if gcc PIC flag -fPIC -DPIC works
configure:8693: gcc -c -g -O2  -fPIC -DPIC -DPIC conftest.c >&5
configure:8697: $? = 0
configure:8710: result: yes
configure:8734: checking if gcc static flag -static works
configure:8762: result: yes
configure:8777: checking if gcc supports -c -o file.o
configure:8798: gcc -c -g -O2  -o out/conftest2.o conftest.c >&5
configure:8802: $? = 0
configure:8824: result: yes
configure:8832: checking if gcc supports -c -o file.o
configure:8879: result: yes
configure:8912: checking whether the gcc linker (ld -m elf_x86_64) supports shared libraries
configure:9983: result: yes
configure:10020: checking whether -lc should be explicitly linked in
configure:10028: gcc -c -g -O2  conftest.c >&5
configure:10031: $? = 0
configure:10046: gcc -shared  -fPIC -DPIC conftest.o  -v -Wl,-soname -Wl,conftest -o conftest 2\>\&1 \| /bin/grep  -lc  \>/dev/null 2\>\&1
configure:10049: $? = 0
configure:10063: result: no
configure:10228: checking dynamic linker characteristics
configure:10679: gcc -o conftest -g -O2  -static-libstdc++ -static-libgcc  -Wl,-rpath -Wl,/foo conftest.c  >&5
configure:10679: $? = 0
configure:10901: result: GNU/Linux ld.so
configure:11008: checking how to hardcode library paths into programs
configure:11033: result: immediate
configure:11573: checking whether stripping libraries is possible
configure:11578: result: yes
configure:11613: checking if libtool supports shared libraries
configure:11615: result: yes
configure:11618: checking whether to build shared libraries
configure:11639: result: yes
configure:11642: checking whether to build static libraries
configure:11646: result: yes
configure:11694: checking for dlfcn.h
configure:11694: result: yes
configure:11707: checking for windows.h
configure:11707: gcc -c -g -O2  conftest.c >&5
conftest.c:63:10: fatal error: windows.h: No such file or directory
 #include <windows.h>
          ^~~~~~~~~~~
compilation terminated.
configure:11707: $? = 1
configure: failed program was:
| /* confdefs.h */
| #define PACKAGE_NAME "gas"
| #define PACKAGE_TARNAME "gas"
| #define PACKAGE_VERSION "2.31.1"
| #define PACKAGE_STRING "gas 2.31.1"
| #define PACKAGE_BUGREPORT ""
| #define PACKAGE_URL ""
| #define PACKAGE "gas"
| #define VERSION "2.31.1"
| #define STDC_HEADERS 1
| #define HAVE_SYS_TYPES_H 1
| #define HAVE_SYS_STAT_H 1
| #define HAVE_STDLIB_H 1
| #define HAVE_STRING_H 1
| #define HAVE_MEMORY_H 1
| #define HAVE_STRINGS_H 1
| #define HAVE_INTTYPES_H 1
| #define HAVE_STDINT_H 1
| #define HAVE_UNISTD_H 1
| #define __EXTENSIONS__ 1
| #define _ALL_SOURCE 1
| #define _GNU_SOURCE 1
| #define _POSIX_PTHREAD_SEMANTICS 1
| #define _TANDEM_SOURCE 1
| #define HAVE_DLFCN_H 1
| #define LT_OBJDIR ".libs/"
| #define HAVE_DLFCN_H 1
| /* end confdefs.h.  */
| #include <stdio.h>
| #ifdef HAVE_SYS_TYPES_H
| # include <sys/types.h>
| #endif
| #ifdef HAVE_SYS_STAT_H
| # include <sys/stat.h>
| #endif
| #ifdef STDC_HEADERS
| # include <stdlib.h>
| # include <stddef.h>
| #else
| # ifdef HAVE_STDLIB_H
| #  include <stdlib.h>
| # endif
| #endif
| #ifdef HAVE_STRING_H
| # if !defined STDC_HEADERS && defined HAVE_MEMORY_H
| #  include <memory.h>
| # endif
| # include <string.h>
| #endif
| #ifdef HAVE_STRINGS_H
| # include <strings.h>
| #endif
| #ifdef HAVE_INTTYPES_H
| # include <inttypes.h>
| #endif
| #ifdef HAVE_STDINT_H
| # include <stdint.h>
| #endif
| #ifdef HAVE_UNISTD_H
| # include <unistd.h>
| #endif
| 
| #include <windows.h>
configure:11707: result: no
configure:11734: checking for library containing dlsym
configure:11765: gcc -o conftest -g -O2  -static-libstdc++ -static-libgcc  conftest.c  >&5
/tmp/ccRCmbbm.o: In function `main':
/mnt/lfs/sources/binutils-2.31.1/build/gas/conftest.c:40: undefined reference to `dlsym'
collect2: error: ld returned 1 exit status
configure:11765: $? = 1
configure: failed program was:
| /* confdefs.h */
| #define PACKAGE_NAME "gas"
| #define PACKAGE_TARNAME "gas"
| #define PACKAGE_VERSION "2.31.1"
| #define PACKAGE_STRING "gas 2.31.1"
| #define PACKAGE_BUGREPORT ""
| #define PACKAGE_URL ""
| #define PACKAGE "gas"
| #define VERSION "2.31.1"
| #define STDC_HEADERS 1
| #define HAVE_SYS_TYPES_H 1
| #define HAVE_SYS_STAT_H 1
| #define HAVE_STDLIB_H 1
| #define HAVE_STRING_H 1
| #define HAVE_MEMORY_H 1
| #define HAVE_STRINGS_H 1
| #define HAVE_INTTYPES_H 1
| #define HAVE_STDINT_H 1
| #define HAVE_UNISTD_H 1
| #define __EXTENSIONS__ 1
| #define _ALL_SOURCE 1
| #define _GNU_SOURCE 1
| #define _POSIX_PTHREAD_SEMANTICS 1
| #define _TANDEM_SOURCE 1
| #define HAVE_DLFCN_H 1
| #define LT_OBJDIR ".libs/"
| #define HAVE_DLFCN_H 1
| /* end confdefs.h.  */
| 
| /* Override any GCC internal prototype to avoid an error.
|    Use char because int might match the return type of a GCC
|    builtin and then its argument prototype would still apply.  */
| #ifdef __cplusplus
| extern "C"
| #endif
| char dlsym ();
| int
| main ()
| {
| return dlsym ();
|   ;
|   return 0;
| }
configure:11765: gcc -o conftest -g -O2  -static-libstdc++ -static-libgcc  conftest.c -ldl   >&5
configure:11765: $? = 0
configure:11782: result: -ldl
configure:11813: checking for special C compiler options needed for large files
configure:11858: result: no
configure:11864: checking for _FILE_OFFSET_BITS value needed for large files
configure:11889: gcc -c -g -O2  conftest.c >&5
configure:11889: $? = 0
configure:11921: result: no
configure:12007: checking how to compare bootstrapped objects
configure:12032: result: cmp --ignore-initial=16 $$f1 $$f2
configure:12304: checking whether byte ordering is bigendian
configure:12319: gcc -c -g -O2  conftest.c >&5
conftest.c:31:9: error: unknown type name 'not'
         not a universal capable compiler
         ^~~
conftest.c:31:15: error: expected '=', ',', ';', 'asm' or '__attribute__' before 'universal'
         not a universal capable compiler
               ^~~~~~~~~
conftest.c:31:15: error: unknown type name 'universal'
configure:12319: $? = 1
configure: failed program was:
| /* confdefs.h */
| #define PACKAGE_NAME "gas"
| #define PACKAGE_TARNAME "gas"
| #define PACKAGE_VERSION "2.31.1"
| #define PACKAGE_STRING "gas 2.31.1"
| #define PACKAGE_BUGREPORT ""
| #define PACKAGE_URL ""
| #define PACKAGE "gas"
| #define VERSION "2.31.1"
| #define STDC_HEADERS 1
| #define HAVE_SYS_TYPES_H 1
| #define HAVE_SYS_STAT_H 1
| #define HAVE_STDLIB_H 1
| #define HAVE_STRING_H 1
| #define HAVE_MEMORY_H 1
| #define HAVE_STRINGS_H 1
| #define HAVE_INTTYPES_H 1
| #define HAVE_STDINT_H 1
| #define HAVE_UNISTD_H 1
| #define __EXTENSIONS__ 1
| #define _ALL_SOURCE 1
| #define _GNU_SOURCE 1
| #define _POSIX_PTHREAD_SEMANTICS 1
| #define _TANDEM_SOURCE 1
| #define HAVE_DLFCN_H 1
| #define LT_OBJDIR ".libs/"
| #define HAVE_DLFCN_H 1
| #define ENABLE_CHECKING 1
| /* end confdefs.h.  */
| #ifndef __APPLE_CC__
| 	       not a universal capable compiler
| 	     #endif
| 	     typedef int dummy;
| 
configure:12364: gcc -c -g -O2  conftest.c >&5
configure:12364: $? = 0
configure:12382: gcc -c -g -O2  conftest.c >&5
conftest.c: In function 'main':
conftest.c:37:4: error: unknown type name 'not'; did you mean 'ino_t'?
    not big endian
    ^~~
    ino_t
conftest.c:37:12: error: expected '=', ',', ';', 'asm' or '__attribute__' before 'endian'
    not big endian
            ^~~~~~
configure:12382: $? = 1
configure: failed program was:
| /* confdefs.h */
| #define PACKAGE_NAME "gas"
| #define PACKAGE_TARNAME "gas"
| #define PACKAGE_VERSION "2.31.1"
| #define PACKAGE_STRING "gas 2.31.1"
| #define PACKAGE_BUGREPORT ""
| #define PACKAGE_URL ""
| #define PACKAGE "gas"
| #define VERSION "2.31.1"
| #define STDC_HEADERS 1
| #define HAVE_SYS_TYPES_H 1
| #define HAVE_SYS_STAT_H 1
| #define HAVE_STDLIB_H 1
| #define HAVE_STRING_H 1
| #define HAVE_MEMORY_H 1
| #define HAVE_STRINGS_H 1
| #define HAVE_INTTYPES_H 1
| #define HAVE_STDINT_H 1
| #define HAVE_UNISTD_H 1
| #define __EXTENSIONS__ 1
| #define _ALL_SOURCE 1
| #define _GNU_SOURCE 1
| #define _POSIX_PTHREAD_SEMANTICS 1
| #define _TANDEM_SOURCE 1
| #define HAVE_DLFCN_H 1
| #define LT_OBJDIR ".libs/"
| #define HAVE_DLFCN_H 1
| #define ENABLE_CHECKING 1
| /* end confdefs.h.  */
| #include <sys/types.h>
| 		#include <sys/param.h>
| 
| int
| main ()
| {
| #if BYTE_ORDER != BIG_ENDIAN
| 		 not big endian
| 		#endif
| 
|   ;
|   return 0;
| }
configure:12510: result: no
configure:13308: checking for bison
configure:13335: result: bison -y
configure:13351: checking for flex
configure:13378: result: /mnt/lfs/sources/binutils-2.31.1/missing flex
configure:13525: checking whether NLS is requested
configure:13528: result: no
configure:13596: checking whether NLS is requested
configure:13605: result: no
configure:13643: checking for msgfmt
configure:13677: result: no
configure:13683: checking for gmsgfmt
configure:13714: result: :
configure:13754: checking for xgettext
configure:13788: result: no
configure:13825: checking for msgmerge
configure:13858: result: no
configure:13892: checking whether to enable maintainer-specific portions of Makefiles
configure:13901: result: no
configure:13927: checking for string.h
configure:13927: result: yes
configure:13927: checking for stdlib.h
configure:13927: result: yes
configure:13927: checking for memory.h
configure:13927: result: yes
configure:13927: checking for strings.h
configure:13927: result: yes
configure:13927: checking for unistd.h
configure:13927: result: yes
configure:13927: checking errno.h usability
configure:13927: gcc -c -g -O2  conftest.c >&5
configure:13927: $? = 0
configure:13927: result: yes
configure:13927: checking errno.h presence
configure:13927: gcc -E  conftest.c
configure:13927: $? = 0
configure:13927: result: yes
configure:13927: checking for errno.h
configure:13927: result: yes
configure:13927: checking for sys/types.h
configure:13927: result: yes
configure:13927: checking limits.h usability
configure:13927: gcc -c -g -O2  conftest.c >&5
configure:13927: $? = 0
configure:13927: result: yes
configure:13927: checking limits.h presence
configure:13927: gcc -E  conftest.c
configure:13927: $? = 0
configure:13927: result: yes
configure:13927: checking for limits.h
configure:13927: result: yes
configure:13927: checking locale.h usability
configure:13927: gcc -c -g -O2  conftest.c >&5
configure:13927: $? = 0
configure:13927: result: yes
configure:13927: checking locale.h presence
configure:13927: gcc -E  conftest.c
configure:13927: $? = 0
configure:13927: result: yes
configure:13927: checking for locale.h
configure:13927: result: yes
configure:13927: checking time.h usability
configure:13927: gcc -c -g -O2  conftest.c >&5
configure:13927: $? = 0
configure:13927: result: yes
configure:13927: checking time.h presence
configure:13927: gcc -E  conftest.c
configure:13927: $? = 0
configure:13927: result: yes
configure:13927: checking for time.h
configure:13927: result: yes
configure:13927: checking for sys/stat.h
configure:13927: result: yes
configure:13937: checking whether string.h and strings.h may both be included
configure:13954: gcc -c -g -O2  conftest.c >&5
configure:13954: $? = 0
configure:13961: result: yes
configure:13972: checking whether compiling a cross-assembler
configure:13982: result: yes
configure:13985: checking for size_t
configure:13985: gcc -c -g -O2  conftest.c >&5
configure:13985: $? = 0
configure:13985: gcc -c -g -O2  conftest.c >&5
conftest.c: In function 'main':
conftest.c:91:21: error: expected expression before ')' token
 if (sizeof ((size_t)))
                     ^
configure:13985: $? = 1
configure: failed program was:
| /* confdefs.h */
| #define PACKAGE_NAME "gas"
| #define PACKAGE_TARNAME "gas"
| #define PACKAGE_VERSION "2.31.1"
| #define PACKAGE_STRING "gas 2.31.1"
| #define PACKAGE_BUGREPORT ""
| #define PACKAGE_URL ""
| #define PACKAGE "gas"
| #define VERSION "2.31.1"
| #define STDC_HEADERS 1
| #define HAVE_SYS_TYPES_H 1
| #define HAVE_SYS_STAT_H 1
| #define HAVE_STDLIB_H 1
| #define HAVE_STRING_H 1
| #define HAVE_MEMORY_H 1
| #define HAVE_STRINGS_H 1
| #define HAVE_INTTYPES_H 1
| #define HAVE_STDINT_H 1
| #define HAVE_UNISTD_H 1
| #define __EXTENSIONS__ 1
| #define _ALL_SOURCE 1
| #define _GNU_SOURCE 1
| #define _POSIX_PTHREAD_SEMANTICS 1
| #define _TANDEM_SOURCE 1
| #define HAVE_DLFCN_H 1
| #define LT_OBJDIR ".libs/"
| #define HAVE_DLFCN_H 1
| #define ENABLE_CHECKING 1
| #define DEFAULT_ARCH "x86_64"
| #define DEFAULT_GENERATE_X86_RELAX_RELOCATIONS 1
| #define DEFAULT_GENERATE_ELF_STT_COMMON 0
| #define DEFAULT_GENERATE_BUILD_NOTES 0
| #define DEFAULT_FLAG_COMPRESS_DEBUG 1
| #define EMULATIONS  &i386elf,
| #define DEFAULT_EMULATION "i386elf"
| #define TARGET_ALIAS "x86_64-lfs-linux-gnu"
| #define TARGET_CANONICAL "x86_64-lfs-linux-gnu"
| #define TARGET_CPU "x86_64"
| #define TARGET_VENDOR "lfs"
| #define TARGET_OS "linux-gnu"
| #define HAVE_STRING_H 1
| #define HAVE_STDLIB_H 1
| #define HAVE_MEMORY_H 1
| #define HAVE_STRINGS_H 1
| #define HAVE_UNISTD_H 1
| #define HAVE_ERRNO_H 1
| #define HAVE_SYS_TYPES_H 1
| #define HAVE_LIMITS_H 1
| #define HAVE_LOCALE_H 1
| #define HAVE_TIME_H 1
| #define HAVE_SYS_STAT_H 1
| #define STRING_WITH_STRINGS 1
| #define CROSS_COMPILE 1
| /* end confdefs.h.  */
| #include <stdio.h>
| #ifdef HAVE_SYS_TYPES_H
| # include <sys/types.h>
| #endif
| #ifdef HAVE_SYS_STAT_H
| # include <sys/stat.h>
| #endif
| #ifdef STDC_HEADERS
| # include <stdlib.h>
| # include <stddef.h>
| #else
| # ifdef HAVE_STDLIB_H
| #  include <stdlib.h>
| # endif
| #endif
| #ifdef HAVE_STRING_H
| # if !defined STDC_HEADERS && defined HAVE_MEMORY_H
| #  include <memory.h>
| # endif
| # include <string.h>
| #endif
| #ifdef HAVE_STRINGS_H
| # include <strings.h>
| #endif
| #ifdef HAVE_INTTYPES_H
| # include <inttypes.h>
| #endif
| #ifdef HAVE_STDINT_H
| # include <stdint.h>
| #endif
| #ifdef HAVE_UNISTD_H
| # include <unistd.h>
| #endif
| int
| main ()
| {
| if (sizeof ((size_t)))
| 	    return 0;
|   ;
|   return 0;
| }
configure:13985: result: yes
configure:13998: checking for working alloca.h
configure:14015: gcc -o conftest -g -O2  -static-libstdc++ -static-libgcc  conftest.c -ldl  >&5
configure:14015: $? = 0
configure:14023: result: yes
configure:14031: checking for alloca
configure:14068: gcc -o conftest -g -O2  -static-libstdc++ -static-libgcc  conftest.c -ldl  >&5
configure:14068: $? = 0
configure:14076: result: yes
configure:14182: checking for inline
configure:14198: gcc -c -g -O2  conftest.c >&5
configure:14198: $? = 0
configure:14206: result: inline
configure:14229: checking for unlink
configure:14229: gcc -o conftest -g -O2  -static-libstdc++ -static-libgcc  conftest.c -ldl  >&5
configure:14229: $? = 0
configure:14229: result: yes
configure:14241: checking for sbrk
configure:14241: gcc -o conftest -g -O2  -static-libstdc++ -static-libgcc  conftest.c -ldl  >&5
configure:14241: $? = 0
configure:14241: result: yes
configure:14241: checking for setlocale
configure:14241: gcc -o conftest -g -O2  -static-libstdc++ -static-libgcc  conftest.c -ldl  >&5
configure:14241: $? = 0
configure:14241: result: yes
configure:14252: checking for strsignal
configure:14252: gcc -o conftest -g -O2  -static-libstdc++ -static-libgcc  conftest.c -ldl  >&5
configure:14252: $? = 0
configure:14252: result: yes
configure:14263: checking for LC_MESSAGES
configure:14279: gcc -o conftest -g -O2  -static-libstdc++ -static-libgcc  conftest.c -ldl  >&5
configure:14279: $? = 0
configure:14287: result: yes
configure:14438: checking for working assert macro
configure:14463: gcc -o conftest -g -O2  -static-libstdc++ -static-libgcc  conftest.c -ldl  >&5
In file included from conftest.c:62:0:
conftest.c: In function 'main':
conftest.c:71:10: warning: implicit declaration of function 'strcmp' [-Wimplicit-function-declaration]
 assert (!strcmp(s, "foo bar baz quux"));
          ^
conftest.c:71:10: warning: argument 1 null where non-null expected [-Wnonnull]
 assert (!strcmp(s, "foo bar baz quux"));
          ^~~~~~~~~~~~~~~~~~~~~~~~~~~~~
conftest.c:71:10: note: in a call to built-in function 'strcmp'
configure:14463: $? = 0
configure:14471: result: yes
configure:14503: checking whether declaration is required for errno
configure:14527: gcc -o conftest -g -O2  -static-libstdc++ -static-libgcc  conftest.c -ldl  >&5
configure:14527: $? = 0
configure:14535: result: no
configure:14544: checking for a known getopt prototype in unistd.h
configure:14560: gcc -c -g -O2  conftest.c >&5
configure:14560: $? = 0
configure:14568: result: yes
configure:14577: checking whether declaration is required for environ
configure:14597: gcc -o conftest -g -O2  -static-libstdc++ -static-libgcc  conftest.c -ldl  >&5
configure:14597: $? = 0
configure:14605: result: no
configure:14614: checking whether declaration is required for ffs
configure:14634: gcc -o conftest -g -O2  -static-libstdc++ -static-libgcc  conftest.c -ldl  >&5
configure:14634: $? = 0
configure:14642: result: no
configure:14651: checking whether declaration is required for free
configure:14671: gcc -o conftest -g -O2  -static-libstdc++ -static-libgcc  conftest.c -ldl  >&5
configure:14671: $? = 0
configure:14679: result: no
configure:14688: checking whether declaration is required for malloc
configure:14708: gcc -o conftest -g -O2  -static-libstdc++ -static-libgcc  conftest.c -ldl  >&5
configure:14708: $? = 0
configure:14716: result: no
configure:14725: checking whether declaration is required for sbrk
configure:14745: gcc -o conftest -g -O2  -static-libstdc++ -static-libgcc  conftest.c -ldl  >&5
configure:14745: $? = 0
configure:14753: result: no
configure:14762: checking whether declaration is required for strstr
configure:14782: gcc -o conftest -g -O2  -static-libstdc++ -static-libgcc  conftest.c -ldl  >&5
configure:14782: $? = 0
configure:14790: result: no
configure:14799: checking whether free is declared
configure:14799: gcc -c -g -O2  conftest.c >&5
configure:14799: $? = 0
configure:14799: result: yes
configure:14809: checking whether getenv is declared
configure:14809: gcc -c -g -O2  conftest.c >&5
configure:14809: $? = 0
configure:14809: result: yes
configure:14819: checking whether malloc is declared
configure:14819: gcc -c -g -O2  conftest.c >&5
configure:14819: $? = 0
configure:14819: result: yes
configure:14829: checking whether mempcpy is declared
configure:14829: gcc -c -g -O2  conftest.c >&5
configure:14829: $? = 0
configure:14829: result: yes
configure:14839: checking whether realloc is declared
configure:14839: gcc -c -g -O2  conftest.c >&5
configure:14839: $? = 0
configure:14839: result: yes
configure:14849: checking whether stpcpy is declared
configure:14849: gcc -c -g -O2  conftest.c >&5
configure:14849: $? = 0
configure:14849: result: yes
configure:14859: checking whether strstr is declared
configure:14859: gcc -c -g -O2  conftest.c >&5
configure:14859: $? = 0
configure:14859: result: yes
configure:14869: checking whether vsnprintf is declared
configure:14869: gcc -c -g -O2  conftest.c >&5
configure:14869: $? = 0
configure:14869: result: yes
configure:14879: checking whether asprintf is declared
configure:14879: gcc -c -g -O2  conftest.c >&5
configure:14879: $? = 0
configure:14879: result: yes
configure:14921: checking for struct tm.tm_gmtoff in time.h
configure:14939: gcc -c -g -O2  conftest.c >&5
In file included from /usr/include/time.h:25:0,
                 from conftest.c:74:
/usr/include/features.h:184:3: warning: #warning "_BSD_SOURCE and _SVID_SOURCE are deprecated, use _DEFAULT_SOURCE" [-Wcpp]
 # warning "_BSD_SOURCE and _SVID_SOURCE are deprecated, use _DEFAULT_SOURCE"
   ^~~~~~~
configure:14939: $? = 0
configure:14953: result: yes
configure:14959: checking for struct stat.st_mtim.tv_sec in sys/stat.h
configure:14977: gcc -c -g -O2  conftest.c >&5
In file included from /usr/include/x86_64-linux-gnu/sys/stat.h:25:0,
                 from conftest.c:75:
/usr/include/features.h:184:3: warning: #warning "_BSD_SOURCE and _SVID_SOURCE are deprecated, use _DEFAULT_SOURCE" [-Wcpp]
 # warning "_BSD_SOURCE and _SVID_SOURCE are deprecated, use _DEFAULT_SOURCE"
   ^~~~~~~
configure:14977: $? = 0
configure:14991: result: yes
configure:14994: checking for struct stat.st_mtim.tv_nsec in sys/stat.h
configure:15012: gcc -c -g -O2  conftest.c >&5
In file included from /usr/include/x86_64-linux-gnu/sys/stat.h:25:0,
                 from conftest.c:76:
/usr/include/features.h:184:3: warning: #warning "_BSD_SOURCE and _SVID_SOURCE are deprecated, use _DEFAULT_SOURCE" [-Wcpp]
 # warning "_BSD_SOURCE and _SVID_SOURCE are deprecated, use _DEFAULT_SOURCE"
   ^~~~~~~
configure:15012: $? = 0
configure:15026: result: yes
configure:15109: updating cache ./config.cache
configure:15153: checking that generated files are newer than configure
configure:15159: result: done
configure:15191: creating ./config.status

## ---------------------- ##
## Running config.status. ##
## ---------------------- ##

This file was extended by gas config.status 2.31.1, which was
generated by GNU Autoconf 2.69.  Invocation command line was

  CONFIG_FILES    = 
  CONFIG_HEADERS  = 
  CONFIG_LINKS    = 
  CONFIG_COMMANDS = 
  $ ./config.status 

on ip-172-31-5-17

config.status:1183: creating .gdbinit
config.status:1183: creating Makefile
config.status:1183: creating doc/Makefile
config.status:1183: creating po/Makefile.in
config.status:1183: creating config.h
config.status:1397: executing depfiles commands
config.status:1397: executing libtool commands
config.status:1397: executing default-1 commands
config.status:1397: executing default commands

## ---------------- ##
## Cache variables. ##
## ---------------- ##

ac_cv_build=x86_64-pc-linux-gnu
ac_cv_c_bigendian=no
ac_cv_c_compiler_gnu=yes
ac_cv_c_inline=inline
ac_cv_env_CC_set=set
ac_cv_env_CC_value=gcc
ac_cv_env_CFLAGS_set=set
ac_cv_env_CFLAGS_value='-g -O2'
ac_cv_env_CPPFLAGS_set=
ac_cv_env_CPPFLAGS_value=
ac_cv_env_CPP_set=
ac_cv_env_CPP_value=
ac_cv_env_LDFLAGS_set=set
ac_cv_env_LDFLAGS_value='-static-libstdc++ -static-libgcc '
ac_cv_env_LIBS_set=
ac_cv_env_LIBS_value=
ac_cv_env_YACC_set=set
ac_cv_env_YACC_value='bison -y'
ac_cv_env_YFLAGS_set=
ac_cv_env_YFLAGS_value=
ac_cv_env_build_alias_set=set
ac_cv_env_build_alias_value=x86_64-pc-linux-gnu
ac_cv_env_host_alias_set=set
ac_cv_env_host_alias_value=x86_64-pc-linux-gnu
ac_cv_env_target_alias_set=set
ac_cv_env_target_alias_value=x86_64-lfs-linux-gnu
ac_cv_func_alloca_works=yes
ac_cv_func_sbrk=yes
ac_cv_func_setlocale=yes
ac_cv_func_strsignal=yes
ac_cv_func_unlink=yes
ac_cv_have_decl_asprintf=yes
ac_cv_have_decl_free=yes
ac_cv_have_decl_getenv=yes
ac_cv_have_decl_malloc=yes
ac_cv_have_decl_mempcpy=yes
ac_cv_have_decl_realloc=yes
ac_cv_have_decl_stpcpy=yes
ac_cv_have_decl_strstr=yes
ac_cv_have_decl_vsnprintf=yes
ac_cv_header_dlfcn_h=yes
ac_cv_header_errno_h=yes
ac_cv_header_inttypes_h=yes
ac_cv_header_limits_h=yes
ac_cv_header_locale_h=yes
ac_cv_header_memory_h=yes
ac_cv_header_minix_config_h=no
ac_cv_header_stdc=yes
ac_cv_header_stdint_h=yes
ac_cv_header_stdlib_h=yes
ac_cv_header_string_h=yes
ac_cv_header_strings_h=yes
ac_cv_header_sys_stat_h=yes
ac_cv_header_sys_types_h=yes
ac_cv_header_time_h=yes
ac_cv_header_unistd_h=yes
ac_cv_header_windows_h=no
ac_cv_host=x86_64-pc-linux-gnu
ac_cv_objext=o
ac_cv_path_EGREP='/bin/grep -E'
ac_cv_path_FGREP='/bin/grep -F'
ac_cv_path_GMSGFMT=:
ac_cv_path_GREP=/bin/grep
ac_cv_path_MSGFMT=:
ac_cv_path_MSGMERGE=:
ac_cv_path_SED=/bin/sed
ac_cv_path_XGETTEXT=:
ac_cv_path_mkdir=/bin/mkdir
ac_cv_prog_AR=ar
ac_cv_prog_AWK=gawk
ac_cv_prog_CC=gcc
ac_cv_prog_CPP='gcc -E'
ac_cv_prog_LEX='/mnt/lfs/sources/binutils-2.31.1/missing flex'
ac_cv_prog_OBJDUMP=objdump
ac_cv_prog_RANLIB=ranlib
ac_cv_prog_YACC='bison -y'
ac_cv_prog_ac_ct_STRIP=strip
ac_cv_prog_cc_c89=
ac_cv_prog_cc_g=yes
ac_cv_prog_make_make_set=yes
ac_cv_safe_to_define___extensions__=yes
ac_cv_search_dlsym=-ldl
ac_cv_search_strerror='none required'
ac_cv_sys_file_offset_bits=no
ac_cv_sys_largefile_CC=no
ac_cv_target=x86_64-lfs-linux-gnu
ac_cv_type_size_t=yes
ac_cv_working_alloca_h=yes
am_cv_CC_dependencies_compiler_type=gcc3
am_cv_make_support_nested_variables=yes
am_cv_prog_cc_c_o=yes
am_cv_val_LC_MESSAGES=yes
gas_cv_assert_ok=yes
gas_cv_decl_getopt_unistd_h=yes
gas_cv_decl_needed_environ=no
gas_cv_decl_needed_errno=no
gas_cv_decl_needed_ffs=no
gas_cv_decl_needed_free=no
gas_cv_decl_needed_malloc=no
gas_cv_decl_needed_sbrk=no
gas_cv_decl_needed_strstr=no
gas_cv_have_sys_stat_type_member_st_mtim_tv_nsec=yes
gas_cv_have_sys_stat_type_member_st_mtim_tv_sec=yes
gas_cv_have_time_type_member_tm_gmtoff=yes
gcc_cv_header_string=yes
gcc_cv_prog_cmp_skip='cmp --ignore-initial=16 $$f1 $$f2'
lt_cv_archive_cmds_need_lc=no
lt_cv_deplibs_check_method=pass_all
lt_cv_file_magic_cmd='$MAGIC_CMD'
lt_cv_file_magic_test_file=
lt_cv_ld_reload_flag=-r
lt_cv_nm_interface='BSD nm'
lt_cv_objdir=.libs
lt_cv_path_LD=ld
lt_cv_path_NM=nm
lt_cv_prog_compiler_c_o=yes
lt_cv_prog_compiler_pic_works=yes
lt_cv_prog_compiler_rtti_exceptions=no
lt_cv_prog_compiler_static_works=yes
lt_cv_prog_gnu_ld=yes
lt_cv_shlibpath_overrides_runpath=yes
lt_cv_sys_global_symbol_pipe='sed -n -e '\''s/^.*[	 ]\([ABCDGIRSTW][ABCDGIRSTW]*\)[	 ][	 ]*\([_A-Za-z][_A-Za-z0-9]*\)$/\1 \2 \2/p'\'''
lt_cv_sys_global_symbol_to_c_name_address='sed -n -e '\''s/^: \([^ ]*\) $/  {\"\1\", (void *) 0},/p'\'' -e '\''s/^[ABCDGIRSTW]* \([^ ]*\) \([^ ]*\)$/  {"\2", (void *) \&\2},/p'\'''
lt_cv_sys_global_symbol_to_c_name_address_lib_prefix='sed -n -e '\''s/^: \([^ ]*\) $/  {\"\1\", (void *) 0},/p'\'' -e '\''s/^[ABCDGIRSTW]* \([^ ]*\) \(lib[^ ]*\)$/  {"\2", (void *) \&\2},/p'\'' -e '\''s/^[ABCDGIRSTW]* \([^ ]*\) \([^ ]*\)$/  {"lib\2", (void *) \&\2},/p'\'''
lt_cv_sys_global_symbol_to_cdecl='sed -n -e '\''s/^T .* \(.*\)$/extern int \1();/p'\'' -e '\''s/^[ABCDGIRSTW]* .* \(.*\)$/extern char \1;/p'\'''
lt_cv_sys_max_cmd_len=1572864

## ----------------- ##
## Output variables. ##
## ----------------- ##

ACLOCAL='${SHELL} /mnt/lfs/sources/binutils-2.31.1/missing aclocal-1.15'
ALLOCA=''
AMDEPBACKSLASH='\'
AMDEP_FALSE='#'
AMDEP_TRUE=''
AMTAR='$${TAR-tar}'
AM_BACKSLASH='\'
AM_DEFAULT_V='$(AM_DEFAULT_VERBOSITY)'
AM_DEFAULT_VERBOSITY='1'
AM_V='$(V)'
AR='ar'
AUTOCONF='${SHELL} /mnt/lfs/sources/binutils-2.31.1/missing autoconf'
AUTOHEADER='${SHELL} /mnt/lfs/sources/binutils-2.31.1/missing autoheader'
AUTOMAKE='${SHELL} /mnt/lfs/sources/binutils-2.31.1/missing automake-1.15'
AWK='gawk'
CATALOGS=''
CATOBJEXT=''
CC='gcc'
CCDEPMODE='depmode=gcc3'
CFLAGS='-g -O2'
CPP='gcc -E'
CPPFLAGS=''
CYGPATH_W='echo'
DATADIRNAME=''
DEFS='-DHAVE_CONFIG_H'
DEPDIR='.deps'
DSYMUTIL=''
DUMPBIN=''
ECHO_C=''
ECHO_N='-n'
ECHO_T=''
EGREP='/bin/grep -E'
EXEEXT=''
FGREP='/bin/grep -F'
GDBINIT='.gdbinit'
GENCAT=''
GENINSRC_NEVER_FALSE=''
GENINSRC_NEVER_TRUE='#'
GMSGFMT=':'
GREP='/bin/grep'
INCINTL=''
INSTALL_DATA='/usr/bin/install -c -m 644'
INSTALL_PROGRAM='/usr/bin/install -c'
INSTALL_SCRIPT='/usr/bin/install -c'
INSTALL_STRIP_PROGRAM='$(install_sh) -c -s'
INSTOBJEXT=''
LD='ld -m elf_x86_64'
LDFLAGS='-static-libstdc++ -static-libgcc '
LEX='/mnt/lfs/sources/binutils-2.31.1/missing flex'
LEXLIB=''
LEX_OUTPUT_ROOT=''
LIBINTL=''
LIBINTL_DEP=''
LIBM=''
LIBOBJS=''
LIBS='-ldl '
LIBTOOL='$(SHELL) $(top_builddir)/libtool'
LIPO=''
LN_S='ln -s'
LTLIBOBJS=''
MAINT='#'
MAINTAINER_MODE_FALSE=''
MAINTAINER_MODE_TRUE='#'
MAKEINFO='makeinfo --split-size=5000000'
MKDIR_P='/bin/mkdir -p'
MKINSTALLDIRS='$(top_builddir)/../../gas/../mkinstalldirs'
MSGFMT=':'
MSGMERGE=':'
NM='nm'
NMEDIT=''
NO_WERROR=''
OBJDUMP='objdump'
OBJEXT='o'
OPCODES_LIB='../opcodes/libopcodes.la'
OTOOL64=''
OTOOL=''
PACKAGE='gas'
PACKAGE_BUGREPORT=''
PACKAGE_NAME='gas'
PACKAGE_STRING='gas 2.31.1'
PACKAGE_TARNAME='gas'
PACKAGE_URL=''
PACKAGE_VERSION='2.31.1'
PATH_SEPARATOR=':'
POSUB=''
RANLIB='ranlib'
SED='/bin/sed'
SET_MAKE=''
SHELL='/bin/sh'
STRIP='strip'
USE_NLS='no'
VERSION='2.31.1'
WARN_CFLAGS='-W -Wall -Wstrict-prototypes -Wmissing-prototypes -Wshadow -Wstack-usage=262144'
WARN_CFLAGS_FOR_BUILD='-W -Wall -Wstrict-prototypes -Wmissing-prototypes -Wshadow -Wstack-usage=262144'
WARN_WRITE_STRINGS='-Wwrite-strings'
XGETTEXT=':'
YACC='bison -y'
YFLAGS=''
ac_ct_CC=''
ac_ct_DUMPBIN=''
am__EXEEXT_FALSE=''
am__EXEEXT_TRUE='#'
am__fastdepCC_FALSE='#'
am__fastdepCC_TRUE=''
am__include='include'
am__isrc=' -I$(srcdir)'
am__leading_dot='.'
am__nodep='_no'
am__quote=''
am__tar='$${TAR-tar} chof - "$$tardir"'
am__untar='$${TAR-tar} xf -'
atof='ieee'
bindir='${exec_prefix}/bin'
build='x86_64-pc-linux-gnu'
build_alias='x86_64-pc-linux-gnu'
build_cpu='x86_64'
build_os='linux-gnu'
build_vendor='pc'
cgen_cpu_prefix=''
datadir='${datarootdir}'
datarootdir='${prefix}/share'
do_compare='cmp --ignore-initial=16 $$f1 $$f2'
docdir='${datarootdir}/doc/${PACKAGE_TARNAME}'
dvidir='${docdir}'
exec_prefix='${prefix}'
extra_objects=''
host='x86_64-pc-linux-gnu'
host_alias='x86_64-pc-linux-gnu'
host_cpu='x86_64'
host_os='linux-gnu'
host_vendor='pc'
htmldir='${docdir}'
includedir='${prefix}/include'
infodir='${datarootdir}/info'
install_sh='${SHELL} /mnt/lfs/sources/binutils-2.31.1/install-sh'
install_tooldir='install-exec-tooldir'
libdir='${exec_prefix}/lib'
libexecdir='${exec_prefix}/libexec'
localedir='${datarootdir}/locale'
localstatedir='${prefix}/var'
mandir='${datarootdir}/man'
mkdir_p='$(MKDIR_P)'
obj_format='elf'
oldincludedir='/usr/include'
pdfdir='${docdir}'
prefix='/tools'
program_transform_name='s&^&x86_64-lfs-linux-gnu-&'
psdir='${docdir}'
sbindir='${exec_prefix}/sbin'
sharedstatedir='${prefix}/com'
sysconfdir='${prefix}/etc'
target='x86_64-lfs-linux-gnu'
target_alias='x86_64-lfs-linux-gnu'
target_cpu='x86_64'
target_cpu_type='i386'
target_os='linux-gnu'
target_vendor='lfs'
te_file='linux'
zlibdir='-L$(top_builddir)/../zlib'
zlibinc='-I$(top_srcdir)/../zlib'

## ----------- ##
## confdefs.h. ##
## ----------- ##

/* confdefs.h */
#define PACKAGE_NAME "gas"
#define PACKAGE_TARNAME "gas"
#define PACKAGE_VERSION "2.31.1"
#define PACKAGE_STRING "gas 2.31.1"
#define PACKAGE_BUGREPORT ""
#define PACKAGE_URL ""
#define PACKAGE "gas"
#define VERSION "2.31.1"
#define STDC_HEADERS 1
#define HAVE_SYS_TYPES_H 1
#define HAVE_SYS_STAT_H 1
#define HAVE_STDLIB_H 1
#define HAVE_STRING_H 1
#define HAVE_MEMORY_H 1
#define HAVE_STRINGS_H 1
#define HAVE_INTTYPES_H 1
#define HAVE_STDINT_H 1
#define HAVE_UNISTD_H 1
#define __EXTENSIONS__ 1
#define _ALL_SOURCE 1
#define _GNU_SOURCE 1
#define _POSIX_PTHREAD_SEMANTICS 1
#define _TANDEM_SOURCE 1
#define HAVE_DLFCN_H 1
#define LT_OBJDIR ".libs/"
#define HAVE_DLFCN_H 1
#define ENABLE_CHECKING 1
#define DEFAULT_ARCH "x86_64"
#define DEFAULT_GENERATE_X86_RELAX_RELOCATIONS 1
#define DEFAULT_GENERATE_ELF_STT_COMMON 0
#define DEFAULT_GENERATE_BUILD_NOTES 0
#define DEFAULT_FLAG_COMPRESS_DEBUG 1
#define EMULATIONS  &i386elf,
#define DEFAULT_EMULATION "i386elf"
#define TARGET_ALIAS "x86_64-lfs-linux-gnu"
#define TARGET_CANONICAL "x86_64-lfs-linux-gnu"
#define TARGET_CPU "x86_64"
#define TARGET_VENDOR "lfs"
#define TARGET_OS "linux-gnu"
#define HAVE_STRING_H 1
#define HAVE_STDLIB_H 1
#define HAVE_MEMORY_H 1
#define HAVE_STRINGS_H 1
#define HAVE_UNISTD_H 1
#define HAVE_ERRNO_H 1
#define HAVE_SYS_TYPES_H 1
#define HAVE_LIMITS_H 1
#define HAVE_LOCALE_H 1
#define HAVE_TIME_H 1
#define HAVE_SYS_STAT_H 1
#define STRING_WITH_STRINGS 1
#define CROSS_COMPILE 1
#define HAVE_ALLOCA_H 1
#define HAVE_ALLOCA 1
#define HAVE_UNLINK 1
#define HAVE_SBRK 1
#define HAVE_SETLOCALE 1
#define HAVE_STRSIGNAL 1
#define HAVE_LC_MESSAGES 1
#define HAVE_DECL_GETOPT 1
#define HAVE_DECL_FREE 1
#define HAVE_DECL_GETENV 1
#define HAVE_DECL_MALLOC 1
#define HAVE_DECL_MEMPCPY 1
#define HAVE_DECL_REALLOC 1
#define HAVE_DECL_STPCPY 1
#define HAVE_DECL_STRSTR 1
#define HAVE_DECL_VSNPRINTF 1
#define HAVE_DECL_ASPRINTF 1
#define HAVE_TM_GMTOFF 1
#define HAVE_ST_MTIM_TV_SEC 1
#define HAVE_ST_MTIM_TV_NSEC 1

configure: exit 0
