This file contains any messages produced by compilers while
running configure, to aid debugging if configure makes a mistake.

It was created by dummy configure 0, which was
generated by GNU Autoconf 2.69.  Invocation command line was

  $ ./configure --prefix=/usr --srcdir=.

## --------- ##
## Platform. ##
## --------- ##

hostname = ip-172-31-5-17
uname -m = x86_64
uname -r = 4.15.0-1021-aws
uname -s = Linux
uname -v = #21-Ubuntu SMP Tue Aug 28 10:23:07 UTC 2018

/usr/bin/uname -p = unknown
/bin/uname -X     = unknown

/bin/arch              = unknown
/usr/bin/arch -k       = unknown
/usr/convex/getsysinfo = unknown
/usr/bin/hostinfo      = unknown
/bin/machine           = unknown
/usr/bin/oslevel       = unknown
/bin/universe          = unknown

PATH: /bin
PATH: /usr/bin
PATH: /sbin
PATH: /usr/sbin
PATH: /tools/bin


## ----------- ##
## Core tests. ##
## ----------- ##

configure:2673: checking for a BSD-compatible install
configure:2741: result: /usr/bin/install -c
configure:2752: checking whether build environment is sane
configure:2807: result: yes
configure:2845: WARNING: 'missing' script is too old or missing
configure:2958: checking for a thread-safe mkdir -p
configure:2997: result: /bin/mkdir -p
configure:3004: checking for gawk
configure:3020: found /usr/bin/gawk
configure:3031: result: gawk
configure:3042: checking whether make sets $(MAKE)
configure:3064: result: yes
configure:3093: checking whether make supports nested variables
configure:3110: result: yes
configure:3287: checking for gcc
configure:3303: found /usr/bin/gcc
configure:3314: result: gcc
configure:3543: checking for C compiler version
configure:3552: gcc --version >&5
gcc (GCC) 8.2.0
Copyright (C) 2018 Free Software Foundation, Inc.
This is free software; see the source for copying conditions.  There is NO
warranty; not even for MERCHANTABILITY or FITNESS FOR A PARTICULAR PURPOSE.

configure:3563: $? = 0
configure:3552: gcc -v >&5
Using built-in specs.
COLLECT_GCC=gcc
COLLECT_LTO_WRAPPER=/usr/libexec/gcc/x86_64-pc-linux-gnu/8.2.0/lto-wrapper
Target: x86_64-pc-linux-gnu
Configured with: ../configure --prefix=/usr --enable-languages=c,c++ --disable-multilib --disable-bootstrap --disable-libmpx --with-system-zlib
Thread model: posix
gcc version 8.2.0 (GCC) 
configure:3563: $? = 0
configure:3552: gcc -V >&5
gcc: error: unrecognized command line option '-V'
gcc: fatal error: no input files
compilation terminated.
configure:3563: $? = 1
configure:3552: gcc -qversion >&5
gcc: error: unrecognized command line option '-qversion'; did you mean '--version'?
gcc: fatal error: no input files
compilation terminated.
configure:3563: $? = 1
configure:3583: checking whether the C compiler works
configure:3605: gcc    conftest.c  >&5
configure:3609: $? = 0
configure:3657: result: yes
configure:3660: checking for C compiler default output file name
configure:3662: result: a.out
configure:3668: checking for suffix of executables
configure:3675: gcc -o conftest    conftest.c  >&5
configure:3679: $? = 0
configure:3701: result: 
configure:3723: checking whether we are cross compiling
configure:3731: gcc -o conftest    conftest.c  >&5
configure:3735: $? = 0
configure:3742: ./conftest
configure:3746: $? = 0
configure:3761: result: no
configure:3766: checking for suffix of object files
configure:3788: gcc -c   conftest.c >&5
configure:3792: $? = 0
configure:3813: result: o
configure:3817: checking whether we are using the GNU C compiler
configure:3836: gcc -c   conftest.c >&5
configure:3836: $? = 0
configure:3845: result: yes
configure:3854: checking whether gcc accepts -g
configure:3874: gcc -c -g  conftest.c >&5
configure:3874: $? = 0
configure:3915: result: yes
configure:3932: checking for gcc option to accept ISO C89
configure:3995: gcc  -c -g -O2  conftest.c >&5
configure:3995: $? = 0
configure:4008: result: none needed
configure:4033: checking whether gcc understands -c and -o together
configure:4055: gcc -c conftest.c -o conftest2.o
configure:4058: $? = 0
configure:4055: gcc -c conftest.c -o conftest2.o
configure:4058: $? = 0
configure:4070: result: yes
configure:4098: checking for style of include used by make
configure:4126: result: GNU
configure:4152: checking dependency style of gcc
configure:4263: result: gcc3
configure:4279: checking whether make sets $(MAKE)
configure:4301: result: yes
configure:4316: checking build system type
configure:4330: result: x86_64-unknown-linux-gnu
configure:4350: checking host system type
configure:4363: result: x86_64-unknown-linux-gnu
configure:4391: checking how to run the C preprocessor
configure:4422: gcc -E  conftest.c
configure:4422: $? = 0
configure:4436: gcc -E  conftest.c
conftest.c:11:10: fatal error: ac_nonexistent.h: No such file or directory
 #include <ac_nonexistent.h>
          ^~~~~~~~~~~~~~~~~~
compilation terminated.
configure:4436: $? = 1
configure: failed program was:
| /* confdefs.h */
| #define PACKAGE_NAME "dummy"
| #define PACKAGE_TARNAME "dummy"
| #define PACKAGE_VERSION "0"
| #define PACKAGE_STRING "dummy 0"
| #define PACKAGE_BUGREPORT ""
| #define PACKAGE_URL ""
| #define PACKAGE "dummy"
| #define VERSION "0"
| /* end confdefs.h.  */
| #include <ac_nonexistent.h>
configure:4461: result: gcc -E
configure:4481: gcc -E  conftest.c
configure:4481: $? = 0
configure:4495: gcc -E  conftest.c
conftest.c:11:10: fatal error: ac_nonexistent.h: No such file or directory
 #include <ac_nonexistent.h>
          ^~~~~~~~~~~~~~~~~~
compilation terminated.
configure:4495: $? = 1
configure: failed program was:
| /* confdefs.h */
| #define PACKAGE_NAME "dummy"
| #define PACKAGE_TARNAME "dummy"
| #define PACKAGE_VERSION "0"
| #define PACKAGE_STRING "dummy 0"
| #define PACKAGE_BUGREPORT ""
| #define PACKAGE_URL ""
| #define PACKAGE "dummy"
| #define VERSION "0"
| /* end confdefs.h.  */
| #include <ac_nonexistent.h>
configure:4524: checking for grep that handles long lines and -e
configure:4582: result: /bin/grep
configure:4587: checking for egrep
configure:4649: result: /bin/grep -E
configure:4656: checking for Minix Amsterdam compiler
configure:4680: result: no
configure:4732: checking for ar
configure:4748: found /usr/bin/ar
configure:4759: result: ar
configure:4839: checking for ranlib
configure:4855: found /usr/bin/ranlib
configure:4866: result: ranlib
configure:4895: checking for ANSI C header files
configure:4915: gcc -c -g -O2  conftest.c >&5
configure:4915: $? = 0
configure:4988: gcc -o conftest -g -O2   conftest.c  >&5
configure:4988: $? = 0
configure:4988: ./conftest
configure:4988: $? = 0
configure:4999: result: yes
configure:5012: checking for sys/types.h
configure:5012: gcc -c -g -O2  conftest.c >&5
configure:5012: $? = 0
configure:5012: result: yes
configure:5012: checking for sys/stat.h
configure:5012: gcc -c -g -O2  conftest.c >&5
configure:5012: $? = 0
configure:5012: result: yes
configure:5012: checking for stdlib.h
configure:5012: gcc -c -g -O2  conftest.c >&5
configure:5012: $? = 0
configure:5012: result: yes
configure:5012: checking for string.h
configure:5012: gcc -c -g -O2  conftest.c >&5
configure:5012: $? = 0
configure:5012: result: yes
configure:5012: checking for memory.h
configure:5012: gcc -c -g -O2  conftest.c >&5
configure:5012: $? = 0
configure:5012: result: yes
configure:5012: checking for strings.h
configure:5012: gcc -c -g -O2  conftest.c >&5
configure:5012: $? = 0
configure:5012: result: yes
configure:5012: checking for inttypes.h
configure:5012: gcc -c -g -O2  conftest.c >&5
configure:5012: $? = 0
configure:5012: result: yes
configure:5012: checking for stdint.h
configure:5012: gcc -c -g -O2  conftest.c >&5
configure:5012: $? = 0
configure:5012: result: yes
configure:5012: checking for unistd.h
configure:5012: gcc -c -g -O2  conftest.c >&5
configure:5012: $? = 0
configure:5012: result: yes
configure:5025: checking minix/config.h usability
configure:5025: gcc -c -g -O2  conftest.c >&5
conftest.c:54:10: fatal error: minix/config.h: No such file or directory
 #include <minix/config.h>
          ^~~~~~~~~~~~~~~~
compilation terminated.
configure:5025: $? = 1
configure: failed program was:
| /* confdefs.h */
| #define PACKAGE_NAME "dummy"
| #define PACKAGE_TARNAME "dummy"
| #define PACKAGE_VERSION "0"
| #define PACKAGE_STRING "dummy 0"
| #define PACKAGE_BUGREPORT ""
| #define PACKAGE_URL ""
| #define PACKAGE "dummy"
| #define VERSION "0"
| #define STDC_HEADERS 1
| #define HAVE_SYS_TYPES_H 1
| #define HAVE_SYS_STAT_H 1
| #define HAVE_STDLIB_H 1
| #define HAVE_STRING_H 1
| #define HAVE_MEMORY_H 1
| #define HAVE_STRINGS_H 1
| #define HAVE_INTTYPES_H 1
| #define HAVE_STDINT_H 1
| #define HAVE_UNISTD_H 1
| /* end confdefs.h.  */
| #include <stdio.h>
| #ifdef HAVE_SYS_TYPES_H
| # include <sys/types.h>
| #endif
| #ifdef HAVE_SYS_STAT_H
| # include <sys/stat.h>
| #endif
| #ifdef STDC_HEADERS
| # include <stdlib.h>
| # include <stddef.h>
| #else
| # ifdef HAVE_STDLIB_H
| #  include <stdlib.h>
| # endif
| #endif
| #ifdef HAVE_STRING_H
| # if !defined STDC_HEADERS && defined HAVE_MEMORY_H
| #  include <memory.h>
| # endif
| # include <string.h>
| #endif
| #ifdef HAVE_STRINGS_H
| # include <strings.h>
| #endif
| #ifdef HAVE_INTTYPES_H
| # include <inttypes.h>
| #endif
| #ifdef HAVE_STDINT_H
| # include <stdint.h>
| #endif
| #ifdef HAVE_UNISTD_H
| # include <unistd.h>
| #endif
| #include <minix/config.h>
configure:5025: result: no
configure:5025: checking minix/config.h presence
configure:5025: gcc -E  conftest.c
conftest.c:21:10: fatal error: minix/config.h: No such file or directory
 #include <minix/config.h>
          ^~~~~~~~~~~~~~~~
compilation terminated.
configure:5025: $? = 1
configure: failed program was:
| /* confdefs.h */
| #define PACKAGE_NAME "dummy"
| #define PACKAGE_TARNAME "dummy"
| #define PACKAGE_VERSION "0"
| #define PACKAGE_STRING "dummy 0"
| #define PACKAGE_BUGREPORT ""
| #define PACKAGE_URL ""
| #define PACKAGE "dummy"
| #define VERSION "0"
| #define STDC_HEADERS 1
| #define HAVE_SYS_TYPES_H 1
| #define HAVE_SYS_STAT_H 1
| #define HAVE_STDLIB_H 1
| #define HAVE_STRING_H 1
| #define HAVE_MEMORY_H 1
| #define HAVE_STRINGS_H 1
| #define HAVE_INTTYPES_H 1
| #define HAVE_STDINT_H 1
| #define HAVE_UNISTD_H 1
| /* end confdefs.h.  */
| #include <minix/config.h>
configure:5025: result: no
configure:5025: checking for minix/config.h
configure:5025: result: no
configure:5049: checking whether it is safe to define __EXTENSIONS__
configure:5067: gcc -c -g -O2  conftest.c >&5
configure:5067: $? = 0
configure:5074: result: yes
configure:5089: checking whether _XOPEN_SOURCE should be defined
configure:5108: gcc -c -g -O2  conftest.c >&5
configure:5108: $? = 0
configure:5132: result: no
configure:5183: checking for unsigned long long int
configure:5222: gcc -o conftest -g -O2   conftest.c  >&5
configure:5222: $? = 0
configure:5231: result: yes
configure:5241: checking for long long int
configure:5279: gcc -o conftest -g -O2   conftest.c  >&5
configure:5279: $? = 0
configure:5279: ./conftest
configure:5279: $? = 0
configure:5291: result: yes
configure:5306: checking wchar.h usability
configure:5306: gcc -c -g -O2  conftest.c >&5
configure:5306: $? = 0
configure:5306: result: yes
configure:5306: checking wchar.h presence
configure:5306: gcc -E  conftest.c
configure:5306: $? = 0
configure:5306: result: yes
configure:5306: checking for wchar.h
configure:5306: result: yes
configure:5306: checking for stdint.h
configure:5306: result: yes
configure:5306: checking for inttypes.h
configure:5306: result: yes
configure:5306: checking for unistd.h
configure:5306: result: yes
configure:5306: checking features.h usability
configure:5306: gcc -c -g -O2  conftest.c >&5
configure:5306: $? = 0
configure:5306: result: yes
configure:5306: checking features.h presence
configure:5306: gcc -E  conftest.c
configure:5306: $? = 0
configure:5306: result: yes
configure:5306: checking for features.h
configure:5306: result: yes
configure:5306: checking wctype.h usability
configure:5306: gcc -c -g -O2  conftest.c >&5
configure:5306: $? = 0
configure:5306: result: yes
configure:5306: checking wctype.h presence
configure:5306: gcc -E  conftest.c
configure:5306: $? = 0
configure:5306: result: yes
configure:5306: checking for wctype.h
configure:5306: result: yes
configure:5322: checking whether the preprocessor supports include_next
configure:5360: gcc -c -g -O2  -Iconftestd1b -Iconftestd2 conftest.c >&5
configure:5360: $? = 0
configure:5381: result: yes
configure:5402: checking whether system header files limit the line length
configure:5425: result: no
configure:5449: gcc -c -g -O2  conftest.c >&5
conftest.c:36:10: error: unknown type name 'not'
          not a universal capable compiler
          ^~~
conftest.c:36:16: error: expected '=', ',', ';', 'asm' or '__attribute__' before 'universal'
          not a universal capable compiler
                ^~~~~~~~~
conftest.c:36:16: error: unknown type name 'universal'
configure:5449: $? = 1
configure: failed program was:
| /* confdefs.h */
| #define PACKAGE_NAME "dummy"
| #define PACKAGE_TARNAME "dummy"
| #define PACKAGE_VERSION "0"
| #define PACKAGE_STRING "dummy 0"
| #define PACKAGE_BUGREPORT ""
| #define PACKAGE_URL ""
| #define PACKAGE "dummy"
| #define VERSION "0"
| #define STDC_HEADERS 1
| #define HAVE_SYS_TYPES_H 1
| #define HAVE_SYS_STAT_H 1
| #define HAVE_STDLIB_H 1
| #define HAVE_STRING_H 1
| #define HAVE_MEMORY_H 1
| #define HAVE_STRINGS_H 1
| #define HAVE_INTTYPES_H 1
| #define HAVE_STDINT_H 1
| #define HAVE_UNISTD_H 1
| #define __EXTENSIONS__ 1
| #define _ALL_SOURCE 1
| #define _DARWIN_C_SOURCE 1
| #define _GNU_SOURCE 1
| #define _POSIX_PTHREAD_SEMANTICS 1
| #define _TANDEM_SOURCE 1
| #define HAVE_UNSIGNED_LONG_LONG_INT 1
| #define HAVE_LONG_LONG_INT 1
| #define HAVE_WCHAR_H 1
| #define HAVE_STDINT_H 1
| #define HAVE_INTTYPES_H 1
| #define HAVE_UNISTD_H 1
| #define HAVE_FEATURES_H 1
| #define HAVE_WCTYPE_H 1
| /* end confdefs.h.  */
| #ifndef __APPLE_CC__
|          not a universal capable compiler
|         #endif
|         typedef int dummy;
| 
configure:5614: checking whether stdint.h conforms to C99
configure:5783: gcc -c -g -O2  conftest.c >&5
configure:5783: $? = 0
configure:5863: gcc -o conftest -g -O2   conftest.c  >&5
configure:5863: $? = 0
configure:5863: ./conftest
configure:5863: $? = 0
configure:5875: result: yes
configure:6337: checking whether imaxabs is declared without a macro
configure:6355: gcc -c -g -O2  conftest.c >&5
configure:6355: $? = 0
configure:6363: result: yes
configure:6337: checking whether imaxdiv is declared without a macro
configure:6355: gcc -c -g -O2  conftest.c >&5
configure:6355: $? = 0
configure:6363: result: yes
configure:6337: checking whether strtoimax is declared without a macro
configure:6355: gcc -c -g -O2  conftest.c >&5
configure:6355: $? = 0
configure:6363: result: yes
configure:6337: checking whether strtoumax is declared without a macro
configure:6355: gcc -c -g -O2  conftest.c >&5
configure:6355: $? = 0
configure:6363: result: yes
configure:6378: checking for inttypes.h
configure:6378: result: yes
configure:6389: checking whether the inttypes.h PRIxNN macros are broken
configure:6411: gcc -c -g -O2  conftest.c >&5
configure:6411: $? = 0
configure:6419: result: no
configure:6435: checking for nl_langinfo and CODESET
configure:6451: gcc -o conftest -g -O2   conftest.c  >&5
configure:6451: $? = 0
configure:6460: result: yes
configure:6480: checking for symlink
configure:6480: gcc -o conftest -g -O2   conftest.c  >&5
configure:6480: $? = 0
configure:6480: result: yes
configure:6480: checking for iswcntrl
configure:6480: gcc -o conftest -g -O2   conftest.c  >&5
conftest.c:65:6: warning: conflicting types for built-in function 'iswcntrl' [-Wbuiltin-declaration-mismatch]
 char iswcntrl ();
      ^~~~~~~~
configure:6480: $? = 0
configure:6480: result: yes
configure:6480: checking for wcwidth
configure:6480: gcc -o conftest -g -O2   conftest.c  >&5
configure:6480: $? = 0
configure:6480: result: yes
configure:6510: checking for working fcntl.h
configure:6613: gcc -o conftest -g -O2   conftest.c  >&5
configure:6613: $? = 0
configure:6613: ./conftest
configure:6613: $? = 0
configure:6628: result: yes
configure:6652: checking whether getc_unlocked is declared
configure:6652: gcc -c -g -O2  conftest.c >&5
configure:6652: $? = 0
configure:6652: result: yes
configure:6665: checking whether we are using the GNU C Library >= 2.1 or uClibc
configure:6695: result: yes
configure:6701: checking for stdbool.h that conforms to C99
configure:6768: gcc -c -g -O2  conftest.c >&5
configure:6768: $? = 0
configure:6775: result: yes
configure:6777: checking for _Bool
configure:6777: gcc -c -g -O2  conftest.c >&5
configure:6777: $? = 0
configure:6777: gcc -c -g -O2  conftest.c >&5
conftest.c: In function 'main':
conftest.c:83:20: error: expected expression before ')' token
 if (sizeof ((_Bool)))
                    ^
configure:6777: $? = 1
configure: failed program was:
| /* confdefs.h */
| #define PACKAGE_NAME "dummy"
| #define PACKAGE_TARNAME "dummy"
| #define PACKAGE_VERSION "0"
| #define PACKAGE_STRING "dummy 0"
| #define PACKAGE_BUGREPORT ""
| #define PACKAGE_URL ""
| #define PACKAGE "dummy"
| #define VERSION "0"
| #define STDC_HEADERS 1
| #define HAVE_SYS_TYPES_H 1
| #define HAVE_SYS_STAT_H 1
| #define HAVE_STDLIB_H 1
| #define HAVE_STRING_H 1
| #define HAVE_MEMORY_H 1
| #define HAVE_STRINGS_H 1
| #define HAVE_INTTYPES_H 1
| #define HAVE_STDINT_H 1
| #define HAVE_UNISTD_H 1
| #define __EXTENSIONS__ 1
| #define _ALL_SOURCE 1
| #define _DARWIN_C_SOURCE 1
| #define _GNU_SOURCE 1
| #define _POSIX_PTHREAD_SEMANTICS 1
| #define _TANDEM_SOURCE 1
| #define HAVE_UNSIGNED_LONG_LONG_INT 1
| #define HAVE_LONG_LONG_INT 1
| #define HAVE_WCHAR_H 1
| #define HAVE_STDINT_H 1
| #define HAVE_INTTYPES_H 1
| #define HAVE_UNISTD_H 1
| #define HAVE_FEATURES_H 1
| #define HAVE_WCTYPE_H 1
| #define HAVE_RAW_DECL_IMAXABS 1
| #define HAVE_RAW_DECL_IMAXDIV 1
| #define HAVE_RAW_DECL_STRTOIMAX 1
| #define HAVE_RAW_DECL_STRTOUMAX 1
| #define HAVE_INTTYPES_H 1
| #define HAVE_LANGINFO_CODESET 1
| #define HAVE_SYMLINK 1
| #define HAVE_ISWCNTRL 1
| #define HAVE_WCWIDTH 1
| #define HAVE_WORKING_O_NOATIME 1
| #define HAVE_WORKING_O_NOFOLLOW 1
| #define HAVE_DECL_GETC_UNLOCKED 1
| /* end confdefs.h.  */
| #include <stdio.h>
| #ifdef HAVE_SYS_TYPES_H
| # include <sys/types.h>
| #endif
| #ifdef HAVE_SYS_STAT_H
| # include <sys/stat.h>
| #endif
| #ifdef STDC_HEADERS
| # include <stdlib.h>
| # include <stddef.h>
| #else
| # ifdef HAVE_STDLIB_H
| #  include <stdlib.h>
| # endif
| #endif
| #ifdef HAVE_STRING_H
| # if !defined STDC_HEADERS && defined HAVE_MEMORY_H
| #  include <memory.h>
| # endif
| # include <string.h>
| #endif
| #ifdef HAVE_STRINGS_H
| # include <strings.h>
| #endif
| #ifdef HAVE_INTTYPES_H
| # include <inttypes.h>
| #endif
| #ifdef HAVE_STDINT_H
| # include <stdint.h>
| #endif
| #ifdef HAVE_UNISTD_H
| # include <unistd.h>
| #endif
| int
| main ()
| {
| if (sizeof ((_Bool)))
| 	    return 0;
|   ;
|   return 0;
| }
configure:6777: result: yes
configure:6793: checking for wchar_t
configure:6810: gcc -c -g -O2  conftest.c >&5
configure:6810: $? = 0
configure:6817: result: yes
configure:6948: checking whether <wchar.h> uses 'inline' correctly
configure:6970: gcc -c -g -O2  conftest.c >&5
configure:6973: $? = 0
configure:6991: gcc -c -g -O2  conftest.c >&5
configure:6994: $? = 0
configure:7007: result: yes
configure:7042: checking for wint_t
configure:7067: gcc -c -g -O2  conftest.c >&5
configure:7067: $? = 0
configure:7074: result: yes
configure:7191: gcc -c -g -O2  conftest.c >&5
conftest.c:52:23: error: conflicting types for 'foo'
            extern int foo;
                       ^~~
conftest.c:51:28: note: previous declaration of 'foo' was here
            extern intptr_t foo;
                            ^~~
configure:7191: $? = 1
configure: failed program was:
| /* confdefs.h */
| #define PACKAGE_NAME "dummy"
| #define PACKAGE_TARNAME "dummy"
| #define PACKAGE_VERSION "0"
| #define PACKAGE_STRING "dummy 0"
| #define PACKAGE_BUGREPORT ""
| #define PACKAGE_URL ""
| #define PACKAGE "dummy"
| #define VERSION "0"
| #define STDC_HEADERS 1
| #define HAVE_SYS_TYPES_H 1
| #define HAVE_SYS_STAT_H 1
| #define HAVE_STDLIB_H 1
| #define HAVE_STRING_H 1
| #define HAVE_MEMORY_H 1
| #define HAVE_STRINGS_H 1
| #define HAVE_INTTYPES_H 1
| #define HAVE_STDINT_H 1
| #define HAVE_UNISTD_H 1
| #define __EXTENSIONS__ 1
| #define _ALL_SOURCE 1
| #define _DARWIN_C_SOURCE 1
| #define _GNU_SOURCE 1
| #define _POSIX_PTHREAD_SEMANTICS 1
| #define _TANDEM_SOURCE 1
| #define HAVE_UNSIGNED_LONG_LONG_INT 1
| #define HAVE_LONG_LONG_INT 1
| #define HAVE_WCHAR_H 1
| #define HAVE_STDINT_H 1
| #define HAVE_INTTYPES_H 1
| #define HAVE_UNISTD_H 1
| #define HAVE_FEATURES_H 1
| #define HAVE_WCTYPE_H 1
| #define HAVE_RAW_DECL_IMAXABS 1
| #define HAVE_RAW_DECL_IMAXDIV 1
| #define HAVE_RAW_DECL_STRTOIMAX 1
| #define HAVE_RAW_DECL_STRTOUMAX 1
| #define HAVE_INTTYPES_H 1
| #define HAVE_LANGINFO_CODESET 1
| #define HAVE_SYMLINK 1
| #define HAVE_ISWCNTRL 1
| #define HAVE_WCWIDTH 1
| #define HAVE_WORKING_O_NOATIME 1
| #define HAVE_WORKING_O_NOFOLLOW 1
| #define HAVE_DECL_GETC_UNLOCKED 1
| #define HAVE__BOOL 1
| #define HAVE_WCHAR_T 1
| #define HAVE_WINT_T 1
| /* end confdefs.h.  */
| #include <stdint.h>
|            extern intptr_t foo;
|            extern int foo;
| int
| main ()
| {
| 
|   ;
|   return 0;
| }
configure:7191: gcc -c -g -O2  conftest.c >&5
configure:7191: $? = 0
configure:7201: checking whether INT32_MAX < INTMAX_MAX
configure:7235: gcc -c -g -O2  conftest.c >&5
configure:7235: $? = 0
configure:7242: result: yes
configure:7253: checking whether INT64_MAX == LONG_MAX
configure:7287: gcc -c -g -O2  conftest.c >&5
configure:7287: $? = 0
configure:7294: result: yes
configure:7307: checking whether UINT32_MAX < UINTMAX_MAX
configure:7341: gcc -c -g -O2  conftest.c >&5
configure:7341: $? = 0
configure:7348: result: yes
configure:7359: checking whether UINT64_MAX == ULONG_MAX
configure:7393: gcc -c -g -O2  conftest.c >&5
configure:7393: $? = 0
configure:7400: result: yes
configure:7467: checking whether NULL can be used in arbitrary expressions
configure:7485: gcc -c -g -O2  conftest.c >&5
configure:7485: $? = 0
configure:7492: result: yes
configure:7764: checking whether btowc is declared without a macro
configure:7792: gcc -c -g -O2  conftest.c >&5
configure:7792: $? = 0
configure:7800: result: yes
configure:7764: checking whether wctob is declared without a macro
configure:7792: gcc -c -g -O2  conftest.c >&5
configure:7792: $? = 0
configure:7800: result: yes
configure:7764: checking whether mbsinit is declared without a macro
configure:7792: gcc -c -g -O2  conftest.c >&5
configure:7792: $? = 0
configure:7800: result: yes
configure:7764: checking whether mbrtowc is declared without a macro
configure:7792: gcc -c -g -O2  conftest.c >&5
configure:7792: $? = 0
configure:7800: result: yes
configure:7764: checking whether mbrlen is declared without a macro
configure:7792: gcc -c -g -O2  conftest.c >&5
configure:7792: $? = 0
configure:7800: result: yes
configure:7764: checking whether mbsrtowcs is declared without a macro
configure:7792: gcc -c -g -O2  conftest.c >&5
configure:7792: $? = 0
configure:7800: result: yes
configure:7764: checking whether mbsnrtowcs is declared without a macro
configure:7792: gcc -c -g -O2  conftest.c >&5
configure:7792: $? = 0
configure:7800: result: yes
configure:7764: checking whether wcrtomb is declared without a macro
configure:7792: gcc -c -g -O2  conftest.c >&5
configure:7792: $? = 0
configure:7800: result: yes
configure:7764: checking whether wcsrtombs is declared without a macro
configure:7792: gcc -c -g -O2  conftest.c >&5
configure:7792: $? = 0
configure:7800: result: yes
configure:7764: checking whether wcsnrtombs is declared without a macro
configure:7792: gcc -c -g -O2  conftest.c >&5
configure:7792: $? = 0
configure:7800: result: yes
configure:7764: checking whether wcwidth is declared without a macro
configure:7792: gcc -c -g -O2  conftest.c >&5
configure:7792: $? = 0
configure:7800: result: yes
configure:7764: checking whether wmemchr is declared without a macro
configure:7792: gcc -c -g -O2  conftest.c >&5
configure:7792: $? = 0
configure:7800: result: yes
configure:7764: checking whether wmemcmp is declared without a macro
configure:7792: gcc -c -g -O2  conftest.c >&5
configure:7792: $? = 0
configure:7800: result: yes
configure:7764: checking whether wmemcpy is declared without a macro
configure:7792: gcc -c -g -O2  conftest.c >&5
configure:7792: $? = 0
configure:7800: result: yes
configure:7764: checking whether wmemmove is declared without a macro
configure:7792: gcc -c -g -O2  conftest.c >&5
configure:7792: $? = 0
configure:7800: result: yes
configure:7764: checking whether wmemset is declared without a macro
configure:7792: gcc -c -g -O2  conftest.c >&5
configure:7792: $? = 0
configure:7800: result: yes
configure:7764: checking whether wcslen is declared without a macro
configure:7792: gcc -c -g -O2  conftest.c >&5
configure:7792: $? = 0
configure:7800: result: yes
configure:7764: checking whether wcsnlen is declared without a macro
configure:7792: gcc -c -g -O2  conftest.c >&5
configure:7792: $? = 0
configure:7800: result: yes
configure:7764: checking whether wcscpy is declared without a macro
configure:7792: gcc -c -g -O2  conftest.c >&5
configure:7792: $? = 0
configure:7800: result: yes
configure:7764: checking whether wcpcpy is declared without a macro
configure:7792: gcc -c -g -O2  conftest.c >&5
configure:7792: $? = 0
configure:7800: result: yes
configure:7764: checking whether wcsncpy is declared without a macro
configure:7792: gcc -c -g -O2  conftest.c >&5
configure:7792: $? = 0
configure:7800: result: yes
configure:7764: checking whether wcpncpy is declared without a macro
configure:7792: gcc -c -g -O2  conftest.c >&5
configure:7792: $? = 0
configure:7800: result: yes
configure:7764: checking whether wcscat is declared without a macro
configure:7792: gcc -c -g -O2  conftest.c >&5
configure:7792: $? = 0
configure:7800: result: yes
configure:7764: checking whether wcsncat is declared without a macro
configure:7792: gcc -c -g -O2  conftest.c >&5
configure:7792: $? = 0
configure:7800: result: yes
configure:7764: checking whether wcscmp is declared without a macro
configure:7792: gcc -c -g -O2  conftest.c >&5
configure:7792: $? = 0
configure:7800: result: yes
configure:7764: checking whether wcsncmp is declared without a macro
configure:7792: gcc -c -g -O2  conftest.c >&5
configure:7792: $? = 0
configure:7800: result: yes
configure:7764: checking whether wcscasecmp is declared without a macro
configure:7792: gcc -c -g -O2  conftest.c >&5
configure:7792: $? = 0
configure:7800: result: yes
configure:7764: checking whether wcsncasecmp is declared without a macro
configure:7792: gcc -c -g -O2  conftest.c >&5
configure:7792: $? = 0
configure:7800: result: yes
configure:7764: checking whether wcscoll is declared without a macro
configure:7792: gcc -c -g -O2  conftest.c >&5
configure:7792: $? = 0
configure:7800: result: yes
configure:7764: checking whether wcsxfrm is declared without a macro
configure:7792: gcc -c -g -O2  conftest.c >&5
configure:7792: $? = 0
configure:7800: result: yes
configure:7764: checking whether wcsdup is declared without a macro
configure:7792: gcc -c -g -O2  conftest.c >&5
configure:7792: $? = 0
configure:7800: result: yes
configure:7764: checking whether wcschr is declared without a macro
configure:7792: gcc -c -g -O2  conftest.c >&5
configure:7792: $? = 0
configure:7800: result: yes
configure:7764: checking whether wcsrchr is declared without a macro
configure:7792: gcc -c -g -O2  conftest.c >&5
configure:7792: $? = 0
configure:7800: result: yes
configure:7764: checking whether wcscspn is declared without a macro
configure:7792: gcc -c -g -O2  conftest.c >&5
configure:7792: $? = 0
configure:7800: result: yes
configure:7764: checking whether wcsspn is declared without a macro
configure:7792: gcc -c -g -O2  conftest.c >&5
configure:7792: $? = 0
configure:7800: result: yes
configure:7764: checking whether wcspbrk is declared without a macro
configure:7792: gcc -c -g -O2  conftest.c >&5
configure:7792: $? = 0
configure:7800: result: yes
configure:7764: checking whether wcsstr is declared without a macro
configure:7792: gcc -c -g -O2  conftest.c >&5
configure:7792: $? = 0
configure:7800: result: yes
configure:7764: checking whether wcstok is declared without a macro
configure:7792: gcc -c -g -O2  conftest.c >&5
configure:7792: $? = 0
configure:7800: result: yes
configure:7764: checking whether wcswidth is declared without a macro
configure:7792: gcc -c -g -O2  conftest.c >&5
configure:7792: $? = 0
configure:7800: result: yes
configure:7920: checking whether iswcntrl works
configure:7964: gcc -o conftest -g -O2   conftest.c  >&5
configure:7964: $? = 0
configure:7964: ./conftest
configure:7964: $? = 0
configure:7975: result: yes
configure:7999: checking for towlower
configure:7999: gcc -o conftest -g -O2   conftest.c  >&5
conftest.c:112:6: warning: conflicting types for built-in function 'towlower' [-Wbuiltin-declaration-mismatch]
 char towlower ();
      ^~~~~~~~
configure:7999: $? = 0
configure:7999: result: yes
configure:8047: checking for wctype_t
configure:8075: gcc -c -g -O2  conftest.c >&5
configure:8075: $? = 0
configure:8083: result: yes
configure:8089: checking for wctrans_t
configure:8115: gcc -c -g -O2  conftest.c >&5
configure:8115: $? = 0
configure:8123: result: yes
configure:8132: checking whether wctype is declared without a macro
configure:8161: gcc -c -g -O2  conftest.c >&5
configure:8161: $? = 0
configure:8169: result: yes
configure:8132: checking whether iswctype is declared without a macro
configure:8161: gcc -c -g -O2  conftest.c >&5
configure:8161: $? = 0
configure:8169: result: yes
configure:8132: checking whether wctrans is declared without a macro
configure:8161: gcc -c -g -O2  conftest.c >&5
configure:8161: $? = 0
configure:8169: result: yes
configure:8132: checking whether towctrans is declared without a macro
configure:8161: gcc -c -g -O2  conftest.c >&5
configure:8161: $? = 0
configure:8169: result: yes
configure:8204: checking whether wcwidth is declared
configure:8204: result: yes
configure:8233: checking whether wcwidth works reasonably in UTF-8 locales
configure:8284: gcc -o conftest -g -O2   conftest.c  >&5
configure:8284: $? = 0
configure:8284: ./conftest
configure:8284: $? = 0
configure:8295: result: yes
configure:8458: checking that generated files are newer than configure
configure:8464: result: done
configure:8523: creating ./config.status

## ---------------------- ##
## Running config.status. ##
## ---------------------- ##

This file was extended by dummy config.status 0, which was
generated by GNU Autoconf 2.69.  Invocation command line was

  CONFIG_FILES    = 
  CONFIG_HEADERS  = 
  CONFIG_LINKS    = 
  CONFIG_COMMANDS = 
  $ ./config.status 

on ip-172-31-5-17

config.status:1124: creating Makefile
config.status:1124: creating lib/Makefile
config.status:1124: creating m4/Makefile
config.status:1124: creating config.h
config.status:1353: executing depfiles commands

## ---------------- ##
## Cache variables. ##
## ---------------- ##

ac_cv_build=x86_64-unknown-linux-gnu
ac_cv_c_compiler_gnu=yes
ac_cv_env_CC_set=
ac_cv_env_CC_value=
ac_cv_env_CFLAGS_set=
ac_cv_env_CFLAGS_value=
ac_cv_env_CPPFLAGS_set=
ac_cv_env_CPPFLAGS_value=
ac_cv_env_CPP_set=
ac_cv_env_CPP_value=
ac_cv_env_LDFLAGS_set=
ac_cv_env_LDFLAGS_value=
ac_cv_env_LIBS_set=
ac_cv_env_LIBS_value=
ac_cv_env_build_alias_set=
ac_cv_env_build_alias_value=
ac_cv_env_host_alias_set=
ac_cv_env_host_alias_value=
ac_cv_env_target_alias_set=
ac_cv_env_target_alias_value=
ac_cv_func_iswcntrl=yes
ac_cv_func_symlink=yes
ac_cv_func_towlower=yes
ac_cv_func_wcwidth=yes
ac_cv_gnu_library_2_1=yes
ac_cv_have_decl_btowc=yes
ac_cv_have_decl_getc_unlocked=yes
ac_cv_have_decl_imaxabs=yes
ac_cv_have_decl_imaxdiv=yes
ac_cv_have_decl_iswctype=yes
ac_cv_have_decl_mbrlen=yes
ac_cv_have_decl_mbrtowc=yes
ac_cv_have_decl_mbsinit=yes
ac_cv_have_decl_mbsnrtowcs=yes
ac_cv_have_decl_mbsrtowcs=yes
ac_cv_have_decl_strtoimax=yes
ac_cv_have_decl_strtoumax=yes
ac_cv_have_decl_towctrans=yes
ac_cv_have_decl_wcpcpy=yes
ac_cv_have_decl_wcpncpy=yes
ac_cv_have_decl_wcrtomb=yes
ac_cv_have_decl_wcscasecmp=yes
ac_cv_have_decl_wcscat=yes
ac_cv_have_decl_wcschr=yes
ac_cv_have_decl_wcscmp=yes
ac_cv_have_decl_wcscoll=yes
ac_cv_have_decl_wcscpy=yes
ac_cv_have_decl_wcscspn=yes
ac_cv_have_decl_wcsdup=yes
ac_cv_have_decl_wcslen=yes
ac_cv_have_decl_wcsncasecmp=yes
ac_cv_have_decl_wcsncat=yes
ac_cv_have_decl_wcsncmp=yes
ac_cv_have_decl_wcsncpy=yes
ac_cv_have_decl_wcsnlen=yes
ac_cv_have_decl_wcsnrtombs=yes
ac_cv_have_decl_wcspbrk=yes
ac_cv_have_decl_wcsrchr=yes
ac_cv_have_decl_wcsrtombs=yes
ac_cv_have_decl_wcsspn=yes
ac_cv_have_decl_wcsstr=yes
ac_cv_have_decl_wcstok=yes
ac_cv_have_decl_wcswidth=yes
ac_cv_have_decl_wcsxfrm=yes
ac_cv_have_decl_wctob=yes
ac_cv_have_decl_wctrans=yes
ac_cv_have_decl_wctype=yes
ac_cv_have_decl_wcwidth=yes
ac_cv_have_decl_wmemchr=yes
ac_cv_have_decl_wmemcmp=yes
ac_cv_have_decl_wmemcpy=yes
ac_cv_have_decl_wmemmove=yes
ac_cv_have_decl_wmemset=yes
ac_cv_header_features_h=yes
ac_cv_header_inttypes_h=yes
ac_cv_header_memory_h=yes
ac_cv_header_minix_config_h=no
ac_cv_header_stdbool_h=yes
ac_cv_header_stdc=yes
ac_cv_header_stdint_h=yes
ac_cv_header_stdlib_h=yes
ac_cv_header_string_h=yes
ac_cv_header_strings_h=yes
ac_cv_header_sys_stat_h=yes
ac_cv_header_sys_types_h=yes
ac_cv_header_unistd_h=yes
ac_cv_header_wchar_h=yes
ac_cv_header_wctype_h=yes
ac_cv_host=x86_64-unknown-linux-gnu
ac_cv_objext=o
ac_cv_path_EGREP='/bin/grep -E'
ac_cv_path_GREP=/bin/grep
ac_cv_path_install='/usr/bin/install -c'
ac_cv_path_mkdir=/bin/mkdir
ac_cv_prog_AWK=gawk
ac_cv_prog_CPP='gcc -E'
ac_cv_prog_ac_ct_AR=ar
ac_cv_prog_ac_ct_CC=gcc
ac_cv_prog_ac_ct_RANLIB=ranlib
ac_cv_prog_cc_c89=
ac_cv_prog_cc_g=yes
ac_cv_prog_make_make_set=yes
ac_cv_safe_to_define___extensions__=yes
ac_cv_should_define__xopen_source=no
ac_cv_type__Bool=yes
ac_cv_type_long_long_int=yes
ac_cv_type_unsigned_long_long_int=yes
am_cv_CC_dependencies_compiler_type=gcc3
am_cv_langinfo_codeset=yes
am_cv_make_support_nested_variables=yes
am_cv_prog_cc_c_o=yes
gl_cv_c_amsterdam_compiler=no
gl_cv_c_multiarch=no
gl_cv_decl_null_works=yes
gl_cv_func_iswcntrl_works=yes
gl_cv_func_wcwidth_works=yes
gl_cv_have_include_next=yes
gl_cv_have_raw_decl_btowc=yes
gl_cv_have_raw_decl_imaxabs=yes
gl_cv_have_raw_decl_imaxdiv=yes
gl_cv_have_raw_decl_iswctype=yes
gl_cv_have_raw_decl_mbrlen=yes
gl_cv_have_raw_decl_mbrtowc=yes
gl_cv_have_raw_decl_mbsinit=yes
gl_cv_have_raw_decl_mbsnrtowcs=yes
gl_cv_have_raw_decl_mbsrtowcs=yes
gl_cv_have_raw_decl_strtoimax=yes
gl_cv_have_raw_decl_strtoumax=yes
gl_cv_have_raw_decl_towctrans=yes
gl_cv_have_raw_decl_wcpcpy=yes
gl_cv_have_raw_decl_wcpncpy=yes
gl_cv_have_raw_decl_wcrtomb=yes
gl_cv_have_raw_decl_wcscasecmp=yes
gl_cv_have_raw_decl_wcscat=yes
gl_cv_have_raw_decl_wcschr=yes
gl_cv_have_raw_decl_wcscmp=yes
gl_cv_have_raw_decl_wcscoll=yes
gl_cv_have_raw_decl_wcscpy=yes
gl_cv_have_raw_decl_wcscspn=yes
gl_cv_have_raw_decl_wcsdup=yes
gl_cv_have_raw_decl_wcslen=yes
gl_cv_have_raw_decl_wcsncasecmp=yes
gl_cv_have_raw_decl_wcsncat=yes
gl_cv_have_raw_decl_wcsncmp=yes
gl_cv_have_raw_decl_wcsncpy=yes
gl_cv_have_raw_decl_wcsnlen=yes
gl_cv_have_raw_decl_wcsnrtombs=yes
gl_cv_have_raw_decl_wcspbrk=yes
gl_cv_have_raw_decl_wcsrchr=yes
gl_cv_have_raw_decl_wcsrtombs=yes
gl_cv_have_raw_decl_wcsspn=yes
gl_cv_have_raw_decl_wcsstr=yes
gl_cv_have_raw_decl_wcstok=yes
gl_cv_have_raw_decl_wcswidth=yes
gl_cv_have_raw_decl_wcsxfrm=yes
gl_cv_have_raw_decl_wctob=yes
gl_cv_have_raw_decl_wctrans=yes
gl_cv_have_raw_decl_wctype=yes
gl_cv_have_raw_decl_wcwidth=yes
gl_cv_have_raw_decl_wmemchr=yes
gl_cv_have_raw_decl_wmemcmp=yes
gl_cv_have_raw_decl_wmemcpy=yes
gl_cv_have_raw_decl_wmemmove=yes
gl_cv_have_raw_decl_wmemset=yes
gl_cv_header_wchar_h_correct_inline=yes
gl_cv_header_working_fcntl_h=yes
gl_cv_header_working_stdint_h=yes
gl_cv_next_inttypes_h='<inttypes.h>'
gl_cv_next_stdint_h='<stdint.h>'
gl_cv_next_wchar_h='<wchar.h>'
gl_cv_next_wctype_h='<wctype.h>'
gl_cv_pragma_columns=no
gl_cv_test_INT32_MAX_LT_INTMAX_MAX=yes
gl_cv_test_INT64_MAX_EQ_LONG_MAX=yes
gl_cv_test_UINT32_MAX_LT_UINTMAX_MAX=yes
gl_cv_test_UINT64_MAX_EQ_ULONG_MAX=yes
gl_cv_type_wctrans_t=yes
gl_cv_type_wctype_t=yes
gt_cv_c_wchar_t=yes
gt_cv_c_wint_t=yes
gt_cv_inttypes_pri_broken=no

## ----------------- ##
## Output variables. ##
## ----------------- ##

ACLOCAL='aclocal-1.14'
AMDEPBACKSLASH='\'
AMDEP_FALSE='#'
AMDEP_TRUE=''
AMTAR='$${TAR-tar}'
AM_BACKSLASH='\'
AM_DEFAULT_V='$(AM_DEFAULT_VERBOSITY)'
AM_DEFAULT_VERBOSITY='1'
AM_V='$(V)'
APPLE_UNIVERSAL_BUILD='0'
AR='ar'
ARFLAGS='cru'
AUTOCONF='autoconf'
AUTOHEADER='autoheader'
AUTOMAKE='automake-1.14'
AWK='gawk'
BITSIZEOF_PTRDIFF_T=''
BITSIZEOF_SIG_ATOMIC_T=''
BITSIZEOF_SIZE_T=''
BITSIZEOF_WCHAR_T=''
BITSIZEOF_WINT_T=''
CC='gcc'
CCDEPMODE='depmode=gcc3'
CFLAGS='-g -O2'
CPP='gcc -E'
CPPFLAGS=''
CYGPATH_W='echo'
DEFS='-DHAVE_CONFIG_H'
DEPDIR='.deps'
ECHO_C=''
ECHO_N='-n'
ECHO_T=''
EGREP='/bin/grep -E'
EXEEXT=''
GLIBC21='yes'
GL_COND_LIBTOOL_FALSE=''
GL_COND_LIBTOOL_TRUE='#'
GL_GENERATE_STDBOOL_H_FALSE=''
GL_GENERATE_STDBOOL_H_TRUE='#'
GL_GENERATE_STDDEF_H_FALSE=''
GL_GENERATE_STDDEF_H_TRUE='#'
GL_GENERATE_STDINT_H_FALSE=''
GL_GENERATE_STDINT_H_TRUE='#'
GNULIB_BTOWC='0'
GNULIB_IMAXABS='0'
GNULIB_IMAXDIV='0'
GNULIB_ISWBLANK='0'
GNULIB_ISWCTYPE='0'
GNULIB_MBRLEN='0'
GNULIB_MBRTOWC='0'
GNULIB_MBSINIT='0'
GNULIB_MBSNRTOWCS='0'
GNULIB_MBSRTOWCS='0'
GNULIB_STRTOIMAX='0'
GNULIB_STRTOUMAX='0'
GNULIB_TOWCTRANS='0'
GNULIB_WCPCPY='0'
GNULIB_WCPNCPY='0'
GNULIB_WCRTOMB='0'
GNULIB_WCSCASECMP='0'
GNULIB_WCSCAT='0'
GNULIB_WCSCHR='0'
GNULIB_WCSCMP='0'
GNULIB_WCSCOLL='0'
GNULIB_WCSCPY='0'
GNULIB_WCSCSPN='0'
GNULIB_WCSDUP='0'
GNULIB_WCSLEN='0'
GNULIB_WCSNCASECMP='0'
GNULIB_WCSNCAT='0'
GNULIB_WCSNCMP='0'
GNULIB_WCSNCPY='0'
GNULIB_WCSNLEN='0'
GNULIB_WCSNRTOMBS='0'
GNULIB_WCSPBRK='0'
GNULIB_WCSRCHR='0'
GNULIB_WCSRTOMBS='0'
GNULIB_WCSSPN='0'
GNULIB_WCSSTR='0'
GNULIB_WCSTOK='0'
GNULIB_WCSWIDTH='0'
GNULIB_WCSXFRM='0'
GNULIB_WCTOB='0'
GNULIB_WCTRANS='0'
GNULIB_WCTYPE='0'
GNULIB_WCWIDTH='1'
GNULIB_WMEMCHR='0'
GNULIB_WMEMCMP='0'
GNULIB_WMEMCPY='0'
GNULIB_WMEMMOVE='0'
GNULIB_WMEMSET='0'
GREP='/bin/grep'
HAVE_BTOWC='1'
HAVE_DECL_IMAXABS='1'
HAVE_DECL_IMAXDIV='1'
HAVE_DECL_STRTOIMAX='1'
HAVE_DECL_STRTOUMAX='1'
HAVE_DECL_WCTOB='1'
HAVE_DECL_WCWIDTH='1'
HAVE_FEATURES_H='1'
HAVE_INTTYPES_H='1'
HAVE_ISWBLANK='1'
HAVE_ISWCNTRL='1'
HAVE_LONG_LONG_INT='1'
HAVE_MBRLEN='1'
HAVE_MBRTOWC='1'
HAVE_MBSINIT='1'
HAVE_MBSNRTOWCS='1'
HAVE_MBSRTOWCS='1'
HAVE_SIGNED_SIG_ATOMIC_T=''
HAVE_SIGNED_WCHAR_T=''
HAVE_SIGNED_WINT_T=''
HAVE_STDINT_H='1'
HAVE_SYS_BITYPES_H=''
HAVE_SYS_INTTYPES_H=''
HAVE_SYS_TYPES_H='1'
HAVE_UNSIGNED_LONG_LONG_INT='1'
HAVE_WCHAR_H='1'
HAVE_WCHAR_T='1'
HAVE_WCPCPY='1'
HAVE_WCPNCPY='1'
HAVE_WCRTOMB='1'
HAVE_WCSCASECMP='1'
HAVE_WCSCAT='1'
HAVE_WCSCHR='1'
HAVE_WCSCMP='1'
HAVE_WCSCOLL='1'
HAVE_WCSCPY='1'
HAVE_WCSCSPN='1'
HAVE_WCSDUP='1'
HAVE_WCSLEN='1'
HAVE_WCSNCASECMP='1'
HAVE_WCSNCAT='1'
HAVE_WCSNCMP='1'
HAVE_WCSNCPY='1'
HAVE_WCSNLEN='1'
HAVE_WCSNRTOMBS='1'
HAVE_WCSPBRK='1'
HAVE_WCSRCHR='1'
HAVE_WCSRTOMBS='1'
HAVE_WCSSPN='1'
HAVE_WCSSTR='1'
HAVE_WCSTOK='1'
HAVE_WCSWIDTH='1'
HAVE_WCSXFRM='1'
HAVE_WCTRANS_T='1'
HAVE_WCTYPE_H='1'
HAVE_WCTYPE_T='1'
HAVE_WINT_T='1'
HAVE_WMEMCHR='1'
HAVE_WMEMCMP='1'
HAVE_WMEMCPY='1'
HAVE_WMEMMOVE='1'
HAVE_WMEMSET='1'
HAVE__BOOL='1'
INCLUDE_NEXT='include_next'
INCLUDE_NEXT_AS_FIRST_DIRECTIVE='include_next'
INSTALL_DATA='${INSTALL} -m 644'
INSTALL_PROGRAM='${INSTALL}'
INSTALL_SCRIPT='${INSTALL}'
INSTALL_STRIP_PROGRAM='$(install_sh) -c -s'
INT32_MAX_LT_INTMAX_MAX='1'
INT64_MAX_EQ_LONG_MAX='1'
LDFLAGS=''
LIBGNU_LIBDEPS=''
LIBGNU_LTLIBDEPS=''
LIBOBJS=''
LIBS=''
LIBUNISTRING_COMPILE_UNIWIDTH_WIDTH_FALSE='#'
LIBUNISTRING_COMPILE_UNIWIDTH_WIDTH_TRUE=''
LIBUNISTRING_UNITYPES_H='unitypes.h'
LIBUNISTRING_UNIWIDTH_H='uniwidth.h'
LOCALCHARSET_TESTS_ENVIRONMENT='CHARSETALIASDIR="$(abs_top_builddir)/lib"'
LTLIBOBJS=''
MAKEINFO='makeinfo'
MKDIR_P='/bin/mkdir -p'
NEXT_AS_FIRST_DIRECTIVE_INTTYPES_H='<inttypes.h>'
NEXT_AS_FIRST_DIRECTIVE_STDDEF_H=''
NEXT_AS_FIRST_DIRECTIVE_STDINT_H='<stdint.h>'
NEXT_AS_FIRST_DIRECTIVE_WCHAR_H='<wchar.h>'
NEXT_AS_FIRST_DIRECTIVE_WCTYPE_H='<wctype.h>'
NEXT_INTTYPES_H='<inttypes.h>'
NEXT_STDDEF_H=''
NEXT_STDINT_H='<stdint.h>'
NEXT_WCHAR_H='<wchar.h>'
NEXT_WCTYPE_H='<wctype.h>'
OBJEXT='o'
PACKAGE='dummy'
PACKAGE_BUGREPORT=''
PACKAGE_NAME='dummy'
PACKAGE_STRING='dummy 0'
PACKAGE_TARNAME='dummy'
PACKAGE_URL=''
PACKAGE_VERSION='0'
PATH_SEPARATOR=':'
PRAGMA_COLUMNS=''
PRAGMA_SYSTEM_HEADER='#pragma GCC system_header'
PRIPTR_PREFIX='"l"'
PRI_MACROS_BROKEN='0'
PTRDIFF_T_SUFFIX=''
RANLIB='ranlib'
REPLACE_BTOWC='0'
REPLACE_ISWBLANK='0'
REPLACE_ISWCNTRL='0'
REPLACE_MBRLEN='0'
REPLACE_MBRTOWC='0'
REPLACE_MBSINIT='0'
REPLACE_MBSNRTOWCS='0'
REPLACE_MBSRTOWCS='0'
REPLACE_MBSTATE_T='0'
REPLACE_NULL='0'
REPLACE_STRTOIMAX='0'
REPLACE_TOWLOWER='0'
REPLACE_WCRTOMB='0'
REPLACE_WCSNRTOMBS='0'
REPLACE_WCSRTOMBS='0'
REPLACE_WCSWIDTH='0'
REPLACE_WCTOB='0'
REPLACE_WCWIDTH='0'
SET_MAKE=''
SHELL='/bin/sh'
SIG_ATOMIC_T_SUFFIX=''
SIZE_T_SUFFIX=''
STDBOOL_H=''
STDDEF_H=''
STDINT_H=''
STRIP=''
UINT32_MAX_LT_UINTMAX_MAX='1'
UINT64_MAX_EQ_ULONG_MAX='1'
VERSION='0'
WCHAR_T_SUFFIX=''
WINT_T_SUFFIX=''
ac_ct_CC='gcc'
am__EXEEXT_FALSE=''
am__EXEEXT_TRUE='#'
am__fastdepCC_FALSE='#'
am__fastdepCC_TRUE=''
am__include='include'
am__isrc=''
am__leading_dot='.'
am__nodep='_no'
am__quote=''
am__tar='$${TAR-tar} chof - "$$tardir"'
am__untar='$${TAR-tar} xf -'
bindir='${exec_prefix}/bin'
build='x86_64-unknown-linux-gnu'
build_alias=''
build_cpu='x86_64'
build_os='linux-gnu'
build_vendor='unknown'
datadir='${datarootdir}'
datarootdir='${prefix}/share'
docdir='${datarootdir}/doc/${PACKAGE_TARNAME}'
dvidir='${docdir}'
exec_prefix='${prefix}'
gl_LIBOBJS=''
gl_LTLIBOBJS=''
host='x86_64-unknown-linux-gnu'
host_alias=''
host_cpu='x86_64'
host_os='linux-gnu'
host_vendor='unknown'
htmldir='${docdir}'
includedir='${prefix}/include'
infodir='${datarootdir}/info'
install_sh='${SHELL} /sources/groff-1.22.3/src/libs/gnulib/build-aux/install-sh'
libdir='${exec_prefix}/lib'
libexecdir='${exec_prefix}/libexec'
lispdir='${datarootdir}/emacs/site-lisp'
localedir='${datarootdir}/locale'
localstatedir='${prefix}/var'
mandir='${datarootdir}/man'
mkdir_p='$(MKDIR_P)'
oldincludedir='/usr/include'
pdfdir='${docdir}'
pkglibexecdir='${libexecdir}/${PACKAGE}'
prefix='/usr'
program_transform_name='s,x,x,'
psdir='${docdir}'
runstatedir='${localstatedir}/run'
sbindir='${exec_prefix}/sbin'
sharedstatedir='${prefix}/com'
sysconfdir='${prefix}/etc'
target_alias=''

## ----------- ##
## confdefs.h. ##
## ----------- ##

/* confdefs.h */
#define PACKAGE_NAME "dummy"
#define PACKAGE_TARNAME "dummy"
#define PACKAGE_VERSION "0"
#define PACKAGE_STRING "dummy 0"
#define PACKAGE_BUGREPORT ""
#define PACKAGE_URL ""
#define PACKAGE "dummy"
#define VERSION "0"
#define STDC_HEADERS 1
#define HAVE_SYS_TYPES_H 1
#define HAVE_SYS_STAT_H 1
#define HAVE_STDLIB_H 1
#define HAVE_STRING_H 1
#define HAVE_MEMORY_H 1
#define HAVE_STRINGS_H 1
#define HAVE_INTTYPES_H 1
#define HAVE_STDINT_H 1
#define HAVE_UNISTD_H 1
#define __EXTENSIONS__ 1
#define _ALL_SOURCE 1
#define _DARWIN_C_SOURCE 1
#define _GNU_SOURCE 1
#define _POSIX_PTHREAD_SEMANTICS 1
#define _TANDEM_SOURCE 1
#define HAVE_UNSIGNED_LONG_LONG_INT 1
#define HAVE_LONG_LONG_INT 1
#define HAVE_WCHAR_H 1
#define HAVE_STDINT_H 1
#define HAVE_INTTYPES_H 1
#define HAVE_UNISTD_H 1
#define HAVE_FEATURES_H 1
#define HAVE_WCTYPE_H 1
#define HAVE_RAW_DECL_IMAXABS 1
#define HAVE_RAW_DECL_IMAXDIV 1
#define HAVE_RAW_DECL_STRTOIMAX 1
#define HAVE_RAW_DECL_STRTOUMAX 1
#define HAVE_INTTYPES_H 1
#define HAVE_LANGINFO_CODESET 1
#define HAVE_SYMLINK 1
#define HAVE_ISWCNTRL 1
#define HAVE_WCWIDTH 1
#define HAVE_WORKING_O_NOATIME 1
#define HAVE_WORKING_O_NOFOLLOW 1
#define HAVE_DECL_GETC_UNLOCKED 1
#define HAVE__BOOL 1
#define HAVE_WCHAR_T 1
#define HAVE_WINT_T 1
#define HAVE_RAW_DECL_BTOWC 1
#define HAVE_RAW_DECL_WCTOB 1
#define HAVE_RAW_DECL_MBSINIT 1
#define HAVE_RAW_DECL_MBRTOWC 1
#define HAVE_RAW_DECL_MBRLEN 1
#define HAVE_RAW_DECL_MBSRTOWCS 1
#define HAVE_RAW_DECL_MBSNRTOWCS 1
#define HAVE_RAW_DECL_WCRTOMB 1
#define HAVE_RAW_DECL_WCSRTOMBS 1
#define HAVE_RAW_DECL_WCSNRTOMBS 1
#define HAVE_RAW_DECL_WCWIDTH 1
#define HAVE_RAW_DECL_WMEMCHR 1
#define HAVE_RAW_DECL_WMEMCMP 1
#define HAVE_RAW_DECL_WMEMCPY 1
#define HAVE_RAW_DECL_WMEMMOVE 1
#define HAVE_RAW_DECL_WMEMSET 1
#define HAVE_RAW_DECL_WCSLEN 1
#define HAVE_RAW_DECL_WCSNLEN 1
#define HAVE_RAW_DECL_WCSCPY 1
#define HAVE_RAW_DECL_WCPCPY 1
#define HAVE_RAW_DECL_WCSNCPY 1
#define HAVE_RAW_DECL_WCPNCPY 1
#define HAVE_RAW_DECL_WCSCAT 1
#define HAVE_RAW_DECL_WCSNCAT 1
#define HAVE_RAW_DECL_WCSCMP 1
#define HAVE_RAW_DECL_WCSNCMP 1
#define HAVE_RAW_DECL_WCSCASECMP 1
#define HAVE_RAW_DECL_WCSNCASECMP 1
#define HAVE_RAW_DECL_WCSCOLL 1
#define HAVE_RAW_DECL_WCSXFRM 1
#define HAVE_RAW_DECL_WCSDUP 1
#define HAVE_RAW_DECL_WCSCHR 1
#define HAVE_RAW_DECL_WCSRCHR 1
#define HAVE_RAW_DECL_WCSCSPN 1
#define HAVE_RAW_DECL_WCSSPN 1
#define HAVE_RAW_DECL_WCSPBRK 1
#define HAVE_RAW_DECL_WCSSTR 1
#define HAVE_RAW_DECL_WCSTOK 1
#define HAVE_RAW_DECL_WCSWIDTH 1
#define HAVE_TOWLOWER 1
#define HAVE_RAW_DECL_WCTYPE 1
#define HAVE_RAW_DECL_ISWCTYPE 1
#define HAVE_RAW_DECL_WCTRANS 1
#define HAVE_RAW_DECL_TOWCTRANS 1
#define HAVE_DECL_WCWIDTH 1
#define GNULIB_TEST_WCWIDTH 1

configure: exit 0

## ---------------------- ##
## Running config.status. ##
## ---------------------- ##

This file was extended by dummy config.status 0, which was
generated by GNU Autoconf 2.69.  Invocation command line was

  CONFIG_FILES    = 
  CONFIG_HEADERS  = 
  CONFIG_LINKS    = 
  CONFIG_COMMANDS = 
  $ ./config.status config.h

on ip-172-31-5-17

config.status:1124: creating config.h
config.status:1305: config.h is unchanged
