This file contains any messages produced by compilers while
running configure, to aid debugging if configure makes a mistake.

It was created by bc configure 1.07.1, which was
generated by GNU Autoconf 2.69.  Invocation command line was

  $ ./configure --prefix=/usr --with-readline --mandir=/usr/share/man --infodir=/usr/share/info

## --------- ##
## Platform. ##
## --------- ##

hostname = ip-172-31-5-17
uname -m = x86_64
uname -r = 4.15.0-1021-aws
uname -s = Linux
uname -v = #21-Ubuntu SMP Tue Aug 28 10:23:07 UTC 2018

/usr/bin/uname -p = unknown
/bin/uname -X     = unknown

/bin/arch              = unknown
/usr/bin/arch -k       = unknown
/usr/convex/getsysinfo = unknown
/usr/bin/hostinfo      = unknown
/bin/machine           = unknown
/usr/bin/oslevel       = unknown
/bin/universe          = unknown

PATH: /bin
PATH: /usr/bin
PATH: /sbin
PATH: /usr/sbin
PATH: /tools/bin


## ----------- ##
## Core tests. ##
## ----------- ##

configure:2274: checking for a BSD-compatible install
configure:2342: result: /usr/bin/install -c
configure:2353: checking whether build environment is sane
configure:2408: result: yes
configure:2559: checking for a thread-safe mkdir -p
configure:2598: result: /tools/bin/mkdir -p
configure:2605: checking for gawk
configure:2621: found /tools/bin/gawk
configure:2632: result: gawk
configure:2643: checking whether make sets $(MAKE)
configure:2665: result: yes
configure:2694: checking whether make supports nested variables
configure:2711: result: yes
configure:2899: checking for gcc
configure:2915: found /tools/bin/gcc
configure:2926: result: gcc
configure:3155: checking for C compiler version
configure:3164: gcc --version >&5
gcc (GCC) 8.2.0
Copyright (C) 2018 Free Software Foundation, Inc.
This is free software; see the source for copying conditions.  There is NO
warranty; not even for MERCHANTABILITY or FITNESS FOR A PARTICULAR PURPOSE.

configure:3175: $? = 0
configure:3164: gcc -v >&5
Reading specs from /tools/lib/gcc/x86_64-pc-linux-gnu/8.2.0/specs
COLLECT_GCC=gcc
COLLECT_LTO_WRAPPER=/tools/libexec/gcc/x86_64-pc-linux-gnu/8.2.0/lto-wrapper
Target: x86_64-pc-linux-gnu
Configured with: ../configure --prefix=/tools --with-local-prefix=/tools --with-native-system-header-dir=/tools/include --enable-languages=c,c++ --disable-libstdcxx-pch --disable-multilib --disable-bootstrap --disable-libgomp
Thread model: posix
gcc version 8.2.0 (GCC) 
configure:3175: $? = 0
configure:3164: gcc -V >&5
gcc: error: unrecognized command line option '-V'
gcc: fatal error: no input files
compilation terminated.
configure:3175: $? = 1
configure:3164: gcc -qversion >&5
gcc: error: unrecognized command line option '-qversion'; did you mean '--version'?
gcc: fatal error: no input files
compilation terminated.
configure:3175: $? = 1
configure:3195: checking whether the C compiler works
configure:3217: gcc    conftest.c  >&5
configure:3221: $? = 0
configure:3269: result: yes
configure:3272: checking for C compiler default output file name
configure:3274: result: a.out
configure:3280: checking for suffix of executables
configure:3287: gcc -o conftest    conftest.c  >&5
configure:3291: $? = 0
configure:3313: result: 
configure:3335: checking whether we are cross compiling
configure:3343: gcc -o conftest    conftest.c  >&5
configure:3347: $? = 0
configure:3354: ./conftest
configure:3358: $? = 0
configure:3373: result: no
configure:3378: checking for suffix of object files
configure:3400: gcc -c   conftest.c >&5
configure:3404: $? = 0
configure:3425: result: o
configure:3429: checking whether we are using the GNU C compiler
configure:3448: gcc -c   conftest.c >&5
configure:3448: $? = 0
configure:3457: result: yes
configure:3466: checking whether gcc accepts -g
configure:3486: gcc -c -g  conftest.c >&5
configure:3486: $? = 0
configure:3527: result: yes
configure:3544: checking for gcc option to accept ISO C89
configure:3607: gcc  -c -g -O2  conftest.c >&5
configure:3607: $? = 0
configure:3620: result: none needed
configure:3645: checking whether gcc understands -c and -o together
configure:3667: gcc -c conftest.c -o conftest2.o
configure:3670: $? = 0
configure:3667: gcc -c conftest.c -o conftest2.o
configure:3670: $? = 0
configure:3682: result: yes
configure:3710: checking for style of include used by make
configure:3738: result: GNU
configure:3764: checking dependency style of gcc
configure:3875: result: gcc3
configure:3896: checking how to run the C preprocessor
configure:3927: gcc -E  conftest.c
configure:3927: $? = 0
configure:3941: gcc -E  conftest.c
conftest.c:14:10: fatal error: ac_nonexistent.h: No such file or directory
 #include <ac_nonexistent.h>
          ^~~~~~~~~~~~~~~~~~
compilation terminated.
configure:3941: $? = 1
configure: failed program was:
| /* confdefs.h */
| #define PACKAGE_NAME "bc"
| #define PACKAGE_TARNAME "bc"
| #define PACKAGE_VERSION "1.07.1"
| #define PACKAGE_STRING "bc 1.07.1"
| #define PACKAGE_BUGREPORT ""
| #define PACKAGE_URL ""
| #define PACKAGE "bc"
| #define VERSION "1.07.1"
| #define DC_VERSION "1.4.1"
| #define BC_COPYRIGHT "Copyright 1991-1994, 1997, 1998, 2000, 2004, 2006, 2008, 2012-2017 Free Software Foundation, Inc."
| #define DC_COPYRIGHT "Copyright 1994, 1997, 1998, 2000, 2001, 2003-2006, 2008, 2010, 2012-2017 Free Software Foundation, Inc."
| /* end confdefs.h.  */
| #include <ac_nonexistent.h>
configure:3966: result: gcc -E
configure:3986: gcc -E  conftest.c
configure:3986: $? = 0
configure:4000: gcc -E  conftest.c
conftest.c:14:10: fatal error: ac_nonexistent.h: No such file or directory
 #include <ac_nonexistent.h>
          ^~~~~~~~~~~~~~~~~~
compilation terminated.
configure:4000: $? = 1
configure: failed program was:
| /* confdefs.h */
| #define PACKAGE_NAME "bc"
| #define PACKAGE_TARNAME "bc"
| #define PACKAGE_VERSION "1.07.1"
| #define PACKAGE_STRING "bc 1.07.1"
| #define PACKAGE_BUGREPORT ""
| #define PACKAGE_URL ""
| #define PACKAGE "bc"
| #define VERSION "1.07.1"
| #define DC_VERSION "1.4.1"
| #define BC_COPYRIGHT "Copyright 1991-1994, 1997, 1998, 2000, 2004, 2006, 2008, 2012-2017 Free Software Foundation, Inc."
| #define DC_COPYRIGHT "Copyright 1994, 1997, 1998, 2000, 2001, 2003-2006, 2008, 2010, 2012-2017 Free Software Foundation, Inc."
| /* end confdefs.h.  */
| #include <ac_nonexistent.h>
configure:4029: checking for grep that handles long lines and -e
configure:4087: result: /tools/bin/grep
configure:4092: checking for egrep
configure:4154: result: /tools/bin/grep -E
configure:4159: checking for ANSI C header files
configure:4179: gcc -c -g -O2  conftest.c >&5
configure:4179: $? = 0
configure:4252: gcc -o conftest -g -O2   conftest.c  >&5
configure:4252: $? = 0
configure:4252: ./conftest
configure:4252: $? = 0
configure:4263: result: yes
configure:4276: checking for sys/types.h
configure:4276: gcc -c -g -O2  conftest.c >&5
configure:4276: $? = 0
configure:4276: result: yes
configure:4276: checking for sys/stat.h
configure:4276: gcc -c -g -O2  conftest.c >&5
configure:4276: $? = 0
configure:4276: result: yes
configure:4276: checking for stdlib.h
configure:4276: gcc -c -g -O2  conftest.c >&5
configure:4276: $? = 0
configure:4276: result: yes
configure:4276: checking for string.h
configure:4276: gcc -c -g -O2  conftest.c >&5
configure:4276: $? = 0
configure:4276: result: yes
configure:4276: checking for memory.h
configure:4276: gcc -c -g -O2  conftest.c >&5
configure:4276: $? = 0
configure:4276: result: yes
configure:4276: checking for strings.h
configure:4276: gcc -c -g -O2  conftest.c >&5
configure:4276: $? = 0
configure:4276: result: yes
configure:4276: checking for inttypes.h
configure:4276: gcc -c -g -O2  conftest.c >&5
configure:4276: $? = 0
configure:4276: result: yes
configure:4276: checking for stdint.h
configure:4276: gcc -c -g -O2  conftest.c >&5
configure:4276: $? = 0
configure:4276: result: yes
configure:4276: checking for unistd.h
configure:4276: gcc -c -g -O2  conftest.c >&5
configure:4276: $? = 0
configure:4276: result: yes
configure:4289: checking minix/config.h usability
configure:4289: gcc -c -g -O2  conftest.c >&5
conftest.c:57:10: fatal error: minix/config.h: No such file or directory
 #include <minix/config.h>
          ^~~~~~~~~~~~~~~~
compilation terminated.
configure:4289: $? = 1
configure: failed program was:
| /* confdefs.h */
| #define PACKAGE_NAME "bc"
| #define PACKAGE_TARNAME "bc"
| #define PACKAGE_VERSION "1.07.1"
| #define PACKAGE_STRING "bc 1.07.1"
| #define PACKAGE_BUGREPORT ""
| #define PACKAGE_URL ""
| #define PACKAGE "bc"
| #define VERSION "1.07.1"
| #define DC_VERSION "1.4.1"
| #define BC_COPYRIGHT "Copyright 1991-1994, 1997, 1998, 2000, 2004, 2006, 2008, 2012-2017 Free Software Foundation, Inc."
| #define DC_COPYRIGHT "Copyright 1994, 1997, 1998, 2000, 2001, 2003-2006, 2008, 2010, 2012-2017 Free Software Foundation, Inc."
| #define STDC_HEADERS 1
| #define HAVE_SYS_TYPES_H 1
| #define HAVE_SYS_STAT_H 1
| #define HAVE_STDLIB_H 1
| #define HAVE_STRING_H 1
| #define HAVE_MEMORY_H 1
| #define HAVE_STRINGS_H 1
| #define HAVE_INTTYPES_H 1
| #define HAVE_STDINT_H 1
| #define HAVE_UNISTD_H 1
| /* end confdefs.h.  */
| #include <stdio.h>
| #ifdef HAVE_SYS_TYPES_H
| # include <sys/types.h>
| #endif
| #ifdef HAVE_SYS_STAT_H
| # include <sys/stat.h>
| #endif
| #ifdef STDC_HEADERS
| # include <stdlib.h>
| # include <stddef.h>
| #else
| # ifdef HAVE_STDLIB_H
| #  include <stdlib.h>
| # endif
| #endif
| #ifdef HAVE_STRING_H
| # if !defined STDC_HEADERS && defined HAVE_MEMORY_H
| #  include <memory.h>
| # endif
| # include <string.h>
| #endif
| #ifdef HAVE_STRINGS_H
| # include <strings.h>
| #endif
| #ifdef HAVE_INTTYPES_H
| # include <inttypes.h>
| #endif
| #ifdef HAVE_STDINT_H
| # include <stdint.h>
| #endif
| #ifdef HAVE_UNISTD_H
| # include <unistd.h>
| #endif
| #include <minix/config.h>
configure:4289: result: no
configure:4289: checking minix/config.h presence
configure:4289: gcc -E  conftest.c
conftest.c:24:10: fatal error: minix/config.h: No such file or directory
 #include <minix/config.h>
          ^~~~~~~~~~~~~~~~
compilation terminated.
configure:4289: $? = 1
configure: failed program was:
| /* confdefs.h */
| #define PACKAGE_NAME "bc"
| #define PACKAGE_TARNAME "bc"
| #define PACKAGE_VERSION "1.07.1"
| #define PACKAGE_STRING "bc 1.07.1"
| #define PACKAGE_BUGREPORT ""
| #define PACKAGE_URL ""
| #define PACKAGE "bc"
| #define VERSION "1.07.1"
| #define DC_VERSION "1.4.1"
| #define BC_COPYRIGHT "Copyright 1991-1994, 1997, 1998, 2000, 2004, 2006, 2008, 2012-2017 Free Software Foundation, Inc."
| #define DC_COPYRIGHT "Copyright 1994, 1997, 1998, 2000, 2001, 2003-2006, 2008, 2010, 2012-2017 Free Software Foundation, Inc."
| #define STDC_HEADERS 1
| #define HAVE_SYS_TYPES_H 1
| #define HAVE_SYS_STAT_H 1
| #define HAVE_STDLIB_H 1
| #define HAVE_STRING_H 1
| #define HAVE_MEMORY_H 1
| #define HAVE_STRINGS_H 1
| #define HAVE_INTTYPES_H 1
| #define HAVE_STDINT_H 1
| #define HAVE_UNISTD_H 1
| /* end confdefs.h.  */
| #include <minix/config.h>
configure:4289: result: no
configure:4289: checking for minix/config.h
configure:4289: result: no
configure:4310: checking whether it is safe to define __EXTENSIONS__
configure:4328: gcc -c -g -O2  conftest.c >&5
configure:4328: $? = 0
configure:4335: result: yes
configure:4354: checking for flex
configure:4384: result: no
configure:4354: checking for lex
configure:4384: result: no
configure:4561: checking for ar
configure:4577: found /tools/bin/ar
configure:4588: result: ar
configure:4614: checking the archiver (ar) interface
configure:4630: gcc -c -g -O2  conftest.c >&5
configure:4630: $? = 0
configure:4632: ar cru libconftest.a conftest.o >&5
configure:4635: $? = 0
configure:4663: result: ar
configure:4687: checking for bison
configure:4703: found /tools/bin/bison
configure:4714: result: bison -y
configure:4770: checking for ranlib
configure:4786: found /tools/bin/ranlib
configure:4797: result: ranlib
configure:4819: checking whether make sets $(MAKE)
configure:4841: result: yes
configure:4857: checking for stdarg.h
configure:4857: gcc -c -g -O2  conftest.c >&5
configure:4857: $? = 0
configure:4857: result: yes
configure:4857: checking for stddef.h
configure:4857: gcc -c -g -O2  conftest.c >&5
configure:4857: $? = 0
configure:4857: result: yes
configure:4857: checking for stdlib.h
configure:4857: result: yes
configure:4857: checking for string.h
configure:4857: result: yes
configure:4857: checking for errno.h
configure:4857: gcc -c -g -O2  conftest.c >&5
configure:4857: $? = 0
configure:4857: result: yes
configure:4857: checking for limits.h
configure:4857: gcc -c -g -O2  conftest.c >&5
configure:4857: $? = 0
configure:4857: result: yes
configure:4857: checking for unistd.h
configure:4857: result: yes
configure:4857: checking for lib.h
configure:4857: gcc -c -g -O2  conftest.c >&5
conftest.c:70:10: fatal error: lib.h: No such file or directory
 #include <lib.h>
          ^~~~~~~
compilation terminated.
configure:4857: $? = 1
configure: failed program was:
| /* confdefs.h */
| #define PACKAGE_NAME "bc"
| #define PACKAGE_TARNAME "bc"
| #define PACKAGE_VERSION "1.07.1"
| #define PACKAGE_STRING "bc 1.07.1"
| #define PACKAGE_BUGREPORT ""
| #define PACKAGE_URL ""
| #define PACKAGE "bc"
| #define VERSION "1.07.1"
| #define DC_VERSION "1.4.1"
| #define BC_COPYRIGHT "Copyright 1991-1994, 1997, 1998, 2000, 2004, 2006, 2008, 2012-2017 Free Software Foundation, Inc."
| #define DC_COPYRIGHT "Copyright 1994, 1997, 1998, 2000, 2001, 2003-2006, 2008, 2010, 2012-2017 Free Software Foundation, Inc."
| #define STDC_HEADERS 1
| #define HAVE_SYS_TYPES_H 1
| #define HAVE_SYS_STAT_H 1
| #define HAVE_STDLIB_H 1
| #define HAVE_STRING_H 1
| #define HAVE_MEMORY_H 1
| #define HAVE_STRINGS_H 1
| #define HAVE_INTTYPES_H 1
| #define HAVE_STDINT_H 1
| #define HAVE_UNISTD_H 1
| #define __EXTENSIONS__ 1
| #define _ALL_SOURCE 1
| #define _GNU_SOURCE 1
| #define _POSIX_PTHREAD_SEMANTICS 1
| #define _TANDEM_SOURCE 1
| #define HAVE_STDARG_H 1
| #define HAVE_STDDEF_H 1
| #define HAVE_STDLIB_H 1
| #define HAVE_STRING_H 1
| #define HAVE_ERRNO_H 1
| #define HAVE_LIMITS_H 1
| #define HAVE_UNISTD_H 1
| /* end confdefs.h.  */
| #include <stdio.h>
| #ifdef HAVE_SYS_TYPES_H
| # include <sys/types.h>
| #endif
| #ifdef HAVE_SYS_STAT_H
| # include <sys/stat.h>
| #endif
| #ifdef STDC_HEADERS
| # include <stdlib.h>
| # include <stddef.h>
| #else
| # ifdef HAVE_STDLIB_H
| #  include <stdlib.h>
| # endif
| #endif
| #ifdef HAVE_STRING_H
| # if !defined STDC_HEADERS && defined HAVE_MEMORY_H
| #  include <memory.h>
| # endif
| # include <string.h>
| #endif
| #ifdef HAVE_STRINGS_H
| # include <strings.h>
| #endif
| #ifdef HAVE_INTTYPES_H
| # include <inttypes.h>
| #endif
| #ifdef HAVE_STDINT_H
| # include <stdint.h>
| #endif
| #ifdef HAVE_UNISTD_H
| # include <unistd.h>
| #endif
| 
| #include <lib.h>
configure:4857: result: no
configure:4885: checking for an ANSI C-conforming const
configure:4951: gcc -c -g -O2  conftest.c >&5
configure:4951: $? = 0
configure:4958: result: yes
configure:4966: checking for size_t
configure:4966: gcc -c -g -O2  conftest.c >&5
configure:4966: $? = 0
configure:4966: gcc -c -g -O2  conftest.c >&5
conftest.c: In function 'main':
conftest.c:72:21: error: expected expression before ')' token
 if (sizeof ((size_t)))
                     ^
configure:4966: $? = 1
configure: failed program was:
| /* confdefs.h */
| #define PACKAGE_NAME "bc"
| #define PACKAGE_TARNAME "bc"
| #define PACKAGE_VERSION "1.07.1"
| #define PACKAGE_STRING "bc 1.07.1"
| #define PACKAGE_BUGREPORT ""
| #define PACKAGE_URL ""
| #define PACKAGE "bc"
| #define VERSION "1.07.1"
| #define DC_VERSION "1.4.1"
| #define BC_COPYRIGHT "Copyright 1991-1994, 1997, 1998, 2000, 2004, 2006, 2008, 2012-2017 Free Software Foundation, Inc."
| #define DC_COPYRIGHT "Copyright 1994, 1997, 1998, 2000, 2001, 2003-2006, 2008, 2010, 2012-2017 Free Software Foundation, Inc."
| #define STDC_HEADERS 1
| #define HAVE_SYS_TYPES_H 1
| #define HAVE_SYS_STAT_H 1
| #define HAVE_STDLIB_H 1
| #define HAVE_STRING_H 1
| #define HAVE_MEMORY_H 1
| #define HAVE_STRINGS_H 1
| #define HAVE_INTTYPES_H 1
| #define HAVE_STDINT_H 1
| #define HAVE_UNISTD_H 1
| #define __EXTENSIONS__ 1
| #define _ALL_SOURCE 1
| #define _GNU_SOURCE 1
| #define _POSIX_PTHREAD_SEMANTICS 1
| #define _TANDEM_SOURCE 1
| #define HAVE_STDARG_H 1
| #define HAVE_STDDEF_H 1
| #define HAVE_STDLIB_H 1
| #define HAVE_STRING_H 1
| #define HAVE_ERRNO_H 1
| #define HAVE_LIMITS_H 1
| #define HAVE_UNISTD_H 1
| /* end confdefs.h.  */
| #include <stdio.h>
| #ifdef HAVE_SYS_TYPES_H
| # include <sys/types.h>
| #endif
| #ifdef HAVE_SYS_STAT_H
| # include <sys/stat.h>
| #endif
| #ifdef STDC_HEADERS
| # include <stdlib.h>
| # include <stddef.h>
| #else
| # ifdef HAVE_STDLIB_H
| #  include <stdlib.h>
| # endif
| #endif
| #ifdef HAVE_STRING_H
| # if !defined STDC_HEADERS && defined HAVE_MEMORY_H
| #  include <memory.h>
| # endif
| # include <string.h>
| #endif
| #ifdef HAVE_STRINGS_H
| # include <strings.h>
| #endif
| #ifdef HAVE_INTTYPES_H
| # include <inttypes.h>
| #endif
| #ifdef HAVE_STDINT_H
| # include <stdint.h>
| #endif
| #ifdef HAVE_UNISTD_H
| # include <unistd.h>
| #endif
| int
| main ()
| {
| if (sizeof ((size_t)))
| 	    return 0;
|   ;
|   return 0;
| }
configure:4966: result: yes
configure:4977: checking for ptrdiff_t
configure:4977: gcc -c -g -O2  conftest.c >&5
configure:4977: $? = 0
configure:4977: gcc -c -g -O2  conftest.c >&5
conftest.c: In function 'main':
conftest.c:72:24: error: expected expression before ')' token
 if (sizeof ((ptrdiff_t)))
                        ^
configure:4977: $? = 1
configure: failed program was:
| /* confdefs.h */
| #define PACKAGE_NAME "bc"
| #define PACKAGE_TARNAME "bc"
| #define PACKAGE_VERSION "1.07.1"
| #define PACKAGE_STRING "bc 1.07.1"
| #define PACKAGE_BUGREPORT ""
| #define PACKAGE_URL ""
| #define PACKAGE "bc"
| #define VERSION "1.07.1"
| #define DC_VERSION "1.4.1"
| #define BC_COPYRIGHT "Copyright 1991-1994, 1997, 1998, 2000, 2004, 2006, 2008, 2012-2017 Free Software Foundation, Inc."
| #define DC_COPYRIGHT "Copyright 1994, 1997, 1998, 2000, 2001, 2003-2006, 2008, 2010, 2012-2017 Free Software Foundation, Inc."
| #define STDC_HEADERS 1
| #define HAVE_SYS_TYPES_H 1
| #define HAVE_SYS_STAT_H 1
| #define HAVE_STDLIB_H 1
| #define HAVE_STRING_H 1
| #define HAVE_MEMORY_H 1
| #define HAVE_STRINGS_H 1
| #define HAVE_INTTYPES_H 1
| #define HAVE_STDINT_H 1
| #define HAVE_UNISTD_H 1
| #define __EXTENSIONS__ 1
| #define _ALL_SOURCE 1
| #define _GNU_SOURCE 1
| #define _POSIX_PTHREAD_SEMANTICS 1
| #define _TANDEM_SOURCE 1
| #define HAVE_STDARG_H 1
| #define HAVE_STDDEF_H 1
| #define HAVE_STDLIB_H 1
| #define HAVE_STRING_H 1
| #define HAVE_ERRNO_H 1
| #define HAVE_LIMITS_H 1
| #define HAVE_UNISTD_H 1
| /* end confdefs.h.  */
| #include <stdio.h>
| #ifdef HAVE_SYS_TYPES_H
| # include <sys/types.h>
| #endif
| #ifdef HAVE_SYS_STAT_H
| # include <sys/stat.h>
| #endif
| #ifdef STDC_HEADERS
| # include <stdlib.h>
| # include <stddef.h>
| #else
| # ifdef HAVE_STDLIB_H
| #  include <stdlib.h>
| # endif
| #endif
| #ifdef HAVE_STRING_H
| # if !defined STDC_HEADERS && defined HAVE_MEMORY_H
| #  include <memory.h>
| # endif
| # include <string.h>
| #endif
| #ifdef HAVE_STRINGS_H
| # include <strings.h>
| #endif
| #ifdef HAVE_INTTYPES_H
| # include <inttypes.h>
| #endif
| #ifdef HAVE_STDINT_H
| # include <stdint.h>
| #endif
| #ifdef HAVE_UNISTD_H
| # include <unistd.h>
| #endif
| int
| main ()
| {
| if (sizeof ((ptrdiff_t)))
| 	    return 0;
|   ;
|   return 0;
| }
configure:4977: result: yes
configure:4991: checking for vprintf
configure:4991: gcc -o conftest -g -O2   conftest.c  >&5
conftest.c:59:6: warning: conflicting types for built-in function 'vprintf' [-Wbuiltin-declaration-mismatch]
 char vprintf ();
      ^~~~~~~
configure:4991: $? = 0
configure:4991: result: yes
configure:4997: checking for _doprnt
configure:4997: gcc -o conftest -g -O2   conftest.c  >&5
/tools/lib/gcc/x86_64-pc-linux-gnu/8.2.0/../../../../x86_64-pc-linux-gnu/bin/ld: /tmp/ccUJCwLm.o: in function `main':
/sources/bc-1.07.1/conftest.c:71: undefined reference to `_doprnt'
collect2: error: ld returned 1 exit status
configure:4997: $? = 1
configure: failed program was:
| /* confdefs.h */
| #define PACKAGE_NAME "bc"
| #define PACKAGE_TARNAME "bc"
| #define PACKAGE_VERSION "1.07.1"
| #define PACKAGE_STRING "bc 1.07.1"
| #define PACKAGE_BUGREPORT ""
| #define PACKAGE_URL ""
| #define PACKAGE "bc"
| #define VERSION "1.07.1"
| #define DC_VERSION "1.4.1"
| #define BC_COPYRIGHT "Copyright 1991-1994, 1997, 1998, 2000, 2004, 2006, 2008, 2012-2017 Free Software Foundation, Inc."
| #define DC_COPYRIGHT "Copyright 1994, 1997, 1998, 2000, 2001, 2003-2006, 2008, 2010, 2012-2017 Free Software Foundation, Inc."
| #define STDC_HEADERS 1
| #define HAVE_SYS_TYPES_H 1
| #define HAVE_SYS_STAT_H 1
| #define HAVE_STDLIB_H 1
| #define HAVE_STRING_H 1
| #define HAVE_MEMORY_H 1
| #define HAVE_STRINGS_H 1
| #define HAVE_INTTYPES_H 1
| #define HAVE_STDINT_H 1
| #define HAVE_UNISTD_H 1
| #define __EXTENSIONS__ 1
| #define _ALL_SOURCE 1
| #define _GNU_SOURCE 1
| #define _POSIX_PTHREAD_SEMANTICS 1
| #define _TANDEM_SOURCE 1
| #define HAVE_STDARG_H 1
| #define HAVE_STDDEF_H 1
| #define HAVE_STDLIB_H 1
| #define HAVE_STRING_H 1
| #define HAVE_ERRNO_H 1
| #define HAVE_LIMITS_H 1
| #define HAVE_UNISTD_H 1
| #define HAVE_VPRINTF 1
| /* end confdefs.h.  */
| /* Define _doprnt to an innocuous variant, in case <limits.h> declares _doprnt.
|    For example, HP-UX 11i <limits.h> declares gettimeofday.  */
| #define _doprnt innocuous__doprnt
| 
| /* System header to define __stub macros and hopefully few prototypes,
|     which can conflict with char _doprnt (); below.
|     Prefer <limits.h> to <assert.h> if __STDC__ is defined, since
|     <limits.h> exists even on freestanding compilers.  */
| 
| #ifdef __STDC__
| # include <limits.h>
| #else
| # include <assert.h>
| #endif
| 
| #undef _doprnt
| 
| /* Override any GCC internal prototype to avoid an error.
|    Use char because int might match the return type of a GCC
|    builtin and then its argument prototype would still apply.  */
| #ifdef __cplusplus
| extern "C"
| #endif
| char _doprnt ();
| /* The GNU C library defines this for functions which it implements
|     to always fail with ENOSYS.  Some functions are actually named
|     something starting with __ and the normal name is an alias.  */
| #if defined __stub__doprnt || defined __stub____doprnt
| choke me
| #endif
| 
| int
| main ()
| {
| return _doprnt ();
|   ;
|   return 0;
| }
configure:4997: result: no
configure:5011: checking for isgraph
configure:5011: gcc -o conftest -g -O2   conftest.c  >&5
conftest.c:60:6: warning: conflicting types for built-in function 'isgraph' [-Wbuiltin-declaration-mismatch]
 char isgraph ();
      ^~~~~~~
configure:5011: $? = 0
configure:5011: result: yes
configure:5011: checking for setvbuf
configure:5011: gcc -o conftest -g -O2   conftest.c  >&5
configure:5011: $? = 0
configure:5011: result: yes
configure:5011: checking for fstat
configure:5011: gcc -o conftest -g -O2   conftest.c  >&5
configure:5011: $? = 0
configure:5011: result: yes
configure:5011: checking for strtol
configure:5011: gcc -o conftest -g -O2   conftest.c  >&5
configure:5011: $? = 0
configure:5011: result: yes
configure:5144: checking for tparm in -lncurses
configure:5169: gcc -o conftest -g -O2   conftest.c -lncurses   >&5
/tools/lib/gcc/x86_64-pc-linux-gnu/8.2.0/../../../../x86_64-pc-linux-gnu/bin/ld: cannot find -lncurses
collect2: error: ld returned 1 exit status
configure:5169: $? = 1
configure: failed program was:
| /* confdefs.h */
| #define PACKAGE_NAME "bc"
| #define PACKAGE_TARNAME "bc"
| #define PACKAGE_VERSION "1.07.1"
| #define PACKAGE_STRING "bc 1.07.1"
| #define PACKAGE_BUGREPORT ""
| #define PACKAGE_URL ""
| #define PACKAGE "bc"
| #define VERSION "1.07.1"
| #define DC_VERSION "1.4.1"
| #define BC_COPYRIGHT "Copyright 1991-1994, 1997, 1998, 2000, 2004, 2006, 2008, 2012-2017 Free Software Foundation, Inc."
| #define DC_COPYRIGHT "Copyright 1994, 1997, 1998, 2000, 2001, 2003-2006, 2008, 2010, 2012-2017 Free Software Foundation, Inc."
| #define STDC_HEADERS 1
| #define HAVE_SYS_TYPES_H 1
| #define HAVE_SYS_STAT_H 1
| #define HAVE_STDLIB_H 1
| #define HAVE_STRING_H 1
| #define HAVE_MEMORY_H 1
| #define HAVE_STRINGS_H 1
| #define HAVE_INTTYPES_H 1
| #define HAVE_STDINT_H 1
| #define HAVE_UNISTD_H 1
| #define __EXTENSIONS__ 1
| #define _ALL_SOURCE 1
| #define _GNU_SOURCE 1
| #define _POSIX_PTHREAD_SEMANTICS 1
| #define _TANDEM_SOURCE 1
| #define HAVE_STDARG_H 1
| #define HAVE_STDDEF_H 1
| #define HAVE_STDLIB_H 1
| #define HAVE_STRING_H 1
| #define HAVE_ERRNO_H 1
| #define HAVE_LIMITS_H 1
| #define HAVE_UNISTD_H 1
| #define HAVE_VPRINTF 1
| #define HAVE_ISGRAPH 1
| #define HAVE_SETVBUF 1
| #define HAVE_FSTAT 1
| #define HAVE_STRTOL 1
| /* end confdefs.h.  */
| 
| /* Override any GCC internal prototype to avoid an error.
|    Use char because int might match the return type of a GCC
|    builtin and then its argument prototype would still apply.  */
| #ifdef __cplusplus
| extern "C"
| #endif
| char tparm ();
| int
| main ()
| {
| return tparm ();
|   ;
|   return 0;
| }
configure:5178: result: no
configure:5183: checking for tgetent in -ltermcap
configure:5208: gcc -o conftest -g -O2   conftest.c -ltermcap   >&5
/tools/lib/gcc/x86_64-pc-linux-gnu/8.2.0/../../../../x86_64-pc-linux-gnu/bin/ld: cannot find -ltermcap
collect2: error: ld returned 1 exit status
configure:5208: $? = 1
configure: failed program was:
| /* confdefs.h */
| #define PACKAGE_NAME "bc"
| #define PACKAGE_TARNAME "bc"
| #define PACKAGE_VERSION "1.07.1"
| #define PACKAGE_STRING "bc 1.07.1"
| #define PACKAGE_BUGREPORT ""
| #define PACKAGE_URL ""
| #define PACKAGE "bc"
| #define VERSION "1.07.1"
| #define DC_VERSION "1.4.1"
| #define BC_COPYRIGHT "Copyright 1991-1994, 1997, 1998, 2000, 2004, 2006, 2008, 2012-2017 Free Software Foundation, Inc."
| #define DC_COPYRIGHT "Copyright 1994, 1997, 1998, 2000, 2001, 2003-2006, 2008, 2010, 2012-2017 Free Software Foundation, Inc."
| #define STDC_HEADERS 1
| #define HAVE_SYS_TYPES_H 1
| #define HAVE_SYS_STAT_H 1
| #define HAVE_STDLIB_H 1
| #define HAVE_STRING_H 1
| #define HAVE_MEMORY_H 1
| #define HAVE_STRINGS_H 1
| #define HAVE_INTTYPES_H 1
| #define HAVE_STDINT_H 1
| #define HAVE_UNISTD_H 1
| #define __EXTENSIONS__ 1
| #define _ALL_SOURCE 1
| #define _GNU_SOURCE 1
| #define _POSIX_PTHREAD_SEMANTICS 1
| #define _TANDEM_SOURCE 1
| #define HAVE_STDARG_H 1
| #define HAVE_STDDEF_H 1
| #define HAVE_STDLIB_H 1
| #define HAVE_STRING_H 1
| #define HAVE_ERRNO_H 1
| #define HAVE_LIMITS_H 1
| #define HAVE_UNISTD_H 1
| #define HAVE_VPRINTF 1
| #define HAVE_ISGRAPH 1
| #define HAVE_SETVBUF 1
| #define HAVE_FSTAT 1
| #define HAVE_STRTOL 1
| /* end confdefs.h.  */
| 
| /* Override any GCC internal prototype to avoid an error.
|    Use char because int might match the return type of a GCC
|    builtin and then its argument prototype would still apply.  */
| #ifdef __cplusplus
| extern "C"
| #endif
| char tgetent ();
| int
| main ()
| {
| return tgetent ();
|   ;
|   return 0;
| }
configure:5217: result: no
configure:5226: checking for readline in -lreadline
configure:5251: gcc -o conftest -g -O2    conftest.c -lreadline   >&5
configure:5251: $? = 0
configure:5260: result: yes
configure:5263: checking readline/readline.h usability
configure:5263: gcc -c -g -O2  conftest.c >&5
configure:5263: $? = 0
configure:5263: result: yes
configure:5263: checking readline/readline.h presence
configure:5263: gcc -E  conftest.c
configure:5263: $? = 0
configure:5263: result: yes
configure:5263: checking for readline/readline.h
configure:5263: result: yes
configure:5419: checking that generated files are newer than configure
configure:5425: result: done
configure:5448: creating ./config.status

## ---------------------- ##
## Running config.status. ##
## ---------------------- ##

This file was extended by bc config.status 1.07.1, which was
generated by GNU Autoconf 2.69.  Invocation command line was

  CONFIG_FILES    = 
  CONFIG_HEADERS  = 
  CONFIG_LINKS    = 
  CONFIG_COMMANDS = 
  $ ./config.status 

on ip-172-31-5-17

config.status:889: creating Makefile
config.status:889: creating bc/Makefile
config.status:889: creating dc/Makefile
config.status:889: creating lib/Makefile
config.status:889: creating doc/Makefile
config.status:889: creating doc/texi-ver.incl
config.status:889: creating config.h
config.status:1118: executing depfiles commands

## ---------------- ##
## Cache variables. ##
## ---------------- ##

ac_cv_c_compiler_gnu=yes
ac_cv_c_const=yes
ac_cv_env_CC_set=
ac_cv_env_CC_value=
ac_cv_env_CFLAGS_set=
ac_cv_env_CFLAGS_value=
ac_cv_env_CPPFLAGS_set=
ac_cv_env_CPPFLAGS_value=
ac_cv_env_CPP_set=
ac_cv_env_CPP_value=
ac_cv_env_LDFLAGS_set=
ac_cv_env_LDFLAGS_value=
ac_cv_env_LIBS_set=
ac_cv_env_LIBS_value=
ac_cv_env_YACC_set=
ac_cv_env_YACC_value=
ac_cv_env_YFLAGS_set=
ac_cv_env_YFLAGS_value=
ac_cv_env_build_alias_set=
ac_cv_env_build_alias_value=
ac_cv_env_host_alias_set=
ac_cv_env_host_alias_value=
ac_cv_env_target_alias_set=
ac_cv_env_target_alias_value=
ac_cv_func__doprnt=no
ac_cv_func_fstat=yes
ac_cv_func_isgraph=yes
ac_cv_func_setvbuf=yes
ac_cv_func_strtol=yes
ac_cv_func_vprintf=yes
ac_cv_header_errno_h=yes
ac_cv_header_inttypes_h=yes
ac_cv_header_lib_h=no
ac_cv_header_limits_h=yes
ac_cv_header_memory_h=yes
ac_cv_header_minix_config_h=no
ac_cv_header_readline_readline_h=yes
ac_cv_header_stdarg_h=yes
ac_cv_header_stdc=yes
ac_cv_header_stddef_h=yes
ac_cv_header_stdint_h=yes
ac_cv_header_stdlib_h=yes
ac_cv_header_string_h=yes
ac_cv_header_strings_h=yes
ac_cv_header_sys_stat_h=yes
ac_cv_header_sys_types_h=yes
ac_cv_header_unistd_h=yes
ac_cv_lib_ncurses_tparm=no
ac_cv_lib_readline_readline=yes
ac_cv_lib_termcap_tgetent=no
ac_cv_objext=o
ac_cv_path_EGREP='/tools/bin/grep -E'
ac_cv_path_GREP=/tools/bin/grep
ac_cv_path_install='/usr/bin/install -c'
ac_cv_path_mkdir=/tools/bin/mkdir
ac_cv_prog_AWK=gawk
ac_cv_prog_CPP='gcc -E'
ac_cv_prog_YACC='bison -y'
ac_cv_prog_ac_ct_AR=ar
ac_cv_prog_ac_ct_CC=gcc
ac_cv_prog_ac_ct_RANLIB=ranlib
ac_cv_prog_cc_c89=
ac_cv_prog_cc_g=yes
ac_cv_prog_make_make_set=yes
ac_cv_safe_to_define___extensions__=yes
ac_cv_type_ptrdiff_t=yes
ac_cv_type_size_t=yes
am_cv_CC_dependencies_compiler_type=gcc3
am_cv_ar_interface=ar
am_cv_make_support_nested_variables=yes
am_cv_prog_cc_c_o=yes

## ----------------- ##
## Output variables. ##
## ----------------- ##

ACLOCAL='${SHELL} /sources/bc-1.07.1/missing aclocal-1.14'
AMDEPBACKSLASH='\'
AMDEP_FALSE='#'
AMDEP_TRUE=''
AMTAR='$${TAR-tar}'
AM_BACKSLASH='\'
AM_DEFAULT_V='$(AM_DEFAULT_VERBOSITY)'
AM_DEFAULT_VERBOSITY='1'
AM_V='$(V)'
AR='ar'
AUTOCONF='${SHELL} /sources/bc-1.07.1/missing autoconf'
AUTOHEADER='${SHELL} /sources/bc-1.07.1/missing autoheader'
AUTOMAKE='${SHELL} /sources/bc-1.07.1/missing automake-1.14'
AWK='gawk'
BC_VERSION='1.07.1'
CC='gcc'
CCDEPMODE='depmode=gcc3'
CFLAGS='-g -O2 -Wall -funsigned-char'
CPP='gcc -E'
CPPFLAGS=''
CYGPATH_W='echo'
DC_VERSION='1.4.1'
DEFS='-DHAVE_CONFIG_H'
DEPDIR='.deps'
ECHO_C=''
ECHO_N='-n'
ECHO_T=''
EGREP='/tools/bin/grep -E'
EXEEXT=''
GREP='/tools/bin/grep'
INSTALL_DATA='${INSTALL} -m 644'
INSTALL_PROGRAM='${INSTALL}'
INSTALL_SCRIPT='${INSTALL}'
INSTALL_STRIP_PROGRAM='$(install_sh) -c -s'
LDFLAGS=''
LEX='${SHELL} /sources/bc-1.07.1/missing flex'
LEXLIB=''
LEX_OUTPUT_ROOT=''
LIBOBJS=''
LIBS=''
LTLIBOBJS=''
MAKEINFO='${SHELL} /sources/bc-1.07.1/missing makeinfo'
MKDIR_P='/tools/bin/mkdir -p'
OBJEXT='o'
PACKAGE='bc'
PACKAGE_BUGREPORT=''
PACKAGE_NAME='bc'
PACKAGE_STRING='bc 1.07.1'
PACKAGE_TARNAME='bc'
PACKAGE_URL=''
PACKAGE_VERSION='1.07.1'
PATH_SEPARATOR=':'
RANLIB='ranlib'
READLINELIB='-lreadline '
SET_MAKE=''
SHELL='/bin/sh'
STRIP=''
VERSION='1.07.1'
YACC='bison -y'
YFLAGS=''
ac_ct_AR='ar'
ac_ct_CC='gcc'
am__EXEEXT_FALSE=''
am__EXEEXT_TRUE='#'
am__fastdepCC_FALSE='#'
am__fastdepCC_TRUE=''
am__include='include'
am__isrc=''
am__leading_dot='.'
am__nodep='_no'
am__quote=''
am__tar='$${TAR-tar} chof - "$$tardir"'
am__untar='$${TAR-tar} xf -'
bindir='${exec_prefix}/bin'
build_alias=''
datadir='${datarootdir}'
datarootdir='${prefix}/share'
docdir='${datarootdir}/doc/${PACKAGE_TARNAME}'
dvidir='${docdir}'
exec_prefix='${prefix}'
host_alias=''
htmldir='${docdir}'
includedir='${prefix}/include'
infodir='/usr/share/info'
install_sh='${SHELL} /sources/bc-1.07.1/install-sh'
libdir='${exec_prefix}/lib'
libexecdir='${exec_prefix}/libexec'
localedir='${datarootdir}/locale'
localstatedir='${prefix}/var'
mandir='/usr/share/man'
mkdir_p='$(MKDIR_P)'
oldincludedir='/usr/include'
pdfdir='${docdir}'
prefix='/usr'
program_transform_name='s,x,x,'
psdir='${docdir}'
sbindir='${exec_prefix}/sbin'
sharedstatedir='${prefix}/com'
sysconfdir='${prefix}/etc'
target_alias=''

## ----------- ##
## confdefs.h. ##
## ----------- ##

/* confdefs.h */
#define PACKAGE_NAME "bc"
#define PACKAGE_TARNAME "bc"
#define PACKAGE_VERSION "1.07.1"
#define PACKAGE_STRING "bc 1.07.1"
#define PACKAGE_BUGREPORT ""
#define PACKAGE_URL ""
#define PACKAGE "bc"
#define VERSION "1.07.1"
#define DC_VERSION "1.4.1"
#define BC_COPYRIGHT "Copyright 1991-1994, 1997, 1998, 2000, 2004, 2006, 2008, 2012-2017 Free Software Foundation, Inc."
#define DC_COPYRIGHT "Copyright 1994, 1997, 1998, 2000, 2001, 2003-2006, 2008, 2010, 2012-2017 Free Software Foundation, Inc."
#define STDC_HEADERS 1
#define HAVE_SYS_TYPES_H 1
#define HAVE_SYS_STAT_H 1
#define HAVE_STDLIB_H 1
#define HAVE_STRING_H 1
#define HAVE_MEMORY_H 1
#define HAVE_STRINGS_H 1
#define HAVE_INTTYPES_H 1
#define HAVE_STDINT_H 1
#define HAVE_UNISTD_H 1
#define __EXTENSIONS__ 1
#define _ALL_SOURCE 1
#define _GNU_SOURCE 1
#define _POSIX_PTHREAD_SEMANTICS 1
#define _TANDEM_SOURCE 1
#define HAVE_STDARG_H 1
#define HAVE_STDDEF_H 1
#define HAVE_STDLIB_H 1
#define HAVE_STRING_H 1
#define HAVE_ERRNO_H 1
#define HAVE_LIMITS_H 1
#define HAVE_UNISTD_H 1
#define HAVE_VPRINTF 1
#define HAVE_ISGRAPH 1
#define HAVE_SETVBUF 1
#define HAVE_FSTAT 1
#define HAVE_STRTOL 1
#define READLINE 1

configure: exit 0
